[2024-09-18T11:54:04.237+0100] {processor.py:186} INFO - Started process (PID=9446) to work on /Users/ds2718/Documents/test_python_airflow/airflow/py_venv/lib/python3.12/site-packages/airflow/example_dags/example_task_group_decorator.py
[2024-09-18T11:54:04.238+0100] {processor.py:914} INFO - Processing file /Users/ds2718/Documents/test_python_airflow/airflow/py_venv/lib/python3.12/site-packages/airflow/example_dags/example_task_group_decorator.py for tasks to queue
[2024-09-18T11:54:04.238+0100] {logging_mixin.py:190} INFO - [2024-09-18T11:54:04.238+0100] {dagbag.py:587} INFO - Filling up the DagBag from /Users/ds2718/Documents/test_python_airflow/airflow/py_venv/lib/python3.12/site-packages/airflow/example_dags/example_task_group_decorator.py
[2024-09-18T11:54:04.262+0100] {processor.py:925} INFO - DAG(s) 'example_task_group_decorator' retrieved from /Users/ds2718/Documents/test_python_airflow/airflow/py_venv/lib/python3.12/site-packages/airflow/example_dags/example_task_group_decorator.py
[2024-09-18T11:54:04.392+0100] {logging_mixin.py:190} INFO - [2024-09-18T11:54:04.392+0100] {override.py:1900} INFO - Created Permission View: can edit on DAG:example_task_group_decorator
[2024-09-18T11:54:04.395+0100] {logging_mixin.py:190} INFO - [2024-09-18T11:54:04.395+0100] {override.py:1900} INFO - Created Permission View: can read on DAG:example_task_group_decorator
[2024-09-18T11:54:04.398+0100] {logging_mixin.py:190} INFO - [2024-09-18T11:54:04.397+0100] {override.py:1900} INFO - Created Permission View: can delete on DAG:example_task_group_decorator
[2024-09-18T11:54:04.400+0100] {logging_mixin.py:190} INFO - [2024-09-18T11:54:04.400+0100] {override.py:1900} INFO - Created Permission View: menu access on DAG Run:example_task_group_decorator
[2024-09-18T11:54:04.402+0100] {logging_mixin.py:190} INFO - [2024-09-18T11:54:04.402+0100] {override.py:1900} INFO - Created Permission View: can read on DAG Run:example_task_group_decorator
[2024-09-18T11:54:04.404+0100] {logging_mixin.py:190} INFO - [2024-09-18T11:54:04.404+0100] {override.py:1900} INFO - Created Permission View: can create on DAG Run:example_task_group_decorator
[2024-09-18T11:54:04.417+0100] {logging_mixin.py:190} INFO - [2024-09-18T11:54:04.417+0100] {override.py:1900} INFO - Created Permission View: can delete on DAG Run:example_task_group_decorator
[2024-09-18T11:54:04.417+0100] {logging_mixin.py:190} INFO - [2024-09-18T11:54:04.417+0100] {dag.py:3229} INFO - Sync 1 DAGs
[2024-09-18T11:54:04.423+0100] {logging_mixin.py:190} INFO - [2024-09-18T11:54:04.423+0100] {dag.py:3252} INFO - Creating ORM DAG for example_task_group_decorator
[2024-09-18T11:54:04.423+0100] {logging_mixin.py:190} INFO - [2024-09-18T11:54:04.423+0100] {dag.py:4156} INFO - Setting next_dagrun for example_task_group_decorator to None, run_after=None
[2024-09-18T11:54:04.429+0100] {processor.py:208} INFO - Processing /Users/ds2718/Documents/test_python_airflow/airflow/py_venv/lib/python3.12/site-packages/airflow/example_dags/example_task_group_decorator.py took 0.197 seconds
[2024-09-18T11:54:38.084+0100] {processor.py:186} INFO - Started process (PID=9595) to work on /Users/ds2718/Documents/test_python_airflow/airflow/py_venv/lib/python3.12/site-packages/airflow/example_dags/example_task_group_decorator.py
[2024-09-18T11:54:38.084+0100] {processor.py:914} INFO - Processing file /Users/ds2718/Documents/test_python_airflow/airflow/py_venv/lib/python3.12/site-packages/airflow/example_dags/example_task_group_decorator.py for tasks to queue
[2024-09-18T11:54:38.085+0100] {logging_mixin.py:190} INFO - [2024-09-18T11:54:38.085+0100] {dagbag.py:587} INFO - Filling up the DagBag from /Users/ds2718/Documents/test_python_airflow/airflow/py_venv/lib/python3.12/site-packages/airflow/example_dags/example_task_group_decorator.py
[2024-09-18T11:54:38.102+0100] {processor.py:925} INFO - DAG(s) 'example_task_group_decorator' retrieved from /Users/ds2718/Documents/test_python_airflow/airflow/py_venv/lib/python3.12/site-packages/airflow/example_dags/example_task_group_decorator.py
[2024-09-18T11:54:38.151+0100] {logging_mixin.py:190} INFO - [2024-09-18T11:54:38.151+0100] {dag.py:3229} INFO - Sync 1 DAGs
[2024-09-18T11:54:38.157+0100] {logging_mixin.py:190} INFO - [2024-09-18T11:54:38.157+0100] {dag.py:4156} INFO - Setting next_dagrun for example_task_group_decorator to None, run_after=None
[2024-09-18T11:54:38.198+0100] {processor.py:208} INFO - Processing /Users/ds2718/Documents/test_python_airflow/airflow/py_venv/lib/python3.12/site-packages/airflow/example_dags/example_task_group_decorator.py took 0.116 seconds
[2024-09-18T11:55:13.434+0100] {processor.py:186} INFO - Started process (PID=9815) to work on /Users/ds2718/Documents/test_python_airflow/airflow/py_venv/lib/python3.12/site-packages/airflow/example_dags/example_task_group_decorator.py
[2024-09-18T11:55:13.434+0100] {processor.py:914} INFO - Processing file /Users/ds2718/Documents/test_python_airflow/airflow/py_venv/lib/python3.12/site-packages/airflow/example_dags/example_task_group_decorator.py for tasks to queue
[2024-09-18T11:55:13.435+0100] {logging_mixin.py:190} INFO - [2024-09-18T11:55:13.434+0100] {dagbag.py:587} INFO - Filling up the DagBag from /Users/ds2718/Documents/test_python_airflow/airflow/py_venv/lib/python3.12/site-packages/airflow/example_dags/example_task_group_decorator.py
[2024-09-18T11:55:13.455+0100] {processor.py:925} INFO - DAG(s) 'example_task_group_decorator' retrieved from /Users/ds2718/Documents/test_python_airflow/airflow/py_venv/lib/python3.12/site-packages/airflow/example_dags/example_task_group_decorator.py
[2024-09-18T11:55:13.497+0100] {logging_mixin.py:190} INFO - [2024-09-18T11:55:13.497+0100] {dag.py:3229} INFO - Sync 1 DAGs
[2024-09-18T11:55:13.505+0100] {logging_mixin.py:190} INFO - [2024-09-18T11:55:13.505+0100] {dag.py:4156} INFO - Setting next_dagrun for example_task_group_decorator to None, run_after=None
[2024-09-18T11:55:13.536+0100] {processor.py:208} INFO - Processing /Users/ds2718/Documents/test_python_airflow/airflow/py_venv/lib/python3.12/site-packages/airflow/example_dags/example_task_group_decorator.py took 0.109 seconds
[2024-09-18T11:55:46.194+0100] {processor.py:186} INFO - Started process (PID=10009) to work on /Users/ds2718/Documents/test_python_airflow/airflow/py_venv/lib/python3.12/site-packages/airflow/example_dags/example_task_group_decorator.py
[2024-09-18T11:55:46.195+0100] {processor.py:914} INFO - Processing file /Users/ds2718/Documents/test_python_airflow/airflow/py_venv/lib/python3.12/site-packages/airflow/example_dags/example_task_group_decorator.py for tasks to queue
[2024-09-18T11:55:46.196+0100] {logging_mixin.py:190} INFO - [2024-09-18T11:55:46.196+0100] {dagbag.py:587} INFO - Filling up the DagBag from /Users/ds2718/Documents/test_python_airflow/airflow/py_venv/lib/python3.12/site-packages/airflow/example_dags/example_task_group_decorator.py
[2024-09-18T11:55:46.220+0100] {processor.py:925} INFO - DAG(s) 'example_task_group_decorator' retrieved from /Users/ds2718/Documents/test_python_airflow/airflow/py_venv/lib/python3.12/site-packages/airflow/example_dags/example_task_group_decorator.py
[2024-09-18T11:55:46.264+0100] {logging_mixin.py:190} INFO - [2024-09-18T11:55:46.263+0100] {dag.py:3229} INFO - Sync 1 DAGs
[2024-09-18T11:55:46.277+0100] {logging_mixin.py:190} INFO - [2024-09-18T11:55:46.277+0100] {dag.py:4156} INFO - Setting next_dagrun for example_task_group_decorator to None, run_after=None
[2024-09-18T11:55:46.310+0100] {processor.py:208} INFO - Processing /Users/ds2718/Documents/test_python_airflow/airflow/py_venv/lib/python3.12/site-packages/airflow/example_dags/example_task_group_decorator.py took 0.120 seconds
[2024-09-18T11:56:20.768+0100] {processor.py:186} INFO - Started process (PID=10141) to work on /Users/ds2718/Documents/test_python_airflow/airflow/py_venv/lib/python3.12/site-packages/airflow/example_dags/example_task_group_decorator.py
[2024-09-18T11:56:20.768+0100] {processor.py:914} INFO - Processing file /Users/ds2718/Documents/test_python_airflow/airflow/py_venv/lib/python3.12/site-packages/airflow/example_dags/example_task_group_decorator.py for tasks to queue
[2024-09-18T11:56:20.769+0100] {logging_mixin.py:190} INFO - [2024-09-18T11:56:20.769+0100] {dagbag.py:587} INFO - Filling up the DagBag from /Users/ds2718/Documents/test_python_airflow/airflow/py_venv/lib/python3.12/site-packages/airflow/example_dags/example_task_group_decorator.py
[2024-09-18T11:56:20.788+0100] {processor.py:925} INFO - DAG(s) 'example_task_group_decorator' retrieved from /Users/ds2718/Documents/test_python_airflow/airflow/py_venv/lib/python3.12/site-packages/airflow/example_dags/example_task_group_decorator.py
[2024-09-18T11:56:20.831+0100] {logging_mixin.py:190} INFO - [2024-09-18T11:56:20.831+0100] {dag.py:3229} INFO - Sync 1 DAGs
[2024-09-18T11:56:20.839+0100] {logging_mixin.py:190} INFO - [2024-09-18T11:56:20.839+0100] {dag.py:4156} INFO - Setting next_dagrun for example_task_group_decorator to None, run_after=None
[2024-09-18T11:56:20.875+0100] {processor.py:208} INFO - Processing /Users/ds2718/Documents/test_python_airflow/airflow/py_venv/lib/python3.12/site-packages/airflow/example_dags/example_task_group_decorator.py took 0.113 seconds
[2024-09-18T11:56:52.589+0100] {processor.py:186} INFO - Started process (PID=10315) to work on /Users/ds2718/Documents/test_python_airflow/airflow/py_venv/lib/python3.12/site-packages/airflow/example_dags/example_task_group_decorator.py
[2024-09-18T11:56:52.589+0100] {processor.py:914} INFO - Processing file /Users/ds2718/Documents/test_python_airflow/airflow/py_venv/lib/python3.12/site-packages/airflow/example_dags/example_task_group_decorator.py for tasks to queue
[2024-09-18T11:56:52.589+0100] {logging_mixin.py:190} INFO - [2024-09-18T11:56:52.589+0100] {dagbag.py:587} INFO - Filling up the DagBag from /Users/ds2718/Documents/test_python_airflow/airflow/py_venv/lib/python3.12/site-packages/airflow/example_dags/example_task_group_decorator.py
[2024-09-18T11:56:52.607+0100] {processor.py:925} INFO - DAG(s) 'example_task_group_decorator' retrieved from /Users/ds2718/Documents/test_python_airflow/airflow/py_venv/lib/python3.12/site-packages/airflow/example_dags/example_task_group_decorator.py
[2024-09-18T11:56:52.646+0100] {logging_mixin.py:190} INFO - [2024-09-18T11:56:52.646+0100] {dag.py:3229} INFO - Sync 1 DAGs
[2024-09-18T11:56:52.664+0100] {logging_mixin.py:190} INFO - [2024-09-18T11:56:52.664+0100] {dag.py:4156} INFO - Setting next_dagrun for example_task_group_decorator to None, run_after=None
[2024-09-18T11:56:52.698+0100] {processor.py:208} INFO - Processing /Users/ds2718/Documents/test_python_airflow/airflow/py_venv/lib/python3.12/site-packages/airflow/example_dags/example_task_group_decorator.py took 0.112 seconds
[2024-09-18T11:57:25.676+0100] {processor.py:186} INFO - Started process (PID=10464) to work on /Users/ds2718/Documents/test_python_airflow/airflow/py_venv/lib/python3.12/site-packages/airflow/example_dags/example_task_group_decorator.py
[2024-09-18T11:57:25.677+0100] {processor.py:914} INFO - Processing file /Users/ds2718/Documents/test_python_airflow/airflow/py_venv/lib/python3.12/site-packages/airflow/example_dags/example_task_group_decorator.py for tasks to queue
[2024-09-18T11:57:25.677+0100] {logging_mixin.py:190} INFO - [2024-09-18T11:57:25.677+0100] {dagbag.py:587} INFO - Filling up the DagBag from /Users/ds2718/Documents/test_python_airflow/airflow/py_venv/lib/python3.12/site-packages/airflow/example_dags/example_task_group_decorator.py
[2024-09-18T11:57:25.700+0100] {processor.py:925} INFO - DAG(s) 'example_task_group_decorator' retrieved from /Users/ds2718/Documents/test_python_airflow/airflow/py_venv/lib/python3.12/site-packages/airflow/example_dags/example_task_group_decorator.py
[2024-09-18T11:57:25.741+0100] {logging_mixin.py:190} INFO - [2024-09-18T11:57:25.741+0100] {dag.py:3229} INFO - Sync 1 DAGs
[2024-09-18T11:57:25.760+0100] {logging_mixin.py:190} INFO - [2024-09-18T11:57:25.760+0100] {dag.py:4156} INFO - Setting next_dagrun for example_task_group_decorator to None, run_after=None
[2024-09-18T11:57:25.802+0100] {processor.py:208} INFO - Processing /Users/ds2718/Documents/test_python_airflow/airflow/py_venv/lib/python3.12/site-packages/airflow/example_dags/example_task_group_decorator.py took 0.132 seconds
[2024-09-18T11:57:59.716+0100] {processor.py:186} INFO - Started process (PID=10672) to work on /Users/ds2718/Documents/test_python_airflow/airflow/py_venv/lib/python3.12/site-packages/airflow/example_dags/example_task_group_decorator.py
[2024-09-18T11:57:59.717+0100] {processor.py:914} INFO - Processing file /Users/ds2718/Documents/test_python_airflow/airflow/py_venv/lib/python3.12/site-packages/airflow/example_dags/example_task_group_decorator.py for tasks to queue
[2024-09-18T11:57:59.717+0100] {logging_mixin.py:190} INFO - [2024-09-18T11:57:59.717+0100] {dagbag.py:587} INFO - Filling up the DagBag from /Users/ds2718/Documents/test_python_airflow/airflow/py_venv/lib/python3.12/site-packages/airflow/example_dags/example_task_group_decorator.py
[2024-09-18T11:57:59.735+0100] {processor.py:925} INFO - DAG(s) 'example_task_group_decorator' retrieved from /Users/ds2718/Documents/test_python_airflow/airflow/py_venv/lib/python3.12/site-packages/airflow/example_dags/example_task_group_decorator.py
[2024-09-18T11:57:59.788+0100] {logging_mixin.py:190} INFO - [2024-09-18T11:57:59.788+0100] {dag.py:3229} INFO - Sync 1 DAGs
[2024-09-18T11:57:59.806+0100] {logging_mixin.py:190} INFO - [2024-09-18T11:57:59.806+0100] {dag.py:4156} INFO - Setting next_dagrun for example_task_group_decorator to None, run_after=None
[2024-09-18T11:57:59.847+0100] {processor.py:208} INFO - Processing /Users/ds2718/Documents/test_python_airflow/airflow/py_venv/lib/python3.12/site-packages/airflow/example_dags/example_task_group_decorator.py took 0.136 seconds
[2024-09-18T11:58:34.592+0100] {processor.py:186} INFO - Started process (PID=10857) to work on /Users/ds2718/Documents/test_python_airflow/airflow/py_venv/lib/python3.12/site-packages/airflow/example_dags/example_task_group_decorator.py
[2024-09-18T11:58:34.592+0100] {processor.py:914} INFO - Processing file /Users/ds2718/Documents/test_python_airflow/airflow/py_venv/lib/python3.12/site-packages/airflow/example_dags/example_task_group_decorator.py for tasks to queue
[2024-09-18T11:58:34.593+0100] {logging_mixin.py:190} INFO - [2024-09-18T11:58:34.592+0100] {dagbag.py:587} INFO - Filling up the DagBag from /Users/ds2718/Documents/test_python_airflow/airflow/py_venv/lib/python3.12/site-packages/airflow/example_dags/example_task_group_decorator.py
[2024-09-18T11:58:34.613+0100] {processor.py:925} INFO - DAG(s) 'example_task_group_decorator' retrieved from /Users/ds2718/Documents/test_python_airflow/airflow/py_venv/lib/python3.12/site-packages/airflow/example_dags/example_task_group_decorator.py
[2024-09-18T11:58:34.665+0100] {logging_mixin.py:190} INFO - [2024-09-18T11:58:34.665+0100] {dag.py:3229} INFO - Sync 1 DAGs
[2024-09-18T11:58:34.671+0100] {logging_mixin.py:190} INFO - [2024-09-18T11:58:34.671+0100] {dag.py:4156} INFO - Setting next_dagrun for example_task_group_decorator to None, run_after=None
[2024-09-18T11:58:34.706+0100] {processor.py:208} INFO - Processing /Users/ds2718/Documents/test_python_airflow/airflow/py_venv/lib/python3.12/site-packages/airflow/example_dags/example_task_group_decorator.py took 0.119 seconds
[2024-09-18T11:59:09.797+0100] {processor.py:186} INFO - Started process (PID=11053) to work on /Users/ds2718/Documents/test_python_airflow/airflow/py_venv/lib/python3.12/site-packages/airflow/example_dags/example_task_group_decorator.py
[2024-09-18T11:59:09.797+0100] {processor.py:914} INFO - Processing file /Users/ds2718/Documents/test_python_airflow/airflow/py_venv/lib/python3.12/site-packages/airflow/example_dags/example_task_group_decorator.py for tasks to queue
[2024-09-18T11:59:09.797+0100] {logging_mixin.py:190} INFO - [2024-09-18T11:59:09.797+0100] {dagbag.py:587} INFO - Filling up the DagBag from /Users/ds2718/Documents/test_python_airflow/airflow/py_venv/lib/python3.12/site-packages/airflow/example_dags/example_task_group_decorator.py
[2024-09-18T11:59:09.816+0100] {processor.py:925} INFO - DAG(s) 'example_task_group_decorator' retrieved from /Users/ds2718/Documents/test_python_airflow/airflow/py_venv/lib/python3.12/site-packages/airflow/example_dags/example_task_group_decorator.py
[2024-09-18T11:59:09.856+0100] {logging_mixin.py:190} INFO - [2024-09-18T11:59:09.856+0100] {dag.py:3229} INFO - Sync 1 DAGs
[2024-09-18T11:59:09.863+0100] {logging_mixin.py:190} INFO - [2024-09-18T11:59:09.863+0100] {dag.py:4156} INFO - Setting next_dagrun for example_task_group_decorator to None, run_after=None
[2024-09-18T11:59:09.905+0100] {processor.py:208} INFO - Processing /Users/ds2718/Documents/test_python_airflow/airflow/py_venv/lib/python3.12/site-packages/airflow/example_dags/example_task_group_decorator.py took 0.114 seconds
[2024-09-18T11:59:43.263+0100] {processor.py:186} INFO - Started process (PID=11219) to work on /Users/ds2718/Documents/test_python_airflow/airflow/py_venv/lib/python3.12/site-packages/airflow/example_dags/example_task_group_decorator.py
[2024-09-18T11:59:43.264+0100] {processor.py:914} INFO - Processing file /Users/ds2718/Documents/test_python_airflow/airflow/py_venv/lib/python3.12/site-packages/airflow/example_dags/example_task_group_decorator.py for tasks to queue
[2024-09-18T11:59:43.264+0100] {logging_mixin.py:190} INFO - [2024-09-18T11:59:43.264+0100] {dagbag.py:587} INFO - Filling up the DagBag from /Users/ds2718/Documents/test_python_airflow/airflow/py_venv/lib/python3.12/site-packages/airflow/example_dags/example_task_group_decorator.py
[2024-09-18T11:59:43.283+0100] {processor.py:925} INFO - DAG(s) 'example_task_group_decorator' retrieved from /Users/ds2718/Documents/test_python_airflow/airflow/py_venv/lib/python3.12/site-packages/airflow/example_dags/example_task_group_decorator.py
[2024-09-18T11:59:43.323+0100] {logging_mixin.py:190} INFO - [2024-09-18T11:59:43.323+0100] {dag.py:3229} INFO - Sync 1 DAGs
[2024-09-18T11:59:43.329+0100] {logging_mixin.py:190} INFO - [2024-09-18T11:59:43.329+0100] {dag.py:4156} INFO - Setting next_dagrun for example_task_group_decorator to None, run_after=None
[2024-09-18T11:59:43.363+0100] {processor.py:208} INFO - Processing /Users/ds2718/Documents/test_python_airflow/airflow/py_venv/lib/python3.12/site-packages/airflow/example_dags/example_task_group_decorator.py took 0.105 seconds
[2024-09-18T12:00:16.025+0100] {processor.py:186} INFO - Started process (PID=11436) to work on /Users/ds2718/Documents/test_python_airflow/airflow/py_venv/lib/python3.12/site-packages/airflow/example_dags/example_task_group_decorator.py
[2024-09-18T12:00:16.026+0100] {processor.py:914} INFO - Processing file /Users/ds2718/Documents/test_python_airflow/airflow/py_venv/lib/python3.12/site-packages/airflow/example_dags/example_task_group_decorator.py for tasks to queue
[2024-09-18T12:00:16.026+0100] {logging_mixin.py:190} INFO - [2024-09-18T12:00:16.026+0100] {dagbag.py:587} INFO - Filling up the DagBag from /Users/ds2718/Documents/test_python_airflow/airflow/py_venv/lib/python3.12/site-packages/airflow/example_dags/example_task_group_decorator.py
[2024-09-18T12:00:16.046+0100] {processor.py:925} INFO - DAG(s) 'example_task_group_decorator' retrieved from /Users/ds2718/Documents/test_python_airflow/airflow/py_venv/lib/python3.12/site-packages/airflow/example_dags/example_task_group_decorator.py
[2024-09-18T12:00:16.090+0100] {logging_mixin.py:190} INFO - [2024-09-18T12:00:16.090+0100] {dag.py:3229} INFO - Sync 1 DAGs
[2024-09-18T12:00:16.110+0100] {logging_mixin.py:190} INFO - [2024-09-18T12:00:16.110+0100] {dag.py:4156} INFO - Setting next_dagrun for example_task_group_decorator to None, run_after=None
[2024-09-18T12:00:16.150+0100] {processor.py:208} INFO - Processing /Users/ds2718/Documents/test_python_airflow/airflow/py_venv/lib/python3.12/site-packages/airflow/example_dags/example_task_group_decorator.py took 0.130 seconds
[2024-09-18T12:00:49.285+0100] {processor.py:186} INFO - Started process (PID=11604) to work on /Users/ds2718/Documents/test_python_airflow/airflow/py_venv/lib/python3.12/site-packages/airflow/example_dags/example_task_group_decorator.py
[2024-09-18T12:00:49.285+0100] {processor.py:914} INFO - Processing file /Users/ds2718/Documents/test_python_airflow/airflow/py_venv/lib/python3.12/site-packages/airflow/example_dags/example_task_group_decorator.py for tasks to queue
[2024-09-18T12:00:49.286+0100] {logging_mixin.py:190} INFO - [2024-09-18T12:00:49.286+0100] {dagbag.py:587} INFO - Filling up the DagBag from /Users/ds2718/Documents/test_python_airflow/airflow/py_venv/lib/python3.12/site-packages/airflow/example_dags/example_task_group_decorator.py
[2024-09-18T12:00:49.303+0100] {processor.py:925} INFO - DAG(s) 'example_task_group_decorator' retrieved from /Users/ds2718/Documents/test_python_airflow/airflow/py_venv/lib/python3.12/site-packages/airflow/example_dags/example_task_group_decorator.py
[2024-09-18T12:00:49.344+0100] {logging_mixin.py:190} INFO - [2024-09-18T12:00:49.344+0100] {dag.py:3229} INFO - Sync 1 DAGs
[2024-09-18T12:00:49.351+0100] {logging_mixin.py:190} INFO - [2024-09-18T12:00:49.351+0100] {dag.py:4156} INFO - Setting next_dagrun for example_task_group_decorator to None, run_after=None
[2024-09-18T12:00:49.387+0100] {processor.py:208} INFO - Processing /Users/ds2718/Documents/test_python_airflow/airflow/py_venv/lib/python3.12/site-packages/airflow/example_dags/example_task_group_decorator.py took 0.108 seconds
[2024-09-18T12:01:32.117+0100] {processor.py:186} INFO - Started process (PID=11813) to work on /Users/ds2718/Documents/test_python_airflow/airflow/py_venv/lib/python3.12/site-packages/airflow/example_dags/example_task_group_decorator.py
[2024-09-18T12:01:32.118+0100] {processor.py:914} INFO - Processing file /Users/ds2718/Documents/test_python_airflow/airflow/py_venv/lib/python3.12/site-packages/airflow/example_dags/example_task_group_decorator.py for tasks to queue
[2024-09-18T12:01:32.118+0100] {logging_mixin.py:190} INFO - [2024-09-18T12:01:32.118+0100] {dagbag.py:587} INFO - Filling up the DagBag from /Users/ds2718/Documents/test_python_airflow/airflow/py_venv/lib/python3.12/site-packages/airflow/example_dags/example_task_group_decorator.py
[2024-09-18T12:01:32.145+0100] {processor.py:925} INFO - DAG(s) 'example_task_group_decorator' retrieved from /Users/ds2718/Documents/test_python_airflow/airflow/py_venv/lib/python3.12/site-packages/airflow/example_dags/example_task_group_decorator.py
[2024-09-18T12:01:32.184+0100] {logging_mixin.py:190} INFO - [2024-09-18T12:01:32.184+0100] {dag.py:3229} INFO - Sync 1 DAGs
[2024-09-18T12:01:32.190+0100] {logging_mixin.py:190} INFO - [2024-09-18T12:01:32.190+0100] {dag.py:4156} INFO - Setting next_dagrun for example_task_group_decorator to None, run_after=None
[2024-09-18T12:01:32.218+0100] {processor.py:208} INFO - Processing /Users/ds2718/Documents/test_python_airflow/airflow/py_venv/lib/python3.12/site-packages/airflow/example_dags/example_task_group_decorator.py took 0.106 seconds
[2024-09-18T12:06:29.092+0100] {processor.py:186} INFO - Started process (PID=11998) to work on /Users/ds2718/Documents/test_python_airflow/airflow/py_venv/lib/python3.12/site-packages/airflow/example_dags/example_task_group_decorator.py
[2024-09-18T12:06:29.093+0100] {processor.py:914} INFO - Processing file /Users/ds2718/Documents/test_python_airflow/airflow/py_venv/lib/python3.12/site-packages/airflow/example_dags/example_task_group_decorator.py for tasks to queue
[2024-09-18T12:06:29.093+0100] {logging_mixin.py:190} INFO - [2024-09-18T12:06:29.093+0100] {dagbag.py:587} INFO - Filling up the DagBag from /Users/ds2718/Documents/test_python_airflow/airflow/py_venv/lib/python3.12/site-packages/airflow/example_dags/example_task_group_decorator.py
[2024-09-18T12:06:29.114+0100] {processor.py:925} INFO - DAG(s) 'example_task_group_decorator' retrieved from /Users/ds2718/Documents/test_python_airflow/airflow/py_venv/lib/python3.12/site-packages/airflow/example_dags/example_task_group_decorator.py
[2024-09-18T12:06:29.157+0100] {logging_mixin.py:190} INFO - [2024-09-18T12:06:29.157+0100] {dag.py:3229} INFO - Sync 1 DAGs
[2024-09-18T12:06:29.165+0100] {logging_mixin.py:190} INFO - [2024-09-18T12:06:29.164+0100] {dag.py:4156} INFO - Setting next_dagrun for example_task_group_decorator to None, run_after=None
[2024-09-18T12:06:29.200+0100] {processor.py:208} INFO - Processing /Users/ds2718/Documents/test_python_airflow/airflow/py_venv/lib/python3.12/site-packages/airflow/example_dags/example_task_group_decorator.py took 0.114 seconds
[2024-09-18T12:07:03.207+0100] {processor.py:186} INFO - Started process (PID=12147) to work on /Users/ds2718/Documents/test_python_airflow/airflow/py_venv/lib/python3.12/site-packages/airflow/example_dags/example_task_group_decorator.py
[2024-09-18T12:07:03.208+0100] {processor.py:914} INFO - Processing file /Users/ds2718/Documents/test_python_airflow/airflow/py_venv/lib/python3.12/site-packages/airflow/example_dags/example_task_group_decorator.py for tasks to queue
[2024-09-18T12:07:03.209+0100] {logging_mixin.py:190} INFO - [2024-09-18T12:07:03.209+0100] {dagbag.py:587} INFO - Filling up the DagBag from /Users/ds2718/Documents/test_python_airflow/airflow/py_venv/lib/python3.12/site-packages/airflow/example_dags/example_task_group_decorator.py
[2024-09-18T12:07:03.231+0100] {processor.py:925} INFO - DAG(s) 'example_task_group_decorator' retrieved from /Users/ds2718/Documents/test_python_airflow/airflow/py_venv/lib/python3.12/site-packages/airflow/example_dags/example_task_group_decorator.py
[2024-09-18T12:07:03.283+0100] {logging_mixin.py:190} INFO - [2024-09-18T12:07:03.283+0100] {dag.py:3229} INFO - Sync 1 DAGs
[2024-09-18T12:07:03.290+0100] {logging_mixin.py:190} INFO - [2024-09-18T12:07:03.290+0100] {dag.py:4156} INFO - Setting next_dagrun for example_task_group_decorator to None, run_after=None
[2024-09-18T12:07:03.335+0100] {processor.py:208} INFO - Processing /Users/ds2718/Documents/test_python_airflow/airflow/py_venv/lib/python3.12/site-packages/airflow/example_dags/example_task_group_decorator.py took 0.137 seconds
[2024-09-18T12:07:39.333+0100] {processor.py:186} INFO - Started process (PID=12355) to work on /Users/ds2718/Documents/test_python_airflow/airflow/py_venv/lib/python3.12/site-packages/airflow/example_dags/example_task_group_decorator.py
[2024-09-18T12:07:39.334+0100] {processor.py:914} INFO - Processing file /Users/ds2718/Documents/test_python_airflow/airflow/py_venv/lib/python3.12/site-packages/airflow/example_dags/example_task_group_decorator.py for tasks to queue
[2024-09-18T12:07:39.334+0100] {logging_mixin.py:190} INFO - [2024-09-18T12:07:39.334+0100] {dagbag.py:587} INFO - Filling up the DagBag from /Users/ds2718/Documents/test_python_airflow/airflow/py_venv/lib/python3.12/site-packages/airflow/example_dags/example_task_group_decorator.py
[2024-09-18T12:07:39.354+0100] {processor.py:925} INFO - DAG(s) 'example_task_group_decorator' retrieved from /Users/ds2718/Documents/test_python_airflow/airflow/py_venv/lib/python3.12/site-packages/airflow/example_dags/example_task_group_decorator.py
[2024-09-18T12:07:39.424+0100] {logging_mixin.py:190} INFO - [2024-09-18T12:07:39.423+0100] {dag.py:3229} INFO - Sync 1 DAGs
[2024-09-18T12:07:39.430+0100] {logging_mixin.py:190} INFO - [2024-09-18T12:07:39.430+0100] {dag.py:4156} INFO - Setting next_dagrun for example_task_group_decorator to None, run_after=None
[2024-09-18T12:07:39.475+0100] {processor.py:208} INFO - Processing /Users/ds2718/Documents/test_python_airflow/airflow/py_venv/lib/python3.12/site-packages/airflow/example_dags/example_task_group_decorator.py took 0.143 seconds
[2024-09-18T12:08:20.927+0100] {processor.py:186} INFO - Started process (PID=12493) to work on /Users/ds2718/Documents/test_python_airflow/airflow/py_venv/lib/python3.12/site-packages/airflow/example_dags/example_task_group_decorator.py
[2024-09-18T12:08:20.928+0100] {processor.py:914} INFO - Processing file /Users/ds2718/Documents/test_python_airflow/airflow/py_venv/lib/python3.12/site-packages/airflow/example_dags/example_task_group_decorator.py for tasks to queue
[2024-09-18T12:08:20.928+0100] {logging_mixin.py:190} INFO - [2024-09-18T12:08:20.928+0100] {dagbag.py:587} INFO - Filling up the DagBag from /Users/ds2718/Documents/test_python_airflow/airflow/py_venv/lib/python3.12/site-packages/airflow/example_dags/example_task_group_decorator.py
[2024-09-18T12:08:20.944+0100] {processor.py:925} INFO - DAG(s) 'example_task_group_decorator' retrieved from /Users/ds2718/Documents/test_python_airflow/airflow/py_venv/lib/python3.12/site-packages/airflow/example_dags/example_task_group_decorator.py
[2024-09-18T12:08:20.984+0100] {logging_mixin.py:190} INFO - [2024-09-18T12:08:20.984+0100] {dag.py:3229} INFO - Sync 1 DAGs
[2024-09-18T12:08:20.990+0100] {logging_mixin.py:190} INFO - [2024-09-18T12:08:20.989+0100] {dag.py:4156} INFO - Setting next_dagrun for example_task_group_decorator to None, run_after=None
[2024-09-18T12:08:21.027+0100] {processor.py:208} INFO - Processing /Users/ds2718/Documents/test_python_airflow/airflow/py_venv/lib/python3.12/site-packages/airflow/example_dags/example_task_group_decorator.py took 0.102 seconds
[2024-09-18T12:08:54.925+0100] {processor.py:186} INFO - Started process (PID=12695) to work on /Users/ds2718/Documents/test_python_airflow/airflow/py_venv/lib/python3.12/site-packages/airflow/example_dags/example_task_group_decorator.py
[2024-09-18T12:08:54.926+0100] {processor.py:914} INFO - Processing file /Users/ds2718/Documents/test_python_airflow/airflow/py_venv/lib/python3.12/site-packages/airflow/example_dags/example_task_group_decorator.py for tasks to queue
[2024-09-18T12:08:54.926+0100] {logging_mixin.py:190} INFO - [2024-09-18T12:08:54.926+0100] {dagbag.py:587} INFO - Filling up the DagBag from /Users/ds2718/Documents/test_python_airflow/airflow/py_venv/lib/python3.12/site-packages/airflow/example_dags/example_task_group_decorator.py
[2024-09-18T12:08:54.947+0100] {processor.py:925} INFO - DAG(s) 'example_task_group_decorator' retrieved from /Users/ds2718/Documents/test_python_airflow/airflow/py_venv/lib/python3.12/site-packages/airflow/example_dags/example_task_group_decorator.py
[2024-09-18T12:08:54.993+0100] {logging_mixin.py:190} INFO - [2024-09-18T12:08:54.993+0100] {dag.py:3229} INFO - Sync 1 DAGs
[2024-09-18T12:08:55.000+0100] {logging_mixin.py:190} INFO - [2024-09-18T12:08:55.000+0100] {dag.py:4156} INFO - Setting next_dagrun for example_task_group_decorator to None, run_after=None
[2024-09-18T12:08:55.032+0100] {processor.py:208} INFO - Processing /Users/ds2718/Documents/test_python_airflow/airflow/py_venv/lib/python3.12/site-packages/airflow/example_dags/example_task_group_decorator.py took 0.113 seconds
[2024-09-18T12:09:29.374+0100] {processor.py:186} INFO - Started process (PID=12847) to work on /Users/ds2718/Documents/test_python_airflow/airflow/py_venv/lib/python3.12/site-packages/airflow/example_dags/example_task_group_decorator.py
[2024-09-18T12:09:29.376+0100] {processor.py:914} INFO - Processing file /Users/ds2718/Documents/test_python_airflow/airflow/py_venv/lib/python3.12/site-packages/airflow/example_dags/example_task_group_decorator.py for tasks to queue
[2024-09-18T12:09:29.378+0100] {logging_mixin.py:190} INFO - [2024-09-18T12:09:29.378+0100] {dagbag.py:587} INFO - Filling up the DagBag from /Users/ds2718/Documents/test_python_airflow/airflow/py_venv/lib/python3.12/site-packages/airflow/example_dags/example_task_group_decorator.py
[2024-09-18T12:09:29.400+0100] {processor.py:925} INFO - DAG(s) 'example_task_group_decorator' retrieved from /Users/ds2718/Documents/test_python_airflow/airflow/py_venv/lib/python3.12/site-packages/airflow/example_dags/example_task_group_decorator.py
[2024-09-18T12:09:29.442+0100] {logging_mixin.py:190} INFO - [2024-09-18T12:09:29.442+0100] {dag.py:3229} INFO - Sync 1 DAGs
[2024-09-18T12:09:29.460+0100] {logging_mixin.py:190} INFO - [2024-09-18T12:09:29.459+0100] {dag.py:4156} INFO - Setting next_dagrun for example_task_group_decorator to None, run_after=None
[2024-09-18T12:09:29.510+0100] {processor.py:208} INFO - Processing /Users/ds2718/Documents/test_python_airflow/airflow/py_venv/lib/python3.12/site-packages/airflow/example_dags/example_task_group_decorator.py took 0.144 seconds
[2024-09-18T12:10:03.648+0100] {processor.py:186} INFO - Started process (PID=13045) to work on /Users/ds2718/Documents/test_python_airflow/airflow/py_venv/lib/python3.12/site-packages/airflow/example_dags/example_task_group_decorator.py
[2024-09-18T12:10:03.649+0100] {processor.py:914} INFO - Processing file /Users/ds2718/Documents/test_python_airflow/airflow/py_venv/lib/python3.12/site-packages/airflow/example_dags/example_task_group_decorator.py for tasks to queue
[2024-09-18T12:10:03.649+0100] {logging_mixin.py:190} INFO - [2024-09-18T12:10:03.649+0100] {dagbag.py:587} INFO - Filling up the DagBag from /Users/ds2718/Documents/test_python_airflow/airflow/py_venv/lib/python3.12/site-packages/airflow/example_dags/example_task_group_decorator.py
[2024-09-18T12:10:03.671+0100] {processor.py:925} INFO - DAG(s) 'example_task_group_decorator' retrieved from /Users/ds2718/Documents/test_python_airflow/airflow/py_venv/lib/python3.12/site-packages/airflow/example_dags/example_task_group_decorator.py
[2024-09-18T12:10:03.724+0100] {logging_mixin.py:190} INFO - [2024-09-18T12:10:03.724+0100] {dag.py:3229} INFO - Sync 1 DAGs
[2024-09-18T12:10:03.731+0100] {logging_mixin.py:190} INFO - [2024-09-18T12:10:03.731+0100] {dag.py:4156} INFO - Setting next_dagrun for example_task_group_decorator to None, run_after=None
[2024-09-18T12:10:03.765+0100] {processor.py:208} INFO - Processing /Users/ds2718/Documents/test_python_airflow/airflow/py_venv/lib/python3.12/site-packages/airflow/example_dags/example_task_group_decorator.py took 0.123 seconds
[2024-09-18T12:10:36.780+0100] {processor.py:186} INFO - Started process (PID=13185) to work on /Users/ds2718/Documents/test_python_airflow/airflow/py_venv/lib/python3.12/site-packages/airflow/example_dags/example_task_group_decorator.py
[2024-09-18T12:10:36.780+0100] {processor.py:914} INFO - Processing file /Users/ds2718/Documents/test_python_airflow/airflow/py_venv/lib/python3.12/site-packages/airflow/example_dags/example_task_group_decorator.py for tasks to queue
[2024-09-18T12:10:36.781+0100] {logging_mixin.py:190} INFO - [2024-09-18T12:10:36.781+0100] {dagbag.py:587} INFO - Filling up the DagBag from /Users/ds2718/Documents/test_python_airflow/airflow/py_venv/lib/python3.12/site-packages/airflow/example_dags/example_task_group_decorator.py
[2024-09-18T12:10:36.798+0100] {processor.py:925} INFO - DAG(s) 'example_task_group_decorator' retrieved from /Users/ds2718/Documents/test_python_airflow/airflow/py_venv/lib/python3.12/site-packages/airflow/example_dags/example_task_group_decorator.py
[2024-09-18T12:10:36.840+0100] {logging_mixin.py:190} INFO - [2024-09-18T12:10:36.840+0100] {dag.py:3229} INFO - Sync 1 DAGs
[2024-09-18T12:10:36.848+0100] {logging_mixin.py:190} INFO - [2024-09-18T12:10:36.847+0100] {dag.py:4156} INFO - Setting next_dagrun for example_task_group_decorator to None, run_after=None
[2024-09-18T12:10:36.884+0100] {processor.py:208} INFO - Processing /Users/ds2718/Documents/test_python_airflow/airflow/py_venv/lib/python3.12/site-packages/airflow/example_dags/example_task_group_decorator.py took 0.111 seconds
[2024-09-18T12:11:11.138+0100] {processor.py:186} INFO - Started process (PID=13352) to work on /Users/ds2718/Documents/test_python_airflow/airflow/py_venv/lib/python3.12/site-packages/airflow/example_dags/example_task_group_decorator.py
[2024-09-18T12:11:11.138+0100] {processor.py:914} INFO - Processing file /Users/ds2718/Documents/test_python_airflow/airflow/py_venv/lib/python3.12/site-packages/airflow/example_dags/example_task_group_decorator.py for tasks to queue
[2024-09-18T12:11:11.139+0100] {logging_mixin.py:190} INFO - [2024-09-18T12:11:11.138+0100] {dagbag.py:587} INFO - Filling up the DagBag from /Users/ds2718/Documents/test_python_airflow/airflow/py_venv/lib/python3.12/site-packages/airflow/example_dags/example_task_group_decorator.py
[2024-09-18T12:11:11.156+0100] {processor.py:925} INFO - DAG(s) 'example_task_group_decorator' retrieved from /Users/ds2718/Documents/test_python_airflow/airflow/py_venv/lib/python3.12/site-packages/airflow/example_dags/example_task_group_decorator.py
[2024-09-18T12:11:11.198+0100] {logging_mixin.py:190} INFO - [2024-09-18T12:11:11.198+0100] {dag.py:3229} INFO - Sync 1 DAGs
[2024-09-18T12:11:11.205+0100] {logging_mixin.py:190} INFO - [2024-09-18T12:11:11.205+0100] {dag.py:4156} INFO - Setting next_dagrun for example_task_group_decorator to None, run_after=None
[2024-09-18T12:11:11.239+0100] {processor.py:208} INFO - Processing /Users/ds2718/Documents/test_python_airflow/airflow/py_venv/lib/python3.12/site-packages/airflow/example_dags/example_task_group_decorator.py took 0.104 seconds
[2024-09-18T12:11:44.427+0100] {processor.py:186} INFO - Started process (PID=13498) to work on /Users/ds2718/Documents/test_python_airflow/airflow/py_venv/lib/python3.12/site-packages/airflow/example_dags/example_task_group_decorator.py
[2024-09-18T12:11:44.427+0100] {processor.py:914} INFO - Processing file /Users/ds2718/Documents/test_python_airflow/airflow/py_venv/lib/python3.12/site-packages/airflow/example_dags/example_task_group_decorator.py for tasks to queue
[2024-09-18T12:11:44.427+0100] {logging_mixin.py:190} INFO - [2024-09-18T12:11:44.427+0100] {dagbag.py:587} INFO - Filling up the DagBag from /Users/ds2718/Documents/test_python_airflow/airflow/py_venv/lib/python3.12/site-packages/airflow/example_dags/example_task_group_decorator.py
[2024-09-18T12:11:44.445+0100] {processor.py:925} INFO - DAG(s) 'example_task_group_decorator' retrieved from /Users/ds2718/Documents/test_python_airflow/airflow/py_venv/lib/python3.12/site-packages/airflow/example_dags/example_task_group_decorator.py
[2024-09-18T12:11:44.486+0100] {logging_mixin.py:190} INFO - [2024-09-18T12:11:44.486+0100] {dag.py:3229} INFO - Sync 1 DAGs
[2024-09-18T12:11:44.501+0100] {logging_mixin.py:190} INFO - [2024-09-18T12:11:44.500+0100] {dag.py:4156} INFO - Setting next_dagrun for example_task_group_decorator to None, run_after=None
[2024-09-18T12:11:44.536+0100] {processor.py:208} INFO - Processing /Users/ds2718/Documents/test_python_airflow/airflow/py_venv/lib/python3.12/site-packages/airflow/example_dags/example_task_group_decorator.py took 0.111 seconds
[2024-09-18T12:12:18.333+0100] {processor.py:186} INFO - Started process (PID=13657) to work on /Users/ds2718/Documents/test_python_airflow/airflow/py_venv/lib/python3.12/site-packages/airflow/example_dags/example_task_group_decorator.py
[2024-09-18T12:12:18.333+0100] {processor.py:914} INFO - Processing file /Users/ds2718/Documents/test_python_airflow/airflow/py_venv/lib/python3.12/site-packages/airflow/example_dags/example_task_group_decorator.py for tasks to queue
[2024-09-18T12:12:18.334+0100] {logging_mixin.py:190} INFO - [2024-09-18T12:12:18.334+0100] {dagbag.py:587} INFO - Filling up the DagBag from /Users/ds2718/Documents/test_python_airflow/airflow/py_venv/lib/python3.12/site-packages/airflow/example_dags/example_task_group_decorator.py
[2024-09-18T12:12:18.353+0100] {processor.py:925} INFO - DAG(s) 'example_task_group_decorator' retrieved from /Users/ds2718/Documents/test_python_airflow/airflow/py_venv/lib/python3.12/site-packages/airflow/example_dags/example_task_group_decorator.py
[2024-09-18T12:12:18.399+0100] {logging_mixin.py:190} INFO - [2024-09-18T12:12:18.399+0100] {dag.py:3229} INFO - Sync 1 DAGs
[2024-09-18T12:12:18.406+0100] {logging_mixin.py:190} INFO - [2024-09-18T12:12:18.406+0100] {dag.py:4156} INFO - Setting next_dagrun for example_task_group_decorator to None, run_after=None
[2024-09-18T12:12:18.440+0100] {processor.py:208} INFO - Processing /Users/ds2718/Documents/test_python_airflow/airflow/py_venv/lib/python3.12/site-packages/airflow/example_dags/example_task_group_decorator.py took 0.111 seconds
[2024-09-18T12:12:52.047+0100] {processor.py:186} INFO - Started process (PID=13822) to work on /Users/ds2718/Documents/test_python_airflow/airflow/py_venv/lib/python3.12/site-packages/airflow/example_dags/example_task_group_decorator.py
[2024-09-18T12:12:52.047+0100] {processor.py:914} INFO - Processing file /Users/ds2718/Documents/test_python_airflow/airflow/py_venv/lib/python3.12/site-packages/airflow/example_dags/example_task_group_decorator.py for tasks to queue
[2024-09-18T12:12:52.048+0100] {logging_mixin.py:190} INFO - [2024-09-18T12:12:52.048+0100] {dagbag.py:587} INFO - Filling up the DagBag from /Users/ds2718/Documents/test_python_airflow/airflow/py_venv/lib/python3.12/site-packages/airflow/example_dags/example_task_group_decorator.py
[2024-09-18T12:12:52.074+0100] {processor.py:925} INFO - DAG(s) 'example_task_group_decorator' retrieved from /Users/ds2718/Documents/test_python_airflow/airflow/py_venv/lib/python3.12/site-packages/airflow/example_dags/example_task_group_decorator.py
[2024-09-18T12:12:52.117+0100] {logging_mixin.py:190} INFO - [2024-09-18T12:12:52.117+0100] {dag.py:3229} INFO - Sync 1 DAGs
[2024-09-18T12:12:52.123+0100] {logging_mixin.py:190} INFO - [2024-09-18T12:12:52.123+0100] {dag.py:4156} INFO - Setting next_dagrun for example_task_group_decorator to None, run_after=None
[2024-09-18T12:12:52.198+0100] {processor.py:208} INFO - Processing /Users/ds2718/Documents/test_python_airflow/airflow/py_venv/lib/python3.12/site-packages/airflow/example_dags/example_task_group_decorator.py took 0.158 seconds
[2024-09-18T12:13:25.884+0100] {processor.py:186} INFO - Started process (PID=13991) to work on /Users/ds2718/Documents/test_python_airflow/airflow/py_venv/lib/python3.12/site-packages/airflow/example_dags/example_task_group_decorator.py
[2024-09-18T12:13:25.885+0100] {processor.py:914} INFO - Processing file /Users/ds2718/Documents/test_python_airflow/airflow/py_venv/lib/python3.12/site-packages/airflow/example_dags/example_task_group_decorator.py for tasks to queue
[2024-09-18T12:13:25.885+0100] {logging_mixin.py:190} INFO - [2024-09-18T12:13:25.885+0100] {dagbag.py:587} INFO - Filling up the DagBag from /Users/ds2718/Documents/test_python_airflow/airflow/py_venv/lib/python3.12/site-packages/airflow/example_dags/example_task_group_decorator.py
[2024-09-18T12:13:25.906+0100] {processor.py:925} INFO - DAG(s) 'example_task_group_decorator' retrieved from /Users/ds2718/Documents/test_python_airflow/airflow/py_venv/lib/python3.12/site-packages/airflow/example_dags/example_task_group_decorator.py
[2024-09-18T12:13:25.948+0100] {logging_mixin.py:190} INFO - [2024-09-18T12:13:25.948+0100] {dag.py:3229} INFO - Sync 1 DAGs
[2024-09-18T12:13:25.955+0100] {logging_mixin.py:190} INFO - [2024-09-18T12:13:25.955+0100] {dag.py:4156} INFO - Setting next_dagrun for example_task_group_decorator to None, run_after=None
[2024-09-18T12:13:25.993+0100] {processor.py:208} INFO - Processing /Users/ds2718/Documents/test_python_airflow/airflow/py_venv/lib/python3.12/site-packages/airflow/example_dags/example_task_group_decorator.py took 0.119 seconds
[2024-09-18T12:14:00.769+0100] {processor.py:186} INFO - Started process (PID=14168) to work on /Users/ds2718/Documents/test_python_airflow/airflow/py_venv/lib/python3.12/site-packages/airflow/example_dags/example_task_group_decorator.py
[2024-09-18T12:14:00.770+0100] {processor.py:914} INFO - Processing file /Users/ds2718/Documents/test_python_airflow/airflow/py_venv/lib/python3.12/site-packages/airflow/example_dags/example_task_group_decorator.py for tasks to queue
[2024-09-18T12:14:00.770+0100] {logging_mixin.py:190} INFO - [2024-09-18T12:14:00.770+0100] {dagbag.py:587} INFO - Filling up the DagBag from /Users/ds2718/Documents/test_python_airflow/airflow/py_venv/lib/python3.12/site-packages/airflow/example_dags/example_task_group_decorator.py
[2024-09-18T12:14:00.789+0100] {processor.py:925} INFO - DAG(s) 'example_task_group_decorator' retrieved from /Users/ds2718/Documents/test_python_airflow/airflow/py_venv/lib/python3.12/site-packages/airflow/example_dags/example_task_group_decorator.py
[2024-09-18T12:14:00.831+0100] {logging_mixin.py:190} INFO - [2024-09-18T12:14:00.831+0100] {dag.py:3229} INFO - Sync 1 DAGs
[2024-09-18T12:14:00.852+0100] {logging_mixin.py:190} INFO - [2024-09-18T12:14:00.852+0100] {dag.py:4156} INFO - Setting next_dagrun for example_task_group_decorator to None, run_after=None
[2024-09-18T12:14:00.891+0100] {processor.py:208} INFO - Processing /Users/ds2718/Documents/test_python_airflow/airflow/py_venv/lib/python3.12/site-packages/airflow/example_dags/example_task_group_decorator.py took 0.124 seconds
