[2024-09-18T11:54:26.330+0100] {processor.py:186} INFO - Started process (PID=9529) to work on /Users/ds2718/Documents/test_python_airflow/airflow/py_venv/lib/python3.12/site-packages/airflow/example_dags/example_branch_day_of_week_operator.py
[2024-09-18T11:54:26.330+0100] {processor.py:914} INFO - Processing file /Users/ds2718/Documents/test_python_airflow/airflow/py_venv/lib/python3.12/site-packages/airflow/example_dags/example_branch_day_of_week_operator.py for tasks to queue
[2024-09-18T11:54:26.331+0100] {logging_mixin.py:190} INFO - [2024-09-18T11:54:26.331+0100] {dagbag.py:587} INFO - Filling up the DagBag from /Users/ds2718/Documents/test_python_airflow/airflow/py_venv/lib/python3.12/site-packages/airflow/example_dags/example_branch_day_of_week_operator.py
[2024-09-18T11:54:26.339+0100] {processor.py:925} INFO - DAG(s) 'example_weekday_branch_operator' retrieved from /Users/ds2718/Documents/test_python_airflow/airflow/py_venv/lib/python3.12/site-packages/airflow/example_dags/example_branch_day_of_week_operator.py
[2024-09-18T11:54:26.450+0100] {logging_mixin.py:190} INFO - [2024-09-18T11:54:26.450+0100] {override.py:1900} INFO - Created Permission View: can read on DAG:example_weekday_branch_operator
[2024-09-18T11:54:26.454+0100] {logging_mixin.py:190} INFO - [2024-09-18T11:54:26.453+0100] {override.py:1900} INFO - Created Permission View: can edit on DAG:example_weekday_branch_operator
[2024-09-18T11:54:26.455+0100] {logging_mixin.py:190} INFO - [2024-09-18T11:54:26.455+0100] {override.py:1900} INFO - Created Permission View: can delete on DAG:example_weekday_branch_operator
[2024-09-18T11:54:26.458+0100] {logging_mixin.py:190} INFO - [2024-09-18T11:54:26.458+0100] {override.py:1900} INFO - Created Permission View: can read on DAG Run:example_weekday_branch_operator
[2024-09-18T11:54:26.459+0100] {logging_mixin.py:190} INFO - [2024-09-18T11:54:26.459+0100] {override.py:1900} INFO - Created Permission View: can delete on DAG Run:example_weekday_branch_operator
[2024-09-18T11:54:26.461+0100] {logging_mixin.py:190} INFO - [2024-09-18T11:54:26.461+0100] {override.py:1900} INFO - Created Permission View: menu access on DAG Run:example_weekday_branch_operator
[2024-09-18T11:54:26.463+0100] {logging_mixin.py:190} INFO - [2024-09-18T11:54:26.463+0100] {override.py:1900} INFO - Created Permission View: can create on DAG Run:example_weekday_branch_operator
[2024-09-18T11:54:26.463+0100] {logging_mixin.py:190} INFO - [2024-09-18T11:54:26.463+0100] {dag.py:3229} INFO - Sync 1 DAGs
[2024-09-18T11:54:26.468+0100] {logging_mixin.py:190} INFO - [2024-09-18T11:54:26.468+0100] {dag.py:3252} INFO - Creating ORM DAG for example_weekday_branch_operator
[2024-09-18T11:54:26.472+0100] {logging_mixin.py:190} INFO - [2024-09-18T11:54:26.472+0100] {dag.py:4156} INFO - Setting next_dagrun for example_weekday_branch_operator to 2024-09-17 00:00:00+00:00, run_after=2024-09-18 00:00:00+00:00
[2024-09-18T11:54:26.494+0100] {processor.py:208} INFO - Processing /Users/ds2718/Documents/test_python_airflow/airflow/py_venv/lib/python3.12/site-packages/airflow/example_dags/example_branch_day_of_week_operator.py took 0.166 seconds
[2024-09-18T11:55:01.232+0100] {processor.py:186} INFO - Started process (PID=9748) to work on /Users/ds2718/Documents/test_python_airflow/airflow/py_venv/lib/python3.12/site-packages/airflow/example_dags/example_branch_day_of_week_operator.py
[2024-09-18T11:55:01.233+0100] {processor.py:914} INFO - Processing file /Users/ds2718/Documents/test_python_airflow/airflow/py_venv/lib/python3.12/site-packages/airflow/example_dags/example_branch_day_of_week_operator.py for tasks to queue
[2024-09-18T11:55:01.234+0100] {logging_mixin.py:190} INFO - [2024-09-18T11:55:01.234+0100] {dagbag.py:587} INFO - Filling up the DagBag from /Users/ds2718/Documents/test_python_airflow/airflow/py_venv/lib/python3.12/site-packages/airflow/example_dags/example_branch_day_of_week_operator.py
[2024-09-18T11:55:01.241+0100] {processor.py:925} INFO - DAG(s) 'example_weekday_branch_operator' retrieved from /Users/ds2718/Documents/test_python_airflow/airflow/py_venv/lib/python3.12/site-packages/airflow/example_dags/example_branch_day_of_week_operator.py
[2024-09-18T11:55:01.284+0100] {logging_mixin.py:190} INFO - [2024-09-18T11:55:01.283+0100] {dag.py:3229} INFO - Sync 1 DAGs
[2024-09-18T11:55:01.295+0100] {logging_mixin.py:190} INFO - [2024-09-18T11:55:01.294+0100] {dag.py:4156} INFO - Setting next_dagrun for example_weekday_branch_operator to 2024-09-17 00:00:00+00:00, run_after=2024-09-18 00:00:00+00:00
[2024-09-18T11:55:01.309+0100] {processor.py:208} INFO - Processing /Users/ds2718/Documents/test_python_airflow/airflow/py_venv/lib/python3.12/site-packages/airflow/example_dags/example_branch_day_of_week_operator.py took 0.085 seconds
[2024-09-18T11:55:35.229+0100] {processor.py:186} INFO - Started process (PID=9922) to work on /Users/ds2718/Documents/test_python_airflow/airflow/py_venv/lib/python3.12/site-packages/airflow/example_dags/example_branch_day_of_week_operator.py
[2024-09-18T11:55:35.230+0100] {processor.py:914} INFO - Processing file /Users/ds2718/Documents/test_python_airflow/airflow/py_venv/lib/python3.12/site-packages/airflow/example_dags/example_branch_day_of_week_operator.py for tasks to queue
[2024-09-18T11:55:35.230+0100] {logging_mixin.py:190} INFO - [2024-09-18T11:55:35.230+0100] {dagbag.py:587} INFO - Filling up the DagBag from /Users/ds2718/Documents/test_python_airflow/airflow/py_venv/lib/python3.12/site-packages/airflow/example_dags/example_branch_day_of_week_operator.py
[2024-09-18T11:55:35.245+0100] {processor.py:925} INFO - DAG(s) 'example_weekday_branch_operator' retrieved from /Users/ds2718/Documents/test_python_airflow/airflow/py_venv/lib/python3.12/site-packages/airflow/example_dags/example_branch_day_of_week_operator.py
[2024-09-18T11:55:35.288+0100] {logging_mixin.py:190} INFO - [2024-09-18T11:55:35.288+0100] {dag.py:3229} INFO - Sync 1 DAGs
[2024-09-18T11:55:35.299+0100] {logging_mixin.py:190} INFO - [2024-09-18T11:55:35.299+0100] {dag.py:4156} INFO - Setting next_dagrun for example_weekday_branch_operator to 2024-09-17 00:00:00+00:00, run_after=2024-09-18 00:00:00+00:00
[2024-09-18T11:55:35.315+0100] {processor.py:208} INFO - Processing /Users/ds2718/Documents/test_python_airflow/airflow/py_venv/lib/python3.12/site-packages/airflow/example_dags/example_branch_day_of_week_operator.py took 0.095 seconds
[2024-09-18T11:56:09.247+0100] {processor.py:186} INFO - Started process (PID=10097) to work on /Users/ds2718/Documents/test_python_airflow/airflow/py_venv/lib/python3.12/site-packages/airflow/example_dags/example_branch_day_of_week_operator.py
[2024-09-18T11:56:09.250+0100] {processor.py:914} INFO - Processing file /Users/ds2718/Documents/test_python_airflow/airflow/py_venv/lib/python3.12/site-packages/airflow/example_dags/example_branch_day_of_week_operator.py for tasks to queue
[2024-09-18T11:56:09.250+0100] {logging_mixin.py:190} INFO - [2024-09-18T11:56:09.250+0100] {dagbag.py:587} INFO - Filling up the DagBag from /Users/ds2718/Documents/test_python_airflow/airflow/py_venv/lib/python3.12/site-packages/airflow/example_dags/example_branch_day_of_week_operator.py
[2024-09-18T11:56:09.257+0100] {processor.py:925} INFO - DAG(s) 'example_weekday_branch_operator' retrieved from /Users/ds2718/Documents/test_python_airflow/airflow/py_venv/lib/python3.12/site-packages/airflow/example_dags/example_branch_day_of_week_operator.py
[2024-09-18T11:56:09.303+0100] {logging_mixin.py:190} INFO - [2024-09-18T11:56:09.303+0100] {dag.py:3229} INFO - Sync 1 DAGs
[2024-09-18T11:56:09.316+0100] {logging_mixin.py:190} INFO - [2024-09-18T11:56:09.316+0100] {dag.py:4156} INFO - Setting next_dagrun for example_weekday_branch_operator to 2024-09-17 00:00:00+00:00, run_after=2024-09-18 00:00:00+00:00
[2024-09-18T11:56:09.341+0100] {processor.py:208} INFO - Processing /Users/ds2718/Documents/test_python_airflow/airflow/py_venv/lib/python3.12/site-packages/airflow/example_dags/example_branch_day_of_week_operator.py took 0.096 seconds
[2024-09-18T11:56:42.199+0100] {processor.py:186} INFO - Started process (PID=10235) to work on /Users/ds2718/Documents/test_python_airflow/airflow/py_venv/lib/python3.12/site-packages/airflow/example_dags/example_branch_day_of_week_operator.py
[2024-09-18T11:56:42.201+0100] {processor.py:914} INFO - Processing file /Users/ds2718/Documents/test_python_airflow/airflow/py_venv/lib/python3.12/site-packages/airflow/example_dags/example_branch_day_of_week_operator.py for tasks to queue
[2024-09-18T11:56:42.201+0100] {logging_mixin.py:190} INFO - [2024-09-18T11:56:42.201+0100] {dagbag.py:587} INFO - Filling up the DagBag from /Users/ds2718/Documents/test_python_airflow/airflow/py_venv/lib/python3.12/site-packages/airflow/example_dags/example_branch_day_of_week_operator.py
[2024-09-18T11:56:42.208+0100] {processor.py:925} INFO - DAG(s) 'example_weekday_branch_operator' retrieved from /Users/ds2718/Documents/test_python_airflow/airflow/py_venv/lib/python3.12/site-packages/airflow/example_dags/example_branch_day_of_week_operator.py
[2024-09-18T11:56:42.251+0100] {logging_mixin.py:190} INFO - [2024-09-18T11:56:42.250+0100] {dag.py:3229} INFO - Sync 1 DAGs
[2024-09-18T11:56:42.261+0100] {logging_mixin.py:190} INFO - [2024-09-18T11:56:42.261+0100] {dag.py:4156} INFO - Setting next_dagrun for example_weekday_branch_operator to 2024-09-17 00:00:00+00:00, run_after=2024-09-18 00:00:00+00:00
[2024-09-18T11:56:42.274+0100] {processor.py:208} INFO - Processing /Users/ds2718/Documents/test_python_airflow/airflow/py_venv/lib/python3.12/site-packages/airflow/example_dags/example_branch_day_of_week_operator.py took 0.081 seconds
[2024-09-18T11:57:14.982+0100] {processor.py:186} INFO - Started process (PID=10399) to work on /Users/ds2718/Documents/test_python_airflow/airflow/py_venv/lib/python3.12/site-packages/airflow/example_dags/example_branch_day_of_week_operator.py
[2024-09-18T11:57:14.983+0100] {processor.py:914} INFO - Processing file /Users/ds2718/Documents/test_python_airflow/airflow/py_venv/lib/python3.12/site-packages/airflow/example_dags/example_branch_day_of_week_operator.py for tasks to queue
[2024-09-18T11:57:14.984+0100] {logging_mixin.py:190} INFO - [2024-09-18T11:57:14.984+0100] {dagbag.py:587} INFO - Filling up the DagBag from /Users/ds2718/Documents/test_python_airflow/airflow/py_venv/lib/python3.12/site-packages/airflow/example_dags/example_branch_day_of_week_operator.py
[2024-09-18T11:57:14.991+0100] {processor.py:925} INFO - DAG(s) 'example_weekday_branch_operator' retrieved from /Users/ds2718/Documents/test_python_airflow/airflow/py_venv/lib/python3.12/site-packages/airflow/example_dags/example_branch_day_of_week_operator.py
[2024-09-18T11:57:15.035+0100] {logging_mixin.py:190} INFO - [2024-09-18T11:57:15.035+0100] {dag.py:3229} INFO - Sync 1 DAGs
[2024-09-18T11:57:15.045+0100] {logging_mixin.py:190} INFO - [2024-09-18T11:57:15.045+0100] {dag.py:4156} INFO - Setting next_dagrun for example_weekday_branch_operator to 2024-09-17 00:00:00+00:00, run_after=2024-09-18 00:00:00+00:00
[2024-09-18T11:57:15.057+0100] {processor.py:208} INFO - Processing /Users/ds2718/Documents/test_python_airflow/airflow/py_venv/lib/python3.12/site-packages/airflow/example_dags/example_branch_day_of_week_operator.py took 0.077 seconds
[2024-09-18T11:57:48.120+0100] {processor.py:186} INFO - Started process (PID=10604) to work on /Users/ds2718/Documents/test_python_airflow/airflow/py_venv/lib/python3.12/site-packages/airflow/example_dags/example_branch_day_of_week_operator.py
[2024-09-18T11:57:48.121+0100] {processor.py:914} INFO - Processing file /Users/ds2718/Documents/test_python_airflow/airflow/py_venv/lib/python3.12/site-packages/airflow/example_dags/example_branch_day_of_week_operator.py for tasks to queue
[2024-09-18T11:57:48.121+0100] {logging_mixin.py:190} INFO - [2024-09-18T11:57:48.121+0100] {dagbag.py:587} INFO - Filling up the DagBag from /Users/ds2718/Documents/test_python_airflow/airflow/py_venv/lib/python3.12/site-packages/airflow/example_dags/example_branch_day_of_week_operator.py
[2024-09-18T11:57:48.127+0100] {processor.py:925} INFO - DAG(s) 'example_weekday_branch_operator' retrieved from /Users/ds2718/Documents/test_python_airflow/airflow/py_venv/lib/python3.12/site-packages/airflow/example_dags/example_branch_day_of_week_operator.py
[2024-09-18T11:57:48.184+0100] {logging_mixin.py:190} INFO - [2024-09-18T11:57:48.184+0100] {dag.py:3229} INFO - Sync 1 DAGs
[2024-09-18T11:57:48.197+0100] {logging_mixin.py:190} INFO - [2024-09-18T11:57:48.197+0100] {dag.py:4156} INFO - Setting next_dagrun for example_weekday_branch_operator to 2024-09-17 00:00:00+00:00, run_after=2024-09-18 00:00:00+00:00
[2024-09-18T11:57:48.219+0100] {processor.py:208} INFO - Processing /Users/ds2718/Documents/test_python_airflow/airflow/py_venv/lib/python3.12/site-packages/airflow/example_dags/example_branch_day_of_week_operator.py took 0.107 seconds
[2024-09-18T11:58:22.716+0100] {processor.py:186} INFO - Started process (PID=10795) to work on /Users/ds2718/Documents/test_python_airflow/airflow/py_venv/lib/python3.12/site-packages/airflow/example_dags/example_branch_day_of_week_operator.py
[2024-09-18T11:58:22.717+0100] {processor.py:914} INFO - Processing file /Users/ds2718/Documents/test_python_airflow/airflow/py_venv/lib/python3.12/site-packages/airflow/example_dags/example_branch_day_of_week_operator.py for tasks to queue
[2024-09-18T11:58:22.717+0100] {logging_mixin.py:190} INFO - [2024-09-18T11:58:22.717+0100] {dagbag.py:587} INFO - Filling up the DagBag from /Users/ds2718/Documents/test_python_airflow/airflow/py_venv/lib/python3.12/site-packages/airflow/example_dags/example_branch_day_of_week_operator.py
[2024-09-18T11:58:22.733+0100] {processor.py:925} INFO - DAG(s) 'example_weekday_branch_operator' retrieved from /Users/ds2718/Documents/test_python_airflow/airflow/py_venv/lib/python3.12/site-packages/airflow/example_dags/example_branch_day_of_week_operator.py
[2024-09-18T11:58:22.777+0100] {logging_mixin.py:190} INFO - [2024-09-18T11:58:22.777+0100] {dag.py:3229} INFO - Sync 1 DAGs
[2024-09-18T11:58:22.790+0100] {logging_mixin.py:190} INFO - [2024-09-18T11:58:22.790+0100] {dag.py:4156} INFO - Setting next_dagrun for example_weekday_branch_operator to 2024-09-17 00:00:00+00:00, run_after=2024-09-18 00:00:00+00:00
[2024-09-18T11:58:22.815+0100] {processor.py:208} INFO - Processing /Users/ds2718/Documents/test_python_airflow/airflow/py_venv/lib/python3.12/site-packages/airflow/example_dags/example_branch_day_of_week_operator.py took 0.104 seconds
[2024-09-18T11:59:02.043+0100] {processor.py:186} INFO - Started process (PID=11012) to work on /Users/ds2718/Documents/test_python_airflow/airflow/py_venv/lib/python3.12/site-packages/airflow/example_dags/example_branch_day_of_week_operator.py
[2024-09-18T11:59:02.044+0100] {processor.py:914} INFO - Processing file /Users/ds2718/Documents/test_python_airflow/airflow/py_venv/lib/python3.12/site-packages/airflow/example_dags/example_branch_day_of_week_operator.py for tasks to queue
[2024-09-18T11:59:02.044+0100] {logging_mixin.py:190} INFO - [2024-09-18T11:59:02.044+0100] {dagbag.py:587} INFO - Filling up the DagBag from /Users/ds2718/Documents/test_python_airflow/airflow/py_venv/lib/python3.12/site-packages/airflow/example_dags/example_branch_day_of_week_operator.py
[2024-09-18T11:59:02.050+0100] {processor.py:925} INFO - DAG(s) 'example_weekday_branch_operator' retrieved from /Users/ds2718/Documents/test_python_airflow/airflow/py_venv/lib/python3.12/site-packages/airflow/example_dags/example_branch_day_of_week_operator.py
[2024-09-18T11:59:02.089+0100] {logging_mixin.py:190} INFO - [2024-09-18T11:59:02.089+0100] {dag.py:3229} INFO - Sync 1 DAGs
[2024-09-18T11:59:02.099+0100] {logging_mixin.py:190} INFO - [2024-09-18T11:59:02.099+0100] {dag.py:4156} INFO - Setting next_dagrun for example_weekday_branch_operator to 2024-09-17 00:00:00+00:00, run_after=2024-09-18 00:00:00+00:00
[2024-09-18T11:59:02.112+0100] {processor.py:208} INFO - Processing /Users/ds2718/Documents/test_python_airflow/airflow/py_venv/lib/python3.12/site-packages/airflow/example_dags/example_branch_day_of_week_operator.py took 0.073 seconds
[2024-09-18T11:59:34.776+0100] {processor.py:186} INFO - Started process (PID=11183) to work on /Users/ds2718/Documents/test_python_airflow/airflow/py_venv/lib/python3.12/site-packages/airflow/example_dags/example_branch_day_of_week_operator.py
[2024-09-18T11:59:34.777+0100] {processor.py:914} INFO - Processing file /Users/ds2718/Documents/test_python_airflow/airflow/py_venv/lib/python3.12/site-packages/airflow/example_dags/example_branch_day_of_week_operator.py for tasks to queue
[2024-09-18T11:59:34.777+0100] {logging_mixin.py:190} INFO - [2024-09-18T11:59:34.777+0100] {dagbag.py:587} INFO - Filling up the DagBag from /Users/ds2718/Documents/test_python_airflow/airflow/py_venv/lib/python3.12/site-packages/airflow/example_dags/example_branch_day_of_week_operator.py
[2024-09-18T11:59:34.784+0100] {processor.py:925} INFO - DAG(s) 'example_weekday_branch_operator' retrieved from /Users/ds2718/Documents/test_python_airflow/airflow/py_venv/lib/python3.12/site-packages/airflow/example_dags/example_branch_day_of_week_operator.py
[2024-09-18T11:59:34.830+0100] {logging_mixin.py:190} INFO - [2024-09-18T11:59:34.830+0100] {dag.py:3229} INFO - Sync 1 DAGs
[2024-09-18T11:59:34.841+0100] {logging_mixin.py:190} INFO - [2024-09-18T11:59:34.841+0100] {dag.py:4156} INFO - Setting next_dagrun for example_weekday_branch_operator to 2024-09-17 00:00:00+00:00, run_after=2024-09-18 00:00:00+00:00
[2024-09-18T11:59:34.861+0100] {processor.py:208} INFO - Processing /Users/ds2718/Documents/test_python_airflow/airflow/py_venv/lib/python3.12/site-packages/airflow/example_dags/example_branch_day_of_week_operator.py took 0.093 seconds
[2024-09-18T12:00:09.590+0100] {processor.py:186} INFO - Started process (PID=11401) to work on /Users/ds2718/Documents/test_python_airflow/airflow/py_venv/lib/python3.12/site-packages/airflow/example_dags/example_branch_day_of_week_operator.py
[2024-09-18T12:00:09.591+0100] {processor.py:914} INFO - Processing file /Users/ds2718/Documents/test_python_airflow/airflow/py_venv/lib/python3.12/site-packages/airflow/example_dags/example_branch_day_of_week_operator.py for tasks to queue
[2024-09-18T12:00:09.591+0100] {logging_mixin.py:190} INFO - [2024-09-18T12:00:09.591+0100] {dagbag.py:587} INFO - Filling up the DagBag from /Users/ds2718/Documents/test_python_airflow/airflow/py_venv/lib/python3.12/site-packages/airflow/example_dags/example_branch_day_of_week_operator.py
[2024-09-18T12:00:09.598+0100] {processor.py:925} INFO - DAG(s) 'example_weekday_branch_operator' retrieved from /Users/ds2718/Documents/test_python_airflow/airflow/py_venv/lib/python3.12/site-packages/airflow/example_dags/example_branch_day_of_week_operator.py
[2024-09-18T12:00:09.655+0100] {logging_mixin.py:190} INFO - [2024-09-18T12:00:09.655+0100] {dag.py:3229} INFO - Sync 1 DAGs
[2024-09-18T12:00:09.668+0100] {logging_mixin.py:190} INFO - [2024-09-18T12:00:09.668+0100] {dag.py:4156} INFO - Setting next_dagrun for example_weekday_branch_operator to 2024-09-17 00:00:00+00:00, run_after=2024-09-18 00:00:00+00:00
[2024-09-18T12:00:09.704+0100] {processor.py:208} INFO - Processing /Users/ds2718/Documents/test_python_airflow/airflow/py_venv/lib/python3.12/site-packages/airflow/example_dags/example_branch_day_of_week_operator.py took 0.116 seconds
[2024-09-18T12:00:42.932+0100] {processor.py:186} INFO - Started process (PID=11576) to work on /Users/ds2718/Documents/test_python_airflow/airflow/py_venv/lib/python3.12/site-packages/airflow/example_dags/example_branch_day_of_week_operator.py
[2024-09-18T12:00:42.932+0100] {processor.py:914} INFO - Processing file /Users/ds2718/Documents/test_python_airflow/airflow/py_venv/lib/python3.12/site-packages/airflow/example_dags/example_branch_day_of_week_operator.py for tasks to queue
[2024-09-18T12:00:42.933+0100] {logging_mixin.py:190} INFO - [2024-09-18T12:00:42.933+0100] {dagbag.py:587} INFO - Filling up the DagBag from /Users/ds2718/Documents/test_python_airflow/airflow/py_venv/lib/python3.12/site-packages/airflow/example_dags/example_branch_day_of_week_operator.py
[2024-09-18T12:00:42.939+0100] {processor.py:925} INFO - DAG(s) 'example_weekday_branch_operator' retrieved from /Users/ds2718/Documents/test_python_airflow/airflow/py_venv/lib/python3.12/site-packages/airflow/example_dags/example_branch_day_of_week_operator.py
[2024-09-18T12:00:42.986+0100] {logging_mixin.py:190} INFO - [2024-09-18T12:00:42.985+0100] {dag.py:3229} INFO - Sync 1 DAGs
[2024-09-18T12:00:42.997+0100] {logging_mixin.py:190} INFO - [2024-09-18T12:00:42.997+0100] {dag.py:4156} INFO - Setting next_dagrun for example_weekday_branch_operator to 2024-09-17 00:00:00+00:00, run_after=2024-09-18 00:00:00+00:00
[2024-09-18T12:00:43.019+0100] {processor.py:208} INFO - Processing /Users/ds2718/Documents/test_python_airflow/airflow/py_venv/lib/python3.12/site-packages/airflow/example_dags/example_branch_day_of_week_operator.py took 0.095 seconds
[2024-09-18T12:01:25.776+0100] {processor.py:186} INFO - Started process (PID=11786) to work on /Users/ds2718/Documents/test_python_airflow/airflow/py_venv/lib/python3.12/site-packages/airflow/example_dags/example_branch_day_of_week_operator.py
[2024-09-18T12:01:25.778+0100] {processor.py:914} INFO - Processing file /Users/ds2718/Documents/test_python_airflow/airflow/py_venv/lib/python3.12/site-packages/airflow/example_dags/example_branch_day_of_week_operator.py for tasks to queue
[2024-09-18T12:01:25.778+0100] {logging_mixin.py:190} INFO - [2024-09-18T12:01:25.778+0100] {dagbag.py:587} INFO - Filling up the DagBag from /Users/ds2718/Documents/test_python_airflow/airflow/py_venv/lib/python3.12/site-packages/airflow/example_dags/example_branch_day_of_week_operator.py
[2024-09-18T12:01:25.803+0100] {processor.py:925} INFO - DAG(s) 'example_weekday_branch_operator' retrieved from /Users/ds2718/Documents/test_python_airflow/airflow/py_venv/lib/python3.12/site-packages/airflow/example_dags/example_branch_day_of_week_operator.py
[2024-09-18T12:01:25.854+0100] {logging_mixin.py:190} INFO - [2024-09-18T12:01:25.854+0100] {dag.py:3229} INFO - Sync 1 DAGs
[2024-09-18T12:01:25.866+0100] {logging_mixin.py:190} INFO - [2024-09-18T12:01:25.866+0100] {dag.py:4156} INFO - Setting next_dagrun for example_weekday_branch_operator to 2024-09-17 00:00:00+00:00, run_after=2024-09-18 00:00:00+00:00
[2024-09-18T12:01:25.885+0100] {processor.py:208} INFO - Processing /Users/ds2718/Documents/test_python_airflow/airflow/py_venv/lib/python3.12/site-packages/airflow/example_dags/example_branch_day_of_week_operator.py took 0.111 seconds
[2024-09-18T12:06:39.030+0100] {processor.py:186} INFO - Started process (PID=12050) to work on /Users/ds2718/Documents/test_python_airflow/airflow/py_venv/lib/python3.12/site-packages/airflow/example_dags/example_branch_day_of_week_operator.py
[2024-09-18T12:06:39.030+0100] {processor.py:914} INFO - Processing file /Users/ds2718/Documents/test_python_airflow/airflow/py_venv/lib/python3.12/site-packages/airflow/example_dags/example_branch_day_of_week_operator.py for tasks to queue
[2024-09-18T12:06:39.030+0100] {logging_mixin.py:190} INFO - [2024-09-18T12:06:39.030+0100] {dagbag.py:587} INFO - Filling up the DagBag from /Users/ds2718/Documents/test_python_airflow/airflow/py_venv/lib/python3.12/site-packages/airflow/example_dags/example_branch_day_of_week_operator.py
[2024-09-18T12:06:39.036+0100] {processor.py:925} INFO - DAG(s) 'example_weekday_branch_operator' retrieved from /Users/ds2718/Documents/test_python_airflow/airflow/py_venv/lib/python3.12/site-packages/airflow/example_dags/example_branch_day_of_week_operator.py
[2024-09-18T12:06:39.077+0100] {logging_mixin.py:190} INFO - [2024-09-18T12:06:39.077+0100] {dag.py:3229} INFO - Sync 1 DAGs
[2024-09-18T12:06:39.089+0100] {logging_mixin.py:190} INFO - [2024-09-18T12:06:39.089+0100] {dag.py:4156} INFO - Setting next_dagrun for example_weekday_branch_operator to 2024-09-17 00:00:00+00:00, run_after=2024-09-18 00:00:00+00:00
[2024-09-18T12:06:39.098+0100] {processor.py:208} INFO - Processing /Users/ds2718/Documents/test_python_airflow/airflow/py_venv/lib/python3.12/site-packages/airflow/example_dags/example_branch_day_of_week_operator.py took 0.070 seconds
[2024-09-18T12:07:14.420+0100] {processor.py:186} INFO - Started process (PID=12211) to work on /Users/ds2718/Documents/test_python_airflow/airflow/py_venv/lib/python3.12/site-packages/airflow/example_dags/example_branch_day_of_week_operator.py
[2024-09-18T12:07:14.421+0100] {processor.py:914} INFO - Processing file /Users/ds2718/Documents/test_python_airflow/airflow/py_venv/lib/python3.12/site-packages/airflow/example_dags/example_branch_day_of_week_operator.py for tasks to queue
[2024-09-18T12:07:14.421+0100] {logging_mixin.py:190} INFO - [2024-09-18T12:07:14.421+0100] {dagbag.py:587} INFO - Filling up the DagBag from /Users/ds2718/Documents/test_python_airflow/airflow/py_venv/lib/python3.12/site-packages/airflow/example_dags/example_branch_day_of_week_operator.py
[2024-09-18T12:07:14.426+0100] {processor.py:925} INFO - DAG(s) 'example_weekday_branch_operator' retrieved from /Users/ds2718/Documents/test_python_airflow/airflow/py_venv/lib/python3.12/site-packages/airflow/example_dags/example_branch_day_of_week_operator.py
[2024-09-18T12:07:14.466+0100] {logging_mixin.py:190} INFO - [2024-09-18T12:07:14.466+0100] {dag.py:3229} INFO - Sync 1 DAGs
[2024-09-18T12:07:14.478+0100] {logging_mixin.py:190} INFO - [2024-09-18T12:07:14.478+0100] {dag.py:4156} INFO - Setting next_dagrun for example_weekday_branch_operator to 2024-09-17 00:00:00+00:00, run_after=2024-09-18 00:00:00+00:00
[2024-09-18T12:07:14.487+0100] {processor.py:208} INFO - Processing /Users/ds2718/Documents/test_python_airflow/airflow/py_venv/lib/python3.12/site-packages/airflow/example_dags/example_branch_day_of_week_operator.py took 0.069 seconds
[2024-09-18T12:07:55.979+0100] {processor.py:186} INFO - Started process (PID=12410) to work on /Users/ds2718/Documents/test_python_airflow/airflow/py_venv/lib/python3.12/site-packages/airflow/example_dags/example_branch_day_of_week_operator.py
[2024-09-18T12:07:55.980+0100] {processor.py:914} INFO - Processing file /Users/ds2718/Documents/test_python_airflow/airflow/py_venv/lib/python3.12/site-packages/airflow/example_dags/example_branch_day_of_week_operator.py for tasks to queue
[2024-09-18T12:07:55.981+0100] {logging_mixin.py:190} INFO - [2024-09-18T12:07:55.981+0100] {dagbag.py:587} INFO - Filling up the DagBag from /Users/ds2718/Documents/test_python_airflow/airflow/py_venv/lib/python3.12/site-packages/airflow/example_dags/example_branch_day_of_week_operator.py
[2024-09-18T12:07:55.989+0100] {processor.py:925} INFO - DAG(s) 'example_weekday_branch_operator' retrieved from /Users/ds2718/Documents/test_python_airflow/airflow/py_venv/lib/python3.12/site-packages/airflow/example_dags/example_branch_day_of_week_operator.py
[2024-09-18T12:07:56.043+0100] {logging_mixin.py:190} INFO - [2024-09-18T12:07:56.043+0100] {dag.py:3229} INFO - Sync 1 DAGs
[2024-09-18T12:07:56.053+0100] {logging_mixin.py:190} INFO - [2024-09-18T12:07:56.053+0100] {dag.py:4156} INFO - Setting next_dagrun for example_weekday_branch_operator to 2024-09-17 00:00:00+00:00, run_after=2024-09-18 00:00:00+00:00
[2024-09-18T12:07:56.069+0100] {processor.py:208} INFO - Processing /Users/ds2718/Documents/test_python_airflow/airflow/py_venv/lib/python3.12/site-packages/airflow/example_dags/example_branch_day_of_week_operator.py took 0.100 seconds
[2024-09-18T12:08:39.742+0100] {processor.py:186} INFO - Started process (PID=12624) to work on /Users/ds2718/Documents/test_python_airflow/airflow/py_venv/lib/python3.12/site-packages/airflow/example_dags/example_branch_day_of_week_operator.py
[2024-09-18T12:08:39.742+0100] {processor.py:914} INFO - Processing file /Users/ds2718/Documents/test_python_airflow/airflow/py_venv/lib/python3.12/site-packages/airflow/example_dags/example_branch_day_of_week_operator.py for tasks to queue
[2024-09-18T12:08:39.743+0100] {logging_mixin.py:190} INFO - [2024-09-18T12:08:39.743+0100] {dagbag.py:587} INFO - Filling up the DagBag from /Users/ds2718/Documents/test_python_airflow/airflow/py_venv/lib/python3.12/site-packages/airflow/example_dags/example_branch_day_of_week_operator.py
[2024-09-18T12:08:39.749+0100] {processor.py:925} INFO - DAG(s) 'example_weekday_branch_operator' retrieved from /Users/ds2718/Documents/test_python_airflow/airflow/py_venv/lib/python3.12/site-packages/airflow/example_dags/example_branch_day_of_week_operator.py
[2024-09-18T12:08:39.790+0100] {logging_mixin.py:190} INFO - [2024-09-18T12:08:39.789+0100] {dag.py:3229} INFO - Sync 1 DAGs
[2024-09-18T12:08:39.799+0100] {logging_mixin.py:190} INFO - [2024-09-18T12:08:39.799+0100] {dag.py:4156} INFO - Setting next_dagrun for example_weekday_branch_operator to 2024-09-17 00:00:00+00:00, run_after=2024-09-18 00:00:00+00:00
[2024-09-18T12:08:39.806+0100] {processor.py:208} INFO - Processing /Users/ds2718/Documents/test_python_airflow/airflow/py_venv/lib/python3.12/site-packages/airflow/example_dags/example_branch_day_of_week_operator.py took 0.071 seconds
[2024-09-18T12:09:12.789+0100] {processor.py:186} INFO - Started process (PID=12776) to work on /Users/ds2718/Documents/test_python_airflow/airflow/py_venv/lib/python3.12/site-packages/airflow/example_dags/example_branch_day_of_week_operator.py
[2024-09-18T12:09:12.790+0100] {processor.py:914} INFO - Processing file /Users/ds2718/Documents/test_python_airflow/airflow/py_venv/lib/python3.12/site-packages/airflow/example_dags/example_branch_day_of_week_operator.py for tasks to queue
[2024-09-18T12:09:12.790+0100] {logging_mixin.py:190} INFO - [2024-09-18T12:09:12.790+0100] {dagbag.py:587} INFO - Filling up the DagBag from /Users/ds2718/Documents/test_python_airflow/airflow/py_venv/lib/python3.12/site-packages/airflow/example_dags/example_branch_day_of_week_operator.py
[2024-09-18T12:09:12.796+0100] {processor.py:925} INFO - DAG(s) 'example_weekday_branch_operator' retrieved from /Users/ds2718/Documents/test_python_airflow/airflow/py_venv/lib/python3.12/site-packages/airflow/example_dags/example_branch_day_of_week_operator.py
[2024-09-18T12:09:12.856+0100] {logging_mixin.py:190} INFO - [2024-09-18T12:09:12.855+0100] {dag.py:3229} INFO - Sync 1 DAGs
[2024-09-18T12:09:12.865+0100] {logging_mixin.py:190} INFO - [2024-09-18T12:09:12.865+0100] {dag.py:4156} INFO - Setting next_dagrun for example_weekday_branch_operator to 2024-09-17 00:00:00+00:00, run_after=2024-09-18 00:00:00+00:00
[2024-09-18T12:09:12.883+0100] {processor.py:208} INFO - Processing /Users/ds2718/Documents/test_python_airflow/airflow/py_venv/lib/python3.12/site-packages/airflow/example_dags/example_branch_day_of_week_operator.py took 0.100 seconds
[2024-09-18T12:09:49.661+0100] {processor.py:186} INFO - Started process (PID=12989) to work on /Users/ds2718/Documents/test_python_airflow/airflow/py_venv/lib/python3.12/site-packages/airflow/example_dags/example_branch_day_of_week_operator.py
[2024-09-18T12:09:49.661+0100] {processor.py:914} INFO - Processing file /Users/ds2718/Documents/test_python_airflow/airflow/py_venv/lib/python3.12/site-packages/airflow/example_dags/example_branch_day_of_week_operator.py for tasks to queue
[2024-09-18T12:09:49.662+0100] {logging_mixin.py:190} INFO - [2024-09-18T12:09:49.662+0100] {dagbag.py:587} INFO - Filling up the DagBag from /Users/ds2718/Documents/test_python_airflow/airflow/py_venv/lib/python3.12/site-packages/airflow/example_dags/example_branch_day_of_week_operator.py
[2024-09-18T12:09:49.668+0100] {processor.py:925} INFO - DAG(s) 'example_weekday_branch_operator' retrieved from /Users/ds2718/Documents/test_python_airflow/airflow/py_venv/lib/python3.12/site-packages/airflow/example_dags/example_branch_day_of_week_operator.py
[2024-09-18T12:09:49.710+0100] {logging_mixin.py:190} INFO - [2024-09-18T12:09:49.710+0100] {dag.py:3229} INFO - Sync 1 DAGs
[2024-09-18T12:09:49.723+0100] {logging_mixin.py:190} INFO - [2024-09-18T12:09:49.723+0100] {dag.py:4156} INFO - Setting next_dagrun for example_weekday_branch_operator to 2024-09-17 00:00:00+00:00, run_after=2024-09-18 00:00:00+00:00
[2024-09-18T12:09:49.739+0100] {processor.py:208} INFO - Processing /Users/ds2718/Documents/test_python_airflow/airflow/py_venv/lib/python3.12/site-packages/airflow/example_dags/example_branch_day_of_week_operator.py took 0.085 seconds
[2024-09-18T12:10:21.748+0100] {processor.py:186} INFO - Started process (PID=13116) to work on /Users/ds2718/Documents/test_python_airflow/airflow/py_venv/lib/python3.12/site-packages/airflow/example_dags/example_branch_day_of_week_operator.py
[2024-09-18T12:10:21.749+0100] {processor.py:914} INFO - Processing file /Users/ds2718/Documents/test_python_airflow/airflow/py_venv/lib/python3.12/site-packages/airflow/example_dags/example_branch_day_of_week_operator.py for tasks to queue
[2024-09-18T12:10:21.750+0100] {logging_mixin.py:190} INFO - [2024-09-18T12:10:21.750+0100] {dagbag.py:587} INFO - Filling up the DagBag from /Users/ds2718/Documents/test_python_airflow/airflow/py_venv/lib/python3.12/site-packages/airflow/example_dags/example_branch_day_of_week_operator.py
[2024-09-18T12:10:21.757+0100] {processor.py:925} INFO - DAG(s) 'example_weekday_branch_operator' retrieved from /Users/ds2718/Documents/test_python_airflow/airflow/py_venv/lib/python3.12/site-packages/airflow/example_dags/example_branch_day_of_week_operator.py
[2024-09-18T12:10:21.805+0100] {logging_mixin.py:190} INFO - [2024-09-18T12:10:21.805+0100] {dag.py:3229} INFO - Sync 1 DAGs
[2024-09-18T12:10:21.817+0100] {logging_mixin.py:190} INFO - [2024-09-18T12:10:21.817+0100] {dag.py:4156} INFO - Setting next_dagrun for example_weekday_branch_operator to 2024-09-17 00:00:00+00:00, run_after=2024-09-18 00:00:00+00:00
[2024-09-18T12:10:21.835+0100] {processor.py:208} INFO - Processing /Users/ds2718/Documents/test_python_airflow/airflow/py_venv/lib/python3.12/site-packages/airflow/example_dags/example_branch_day_of_week_operator.py took 0.096 seconds
[2024-09-18T12:10:57.121+0100] {processor.py:186} INFO - Started process (PID=13293) to work on /Users/ds2718/Documents/test_python_airflow/airflow/py_venv/lib/python3.12/site-packages/airflow/example_dags/example_branch_day_of_week_operator.py
[2024-09-18T12:10:57.122+0100] {processor.py:914} INFO - Processing file /Users/ds2718/Documents/test_python_airflow/airflow/py_venv/lib/python3.12/site-packages/airflow/example_dags/example_branch_day_of_week_operator.py for tasks to queue
[2024-09-18T12:10:57.123+0100] {logging_mixin.py:190} INFO - [2024-09-18T12:10:57.123+0100] {dagbag.py:587} INFO - Filling up the DagBag from /Users/ds2718/Documents/test_python_airflow/airflow/py_venv/lib/python3.12/site-packages/airflow/example_dags/example_branch_day_of_week_operator.py
[2024-09-18T12:10:57.131+0100] {processor.py:925} INFO - DAG(s) 'example_weekday_branch_operator' retrieved from /Users/ds2718/Documents/test_python_airflow/airflow/py_venv/lib/python3.12/site-packages/airflow/example_dags/example_branch_day_of_week_operator.py
[2024-09-18T12:10:57.189+0100] {logging_mixin.py:190} INFO - [2024-09-18T12:10:57.189+0100] {dag.py:3229} INFO - Sync 1 DAGs
[2024-09-18T12:10:57.201+0100] {logging_mixin.py:190} INFO - [2024-09-18T12:10:57.201+0100] {dag.py:4156} INFO - Setting next_dagrun for example_weekday_branch_operator to 2024-09-17 00:00:00+00:00, run_after=2024-09-18 00:00:00+00:00
[2024-09-18T12:10:57.217+0100] {processor.py:208} INFO - Processing /Users/ds2718/Documents/test_python_airflow/airflow/py_venv/lib/python3.12/site-packages/airflow/example_dags/example_branch_day_of_week_operator.py took 0.106 seconds
[2024-09-18T12:11:31.850+0100] {processor.py:186} INFO - Started process (PID=13441) to work on /Users/ds2718/Documents/test_python_airflow/airflow/py_venv/lib/python3.12/site-packages/airflow/example_dags/example_branch_day_of_week_operator.py
[2024-09-18T12:11:31.850+0100] {processor.py:914} INFO - Processing file /Users/ds2718/Documents/test_python_airflow/airflow/py_venv/lib/python3.12/site-packages/airflow/example_dags/example_branch_day_of_week_operator.py for tasks to queue
[2024-09-18T12:11:31.851+0100] {logging_mixin.py:190} INFO - [2024-09-18T12:11:31.851+0100] {dagbag.py:587} INFO - Filling up the DagBag from /Users/ds2718/Documents/test_python_airflow/airflow/py_venv/lib/python3.12/site-packages/airflow/example_dags/example_branch_day_of_week_operator.py
[2024-09-18T12:11:31.856+0100] {processor.py:925} INFO - DAG(s) 'example_weekday_branch_operator' retrieved from /Users/ds2718/Documents/test_python_airflow/airflow/py_venv/lib/python3.12/site-packages/airflow/example_dags/example_branch_day_of_week_operator.py
[2024-09-18T12:11:31.909+0100] {logging_mixin.py:190} INFO - [2024-09-18T12:11:31.909+0100] {dag.py:3229} INFO - Sync 1 DAGs
[2024-09-18T12:11:31.922+0100] {logging_mixin.py:190} INFO - [2024-09-18T12:11:31.922+0100] {dag.py:4156} INFO - Setting next_dagrun for example_weekday_branch_operator to 2024-09-17 00:00:00+00:00, run_after=2024-09-18 00:00:00+00:00
[2024-09-18T12:11:31.931+0100] {processor.py:208} INFO - Processing /Users/ds2718/Documents/test_python_airflow/airflow/py_venv/lib/python3.12/site-packages/airflow/example_dags/example_branch_day_of_week_operator.py took 0.086 seconds
[2024-09-18T12:12:04.183+0100] {processor.py:186} INFO - Started process (PID=13601) to work on /Users/ds2718/Documents/test_python_airflow/airflow/py_venv/lib/python3.12/site-packages/airflow/example_dags/example_branch_day_of_week_operator.py
[2024-09-18T12:12:04.186+0100] {processor.py:914} INFO - Processing file /Users/ds2718/Documents/test_python_airflow/airflow/py_venv/lib/python3.12/site-packages/airflow/example_dags/example_branch_day_of_week_operator.py for tasks to queue
[2024-09-18T12:12:04.186+0100] {logging_mixin.py:190} INFO - [2024-09-18T12:12:04.186+0100] {dagbag.py:587} INFO - Filling up the DagBag from /Users/ds2718/Documents/test_python_airflow/airflow/py_venv/lib/python3.12/site-packages/airflow/example_dags/example_branch_day_of_week_operator.py
[2024-09-18T12:12:04.193+0100] {processor.py:925} INFO - DAG(s) 'example_weekday_branch_operator' retrieved from /Users/ds2718/Documents/test_python_airflow/airflow/py_venv/lib/python3.12/site-packages/airflow/example_dags/example_branch_day_of_week_operator.py
[2024-09-18T12:12:04.238+0100] {logging_mixin.py:190} INFO - [2024-09-18T12:12:04.238+0100] {dag.py:3229} INFO - Sync 1 DAGs
[2024-09-18T12:12:04.251+0100] {logging_mixin.py:190} INFO - [2024-09-18T12:12:04.251+0100] {dag.py:4156} INFO - Setting next_dagrun for example_weekday_branch_operator to 2024-09-17 00:00:00+00:00, run_after=2024-09-18 00:00:00+00:00
[2024-09-18T12:12:04.285+0100] {processor.py:208} INFO - Processing /Users/ds2718/Documents/test_python_airflow/airflow/py_venv/lib/python3.12/site-packages/airflow/example_dags/example_branch_day_of_week_operator.py took 0.109 seconds
[2024-09-18T12:12:38.230+0100] {processor.py:186} INFO - Started process (PID=13729) to work on /Users/ds2718/Documents/test_python_airflow/airflow/py_venv/lib/python3.12/site-packages/airflow/example_dags/example_branch_day_of_week_operator.py
[2024-09-18T12:12:38.231+0100] {processor.py:914} INFO - Processing file /Users/ds2718/Documents/test_python_airflow/airflow/py_venv/lib/python3.12/site-packages/airflow/example_dags/example_branch_day_of_week_operator.py for tasks to queue
[2024-09-18T12:12:38.232+0100] {logging_mixin.py:190} INFO - [2024-09-18T12:12:38.232+0100] {dagbag.py:587} INFO - Filling up the DagBag from /Users/ds2718/Documents/test_python_airflow/airflow/py_venv/lib/python3.12/site-packages/airflow/example_dags/example_branch_day_of_week_operator.py
[2024-09-18T12:12:38.241+0100] {processor.py:925} INFO - DAG(s) 'example_weekday_branch_operator' retrieved from /Users/ds2718/Documents/test_python_airflow/airflow/py_venv/lib/python3.12/site-packages/airflow/example_dags/example_branch_day_of_week_operator.py
[2024-09-18T12:12:38.290+0100] {logging_mixin.py:190} INFO - [2024-09-18T12:12:38.290+0100] {dag.py:3229} INFO - Sync 1 DAGs
[2024-09-18T12:12:38.302+0100] {logging_mixin.py:190} INFO - [2024-09-18T12:12:38.302+0100] {dag.py:4156} INFO - Setting next_dagrun for example_weekday_branch_operator to 2024-09-17 00:00:00+00:00, run_after=2024-09-18 00:00:00+00:00
[2024-09-18T12:12:38.340+0100] {processor.py:208} INFO - Processing /Users/ds2718/Documents/test_python_airflow/airflow/py_venv/lib/python3.12/site-packages/airflow/example_dags/example_branch_day_of_week_operator.py took 0.120 seconds
[2024-09-18T12:13:13.934+0100] {processor.py:186} INFO - Started process (PID=13944) to work on /Users/ds2718/Documents/test_python_airflow/airflow/py_venv/lib/python3.12/site-packages/airflow/example_dags/example_branch_day_of_week_operator.py
[2024-09-18T12:13:13.935+0100] {processor.py:914} INFO - Processing file /Users/ds2718/Documents/test_python_airflow/airflow/py_venv/lib/python3.12/site-packages/airflow/example_dags/example_branch_day_of_week_operator.py for tasks to queue
[2024-09-18T12:13:13.935+0100] {logging_mixin.py:190} INFO - [2024-09-18T12:13:13.935+0100] {dagbag.py:587} INFO - Filling up the DagBag from /Users/ds2718/Documents/test_python_airflow/airflow/py_venv/lib/python3.12/site-packages/airflow/example_dags/example_branch_day_of_week_operator.py
[2024-09-18T12:13:13.940+0100] {processor.py:925} INFO - DAG(s) 'example_weekday_branch_operator' retrieved from /Users/ds2718/Documents/test_python_airflow/airflow/py_venv/lib/python3.12/site-packages/airflow/example_dags/example_branch_day_of_week_operator.py
[2024-09-18T12:13:13.980+0100] {logging_mixin.py:190} INFO - [2024-09-18T12:13:13.980+0100] {dag.py:3229} INFO - Sync 1 DAGs
[2024-09-18T12:13:13.991+0100] {logging_mixin.py:190} INFO - [2024-09-18T12:13:13.991+0100] {dag.py:4156} INFO - Setting next_dagrun for example_weekday_branch_operator to 2024-09-17 00:00:00+00:00, run_after=2024-09-18 00:00:00+00:00
[2024-09-18T12:13:14.016+0100] {processor.py:208} INFO - Processing /Users/ds2718/Documents/test_python_airflow/airflow/py_venv/lib/python3.12/site-packages/airflow/example_dags/example_branch_day_of_week_operator.py took 0.084 seconds
[2024-09-18T12:13:52.430+0100] {processor.py:186} INFO - Started process (PID=14093) to work on /Users/ds2718/Documents/test_python_airflow/airflow/py_venv/lib/python3.12/site-packages/airflow/example_dags/example_branch_day_of_week_operator.py
[2024-09-18T12:13:52.430+0100] {processor.py:914} INFO - Processing file /Users/ds2718/Documents/test_python_airflow/airflow/py_venv/lib/python3.12/site-packages/airflow/example_dags/example_branch_day_of_week_operator.py for tasks to queue
[2024-09-18T12:13:52.431+0100] {logging_mixin.py:190} INFO - [2024-09-18T12:13:52.431+0100] {dagbag.py:587} INFO - Filling up the DagBag from /Users/ds2718/Documents/test_python_airflow/airflow/py_venv/lib/python3.12/site-packages/airflow/example_dags/example_branch_day_of_week_operator.py
[2024-09-18T12:13:52.437+0100] {processor.py:925} INFO - DAG(s) 'example_weekday_branch_operator' retrieved from /Users/ds2718/Documents/test_python_airflow/airflow/py_venv/lib/python3.12/site-packages/airflow/example_dags/example_branch_day_of_week_operator.py
[2024-09-18T12:13:52.487+0100] {logging_mixin.py:190} INFO - [2024-09-18T12:13:52.487+0100] {dag.py:3229} INFO - Sync 1 DAGs
[2024-09-18T12:13:52.498+0100] {logging_mixin.py:190} INFO - [2024-09-18T12:13:52.498+0100] {dag.py:4156} INFO - Setting next_dagrun for example_weekday_branch_operator to 2024-09-17 00:00:00+00:00, run_after=2024-09-18 00:00:00+00:00
[2024-09-18T12:13:52.509+0100] {processor.py:208} INFO - Processing /Users/ds2718/Documents/test_python_airflow/airflow/py_venv/lib/python3.12/site-packages/airflow/example_dags/example_branch_day_of_week_operator.py took 0.085 seconds
