[2024-09-18T11:54:21.632+0100] {processor.py:186} INFO - Started process (PID=9514) to work on /Users/ds2718/Documents/test_python_airflow/airflow/py_venv/lib/python3.12/site-packages/airflow/example_dags/example_dataset_alias_with_no_taskflow.py
[2024-09-18T11:54:21.633+0100] {processor.py:914} INFO - Processing file /Users/ds2718/Documents/test_python_airflow/airflow/py_venv/lib/python3.12/site-packages/airflow/example_dags/example_dataset_alias_with_no_taskflow.py for tasks to queue
[2024-09-18T11:54:21.633+0100] {logging_mixin.py:190} INFO - [2024-09-18T11:54:21.633+0100] {dagbag.py:587} INFO - Filling up the DagBag from /Users/ds2718/Documents/test_python_airflow/airflow/py_venv/lib/python3.12/site-packages/airflow/example_dags/example_dataset_alias_with_no_taskflow.py
[2024-09-18T11:54:21.719+0100] {processor.py:925} INFO - DAG(s) 'dataset_alias_example_alias_consumer_with_no_taskflow', 'dataset_s3_bucket_producer_with_no_taskflow', 'dataset_alias_example_alias_producer_with_no_taskflow', 'dataset_s3_bucket_consumer_with_no_taskflow' retrieved from /Users/ds2718/Documents/test_python_airflow/airflow/py_venv/lib/python3.12/site-packages/airflow/example_dags/example_dataset_alias_with_no_taskflow.py
[2024-09-18T11:54:21.808+0100] {logging_mixin.py:190} INFO - [2024-09-18T11:54:21.808+0100] {override.py:1900} INFO - Created Permission View: can edit on DAG:dataset_alias_example_alias_consumer_with_no_taskflow
[2024-09-18T11:54:21.812+0100] {logging_mixin.py:190} INFO - [2024-09-18T11:54:21.812+0100] {override.py:1900} INFO - Created Permission View: can delete on DAG:dataset_alias_example_alias_consumer_with_no_taskflow
[2024-09-18T11:54:21.815+0100] {logging_mixin.py:190} INFO - [2024-09-18T11:54:21.815+0100] {override.py:1900} INFO - Created Permission View: can read on DAG:dataset_alias_example_alias_consumer_with_no_taskflow
[2024-09-18T11:54:21.818+0100] {logging_mixin.py:190} INFO - [2024-09-18T11:54:21.818+0100] {override.py:1900} INFO - Created Permission View: menu access on DAG Run:dataset_alias_example_alias_consumer_with_no_taskflow
[2024-09-18T11:54:21.821+0100] {logging_mixin.py:190} INFO - [2024-09-18T11:54:21.820+0100] {override.py:1900} INFO - Created Permission View: can create on DAG Run:dataset_alias_example_alias_consumer_with_no_taskflow
[2024-09-18T11:54:21.823+0100] {logging_mixin.py:190} INFO - [2024-09-18T11:54:21.823+0100] {override.py:1900} INFO - Created Permission View: can delete on DAG Run:dataset_alias_example_alias_consumer_with_no_taskflow
[2024-09-18T11:54:21.825+0100] {logging_mixin.py:190} INFO - [2024-09-18T11:54:21.825+0100] {override.py:1900} INFO - Created Permission View: can read on DAG Run:dataset_alias_example_alias_consumer_with_no_taskflow
[2024-09-18T11:54:21.829+0100] {logging_mixin.py:190} INFO - [2024-09-18T11:54:21.829+0100] {override.py:1900} INFO - Created Permission View: can edit on DAG:dataset_s3_bucket_producer_with_no_taskflow
[2024-09-18T11:54:21.831+0100] {logging_mixin.py:190} INFO - [2024-09-18T11:54:21.831+0100] {override.py:1900} INFO - Created Permission View: can delete on DAG:dataset_s3_bucket_producer_with_no_taskflow
[2024-09-18T11:54:21.834+0100] {logging_mixin.py:190} INFO - [2024-09-18T11:54:21.833+0100] {override.py:1900} INFO - Created Permission View: can read on DAG:dataset_s3_bucket_producer_with_no_taskflow
[2024-09-18T11:54:21.836+0100] {logging_mixin.py:190} INFO - [2024-09-18T11:54:21.836+0100] {override.py:1900} INFO - Created Permission View: menu access on DAG Run:dataset_s3_bucket_producer_with_no_taskflow
[2024-09-18T11:54:21.838+0100] {logging_mixin.py:190} INFO - [2024-09-18T11:54:21.838+0100] {override.py:1900} INFO - Created Permission View: can create on DAG Run:dataset_s3_bucket_producer_with_no_taskflow
[2024-09-18T11:54:21.840+0100] {logging_mixin.py:190} INFO - [2024-09-18T11:54:21.840+0100] {override.py:1900} INFO - Created Permission View: can delete on DAG Run:dataset_s3_bucket_producer_with_no_taskflow
[2024-09-18T11:54:21.842+0100] {logging_mixin.py:190} INFO - [2024-09-18T11:54:21.842+0100] {override.py:1900} INFO - Created Permission View: can read on DAG Run:dataset_s3_bucket_producer_with_no_taskflow
[2024-09-18T11:54:21.846+0100] {logging_mixin.py:190} INFO - [2024-09-18T11:54:21.846+0100] {override.py:1900} INFO - Created Permission View: can edit on DAG:dataset_alias_example_alias_producer_with_no_taskflow
[2024-09-18T11:54:21.848+0100] {logging_mixin.py:190} INFO - [2024-09-18T11:54:21.848+0100] {override.py:1900} INFO - Created Permission View: can delete on DAG:dataset_alias_example_alias_producer_with_no_taskflow
[2024-09-18T11:54:21.850+0100] {logging_mixin.py:190} INFO - [2024-09-18T11:54:21.850+0100] {override.py:1900} INFO - Created Permission View: can read on DAG:dataset_alias_example_alias_producer_with_no_taskflow
[2024-09-18T11:54:21.852+0100] {logging_mixin.py:190} INFO - [2024-09-18T11:54:21.852+0100] {override.py:1900} INFO - Created Permission View: menu access on DAG Run:dataset_alias_example_alias_producer_with_no_taskflow
[2024-09-18T11:54:21.856+0100] {logging_mixin.py:190} INFO - [2024-09-18T11:54:21.856+0100] {override.py:1900} INFO - Created Permission View: can create on DAG Run:dataset_alias_example_alias_producer_with_no_taskflow
[2024-09-18T11:54:21.859+0100] {logging_mixin.py:190} INFO - [2024-09-18T11:54:21.859+0100] {override.py:1900} INFO - Created Permission View: can delete on DAG Run:dataset_alias_example_alias_producer_with_no_taskflow
[2024-09-18T11:54:21.861+0100] {logging_mixin.py:190} INFO - [2024-09-18T11:54:21.861+0100] {override.py:1900} INFO - Created Permission View: can read on DAG Run:dataset_alias_example_alias_producer_with_no_taskflow
[2024-09-18T11:54:21.866+0100] {logging_mixin.py:190} INFO - [2024-09-18T11:54:21.866+0100] {override.py:1900} INFO - Created Permission View: can edit on DAG:dataset_s3_bucket_consumer_with_no_taskflow
[2024-09-18T11:54:21.868+0100] {logging_mixin.py:190} INFO - [2024-09-18T11:54:21.868+0100] {override.py:1900} INFO - Created Permission View: can delete on DAG:dataset_s3_bucket_consumer_with_no_taskflow
[2024-09-18T11:54:21.871+0100] {logging_mixin.py:190} INFO - [2024-09-18T11:54:21.870+0100] {override.py:1900} INFO - Created Permission View: can read on DAG:dataset_s3_bucket_consumer_with_no_taskflow
[2024-09-18T11:54:21.873+0100] {logging_mixin.py:190} INFO - [2024-09-18T11:54:21.873+0100] {override.py:1900} INFO - Created Permission View: menu access on DAG Run:dataset_s3_bucket_consumer_with_no_taskflow
[2024-09-18T11:54:21.876+0100] {logging_mixin.py:190} INFO - [2024-09-18T11:54:21.876+0100] {override.py:1900} INFO - Created Permission View: can create on DAG Run:dataset_s3_bucket_consumer_with_no_taskflow
[2024-09-18T11:54:21.878+0100] {logging_mixin.py:190} INFO - [2024-09-18T11:54:21.878+0100] {override.py:1900} INFO - Created Permission View: can delete on DAG Run:dataset_s3_bucket_consumer_with_no_taskflow
[2024-09-18T11:54:21.880+0100] {logging_mixin.py:190} INFO - [2024-09-18T11:54:21.880+0100] {override.py:1900} INFO - Created Permission View: can read on DAG Run:dataset_s3_bucket_consumer_with_no_taskflow
[2024-09-18T11:54:21.880+0100] {logging_mixin.py:190} INFO - [2024-09-18T11:54:21.880+0100] {dag.py:3229} INFO - Sync 4 DAGs
[2024-09-18T11:54:21.886+0100] {logging_mixin.py:190} INFO - [2024-09-18T11:54:21.886+0100] {dag.py:3252} INFO - Creating ORM DAG for dataset_alias_example_alias_consumer_with_no_taskflow
[2024-09-18T11:54:21.886+0100] {logging_mixin.py:190} INFO - [2024-09-18T11:54:21.886+0100] {dag.py:3252} INFO - Creating ORM DAG for dataset_alias_example_alias_producer_with_no_taskflow
[2024-09-18T11:54:21.887+0100] {logging_mixin.py:190} INFO - [2024-09-18T11:54:21.886+0100] {dag.py:3252} INFO - Creating ORM DAG for dataset_s3_bucket_consumer_with_no_taskflow
[2024-09-18T11:54:21.887+0100] {logging_mixin.py:190} INFO - [2024-09-18T11:54:21.887+0100] {dag.py:3252} INFO - Creating ORM DAG for dataset_s3_bucket_producer_with_no_taskflow
[2024-09-18T11:54:21.890+0100] {logging_mixin.py:190} INFO - [2024-09-18T11:54:21.890+0100] {dag.py:4156} INFO - Setting next_dagrun for dataset_alias_example_alias_consumer_with_no_taskflow to None, run_after=None
[2024-09-18T11:54:21.890+0100] {logging_mixin.py:190} INFO - [2024-09-18T11:54:21.890+0100] {dag.py:4156} INFO - Setting next_dagrun for dataset_alias_example_alias_producer_with_no_taskflow to None, run_after=None
[2024-09-18T11:54:21.891+0100] {logging_mixin.py:190} INFO - [2024-09-18T11:54:21.890+0100] {dag.py:4156} INFO - Setting next_dagrun for dataset_s3_bucket_consumer_with_no_taskflow to None, run_after=None
[2024-09-18T11:54:21.891+0100] {logging_mixin.py:190} INFO - [2024-09-18T11:54:21.891+0100] {dag.py:4156} INFO - Setting next_dagrun for dataset_s3_bucket_producer_with_no_taskflow to None, run_after=None
[2024-09-18T11:54:22.073+0100] {processor.py:208} INFO - Processing /Users/ds2718/Documents/test_python_airflow/airflow/py_venv/lib/python3.12/site-packages/airflow/example_dags/example_dataset_alias_with_no_taskflow.py took 0.446 seconds
[2024-09-18T11:54:55.496+0100] {processor.py:186} INFO - Started process (PID=9723) to work on /Users/ds2718/Documents/test_python_airflow/airflow/py_venv/lib/python3.12/site-packages/airflow/example_dags/example_dataset_alias_with_no_taskflow.py
[2024-09-18T11:54:55.497+0100] {processor.py:914} INFO - Processing file /Users/ds2718/Documents/test_python_airflow/airflow/py_venv/lib/python3.12/site-packages/airflow/example_dags/example_dataset_alias_with_no_taskflow.py for tasks to queue
[2024-09-18T11:54:55.497+0100] {logging_mixin.py:190} INFO - [2024-09-18T11:54:55.497+0100] {dagbag.py:587} INFO - Filling up the DagBag from /Users/ds2718/Documents/test_python_airflow/airflow/py_venv/lib/python3.12/site-packages/airflow/example_dags/example_dataset_alias_with_no_taskflow.py
[2024-09-18T11:54:55.592+0100] {processor.py:925} INFO - DAG(s) 'dataset_alias_example_alias_consumer_with_no_taskflow', 'dataset_s3_bucket_producer_with_no_taskflow', 'dataset_s3_bucket_consumer_with_no_taskflow', 'dataset_alias_example_alias_producer_with_no_taskflow' retrieved from /Users/ds2718/Documents/test_python_airflow/airflow/py_venv/lib/python3.12/site-packages/airflow/example_dags/example_dataset_alias_with_no_taskflow.py
[2024-09-18T11:54:55.615+0100] {logging_mixin.py:190} INFO - [2024-09-18T11:54:55.615+0100] {dag.py:3229} INFO - Sync 4 DAGs
[2024-09-18T11:54:55.657+0100] {logging_mixin.py:190} INFO - [2024-09-18T11:54:55.657+0100] {dag.py:4156} INFO - Setting next_dagrun for dataset_alias_example_alias_consumer_with_no_taskflow to None, run_after=None
[2024-09-18T11:54:55.658+0100] {logging_mixin.py:190} INFO - [2024-09-18T11:54:55.658+0100] {dag.py:4156} INFO - Setting next_dagrun for dataset_alias_example_alias_producer_with_no_taskflow to None, run_after=None
[2024-09-18T11:54:55.658+0100] {logging_mixin.py:190} INFO - [2024-09-18T11:54:55.658+0100] {dag.py:4156} INFO - Setting next_dagrun for dataset_s3_bucket_consumer_with_no_taskflow to None, run_after=None
[2024-09-18T11:54:55.658+0100] {logging_mixin.py:190} INFO - [2024-09-18T11:54:55.658+0100] {dag.py:4156} INFO - Setting next_dagrun for dataset_s3_bucket_producer_with_no_taskflow to None, run_after=None
[2024-09-18T11:54:55.669+0100] {processor.py:208} INFO - Processing /Users/ds2718/Documents/test_python_airflow/airflow/py_venv/lib/python3.12/site-packages/airflow/example_dags/example_dataset_alias_with_no_taskflow.py took 0.175 seconds
[2024-09-18T11:55:29.810+0100] {processor.py:186} INFO - Started process (PID=9893) to work on /Users/ds2718/Documents/test_python_airflow/airflow/py_venv/lib/python3.12/site-packages/airflow/example_dags/example_dataset_alias_with_no_taskflow.py
[2024-09-18T11:55:29.810+0100] {processor.py:914} INFO - Processing file /Users/ds2718/Documents/test_python_airflow/airflow/py_venv/lib/python3.12/site-packages/airflow/example_dags/example_dataset_alias_with_no_taskflow.py for tasks to queue
[2024-09-18T11:55:29.811+0100] {logging_mixin.py:190} INFO - [2024-09-18T11:55:29.811+0100] {dagbag.py:587} INFO - Filling up the DagBag from /Users/ds2718/Documents/test_python_airflow/airflow/py_venv/lib/python3.12/site-packages/airflow/example_dags/example_dataset_alias_with_no_taskflow.py
[2024-09-18T11:55:29.882+0100] {processor.py:925} INFO - DAG(s) 'dataset_s3_bucket_producer_with_no_taskflow', 'dataset_alias_example_alias_producer_with_no_taskflow', 'dataset_alias_example_alias_consumer_with_no_taskflow', 'dataset_s3_bucket_consumer_with_no_taskflow' retrieved from /Users/ds2718/Documents/test_python_airflow/airflow/py_venv/lib/python3.12/site-packages/airflow/example_dags/example_dataset_alias_with_no_taskflow.py
[2024-09-18T11:55:29.893+0100] {logging_mixin.py:190} INFO - [2024-09-18T11:55:29.893+0100] {dag.py:3229} INFO - Sync 4 DAGs
[2024-09-18T11:55:29.928+0100] {logging_mixin.py:190} INFO - [2024-09-18T11:55:29.928+0100] {dag.py:4156} INFO - Setting next_dagrun for dataset_alias_example_alias_consumer_with_no_taskflow to None, run_after=None
[2024-09-18T11:55:29.929+0100] {logging_mixin.py:190} INFO - [2024-09-18T11:55:29.929+0100] {dag.py:4156} INFO - Setting next_dagrun for dataset_alias_example_alias_producer_with_no_taskflow to None, run_after=None
[2024-09-18T11:55:29.929+0100] {logging_mixin.py:190} INFO - [2024-09-18T11:55:29.929+0100] {dag.py:4156} INFO - Setting next_dagrun for dataset_s3_bucket_consumer_with_no_taskflow to None, run_after=None
[2024-09-18T11:55:29.930+0100] {logging_mixin.py:190} INFO - [2024-09-18T11:55:29.930+0100] {dag.py:4156} INFO - Setting next_dagrun for dataset_s3_bucket_producer_with_no_taskflow to None, run_after=None
[2024-09-18T11:55:29.941+0100] {processor.py:208} INFO - Processing /Users/ds2718/Documents/test_python_airflow/airflow/py_venv/lib/python3.12/site-packages/airflow/example_dags/example_dataset_alias_with_no_taskflow.py took 0.133 seconds
[2024-09-18T11:56:02.784+0100] {processor.py:186} INFO - Started process (PID=10071) to work on /Users/ds2718/Documents/test_python_airflow/airflow/py_venv/lib/python3.12/site-packages/airflow/example_dags/example_dataset_alias_with_no_taskflow.py
[2024-09-18T11:56:02.785+0100] {processor.py:914} INFO - Processing file /Users/ds2718/Documents/test_python_airflow/airflow/py_venv/lib/python3.12/site-packages/airflow/example_dags/example_dataset_alias_with_no_taskflow.py for tasks to queue
[2024-09-18T11:56:02.786+0100] {logging_mixin.py:190} INFO - [2024-09-18T11:56:02.786+0100] {dagbag.py:587} INFO - Filling up the DagBag from /Users/ds2718/Documents/test_python_airflow/airflow/py_venv/lib/python3.12/site-packages/airflow/example_dags/example_dataset_alias_with_no_taskflow.py
[2024-09-18T11:56:02.860+0100] {processor.py:925} INFO - DAG(s) 'dataset_alias_example_alias_producer_with_no_taskflow', 'dataset_s3_bucket_consumer_with_no_taskflow', 'dataset_s3_bucket_producer_with_no_taskflow', 'dataset_alias_example_alias_consumer_with_no_taskflow' retrieved from /Users/ds2718/Documents/test_python_airflow/airflow/py_venv/lib/python3.12/site-packages/airflow/example_dags/example_dataset_alias_with_no_taskflow.py
[2024-09-18T11:56:02.869+0100] {logging_mixin.py:190} INFO - [2024-09-18T11:56:02.869+0100] {dag.py:3229} INFO - Sync 4 DAGs
[2024-09-18T11:56:02.904+0100] {logging_mixin.py:190} INFO - [2024-09-18T11:56:02.904+0100] {dag.py:4156} INFO - Setting next_dagrun for dataset_alias_example_alias_consumer_with_no_taskflow to None, run_after=None
[2024-09-18T11:56:02.906+0100] {logging_mixin.py:190} INFO - [2024-09-18T11:56:02.906+0100] {dag.py:4156} INFO - Setting next_dagrun for dataset_alias_example_alias_producer_with_no_taskflow to None, run_after=None
[2024-09-18T11:56:02.906+0100] {logging_mixin.py:190} INFO - [2024-09-18T11:56:02.906+0100] {dag.py:4156} INFO - Setting next_dagrun for dataset_s3_bucket_consumer_with_no_taskflow to None, run_after=None
[2024-09-18T11:56:02.906+0100] {logging_mixin.py:190} INFO - [2024-09-18T11:56:02.906+0100] {dag.py:4156} INFO - Setting next_dagrun for dataset_s3_bucket_producer_with_no_taskflow to None, run_after=None
[2024-09-18T11:56:02.922+0100] {processor.py:208} INFO - Processing /Users/ds2718/Documents/test_python_airflow/airflow/py_venv/lib/python3.12/site-packages/airflow/example_dags/example_dataset_alias_with_no_taskflow.py took 0.146 seconds
[2024-09-18T11:56:36.235+0100] {processor.py:186} INFO - Started process (PID=10212) to work on /Users/ds2718/Documents/test_python_airflow/airflow/py_venv/lib/python3.12/site-packages/airflow/example_dags/example_dataset_alias_with_no_taskflow.py
[2024-09-18T11:56:36.236+0100] {processor.py:914} INFO - Processing file /Users/ds2718/Documents/test_python_airflow/airflow/py_venv/lib/python3.12/site-packages/airflow/example_dags/example_dataset_alias_with_no_taskflow.py for tasks to queue
[2024-09-18T11:56:36.236+0100] {logging_mixin.py:190} INFO - [2024-09-18T11:56:36.236+0100] {dagbag.py:587} INFO - Filling up the DagBag from /Users/ds2718/Documents/test_python_airflow/airflow/py_venv/lib/python3.12/site-packages/airflow/example_dags/example_dataset_alias_with_no_taskflow.py
[2024-09-18T11:56:36.315+0100] {processor.py:925} INFO - DAG(s) 'dataset_s3_bucket_producer_with_no_taskflow', 'dataset_s3_bucket_consumer_with_no_taskflow', 'dataset_alias_example_alias_consumer_with_no_taskflow', 'dataset_alias_example_alias_producer_with_no_taskflow' retrieved from /Users/ds2718/Documents/test_python_airflow/airflow/py_venv/lib/python3.12/site-packages/airflow/example_dags/example_dataset_alias_with_no_taskflow.py
[2024-09-18T11:56:36.325+0100] {logging_mixin.py:190} INFO - [2024-09-18T11:56:36.325+0100] {dag.py:3229} INFO - Sync 4 DAGs
[2024-09-18T11:56:36.360+0100] {logging_mixin.py:190} INFO - [2024-09-18T11:56:36.360+0100] {dag.py:4156} INFO - Setting next_dagrun for dataset_alias_example_alias_consumer_with_no_taskflow to None, run_after=None
[2024-09-18T11:56:36.362+0100] {logging_mixin.py:190} INFO - [2024-09-18T11:56:36.361+0100] {dag.py:4156} INFO - Setting next_dagrun for dataset_alias_example_alias_producer_with_no_taskflow to None, run_after=None
[2024-09-18T11:56:36.362+0100] {logging_mixin.py:190} INFO - [2024-09-18T11:56:36.362+0100] {dag.py:4156} INFO - Setting next_dagrun for dataset_s3_bucket_consumer_with_no_taskflow to None, run_after=None
[2024-09-18T11:56:36.362+0100] {logging_mixin.py:190} INFO - [2024-09-18T11:56:36.362+0100] {dag.py:4156} INFO - Setting next_dagrun for dataset_s3_bucket_producer_with_no_taskflow to None, run_after=None
[2024-09-18T11:56:36.374+0100] {processor.py:208} INFO - Processing /Users/ds2718/Documents/test_python_airflow/airflow/py_venv/lib/python3.12/site-packages/airflow/example_dags/example_dataset_alias_with_no_taskflow.py took 0.140 seconds
[2024-09-18T11:57:08.800+0100] {processor.py:186} INFO - Started process (PID=10374) to work on /Users/ds2718/Documents/test_python_airflow/airflow/py_venv/lib/python3.12/site-packages/airflow/example_dags/example_dataset_alias_with_no_taskflow.py
[2024-09-18T11:57:08.801+0100] {processor.py:914} INFO - Processing file /Users/ds2718/Documents/test_python_airflow/airflow/py_venv/lib/python3.12/site-packages/airflow/example_dags/example_dataset_alias_with_no_taskflow.py for tasks to queue
[2024-09-18T11:57:08.801+0100] {logging_mixin.py:190} INFO - [2024-09-18T11:57:08.801+0100] {dagbag.py:587} INFO - Filling up the DagBag from /Users/ds2718/Documents/test_python_airflow/airflow/py_venv/lib/python3.12/site-packages/airflow/example_dags/example_dataset_alias_with_no_taskflow.py
[2024-09-18T11:57:08.884+0100] {processor.py:925} INFO - DAG(s) 'dataset_alias_example_alias_consumer_with_no_taskflow', 'dataset_alias_example_alias_producer_with_no_taskflow', 'dataset_s3_bucket_consumer_with_no_taskflow', 'dataset_s3_bucket_producer_with_no_taskflow' retrieved from /Users/ds2718/Documents/test_python_airflow/airflow/py_venv/lib/python3.12/site-packages/airflow/example_dags/example_dataset_alias_with_no_taskflow.py
[2024-09-18T11:57:08.894+0100] {logging_mixin.py:190} INFO - [2024-09-18T11:57:08.894+0100] {dag.py:3229} INFO - Sync 4 DAGs
[2024-09-18T11:57:08.937+0100] {logging_mixin.py:190} INFO - [2024-09-18T11:57:08.936+0100] {dag.py:4156} INFO - Setting next_dagrun for dataset_alias_example_alias_consumer_with_no_taskflow to None, run_after=None
[2024-09-18T11:57:08.938+0100] {logging_mixin.py:190} INFO - [2024-09-18T11:57:08.938+0100] {dag.py:4156} INFO - Setting next_dagrun for dataset_alias_example_alias_producer_with_no_taskflow to None, run_after=None
[2024-09-18T11:57:08.938+0100] {logging_mixin.py:190} INFO - [2024-09-18T11:57:08.938+0100] {dag.py:4156} INFO - Setting next_dagrun for dataset_s3_bucket_consumer_with_no_taskflow to None, run_after=None
[2024-09-18T11:57:08.939+0100] {logging_mixin.py:190} INFO - [2024-09-18T11:57:08.939+0100] {dag.py:4156} INFO - Setting next_dagrun for dataset_s3_bucket_producer_with_no_taskflow to None, run_after=None
[2024-09-18T11:57:08.949+0100] {processor.py:208} INFO - Processing /Users/ds2718/Documents/test_python_airflow/airflow/py_venv/lib/python3.12/site-packages/airflow/example_dags/example_dataset_alias_with_no_taskflow.py took 0.150 seconds
[2024-09-18T11:57:42.661+0100] {processor.py:186} INFO - Started process (PID=10549) to work on /Users/ds2718/Documents/test_python_airflow/airflow/py_venv/lib/python3.12/site-packages/airflow/example_dags/example_dataset_alias_with_no_taskflow.py
[2024-09-18T11:57:42.662+0100] {processor.py:914} INFO - Processing file /Users/ds2718/Documents/test_python_airflow/airflow/py_venv/lib/python3.12/site-packages/airflow/example_dags/example_dataset_alias_with_no_taskflow.py for tasks to queue
[2024-09-18T11:57:42.663+0100] {logging_mixin.py:190} INFO - [2024-09-18T11:57:42.663+0100] {dagbag.py:587} INFO - Filling up the DagBag from /Users/ds2718/Documents/test_python_airflow/airflow/py_venv/lib/python3.12/site-packages/airflow/example_dags/example_dataset_alias_with_no_taskflow.py
[2024-09-18T11:57:42.744+0100] {processor.py:925} INFO - DAG(s) 'dataset_s3_bucket_producer_with_no_taskflow', 'dataset_s3_bucket_consumer_with_no_taskflow', 'dataset_alias_example_alias_consumer_with_no_taskflow', 'dataset_alias_example_alias_producer_with_no_taskflow' retrieved from /Users/ds2718/Documents/test_python_airflow/airflow/py_venv/lib/python3.12/site-packages/airflow/example_dags/example_dataset_alias_with_no_taskflow.py
[2024-09-18T11:57:42.755+0100] {logging_mixin.py:190} INFO - [2024-09-18T11:57:42.754+0100] {dag.py:3229} INFO - Sync 4 DAGs
[2024-09-18T11:57:42.808+0100] {logging_mixin.py:190} INFO - [2024-09-18T11:57:42.807+0100] {dag.py:4156} INFO - Setting next_dagrun for dataset_alias_example_alias_consumer_with_no_taskflow to None, run_after=None
[2024-09-18T11:57:42.809+0100] {logging_mixin.py:190} INFO - [2024-09-18T11:57:42.809+0100] {dag.py:4156} INFO - Setting next_dagrun for dataset_alias_example_alias_producer_with_no_taskflow to None, run_after=None
[2024-09-18T11:57:42.809+0100] {logging_mixin.py:190} INFO - [2024-09-18T11:57:42.809+0100] {dag.py:4156} INFO - Setting next_dagrun for dataset_s3_bucket_consumer_with_no_taskflow to None, run_after=None
[2024-09-18T11:57:42.810+0100] {logging_mixin.py:190} INFO - [2024-09-18T11:57:42.810+0100] {dag.py:4156} INFO - Setting next_dagrun for dataset_s3_bucket_producer_with_no_taskflow to None, run_after=None
[2024-09-18T11:57:42.827+0100] {processor.py:208} INFO - Processing /Users/ds2718/Documents/test_python_airflow/airflow/py_venv/lib/python3.12/site-packages/airflow/example_dags/example_dataset_alias_with_no_taskflow.py took 0.188 seconds
[2024-09-18T11:58:16.545+0100] {processor.py:186} INFO - Started process (PID=10764) to work on /Users/ds2718/Documents/test_python_airflow/airflow/py_venv/lib/python3.12/site-packages/airflow/example_dags/example_dataset_alias_with_no_taskflow.py
[2024-09-18T11:58:16.546+0100] {processor.py:914} INFO - Processing file /Users/ds2718/Documents/test_python_airflow/airflow/py_venv/lib/python3.12/site-packages/airflow/example_dags/example_dataset_alias_with_no_taskflow.py for tasks to queue
[2024-09-18T11:58:16.547+0100] {logging_mixin.py:190} INFO - [2024-09-18T11:58:16.546+0100] {dagbag.py:587} INFO - Filling up the DagBag from /Users/ds2718/Documents/test_python_airflow/airflow/py_venv/lib/python3.12/site-packages/airflow/example_dags/example_dataset_alias_with_no_taskflow.py
[2024-09-18T11:58:16.633+0100] {processor.py:925} INFO - DAG(s) 'dataset_alias_example_alias_consumer_with_no_taskflow', 'dataset_alias_example_alias_producer_with_no_taskflow', 'dataset_s3_bucket_consumer_with_no_taskflow', 'dataset_s3_bucket_producer_with_no_taskflow' retrieved from /Users/ds2718/Documents/test_python_airflow/airflow/py_venv/lib/python3.12/site-packages/airflow/example_dags/example_dataset_alias_with_no_taskflow.py
[2024-09-18T11:58:16.642+0100] {logging_mixin.py:190} INFO - [2024-09-18T11:58:16.642+0100] {dag.py:3229} INFO - Sync 4 DAGs
[2024-09-18T11:58:16.677+0100] {logging_mixin.py:190} INFO - [2024-09-18T11:58:16.677+0100] {dag.py:4156} INFO - Setting next_dagrun for dataset_alias_example_alias_consumer_with_no_taskflow to None, run_after=None
[2024-09-18T11:58:16.678+0100] {logging_mixin.py:190} INFO - [2024-09-18T11:58:16.678+0100] {dag.py:4156} INFO - Setting next_dagrun for dataset_alias_example_alias_producer_with_no_taskflow to None, run_after=None
[2024-09-18T11:58:16.679+0100] {logging_mixin.py:190} INFO - [2024-09-18T11:58:16.679+0100] {dag.py:4156} INFO - Setting next_dagrun for dataset_s3_bucket_consumer_with_no_taskflow to None, run_after=None
[2024-09-18T11:58:16.679+0100] {logging_mixin.py:190} INFO - [2024-09-18T11:58:16.679+0100] {dag.py:4156} INFO - Setting next_dagrun for dataset_s3_bucket_producer_with_no_taskflow to None, run_after=None
[2024-09-18T11:58:16.697+0100] {processor.py:208} INFO - Processing /Users/ds2718/Documents/test_python_airflow/airflow/py_venv/lib/python3.12/site-packages/airflow/example_dags/example_dataset_alias_with_no_taskflow.py took 0.154 seconds
[2024-09-18T11:58:53.853+0100] {processor.py:186} INFO - Started process (PID=10957) to work on /Users/ds2718/Documents/test_python_airflow/airflow/py_venv/lib/python3.12/site-packages/airflow/example_dags/example_dataset_alias_with_no_taskflow.py
[2024-09-18T11:58:53.854+0100] {processor.py:914} INFO - Processing file /Users/ds2718/Documents/test_python_airflow/airflow/py_venv/lib/python3.12/site-packages/airflow/example_dags/example_dataset_alias_with_no_taskflow.py for tasks to queue
[2024-09-18T11:58:53.855+0100] {logging_mixin.py:190} INFO - [2024-09-18T11:58:53.855+0100] {dagbag.py:587} INFO - Filling up the DagBag from /Users/ds2718/Documents/test_python_airflow/airflow/py_venv/lib/python3.12/site-packages/airflow/example_dags/example_dataset_alias_with_no_taskflow.py
[2024-09-18T11:58:53.940+0100] {processor.py:925} INFO - DAG(s) 'dataset_alias_example_alias_consumer_with_no_taskflow', 'dataset_s3_bucket_consumer_with_no_taskflow', 'dataset_alias_example_alias_producer_with_no_taskflow', 'dataset_s3_bucket_producer_with_no_taskflow' retrieved from /Users/ds2718/Documents/test_python_airflow/airflow/py_venv/lib/python3.12/site-packages/airflow/example_dags/example_dataset_alias_with_no_taskflow.py
[2024-09-18T11:58:53.950+0100] {logging_mixin.py:190} INFO - [2024-09-18T11:58:53.949+0100] {dag.py:3229} INFO - Sync 4 DAGs
[2024-09-18T11:58:53.988+0100] {logging_mixin.py:190} INFO - [2024-09-18T11:58:53.988+0100] {dag.py:4156} INFO - Setting next_dagrun for dataset_alias_example_alias_consumer_with_no_taskflow to None, run_after=None
[2024-09-18T11:58:53.989+0100] {logging_mixin.py:190} INFO - [2024-09-18T11:58:53.989+0100] {dag.py:4156} INFO - Setting next_dagrun for dataset_alias_example_alias_producer_with_no_taskflow to None, run_after=None
[2024-09-18T11:58:53.990+0100] {logging_mixin.py:190} INFO - [2024-09-18T11:58:53.990+0100] {dag.py:4156} INFO - Setting next_dagrun for dataset_s3_bucket_consumer_with_no_taskflow to None, run_after=None
[2024-09-18T11:58:53.990+0100] {logging_mixin.py:190} INFO - [2024-09-18T11:58:53.990+0100] {dag.py:4156} INFO - Setting next_dagrun for dataset_s3_bucket_producer_with_no_taskflow to None, run_after=None
[2024-09-18T11:58:54.004+0100] {processor.py:208} INFO - Processing /Users/ds2718/Documents/test_python_airflow/airflow/py_venv/lib/python3.12/site-packages/airflow/example_dags/example_dataset_alias_with_no_taskflow.py took 0.157 seconds
[2024-09-18T11:59:26.541+0100] {processor.py:186} INFO - Started process (PID=11137) to work on /Users/ds2718/Documents/test_python_airflow/airflow/py_venv/lib/python3.12/site-packages/airflow/example_dags/example_dataset_alias_with_no_taskflow.py
[2024-09-18T11:59:26.541+0100] {processor.py:914} INFO - Processing file /Users/ds2718/Documents/test_python_airflow/airflow/py_venv/lib/python3.12/site-packages/airflow/example_dags/example_dataset_alias_with_no_taskflow.py for tasks to queue
[2024-09-18T11:59:26.542+0100] {logging_mixin.py:190} INFO - [2024-09-18T11:59:26.542+0100] {dagbag.py:587} INFO - Filling up the DagBag from /Users/ds2718/Documents/test_python_airflow/airflow/py_venv/lib/python3.12/site-packages/airflow/example_dags/example_dataset_alias_with_no_taskflow.py
[2024-09-18T11:59:26.621+0100] {processor.py:925} INFO - DAG(s) 'dataset_s3_bucket_consumer_with_no_taskflow', 'dataset_alias_example_alias_consumer_with_no_taskflow', 'dataset_s3_bucket_producer_with_no_taskflow', 'dataset_alias_example_alias_producer_with_no_taskflow' retrieved from /Users/ds2718/Documents/test_python_airflow/airflow/py_venv/lib/python3.12/site-packages/airflow/example_dags/example_dataset_alias_with_no_taskflow.py
[2024-09-18T11:59:26.630+0100] {logging_mixin.py:190} INFO - [2024-09-18T11:59:26.630+0100] {dag.py:3229} INFO - Sync 4 DAGs
[2024-09-18T11:59:26.665+0100] {logging_mixin.py:190} INFO - [2024-09-18T11:59:26.665+0100] {dag.py:4156} INFO - Setting next_dagrun for dataset_alias_example_alias_consumer_with_no_taskflow to None, run_after=None
[2024-09-18T11:59:26.666+0100] {logging_mixin.py:190} INFO - [2024-09-18T11:59:26.666+0100] {dag.py:4156} INFO - Setting next_dagrun for dataset_alias_example_alias_producer_with_no_taskflow to None, run_after=None
[2024-09-18T11:59:26.667+0100] {logging_mixin.py:190} INFO - [2024-09-18T11:59:26.667+0100] {dag.py:4156} INFO - Setting next_dagrun for dataset_s3_bucket_consumer_with_no_taskflow to None, run_after=None
[2024-09-18T11:59:26.667+0100] {logging_mixin.py:190} INFO - [2024-09-18T11:59:26.667+0100] {dag.py:4156} INFO - Setting next_dagrun for dataset_s3_bucket_producer_with_no_taskflow to None, run_after=None
[2024-09-18T11:59:26.686+0100] {processor.py:208} INFO - Processing /Users/ds2718/Documents/test_python_airflow/airflow/py_venv/lib/python3.12/site-packages/airflow/example_dags/example_dataset_alias_with_no_taskflow.py took 0.151 seconds
[2024-09-18T12:00:00.391+0100] {processor.py:186} INFO - Started process (PID=11359) to work on /Users/ds2718/Documents/test_python_airflow/airflow/py_venv/lib/python3.12/site-packages/airflow/example_dags/example_dataset_alias_with_no_taskflow.py
[2024-09-18T12:00:00.392+0100] {processor.py:914} INFO - Processing file /Users/ds2718/Documents/test_python_airflow/airflow/py_venv/lib/python3.12/site-packages/airflow/example_dags/example_dataset_alias_with_no_taskflow.py for tasks to queue
[2024-09-18T12:00:00.393+0100] {logging_mixin.py:190} INFO - [2024-09-18T12:00:00.393+0100] {dagbag.py:587} INFO - Filling up the DagBag from /Users/ds2718/Documents/test_python_airflow/airflow/py_venv/lib/python3.12/site-packages/airflow/example_dags/example_dataset_alias_with_no_taskflow.py
[2024-09-18T12:00:00.483+0100] {processor.py:925} INFO - DAG(s) 'dataset_alias_example_alias_consumer_with_no_taskflow', 'dataset_s3_bucket_consumer_with_no_taskflow', 'dataset_s3_bucket_producer_with_no_taskflow', 'dataset_alias_example_alias_producer_with_no_taskflow' retrieved from /Users/ds2718/Documents/test_python_airflow/airflow/py_venv/lib/python3.12/site-packages/airflow/example_dags/example_dataset_alias_with_no_taskflow.py
[2024-09-18T12:00:00.492+0100] {logging_mixin.py:190} INFO - [2024-09-18T12:00:00.492+0100] {dag.py:3229} INFO - Sync 4 DAGs
[2024-09-18T12:00:00.529+0100] {logging_mixin.py:190} INFO - [2024-09-18T12:00:00.529+0100] {dag.py:4156} INFO - Setting next_dagrun for dataset_alias_example_alias_consumer_with_no_taskflow to None, run_after=None
[2024-09-18T12:00:00.530+0100] {logging_mixin.py:190} INFO - [2024-09-18T12:00:00.530+0100] {dag.py:4156} INFO - Setting next_dagrun for dataset_alias_example_alias_producer_with_no_taskflow to None, run_after=None
[2024-09-18T12:00:00.531+0100] {logging_mixin.py:190} INFO - [2024-09-18T12:00:00.531+0100] {dag.py:4156} INFO - Setting next_dagrun for dataset_s3_bucket_consumer_with_no_taskflow to None, run_after=None
[2024-09-18T12:00:00.531+0100] {logging_mixin.py:190} INFO - [2024-09-18T12:00:00.531+0100] {dag.py:4156} INFO - Setting next_dagrun for dataset_s3_bucket_producer_with_no_taskflow to None, run_after=None
[2024-09-18T12:00:00.547+0100] {processor.py:208} INFO - Processing /Users/ds2718/Documents/test_python_airflow/airflow/py_venv/lib/python3.12/site-packages/airflow/example_dags/example_dataset_alias_with_no_taskflow.py took 0.159 seconds
[2024-09-18T12:00:33.074+0100] {processor.py:186} INFO - Started process (PID=11527) to work on /Users/ds2718/Documents/test_python_airflow/airflow/py_venv/lib/python3.12/site-packages/airflow/example_dags/example_dataset_alias_with_no_taskflow.py
[2024-09-18T12:00:33.075+0100] {processor.py:914} INFO - Processing file /Users/ds2718/Documents/test_python_airflow/airflow/py_venv/lib/python3.12/site-packages/airflow/example_dags/example_dataset_alias_with_no_taskflow.py for tasks to queue
[2024-09-18T12:00:33.075+0100] {logging_mixin.py:190} INFO - [2024-09-18T12:00:33.075+0100] {dagbag.py:587} INFO - Filling up the DagBag from /Users/ds2718/Documents/test_python_airflow/airflow/py_venv/lib/python3.12/site-packages/airflow/example_dags/example_dataset_alias_with_no_taskflow.py
[2024-09-18T12:00:33.144+0100] {processor.py:925} INFO - DAG(s) 'dataset_s3_bucket_producer_with_no_taskflow', 'dataset_alias_example_alias_consumer_with_no_taskflow', 'dataset_s3_bucket_consumer_with_no_taskflow', 'dataset_alias_example_alias_producer_with_no_taskflow' retrieved from /Users/ds2718/Documents/test_python_airflow/airflow/py_venv/lib/python3.12/site-packages/airflow/example_dags/example_dataset_alias_with_no_taskflow.py
[2024-09-18T12:00:33.153+0100] {logging_mixin.py:190} INFO - [2024-09-18T12:00:33.153+0100] {dag.py:3229} INFO - Sync 4 DAGs
[2024-09-18T12:00:33.201+0100] {logging_mixin.py:190} INFO - [2024-09-18T12:00:33.201+0100] {dag.py:4156} INFO - Setting next_dagrun for dataset_alias_example_alias_consumer_with_no_taskflow to None, run_after=None
[2024-09-18T12:00:33.202+0100] {logging_mixin.py:190} INFO - [2024-09-18T12:00:33.202+0100] {dag.py:4156} INFO - Setting next_dagrun for dataset_alias_example_alias_producer_with_no_taskflow to None, run_after=None
[2024-09-18T12:00:33.202+0100] {logging_mixin.py:190} INFO - [2024-09-18T12:00:33.202+0100] {dag.py:4156} INFO - Setting next_dagrun for dataset_s3_bucket_consumer_with_no_taskflow to None, run_after=None
[2024-09-18T12:00:33.203+0100] {logging_mixin.py:190} INFO - [2024-09-18T12:00:33.203+0100] {dag.py:4156} INFO - Setting next_dagrun for dataset_s3_bucket_producer_with_no_taskflow to None, run_after=None
[2024-09-18T12:00:33.217+0100] {processor.py:208} INFO - Processing /Users/ds2718/Documents/test_python_airflow/airflow/py_venv/lib/python3.12/site-packages/airflow/example_dags/example_dataset_alias_with_no_taskflow.py took 0.151 seconds
[2024-09-18T12:01:07.664+0100] {processor.py:186} INFO - Started process (PID=11734) to work on /Users/ds2718/Documents/test_python_airflow/airflow/py_venv/lib/python3.12/site-packages/airflow/example_dags/example_dataset_alias_with_no_taskflow.py
[2024-09-18T12:01:07.665+0100] {processor.py:914} INFO - Processing file /Users/ds2718/Documents/test_python_airflow/airflow/py_venv/lib/python3.12/site-packages/airflow/example_dags/example_dataset_alias_with_no_taskflow.py for tasks to queue
[2024-09-18T12:01:07.665+0100] {logging_mixin.py:190} INFO - [2024-09-18T12:01:07.665+0100] {dagbag.py:587} INFO - Filling up the DagBag from /Users/ds2718/Documents/test_python_airflow/airflow/py_venv/lib/python3.12/site-packages/airflow/example_dags/example_dataset_alias_with_no_taskflow.py
[2024-09-18T12:01:07.738+0100] {processor.py:925} INFO - DAG(s) 'dataset_s3_bucket_consumer_with_no_taskflow', 'dataset_alias_example_alias_producer_with_no_taskflow', 'dataset_s3_bucket_producer_with_no_taskflow', 'dataset_alias_example_alias_consumer_with_no_taskflow' retrieved from /Users/ds2718/Documents/test_python_airflow/airflow/py_venv/lib/python3.12/site-packages/airflow/example_dags/example_dataset_alias_with_no_taskflow.py
[2024-09-18T12:01:07.748+0100] {logging_mixin.py:190} INFO - [2024-09-18T12:01:07.748+0100] {dag.py:3229} INFO - Sync 4 DAGs
[2024-09-18T12:01:07.785+0100] {logging_mixin.py:190} INFO - [2024-09-18T12:01:07.785+0100] {dag.py:4156} INFO - Setting next_dagrun for dataset_alias_example_alias_consumer_with_no_taskflow to None, run_after=None
[2024-09-18T12:01:07.786+0100] {logging_mixin.py:190} INFO - [2024-09-18T12:01:07.786+0100] {dag.py:4156} INFO - Setting next_dagrun for dataset_alias_example_alias_producer_with_no_taskflow to None, run_after=None
[2024-09-18T12:01:07.786+0100] {logging_mixin.py:190} INFO - [2024-09-18T12:01:07.786+0100] {dag.py:4156} INFO - Setting next_dagrun for dataset_s3_bucket_consumer_with_no_taskflow to None, run_after=None
[2024-09-18T12:01:07.787+0100] {logging_mixin.py:190} INFO - [2024-09-18T12:01:07.787+0100] {dag.py:4156} INFO - Setting next_dagrun for dataset_s3_bucket_producer_with_no_taskflow to None, run_after=None
[2024-09-18T12:01:07.799+0100] {processor.py:208} INFO - Processing /Users/ds2718/Documents/test_python_airflow/airflow/py_venv/lib/python3.12/site-packages/airflow/example_dags/example_dataset_alias_with_no_taskflow.py took 0.136 seconds
[2024-09-18T12:06:34.505+0100] {processor.py:186} INFO - Started process (PID=12034) to work on /Users/ds2718/Documents/test_python_airflow/airflow/py_venv/lib/python3.12/site-packages/airflow/example_dags/example_dataset_alias_with_no_taskflow.py
[2024-09-18T12:06:34.513+0100] {processor.py:914} INFO - Processing file /Users/ds2718/Documents/test_python_airflow/airflow/py_venv/lib/python3.12/site-packages/airflow/example_dags/example_dataset_alias_with_no_taskflow.py for tasks to queue
[2024-09-18T12:06:34.514+0100] {logging_mixin.py:190} INFO - [2024-09-18T12:06:34.514+0100] {dagbag.py:587} INFO - Filling up the DagBag from /Users/ds2718/Documents/test_python_airflow/airflow/py_venv/lib/python3.12/site-packages/airflow/example_dags/example_dataset_alias_with_no_taskflow.py
[2024-09-18T12:06:34.613+0100] {processor.py:925} INFO - DAG(s) 'dataset_s3_bucket_consumer_with_no_taskflow', 'dataset_alias_example_alias_consumer_with_no_taskflow', 'dataset_s3_bucket_producer_with_no_taskflow', 'dataset_alias_example_alias_producer_with_no_taskflow' retrieved from /Users/ds2718/Documents/test_python_airflow/airflow/py_venv/lib/python3.12/site-packages/airflow/example_dags/example_dataset_alias_with_no_taskflow.py
[2024-09-18T12:06:34.624+0100] {logging_mixin.py:190} INFO - [2024-09-18T12:06:34.624+0100] {dag.py:3229} INFO - Sync 4 DAGs
[2024-09-18T12:06:34.671+0100] {logging_mixin.py:190} INFO - [2024-09-18T12:06:34.671+0100] {dag.py:4156} INFO - Setting next_dagrun for dataset_alias_example_alias_consumer_with_no_taskflow to None, run_after=None
[2024-09-18T12:06:34.672+0100] {logging_mixin.py:190} INFO - [2024-09-18T12:06:34.672+0100] {dag.py:4156} INFO - Setting next_dagrun for dataset_alias_example_alias_producer_with_no_taskflow to None, run_after=None
[2024-09-18T12:06:34.672+0100] {logging_mixin.py:190} INFO - [2024-09-18T12:06:34.672+0100] {dag.py:4156} INFO - Setting next_dagrun for dataset_s3_bucket_consumer_with_no_taskflow to None, run_after=None
[2024-09-18T12:06:34.673+0100] {logging_mixin.py:190} INFO - [2024-09-18T12:06:34.673+0100] {dag.py:4156} INFO - Setting next_dagrun for dataset_s3_bucket_producer_with_no_taskflow to None, run_after=None
[2024-09-18T12:06:34.697+0100] {processor.py:208} INFO - Processing /Users/ds2718/Documents/test_python_airflow/airflow/py_venv/lib/python3.12/site-packages/airflow/example_dags/example_dataset_alias_with_no_taskflow.py took 0.207 seconds
[2024-09-18T12:07:08.827+0100] {processor.py:186} INFO - Started process (PID=12187) to work on /Users/ds2718/Documents/test_python_airflow/airflow/py_venv/lib/python3.12/site-packages/airflow/example_dags/example_dataset_alias_with_no_taskflow.py
[2024-09-18T12:07:08.828+0100] {processor.py:914} INFO - Processing file /Users/ds2718/Documents/test_python_airflow/airflow/py_venv/lib/python3.12/site-packages/airflow/example_dags/example_dataset_alias_with_no_taskflow.py for tasks to queue
[2024-09-18T12:07:08.828+0100] {logging_mixin.py:190} INFO - [2024-09-18T12:07:08.828+0100] {dagbag.py:587} INFO - Filling up the DagBag from /Users/ds2718/Documents/test_python_airflow/airflow/py_venv/lib/python3.12/site-packages/airflow/example_dags/example_dataset_alias_with_no_taskflow.py
[2024-09-18T12:07:08.912+0100] {processor.py:925} INFO - DAG(s) 'dataset_alias_example_alias_consumer_with_no_taskflow', 'dataset_alias_example_alias_producer_with_no_taskflow', 'dataset_s3_bucket_producer_with_no_taskflow', 'dataset_s3_bucket_consumer_with_no_taskflow' retrieved from /Users/ds2718/Documents/test_python_airflow/airflow/py_venv/lib/python3.12/site-packages/airflow/example_dags/example_dataset_alias_with_no_taskflow.py
[2024-09-18T12:07:08.923+0100] {logging_mixin.py:190} INFO - [2024-09-18T12:07:08.923+0100] {dag.py:3229} INFO - Sync 4 DAGs
[2024-09-18T12:07:09.015+0100] {logging_mixin.py:190} INFO - [2024-09-18T12:07:09.015+0100] {dag.py:4156} INFO - Setting next_dagrun for dataset_alias_example_alias_consumer_with_no_taskflow to None, run_after=None
[2024-09-18T12:07:09.016+0100] {logging_mixin.py:190} INFO - [2024-09-18T12:07:09.016+0100] {dag.py:4156} INFO - Setting next_dagrun for dataset_alias_example_alias_producer_with_no_taskflow to None, run_after=None
[2024-09-18T12:07:09.016+0100] {logging_mixin.py:190} INFO - [2024-09-18T12:07:09.016+0100] {dag.py:4156} INFO - Setting next_dagrun for dataset_s3_bucket_consumer_with_no_taskflow to None, run_after=None
[2024-09-18T12:07:09.017+0100] {logging_mixin.py:190} INFO - [2024-09-18T12:07:09.017+0100] {dag.py:4156} INFO - Setting next_dagrun for dataset_s3_bucket_producer_with_no_taskflow to None, run_after=None
[2024-09-18T12:07:09.039+0100] {processor.py:208} INFO - Processing /Users/ds2718/Documents/test_python_airflow/airflow/py_venv/lib/python3.12/site-packages/airflow/example_dags/example_dataset_alias_with_no_taskflow.py took 0.214 seconds
[2024-09-18T12:07:43.957+0100] {processor.py:186} INFO - Started process (PID=12373) to work on /Users/ds2718/Documents/test_python_airflow/airflow/py_venv/lib/python3.12/site-packages/airflow/example_dags/example_dataset_alias_with_no_taskflow.py
[2024-09-18T12:07:43.958+0100] {processor.py:914} INFO - Processing file /Users/ds2718/Documents/test_python_airflow/airflow/py_venv/lib/python3.12/site-packages/airflow/example_dags/example_dataset_alias_with_no_taskflow.py for tasks to queue
[2024-09-18T12:07:43.958+0100] {logging_mixin.py:190} INFO - [2024-09-18T12:07:43.958+0100] {dagbag.py:587} INFO - Filling up the DagBag from /Users/ds2718/Documents/test_python_airflow/airflow/py_venv/lib/python3.12/site-packages/airflow/example_dags/example_dataset_alias_with_no_taskflow.py
[2024-09-18T12:07:44.055+0100] {processor.py:925} INFO - DAG(s) 'dataset_s3_bucket_producer_with_no_taskflow', 'dataset_alias_example_alias_consumer_with_no_taskflow', 'dataset_alias_example_alias_producer_with_no_taskflow', 'dataset_s3_bucket_consumer_with_no_taskflow' retrieved from /Users/ds2718/Documents/test_python_airflow/airflow/py_venv/lib/python3.12/site-packages/airflow/example_dags/example_dataset_alias_with_no_taskflow.py
[2024-09-18T12:07:44.069+0100] {logging_mixin.py:190} INFO - [2024-09-18T12:07:44.069+0100] {dag.py:3229} INFO - Sync 4 DAGs
[2024-09-18T12:07:44.111+0100] {logging_mixin.py:190} INFO - [2024-09-18T12:07:44.111+0100] {dag.py:4156} INFO - Setting next_dagrun for dataset_alias_example_alias_consumer_with_no_taskflow to None, run_after=None
[2024-09-18T12:07:44.112+0100] {logging_mixin.py:190} INFO - [2024-09-18T12:07:44.112+0100] {dag.py:4156} INFO - Setting next_dagrun for dataset_alias_example_alias_producer_with_no_taskflow to None, run_after=None
[2024-09-18T12:07:44.115+0100] {logging_mixin.py:190} INFO - [2024-09-18T12:07:44.115+0100] {dag.py:4156} INFO - Setting next_dagrun for dataset_s3_bucket_consumer_with_no_taskflow to None, run_after=None
[2024-09-18T12:07:44.116+0100] {logging_mixin.py:190} INFO - [2024-09-18T12:07:44.116+0100] {dag.py:4156} INFO - Setting next_dagrun for dataset_s3_bucket_producer_with_no_taskflow to None, run_after=None
[2024-09-18T12:07:44.125+0100] {processor.py:208} INFO - Processing /Users/ds2718/Documents/test_python_airflow/airflow/py_venv/lib/python3.12/site-packages/airflow/example_dags/example_dataset_alias_with_no_taskflow.py took 0.182 seconds
[2024-09-18T12:08:31.758+0100] {processor.py:186} INFO - Started process (PID=12539) to work on /Users/ds2718/Documents/test_python_airflow/airflow/py_venv/lib/python3.12/site-packages/airflow/example_dags/example_dataset_alias_with_no_taskflow.py
[2024-09-18T12:08:31.759+0100] {processor.py:914} INFO - Processing file /Users/ds2718/Documents/test_python_airflow/airflow/py_venv/lib/python3.12/site-packages/airflow/example_dags/example_dataset_alias_with_no_taskflow.py for tasks to queue
[2024-09-18T12:08:31.759+0100] {logging_mixin.py:190} INFO - [2024-09-18T12:08:31.759+0100] {dagbag.py:587} INFO - Filling up the DagBag from /Users/ds2718/Documents/test_python_airflow/airflow/py_venv/lib/python3.12/site-packages/airflow/example_dags/example_dataset_alias_with_no_taskflow.py
[2024-09-18T12:08:31.835+0100] {processor.py:925} INFO - DAG(s) 'dataset_alias_example_alias_producer_with_no_taskflow', 'dataset_alias_example_alias_consumer_with_no_taskflow', 'dataset_s3_bucket_consumer_with_no_taskflow', 'dataset_s3_bucket_producer_with_no_taskflow' retrieved from /Users/ds2718/Documents/test_python_airflow/airflow/py_venv/lib/python3.12/site-packages/airflow/example_dags/example_dataset_alias_with_no_taskflow.py
[2024-09-18T12:08:31.845+0100] {logging_mixin.py:190} INFO - [2024-09-18T12:08:31.845+0100] {dag.py:3229} INFO - Sync 4 DAGs
[2024-09-18T12:08:31.891+0100] {logging_mixin.py:190} INFO - [2024-09-18T12:08:31.891+0100] {dag.py:4156} INFO - Setting next_dagrun for dataset_alias_example_alias_consumer_with_no_taskflow to None, run_after=None
[2024-09-18T12:08:31.893+0100] {logging_mixin.py:190} INFO - [2024-09-18T12:08:31.893+0100] {dag.py:4156} INFO - Setting next_dagrun for dataset_alias_example_alias_producer_with_no_taskflow to None, run_after=None
[2024-09-18T12:08:31.893+0100] {logging_mixin.py:190} INFO - [2024-09-18T12:08:31.893+0100] {dag.py:4156} INFO - Setting next_dagrun for dataset_s3_bucket_consumer_with_no_taskflow to None, run_after=None
[2024-09-18T12:08:31.893+0100] {logging_mixin.py:190} INFO - [2024-09-18T12:08:31.893+0100] {dag.py:4156} INFO - Setting next_dagrun for dataset_s3_bucket_producer_with_no_taskflow to None, run_after=None
[2024-09-18T12:08:31.903+0100] {processor.py:208} INFO - Processing /Users/ds2718/Documents/test_python_airflow/airflow/py_venv/lib/python3.12/site-packages/airflow/example_dags/example_dataset_alias_with_no_taskflow.py took 0.149 seconds
[2024-09-18T12:09:04.784+0100] {processor.py:186} INFO - Started process (PID=12739) to work on /Users/ds2718/Documents/test_python_airflow/airflow/py_venv/lib/python3.12/site-packages/airflow/example_dags/example_dataset_alias_with_no_taskflow.py
[2024-09-18T12:09:04.786+0100] {processor.py:914} INFO - Processing file /Users/ds2718/Documents/test_python_airflow/airflow/py_venv/lib/python3.12/site-packages/airflow/example_dags/example_dataset_alias_with_no_taskflow.py for tasks to queue
[2024-09-18T12:09:04.786+0100] {logging_mixin.py:190} INFO - [2024-09-18T12:09:04.786+0100] {dagbag.py:587} INFO - Filling up the DagBag from /Users/ds2718/Documents/test_python_airflow/airflow/py_venv/lib/python3.12/site-packages/airflow/example_dags/example_dataset_alias_with_no_taskflow.py
[2024-09-18T12:09:04.888+0100] {processor.py:925} INFO - DAG(s) 'dataset_alias_example_alias_consumer_with_no_taskflow', 'dataset_s3_bucket_consumer_with_no_taskflow', 'dataset_s3_bucket_producer_with_no_taskflow', 'dataset_alias_example_alias_producer_with_no_taskflow' retrieved from /Users/ds2718/Documents/test_python_airflow/airflow/py_venv/lib/python3.12/site-packages/airflow/example_dags/example_dataset_alias_with_no_taskflow.py
[2024-09-18T12:09:04.900+0100] {logging_mixin.py:190} INFO - [2024-09-18T12:09:04.899+0100] {dag.py:3229} INFO - Sync 4 DAGs
[2024-09-18T12:09:04.937+0100] {logging_mixin.py:190} INFO - [2024-09-18T12:09:04.937+0100] {dag.py:4156} INFO - Setting next_dagrun for dataset_alias_example_alias_consumer_with_no_taskflow to None, run_after=None
[2024-09-18T12:09:04.938+0100] {logging_mixin.py:190} INFO - [2024-09-18T12:09:04.938+0100] {dag.py:4156} INFO - Setting next_dagrun for dataset_alias_example_alias_producer_with_no_taskflow to None, run_after=None
[2024-09-18T12:09:04.939+0100] {logging_mixin.py:190} INFO - [2024-09-18T12:09:04.939+0100] {dag.py:4156} INFO - Setting next_dagrun for dataset_s3_bucket_consumer_with_no_taskflow to None, run_after=None
[2024-09-18T12:09:04.939+0100] {logging_mixin.py:190} INFO - [2024-09-18T12:09:04.939+0100] {dag.py:4156} INFO - Setting next_dagrun for dataset_s3_bucket_producer_with_no_taskflow to None, run_after=None
[2024-09-18T12:09:04.960+0100] {processor.py:208} INFO - Processing /Users/ds2718/Documents/test_python_airflow/airflow/py_venv/lib/python3.12/site-packages/airflow/example_dags/example_dataset_alias_with_no_taskflow.py took 0.182 seconds
[2024-09-18T12:09:41.055+0100] {processor.py:186} INFO - Started process (PID=12927) to work on /Users/ds2718/Documents/test_python_airflow/airflow/py_venv/lib/python3.12/site-packages/airflow/example_dags/example_dataset_alias_with_no_taskflow.py
[2024-09-18T12:09:41.055+0100] {processor.py:914} INFO - Processing file /Users/ds2718/Documents/test_python_airflow/airflow/py_venv/lib/python3.12/site-packages/airflow/example_dags/example_dataset_alias_with_no_taskflow.py for tasks to queue
[2024-09-18T12:09:41.056+0100] {logging_mixin.py:190} INFO - [2024-09-18T12:09:41.056+0100] {dagbag.py:587} INFO - Filling up the DagBag from /Users/ds2718/Documents/test_python_airflow/airflow/py_venv/lib/python3.12/site-packages/airflow/example_dags/example_dataset_alias_with_no_taskflow.py
[2024-09-18T12:09:41.136+0100] {processor.py:925} INFO - DAG(s) 'dataset_alias_example_alias_consumer_with_no_taskflow', 'dataset_alias_example_alias_producer_with_no_taskflow', 'dataset_s3_bucket_producer_with_no_taskflow', 'dataset_s3_bucket_consumer_with_no_taskflow' retrieved from /Users/ds2718/Documents/test_python_airflow/airflow/py_venv/lib/python3.12/site-packages/airflow/example_dags/example_dataset_alias_with_no_taskflow.py
[2024-09-18T12:09:41.147+0100] {logging_mixin.py:190} INFO - [2024-09-18T12:09:41.147+0100] {dag.py:3229} INFO - Sync 4 DAGs
[2024-09-18T12:09:41.195+0100] {logging_mixin.py:190} INFO - [2024-09-18T12:09:41.195+0100] {dag.py:4156} INFO - Setting next_dagrun for dataset_alias_example_alias_consumer_with_no_taskflow to None, run_after=None
[2024-09-18T12:09:41.196+0100] {logging_mixin.py:190} INFO - [2024-09-18T12:09:41.196+0100] {dag.py:4156} INFO - Setting next_dagrun for dataset_alias_example_alias_producer_with_no_taskflow to None, run_after=None
[2024-09-18T12:09:41.197+0100] {logging_mixin.py:190} INFO - [2024-09-18T12:09:41.196+0100] {dag.py:4156} INFO - Setting next_dagrun for dataset_s3_bucket_consumer_with_no_taskflow to None, run_after=None
[2024-09-18T12:09:41.197+0100] {logging_mixin.py:190} INFO - [2024-09-18T12:09:41.197+0100] {dag.py:4156} INFO - Setting next_dagrun for dataset_s3_bucket_producer_with_no_taskflow to None, run_after=None
[2024-09-18T12:09:41.208+0100] {processor.py:208} INFO - Processing /Users/ds2718/Documents/test_python_airflow/airflow/py_venv/lib/python3.12/site-packages/airflow/example_dags/example_dataset_alias_with_no_taskflow.py took 0.159 seconds
[2024-09-18T12:10:12.640+0100] {processor.py:186} INFO - Started process (PID=13082) to work on /Users/ds2718/Documents/test_python_airflow/airflow/py_venv/lib/python3.12/site-packages/airflow/example_dags/example_dataset_alias_with_no_taskflow.py
[2024-09-18T12:10:12.641+0100] {processor.py:914} INFO - Processing file /Users/ds2718/Documents/test_python_airflow/airflow/py_venv/lib/python3.12/site-packages/airflow/example_dags/example_dataset_alias_with_no_taskflow.py for tasks to queue
[2024-09-18T12:10:12.641+0100] {logging_mixin.py:190} INFO - [2024-09-18T12:10:12.641+0100] {dagbag.py:587} INFO - Filling up the DagBag from /Users/ds2718/Documents/test_python_airflow/airflow/py_venv/lib/python3.12/site-packages/airflow/example_dags/example_dataset_alias_with_no_taskflow.py
[2024-09-18T12:10:12.736+0100] {processor.py:925} INFO - DAG(s) 'dataset_s3_bucket_producer_with_no_taskflow', 'dataset_alias_example_alias_consumer_with_no_taskflow', 'dataset_alias_example_alias_producer_with_no_taskflow', 'dataset_s3_bucket_consumer_with_no_taskflow' retrieved from /Users/ds2718/Documents/test_python_airflow/airflow/py_venv/lib/python3.12/site-packages/airflow/example_dags/example_dataset_alias_with_no_taskflow.py
[2024-09-18T12:10:12.746+0100] {logging_mixin.py:190} INFO - [2024-09-18T12:10:12.746+0100] {dag.py:3229} INFO - Sync 4 DAGs
[2024-09-18T12:10:12.787+0100] {logging_mixin.py:190} INFO - [2024-09-18T12:10:12.787+0100] {dag.py:4156} INFO - Setting next_dagrun for dataset_alias_example_alias_consumer_with_no_taskflow to None, run_after=None
[2024-09-18T12:10:12.788+0100] {logging_mixin.py:190} INFO - [2024-09-18T12:10:12.788+0100] {dag.py:4156} INFO - Setting next_dagrun for dataset_alias_example_alias_producer_with_no_taskflow to None, run_after=None
[2024-09-18T12:10:12.789+0100] {logging_mixin.py:190} INFO - [2024-09-18T12:10:12.789+0100] {dag.py:4156} INFO - Setting next_dagrun for dataset_s3_bucket_consumer_with_no_taskflow to None, run_after=None
[2024-09-18T12:10:12.789+0100] {logging_mixin.py:190} INFO - [2024-09-18T12:10:12.789+0100] {dag.py:4156} INFO - Setting next_dagrun for dataset_s3_bucket_producer_with_no_taskflow to None, run_after=None
[2024-09-18T12:10:12.802+0100] {processor.py:208} INFO - Processing /Users/ds2718/Documents/test_python_airflow/airflow/py_venv/lib/python3.12/site-packages/airflow/example_dags/example_dataset_alias_with_no_taskflow.py took 0.169 seconds
[2024-09-18T12:10:49.743+0100] {processor.py:186} INFO - Started process (PID=13267) to work on /Users/ds2718/Documents/test_python_airflow/airflow/py_venv/lib/python3.12/site-packages/airflow/example_dags/example_dataset_alias_with_no_taskflow.py
[2024-09-18T12:10:49.744+0100] {processor.py:914} INFO - Processing file /Users/ds2718/Documents/test_python_airflow/airflow/py_venv/lib/python3.12/site-packages/airflow/example_dags/example_dataset_alias_with_no_taskflow.py for tasks to queue
[2024-09-18T12:10:49.744+0100] {logging_mixin.py:190} INFO - [2024-09-18T12:10:49.744+0100] {dagbag.py:587} INFO - Filling up the DagBag from /Users/ds2718/Documents/test_python_airflow/airflow/py_venv/lib/python3.12/site-packages/airflow/example_dags/example_dataset_alias_with_no_taskflow.py
[2024-09-18T12:10:49.832+0100] {processor.py:925} INFO - DAG(s) 'dataset_s3_bucket_consumer_with_no_taskflow', 'dataset_alias_example_alias_consumer_with_no_taskflow', 'dataset_s3_bucket_producer_with_no_taskflow', 'dataset_alias_example_alias_producer_with_no_taskflow' retrieved from /Users/ds2718/Documents/test_python_airflow/airflow/py_venv/lib/python3.12/site-packages/airflow/example_dags/example_dataset_alias_with_no_taskflow.py
[2024-09-18T12:10:49.842+0100] {logging_mixin.py:190} INFO - [2024-09-18T12:10:49.842+0100] {dag.py:3229} INFO - Sync 4 DAGs
[2024-09-18T12:10:49.882+0100] {logging_mixin.py:190} INFO - [2024-09-18T12:10:49.882+0100] {dag.py:4156} INFO - Setting next_dagrun for dataset_alias_example_alias_consumer_with_no_taskflow to None, run_after=None
[2024-09-18T12:10:49.883+0100] {logging_mixin.py:190} INFO - [2024-09-18T12:10:49.883+0100] {dag.py:4156} INFO - Setting next_dagrun for dataset_alias_example_alias_producer_with_no_taskflow to None, run_after=None
[2024-09-18T12:10:49.883+0100] {logging_mixin.py:190} INFO - [2024-09-18T12:10:49.883+0100] {dag.py:4156} INFO - Setting next_dagrun for dataset_s3_bucket_consumer_with_no_taskflow to None, run_after=None
[2024-09-18T12:10:49.884+0100] {logging_mixin.py:190} INFO - [2024-09-18T12:10:49.884+0100] {dag.py:4156} INFO - Setting next_dagrun for dataset_s3_bucket_producer_with_no_taskflow to None, run_after=None
[2024-09-18T12:10:49.893+0100] {processor.py:208} INFO - Processing /Users/ds2718/Documents/test_python_airflow/airflow/py_venv/lib/python3.12/site-packages/airflow/example_dags/example_dataset_alias_with_no_taskflow.py took 0.158 seconds
[2024-09-18T12:11:23.272+0100] {processor.py:186} INFO - Started process (PID=13393) to work on /Users/ds2718/Documents/test_python_airflow/airflow/py_venv/lib/python3.12/site-packages/airflow/example_dags/example_dataset_alias_with_no_taskflow.py
[2024-09-18T12:11:23.273+0100] {processor.py:914} INFO - Processing file /Users/ds2718/Documents/test_python_airflow/airflow/py_venv/lib/python3.12/site-packages/airflow/example_dags/example_dataset_alias_with_no_taskflow.py for tasks to queue
[2024-09-18T12:11:23.273+0100] {logging_mixin.py:190} INFO - [2024-09-18T12:11:23.273+0100] {dagbag.py:587} INFO - Filling up the DagBag from /Users/ds2718/Documents/test_python_airflow/airflow/py_venv/lib/python3.12/site-packages/airflow/example_dags/example_dataset_alias_with_no_taskflow.py
[2024-09-18T12:11:23.357+0100] {processor.py:925} INFO - DAG(s) 'dataset_s3_bucket_consumer_with_no_taskflow', 'dataset_alias_example_alias_consumer_with_no_taskflow', 'dataset_s3_bucket_producer_with_no_taskflow', 'dataset_alias_example_alias_producer_with_no_taskflow' retrieved from /Users/ds2718/Documents/test_python_airflow/airflow/py_venv/lib/python3.12/site-packages/airflow/example_dags/example_dataset_alias_with_no_taskflow.py
[2024-09-18T12:11:23.367+0100] {logging_mixin.py:190} INFO - [2024-09-18T12:11:23.367+0100] {dag.py:3229} INFO - Sync 4 DAGs
[2024-09-18T12:11:23.405+0100] {logging_mixin.py:190} INFO - [2024-09-18T12:11:23.405+0100] {dag.py:4156} INFO - Setting next_dagrun for dataset_alias_example_alias_consumer_with_no_taskflow to None, run_after=None
[2024-09-18T12:11:23.406+0100] {logging_mixin.py:190} INFO - [2024-09-18T12:11:23.406+0100] {dag.py:4156} INFO - Setting next_dagrun for dataset_alias_example_alias_producer_with_no_taskflow to None, run_after=None
[2024-09-18T12:11:23.407+0100] {logging_mixin.py:190} INFO - [2024-09-18T12:11:23.407+0100] {dag.py:4156} INFO - Setting next_dagrun for dataset_s3_bucket_consumer_with_no_taskflow to None, run_after=None
[2024-09-18T12:11:23.407+0100] {logging_mixin.py:190} INFO - [2024-09-18T12:11:23.407+0100] {dag.py:4156} INFO - Setting next_dagrun for dataset_s3_bucket_producer_with_no_taskflow to None, run_after=None
[2024-09-18T12:11:23.431+0100] {processor.py:208} INFO - Processing /Users/ds2718/Documents/test_python_airflow/airflow/py_venv/lib/python3.12/site-packages/airflow/example_dags/example_dataset_alias_with_no_taskflow.py took 0.161 seconds
[2024-09-18T12:11:59.805+0100] {processor.py:186} INFO - Started process (PID=13583) to work on /Users/ds2718/Documents/test_python_airflow/airflow/py_venv/lib/python3.12/site-packages/airflow/example_dags/example_dataset_alias_with_no_taskflow.py
[2024-09-18T12:11:59.806+0100] {processor.py:914} INFO - Processing file /Users/ds2718/Documents/test_python_airflow/airflow/py_venv/lib/python3.12/site-packages/airflow/example_dags/example_dataset_alias_with_no_taskflow.py for tasks to queue
[2024-09-18T12:11:59.806+0100] {logging_mixin.py:190} INFO - [2024-09-18T12:11:59.806+0100] {dagbag.py:587} INFO - Filling up the DagBag from /Users/ds2718/Documents/test_python_airflow/airflow/py_venv/lib/python3.12/site-packages/airflow/example_dags/example_dataset_alias_with_no_taskflow.py
[2024-09-18T12:11:59.885+0100] {processor.py:925} INFO - DAG(s) 'dataset_alias_example_alias_producer_with_no_taskflow', 'dataset_s3_bucket_consumer_with_no_taskflow', 'dataset_s3_bucket_producer_with_no_taskflow', 'dataset_alias_example_alias_consumer_with_no_taskflow' retrieved from /Users/ds2718/Documents/test_python_airflow/airflow/py_venv/lib/python3.12/site-packages/airflow/example_dags/example_dataset_alias_with_no_taskflow.py
[2024-09-18T12:11:59.895+0100] {logging_mixin.py:190} INFO - [2024-09-18T12:11:59.895+0100] {dag.py:3229} INFO - Sync 4 DAGs
[2024-09-18T12:11:59.933+0100] {logging_mixin.py:190} INFO - [2024-09-18T12:11:59.933+0100] {dag.py:4156} INFO - Setting next_dagrun for dataset_alias_example_alias_consumer_with_no_taskflow to None, run_after=None
[2024-09-18T12:11:59.934+0100] {logging_mixin.py:190} INFO - [2024-09-18T12:11:59.934+0100] {dag.py:4156} INFO - Setting next_dagrun for dataset_alias_example_alias_producer_with_no_taskflow to None, run_after=None
[2024-09-18T12:11:59.935+0100] {logging_mixin.py:190} INFO - [2024-09-18T12:11:59.935+0100] {dag.py:4156} INFO - Setting next_dagrun for dataset_s3_bucket_consumer_with_no_taskflow to None, run_after=None
[2024-09-18T12:11:59.935+0100] {logging_mixin.py:190} INFO - [2024-09-18T12:11:59.935+0100] {dag.py:4156} INFO - Setting next_dagrun for dataset_s3_bucket_producer_with_no_taskflow to None, run_after=None
[2024-09-18T12:11:59.946+0100] {processor.py:208} INFO - Processing /Users/ds2718/Documents/test_python_airflow/airflow/py_venv/lib/python3.12/site-packages/airflow/example_dags/example_dataset_alias_with_no_taskflow.py took 0.142 seconds
[2024-09-18T12:12:31.956+0100] {processor.py:186} INFO - Started process (PID=13708) to work on /Users/ds2718/Documents/test_python_airflow/airflow/py_venv/lib/python3.12/site-packages/airflow/example_dags/example_dataset_alias_with_no_taskflow.py
[2024-09-18T12:12:31.957+0100] {processor.py:914} INFO - Processing file /Users/ds2718/Documents/test_python_airflow/airflow/py_venv/lib/python3.12/site-packages/airflow/example_dags/example_dataset_alias_with_no_taskflow.py for tasks to queue
[2024-09-18T12:12:31.957+0100] {logging_mixin.py:190} INFO - [2024-09-18T12:12:31.957+0100] {dagbag.py:587} INFO - Filling up the DagBag from /Users/ds2718/Documents/test_python_airflow/airflow/py_venv/lib/python3.12/site-packages/airflow/example_dags/example_dataset_alias_with_no_taskflow.py
[2024-09-18T12:12:32.050+0100] {processor.py:925} INFO - DAG(s) 'dataset_s3_bucket_producer_with_no_taskflow', 'dataset_alias_example_alias_consumer_with_no_taskflow', 'dataset_s3_bucket_consumer_with_no_taskflow', 'dataset_alias_example_alias_producer_with_no_taskflow' retrieved from /Users/ds2718/Documents/test_python_airflow/airflow/py_venv/lib/python3.12/site-packages/airflow/example_dags/example_dataset_alias_with_no_taskflow.py
[2024-09-18T12:12:32.059+0100] {logging_mixin.py:190} INFO - [2024-09-18T12:12:32.059+0100] {dag.py:3229} INFO - Sync 4 DAGs
[2024-09-18T12:12:32.105+0100] {logging_mixin.py:190} INFO - [2024-09-18T12:12:32.105+0100] {dag.py:4156} INFO - Setting next_dagrun for dataset_alias_example_alias_consumer_with_no_taskflow to None, run_after=None
[2024-09-18T12:12:32.106+0100] {logging_mixin.py:190} INFO - [2024-09-18T12:12:32.106+0100] {dag.py:4156} INFO - Setting next_dagrun for dataset_alias_example_alias_producer_with_no_taskflow to None, run_after=None
[2024-09-18T12:12:32.107+0100] {logging_mixin.py:190} INFO - [2024-09-18T12:12:32.107+0100] {dag.py:4156} INFO - Setting next_dagrun for dataset_s3_bucket_consumer_with_no_taskflow to None, run_after=None
[2024-09-18T12:12:32.107+0100] {logging_mixin.py:190} INFO - [2024-09-18T12:12:32.107+0100] {dag.py:4156} INFO - Setting next_dagrun for dataset_s3_bucket_producer_with_no_taskflow to None, run_after=None
[2024-09-18T12:12:32.117+0100] {processor.py:208} INFO - Processing /Users/ds2718/Documents/test_python_airflow/airflow/py_venv/lib/python3.12/site-packages/airflow/example_dags/example_dataset_alias_with_no_taskflow.py took 0.168 seconds
[2024-09-18T12:13:07.192+0100] {processor.py:186} INFO - Started process (PID=13911) to work on /Users/ds2718/Documents/test_python_airflow/airflow/py_venv/lib/python3.12/site-packages/airflow/example_dags/example_dataset_alias_with_no_taskflow.py
[2024-09-18T12:13:07.193+0100] {processor.py:914} INFO - Processing file /Users/ds2718/Documents/test_python_airflow/airflow/py_venv/lib/python3.12/site-packages/airflow/example_dags/example_dataset_alias_with_no_taskflow.py for tasks to queue
[2024-09-18T12:13:07.193+0100] {logging_mixin.py:190} INFO - [2024-09-18T12:13:07.193+0100] {dagbag.py:587} INFO - Filling up the DagBag from /Users/ds2718/Documents/test_python_airflow/airflow/py_venv/lib/python3.12/site-packages/airflow/example_dags/example_dataset_alias_with_no_taskflow.py
[2024-09-18T12:13:07.285+0100] {processor.py:925} INFO - DAG(s) 'dataset_s3_bucket_producer_with_no_taskflow', 'dataset_alias_example_alias_consumer_with_no_taskflow', 'dataset_s3_bucket_consumer_with_no_taskflow', 'dataset_alias_example_alias_producer_with_no_taskflow' retrieved from /Users/ds2718/Documents/test_python_airflow/airflow/py_venv/lib/python3.12/site-packages/airflow/example_dags/example_dataset_alias_with_no_taskflow.py
[2024-09-18T12:13:07.308+0100] {logging_mixin.py:190} INFO - [2024-09-18T12:13:07.307+0100] {dag.py:3229} INFO - Sync 4 DAGs
[2024-09-18T12:13:07.364+0100] {logging_mixin.py:190} INFO - [2024-09-18T12:13:07.364+0100] {dag.py:4156} INFO - Setting next_dagrun for dataset_alias_example_alias_consumer_with_no_taskflow to None, run_after=None
[2024-09-18T12:13:07.365+0100] {logging_mixin.py:190} INFO - [2024-09-18T12:13:07.365+0100] {dag.py:4156} INFO - Setting next_dagrun for dataset_alias_example_alias_producer_with_no_taskflow to None, run_after=None
[2024-09-18T12:13:07.366+0100] {logging_mixin.py:190} INFO - [2024-09-18T12:13:07.366+0100] {dag.py:4156} INFO - Setting next_dagrun for dataset_s3_bucket_consumer_with_no_taskflow to None, run_after=None
[2024-09-18T12:13:07.366+0100] {logging_mixin.py:190} INFO - [2024-09-18T12:13:07.366+0100] {dag.py:4156} INFO - Setting next_dagrun for dataset_s3_bucket_producer_with_no_taskflow to None, run_after=None
[2024-09-18T12:13:07.384+0100] {processor.py:208} INFO - Processing /Users/ds2718/Documents/test_python_airflow/airflow/py_venv/lib/python3.12/site-packages/airflow/example_dags/example_dataset_alias_with_no_taskflow.py took 0.200 seconds
[2024-09-18T12:13:42.245+0100] {processor.py:186} INFO - Started process (PID=14049) to work on /Users/ds2718/Documents/test_python_airflow/airflow/py_venv/lib/python3.12/site-packages/airflow/example_dags/example_dataset_alias_with_no_taskflow.py
[2024-09-18T12:13:42.248+0100] {processor.py:914} INFO - Processing file /Users/ds2718/Documents/test_python_airflow/airflow/py_venv/lib/python3.12/site-packages/airflow/example_dags/example_dataset_alias_with_no_taskflow.py for tasks to queue
[2024-09-18T12:13:42.248+0100] {logging_mixin.py:190} INFO - [2024-09-18T12:13:42.248+0100] {dagbag.py:587} INFO - Filling up the DagBag from /Users/ds2718/Documents/test_python_airflow/airflow/py_venv/lib/python3.12/site-packages/airflow/example_dags/example_dataset_alias_with_no_taskflow.py
[2024-09-18T12:13:42.347+0100] {processor.py:925} INFO - DAG(s) 'dataset_s3_bucket_consumer_with_no_taskflow', 'dataset_alias_example_alias_consumer_with_no_taskflow', 'dataset_alias_example_alias_producer_with_no_taskflow', 'dataset_s3_bucket_producer_with_no_taskflow' retrieved from /Users/ds2718/Documents/test_python_airflow/airflow/py_venv/lib/python3.12/site-packages/airflow/example_dags/example_dataset_alias_with_no_taskflow.py
[2024-09-18T12:13:42.360+0100] {logging_mixin.py:190} INFO - [2024-09-18T12:13:42.360+0100] {dag.py:3229} INFO - Sync 4 DAGs
[2024-09-18T12:13:42.399+0100] {logging_mixin.py:190} INFO - [2024-09-18T12:13:42.399+0100] {dag.py:4156} INFO - Setting next_dagrun for dataset_alias_example_alias_consumer_with_no_taskflow to None, run_after=None
[2024-09-18T12:13:42.400+0100] {logging_mixin.py:190} INFO - [2024-09-18T12:13:42.400+0100] {dag.py:4156} INFO - Setting next_dagrun for dataset_alias_example_alias_producer_with_no_taskflow to None, run_after=None
[2024-09-18T12:13:42.401+0100] {logging_mixin.py:190} INFO - [2024-09-18T12:13:42.401+0100] {dag.py:4156} INFO - Setting next_dagrun for dataset_s3_bucket_consumer_with_no_taskflow to None, run_after=None
[2024-09-18T12:13:42.401+0100] {logging_mixin.py:190} INFO - [2024-09-18T12:13:42.401+0100] {dag.py:4156} INFO - Setting next_dagrun for dataset_s3_bucket_producer_with_no_taskflow to None, run_after=None
[2024-09-18T12:13:42.422+0100] {processor.py:208} INFO - Processing /Users/ds2718/Documents/test_python_airflow/airflow/py_venv/lib/python3.12/site-packages/airflow/example_dags/example_dataset_alias_with_no_taskflow.py took 0.183 seconds
