[2024-09-18T11:54:26.539+0100] {processor.py:186} INFO - Started process (PID=9531) to work on /Users/ds2718/Documents/test_python_airflow/airflow/py_venv/lib/python3.12/site-packages/airflow/example_dags/example_branch_datetime_operator.py
[2024-09-18T11:54:26.539+0100] {processor.py:914} INFO - Processing file /Users/ds2718/Documents/test_python_airflow/airflow/py_venv/lib/python3.12/site-packages/airflow/example_dags/example_branch_datetime_operator.py for tasks to queue
[2024-09-18T11:54:26.540+0100] {logging_mixin.py:190} INFO - [2024-09-18T11:54:26.540+0100] {dagbag.py:587} INFO - Filling up the DagBag from /Users/ds2718/Documents/test_python_airflow/airflow/py_venv/lib/python3.12/site-packages/airflow/example_dags/example_branch_datetime_operator.py
[2024-09-18T11:54:26.546+0100] {processor.py:925} INFO - DAG(s) 'example_branch_datetime_operator_2', 'example_branch_datetime_operator_3', 'example_branch_datetime_operator' retrieved from /Users/ds2718/Documents/test_python_airflow/airflow/py_venv/lib/python3.12/site-packages/airflow/example_dags/example_branch_datetime_operator.py
[2024-09-18T11:54:26.663+0100] {logging_mixin.py:190} INFO - [2024-09-18T11:54:26.662+0100] {override.py:1900} INFO - Created Permission View: can edit on DAG:example_branch_datetime_operator_2
[2024-09-18T11:54:26.667+0100] {logging_mixin.py:190} INFO - [2024-09-18T11:54:26.667+0100] {override.py:1900} INFO - Created Permission View: can delete on DAG:example_branch_datetime_operator_2
[2024-09-18T11:54:26.670+0100] {logging_mixin.py:190} INFO - [2024-09-18T11:54:26.670+0100] {override.py:1900} INFO - Created Permission View: can read on DAG:example_branch_datetime_operator_2
[2024-09-18T11:54:26.673+0100] {logging_mixin.py:190} INFO - [2024-09-18T11:54:26.673+0100] {override.py:1900} INFO - Created Permission View: menu access on DAG Run:example_branch_datetime_operator_2
[2024-09-18T11:54:26.675+0100] {logging_mixin.py:190} INFO - [2024-09-18T11:54:26.675+0100] {override.py:1900} INFO - Created Permission View: can delete on DAG Run:example_branch_datetime_operator_2
[2024-09-18T11:54:26.677+0100] {logging_mixin.py:190} INFO - [2024-09-18T11:54:26.677+0100] {override.py:1900} INFO - Created Permission View: can create on DAG Run:example_branch_datetime_operator_2
[2024-09-18T11:54:26.679+0100] {logging_mixin.py:190} INFO - [2024-09-18T11:54:26.679+0100] {override.py:1900} INFO - Created Permission View: can read on DAG Run:example_branch_datetime_operator_2
[2024-09-18T11:54:26.683+0100] {logging_mixin.py:190} INFO - [2024-09-18T11:54:26.683+0100] {override.py:1900} INFO - Created Permission View: can edit on DAG:example_branch_datetime_operator_3
[2024-09-18T11:54:26.685+0100] {logging_mixin.py:190} INFO - [2024-09-18T11:54:26.685+0100] {override.py:1900} INFO - Created Permission View: can delete on DAG:example_branch_datetime_operator_3
[2024-09-18T11:54:26.686+0100] {logging_mixin.py:190} INFO - [2024-09-18T11:54:26.686+0100] {override.py:1900} INFO - Created Permission View: can read on DAG:example_branch_datetime_operator_3
[2024-09-18T11:54:26.689+0100] {logging_mixin.py:190} INFO - [2024-09-18T11:54:26.689+0100] {override.py:1900} INFO - Created Permission View: menu access on DAG Run:example_branch_datetime_operator_3
[2024-09-18T11:54:26.691+0100] {logging_mixin.py:190} INFO - [2024-09-18T11:54:26.690+0100] {override.py:1900} INFO - Created Permission View: can delete on DAG Run:example_branch_datetime_operator_3
[2024-09-18T11:54:26.692+0100] {logging_mixin.py:190} INFO - [2024-09-18T11:54:26.692+0100] {override.py:1900} INFO - Created Permission View: can create on DAG Run:example_branch_datetime_operator_3
[2024-09-18T11:54:26.694+0100] {logging_mixin.py:190} INFO - [2024-09-18T11:54:26.694+0100] {override.py:1900} INFO - Created Permission View: can read on DAG Run:example_branch_datetime_operator_3
[2024-09-18T11:54:26.698+0100] {logging_mixin.py:190} INFO - [2024-09-18T11:54:26.698+0100] {override.py:1900} INFO - Created Permission View: can edit on DAG:example_branch_datetime_operator
[2024-09-18T11:54:26.700+0100] {logging_mixin.py:190} INFO - [2024-09-18T11:54:26.700+0100] {override.py:1900} INFO - Created Permission View: can delete on DAG:example_branch_datetime_operator
[2024-09-18T11:54:26.702+0100] {logging_mixin.py:190} INFO - [2024-09-18T11:54:26.702+0100] {override.py:1900} INFO - Created Permission View: can read on DAG:example_branch_datetime_operator
[2024-09-18T11:54:26.704+0100] {logging_mixin.py:190} INFO - [2024-09-18T11:54:26.704+0100] {override.py:1900} INFO - Created Permission View: menu access on DAG Run:example_branch_datetime_operator
[2024-09-18T11:54:26.706+0100] {logging_mixin.py:190} INFO - [2024-09-18T11:54:26.706+0100] {override.py:1900} INFO - Created Permission View: can delete on DAG Run:example_branch_datetime_operator
[2024-09-18T11:54:26.707+0100] {logging_mixin.py:190} INFO - [2024-09-18T11:54:26.707+0100] {override.py:1900} INFO - Created Permission View: can create on DAG Run:example_branch_datetime_operator
[2024-09-18T11:54:26.709+0100] {logging_mixin.py:190} INFO - [2024-09-18T11:54:26.709+0100] {override.py:1900} INFO - Created Permission View: can read on DAG Run:example_branch_datetime_operator
[2024-09-18T11:54:26.709+0100] {logging_mixin.py:190} INFO - [2024-09-18T11:54:26.709+0100] {dag.py:3229} INFO - Sync 3 DAGs
[2024-09-18T11:54:26.714+0100] {logging_mixin.py:190} INFO - [2024-09-18T11:54:26.714+0100] {dag.py:3252} INFO - Creating ORM DAG for example_branch_datetime_operator
[2024-09-18T11:54:26.715+0100] {logging_mixin.py:190} INFO - [2024-09-18T11:54:26.715+0100] {dag.py:3252} INFO - Creating ORM DAG for example_branch_datetime_operator_3
[2024-09-18T11:54:26.715+0100] {logging_mixin.py:190} INFO - [2024-09-18T11:54:26.715+0100] {dag.py:3252} INFO - Creating ORM DAG for example_branch_datetime_operator_2
[2024-09-18T11:54:26.718+0100] {logging_mixin.py:190} INFO - [2024-09-18T11:54:26.718+0100] {dag.py:4156} INFO - Setting next_dagrun for example_branch_datetime_operator to 2024-09-17 00:00:00+00:00, run_after=2024-09-18 00:00:00+00:00
[2024-09-18T11:54:26.719+0100] {logging_mixin.py:190} INFO - [2024-09-18T11:54:26.719+0100] {dag.py:4156} INFO - Setting next_dagrun for example_branch_datetime_operator_2 to 2024-09-17 00:00:00+00:00, run_after=2024-09-18 00:00:00+00:00
[2024-09-18T11:54:26.720+0100] {logging_mixin.py:190} INFO - [2024-09-18T11:54:26.720+0100] {dag.py:4156} INFO - Setting next_dagrun for example_branch_datetime_operator_3 to 2024-09-17 00:00:00+00:00, run_after=2024-09-18 00:00:00+00:00
[2024-09-18T11:54:26.727+0100] {processor.py:208} INFO - Processing /Users/ds2718/Documents/test_python_airflow/airflow/py_venv/lib/python3.12/site-packages/airflow/example_dags/example_branch_datetime_operator.py took 0.192 seconds
[2024-09-18T11:55:02.525+0100] {processor.py:186} INFO - Started process (PID=9752) to work on /Users/ds2718/Documents/test_python_airflow/airflow/py_venv/lib/python3.12/site-packages/airflow/example_dags/example_branch_datetime_operator.py
[2024-09-18T11:55:02.527+0100] {processor.py:914} INFO - Processing file /Users/ds2718/Documents/test_python_airflow/airflow/py_venv/lib/python3.12/site-packages/airflow/example_dags/example_branch_datetime_operator.py for tasks to queue
[2024-09-18T11:55:02.527+0100] {logging_mixin.py:190} INFO - [2024-09-18T11:55:02.527+0100] {dagbag.py:587} INFO - Filling up the DagBag from /Users/ds2718/Documents/test_python_airflow/airflow/py_venv/lib/python3.12/site-packages/airflow/example_dags/example_branch_datetime_operator.py
[2024-09-18T11:55:02.534+0100] {processor.py:925} INFO - DAG(s) 'example_branch_datetime_operator_3', 'example_branch_datetime_operator_2', 'example_branch_datetime_operator' retrieved from /Users/ds2718/Documents/test_python_airflow/airflow/py_venv/lib/python3.12/site-packages/airflow/example_dags/example_branch_datetime_operator.py
[2024-09-18T11:55:02.584+0100] {logging_mixin.py:190} INFO - [2024-09-18T11:55:02.584+0100] {dag.py:3229} INFO - Sync 3 DAGs
[2024-09-18T11:55:02.598+0100] {logging_mixin.py:190} INFO - [2024-09-18T11:55:02.598+0100] {dag.py:4156} INFO - Setting next_dagrun for example_branch_datetime_operator to 2024-09-17 00:00:00+00:00, run_after=2024-09-18 00:00:00+00:00
[2024-09-18T11:55:02.600+0100] {logging_mixin.py:190} INFO - [2024-09-18T11:55:02.600+0100] {dag.py:4156} INFO - Setting next_dagrun for example_branch_datetime_operator_2 to 2024-09-17 00:00:00+00:00, run_after=2024-09-18 00:00:00+00:00
[2024-09-18T11:55:02.601+0100] {logging_mixin.py:190} INFO - [2024-09-18T11:55:02.601+0100] {dag.py:4156} INFO - Setting next_dagrun for example_branch_datetime_operator_3 to 2024-09-17 00:00:00+00:00, run_after=2024-09-18 00:00:00+00:00
[2024-09-18T11:55:02.627+0100] {processor.py:208} INFO - Processing /Users/ds2718/Documents/test_python_airflow/airflow/py_venv/lib/python3.12/site-packages/airflow/example_dags/example_branch_datetime_operator.py took 0.108 seconds
[2024-09-18T11:55:36.337+0100] {processor.py:186} INFO - Started process (PID=9925) to work on /Users/ds2718/Documents/test_python_airflow/airflow/py_venv/lib/python3.12/site-packages/airflow/example_dags/example_branch_datetime_operator.py
[2024-09-18T11:55:36.338+0100] {processor.py:914} INFO - Processing file /Users/ds2718/Documents/test_python_airflow/airflow/py_venv/lib/python3.12/site-packages/airflow/example_dags/example_branch_datetime_operator.py for tasks to queue
[2024-09-18T11:55:36.338+0100] {logging_mixin.py:190} INFO - [2024-09-18T11:55:36.338+0100] {dagbag.py:587} INFO - Filling up the DagBag from /Users/ds2718/Documents/test_python_airflow/airflow/py_venv/lib/python3.12/site-packages/airflow/example_dags/example_branch_datetime_operator.py
[2024-09-18T11:55:36.345+0100] {processor.py:925} INFO - DAG(s) 'example_branch_datetime_operator_2', 'example_branch_datetime_operator_3', 'example_branch_datetime_operator' retrieved from /Users/ds2718/Documents/test_python_airflow/airflow/py_venv/lib/python3.12/site-packages/airflow/example_dags/example_branch_datetime_operator.py
[2024-09-18T11:55:36.403+0100] {logging_mixin.py:190} INFO - [2024-09-18T11:55:36.403+0100] {dag.py:3229} INFO - Sync 3 DAGs
[2024-09-18T11:55:36.415+0100] {logging_mixin.py:190} INFO - [2024-09-18T11:55:36.415+0100] {dag.py:4156} INFO - Setting next_dagrun for example_branch_datetime_operator to 2024-09-17 00:00:00+00:00, run_after=2024-09-18 00:00:00+00:00
[2024-09-18T11:55:36.417+0100] {logging_mixin.py:190} INFO - [2024-09-18T11:55:36.417+0100] {dag.py:4156} INFO - Setting next_dagrun for example_branch_datetime_operator_2 to 2024-09-17 00:00:00+00:00, run_after=2024-09-18 00:00:00+00:00
[2024-09-18T11:55:36.417+0100] {logging_mixin.py:190} INFO - [2024-09-18T11:55:36.417+0100] {dag.py:4156} INFO - Setting next_dagrun for example_branch_datetime_operator_3 to 2024-09-17 00:00:00+00:00, run_after=2024-09-18 00:00:00+00:00
[2024-09-18T11:55:36.431+0100] {processor.py:208} INFO - Processing /Users/ds2718/Documents/test_python_airflow/airflow/py_venv/lib/python3.12/site-packages/airflow/example_dags/example_branch_datetime_operator.py took 0.102 seconds
[2024-09-18T11:56:10.381+0100] {processor.py:186} INFO - Started process (PID=10100) to work on /Users/ds2718/Documents/test_python_airflow/airflow/py_venv/lib/python3.12/site-packages/airflow/example_dags/example_branch_datetime_operator.py
[2024-09-18T11:56:10.384+0100] {processor.py:914} INFO - Processing file /Users/ds2718/Documents/test_python_airflow/airflow/py_venv/lib/python3.12/site-packages/airflow/example_dags/example_branch_datetime_operator.py for tasks to queue
[2024-09-18T11:56:10.384+0100] {logging_mixin.py:190} INFO - [2024-09-18T11:56:10.384+0100] {dagbag.py:587} INFO - Filling up the DagBag from /Users/ds2718/Documents/test_python_airflow/airflow/py_venv/lib/python3.12/site-packages/airflow/example_dags/example_branch_datetime_operator.py
[2024-09-18T11:56:10.404+0100] {processor.py:925} INFO - DAG(s) 'example_branch_datetime_operator', 'example_branch_datetime_operator_3', 'example_branch_datetime_operator_2' retrieved from /Users/ds2718/Documents/test_python_airflow/airflow/py_venv/lib/python3.12/site-packages/airflow/example_dags/example_branch_datetime_operator.py
[2024-09-18T11:56:10.455+0100] {logging_mixin.py:190} INFO - [2024-09-18T11:56:10.455+0100] {dag.py:3229} INFO - Sync 3 DAGs
[2024-09-18T11:56:10.467+0100] {logging_mixin.py:190} INFO - [2024-09-18T11:56:10.466+0100] {dag.py:4156} INFO - Setting next_dagrun for example_branch_datetime_operator to 2024-09-17 00:00:00+00:00, run_after=2024-09-18 00:00:00+00:00
[2024-09-18T11:56:10.468+0100] {logging_mixin.py:190} INFO - [2024-09-18T11:56:10.468+0100] {dag.py:4156} INFO - Setting next_dagrun for example_branch_datetime_operator_2 to 2024-09-17 00:00:00+00:00, run_after=2024-09-18 00:00:00+00:00
[2024-09-18T11:56:10.469+0100] {logging_mixin.py:190} INFO - [2024-09-18T11:56:10.469+0100] {dag.py:4156} INFO - Setting next_dagrun for example_branch_datetime_operator_3 to 2024-09-17 00:00:00+00:00, run_after=2024-09-18 00:00:00+00:00
[2024-09-18T11:56:10.484+0100] {processor.py:208} INFO - Processing /Users/ds2718/Documents/test_python_airflow/airflow/py_venv/lib/python3.12/site-packages/airflow/example_dags/example_branch_datetime_operator.py took 0.105 seconds
[2024-09-18T11:56:42.200+0100] {processor.py:186} INFO - Started process (PID=10236) to work on /Users/ds2718/Documents/test_python_airflow/airflow/py_venv/lib/python3.12/site-packages/airflow/example_dags/example_branch_datetime_operator.py
[2024-09-18T11:56:42.201+0100] {processor.py:914} INFO - Processing file /Users/ds2718/Documents/test_python_airflow/airflow/py_venv/lib/python3.12/site-packages/airflow/example_dags/example_branch_datetime_operator.py for tasks to queue
[2024-09-18T11:56:42.201+0100] {logging_mixin.py:190} INFO - [2024-09-18T11:56:42.201+0100] {dagbag.py:587} INFO - Filling up the DagBag from /Users/ds2718/Documents/test_python_airflow/airflow/py_venv/lib/python3.12/site-packages/airflow/example_dags/example_branch_datetime_operator.py
[2024-09-18T11:56:42.208+0100] {processor.py:925} INFO - DAG(s) 'example_branch_datetime_operator_3', 'example_branch_datetime_operator', 'example_branch_datetime_operator_2' retrieved from /Users/ds2718/Documents/test_python_airflow/airflow/py_venv/lib/python3.12/site-packages/airflow/example_dags/example_branch_datetime_operator.py
[2024-09-18T11:56:42.253+0100] {logging_mixin.py:190} INFO - [2024-09-18T11:56:42.253+0100] {dag.py:3229} INFO - Sync 3 DAGs
[2024-09-18T11:56:42.262+0100] {logging_mixin.py:190} INFO - [2024-09-18T11:56:42.262+0100] {dag.py:4156} INFO - Setting next_dagrun for example_branch_datetime_operator to 2024-09-17 00:00:00+00:00, run_after=2024-09-18 00:00:00+00:00
[2024-09-18T11:56:42.264+0100] {logging_mixin.py:190} INFO - [2024-09-18T11:56:42.264+0100] {dag.py:4156} INFO - Setting next_dagrun for example_branch_datetime_operator_2 to 2024-09-17 00:00:00+00:00, run_after=2024-09-18 00:00:00+00:00
[2024-09-18T11:56:42.264+0100] {logging_mixin.py:190} INFO - [2024-09-18T11:56:42.264+0100] {dag.py:4156} INFO - Setting next_dagrun for example_branch_datetime_operator_3 to 2024-09-17 00:00:00+00:00, run_after=2024-09-18 00:00:00+00:00
[2024-09-18T11:56:42.281+0100] {processor.py:208} INFO - Processing /Users/ds2718/Documents/test_python_airflow/airflow/py_venv/lib/python3.12/site-packages/airflow/example_dags/example_branch_datetime_operator.py took 0.084 seconds
[2024-09-18T11:57:15.453+0100] {processor.py:186} INFO - Started process (PID=10401) to work on /Users/ds2718/Documents/test_python_airflow/airflow/py_venv/lib/python3.12/site-packages/airflow/example_dags/example_branch_datetime_operator.py
[2024-09-18T11:57:15.454+0100] {processor.py:914} INFO - Processing file /Users/ds2718/Documents/test_python_airflow/airflow/py_venv/lib/python3.12/site-packages/airflow/example_dags/example_branch_datetime_operator.py for tasks to queue
[2024-09-18T11:57:15.454+0100] {logging_mixin.py:190} INFO - [2024-09-18T11:57:15.454+0100] {dagbag.py:587} INFO - Filling up the DagBag from /Users/ds2718/Documents/test_python_airflow/airflow/py_venv/lib/python3.12/site-packages/airflow/example_dags/example_branch_datetime_operator.py
[2024-09-18T11:57:15.460+0100] {processor.py:925} INFO - DAG(s) 'example_branch_datetime_operator', 'example_branch_datetime_operator_3', 'example_branch_datetime_operator_2' retrieved from /Users/ds2718/Documents/test_python_airflow/airflow/py_venv/lib/python3.12/site-packages/airflow/example_dags/example_branch_datetime_operator.py
[2024-09-18T11:57:15.502+0100] {logging_mixin.py:190} INFO - [2024-09-18T11:57:15.502+0100] {dag.py:3229} INFO - Sync 3 DAGs
[2024-09-18T11:57:15.515+0100] {logging_mixin.py:190} INFO - [2024-09-18T11:57:15.515+0100] {dag.py:4156} INFO - Setting next_dagrun for example_branch_datetime_operator to 2024-09-17 00:00:00+00:00, run_after=2024-09-18 00:00:00+00:00
[2024-09-18T11:57:15.517+0100] {logging_mixin.py:190} INFO - [2024-09-18T11:57:15.516+0100] {dag.py:4156} INFO - Setting next_dagrun for example_branch_datetime_operator_2 to 2024-09-17 00:00:00+00:00, run_after=2024-09-18 00:00:00+00:00
[2024-09-18T11:57:15.517+0100] {logging_mixin.py:190} INFO - [2024-09-18T11:57:15.517+0100] {dag.py:4156} INFO - Setting next_dagrun for example_branch_datetime_operator_3 to 2024-09-17 00:00:00+00:00, run_after=2024-09-18 00:00:00+00:00
[2024-09-18T11:57:15.527+0100] {processor.py:208} INFO - Processing /Users/ds2718/Documents/test_python_airflow/airflow/py_venv/lib/python3.12/site-packages/airflow/example_dags/example_branch_datetime_operator.py took 0.079 seconds
[2024-09-18T11:57:49.263+0100] {processor.py:186} INFO - Started process (PID=10621) to work on /Users/ds2718/Documents/test_python_airflow/airflow/py_venv/lib/python3.12/site-packages/airflow/example_dags/example_branch_datetime_operator.py
[2024-09-18T11:57:49.265+0100] {processor.py:914} INFO - Processing file /Users/ds2718/Documents/test_python_airflow/airflow/py_venv/lib/python3.12/site-packages/airflow/example_dags/example_branch_datetime_operator.py for tasks to queue
[2024-09-18T11:57:49.265+0100] {logging_mixin.py:190} INFO - [2024-09-18T11:57:49.265+0100] {dagbag.py:587} INFO - Filling up the DagBag from /Users/ds2718/Documents/test_python_airflow/airflow/py_venv/lib/python3.12/site-packages/airflow/example_dags/example_branch_datetime_operator.py
[2024-09-18T11:57:49.272+0100] {processor.py:925} INFO - DAG(s) 'example_branch_datetime_operator_3', 'example_branch_datetime_operator_2', 'example_branch_datetime_operator' retrieved from /Users/ds2718/Documents/test_python_airflow/airflow/py_venv/lib/python3.12/site-packages/airflow/example_dags/example_branch_datetime_operator.py
[2024-09-18T11:57:49.319+0100] {logging_mixin.py:190} INFO - [2024-09-18T11:57:49.319+0100] {dag.py:3229} INFO - Sync 3 DAGs
[2024-09-18T11:57:49.330+0100] {logging_mixin.py:190} INFO - [2024-09-18T11:57:49.330+0100] {dag.py:4156} INFO - Setting next_dagrun for example_branch_datetime_operator to 2024-09-17 00:00:00+00:00, run_after=2024-09-18 00:00:00+00:00
[2024-09-18T11:57:49.332+0100] {logging_mixin.py:190} INFO - [2024-09-18T11:57:49.332+0100] {dag.py:4156} INFO - Setting next_dagrun for example_branch_datetime_operator_2 to 2024-09-17 00:00:00+00:00, run_after=2024-09-18 00:00:00+00:00
[2024-09-18T11:57:49.332+0100] {logging_mixin.py:190} INFO - [2024-09-18T11:57:49.332+0100] {dag.py:4156} INFO - Setting next_dagrun for example_branch_datetime_operator_3 to 2024-09-17 00:00:00+00:00, run_after=2024-09-18 00:00:00+00:00
[2024-09-18T11:57:49.346+0100] {processor.py:208} INFO - Processing /Users/ds2718/Documents/test_python_airflow/airflow/py_venv/lib/python3.12/site-packages/airflow/example_dags/example_branch_datetime_operator.py took 0.085 seconds
[2024-09-18T11:58:23.819+0100] {processor.py:186} INFO - Started process (PID=10798) to work on /Users/ds2718/Documents/test_python_airflow/airflow/py_venv/lib/python3.12/site-packages/airflow/example_dags/example_branch_datetime_operator.py
[2024-09-18T11:58:23.822+0100] {processor.py:914} INFO - Processing file /Users/ds2718/Documents/test_python_airflow/airflow/py_venv/lib/python3.12/site-packages/airflow/example_dags/example_branch_datetime_operator.py for tasks to queue
[2024-09-18T11:58:23.823+0100] {logging_mixin.py:190} INFO - [2024-09-18T11:58:23.823+0100] {dagbag.py:587} INFO - Filling up the DagBag from /Users/ds2718/Documents/test_python_airflow/airflow/py_venv/lib/python3.12/site-packages/airflow/example_dags/example_branch_datetime_operator.py
[2024-09-18T11:58:23.829+0100] {processor.py:925} INFO - DAG(s) 'example_branch_datetime_operator', 'example_branch_datetime_operator_2', 'example_branch_datetime_operator_3' retrieved from /Users/ds2718/Documents/test_python_airflow/airflow/py_venv/lib/python3.12/site-packages/airflow/example_dags/example_branch_datetime_operator.py
[2024-09-18T11:58:23.885+0100] {logging_mixin.py:190} INFO - [2024-09-18T11:58:23.885+0100] {dag.py:3229} INFO - Sync 3 DAGs
[2024-09-18T11:58:23.897+0100] {logging_mixin.py:190} INFO - [2024-09-18T11:58:23.897+0100] {dag.py:4156} INFO - Setting next_dagrun for example_branch_datetime_operator to 2024-09-17 00:00:00+00:00, run_after=2024-09-18 00:00:00+00:00
[2024-09-18T11:58:23.898+0100] {logging_mixin.py:190} INFO - [2024-09-18T11:58:23.898+0100] {dag.py:4156} INFO - Setting next_dagrun for example_branch_datetime_operator_2 to 2024-09-17 00:00:00+00:00, run_after=2024-09-18 00:00:00+00:00
[2024-09-18T11:58:23.899+0100] {logging_mixin.py:190} INFO - [2024-09-18T11:58:23.899+0100] {dag.py:4156} INFO - Setting next_dagrun for example_branch_datetime_operator_3 to 2024-09-17 00:00:00+00:00, run_after=2024-09-18 00:00:00+00:00
[2024-09-18T11:58:23.911+0100] {processor.py:208} INFO - Processing /Users/ds2718/Documents/test_python_airflow/airflow/py_venv/lib/python3.12/site-packages/airflow/example_dags/example_branch_datetime_operator.py took 0.097 seconds
[2024-09-18T11:59:02.729+0100] {processor.py:186} INFO - Started process (PID=11016) to work on /Users/ds2718/Documents/test_python_airflow/airflow/py_venv/lib/python3.12/site-packages/airflow/example_dags/example_branch_datetime_operator.py
[2024-09-18T11:59:02.729+0100] {processor.py:914} INFO - Processing file /Users/ds2718/Documents/test_python_airflow/airflow/py_venv/lib/python3.12/site-packages/airflow/example_dags/example_branch_datetime_operator.py for tasks to queue
[2024-09-18T11:59:02.730+0100] {logging_mixin.py:190} INFO - [2024-09-18T11:59:02.729+0100] {dagbag.py:587} INFO - Filling up the DagBag from /Users/ds2718/Documents/test_python_airflow/airflow/py_venv/lib/python3.12/site-packages/airflow/example_dags/example_branch_datetime_operator.py
[2024-09-18T11:59:02.735+0100] {processor.py:925} INFO - DAG(s) 'example_branch_datetime_operator', 'example_branch_datetime_operator_2', 'example_branch_datetime_operator_3' retrieved from /Users/ds2718/Documents/test_python_airflow/airflow/py_venv/lib/python3.12/site-packages/airflow/example_dags/example_branch_datetime_operator.py
[2024-09-18T11:59:02.781+0100] {logging_mixin.py:190} INFO - [2024-09-18T11:59:02.780+0100] {dag.py:3229} INFO - Sync 3 DAGs
[2024-09-18T11:59:02.792+0100] {logging_mixin.py:190} INFO - [2024-09-18T11:59:02.792+0100] {dag.py:4156} INFO - Setting next_dagrun for example_branch_datetime_operator to 2024-09-17 00:00:00+00:00, run_after=2024-09-18 00:00:00+00:00
[2024-09-18T11:59:02.794+0100] {logging_mixin.py:190} INFO - [2024-09-18T11:59:02.794+0100] {dag.py:4156} INFO - Setting next_dagrun for example_branch_datetime_operator_2 to 2024-09-17 00:00:00+00:00, run_after=2024-09-18 00:00:00+00:00
[2024-09-18T11:59:02.795+0100] {logging_mixin.py:190} INFO - [2024-09-18T11:59:02.795+0100] {dag.py:4156} INFO - Setting next_dagrun for example_branch_datetime_operator_3 to 2024-09-17 00:00:00+00:00, run_after=2024-09-18 00:00:00+00:00
[2024-09-18T11:59:02.802+0100] {processor.py:208} INFO - Processing /Users/ds2718/Documents/test_python_airflow/airflow/py_venv/lib/python3.12/site-packages/airflow/example_dags/example_branch_datetime_operator.py took 0.075 seconds
[2024-09-18T11:59:36.929+0100] {processor.py:186} INFO - Started process (PID=11193) to work on /Users/ds2718/Documents/test_python_airflow/airflow/py_venv/lib/python3.12/site-packages/airflow/example_dags/example_branch_datetime_operator.py
[2024-09-18T11:59:36.930+0100] {processor.py:914} INFO - Processing file /Users/ds2718/Documents/test_python_airflow/airflow/py_venv/lib/python3.12/site-packages/airflow/example_dags/example_branch_datetime_operator.py for tasks to queue
[2024-09-18T11:59:36.930+0100] {logging_mixin.py:190} INFO - [2024-09-18T11:59:36.930+0100] {dagbag.py:587} INFO - Filling up the DagBag from /Users/ds2718/Documents/test_python_airflow/airflow/py_venv/lib/python3.12/site-packages/airflow/example_dags/example_branch_datetime_operator.py
[2024-09-18T11:59:36.938+0100] {processor.py:925} INFO - DAG(s) 'example_branch_datetime_operator_3', 'example_branch_datetime_operator_2', 'example_branch_datetime_operator' retrieved from /Users/ds2718/Documents/test_python_airflow/airflow/py_venv/lib/python3.12/site-packages/airflow/example_dags/example_branch_datetime_operator.py
[2024-09-18T11:59:36.984+0100] {logging_mixin.py:190} INFO - [2024-09-18T11:59:36.984+0100] {dag.py:3229} INFO - Sync 3 DAGs
[2024-09-18T11:59:36.996+0100] {logging_mixin.py:190} INFO - [2024-09-18T11:59:36.996+0100] {dag.py:4156} INFO - Setting next_dagrun for example_branch_datetime_operator to 2024-09-17 00:00:00+00:00, run_after=2024-09-18 00:00:00+00:00
[2024-09-18T11:59:36.998+0100] {logging_mixin.py:190} INFO - [2024-09-18T11:59:36.998+0100] {dag.py:4156} INFO - Setting next_dagrun for example_branch_datetime_operator_2 to 2024-09-17 00:00:00+00:00, run_after=2024-09-18 00:00:00+00:00
[2024-09-18T11:59:36.999+0100] {logging_mixin.py:190} INFO - [2024-09-18T11:59:36.999+0100] {dag.py:4156} INFO - Setting next_dagrun for example_branch_datetime_operator_3 to 2024-09-17 00:00:00+00:00, run_after=2024-09-18 00:00:00+00:00
[2024-09-18T11:59:37.016+0100] {processor.py:208} INFO - Processing /Users/ds2718/Documents/test_python_airflow/airflow/py_venv/lib/python3.12/site-packages/airflow/example_dags/example_branch_datetime_operator.py took 0.092 seconds
[2024-09-18T12:00:10.678+0100] {processor.py:186} INFO - Started process (PID=11412) to work on /Users/ds2718/Documents/test_python_airflow/airflow/py_venv/lib/python3.12/site-packages/airflow/example_dags/example_branch_datetime_operator.py
[2024-09-18T12:00:10.679+0100] {processor.py:914} INFO - Processing file /Users/ds2718/Documents/test_python_airflow/airflow/py_venv/lib/python3.12/site-packages/airflow/example_dags/example_branch_datetime_operator.py for tasks to queue
[2024-09-18T12:00:10.679+0100] {logging_mixin.py:190} INFO - [2024-09-18T12:00:10.679+0100] {dagbag.py:587} INFO - Filling up the DagBag from /Users/ds2718/Documents/test_python_airflow/airflow/py_venv/lib/python3.12/site-packages/airflow/example_dags/example_branch_datetime_operator.py
[2024-09-18T12:00:10.687+0100] {processor.py:925} INFO - DAG(s) 'example_branch_datetime_operator', 'example_branch_datetime_operator_2', 'example_branch_datetime_operator_3' retrieved from /Users/ds2718/Documents/test_python_airflow/airflow/py_venv/lib/python3.12/site-packages/airflow/example_dags/example_branch_datetime_operator.py
[2024-09-18T12:00:10.744+0100] {logging_mixin.py:190} INFO - [2024-09-18T12:00:10.743+0100] {dag.py:3229} INFO - Sync 3 DAGs
[2024-09-18T12:00:10.763+0100] {logging_mixin.py:190} INFO - [2024-09-18T12:00:10.763+0100] {dag.py:4156} INFO - Setting next_dagrun for example_branch_datetime_operator to 2024-09-17 00:00:00+00:00, run_after=2024-09-18 00:00:00+00:00
[2024-09-18T12:00:10.764+0100] {logging_mixin.py:190} INFO - [2024-09-18T12:00:10.764+0100] {dag.py:4156} INFO - Setting next_dagrun for example_branch_datetime_operator_2 to 2024-09-17 00:00:00+00:00, run_after=2024-09-18 00:00:00+00:00
[2024-09-18T12:00:10.765+0100] {logging_mixin.py:190} INFO - [2024-09-18T12:00:10.765+0100] {dag.py:4156} INFO - Setting next_dagrun for example_branch_datetime_operator_3 to 2024-09-17 00:00:00+00:00, run_after=2024-09-18 00:00:00+00:00
[2024-09-18T12:00:10.788+0100] {processor.py:208} INFO - Processing /Users/ds2718/Documents/test_python_airflow/airflow/py_venv/lib/python3.12/site-packages/airflow/example_dags/example_branch_datetime_operator.py took 0.115 seconds
[2024-09-18T12:00:44.022+0100] {processor.py:186} INFO - Started process (PID=11580) to work on /Users/ds2718/Documents/test_python_airflow/airflow/py_venv/lib/python3.12/site-packages/airflow/example_dags/example_branch_datetime_operator.py
[2024-09-18T12:00:44.023+0100] {processor.py:914} INFO - Processing file /Users/ds2718/Documents/test_python_airflow/airflow/py_venv/lib/python3.12/site-packages/airflow/example_dags/example_branch_datetime_operator.py for tasks to queue
[2024-09-18T12:00:44.023+0100] {logging_mixin.py:190} INFO - [2024-09-18T12:00:44.023+0100] {dagbag.py:587} INFO - Filling up the DagBag from /Users/ds2718/Documents/test_python_airflow/airflow/py_venv/lib/python3.12/site-packages/airflow/example_dags/example_branch_datetime_operator.py
[2024-09-18T12:00:44.029+0100] {processor.py:925} INFO - DAG(s) 'example_branch_datetime_operator_3', 'example_branch_datetime_operator', 'example_branch_datetime_operator_2' retrieved from /Users/ds2718/Documents/test_python_airflow/airflow/py_venv/lib/python3.12/site-packages/airflow/example_dags/example_branch_datetime_operator.py
[2024-09-18T12:00:44.073+0100] {logging_mixin.py:190} INFO - [2024-09-18T12:00:44.073+0100] {dag.py:3229} INFO - Sync 3 DAGs
[2024-09-18T12:00:44.091+0100] {logging_mixin.py:190} INFO - [2024-09-18T12:00:44.091+0100] {dag.py:4156} INFO - Setting next_dagrun for example_branch_datetime_operator to 2024-09-17 00:00:00+00:00, run_after=2024-09-18 00:00:00+00:00
[2024-09-18T12:00:44.092+0100] {logging_mixin.py:190} INFO - [2024-09-18T12:00:44.092+0100] {dag.py:4156} INFO - Setting next_dagrun for example_branch_datetime_operator_2 to 2024-09-17 00:00:00+00:00, run_after=2024-09-18 00:00:00+00:00
[2024-09-18T12:00:44.093+0100] {logging_mixin.py:190} INFO - [2024-09-18T12:00:44.093+0100] {dag.py:4156} INFO - Setting next_dagrun for example_branch_datetime_operator_3 to 2024-09-17 00:00:00+00:00, run_after=2024-09-18 00:00:00+00:00
[2024-09-18T12:00:44.118+0100] {processor.py:208} INFO - Processing /Users/ds2718/Documents/test_python_airflow/airflow/py_venv/lib/python3.12/site-packages/airflow/example_dags/example_branch_datetime_operator.py took 0.104 seconds
[2024-09-18T12:01:25.774+0100] {processor.py:186} INFO - Started process (PID=11787) to work on /Users/ds2718/Documents/test_python_airflow/airflow/py_venv/lib/python3.12/site-packages/airflow/example_dags/example_branch_datetime_operator.py
[2024-09-18T12:01:25.778+0100] {processor.py:914} INFO - Processing file /Users/ds2718/Documents/test_python_airflow/airflow/py_venv/lib/python3.12/site-packages/airflow/example_dags/example_branch_datetime_operator.py for tasks to queue
[2024-09-18T12:01:25.778+0100] {logging_mixin.py:190} INFO - [2024-09-18T12:01:25.778+0100] {dagbag.py:587} INFO - Filling up the DagBag from /Users/ds2718/Documents/test_python_airflow/airflow/py_venv/lib/python3.12/site-packages/airflow/example_dags/example_branch_datetime_operator.py
[2024-09-18T12:01:25.800+0100] {processor.py:925} INFO - DAG(s) 'example_branch_datetime_operator_3', 'example_branch_datetime_operator_2', 'example_branch_datetime_operator' retrieved from /Users/ds2718/Documents/test_python_airflow/airflow/py_venv/lib/python3.12/site-packages/airflow/example_dags/example_branch_datetime_operator.py
[2024-09-18T12:01:25.856+0100] {logging_mixin.py:190} INFO - [2024-09-18T12:01:25.856+0100] {dag.py:3229} INFO - Sync 3 DAGs
[2024-09-18T12:01:25.869+0100] {logging_mixin.py:190} INFO - [2024-09-18T12:01:25.869+0100] {dag.py:4156} INFO - Setting next_dagrun for example_branch_datetime_operator to 2024-09-17 00:00:00+00:00, run_after=2024-09-18 00:00:00+00:00
[2024-09-18T12:01:25.871+0100] {logging_mixin.py:190} INFO - [2024-09-18T12:01:25.870+0100] {dag.py:4156} INFO - Setting next_dagrun for example_branch_datetime_operator_2 to 2024-09-17 00:00:00+00:00, run_after=2024-09-18 00:00:00+00:00
[2024-09-18T12:01:25.871+0100] {logging_mixin.py:190} INFO - [2024-09-18T12:01:25.871+0100] {dag.py:4156} INFO - Setting next_dagrun for example_branch_datetime_operator_3 to 2024-09-17 00:00:00+00:00, run_after=2024-09-18 00:00:00+00:00
[2024-09-18T12:01:25.890+0100] {processor.py:208} INFO - Processing /Users/ds2718/Documents/test_python_airflow/airflow/py_venv/lib/python3.12/site-packages/airflow/example_dags/example_branch_datetime_operator.py took 0.122 seconds
[2024-09-18T12:06:39.193+0100] {processor.py:186} INFO - Started process (PID=12052) to work on /Users/ds2718/Documents/test_python_airflow/airflow/py_venv/lib/python3.12/site-packages/airflow/example_dags/example_branch_datetime_operator.py
[2024-09-18T12:06:39.193+0100] {processor.py:914} INFO - Processing file /Users/ds2718/Documents/test_python_airflow/airflow/py_venv/lib/python3.12/site-packages/airflow/example_dags/example_branch_datetime_operator.py for tasks to queue
[2024-09-18T12:06:39.194+0100] {logging_mixin.py:190} INFO - [2024-09-18T12:06:39.193+0100] {dagbag.py:587} INFO - Filling up the DagBag from /Users/ds2718/Documents/test_python_airflow/airflow/py_venv/lib/python3.12/site-packages/airflow/example_dags/example_branch_datetime_operator.py
[2024-09-18T12:06:39.200+0100] {processor.py:925} INFO - DAG(s) 'example_branch_datetime_operator_2', 'example_branch_datetime_operator_3', 'example_branch_datetime_operator' retrieved from /Users/ds2718/Documents/test_python_airflow/airflow/py_venv/lib/python3.12/site-packages/airflow/example_dags/example_branch_datetime_operator.py
[2024-09-18T12:06:39.239+0100] {logging_mixin.py:190} INFO - [2024-09-18T12:06:39.239+0100] {dag.py:3229} INFO - Sync 3 DAGs
[2024-09-18T12:06:39.249+0100] {logging_mixin.py:190} INFO - [2024-09-18T12:06:39.249+0100] {dag.py:4156} INFO - Setting next_dagrun for example_branch_datetime_operator to 2024-09-17 00:00:00+00:00, run_after=2024-09-18 00:00:00+00:00
[2024-09-18T12:06:39.251+0100] {logging_mixin.py:190} INFO - [2024-09-18T12:06:39.251+0100] {dag.py:4156} INFO - Setting next_dagrun for example_branch_datetime_operator_2 to 2024-09-17 00:00:00+00:00, run_after=2024-09-18 00:00:00+00:00
[2024-09-18T12:06:39.252+0100] {logging_mixin.py:190} INFO - [2024-09-18T12:06:39.251+0100] {dag.py:4156} INFO - Setting next_dagrun for example_branch_datetime_operator_3 to 2024-09-17 00:00:00+00:00, run_after=2024-09-18 00:00:00+00:00
[2024-09-18T12:06:39.258+0100] {processor.py:208} INFO - Processing /Users/ds2718/Documents/test_python_airflow/airflow/py_venv/lib/python3.12/site-packages/airflow/example_dags/example_branch_datetime_operator.py took 0.070 seconds
[2024-09-18T12:07:14.534+0100] {processor.py:186} INFO - Started process (PID=12212) to work on /Users/ds2718/Documents/test_python_airflow/airflow/py_venv/lib/python3.12/site-packages/airflow/example_dags/example_branch_datetime_operator.py
[2024-09-18T12:07:14.534+0100] {processor.py:914} INFO - Processing file /Users/ds2718/Documents/test_python_airflow/airflow/py_venv/lib/python3.12/site-packages/airflow/example_dags/example_branch_datetime_operator.py for tasks to queue
[2024-09-18T12:07:14.534+0100] {logging_mixin.py:190} INFO - [2024-09-18T12:07:14.534+0100] {dagbag.py:587} INFO - Filling up the DagBag from /Users/ds2718/Documents/test_python_airflow/airflow/py_venv/lib/python3.12/site-packages/airflow/example_dags/example_branch_datetime_operator.py
[2024-09-18T12:07:14.539+0100] {processor.py:925} INFO - DAG(s) 'example_branch_datetime_operator', 'example_branch_datetime_operator_2', 'example_branch_datetime_operator_3' retrieved from /Users/ds2718/Documents/test_python_airflow/airflow/py_venv/lib/python3.12/site-packages/airflow/example_dags/example_branch_datetime_operator.py
[2024-09-18T12:07:14.582+0100] {logging_mixin.py:190} INFO - [2024-09-18T12:07:14.581+0100] {dag.py:3229} INFO - Sync 3 DAGs
[2024-09-18T12:07:14.594+0100] {logging_mixin.py:190} INFO - [2024-09-18T12:07:14.594+0100] {dag.py:4156} INFO - Setting next_dagrun for example_branch_datetime_operator to 2024-09-17 00:00:00+00:00, run_after=2024-09-18 00:00:00+00:00
[2024-09-18T12:07:14.596+0100] {logging_mixin.py:190} INFO - [2024-09-18T12:07:14.596+0100] {dag.py:4156} INFO - Setting next_dagrun for example_branch_datetime_operator_2 to 2024-09-17 00:00:00+00:00, run_after=2024-09-18 00:00:00+00:00
[2024-09-18T12:07:14.597+0100] {logging_mixin.py:190} INFO - [2024-09-18T12:07:14.597+0100] {dag.py:4156} INFO - Setting next_dagrun for example_branch_datetime_operator_3 to 2024-09-17 00:00:00+00:00, run_after=2024-09-18 00:00:00+00:00
[2024-09-18T12:07:14.604+0100] {processor.py:208} INFO - Processing /Users/ds2718/Documents/test_python_airflow/airflow/py_venv/lib/python3.12/site-packages/airflow/example_dags/example_branch_datetime_operator.py took 0.072 seconds
[2024-09-18T12:07:55.979+0100] {processor.py:186} INFO - Started process (PID=12411) to work on /Users/ds2718/Documents/test_python_airflow/airflow/py_venv/lib/python3.12/site-packages/airflow/example_dags/example_branch_datetime_operator.py
[2024-09-18T12:07:55.980+0100] {processor.py:914} INFO - Processing file /Users/ds2718/Documents/test_python_airflow/airflow/py_venv/lib/python3.12/site-packages/airflow/example_dags/example_branch_datetime_operator.py for tasks to queue
[2024-09-18T12:07:55.981+0100] {logging_mixin.py:190} INFO - [2024-09-18T12:07:55.981+0100] {dagbag.py:587} INFO - Filling up the DagBag from /Users/ds2718/Documents/test_python_airflow/airflow/py_venv/lib/python3.12/site-packages/airflow/example_dags/example_branch_datetime_operator.py
[2024-09-18T12:07:55.990+0100] {processor.py:925} INFO - DAG(s) 'example_branch_datetime_operator_2', 'example_branch_datetime_operator_3', 'example_branch_datetime_operator' retrieved from /Users/ds2718/Documents/test_python_airflow/airflow/py_venv/lib/python3.12/site-packages/airflow/example_dags/example_branch_datetime_operator.py
[2024-09-18T12:07:56.045+0100] {logging_mixin.py:190} INFO - [2024-09-18T12:07:56.045+0100] {dag.py:3229} INFO - Sync 3 DAGs
[2024-09-18T12:07:56.055+0100] {logging_mixin.py:190} INFO - [2024-09-18T12:07:56.055+0100] {dag.py:4156} INFO - Setting next_dagrun for example_branch_datetime_operator to 2024-09-17 00:00:00+00:00, run_after=2024-09-18 00:00:00+00:00
[2024-09-18T12:07:56.057+0100] {logging_mixin.py:190} INFO - [2024-09-18T12:07:56.057+0100] {dag.py:4156} INFO - Setting next_dagrun for example_branch_datetime_operator_2 to 2024-09-17 00:00:00+00:00, run_after=2024-09-18 00:00:00+00:00
[2024-09-18T12:07:56.057+0100] {logging_mixin.py:190} INFO - [2024-09-18T12:07:56.057+0100] {dag.py:4156} INFO - Setting next_dagrun for example_branch_datetime_operator_3 to 2024-09-17 00:00:00+00:00, run_after=2024-09-18 00:00:00+00:00
[2024-09-18T12:07:56.074+0100] {processor.py:208} INFO - Processing /Users/ds2718/Documents/test_python_airflow/airflow/py_venv/lib/python3.12/site-packages/airflow/example_dags/example_branch_datetime_operator.py took 0.104 seconds
[2024-09-18T12:08:40.530+0100] {processor.py:186} INFO - Started process (PID=12628) to work on /Users/ds2718/Documents/test_python_airflow/airflow/py_venv/lib/python3.12/site-packages/airflow/example_dags/example_branch_datetime_operator.py
[2024-09-18T12:08:40.531+0100] {processor.py:914} INFO - Processing file /Users/ds2718/Documents/test_python_airflow/airflow/py_venv/lib/python3.12/site-packages/airflow/example_dags/example_branch_datetime_operator.py for tasks to queue
[2024-09-18T12:08:40.531+0100] {logging_mixin.py:190} INFO - [2024-09-18T12:08:40.531+0100] {dagbag.py:587} INFO - Filling up the DagBag from /Users/ds2718/Documents/test_python_airflow/airflow/py_venv/lib/python3.12/site-packages/airflow/example_dags/example_branch_datetime_operator.py
[2024-09-18T12:08:40.537+0100] {processor.py:925} INFO - DAG(s) 'example_branch_datetime_operator_2', 'example_branch_datetime_operator_3', 'example_branch_datetime_operator' retrieved from /Users/ds2718/Documents/test_python_airflow/airflow/py_venv/lib/python3.12/site-packages/airflow/example_dags/example_branch_datetime_operator.py
[2024-09-18T12:08:40.587+0100] {logging_mixin.py:190} INFO - [2024-09-18T12:08:40.587+0100] {dag.py:3229} INFO - Sync 3 DAGs
[2024-09-18T12:08:40.597+0100] {logging_mixin.py:190} INFO - [2024-09-18T12:08:40.597+0100] {dag.py:4156} INFO - Setting next_dagrun for example_branch_datetime_operator to 2024-09-17 00:00:00+00:00, run_after=2024-09-18 00:00:00+00:00
[2024-09-18T12:08:40.599+0100] {logging_mixin.py:190} INFO - [2024-09-18T12:08:40.599+0100] {dag.py:4156} INFO - Setting next_dagrun for example_branch_datetime_operator_2 to 2024-09-17 00:00:00+00:00, run_after=2024-09-18 00:00:00+00:00
[2024-09-18T12:08:40.600+0100] {logging_mixin.py:190} INFO - [2024-09-18T12:08:40.600+0100] {dag.py:4156} INFO - Setting next_dagrun for example_branch_datetime_operator_3 to 2024-09-17 00:00:00+00:00, run_after=2024-09-18 00:00:00+00:00
[2024-09-18T12:08:40.646+0100] {processor.py:208} INFO - Processing /Users/ds2718/Documents/test_python_airflow/airflow/py_venv/lib/python3.12/site-packages/airflow/example_dags/example_branch_datetime_operator.py took 0.117 seconds
[2024-09-18T12:09:14.016+0100] {processor.py:186} INFO - Started process (PID=12779) to work on /Users/ds2718/Documents/test_python_airflow/airflow/py_venv/lib/python3.12/site-packages/airflow/example_dags/example_branch_datetime_operator.py
[2024-09-18T12:09:14.016+0100] {processor.py:914} INFO - Processing file /Users/ds2718/Documents/test_python_airflow/airflow/py_venv/lib/python3.12/site-packages/airflow/example_dags/example_branch_datetime_operator.py for tasks to queue
[2024-09-18T12:09:14.017+0100] {logging_mixin.py:190} INFO - [2024-09-18T12:09:14.017+0100] {dagbag.py:587} INFO - Filling up the DagBag from /Users/ds2718/Documents/test_python_airflow/airflow/py_venv/lib/python3.12/site-packages/airflow/example_dags/example_branch_datetime_operator.py
[2024-09-18T12:09:14.023+0100] {processor.py:925} INFO - DAG(s) 'example_branch_datetime_operator', 'example_branch_datetime_operator_3', 'example_branch_datetime_operator_2' retrieved from /Users/ds2718/Documents/test_python_airflow/airflow/py_venv/lib/python3.12/site-packages/airflow/example_dags/example_branch_datetime_operator.py
[2024-09-18T12:09:14.076+0100] {logging_mixin.py:190} INFO - [2024-09-18T12:09:14.076+0100] {dag.py:3229} INFO - Sync 3 DAGs
[2024-09-18T12:09:14.089+0100] {logging_mixin.py:190} INFO - [2024-09-18T12:09:14.089+0100] {dag.py:4156} INFO - Setting next_dagrun for example_branch_datetime_operator to 2024-09-17 00:00:00+00:00, run_after=2024-09-18 00:00:00+00:00
[2024-09-18T12:09:14.091+0100] {logging_mixin.py:190} INFO - [2024-09-18T12:09:14.091+0100] {dag.py:4156} INFO - Setting next_dagrun for example_branch_datetime_operator_2 to 2024-09-17 00:00:00+00:00, run_after=2024-09-18 00:00:00+00:00
[2024-09-18T12:09:14.092+0100] {logging_mixin.py:190} INFO - [2024-09-18T12:09:14.092+0100] {dag.py:4156} INFO - Setting next_dagrun for example_branch_datetime_operator_3 to 2024-09-17 00:00:00+00:00, run_after=2024-09-18 00:00:00+00:00
[2024-09-18T12:09:14.102+0100] {processor.py:208} INFO - Processing /Users/ds2718/Documents/test_python_airflow/airflow/py_venv/lib/python3.12/site-packages/airflow/example_dags/example_branch_datetime_operator.py took 0.092 seconds
[2024-09-18T12:09:50.234+0100] {processor.py:186} INFO - Started process (PID=12991) to work on /Users/ds2718/Documents/test_python_airflow/airflow/py_venv/lib/python3.12/site-packages/airflow/example_dags/example_branch_datetime_operator.py
[2024-09-18T12:09:50.234+0100] {processor.py:914} INFO - Processing file /Users/ds2718/Documents/test_python_airflow/airflow/py_venv/lib/python3.12/site-packages/airflow/example_dags/example_branch_datetime_operator.py for tasks to queue
[2024-09-18T12:09:50.235+0100] {logging_mixin.py:190} INFO - [2024-09-18T12:09:50.235+0100] {dagbag.py:587} INFO - Filling up the DagBag from /Users/ds2718/Documents/test_python_airflow/airflow/py_venv/lib/python3.12/site-packages/airflow/example_dags/example_branch_datetime_operator.py
[2024-09-18T12:09:50.241+0100] {processor.py:925} INFO - DAG(s) 'example_branch_datetime_operator_2', 'example_branch_datetime_operator_3', 'example_branch_datetime_operator' retrieved from /Users/ds2718/Documents/test_python_airflow/airflow/py_venv/lib/python3.12/site-packages/airflow/example_dags/example_branch_datetime_operator.py
[2024-09-18T12:09:50.282+0100] {logging_mixin.py:190} INFO - [2024-09-18T12:09:50.282+0100] {dag.py:3229} INFO - Sync 3 DAGs
[2024-09-18T12:09:50.294+0100] {logging_mixin.py:190} INFO - [2024-09-18T12:09:50.294+0100] {dag.py:4156} INFO - Setting next_dagrun for example_branch_datetime_operator to 2024-09-17 00:00:00+00:00, run_after=2024-09-18 00:00:00+00:00
[2024-09-18T12:09:50.295+0100] {logging_mixin.py:190} INFO - [2024-09-18T12:09:50.295+0100] {dag.py:4156} INFO - Setting next_dagrun for example_branch_datetime_operator_2 to 2024-09-17 00:00:00+00:00, run_after=2024-09-18 00:00:00+00:00
[2024-09-18T12:09:50.296+0100] {logging_mixin.py:190} INFO - [2024-09-18T12:09:50.296+0100] {dag.py:4156} INFO - Setting next_dagrun for example_branch_datetime_operator_3 to 2024-09-17 00:00:00+00:00, run_after=2024-09-18 00:00:00+00:00
[2024-09-18T12:09:50.303+0100] {processor.py:208} INFO - Processing /Users/ds2718/Documents/test_python_airflow/airflow/py_venv/lib/python3.12/site-packages/airflow/example_dags/example_branch_datetime_operator.py took 0.077 seconds
[2024-09-18T12:10:21.748+0100] {processor.py:186} INFO - Started process (PID=13117) to work on /Users/ds2718/Documents/test_python_airflow/airflow/py_venv/lib/python3.12/site-packages/airflow/example_dags/example_branch_datetime_operator.py
[2024-09-18T12:10:21.749+0100] {processor.py:914} INFO - Processing file /Users/ds2718/Documents/test_python_airflow/airflow/py_venv/lib/python3.12/site-packages/airflow/example_dags/example_branch_datetime_operator.py for tasks to queue
[2024-09-18T12:10:21.750+0100] {logging_mixin.py:190} INFO - [2024-09-18T12:10:21.750+0100] {dagbag.py:587} INFO - Filling up the DagBag from /Users/ds2718/Documents/test_python_airflow/airflow/py_venv/lib/python3.12/site-packages/airflow/example_dags/example_branch_datetime_operator.py
[2024-09-18T12:10:21.757+0100] {processor.py:925} INFO - DAG(s) 'example_branch_datetime_operator_3', 'example_branch_datetime_operator_2', 'example_branch_datetime_operator' retrieved from /Users/ds2718/Documents/test_python_airflow/airflow/py_venv/lib/python3.12/site-packages/airflow/example_dags/example_branch_datetime_operator.py
[2024-09-18T12:10:21.807+0100] {logging_mixin.py:190} INFO - [2024-09-18T12:10:21.807+0100] {dag.py:3229} INFO - Sync 3 DAGs
[2024-09-18T12:10:21.820+0100] {logging_mixin.py:190} INFO - [2024-09-18T12:10:21.820+0100] {dag.py:4156} INFO - Setting next_dagrun for example_branch_datetime_operator to 2024-09-17 00:00:00+00:00, run_after=2024-09-18 00:00:00+00:00
[2024-09-18T12:10:21.822+0100] {logging_mixin.py:190} INFO - [2024-09-18T12:10:21.822+0100] {dag.py:4156} INFO - Setting next_dagrun for example_branch_datetime_operator_2 to 2024-09-17 00:00:00+00:00, run_after=2024-09-18 00:00:00+00:00
[2024-09-18T12:10:21.823+0100] {logging_mixin.py:190} INFO - [2024-09-18T12:10:21.823+0100] {dag.py:4156} INFO - Setting next_dagrun for example_branch_datetime_operator_3 to 2024-09-17 00:00:00+00:00, run_after=2024-09-18 00:00:00+00:00
[2024-09-18T12:10:21.846+0100] {processor.py:208} INFO - Processing /Users/ds2718/Documents/test_python_airflow/airflow/py_venv/lib/python3.12/site-packages/airflow/example_dags/example_branch_datetime_operator.py took 0.107 seconds
[2024-09-18T12:10:57.121+0100] {processor.py:186} INFO - Started process (PID=13294) to work on /Users/ds2718/Documents/test_python_airflow/airflow/py_venv/lib/python3.12/site-packages/airflow/example_dags/example_branch_datetime_operator.py
[2024-09-18T12:10:57.122+0100] {processor.py:914} INFO - Processing file /Users/ds2718/Documents/test_python_airflow/airflow/py_venv/lib/python3.12/site-packages/airflow/example_dags/example_branch_datetime_operator.py for tasks to queue
[2024-09-18T12:10:57.123+0100] {logging_mixin.py:190} INFO - [2024-09-18T12:10:57.123+0100] {dagbag.py:587} INFO - Filling up the DagBag from /Users/ds2718/Documents/test_python_airflow/airflow/py_venv/lib/python3.12/site-packages/airflow/example_dags/example_branch_datetime_operator.py
[2024-09-18T12:10:57.131+0100] {processor.py:925} INFO - DAG(s) 'example_branch_datetime_operator_2', 'example_branch_datetime_operator', 'example_branch_datetime_operator_3' retrieved from /Users/ds2718/Documents/test_python_airflow/airflow/py_venv/lib/python3.12/site-packages/airflow/example_dags/example_branch_datetime_operator.py
[2024-09-18T12:10:57.192+0100] {logging_mixin.py:190} INFO - [2024-09-18T12:10:57.192+0100] {dag.py:3229} INFO - Sync 3 DAGs
[2024-09-18T12:10:57.204+0100] {logging_mixin.py:190} INFO - [2024-09-18T12:10:57.204+0100] {dag.py:4156} INFO - Setting next_dagrun for example_branch_datetime_operator to 2024-09-17 00:00:00+00:00, run_after=2024-09-18 00:00:00+00:00
[2024-09-18T12:10:57.206+0100] {logging_mixin.py:190} INFO - [2024-09-18T12:10:57.206+0100] {dag.py:4156} INFO - Setting next_dagrun for example_branch_datetime_operator_2 to 2024-09-17 00:00:00+00:00, run_after=2024-09-18 00:00:00+00:00
[2024-09-18T12:10:57.207+0100] {logging_mixin.py:190} INFO - [2024-09-18T12:10:57.207+0100] {dag.py:4156} INFO - Setting next_dagrun for example_branch_datetime_operator_3 to 2024-09-17 00:00:00+00:00, run_after=2024-09-18 00:00:00+00:00
[2024-09-18T12:10:57.222+0100] {processor.py:208} INFO - Processing /Users/ds2718/Documents/test_python_airflow/airflow/py_venv/lib/python3.12/site-packages/airflow/example_dags/example_branch_datetime_operator.py took 0.111 seconds
[2024-09-18T12:11:32.638+0100] {processor.py:186} INFO - Started process (PID=13444) to work on /Users/ds2718/Documents/test_python_airflow/airflow/py_venv/lib/python3.12/site-packages/airflow/example_dags/example_branch_datetime_operator.py
[2024-09-18T12:11:32.638+0100] {processor.py:914} INFO - Processing file /Users/ds2718/Documents/test_python_airflow/airflow/py_venv/lib/python3.12/site-packages/airflow/example_dags/example_branch_datetime_operator.py for tasks to queue
[2024-09-18T12:11:32.639+0100] {logging_mixin.py:190} INFO - [2024-09-18T12:11:32.639+0100] {dagbag.py:587} INFO - Filling up the DagBag from /Users/ds2718/Documents/test_python_airflow/airflow/py_venv/lib/python3.12/site-packages/airflow/example_dags/example_branch_datetime_operator.py
[2024-09-18T12:11:32.646+0100] {processor.py:925} INFO - DAG(s) 'example_branch_datetime_operator', 'example_branch_datetime_operator_2', 'example_branch_datetime_operator_3' retrieved from /Users/ds2718/Documents/test_python_airflow/airflow/py_venv/lib/python3.12/site-packages/airflow/example_dags/example_branch_datetime_operator.py
[2024-09-18T12:11:32.691+0100] {logging_mixin.py:190} INFO - [2024-09-18T12:11:32.691+0100] {dag.py:3229} INFO - Sync 3 DAGs
[2024-09-18T12:11:32.701+0100] {logging_mixin.py:190} INFO - [2024-09-18T12:11:32.701+0100] {dag.py:4156} INFO - Setting next_dagrun for example_branch_datetime_operator to 2024-09-17 00:00:00+00:00, run_after=2024-09-18 00:00:00+00:00
[2024-09-18T12:11:32.703+0100] {logging_mixin.py:190} INFO - [2024-09-18T12:11:32.703+0100] {dag.py:4156} INFO - Setting next_dagrun for example_branch_datetime_operator_2 to 2024-09-17 00:00:00+00:00, run_after=2024-09-18 00:00:00+00:00
[2024-09-18T12:11:32.704+0100] {logging_mixin.py:190} INFO - [2024-09-18T12:11:32.704+0100] {dag.py:4156} INFO - Setting next_dagrun for example_branch_datetime_operator_3 to 2024-09-17 00:00:00+00:00, run_after=2024-09-18 00:00:00+00:00
[2024-09-18T12:11:32.713+0100] {processor.py:208} INFO - Processing /Users/ds2718/Documents/test_python_airflow/airflow/py_venv/lib/python3.12/site-packages/airflow/example_dags/example_branch_datetime_operator.py took 0.077 seconds
[2024-09-18T12:12:05.302+0100] {processor.py:186} INFO - Started process (PID=13604) to work on /Users/ds2718/Documents/test_python_airflow/airflow/py_venv/lib/python3.12/site-packages/airflow/example_dags/example_branch_datetime_operator.py
[2024-09-18T12:12:05.304+0100] {processor.py:914} INFO - Processing file /Users/ds2718/Documents/test_python_airflow/airflow/py_venv/lib/python3.12/site-packages/airflow/example_dags/example_branch_datetime_operator.py for tasks to queue
[2024-09-18T12:12:05.304+0100] {logging_mixin.py:190} INFO - [2024-09-18T12:12:05.304+0100] {dagbag.py:587} INFO - Filling up the DagBag from /Users/ds2718/Documents/test_python_airflow/airflow/py_venv/lib/python3.12/site-packages/airflow/example_dags/example_branch_datetime_operator.py
[2024-09-18T12:12:05.312+0100] {processor.py:925} INFO - DAG(s) 'example_branch_datetime_operator', 'example_branch_datetime_operator_3', 'example_branch_datetime_operator_2' retrieved from /Users/ds2718/Documents/test_python_airflow/airflow/py_venv/lib/python3.12/site-packages/airflow/example_dags/example_branch_datetime_operator.py
[2024-09-18T12:12:05.358+0100] {logging_mixin.py:190} INFO - [2024-09-18T12:12:05.358+0100] {dag.py:3229} INFO - Sync 3 DAGs
[2024-09-18T12:12:05.371+0100] {logging_mixin.py:190} INFO - [2024-09-18T12:12:05.371+0100] {dag.py:4156} INFO - Setting next_dagrun for example_branch_datetime_operator to 2024-09-17 00:00:00+00:00, run_after=2024-09-18 00:00:00+00:00
[2024-09-18T12:12:05.372+0100] {logging_mixin.py:190} INFO - [2024-09-18T12:12:05.372+0100] {dag.py:4156} INFO - Setting next_dagrun for example_branch_datetime_operator_2 to 2024-09-17 00:00:00+00:00, run_after=2024-09-18 00:00:00+00:00
[2024-09-18T12:12:05.373+0100] {logging_mixin.py:190} INFO - [2024-09-18T12:12:05.373+0100] {dag.py:4156} INFO - Setting next_dagrun for example_branch_datetime_operator_3 to 2024-09-17 00:00:00+00:00, run_after=2024-09-18 00:00:00+00:00
[2024-09-18T12:12:05.421+0100] {processor.py:208} INFO - Processing /Users/ds2718/Documents/test_python_airflow/airflow/py_venv/lib/python3.12/site-packages/airflow/example_dags/example_branch_datetime_operator.py took 0.126 seconds
[2024-09-18T12:12:40.221+0100] {processor.py:186} INFO - Started process (PID=13742) to work on /Users/ds2718/Documents/test_python_airflow/airflow/py_venv/lib/python3.12/site-packages/airflow/example_dags/example_branch_datetime_operator.py
[2024-09-18T12:12:40.222+0100] {processor.py:914} INFO - Processing file /Users/ds2718/Documents/test_python_airflow/airflow/py_venv/lib/python3.12/site-packages/airflow/example_dags/example_branch_datetime_operator.py for tasks to queue
[2024-09-18T12:12:40.222+0100] {logging_mixin.py:190} INFO - [2024-09-18T12:12:40.222+0100] {dagbag.py:587} INFO - Filling up the DagBag from /Users/ds2718/Documents/test_python_airflow/airflow/py_venv/lib/python3.12/site-packages/airflow/example_dags/example_branch_datetime_operator.py
[2024-09-18T12:12:40.230+0100] {processor.py:925} INFO - DAG(s) 'example_branch_datetime_operator', 'example_branch_datetime_operator_2', 'example_branch_datetime_operator_3' retrieved from /Users/ds2718/Documents/test_python_airflow/airflow/py_venv/lib/python3.12/site-packages/airflow/example_dags/example_branch_datetime_operator.py
[2024-09-18T12:12:40.275+0100] {logging_mixin.py:190} INFO - [2024-09-18T12:12:40.275+0100] {dag.py:3229} INFO - Sync 3 DAGs
[2024-09-18T12:12:40.288+0100] {logging_mixin.py:190} INFO - [2024-09-18T12:12:40.288+0100] {dag.py:4156} INFO - Setting next_dagrun for example_branch_datetime_operator to 2024-09-17 00:00:00+00:00, run_after=2024-09-18 00:00:00+00:00
[2024-09-18T12:12:40.289+0100] {logging_mixin.py:190} INFO - [2024-09-18T12:12:40.289+0100] {dag.py:4156} INFO - Setting next_dagrun for example_branch_datetime_operator_2 to 2024-09-17 00:00:00+00:00, run_after=2024-09-18 00:00:00+00:00
[2024-09-18T12:12:40.290+0100] {logging_mixin.py:190} INFO - [2024-09-18T12:12:40.290+0100] {dag.py:4156} INFO - Setting next_dagrun for example_branch_datetime_operator_3 to 2024-09-17 00:00:00+00:00, run_after=2024-09-18 00:00:00+00:00
[2024-09-18T12:12:40.299+0100] {processor.py:208} INFO - Processing /Users/ds2718/Documents/test_python_airflow/airflow/py_venv/lib/python3.12/site-packages/airflow/example_dags/example_branch_datetime_operator.py took 0.080 seconds
[2024-09-18T12:13:18.783+0100] {processor.py:186} INFO - Started process (PID=13966) to work on /Users/ds2718/Documents/test_python_airflow/airflow/py_venv/lib/python3.12/site-packages/airflow/example_dags/example_branch_datetime_operator.py
[2024-09-18T12:13:18.784+0100] {processor.py:914} INFO - Processing file /Users/ds2718/Documents/test_python_airflow/airflow/py_venv/lib/python3.12/site-packages/airflow/example_dags/example_branch_datetime_operator.py for tasks to queue
[2024-09-18T12:13:18.784+0100] {logging_mixin.py:190} INFO - [2024-09-18T12:13:18.784+0100] {dagbag.py:587} INFO - Filling up the DagBag from /Users/ds2718/Documents/test_python_airflow/airflow/py_venv/lib/python3.12/site-packages/airflow/example_dags/example_branch_datetime_operator.py
[2024-09-18T12:13:18.805+0100] {processor.py:925} INFO - DAG(s) 'example_branch_datetime_operator_2', 'example_branch_datetime_operator_3', 'example_branch_datetime_operator' retrieved from /Users/ds2718/Documents/test_python_airflow/airflow/py_venv/lib/python3.12/site-packages/airflow/example_dags/example_branch_datetime_operator.py
[2024-09-18T12:13:18.854+0100] {logging_mixin.py:190} INFO - [2024-09-18T12:13:18.854+0100] {dag.py:3229} INFO - Sync 3 DAGs
[2024-09-18T12:13:18.882+0100] {logging_mixin.py:190} INFO - [2024-09-18T12:13:18.882+0100] {dag.py:4156} INFO - Setting next_dagrun for example_branch_datetime_operator to 2024-09-17 00:00:00+00:00, run_after=2024-09-18 00:00:00+00:00
[2024-09-18T12:13:18.885+0100] {logging_mixin.py:190} INFO - [2024-09-18T12:13:18.885+0100] {dag.py:4156} INFO - Setting next_dagrun for example_branch_datetime_operator_2 to 2024-09-17 00:00:00+00:00, run_after=2024-09-18 00:00:00+00:00
[2024-09-18T12:13:18.886+0100] {logging_mixin.py:190} INFO - [2024-09-18T12:13:18.886+0100] {dag.py:4156} INFO - Setting next_dagrun for example_branch_datetime_operator_3 to 2024-09-17 00:00:00+00:00, run_after=2024-09-18 00:00:00+00:00
[2024-09-18T12:13:18.899+0100] {processor.py:208} INFO - Processing /Users/ds2718/Documents/test_python_airflow/airflow/py_venv/lib/python3.12/site-packages/airflow/example_dags/example_branch_datetime_operator.py took 0.122 seconds
[2024-09-18T12:13:56.447+0100] {processor.py:186} INFO - Started process (PID=14154) to work on /Users/ds2718/Documents/test_python_airflow/airflow/py_venv/lib/python3.12/site-packages/airflow/example_dags/example_branch_datetime_operator.py
[2024-09-18T12:13:56.449+0100] {processor.py:914} INFO - Processing file /Users/ds2718/Documents/test_python_airflow/airflow/py_venv/lib/python3.12/site-packages/airflow/example_dags/example_branch_datetime_operator.py for tasks to queue
[2024-09-18T12:13:56.449+0100] {logging_mixin.py:190} INFO - [2024-09-18T12:13:56.449+0100] {dagbag.py:587} INFO - Filling up the DagBag from /Users/ds2718/Documents/test_python_airflow/airflow/py_venv/lib/python3.12/site-packages/airflow/example_dags/example_branch_datetime_operator.py
[2024-09-18T12:13:56.456+0100] {processor.py:925} INFO - DAG(s) 'example_branch_datetime_operator_2', 'example_branch_datetime_operator_3', 'example_branch_datetime_operator' retrieved from /Users/ds2718/Documents/test_python_airflow/airflow/py_venv/lib/python3.12/site-packages/airflow/example_dags/example_branch_datetime_operator.py
[2024-09-18T12:13:56.501+0100] {logging_mixin.py:190} INFO - [2024-09-18T12:13:56.501+0100] {dag.py:3229} INFO - Sync 3 DAGs
[2024-09-18T12:13:56.512+0100] {logging_mixin.py:190} INFO - [2024-09-18T12:13:56.512+0100] {dag.py:4156} INFO - Setting next_dagrun for example_branch_datetime_operator to 2024-09-17 00:00:00+00:00, run_after=2024-09-18 00:00:00+00:00
[2024-09-18T12:13:56.514+0100] {logging_mixin.py:190} INFO - [2024-09-18T12:13:56.514+0100] {dag.py:4156} INFO - Setting next_dagrun for example_branch_datetime_operator_2 to 2024-09-17 00:00:00+00:00, run_after=2024-09-18 00:00:00+00:00
[2024-09-18T12:13:56.515+0100] {logging_mixin.py:190} INFO - [2024-09-18T12:13:56.515+0100] {dag.py:4156} INFO - Setting next_dagrun for example_branch_datetime_operator_3 to 2024-09-17 00:00:00+00:00, run_after=2024-09-18 00:00:00+00:00
[2024-09-18T12:13:56.530+0100] {processor.py:208} INFO - Processing /Users/ds2718/Documents/test_python_airflow/airflow/py_venv/lib/python3.12/site-packages/airflow/example_dags/example_branch_datetime_operator.py took 0.085 seconds
