[2024-09-18T11:54:27.605+0100] {processor.py:186} INFO - Started process (PID=9535) to work on /Users/ds2718/Documents/test_python_airflow/airflow/py_venv/lib/python3.12/site-packages/airflow/example_dags/example_bash_decorator.py
[2024-09-18T11:54:27.606+0100] {processor.py:914} INFO - Processing file /Users/ds2718/Documents/test_python_airflow/airflow/py_venv/lib/python3.12/site-packages/airflow/example_dags/example_bash_decorator.py for tasks to queue
[2024-09-18T11:54:27.606+0100] {logging_mixin.py:190} INFO - [2024-09-18T11:54:27.606+0100] {dagbag.py:587} INFO - Filling up the DagBag from /Users/ds2718/Documents/test_python_airflow/airflow/py_venv/lib/python3.12/site-packages/airflow/example_dags/example_bash_decorator.py
[2024-09-18T11:54:27.628+0100] {processor.py:925} INFO - DAG(s) 'example_bash_decorator' retrieved from /Users/ds2718/Documents/test_python_airflow/airflow/py_venv/lib/python3.12/site-packages/airflow/example_dags/example_bash_decorator.py
[2024-09-18T11:54:27.752+0100] {logging_mixin.py:190} INFO - [2024-09-18T11:54:27.751+0100] {override.py:1900} INFO - Created Permission View: can read on DAG:example_bash_decorator
[2024-09-18T11:54:27.755+0100] {logging_mixin.py:190} INFO - [2024-09-18T11:54:27.755+0100] {override.py:1900} INFO - Created Permission View: can delete on DAG:example_bash_decorator
[2024-09-18T11:54:27.757+0100] {logging_mixin.py:190} INFO - [2024-09-18T11:54:27.757+0100] {override.py:1900} INFO - Created Permission View: can edit on DAG:example_bash_decorator
[2024-09-18T11:54:27.760+0100] {logging_mixin.py:190} INFO - [2024-09-18T11:54:27.760+0100] {override.py:1900} INFO - Created Permission View: can read on DAG Run:example_bash_decorator
[2024-09-18T11:54:27.762+0100] {logging_mixin.py:190} INFO - [2024-09-18T11:54:27.762+0100] {override.py:1900} INFO - Created Permission View: can create on DAG Run:example_bash_decorator
[2024-09-18T11:54:27.764+0100] {logging_mixin.py:190} INFO - [2024-09-18T11:54:27.764+0100] {override.py:1900} INFO - Created Permission View: can delete on DAG Run:example_bash_decorator
[2024-09-18T11:54:27.766+0100] {logging_mixin.py:190} INFO - [2024-09-18T11:54:27.766+0100] {override.py:1900} INFO - Created Permission View: menu access on DAG Run:example_bash_decorator
[2024-09-18T11:54:27.766+0100] {logging_mixin.py:190} INFO - [2024-09-18T11:54:27.766+0100] {dag.py:3229} INFO - Sync 1 DAGs
[2024-09-18T11:54:27.772+0100] {logging_mixin.py:190} INFO - [2024-09-18T11:54:27.772+0100] {dag.py:3252} INFO - Creating ORM DAG for example_bash_decorator
[2024-09-18T11:54:27.772+0100] {logging_mixin.py:190} INFO - [2024-09-18T11:54:27.772+0100] {dag.py:4156} INFO - Setting next_dagrun for example_bash_decorator to None, run_after=None
[2024-09-18T11:54:27.780+0100] {processor.py:208} INFO - Processing /Users/ds2718/Documents/test_python_airflow/airflow/py_venv/lib/python3.12/site-packages/airflow/example_dags/example_bash_decorator.py took 0.179 seconds
[2024-09-18T11:55:03.610+0100] {processor.py:186} INFO - Started process (PID=9760) to work on /Users/ds2718/Documents/test_python_airflow/airflow/py_venv/lib/python3.12/site-packages/airflow/example_dags/example_bash_decorator.py
[2024-09-18T11:55:03.611+0100] {processor.py:914} INFO - Processing file /Users/ds2718/Documents/test_python_airflow/airflow/py_venv/lib/python3.12/site-packages/airflow/example_dags/example_bash_decorator.py for tasks to queue
[2024-09-18T11:55:03.611+0100] {logging_mixin.py:190} INFO - [2024-09-18T11:55:03.611+0100] {dagbag.py:587} INFO - Filling up the DagBag from /Users/ds2718/Documents/test_python_airflow/airflow/py_venv/lib/python3.12/site-packages/airflow/example_dags/example_bash_decorator.py
[2024-09-18T11:55:03.632+0100] {processor.py:925} INFO - DAG(s) 'example_bash_decorator' retrieved from /Users/ds2718/Documents/test_python_airflow/airflow/py_venv/lib/python3.12/site-packages/airflow/example_dags/example_bash_decorator.py
[2024-09-18T11:55:03.769+0100] {logging_mixin.py:190} INFO - [2024-09-18T11:55:03.769+0100] {dag.py:3229} INFO - Sync 1 DAGs
[2024-09-18T11:55:03.776+0100] {logging_mixin.py:190} INFO - [2024-09-18T11:55:03.776+0100] {dag.py:4156} INFO - Setting next_dagrun for example_bash_decorator to None, run_after=None
[2024-09-18T11:55:03.791+0100] {processor.py:208} INFO - Processing /Users/ds2718/Documents/test_python_airflow/airflow/py_venv/lib/python3.12/site-packages/airflow/example_dags/example_bash_decorator.py took 0.188 seconds
[2024-09-18T11:55:37.675+0100] {processor.py:186} INFO - Started process (PID=9932) to work on /Users/ds2718/Documents/test_python_airflow/airflow/py_venv/lib/python3.12/site-packages/airflow/example_dags/example_bash_decorator.py
[2024-09-18T11:55:37.675+0100] {processor.py:914} INFO - Processing file /Users/ds2718/Documents/test_python_airflow/airflow/py_venv/lib/python3.12/site-packages/airflow/example_dags/example_bash_decorator.py for tasks to queue
[2024-09-18T11:55:37.676+0100] {logging_mixin.py:190} INFO - [2024-09-18T11:55:37.676+0100] {dagbag.py:587} INFO - Filling up the DagBag from /Users/ds2718/Documents/test_python_airflow/airflow/py_venv/lib/python3.12/site-packages/airflow/example_dags/example_bash_decorator.py
[2024-09-18T11:55:37.697+0100] {processor.py:925} INFO - DAG(s) 'example_bash_decorator' retrieved from /Users/ds2718/Documents/test_python_airflow/airflow/py_venv/lib/python3.12/site-packages/airflow/example_dags/example_bash_decorator.py
[2024-09-18T11:55:37.821+0100] {logging_mixin.py:190} INFO - [2024-09-18T11:55:37.821+0100] {dag.py:3229} INFO - Sync 1 DAGs
[2024-09-18T11:55:37.843+0100] {logging_mixin.py:190} INFO - [2024-09-18T11:55:37.843+0100] {dag.py:4156} INFO - Setting next_dagrun for example_bash_decorator to None, run_after=None
[2024-09-18T11:55:37.858+0100] {processor.py:208} INFO - Processing /Users/ds2718/Documents/test_python_airflow/airflow/py_venv/lib/python3.12/site-packages/airflow/example_dags/example_bash_decorator.py took 0.191 seconds
[2024-09-18T11:56:14.377+0100] {processor.py:186} INFO - Started process (PID=10116) to work on /Users/ds2718/Documents/test_python_airflow/airflow/py_venv/lib/python3.12/site-packages/airflow/example_dags/example_bash_decorator.py
[2024-09-18T11:56:14.378+0100] {processor.py:914} INFO - Processing file /Users/ds2718/Documents/test_python_airflow/airflow/py_venv/lib/python3.12/site-packages/airflow/example_dags/example_bash_decorator.py for tasks to queue
[2024-09-18T11:56:14.379+0100] {logging_mixin.py:190} INFO - [2024-09-18T11:56:14.379+0100] {dagbag.py:587} INFO - Filling up the DagBag from /Users/ds2718/Documents/test_python_airflow/airflow/py_venv/lib/python3.12/site-packages/airflow/example_dags/example_bash_decorator.py
[2024-09-18T11:56:14.400+0100] {processor.py:925} INFO - DAG(s) 'example_bash_decorator' retrieved from /Users/ds2718/Documents/test_python_airflow/airflow/py_venv/lib/python3.12/site-packages/airflow/example_dags/example_bash_decorator.py
[2024-09-18T11:56:14.523+0100] {logging_mixin.py:190} INFO - [2024-09-18T11:56:14.523+0100] {dag.py:3229} INFO - Sync 1 DAGs
[2024-09-18T11:56:14.528+0100] {logging_mixin.py:190} INFO - [2024-09-18T11:56:14.528+0100] {dag.py:4156} INFO - Setting next_dagrun for example_bash_decorator to None, run_after=None
[2024-09-18T11:56:14.554+0100] {processor.py:208} INFO - Processing /Users/ds2718/Documents/test_python_airflow/airflow/py_venv/lib/python3.12/site-packages/airflow/example_dags/example_bash_decorator.py took 0.180 seconds
[2024-09-18T11:56:47.161+0100] {processor.py:186} INFO - Started process (PID=10293) to work on /Users/ds2718/Documents/test_python_airflow/airflow/py_venv/lib/python3.12/site-packages/airflow/example_dags/example_bash_decorator.py
[2024-09-18T11:56:47.162+0100] {processor.py:914} INFO - Processing file /Users/ds2718/Documents/test_python_airflow/airflow/py_venv/lib/python3.12/site-packages/airflow/example_dags/example_bash_decorator.py for tasks to queue
[2024-09-18T11:56:47.162+0100] {logging_mixin.py:190} INFO - [2024-09-18T11:56:47.162+0100] {dagbag.py:587} INFO - Filling up the DagBag from /Users/ds2718/Documents/test_python_airflow/airflow/py_venv/lib/python3.12/site-packages/airflow/example_dags/example_bash_decorator.py
[2024-09-18T11:56:47.179+0100] {processor.py:925} INFO - DAG(s) 'example_bash_decorator' retrieved from /Users/ds2718/Documents/test_python_airflow/airflow/py_venv/lib/python3.12/site-packages/airflow/example_dags/example_bash_decorator.py
[2024-09-18T11:56:47.297+0100] {logging_mixin.py:190} INFO - [2024-09-18T11:56:47.297+0100] {dag.py:3229} INFO - Sync 1 DAGs
[2024-09-18T11:56:47.304+0100] {logging_mixin.py:190} INFO - [2024-09-18T11:56:47.304+0100] {dag.py:4156} INFO - Setting next_dagrun for example_bash_decorator to None, run_after=None
[2024-09-18T11:56:47.316+0100] {processor.py:208} INFO - Processing /Users/ds2718/Documents/test_python_airflow/airflow/py_venv/lib/python3.12/site-packages/airflow/example_dags/example_bash_decorator.py took 0.156 seconds
[2024-09-18T11:57:21.402+0100] {processor.py:186} INFO - Started process (PID=10441) to work on /Users/ds2718/Documents/test_python_airflow/airflow/py_venv/lib/python3.12/site-packages/airflow/example_dags/example_bash_decorator.py
[2024-09-18T11:57:21.403+0100] {processor.py:914} INFO - Processing file /Users/ds2718/Documents/test_python_airflow/airflow/py_venv/lib/python3.12/site-packages/airflow/example_dags/example_bash_decorator.py for tasks to queue
[2024-09-18T11:57:21.403+0100] {logging_mixin.py:190} INFO - [2024-09-18T11:57:21.403+0100] {dagbag.py:587} INFO - Filling up the DagBag from /Users/ds2718/Documents/test_python_airflow/airflow/py_venv/lib/python3.12/site-packages/airflow/example_dags/example_bash_decorator.py
[2024-09-18T11:57:21.422+0100] {processor.py:925} INFO - DAG(s) 'example_bash_decorator' retrieved from /Users/ds2718/Documents/test_python_airflow/airflow/py_venv/lib/python3.12/site-packages/airflow/example_dags/example_bash_decorator.py
[2024-09-18T11:57:21.572+0100] {logging_mixin.py:190} INFO - [2024-09-18T11:57:21.572+0100] {dag.py:3229} INFO - Sync 1 DAGs
[2024-09-18T11:57:21.579+0100] {logging_mixin.py:190} INFO - [2024-09-18T11:57:21.578+0100] {dag.py:4156} INFO - Setting next_dagrun for example_bash_decorator to None, run_after=None
[2024-09-18T11:57:21.592+0100] {processor.py:208} INFO - Processing /Users/ds2718/Documents/test_python_airflow/airflow/py_venv/lib/python3.12/site-packages/airflow/example_dags/example_bash_decorator.py took 0.199 seconds
[2024-09-18T11:57:55.276+0100] {processor.py:186} INFO - Started process (PID=10650) to work on /Users/ds2718/Documents/test_python_airflow/airflow/py_venv/lib/python3.12/site-packages/airflow/example_dags/example_bash_decorator.py
[2024-09-18T11:57:55.277+0100] {processor.py:914} INFO - Processing file /Users/ds2718/Documents/test_python_airflow/airflow/py_venv/lib/python3.12/site-packages/airflow/example_dags/example_bash_decorator.py for tasks to queue
[2024-09-18T11:57:55.278+0100] {logging_mixin.py:190} INFO - [2024-09-18T11:57:55.278+0100] {dagbag.py:587} INFO - Filling up the DagBag from /Users/ds2718/Documents/test_python_airflow/airflow/py_venv/lib/python3.12/site-packages/airflow/example_dags/example_bash_decorator.py
[2024-09-18T11:57:55.301+0100] {processor.py:925} INFO - DAG(s) 'example_bash_decorator' retrieved from /Users/ds2718/Documents/test_python_airflow/airflow/py_venv/lib/python3.12/site-packages/airflow/example_dags/example_bash_decorator.py
[2024-09-18T11:57:55.472+0100] {logging_mixin.py:190} INFO - [2024-09-18T11:57:55.472+0100] {dag.py:3229} INFO - Sync 1 DAGs
[2024-09-18T11:57:55.479+0100] {logging_mixin.py:190} INFO - [2024-09-18T11:57:55.479+0100] {dag.py:4156} INFO - Setting next_dagrun for example_bash_decorator to None, run_after=None
[2024-09-18T11:57:55.488+0100] {processor.py:208} INFO - Processing /Users/ds2718/Documents/test_python_airflow/airflow/py_venv/lib/python3.12/site-packages/airflow/example_dags/example_bash_decorator.py took 0.215 seconds
[2024-09-18T11:58:31.531+0100] {processor.py:186} INFO - Started process (PID=10840) to work on /Users/ds2718/Documents/test_python_airflow/airflow/py_venv/lib/python3.12/site-packages/airflow/example_dags/example_bash_decorator.py
[2024-09-18T11:58:31.531+0100] {processor.py:914} INFO - Processing file /Users/ds2718/Documents/test_python_airflow/airflow/py_venv/lib/python3.12/site-packages/airflow/example_dags/example_bash_decorator.py for tasks to queue
[2024-09-18T11:58:31.532+0100] {logging_mixin.py:190} INFO - [2024-09-18T11:58:31.532+0100] {dagbag.py:587} INFO - Filling up the DagBag from /Users/ds2718/Documents/test_python_airflow/airflow/py_venv/lib/python3.12/site-packages/airflow/example_dags/example_bash_decorator.py
[2024-09-18T11:58:31.554+0100] {processor.py:925} INFO - DAG(s) 'example_bash_decorator' retrieved from /Users/ds2718/Documents/test_python_airflow/airflow/py_venv/lib/python3.12/site-packages/airflow/example_dags/example_bash_decorator.py
[2024-09-18T11:58:31.696+0100] {logging_mixin.py:190} INFO - [2024-09-18T11:58:31.696+0100] {dag.py:3229} INFO - Sync 1 DAGs
[2024-09-18T11:58:31.703+0100] {logging_mixin.py:190} INFO - [2024-09-18T11:58:31.703+0100] {dag.py:4156} INFO - Setting next_dagrun for example_bash_decorator to None, run_after=None
[2024-09-18T11:58:31.720+0100] {processor.py:208} INFO - Processing /Users/ds2718/Documents/test_python_airflow/airflow/py_venv/lib/python3.12/site-packages/airflow/example_dags/example_bash_decorator.py took 0.194 seconds
[2024-09-18T11:59:07.724+0100] {processor.py:186} INFO - Started process (PID=11038) to work on /Users/ds2718/Documents/test_python_airflow/airflow/py_venv/lib/python3.12/site-packages/airflow/example_dags/example_bash_decorator.py
[2024-09-18T11:59:07.725+0100] {processor.py:914} INFO - Processing file /Users/ds2718/Documents/test_python_airflow/airflow/py_venv/lib/python3.12/site-packages/airflow/example_dags/example_bash_decorator.py for tasks to queue
[2024-09-18T11:59:07.725+0100] {logging_mixin.py:190} INFO - [2024-09-18T11:59:07.725+0100] {dagbag.py:587} INFO - Filling up the DagBag from /Users/ds2718/Documents/test_python_airflow/airflow/py_venv/lib/python3.12/site-packages/airflow/example_dags/example_bash_decorator.py
[2024-09-18T11:59:07.743+0100] {processor.py:925} INFO - DAG(s) 'example_bash_decorator' retrieved from /Users/ds2718/Documents/test_python_airflow/airflow/py_venv/lib/python3.12/site-packages/airflow/example_dags/example_bash_decorator.py
[2024-09-18T11:59:07.869+0100] {logging_mixin.py:190} INFO - [2024-09-18T11:59:07.869+0100] {dag.py:3229} INFO - Sync 1 DAGs
[2024-09-18T11:59:07.876+0100] {logging_mixin.py:190} INFO - [2024-09-18T11:59:07.876+0100] {dag.py:4156} INFO - Setting next_dagrun for example_bash_decorator to None, run_after=None
[2024-09-18T11:59:07.887+0100] {processor.py:208} INFO - Processing /Users/ds2718/Documents/test_python_airflow/airflow/py_venv/lib/python3.12/site-packages/airflow/example_dags/example_bash_decorator.py took 0.168 seconds
[2024-09-18T11:59:43.643+0100] {processor.py:186} INFO - Started process (PID=11221) to work on /Users/ds2718/Documents/test_python_airflow/airflow/py_venv/lib/python3.12/site-packages/airflow/example_dags/example_bash_decorator.py
[2024-09-18T11:59:43.644+0100] {processor.py:914} INFO - Processing file /Users/ds2718/Documents/test_python_airflow/airflow/py_venv/lib/python3.12/site-packages/airflow/example_dags/example_bash_decorator.py for tasks to queue
[2024-09-18T11:59:43.644+0100] {logging_mixin.py:190} INFO - [2024-09-18T11:59:43.644+0100] {dagbag.py:587} INFO - Filling up the DagBag from /Users/ds2718/Documents/test_python_airflow/airflow/py_venv/lib/python3.12/site-packages/airflow/example_dags/example_bash_decorator.py
[2024-09-18T11:59:43.664+0100] {processor.py:925} INFO - DAG(s) 'example_bash_decorator' retrieved from /Users/ds2718/Documents/test_python_airflow/airflow/py_venv/lib/python3.12/site-packages/airflow/example_dags/example_bash_decorator.py
[2024-09-18T11:59:43.827+0100] {logging_mixin.py:190} INFO - [2024-09-18T11:59:43.827+0100] {dag.py:3229} INFO - Sync 1 DAGs
[2024-09-18T11:59:43.834+0100] {logging_mixin.py:190} INFO - [2024-09-18T11:59:43.834+0100] {dag.py:4156} INFO - Setting next_dagrun for example_bash_decorator to None, run_after=None
[2024-09-18T11:59:43.848+0100] {processor.py:208} INFO - Processing /Users/ds2718/Documents/test_python_airflow/airflow/py_venv/lib/python3.12/site-packages/airflow/example_dags/example_bash_decorator.py took 0.209 seconds
[2024-09-18T12:00:18.019+0100] {processor.py:186} INFO - Started process (PID=11443) to work on /Users/ds2718/Documents/test_python_airflow/airflow/py_venv/lib/python3.12/site-packages/airflow/example_dags/example_bash_decorator.py
[2024-09-18T12:00:18.019+0100] {processor.py:914} INFO - Processing file /Users/ds2718/Documents/test_python_airflow/airflow/py_venv/lib/python3.12/site-packages/airflow/example_dags/example_bash_decorator.py for tasks to queue
[2024-09-18T12:00:18.019+0100] {logging_mixin.py:190} INFO - [2024-09-18T12:00:18.019+0100] {dagbag.py:587} INFO - Filling up the DagBag from /Users/ds2718/Documents/test_python_airflow/airflow/py_venv/lib/python3.12/site-packages/airflow/example_dags/example_bash_decorator.py
[2024-09-18T12:00:18.037+0100] {processor.py:925} INFO - DAG(s) 'example_bash_decorator' retrieved from /Users/ds2718/Documents/test_python_airflow/airflow/py_venv/lib/python3.12/site-packages/airflow/example_dags/example_bash_decorator.py
[2024-09-18T12:00:18.155+0100] {logging_mixin.py:190} INFO - [2024-09-18T12:00:18.155+0100] {dag.py:3229} INFO - Sync 1 DAGs
[2024-09-18T12:00:18.160+0100] {logging_mixin.py:190} INFO - [2024-09-18T12:00:18.160+0100] {dag.py:4156} INFO - Setting next_dagrun for example_bash_decorator to None, run_after=None
[2024-09-18T12:00:18.173+0100] {processor.py:208} INFO - Processing /Users/ds2718/Documents/test_python_airflow/airflow/py_venv/lib/python3.12/site-packages/airflow/example_dags/example_bash_decorator.py took 0.156 seconds
[2024-09-18T12:00:52.436+0100] {processor.py:186} INFO - Started process (PID=11623) to work on /Users/ds2718/Documents/test_python_airflow/airflow/py_venv/lib/python3.12/site-packages/airflow/example_dags/example_bash_decorator.py
[2024-09-18T12:00:52.438+0100] {processor.py:914} INFO - Processing file /Users/ds2718/Documents/test_python_airflow/airflow/py_venv/lib/python3.12/site-packages/airflow/example_dags/example_bash_decorator.py for tasks to queue
[2024-09-18T12:00:52.438+0100] {logging_mixin.py:190} INFO - [2024-09-18T12:00:52.438+0100] {dagbag.py:587} INFO - Filling up the DagBag from /Users/ds2718/Documents/test_python_airflow/airflow/py_venv/lib/python3.12/site-packages/airflow/example_dags/example_bash_decorator.py
[2024-09-18T12:00:52.457+0100] {processor.py:925} INFO - DAG(s) 'example_bash_decorator' retrieved from /Users/ds2718/Documents/test_python_airflow/airflow/py_venv/lib/python3.12/site-packages/airflow/example_dags/example_bash_decorator.py
[2024-09-18T12:00:52.606+0100] {logging_mixin.py:190} INFO - [2024-09-18T12:00:52.606+0100] {dag.py:3229} INFO - Sync 1 DAGs
[2024-09-18T12:00:52.612+0100] {logging_mixin.py:190} INFO - [2024-09-18T12:00:52.612+0100] {dag.py:4156} INFO - Setting next_dagrun for example_bash_decorator to None, run_after=None
[2024-09-18T12:00:52.622+0100] {processor.py:208} INFO - Processing /Users/ds2718/Documents/test_python_airflow/airflow/py_venv/lib/python3.12/site-packages/airflow/example_dags/example_bash_decorator.py took 0.188 seconds
[2024-09-18T12:01:35.612+0100] {processor.py:186} INFO - Started process (PID=11837) to work on /Users/ds2718/Documents/test_python_airflow/airflow/py_venv/lib/python3.12/site-packages/airflow/example_dags/example_bash_decorator.py
[2024-09-18T12:01:35.613+0100] {processor.py:914} INFO - Processing file /Users/ds2718/Documents/test_python_airflow/airflow/py_venv/lib/python3.12/site-packages/airflow/example_dags/example_bash_decorator.py for tasks to queue
[2024-09-18T12:01:35.613+0100] {logging_mixin.py:190} INFO - [2024-09-18T12:01:35.613+0100] {dagbag.py:587} INFO - Filling up the DagBag from /Users/ds2718/Documents/test_python_airflow/airflow/py_venv/lib/python3.12/site-packages/airflow/example_dags/example_bash_decorator.py
[2024-09-18T12:01:35.640+0100] {processor.py:925} INFO - DAG(s) 'example_bash_decorator' retrieved from /Users/ds2718/Documents/test_python_airflow/airflow/py_venv/lib/python3.12/site-packages/airflow/example_dags/example_bash_decorator.py
[2024-09-18T12:06:43.012+0100] {processor.py:186} INFO - Started process (PID=12070) to work on /Users/ds2718/Documents/test_python_airflow/airflow/py_venv/lib/python3.12/site-packages/airflow/example_dags/example_bash_decorator.py
[2024-09-18T12:06:43.014+0100] {processor.py:914} INFO - Processing file /Users/ds2718/Documents/test_python_airflow/airflow/py_venv/lib/python3.12/site-packages/airflow/example_dags/example_bash_decorator.py for tasks to queue
[2024-09-18T12:06:43.014+0100] {logging_mixin.py:190} INFO - [2024-09-18T12:06:43.014+0100] {dagbag.py:587} INFO - Filling up the DagBag from /Users/ds2718/Documents/test_python_airflow/airflow/py_venv/lib/python3.12/site-packages/airflow/example_dags/example_bash_decorator.py
[2024-09-18T12:06:43.036+0100] {processor.py:925} INFO - DAG(s) 'example_bash_decorator' retrieved from /Users/ds2718/Documents/test_python_airflow/airflow/py_venv/lib/python3.12/site-packages/airflow/example_dags/example_bash_decorator.py
[2024-09-18T12:06:43.155+0100] {logging_mixin.py:190} INFO - [2024-09-18T12:06:43.155+0100] {dag.py:3229} INFO - Sync 1 DAGs
[2024-09-18T12:06:43.161+0100] {logging_mixin.py:190} INFO - [2024-09-18T12:06:43.161+0100] {dag.py:4156} INFO - Setting next_dagrun for example_bash_decorator to None, run_after=None
[2024-09-18T12:06:43.170+0100] {processor.py:208} INFO - Processing /Users/ds2718/Documents/test_python_airflow/airflow/py_venv/lib/python3.12/site-packages/airflow/example_dags/example_bash_decorator.py took 0.162 seconds
[2024-09-18T12:07:19.271+0100] {processor.py:186} INFO - Started process (PID=12238) to work on /Users/ds2718/Documents/test_python_airflow/airflow/py_venv/lib/python3.12/site-packages/airflow/example_dags/example_bash_decorator.py
[2024-09-18T12:07:19.272+0100] {processor.py:914} INFO - Processing file /Users/ds2718/Documents/test_python_airflow/airflow/py_venv/lib/python3.12/site-packages/airflow/example_dags/example_bash_decorator.py for tasks to queue
[2024-09-18T12:07:19.272+0100] {logging_mixin.py:190} INFO - [2024-09-18T12:07:19.272+0100] {dagbag.py:587} INFO - Filling up the DagBag from /Users/ds2718/Documents/test_python_airflow/airflow/py_venv/lib/python3.12/site-packages/airflow/example_dags/example_bash_decorator.py
[2024-09-18T12:07:19.291+0100] {processor.py:925} INFO - DAG(s) 'example_bash_decorator' retrieved from /Users/ds2718/Documents/test_python_airflow/airflow/py_venv/lib/python3.12/site-packages/airflow/example_dags/example_bash_decorator.py
[2024-09-18T12:07:19.410+0100] {logging_mixin.py:190} INFO - [2024-09-18T12:07:19.410+0100] {dag.py:3229} INFO - Sync 1 DAGs
[2024-09-18T12:07:19.417+0100] {logging_mixin.py:190} INFO - [2024-09-18T12:07:19.417+0100] {dag.py:4156} INFO - Setting next_dagrun for example_bash_decorator to None, run_after=None
[2024-09-18T12:07:19.426+0100] {processor.py:208} INFO - Processing /Users/ds2718/Documents/test_python_airflow/airflow/py_venv/lib/python3.12/site-packages/airflow/example_dags/example_bash_decorator.py took 0.157 seconds
[2024-09-18T12:08:11.170+0100] {processor.py:186} INFO - Started process (PID=12458) to work on /Users/ds2718/Documents/test_python_airflow/airflow/py_venv/lib/python3.12/site-packages/airflow/example_dags/example_bash_decorator.py
[2024-09-18T12:08:11.182+0100] {processor.py:914} INFO - Processing file /Users/ds2718/Documents/test_python_airflow/airflow/py_venv/lib/python3.12/site-packages/airflow/example_dags/example_bash_decorator.py for tasks to queue
[2024-09-18T12:08:11.182+0100] {logging_mixin.py:190} INFO - [2024-09-18T12:08:11.182+0100] {dagbag.py:587} INFO - Filling up the DagBag from /Users/ds2718/Documents/test_python_airflow/airflow/py_venv/lib/python3.12/site-packages/airflow/example_dags/example_bash_decorator.py
[2024-09-18T12:08:11.208+0100] {processor.py:925} INFO - DAG(s) 'example_bash_decorator' retrieved from /Users/ds2718/Documents/test_python_airflow/airflow/py_venv/lib/python3.12/site-packages/airflow/example_dags/example_bash_decorator.py
[2024-09-18T12:08:11.368+0100] {logging_mixin.py:190} INFO - [2024-09-18T12:08:11.368+0100] {dag.py:3229} INFO - Sync 1 DAGs
[2024-09-18T12:08:11.375+0100] {logging_mixin.py:190} INFO - [2024-09-18T12:08:11.375+0100] {dag.py:4156} INFO - Setting next_dagrun for example_bash_decorator to None, run_after=None
[2024-09-18T12:08:11.391+0100] {processor.py:208} INFO - Processing /Users/ds2718/Documents/test_python_airflow/airflow/py_venv/lib/python3.12/site-packages/airflow/example_dags/example_bash_decorator.py took 0.229 seconds
[2024-09-18T12:08:49.358+0100] {processor.py:186} INFO - Started process (PID=12672) to work on /Users/ds2718/Documents/test_python_airflow/airflow/py_venv/lib/python3.12/site-packages/airflow/example_dags/example_bash_decorator.py
[2024-09-18T12:08:49.359+0100] {processor.py:914} INFO - Processing file /Users/ds2718/Documents/test_python_airflow/airflow/py_venv/lib/python3.12/site-packages/airflow/example_dags/example_bash_decorator.py for tasks to queue
[2024-09-18T12:08:49.359+0100] {logging_mixin.py:190} INFO - [2024-09-18T12:08:49.359+0100] {dagbag.py:587} INFO - Filling up the DagBag from /Users/ds2718/Documents/test_python_airflow/airflow/py_venv/lib/python3.12/site-packages/airflow/example_dags/example_bash_decorator.py
[2024-09-18T12:08:49.380+0100] {processor.py:925} INFO - DAG(s) 'example_bash_decorator' retrieved from /Users/ds2718/Documents/test_python_airflow/airflow/py_venv/lib/python3.12/site-packages/airflow/example_dags/example_bash_decorator.py
[2024-09-18T12:08:49.515+0100] {logging_mixin.py:190} INFO - [2024-09-18T12:08:49.515+0100] {dag.py:3229} INFO - Sync 1 DAGs
[2024-09-18T12:08:49.522+0100] {logging_mixin.py:190} INFO - [2024-09-18T12:08:49.522+0100] {dag.py:4156} INFO - Setting next_dagrun for example_bash_decorator to None, run_after=None
[2024-09-18T12:08:49.531+0100] {processor.py:208} INFO - Processing /Users/ds2718/Documents/test_python_airflow/airflow/py_venv/lib/python3.12/site-packages/airflow/example_dags/example_bash_decorator.py took 0.178 seconds
[2024-09-18T12:09:24.612+0100] {processor.py:186} INFO - Started process (PID=12821) to work on /Users/ds2718/Documents/test_python_airflow/airflow/py_venv/lib/python3.12/site-packages/airflow/example_dags/example_bash_decorator.py
[2024-09-18T12:09:24.613+0100] {processor.py:914} INFO - Processing file /Users/ds2718/Documents/test_python_airflow/airflow/py_venv/lib/python3.12/site-packages/airflow/example_dags/example_bash_decorator.py for tasks to queue
[2024-09-18T12:09:24.614+0100] {logging_mixin.py:190} INFO - [2024-09-18T12:09:24.614+0100] {dagbag.py:587} INFO - Filling up the DagBag from /Users/ds2718/Documents/test_python_airflow/airflow/py_venv/lib/python3.12/site-packages/airflow/example_dags/example_bash_decorator.py
[2024-09-18T12:09:24.636+0100] {processor.py:925} INFO - DAG(s) 'example_bash_decorator' retrieved from /Users/ds2718/Documents/test_python_airflow/airflow/py_venv/lib/python3.12/site-packages/airflow/example_dags/example_bash_decorator.py
[2024-09-18T12:09:24.792+0100] {logging_mixin.py:190} INFO - [2024-09-18T12:09:24.792+0100] {dag.py:3229} INFO - Sync 1 DAGs
[2024-09-18T12:09:24.798+0100] {logging_mixin.py:190} INFO - [2024-09-18T12:09:24.798+0100] {dag.py:4156} INFO - Setting next_dagrun for example_bash_decorator to None, run_after=None
[2024-09-18T12:09:24.808+0100] {processor.py:208} INFO - Processing /Users/ds2718/Documents/test_python_airflow/airflow/py_venv/lib/python3.12/site-packages/airflow/example_dags/example_bash_decorator.py took 0.207 seconds
[2024-09-18T12:10:00.496+0100] {processor.py:186} INFO - Started process (PID=13033) to work on /Users/ds2718/Documents/test_python_airflow/airflow/py_venv/lib/python3.12/site-packages/airflow/example_dags/example_bash_decorator.py
[2024-09-18T12:10:00.497+0100] {processor.py:914} INFO - Processing file /Users/ds2718/Documents/test_python_airflow/airflow/py_venv/lib/python3.12/site-packages/airflow/example_dags/example_bash_decorator.py for tasks to queue
[2024-09-18T12:10:00.498+0100] {logging_mixin.py:190} INFO - [2024-09-18T12:10:00.497+0100] {dagbag.py:587} INFO - Filling up the DagBag from /Users/ds2718/Documents/test_python_airflow/airflow/py_venv/lib/python3.12/site-packages/airflow/example_dags/example_bash_decorator.py
[2024-09-18T12:10:00.526+0100] {processor.py:925} INFO - DAG(s) 'example_bash_decorator' retrieved from /Users/ds2718/Documents/test_python_airflow/airflow/py_venv/lib/python3.12/site-packages/airflow/example_dags/example_bash_decorator.py
[2024-09-18T12:10:00.675+0100] {logging_mixin.py:190} INFO - [2024-09-18T12:10:00.675+0100] {dag.py:3229} INFO - Sync 1 DAGs
[2024-09-18T12:10:00.682+0100] {logging_mixin.py:190} INFO - [2024-09-18T12:10:00.681+0100] {dag.py:4156} INFO - Setting next_dagrun for example_bash_decorator to None, run_after=None
[2024-09-18T12:10:00.691+0100] {processor.py:208} INFO - Processing /Users/ds2718/Documents/test_python_airflow/airflow/py_venv/lib/python3.12/site-packages/airflow/example_dags/example_bash_decorator.py took 0.205 seconds
[2024-09-18T12:10:34.299+0100] {processor.py:186} INFO - Started process (PID=13176) to work on /Users/ds2718/Documents/test_python_airflow/airflow/py_venv/lib/python3.12/site-packages/airflow/example_dags/example_bash_decorator.py
[2024-09-18T12:10:34.300+0100] {processor.py:914} INFO - Processing file /Users/ds2718/Documents/test_python_airflow/airflow/py_venv/lib/python3.12/site-packages/airflow/example_dags/example_bash_decorator.py for tasks to queue
[2024-09-18T12:10:34.300+0100] {logging_mixin.py:190} INFO - [2024-09-18T12:10:34.300+0100] {dagbag.py:587} INFO - Filling up the DagBag from /Users/ds2718/Documents/test_python_airflow/airflow/py_venv/lib/python3.12/site-packages/airflow/example_dags/example_bash_decorator.py
[2024-09-18T12:10:34.322+0100] {processor.py:925} INFO - DAG(s) 'example_bash_decorator' retrieved from /Users/ds2718/Documents/test_python_airflow/airflow/py_venv/lib/python3.12/site-packages/airflow/example_dags/example_bash_decorator.py
[2024-09-18T12:10:34.476+0100] {logging_mixin.py:190} INFO - [2024-09-18T12:10:34.476+0100] {dag.py:3229} INFO - Sync 1 DAGs
[2024-09-18T12:10:34.481+0100] {logging_mixin.py:190} INFO - [2024-09-18T12:10:34.481+0100] {dag.py:4156} INFO - Setting next_dagrun for example_bash_decorator to None, run_after=None
[2024-09-18T12:10:34.491+0100] {processor.py:208} INFO - Processing /Users/ds2718/Documents/test_python_airflow/airflow/py_venv/lib/python3.12/site-packages/airflow/example_dags/example_bash_decorator.py took 0.198 seconds
[2024-09-18T12:11:09.210+0100] {processor.py:186} INFO - Started process (PID=13345) to work on /Users/ds2718/Documents/test_python_airflow/airflow/py_venv/lib/python3.12/site-packages/airflow/example_dags/example_bash_decorator.py
[2024-09-18T12:11:09.210+0100] {processor.py:914} INFO - Processing file /Users/ds2718/Documents/test_python_airflow/airflow/py_venv/lib/python3.12/site-packages/airflow/example_dags/example_bash_decorator.py for tasks to queue
[2024-09-18T12:11:09.210+0100] {logging_mixin.py:190} INFO - [2024-09-18T12:11:09.210+0100] {dagbag.py:587} INFO - Filling up the DagBag from /Users/ds2718/Documents/test_python_airflow/airflow/py_venv/lib/python3.12/site-packages/airflow/example_dags/example_bash_decorator.py
[2024-09-18T12:11:09.229+0100] {processor.py:925} INFO - DAG(s) 'example_bash_decorator' retrieved from /Users/ds2718/Documents/test_python_airflow/airflow/py_venv/lib/python3.12/site-packages/airflow/example_dags/example_bash_decorator.py
[2024-09-18T12:11:09.366+0100] {logging_mixin.py:190} INFO - [2024-09-18T12:11:09.366+0100] {dag.py:3229} INFO - Sync 1 DAGs
[2024-09-18T12:11:09.373+0100] {logging_mixin.py:190} INFO - [2024-09-18T12:11:09.373+0100] {dag.py:4156} INFO - Setting next_dagrun for example_bash_decorator to None, run_after=None
[2024-09-18T12:11:09.387+0100] {processor.py:208} INFO - Processing /Users/ds2718/Documents/test_python_airflow/airflow/py_venv/lib/python3.12/site-packages/airflow/example_dags/example_bash_decorator.py took 0.185 seconds
[2024-09-18T12:11:45.535+0100] {processor.py:186} INFO - Started process (PID=13502) to work on /Users/ds2718/Documents/test_python_airflow/airflow/py_venv/lib/python3.12/site-packages/airflow/example_dags/example_bash_decorator.py
[2024-09-18T12:11:45.536+0100] {processor.py:914} INFO - Processing file /Users/ds2718/Documents/test_python_airflow/airflow/py_venv/lib/python3.12/site-packages/airflow/example_dags/example_bash_decorator.py for tasks to queue
[2024-09-18T12:11:45.536+0100] {logging_mixin.py:190} INFO - [2024-09-18T12:11:45.536+0100] {dagbag.py:587} INFO - Filling up the DagBag from /Users/ds2718/Documents/test_python_airflow/airflow/py_venv/lib/python3.12/site-packages/airflow/example_dags/example_bash_decorator.py
[2024-09-18T12:11:45.558+0100] {processor.py:925} INFO - DAG(s) 'example_bash_decorator' retrieved from /Users/ds2718/Documents/test_python_airflow/airflow/py_venv/lib/python3.12/site-packages/airflow/example_dags/example_bash_decorator.py
[2024-09-18T12:11:45.691+0100] {logging_mixin.py:190} INFO - [2024-09-18T12:11:45.691+0100] {dag.py:3229} INFO - Sync 1 DAGs
[2024-09-18T12:11:45.697+0100] {logging_mixin.py:190} INFO - [2024-09-18T12:11:45.697+0100] {dag.py:4156} INFO - Setting next_dagrun for example_bash_decorator to None, run_after=None
[2024-09-18T12:11:45.713+0100] {processor.py:208} INFO - Processing /Users/ds2718/Documents/test_python_airflow/airflow/py_venv/lib/python3.12/site-packages/airflow/example_dags/example_bash_decorator.py took 0.183 seconds
[2024-09-18T12:12:19.655+0100] {processor.py:186} INFO - Started process (PID=13660) to work on /Users/ds2718/Documents/test_python_airflow/airflow/py_venv/lib/python3.12/site-packages/airflow/example_dags/example_bash_decorator.py
[2024-09-18T12:12:19.656+0100] {processor.py:914} INFO - Processing file /Users/ds2718/Documents/test_python_airflow/airflow/py_venv/lib/python3.12/site-packages/airflow/example_dags/example_bash_decorator.py for tasks to queue
[2024-09-18T12:12:19.656+0100] {logging_mixin.py:190} INFO - [2024-09-18T12:12:19.656+0100] {dagbag.py:587} INFO - Filling up the DagBag from /Users/ds2718/Documents/test_python_airflow/airflow/py_venv/lib/python3.12/site-packages/airflow/example_dags/example_bash_decorator.py
[2024-09-18T12:12:19.679+0100] {processor.py:925} INFO - DAG(s) 'example_bash_decorator' retrieved from /Users/ds2718/Documents/test_python_airflow/airflow/py_venv/lib/python3.12/site-packages/airflow/example_dags/example_bash_decorator.py
[2024-09-18T12:12:19.832+0100] {logging_mixin.py:190} INFO - [2024-09-18T12:12:19.832+0100] {dag.py:3229} INFO - Sync 1 DAGs
[2024-09-18T12:12:19.849+0100] {logging_mixin.py:190} INFO - [2024-09-18T12:12:19.849+0100] {dag.py:4156} INFO - Setting next_dagrun for example_bash_decorator to None, run_after=None
[2024-09-18T12:12:19.862+0100] {processor.py:208} INFO - Processing /Users/ds2718/Documents/test_python_airflow/airflow/py_venv/lib/python3.12/site-packages/airflow/example_dags/example_bash_decorator.py took 0.210 seconds
[2024-09-18T12:12:56.629+0100] {processor.py:186} INFO - Started process (PID=13855) to work on /Users/ds2718/Documents/test_python_airflow/airflow/py_venv/lib/python3.12/site-packages/airflow/example_dags/example_bash_decorator.py
[2024-09-18T12:12:56.629+0100] {processor.py:914} INFO - Processing file /Users/ds2718/Documents/test_python_airflow/airflow/py_venv/lib/python3.12/site-packages/airflow/example_dags/example_bash_decorator.py for tasks to queue
[2024-09-18T12:12:56.630+0100] {logging_mixin.py:190} INFO - [2024-09-18T12:12:56.630+0100] {dagbag.py:587} INFO - Filling up the DagBag from /Users/ds2718/Documents/test_python_airflow/airflow/py_venv/lib/python3.12/site-packages/airflow/example_dags/example_bash_decorator.py
[2024-09-18T12:12:56.653+0100] {processor.py:925} INFO - DAG(s) 'example_bash_decorator' retrieved from /Users/ds2718/Documents/test_python_airflow/airflow/py_venv/lib/python3.12/site-packages/airflow/example_dags/example_bash_decorator.py
[2024-09-18T12:12:56.787+0100] {logging_mixin.py:190} INFO - [2024-09-18T12:12:56.787+0100] {dag.py:3229} INFO - Sync 1 DAGs
[2024-09-18T12:12:56.792+0100] {logging_mixin.py:190} INFO - [2024-09-18T12:12:56.792+0100] {dag.py:4156} INFO - Setting next_dagrun for example_bash_decorator to None, run_after=None
[2024-09-18T12:12:56.804+0100] {processor.py:208} INFO - Processing /Users/ds2718/Documents/test_python_airflow/airflow/py_venv/lib/python3.12/site-packages/airflow/example_dags/example_bash_decorator.py took 0.184 seconds
[2024-09-18T12:13:35.429+0100] {processor.py:186} INFO - Started process (PID=14027) to work on /Users/ds2718/Documents/test_python_airflow/airflow/py_venv/lib/python3.12/site-packages/airflow/example_dags/example_bash_decorator.py
[2024-09-18T12:13:35.430+0100] {processor.py:914} INFO - Processing file /Users/ds2718/Documents/test_python_airflow/airflow/py_venv/lib/python3.12/site-packages/airflow/example_dags/example_bash_decorator.py for tasks to queue
[2024-09-18T12:13:35.430+0100] {logging_mixin.py:190} INFO - [2024-09-18T12:13:35.430+0100] {dagbag.py:587} INFO - Filling up the DagBag from /Users/ds2718/Documents/test_python_airflow/airflow/py_venv/lib/python3.12/site-packages/airflow/example_dags/example_bash_decorator.py
[2024-09-18T12:13:35.448+0100] {processor.py:925} INFO - DAG(s) 'example_bash_decorator' retrieved from /Users/ds2718/Documents/test_python_airflow/airflow/py_venv/lib/python3.12/site-packages/airflow/example_dags/example_bash_decorator.py
[2024-09-18T12:13:35.569+0100] {logging_mixin.py:190} INFO - [2024-09-18T12:13:35.569+0100] {dag.py:3229} INFO - Sync 1 DAGs
[2024-09-18T12:13:35.587+0100] {logging_mixin.py:190} INFO - [2024-09-18T12:13:35.587+0100] {dag.py:4156} INFO - Setting next_dagrun for example_bash_decorator to None, run_after=None
[2024-09-18T12:13:35.600+0100] {processor.py:208} INFO - Processing /Users/ds2718/Documents/test_python_airflow/airflow/py_venv/lib/python3.12/site-packages/airflow/example_dags/example_bash_decorator.py took 0.172 seconds
