[2024-09-18T11:54:13.464+0100] {processor.py:186} INFO - Started process (PID=9484) to work on /Users/ds2718/Documents/test_python_airflow/airflow/py_venv/lib/python3.12/site-packages/airflow/example_dags/example_params_trigger_ui.py
[2024-09-18T11:54:13.465+0100] {processor.py:914} INFO - Processing file /Users/ds2718/Documents/test_python_airflow/airflow/py_venv/lib/python3.12/site-packages/airflow/example_dags/example_params_trigger_ui.py for tasks to queue
[2024-09-18T11:54:13.465+0100] {logging_mixin.py:190} INFO - [2024-09-18T11:54:13.465+0100] {dagbag.py:587} INFO - Filling up the DagBag from /Users/ds2718/Documents/test_python_airflow/airflow/py_venv/lib/python3.12/site-packages/airflow/example_dags/example_params_trigger_ui.py
[2024-09-18T11:54:13.482+0100] {processor.py:925} INFO - DAG(s) 'example_params_trigger_ui' retrieved from /Users/ds2718/Documents/test_python_airflow/airflow/py_venv/lib/python3.12/site-packages/airflow/example_dags/example_params_trigger_ui.py
[2024-09-18T11:54:13.601+0100] {logging_mixin.py:190} INFO - [2024-09-18T11:54:13.601+0100] {override.py:1900} INFO - Created Permission View: can read on DAG:example_params_trigger_ui
[2024-09-18T11:54:13.604+0100] {logging_mixin.py:190} INFO - [2024-09-18T11:54:13.604+0100] {override.py:1900} INFO - Created Permission View: can edit on DAG:example_params_trigger_ui
[2024-09-18T11:54:13.606+0100] {logging_mixin.py:190} INFO - [2024-09-18T11:54:13.606+0100] {override.py:1900} INFO - Created Permission View: can delete on DAG:example_params_trigger_ui
[2024-09-18T11:54:13.608+0100] {logging_mixin.py:190} INFO - [2024-09-18T11:54:13.608+0100] {override.py:1900} INFO - Created Permission View: menu access on DAG Run:example_params_trigger_ui
[2024-09-18T11:54:13.610+0100] {logging_mixin.py:190} INFO - [2024-09-18T11:54:13.610+0100] {override.py:1900} INFO - Created Permission View: can read on DAG Run:example_params_trigger_ui
[2024-09-18T11:54:13.612+0100] {logging_mixin.py:190} INFO - [2024-09-18T11:54:13.612+0100] {override.py:1900} INFO - Created Permission View: can create on DAG Run:example_params_trigger_ui
[2024-09-18T11:54:13.614+0100] {logging_mixin.py:190} INFO - [2024-09-18T11:54:13.614+0100] {override.py:1900} INFO - Created Permission View: can delete on DAG Run:example_params_trigger_ui
[2024-09-18T11:54:13.614+0100] {logging_mixin.py:190} INFO - [2024-09-18T11:54:13.614+0100] {dag.py:3229} INFO - Sync 1 DAGs
[2024-09-18T11:54:13.619+0100] {logging_mixin.py:190} INFO - [2024-09-18T11:54:13.619+0100] {dag.py:3252} INFO - Creating ORM DAG for example_params_trigger_ui
[2024-09-18T11:54:13.619+0100] {logging_mixin.py:190} INFO - [2024-09-18T11:54:13.619+0100] {dag.py:4156} INFO - Setting next_dagrun for example_params_trigger_ui to None, run_after=None
[2024-09-18T11:54:13.627+0100] {processor.py:208} INFO - Processing /Users/ds2718/Documents/test_python_airflow/airflow/py_venv/lib/python3.12/site-packages/airflow/example_dags/example_params_trigger_ui.py took 0.164 seconds
[2024-09-18T11:54:47.161+0100] {processor.py:186} INFO - Started process (PID=9687) to work on /Users/ds2718/Documents/test_python_airflow/airflow/py_venv/lib/python3.12/site-packages/airflow/example_dags/example_params_trigger_ui.py
[2024-09-18T11:54:47.162+0100] {processor.py:914} INFO - Processing file /Users/ds2718/Documents/test_python_airflow/airflow/py_venv/lib/python3.12/site-packages/airflow/example_dags/example_params_trigger_ui.py for tasks to queue
[2024-09-18T11:54:47.162+0100] {logging_mixin.py:190} INFO - [2024-09-18T11:54:47.162+0100] {dagbag.py:587} INFO - Filling up the DagBag from /Users/ds2718/Documents/test_python_airflow/airflow/py_venv/lib/python3.12/site-packages/airflow/example_dags/example_params_trigger_ui.py
[2024-09-18T11:54:47.189+0100] {processor.py:925} INFO - DAG(s) 'example_params_trigger_ui' retrieved from /Users/ds2718/Documents/test_python_airflow/airflow/py_venv/lib/python3.12/site-packages/airflow/example_dags/example_params_trigger_ui.py
[2024-09-18T11:54:47.242+0100] {logging_mixin.py:190} INFO - [2024-09-18T11:54:47.241+0100] {dag.py:3229} INFO - Sync 1 DAGs
[2024-09-18T11:54:47.277+0100] {logging_mixin.py:190} INFO - [2024-09-18T11:54:47.277+0100] {dag.py:4156} INFO - Setting next_dagrun for example_params_trigger_ui to None, run_after=None
[2024-09-18T11:54:47.295+0100] {processor.py:208} INFO - Processing /Users/ds2718/Documents/test_python_airflow/airflow/py_venv/lib/python3.12/site-packages/airflow/example_dags/example_params_trigger_ui.py took 0.136 seconds
[2024-09-18T11:55:22.967+0100] {processor.py:186} INFO - Started process (PID=9866) to work on /Users/ds2718/Documents/test_python_airflow/airflow/py_venv/lib/python3.12/site-packages/airflow/example_dags/example_params_trigger_ui.py
[2024-09-18T11:55:22.968+0100] {processor.py:914} INFO - Processing file /Users/ds2718/Documents/test_python_airflow/airflow/py_venv/lib/python3.12/site-packages/airflow/example_dags/example_params_trigger_ui.py for tasks to queue
[2024-09-18T11:55:22.968+0100] {logging_mixin.py:190} INFO - [2024-09-18T11:55:22.968+0100] {dagbag.py:587} INFO - Filling up the DagBag from /Users/ds2718/Documents/test_python_airflow/airflow/py_venv/lib/python3.12/site-packages/airflow/example_dags/example_params_trigger_ui.py
[2024-09-18T11:55:22.988+0100] {processor.py:925} INFO - DAG(s) 'example_params_trigger_ui' retrieved from /Users/ds2718/Documents/test_python_airflow/airflow/py_venv/lib/python3.12/site-packages/airflow/example_dags/example_params_trigger_ui.py
[2024-09-18T11:55:23.035+0100] {logging_mixin.py:190} INFO - [2024-09-18T11:55:23.035+0100] {dag.py:3229} INFO - Sync 1 DAGs
[2024-09-18T11:55:23.064+0100] {logging_mixin.py:190} INFO - [2024-09-18T11:55:23.064+0100] {dag.py:4156} INFO - Setting next_dagrun for example_params_trigger_ui to None, run_after=None
[2024-09-18T11:55:23.081+0100] {processor.py:208} INFO - Processing /Users/ds2718/Documents/test_python_airflow/airflow/py_venv/lib/python3.12/site-packages/airflow/example_dags/example_params_trigger_ui.py took 0.119 seconds
[2024-09-18T11:55:55.021+0100] {processor.py:186} INFO - Started process (PID=10043) to work on /Users/ds2718/Documents/test_python_airflow/airflow/py_venv/lib/python3.12/site-packages/airflow/example_dags/example_params_trigger_ui.py
[2024-09-18T11:55:55.023+0100] {processor.py:914} INFO - Processing file /Users/ds2718/Documents/test_python_airflow/airflow/py_venv/lib/python3.12/site-packages/airflow/example_dags/example_params_trigger_ui.py for tasks to queue
[2024-09-18T11:55:55.023+0100] {logging_mixin.py:190} INFO - [2024-09-18T11:55:55.023+0100] {dagbag.py:587} INFO - Filling up the DagBag from /Users/ds2718/Documents/test_python_airflow/airflow/py_venv/lib/python3.12/site-packages/airflow/example_dags/example_params_trigger_ui.py
[2024-09-18T11:55:55.046+0100] {processor.py:925} INFO - DAG(s) 'example_params_trigger_ui' retrieved from /Users/ds2718/Documents/test_python_airflow/airflow/py_venv/lib/python3.12/site-packages/airflow/example_dags/example_params_trigger_ui.py
[2024-09-18T11:55:55.096+0100] {logging_mixin.py:190} INFO - [2024-09-18T11:55:55.096+0100] {dag.py:3229} INFO - Sync 1 DAGs
[2024-09-18T11:55:55.168+0100] {logging_mixin.py:190} INFO - [2024-09-18T11:55:55.167+0100] {dag.py:4156} INFO - Setting next_dagrun for example_params_trigger_ui to None, run_after=None
[2024-09-18T11:55:55.183+0100] {processor.py:208} INFO - Processing /Users/ds2718/Documents/test_python_airflow/airflow/py_venv/lib/python3.12/site-packages/airflow/example_dags/example_params_trigger_ui.py took 0.165 seconds
[2024-09-18T11:56:29.474+0100] {processor.py:186} INFO - Started process (PID=10173) to work on /Users/ds2718/Documents/test_python_airflow/airflow/py_venv/lib/python3.12/site-packages/airflow/example_dags/example_params_trigger_ui.py
[2024-09-18T11:56:29.475+0100] {processor.py:914} INFO - Processing file /Users/ds2718/Documents/test_python_airflow/airflow/py_venv/lib/python3.12/site-packages/airflow/example_dags/example_params_trigger_ui.py for tasks to queue
[2024-09-18T11:56:29.475+0100] {logging_mixin.py:190} INFO - [2024-09-18T11:56:29.475+0100] {dagbag.py:587} INFO - Filling up the DagBag from /Users/ds2718/Documents/test_python_airflow/airflow/py_venv/lib/python3.12/site-packages/airflow/example_dags/example_params_trigger_ui.py
[2024-09-18T11:56:29.493+0100] {processor.py:925} INFO - DAG(s) 'example_params_trigger_ui' retrieved from /Users/ds2718/Documents/test_python_airflow/airflow/py_venv/lib/python3.12/site-packages/airflow/example_dags/example_params_trigger_ui.py
[2024-09-18T11:56:29.540+0100] {logging_mixin.py:190} INFO - [2024-09-18T11:56:29.540+0100] {dag.py:3229} INFO - Sync 1 DAGs
[2024-09-18T11:56:29.571+0100] {logging_mixin.py:190} INFO - [2024-09-18T11:56:29.571+0100] {dag.py:4156} INFO - Setting next_dagrun for example_params_trigger_ui to None, run_after=None
[2024-09-18T11:56:29.587+0100] {processor.py:208} INFO - Processing /Users/ds2718/Documents/test_python_airflow/airflow/py_venv/lib/python3.12/site-packages/airflow/example_dags/example_params_trigger_ui.py took 0.119 seconds
[2024-09-18T11:57:01.101+0100] {processor.py:186} INFO - Started process (PID=10345) to work on /Users/ds2718/Documents/test_python_airflow/airflow/py_venv/lib/python3.12/site-packages/airflow/example_dags/example_params_trigger_ui.py
[2024-09-18T11:57:01.101+0100] {processor.py:914} INFO - Processing file /Users/ds2718/Documents/test_python_airflow/airflow/py_venv/lib/python3.12/site-packages/airflow/example_dags/example_params_trigger_ui.py for tasks to queue
[2024-09-18T11:57:01.102+0100] {logging_mixin.py:190} INFO - [2024-09-18T11:57:01.102+0100] {dagbag.py:587} INFO - Filling up the DagBag from /Users/ds2718/Documents/test_python_airflow/airflow/py_venv/lib/python3.12/site-packages/airflow/example_dags/example_params_trigger_ui.py
[2024-09-18T11:57:01.119+0100] {processor.py:925} INFO - DAG(s) 'example_params_trigger_ui' retrieved from /Users/ds2718/Documents/test_python_airflow/airflow/py_venv/lib/python3.12/site-packages/airflow/example_dags/example_params_trigger_ui.py
[2024-09-18T11:57:01.174+0100] {logging_mixin.py:190} INFO - [2024-09-18T11:57:01.174+0100] {dag.py:3229} INFO - Sync 1 DAGs
[2024-09-18T11:57:01.216+0100] {logging_mixin.py:190} INFO - [2024-09-18T11:57:01.216+0100] {dag.py:4156} INFO - Setting next_dagrun for example_params_trigger_ui to None, run_after=None
[2024-09-18T11:57:01.227+0100] {processor.py:208} INFO - Processing /Users/ds2718/Documents/test_python_airflow/airflow/py_venv/lib/python3.12/site-packages/airflow/example_dags/example_params_trigger_ui.py took 0.131 seconds
[2024-09-18T11:57:34.096+0100] {processor.py:186} INFO - Started process (PID=10512) to work on /Users/ds2718/Documents/test_python_airflow/airflow/py_venv/lib/python3.12/site-packages/airflow/example_dags/example_params_trigger_ui.py
[2024-09-18T11:57:34.096+0100] {processor.py:914} INFO - Processing file /Users/ds2718/Documents/test_python_airflow/airflow/py_venv/lib/python3.12/site-packages/airflow/example_dags/example_params_trigger_ui.py for tasks to queue
[2024-09-18T11:57:34.097+0100] {logging_mixin.py:190} INFO - [2024-09-18T11:57:34.096+0100] {dagbag.py:587} INFO - Filling up the DagBag from /Users/ds2718/Documents/test_python_airflow/airflow/py_venv/lib/python3.12/site-packages/airflow/example_dags/example_params_trigger_ui.py
[2024-09-18T11:57:34.117+0100] {processor.py:925} INFO - DAG(s) 'example_params_trigger_ui' retrieved from /Users/ds2718/Documents/test_python_airflow/airflow/py_venv/lib/python3.12/site-packages/airflow/example_dags/example_params_trigger_ui.py
[2024-09-18T11:57:34.166+0100] {logging_mixin.py:190} INFO - [2024-09-18T11:57:34.166+0100] {dag.py:3229} INFO - Sync 1 DAGs
[2024-09-18T11:57:34.197+0100] {logging_mixin.py:190} INFO - [2024-09-18T11:57:34.197+0100] {dag.py:4156} INFO - Setting next_dagrun for example_params_trigger_ui to None, run_after=None
[2024-09-18T11:57:34.212+0100] {processor.py:208} INFO - Processing /Users/ds2718/Documents/test_python_airflow/airflow/py_venv/lib/python3.12/site-packages/airflow/example_dags/example_params_trigger_ui.py took 0.121 seconds
[2024-09-18T11:58:08.780+0100] {processor.py:186} INFO - Started process (PID=10713) to work on /Users/ds2718/Documents/test_python_airflow/airflow/py_venv/lib/python3.12/site-packages/airflow/example_dags/example_params_trigger_ui.py
[2024-09-18T11:58:08.781+0100] {processor.py:914} INFO - Processing file /Users/ds2718/Documents/test_python_airflow/airflow/py_venv/lib/python3.12/site-packages/airflow/example_dags/example_params_trigger_ui.py for tasks to queue
[2024-09-18T11:58:08.781+0100] {logging_mixin.py:190} INFO - [2024-09-18T11:58:08.781+0100] {dagbag.py:587} INFO - Filling up the DagBag from /Users/ds2718/Documents/test_python_airflow/airflow/py_venv/lib/python3.12/site-packages/airflow/example_dags/example_params_trigger_ui.py
[2024-09-18T11:58:08.801+0100] {processor.py:925} INFO - DAG(s) 'example_params_trigger_ui' retrieved from /Users/ds2718/Documents/test_python_airflow/airflow/py_venv/lib/python3.12/site-packages/airflow/example_dags/example_params_trigger_ui.py
[2024-09-18T11:58:08.849+0100] {logging_mixin.py:190} INFO - [2024-09-18T11:58:08.849+0100] {dag.py:3229} INFO - Sync 1 DAGs
[2024-09-18T11:58:08.885+0100] {logging_mixin.py:190} INFO - [2024-09-18T11:58:08.884+0100] {dag.py:4156} INFO - Setting next_dagrun for example_params_trigger_ui to None, run_after=None
[2024-09-18T11:58:08.894+0100] {processor.py:208} INFO - Processing /Users/ds2718/Documents/test_python_airflow/airflow/py_venv/lib/python3.12/site-packages/airflow/example_dags/example_params_trigger_ui.py took 0.119 seconds
[2024-09-18T11:58:43.193+0100] {processor.py:186} INFO - Started process (PID=10887) to work on /Users/ds2718/Documents/test_python_airflow/airflow/py_venv/lib/python3.12/site-packages/airflow/example_dags/example_params_trigger_ui.py
[2024-09-18T11:58:43.194+0100] {processor.py:914} INFO - Processing file /Users/ds2718/Documents/test_python_airflow/airflow/py_venv/lib/python3.12/site-packages/airflow/example_dags/example_params_trigger_ui.py for tasks to queue
[2024-09-18T11:58:43.194+0100] {logging_mixin.py:190} INFO - [2024-09-18T11:58:43.194+0100] {dagbag.py:587} INFO - Filling up the DagBag from /Users/ds2718/Documents/test_python_airflow/airflow/py_venv/lib/python3.12/site-packages/airflow/example_dags/example_params_trigger_ui.py
[2024-09-18T11:58:43.216+0100] {processor.py:925} INFO - DAG(s) 'example_params_trigger_ui' retrieved from /Users/ds2718/Documents/test_python_airflow/airflow/py_venv/lib/python3.12/site-packages/airflow/example_dags/example_params_trigger_ui.py
[2024-09-18T11:58:43.265+0100] {logging_mixin.py:190} INFO - [2024-09-18T11:58:43.265+0100] {dag.py:3229} INFO - Sync 1 DAGs
[2024-09-18T11:58:43.301+0100] {logging_mixin.py:190} INFO - [2024-09-18T11:58:43.300+0100] {dag.py:4156} INFO - Setting next_dagrun for example_params_trigger_ui to None, run_after=None
[2024-09-18T11:58:43.319+0100] {processor.py:208} INFO - Processing /Users/ds2718/Documents/test_python_airflow/airflow/py_venv/lib/python3.12/site-packages/airflow/example_dags/example_params_trigger_ui.py took 0.134 seconds
[2024-09-18T11:59:19.170+0100] {processor.py:186} INFO - Started process (PID=11103) to work on /Users/ds2718/Documents/test_python_airflow/airflow/py_venv/lib/python3.12/site-packages/airflow/example_dags/example_params_trigger_ui.py
[2024-09-18T11:59:19.171+0100] {processor.py:914} INFO - Processing file /Users/ds2718/Documents/test_python_airflow/airflow/py_venv/lib/python3.12/site-packages/airflow/example_dags/example_params_trigger_ui.py for tasks to queue
[2024-09-18T11:59:19.172+0100] {logging_mixin.py:190} INFO - [2024-09-18T11:59:19.172+0100] {dagbag.py:587} INFO - Filling up the DagBag from /Users/ds2718/Documents/test_python_airflow/airflow/py_venv/lib/python3.12/site-packages/airflow/example_dags/example_params_trigger_ui.py
[2024-09-18T11:59:19.194+0100] {processor.py:925} INFO - DAG(s) 'example_params_trigger_ui' retrieved from /Users/ds2718/Documents/test_python_airflow/airflow/py_venv/lib/python3.12/site-packages/airflow/example_dags/example_params_trigger_ui.py
[2024-09-18T11:59:19.240+0100] {logging_mixin.py:190} INFO - [2024-09-18T11:59:19.240+0100] {dag.py:3229} INFO - Sync 1 DAGs
[2024-09-18T11:59:19.270+0100] {logging_mixin.py:190} INFO - [2024-09-18T11:59:19.270+0100] {dag.py:4156} INFO - Setting next_dagrun for example_params_trigger_ui to None, run_after=None
[2024-09-18T11:59:19.295+0100] {processor.py:208} INFO - Processing /Users/ds2718/Documents/test_python_airflow/airflow/py_venv/lib/python3.12/site-packages/airflow/example_dags/example_params_trigger_ui.py took 0.132 seconds
[2024-09-18T11:59:52.741+0100] {processor.py:186} INFO - Started process (PID=11277) to work on /Users/ds2718/Documents/test_python_airflow/airflow/py_venv/lib/python3.12/site-packages/airflow/example_dags/example_params_trigger_ui.py
[2024-09-18T11:59:52.743+0100] {processor.py:914} INFO - Processing file /Users/ds2718/Documents/test_python_airflow/airflow/py_venv/lib/python3.12/site-packages/airflow/example_dags/example_params_trigger_ui.py for tasks to queue
[2024-09-18T11:59:52.743+0100] {logging_mixin.py:190} INFO - [2024-09-18T11:59:52.743+0100] {dagbag.py:587} INFO - Filling up the DagBag from /Users/ds2718/Documents/test_python_airflow/airflow/py_venv/lib/python3.12/site-packages/airflow/example_dags/example_params_trigger_ui.py
[2024-09-18T11:59:52.765+0100] {processor.py:925} INFO - DAG(s) 'example_params_trigger_ui' retrieved from /Users/ds2718/Documents/test_python_airflow/airflow/py_venv/lib/python3.12/site-packages/airflow/example_dags/example_params_trigger_ui.py
[2024-09-18T11:59:52.814+0100] {logging_mixin.py:190} INFO - [2024-09-18T11:59:52.813+0100] {dag.py:3229} INFO - Sync 1 DAGs
[2024-09-18T11:59:52.842+0100] {logging_mixin.py:190} INFO - [2024-09-18T11:59:52.842+0100] {dag.py:4156} INFO - Setting next_dagrun for example_params_trigger_ui to None, run_after=None
[2024-09-18T11:59:52.857+0100] {processor.py:208} INFO - Processing /Users/ds2718/Documents/test_python_airflow/airflow/py_venv/lib/python3.12/site-packages/airflow/example_dags/example_params_trigger_ui.py took 0.124 seconds
[2024-09-18T12:00:25.587+0100] {processor.py:186} INFO - Started process (PID=11477) to work on /Users/ds2718/Documents/test_python_airflow/airflow/py_venv/lib/python3.12/site-packages/airflow/example_dags/example_params_trigger_ui.py
[2024-09-18T12:00:25.588+0100] {processor.py:914} INFO - Processing file /Users/ds2718/Documents/test_python_airflow/airflow/py_venv/lib/python3.12/site-packages/airflow/example_dags/example_params_trigger_ui.py for tasks to queue
[2024-09-18T12:00:25.588+0100] {logging_mixin.py:190} INFO - [2024-09-18T12:00:25.588+0100] {dagbag.py:587} INFO - Filling up the DagBag from /Users/ds2718/Documents/test_python_airflow/airflow/py_venv/lib/python3.12/site-packages/airflow/example_dags/example_params_trigger_ui.py
[2024-09-18T12:00:25.603+0100] {processor.py:925} INFO - DAG(s) 'example_params_trigger_ui' retrieved from /Users/ds2718/Documents/test_python_airflow/airflow/py_venv/lib/python3.12/site-packages/airflow/example_dags/example_params_trigger_ui.py
[2024-09-18T12:00:25.650+0100] {logging_mixin.py:190} INFO - [2024-09-18T12:00:25.650+0100] {dag.py:3229} INFO - Sync 1 DAGs
[2024-09-18T12:00:25.685+0100] {logging_mixin.py:190} INFO - [2024-09-18T12:00:25.685+0100] {dag.py:4156} INFO - Setting next_dagrun for example_params_trigger_ui to None, run_after=None
[2024-09-18T12:00:25.700+0100] {processor.py:208} INFO - Processing /Users/ds2718/Documents/test_python_airflow/airflow/py_venv/lib/python3.12/site-packages/airflow/example_dags/example_params_trigger_ui.py took 0.114 seconds
[2024-09-18T12:00:59.282+0100] {processor.py:186} INFO - Started process (PID=11687) to work on /Users/ds2718/Documents/test_python_airflow/airflow/py_venv/lib/python3.12/site-packages/airflow/example_dags/example_params_trigger_ui.py
[2024-09-18T12:00:59.283+0100] {processor.py:914} INFO - Processing file /Users/ds2718/Documents/test_python_airflow/airflow/py_venv/lib/python3.12/site-packages/airflow/example_dags/example_params_trigger_ui.py for tasks to queue
[2024-09-18T12:00:59.284+0100] {logging_mixin.py:190} INFO - [2024-09-18T12:00:59.284+0100] {dagbag.py:587} INFO - Filling up the DagBag from /Users/ds2718/Documents/test_python_airflow/airflow/py_venv/lib/python3.12/site-packages/airflow/example_dags/example_params_trigger_ui.py
[2024-09-18T12:00:59.306+0100] {processor.py:925} INFO - DAG(s) 'example_params_trigger_ui' retrieved from /Users/ds2718/Documents/test_python_airflow/airflow/py_venv/lib/python3.12/site-packages/airflow/example_dags/example_params_trigger_ui.py
[2024-09-18T12:00:59.363+0100] {logging_mixin.py:190} INFO - [2024-09-18T12:00:59.363+0100] {dag.py:3229} INFO - Sync 1 DAGs
[2024-09-18T12:00:59.391+0100] {logging_mixin.py:190} INFO - [2024-09-18T12:00:59.391+0100] {dag.py:4156} INFO - Setting next_dagrun for example_params_trigger_ui to None, run_after=None
[2024-09-18T12:00:59.405+0100] {processor.py:208} INFO - Processing /Users/ds2718/Documents/test_python_airflow/airflow/py_venv/lib/python3.12/site-packages/airflow/example_dags/example_params_trigger_ui.py took 0.130 seconds
[2024-09-18T12:06:14.058+0100] {processor.py:186} INFO - Started process (PID=11910) to work on /Users/ds2718/Documents/test_python_airflow/airflow/py_venv/lib/python3.12/site-packages/airflow/example_dags/example_params_trigger_ui.py
[2024-09-18T12:06:14.059+0100] {processor.py:914} INFO - Processing file /Users/ds2718/Documents/test_python_airflow/airflow/py_venv/lib/python3.12/site-packages/airflow/example_dags/example_params_trigger_ui.py for tasks to queue
[2024-09-18T12:06:14.059+0100] {logging_mixin.py:190} INFO - [2024-09-18T12:06:14.059+0100] {dagbag.py:587} INFO - Filling up the DagBag from /Users/ds2718/Documents/test_python_airflow/airflow/py_venv/lib/python3.12/site-packages/airflow/example_dags/example_params_trigger_ui.py
[2024-09-18T12:06:14.078+0100] {processor.py:925} INFO - DAG(s) 'example_params_trigger_ui' retrieved from /Users/ds2718/Documents/test_python_airflow/airflow/py_venv/lib/python3.12/site-packages/airflow/example_dags/example_params_trigger_ui.py
[2024-09-18T12:06:14.125+0100] {logging_mixin.py:190} INFO - [2024-09-18T12:06:14.125+0100] {dag.py:3229} INFO - Sync 1 DAGs
[2024-09-18T12:06:14.151+0100] {logging_mixin.py:190} INFO - [2024-09-18T12:06:14.151+0100] {dag.py:4156} INFO - Setting next_dagrun for example_params_trigger_ui to None, run_after=None
[2024-09-18T12:06:14.171+0100] {processor.py:208} INFO - Processing /Users/ds2718/Documents/test_python_airflow/airflow/py_venv/lib/python3.12/site-packages/airflow/example_dags/example_params_trigger_ui.py took 0.118 seconds
[2024-09-18T12:06:47.155+0100] {processor.py:186} INFO - Started process (PID=12084) to work on /Users/ds2718/Documents/test_python_airflow/airflow/py_venv/lib/python3.12/site-packages/airflow/example_dags/example_params_trigger_ui.py
[2024-09-18T12:06:47.156+0100] {processor.py:914} INFO - Processing file /Users/ds2718/Documents/test_python_airflow/airflow/py_venv/lib/python3.12/site-packages/airflow/example_dags/example_params_trigger_ui.py for tasks to queue
[2024-09-18T12:06:47.156+0100] {logging_mixin.py:190} INFO - [2024-09-18T12:06:47.156+0100] {dagbag.py:587} INFO - Filling up the DagBag from /Users/ds2718/Documents/test_python_airflow/airflow/py_venv/lib/python3.12/site-packages/airflow/example_dags/example_params_trigger_ui.py
[2024-09-18T12:06:47.179+0100] {processor.py:925} INFO - DAG(s) 'example_params_trigger_ui' retrieved from /Users/ds2718/Documents/test_python_airflow/airflow/py_venv/lib/python3.12/site-packages/airflow/example_dags/example_params_trigger_ui.py
[2024-09-18T12:06:47.229+0100] {logging_mixin.py:190} INFO - [2024-09-18T12:06:47.228+0100] {dag.py:3229} INFO - Sync 1 DAGs
[2024-09-18T12:06:47.262+0100] {logging_mixin.py:190} INFO - [2024-09-18T12:06:47.262+0100] {dag.py:4156} INFO - Setting next_dagrun for example_params_trigger_ui to None, run_after=None
[2024-09-18T12:06:47.290+0100] {processor.py:208} INFO - Processing /Users/ds2718/Documents/test_python_airflow/airflow/py_venv/lib/python3.12/site-packages/airflow/example_dags/example_params_trigger_ui.py took 0.144 seconds
[2024-09-18T12:07:21.544+0100] {processor.py:186} INFO - Started process (PID=12247) to work on /Users/ds2718/Documents/test_python_airflow/airflow/py_venv/lib/python3.12/site-packages/airflow/example_dags/example_params_trigger_ui.py
[2024-09-18T12:07:21.545+0100] {processor.py:914} INFO - Processing file /Users/ds2718/Documents/test_python_airflow/airflow/py_venv/lib/python3.12/site-packages/airflow/example_dags/example_params_trigger_ui.py for tasks to queue
[2024-09-18T12:07:21.545+0100] {logging_mixin.py:190} INFO - [2024-09-18T12:07:21.545+0100] {dagbag.py:587} INFO - Filling up the DagBag from /Users/ds2718/Documents/test_python_airflow/airflow/py_venv/lib/python3.12/site-packages/airflow/example_dags/example_params_trigger_ui.py
[2024-09-18T12:07:21.570+0100] {processor.py:925} INFO - DAG(s) 'example_params_trigger_ui' retrieved from /Users/ds2718/Documents/test_python_airflow/airflow/py_venv/lib/python3.12/site-packages/airflow/example_dags/example_params_trigger_ui.py
[2024-09-18T12:07:21.635+0100] {logging_mixin.py:190} INFO - [2024-09-18T12:07:21.635+0100] {dag.py:3229} INFO - Sync 1 DAGs
[2024-09-18T12:07:21.672+0100] {logging_mixin.py:190} INFO - [2024-09-18T12:07:21.672+0100] {dag.py:4156} INFO - Setting next_dagrun for example_params_trigger_ui to None, run_after=None
[2024-09-18T12:07:21.691+0100] {processor.py:208} INFO - Processing /Users/ds2718/Documents/test_python_airflow/airflow/py_venv/lib/python3.12/site-packages/airflow/example_dags/example_params_trigger_ui.py took 0.153 seconds
[2024-09-18T12:08:05.067+0100] {processor.py:186} INFO - Started process (PID=12436) to work on /Users/ds2718/Documents/test_python_airflow/airflow/py_venv/lib/python3.12/site-packages/airflow/example_dags/example_params_trigger_ui.py
[2024-09-18T12:08:05.069+0100] {processor.py:914} INFO - Processing file /Users/ds2718/Documents/test_python_airflow/airflow/py_venv/lib/python3.12/site-packages/airflow/example_dags/example_params_trigger_ui.py for tasks to queue
[2024-09-18T12:08:05.069+0100] {logging_mixin.py:190} INFO - [2024-09-18T12:08:05.069+0100] {dagbag.py:587} INFO - Filling up the DagBag from /Users/ds2718/Documents/test_python_airflow/airflow/py_venv/lib/python3.12/site-packages/airflow/example_dags/example_params_trigger_ui.py
[2024-09-18T12:08:05.092+0100] {processor.py:925} INFO - DAG(s) 'example_params_trigger_ui' retrieved from /Users/ds2718/Documents/test_python_airflow/airflow/py_venv/lib/python3.12/site-packages/airflow/example_dags/example_params_trigger_ui.py
[2024-09-18T12:08:05.151+0100] {logging_mixin.py:190} INFO - [2024-09-18T12:08:05.151+0100] {dag.py:3229} INFO - Sync 1 DAGs
[2024-09-18T12:08:05.197+0100] {logging_mixin.py:190} INFO - [2024-09-18T12:08:05.197+0100] {dag.py:4156} INFO - Setting next_dagrun for example_params_trigger_ui to None, run_after=None
[2024-09-18T12:08:05.213+0100] {processor.py:208} INFO - Processing /Users/ds2718/Documents/test_python_airflow/airflow/py_venv/lib/python3.12/site-packages/airflow/example_dags/example_params_trigger_ui.py took 0.155 seconds
[2024-09-18T12:08:41.745+0100] {processor.py:186} INFO - Started process (PID=12635) to work on /Users/ds2718/Documents/test_python_airflow/airflow/py_venv/lib/python3.12/site-packages/airflow/example_dags/example_params_trigger_ui.py
[2024-09-18T12:08:41.746+0100] {processor.py:914} INFO - Processing file /Users/ds2718/Documents/test_python_airflow/airflow/py_venv/lib/python3.12/site-packages/airflow/example_dags/example_params_trigger_ui.py for tasks to queue
[2024-09-18T12:08:41.746+0100] {logging_mixin.py:190} INFO - [2024-09-18T12:08:41.746+0100] {dagbag.py:587} INFO - Filling up the DagBag from /Users/ds2718/Documents/test_python_airflow/airflow/py_venv/lib/python3.12/site-packages/airflow/example_dags/example_params_trigger_ui.py
[2024-09-18T12:08:41.767+0100] {processor.py:925} INFO - DAG(s) 'example_params_trigger_ui' retrieved from /Users/ds2718/Documents/test_python_airflow/airflow/py_venv/lib/python3.12/site-packages/airflow/example_dags/example_params_trigger_ui.py
[2024-09-18T12:08:41.828+0100] {logging_mixin.py:190} INFO - [2024-09-18T12:08:41.827+0100] {dag.py:3229} INFO - Sync 1 DAGs
[2024-09-18T12:08:41.872+0100] {logging_mixin.py:190} INFO - [2024-09-18T12:08:41.872+0100] {dag.py:4156} INFO - Setting next_dagrun for example_params_trigger_ui to None, run_after=None
[2024-09-18T12:08:41.934+0100] {processor.py:208} INFO - Processing /Users/ds2718/Documents/test_python_airflow/airflow/py_venv/lib/python3.12/site-packages/airflow/example_dags/example_params_trigger_ui.py took 0.197 seconds
[2024-09-18T12:09:15.930+0100] {processor.py:186} INFO - Started process (PID=12786) to work on /Users/ds2718/Documents/test_python_airflow/airflow/py_venv/lib/python3.12/site-packages/airflow/example_dags/example_params_trigger_ui.py
[2024-09-18T12:09:15.931+0100] {processor.py:914} INFO - Processing file /Users/ds2718/Documents/test_python_airflow/airflow/py_venv/lib/python3.12/site-packages/airflow/example_dags/example_params_trigger_ui.py for tasks to queue
[2024-09-18T12:09:15.931+0100] {logging_mixin.py:190} INFO - [2024-09-18T12:09:15.931+0100] {dagbag.py:587} INFO - Filling up the DagBag from /Users/ds2718/Documents/test_python_airflow/airflow/py_venv/lib/python3.12/site-packages/airflow/example_dags/example_params_trigger_ui.py
[2024-09-18T12:09:15.949+0100] {processor.py:925} INFO - DAG(s) 'example_params_trigger_ui' retrieved from /Users/ds2718/Documents/test_python_airflow/airflow/py_venv/lib/python3.12/site-packages/airflow/example_dags/example_params_trigger_ui.py
[2024-09-18T12:09:16.006+0100] {logging_mixin.py:190} INFO - [2024-09-18T12:09:16.006+0100] {dag.py:3229} INFO - Sync 1 DAGs
[2024-09-18T12:09:16.036+0100] {logging_mixin.py:190} INFO - [2024-09-18T12:09:16.036+0100] {dag.py:4156} INFO - Setting next_dagrun for example_params_trigger_ui to None, run_after=None
[2024-09-18T12:09:16.049+0100] {processor.py:208} INFO - Processing /Users/ds2718/Documents/test_python_airflow/airflow/py_venv/lib/python3.12/site-packages/airflow/example_dags/example_params_trigger_ui.py took 0.121 seconds
[2024-09-18T12:09:48.065+0100] {processor.py:186} INFO - Started process (PID=12983) to work on /Users/ds2718/Documents/test_python_airflow/airflow/py_venv/lib/python3.12/site-packages/airflow/example_dags/example_params_trigger_ui.py
[2024-09-18T12:09:48.067+0100] {processor.py:914} INFO - Processing file /Users/ds2718/Documents/test_python_airflow/airflow/py_venv/lib/python3.12/site-packages/airflow/example_dags/example_params_trigger_ui.py for tasks to queue
[2024-09-18T12:09:48.068+0100] {logging_mixin.py:190} INFO - [2024-09-18T12:09:48.067+0100] {dagbag.py:587} INFO - Filling up the DagBag from /Users/ds2718/Documents/test_python_airflow/airflow/py_venv/lib/python3.12/site-packages/airflow/example_dags/example_params_trigger_ui.py
[2024-09-18T12:09:48.085+0100] {processor.py:925} INFO - DAG(s) 'example_params_trigger_ui' retrieved from /Users/ds2718/Documents/test_python_airflow/airflow/py_venv/lib/python3.12/site-packages/airflow/example_dags/example_params_trigger_ui.py
[2024-09-18T12:09:48.140+0100] {logging_mixin.py:190} INFO - [2024-09-18T12:09:48.140+0100] {dag.py:3229} INFO - Sync 1 DAGs
[2024-09-18T12:09:48.169+0100] {logging_mixin.py:190} INFO - [2024-09-18T12:09:48.169+0100] {dag.py:4156} INFO - Setting next_dagrun for example_params_trigger_ui to None, run_after=None
[2024-09-18T12:09:48.177+0100] {processor.py:208} INFO - Processing /Users/ds2718/Documents/test_python_airflow/airflow/py_venv/lib/python3.12/site-packages/airflow/example_dags/example_params_trigger_ui.py took 0.114 seconds
[2024-09-18T12:10:19.533+0100] {processor.py:186} INFO - Started process (PID=13108) to work on /Users/ds2718/Documents/test_python_airflow/airflow/py_venv/lib/python3.12/site-packages/airflow/example_dags/example_params_trigger_ui.py
[2024-09-18T12:10:19.534+0100] {processor.py:914} INFO - Processing file /Users/ds2718/Documents/test_python_airflow/airflow/py_venv/lib/python3.12/site-packages/airflow/example_dags/example_params_trigger_ui.py for tasks to queue
[2024-09-18T12:10:19.534+0100] {logging_mixin.py:190} INFO - [2024-09-18T12:10:19.534+0100] {dagbag.py:587} INFO - Filling up the DagBag from /Users/ds2718/Documents/test_python_airflow/airflow/py_venv/lib/python3.12/site-packages/airflow/example_dags/example_params_trigger_ui.py
[2024-09-18T12:10:19.558+0100] {processor.py:925} INFO - DAG(s) 'example_params_trigger_ui' retrieved from /Users/ds2718/Documents/test_python_airflow/airflow/py_venv/lib/python3.12/site-packages/airflow/example_dags/example_params_trigger_ui.py
[2024-09-18T12:10:19.613+0100] {logging_mixin.py:190} INFO - [2024-09-18T12:10:19.612+0100] {dag.py:3229} INFO - Sync 1 DAGs
[2024-09-18T12:10:19.650+0100] {logging_mixin.py:190} INFO - [2024-09-18T12:10:19.649+0100] {dag.py:4156} INFO - Setting next_dagrun for example_params_trigger_ui to None, run_after=None
[2024-09-18T12:10:19.673+0100] {processor.py:208} INFO - Processing /Users/ds2718/Documents/test_python_airflow/airflow/py_venv/lib/python3.12/site-packages/airflow/example_dags/example_params_trigger_ui.py took 0.150 seconds
[2024-09-18T12:10:51.990+0100] {processor.py:186} INFO - Started process (PID=13275) to work on /Users/ds2718/Documents/test_python_airflow/airflow/py_venv/lib/python3.12/site-packages/airflow/example_dags/example_params_trigger_ui.py
[2024-09-18T12:10:51.991+0100] {processor.py:914} INFO - Processing file /Users/ds2718/Documents/test_python_airflow/airflow/py_venv/lib/python3.12/site-packages/airflow/example_dags/example_params_trigger_ui.py for tasks to queue
[2024-09-18T12:10:51.991+0100] {logging_mixin.py:190} INFO - [2024-09-18T12:10:51.991+0100] {dagbag.py:587} INFO - Filling up the DagBag from /Users/ds2718/Documents/test_python_airflow/airflow/py_venv/lib/python3.12/site-packages/airflow/example_dags/example_params_trigger_ui.py
[2024-09-18T12:10:52.012+0100] {processor.py:925} INFO - DAG(s) 'example_params_trigger_ui' retrieved from /Users/ds2718/Documents/test_python_airflow/airflow/py_venv/lib/python3.12/site-packages/airflow/example_dags/example_params_trigger_ui.py
[2024-09-18T12:10:52.062+0100] {logging_mixin.py:190} INFO - [2024-09-18T12:10:52.062+0100] {dag.py:3229} INFO - Sync 1 DAGs
[2024-09-18T12:10:52.094+0100] {logging_mixin.py:190} INFO - [2024-09-18T12:10:52.094+0100] {dag.py:4156} INFO - Setting next_dagrun for example_params_trigger_ui to None, run_after=None
[2024-09-18T12:10:52.121+0100] {processor.py:208} INFO - Processing /Users/ds2718/Documents/test_python_airflow/airflow/py_venv/lib/python3.12/site-packages/airflow/example_dags/example_params_trigger_ui.py took 0.142 seconds
[2024-09-18T12:11:24.584+0100] {processor.py:186} INFO - Started process (PID=13399) to work on /Users/ds2718/Documents/test_python_airflow/airflow/py_venv/lib/python3.12/site-packages/airflow/example_dags/example_params_trigger_ui.py
[2024-09-18T12:11:24.589+0100] {processor.py:914} INFO - Processing file /Users/ds2718/Documents/test_python_airflow/airflow/py_venv/lib/python3.12/site-packages/airflow/example_dags/example_params_trigger_ui.py for tasks to queue
[2024-09-18T12:11:24.589+0100] {logging_mixin.py:190} INFO - [2024-09-18T12:11:24.589+0100] {dagbag.py:587} INFO - Filling up the DagBag from /Users/ds2718/Documents/test_python_airflow/airflow/py_venv/lib/python3.12/site-packages/airflow/example_dags/example_params_trigger_ui.py
[2024-09-18T12:11:24.621+0100] {processor.py:925} INFO - DAG(s) 'example_params_trigger_ui' retrieved from /Users/ds2718/Documents/test_python_airflow/airflow/py_venv/lib/python3.12/site-packages/airflow/example_dags/example_params_trigger_ui.py
[2024-09-18T12:11:24.684+0100] {logging_mixin.py:190} INFO - [2024-09-18T12:11:24.684+0100] {dag.py:3229} INFO - Sync 1 DAGs
[2024-09-18T12:11:24.730+0100] {logging_mixin.py:190} INFO - [2024-09-18T12:11:24.730+0100] {dag.py:4156} INFO - Setting next_dagrun for example_params_trigger_ui to None, run_after=None
[2024-09-18T12:11:24.745+0100] {processor.py:208} INFO - Processing /Users/ds2718/Documents/test_python_airflow/airflow/py_venv/lib/python3.12/site-packages/airflow/example_dags/example_params_trigger_ui.py took 0.190 seconds
[2024-09-18T12:11:58.973+0100] {processor.py:186} INFO - Started process (PID=13581) to work on /Users/ds2718/Documents/test_python_airflow/airflow/py_venv/lib/python3.12/site-packages/airflow/example_dags/example_params_trigger_ui.py
[2024-09-18T12:11:58.974+0100] {processor.py:914} INFO - Processing file /Users/ds2718/Documents/test_python_airflow/airflow/py_venv/lib/python3.12/site-packages/airflow/example_dags/example_params_trigger_ui.py for tasks to queue
[2024-09-18T12:11:58.974+0100] {logging_mixin.py:190} INFO - [2024-09-18T12:11:58.974+0100] {dagbag.py:587} INFO - Filling up the DagBag from /Users/ds2718/Documents/test_python_airflow/airflow/py_venv/lib/python3.12/site-packages/airflow/example_dags/example_params_trigger_ui.py
[2024-09-18T12:11:58.995+0100] {processor.py:925} INFO - DAG(s) 'example_params_trigger_ui' retrieved from /Users/ds2718/Documents/test_python_airflow/airflow/py_venv/lib/python3.12/site-packages/airflow/example_dags/example_params_trigger_ui.py
[2024-09-18T12:11:59.043+0100] {logging_mixin.py:190} INFO - [2024-09-18T12:11:59.043+0100] {dag.py:3229} INFO - Sync 1 DAGs
[2024-09-18T12:11:59.073+0100] {logging_mixin.py:190} INFO - [2024-09-18T12:11:59.073+0100] {dag.py:4156} INFO - Setting next_dagrun for example_params_trigger_ui to None, run_after=None
[2024-09-18T12:11:59.088+0100] {processor.py:208} INFO - Processing /Users/ds2718/Documents/test_python_airflow/airflow/py_venv/lib/python3.12/site-packages/airflow/example_dags/example_params_trigger_ui.py took 0.121 seconds
[2024-09-18T12:12:31.956+0100] {processor.py:186} INFO - Started process (PID=13707) to work on /Users/ds2718/Documents/test_python_airflow/airflow/py_venv/lib/python3.12/site-packages/airflow/example_dags/example_params_trigger_ui.py
[2024-09-18T12:12:31.957+0100] {processor.py:914} INFO - Processing file /Users/ds2718/Documents/test_python_airflow/airflow/py_venv/lib/python3.12/site-packages/airflow/example_dags/example_params_trigger_ui.py for tasks to queue
[2024-09-18T12:12:31.957+0100] {logging_mixin.py:190} INFO - [2024-09-18T12:12:31.957+0100] {dagbag.py:587} INFO - Filling up the DagBag from /Users/ds2718/Documents/test_python_airflow/airflow/py_venv/lib/python3.12/site-packages/airflow/example_dags/example_params_trigger_ui.py
[2024-09-18T12:12:31.974+0100] {processor.py:925} INFO - DAG(s) 'example_params_trigger_ui' retrieved from /Users/ds2718/Documents/test_python_airflow/airflow/py_venv/lib/python3.12/site-packages/airflow/example_dags/example_params_trigger_ui.py
[2024-09-18T12:12:32.021+0100] {logging_mixin.py:190} INFO - [2024-09-18T12:12:32.020+0100] {dag.py:3229} INFO - Sync 1 DAGs
[2024-09-18T12:12:32.049+0100] {logging_mixin.py:190} INFO - [2024-09-18T12:12:32.049+0100] {dag.py:4156} INFO - Setting next_dagrun for example_params_trigger_ui to None, run_after=None
[2024-09-18T12:12:32.058+0100] {processor.py:208} INFO - Processing /Users/ds2718/Documents/test_python_airflow/airflow/py_venv/lib/python3.12/site-packages/airflow/example_dags/example_params_trigger_ui.py took 0.109 seconds
[2024-09-18T12:13:06.024+0100] {processor.py:186} INFO - Started process (PID=13908) to work on /Users/ds2718/Documents/test_python_airflow/airflow/py_venv/lib/python3.12/site-packages/airflow/example_dags/example_params_trigger_ui.py
[2024-09-18T12:13:06.025+0100] {processor.py:914} INFO - Processing file /Users/ds2718/Documents/test_python_airflow/airflow/py_venv/lib/python3.12/site-packages/airflow/example_dags/example_params_trigger_ui.py for tasks to queue
[2024-09-18T12:13:06.026+0100] {logging_mixin.py:190} INFO - [2024-09-18T12:13:06.025+0100] {dagbag.py:587} INFO - Filling up the DagBag from /Users/ds2718/Documents/test_python_airflow/airflow/py_venv/lib/python3.12/site-packages/airflow/example_dags/example_params_trigger_ui.py
[2024-09-18T12:13:06.062+0100] {processor.py:925} INFO - DAG(s) 'example_params_trigger_ui' retrieved from /Users/ds2718/Documents/test_python_airflow/airflow/py_venv/lib/python3.12/site-packages/airflow/example_dags/example_params_trigger_ui.py
[2024-09-18T12:13:06.110+0100] {logging_mixin.py:190} INFO - [2024-09-18T12:13:06.109+0100] {dag.py:3229} INFO - Sync 1 DAGs
[2024-09-18T12:13:06.146+0100] {logging_mixin.py:190} INFO - [2024-09-18T12:13:06.146+0100] {dag.py:4156} INFO - Setting next_dagrun for example_params_trigger_ui to None, run_after=None
[2024-09-18T12:13:06.162+0100] {processor.py:208} INFO - Processing /Users/ds2718/Documents/test_python_airflow/airflow/py_venv/lib/python3.12/site-packages/airflow/example_dags/example_params_trigger_ui.py took 0.148 seconds
[2024-09-18T12:13:39.895+0100] {processor.py:186} INFO - Started process (PID=14042) to work on /Users/ds2718/Documents/test_python_airflow/airflow/py_venv/lib/python3.12/site-packages/airflow/example_dags/example_params_trigger_ui.py
[2024-09-18T12:13:39.896+0100] {processor.py:914} INFO - Processing file /Users/ds2718/Documents/test_python_airflow/airflow/py_venv/lib/python3.12/site-packages/airflow/example_dags/example_params_trigger_ui.py for tasks to queue
[2024-09-18T12:13:39.896+0100] {logging_mixin.py:190} INFO - [2024-09-18T12:13:39.896+0100] {dagbag.py:587} INFO - Filling up the DagBag from /Users/ds2718/Documents/test_python_airflow/airflow/py_venv/lib/python3.12/site-packages/airflow/example_dags/example_params_trigger_ui.py
[2024-09-18T12:13:39.920+0100] {processor.py:925} INFO - DAG(s) 'example_params_trigger_ui' retrieved from /Users/ds2718/Documents/test_python_airflow/airflow/py_venv/lib/python3.12/site-packages/airflow/example_dags/example_params_trigger_ui.py
[2024-09-18T12:13:39.969+0100] {logging_mixin.py:190} INFO - [2024-09-18T12:13:39.969+0100] {dag.py:3229} INFO - Sync 1 DAGs
[2024-09-18T12:13:40.003+0100] {logging_mixin.py:190} INFO - [2024-09-18T12:13:40.003+0100] {dag.py:4156} INFO - Setting next_dagrun for example_params_trigger_ui to None, run_after=None
[2024-09-18T12:13:40.020+0100] {processor.py:208} INFO - Processing /Users/ds2718/Documents/test_python_airflow/airflow/py_venv/lib/python3.12/site-packages/airflow/example_dags/example_params_trigger_ui.py took 0.131 seconds
