[2024-09-18T11:54:15.931+0100] {processor.py:186} INFO - Started process (PID=9494) to work on /Users/ds2718/Documents/test_python_airflow/airflow/py_venv/lib/python3.12/site-packages/airflow/example_dags/example_latest_only_with_trigger.py
[2024-09-18T11:54:15.932+0100] {processor.py:914} INFO - Processing file /Users/ds2718/Documents/test_python_airflow/airflow/py_venv/lib/python3.12/site-packages/airflow/example_dags/example_latest_only_with_trigger.py for tasks to queue
[2024-09-18T11:54:15.932+0100] {logging_mixin.py:190} INFO - [2024-09-18T11:54:15.932+0100] {dagbag.py:587} INFO - Filling up the DagBag from /Users/ds2718/Documents/test_python_airflow/airflow/py_venv/lib/python3.12/site-packages/airflow/example_dags/example_latest_only_with_trigger.py
[2024-09-18T11:54:15.936+0100] {processor.py:925} INFO - DAG(s) 'latest_only_with_trigger' retrieved from /Users/ds2718/Documents/test_python_airflow/airflow/py_venv/lib/python3.12/site-packages/airflow/example_dags/example_latest_only_with_trigger.py
[2024-09-18T11:54:16.067+0100] {logging_mixin.py:190} INFO - [2024-09-18T11:54:16.067+0100] {override.py:1900} INFO - Created Permission View: can edit on DAG:latest_only_with_trigger
[2024-09-18T11:54:16.071+0100] {logging_mixin.py:190} INFO - [2024-09-18T11:54:16.071+0100] {override.py:1900} INFO - Created Permission View: can delete on DAG:latest_only_with_trigger
[2024-09-18T11:54:16.074+0100] {logging_mixin.py:190} INFO - [2024-09-18T11:54:16.074+0100] {override.py:1900} INFO - Created Permission View: can read on DAG:latest_only_with_trigger
[2024-09-18T11:54:16.077+0100] {logging_mixin.py:190} INFO - [2024-09-18T11:54:16.077+0100] {override.py:1900} INFO - Created Permission View: menu access on DAG Run:latest_only_with_trigger
[2024-09-18T11:54:16.079+0100] {logging_mixin.py:190} INFO - [2024-09-18T11:54:16.079+0100] {override.py:1900} INFO - Created Permission View: can delete on DAG Run:latest_only_with_trigger
[2024-09-18T11:54:16.082+0100] {logging_mixin.py:190} INFO - [2024-09-18T11:54:16.081+0100] {override.py:1900} INFO - Created Permission View: can create on DAG Run:latest_only_with_trigger
[2024-09-18T11:54:16.084+0100] {logging_mixin.py:190} INFO - [2024-09-18T11:54:16.084+0100] {override.py:1900} INFO - Created Permission View: can read on DAG Run:latest_only_with_trigger
[2024-09-18T11:54:16.084+0100] {logging_mixin.py:190} INFO - [2024-09-18T11:54:16.084+0100] {dag.py:3229} INFO - Sync 1 DAGs
[2024-09-18T11:54:16.090+0100] {logging_mixin.py:190} INFO - [2024-09-18T11:54:16.090+0100] {dag.py:3252} INFO - Creating ORM DAG for latest_only_with_trigger
[2024-09-18T11:54:16.094+0100] {logging_mixin.py:190} INFO - [2024-09-18T11:54:16.094+0100] {dag.py:4156} INFO - Setting next_dagrun for latest_only_with_trigger to 2024-09-18 04:00:00+00:00, run_after=2024-09-18 08:00:00+00:00
[2024-09-18T11:54:16.103+0100] {processor.py:208} INFO - Processing /Users/ds2718/Documents/test_python_airflow/airflow/py_venv/lib/python3.12/site-packages/airflow/example_dags/example_latest_only_with_trigger.py took 0.177 seconds
[2024-09-18T11:54:50.681+0100] {processor.py:186} INFO - Started process (PID=9696) to work on /Users/ds2718/Documents/test_python_airflow/airflow/py_venv/lib/python3.12/site-packages/airflow/example_dags/example_latest_only_with_trigger.py
[2024-09-18T11:54:50.682+0100] {processor.py:914} INFO - Processing file /Users/ds2718/Documents/test_python_airflow/airflow/py_venv/lib/python3.12/site-packages/airflow/example_dags/example_latest_only_with_trigger.py for tasks to queue
[2024-09-18T11:54:50.682+0100] {logging_mixin.py:190} INFO - [2024-09-18T11:54:50.682+0100] {dagbag.py:587} INFO - Filling up the DagBag from /Users/ds2718/Documents/test_python_airflow/airflow/py_venv/lib/python3.12/site-packages/airflow/example_dags/example_latest_only_with_trigger.py
[2024-09-18T11:54:50.688+0100] {processor.py:925} INFO - DAG(s) 'latest_only_with_trigger' retrieved from /Users/ds2718/Documents/test_python_airflow/airflow/py_venv/lib/python3.12/site-packages/airflow/example_dags/example_latest_only_with_trigger.py
[2024-09-18T11:54:50.733+0100] {logging_mixin.py:190} INFO - [2024-09-18T11:54:50.733+0100] {dag.py:3229} INFO - Sync 1 DAGs
[2024-09-18T11:54:50.743+0100] {logging_mixin.py:190} INFO - [2024-09-18T11:54:50.743+0100] {dag.py:4156} INFO - Setting next_dagrun for latest_only_with_trigger to 2024-09-18 04:00:00+00:00, run_after=2024-09-18 08:00:00+00:00
[2024-09-18T11:54:50.759+0100] {processor.py:208} INFO - Processing /Users/ds2718/Documents/test_python_airflow/airflow/py_venv/lib/python3.12/site-packages/airflow/example_dags/example_latest_only_with_trigger.py took 0.081 seconds
[2024-09-18T11:55:25.196+0100] {processor.py:186} INFO - Started process (PID=9875) to work on /Users/ds2718/Documents/test_python_airflow/airflow/py_venv/lib/python3.12/site-packages/airflow/example_dags/example_latest_only_with_trigger.py
[2024-09-18T11:55:25.196+0100] {processor.py:914} INFO - Processing file /Users/ds2718/Documents/test_python_airflow/airflow/py_venv/lib/python3.12/site-packages/airflow/example_dags/example_latest_only_with_trigger.py for tasks to queue
[2024-09-18T11:55:25.197+0100] {logging_mixin.py:190} INFO - [2024-09-18T11:55:25.197+0100] {dagbag.py:587} INFO - Filling up the DagBag from /Users/ds2718/Documents/test_python_airflow/airflow/py_venv/lib/python3.12/site-packages/airflow/example_dags/example_latest_only_with_trigger.py
[2024-09-18T11:55:25.202+0100] {processor.py:925} INFO - DAG(s) 'latest_only_with_trigger' retrieved from /Users/ds2718/Documents/test_python_airflow/airflow/py_venv/lib/python3.12/site-packages/airflow/example_dags/example_latest_only_with_trigger.py
[2024-09-18T11:55:25.245+0100] {logging_mixin.py:190} INFO - [2024-09-18T11:55:25.245+0100] {dag.py:3229} INFO - Sync 1 DAGs
[2024-09-18T11:55:25.255+0100] {logging_mixin.py:190} INFO - [2024-09-18T11:55:25.255+0100] {dag.py:4156} INFO - Setting next_dagrun for latest_only_with_trigger to 2024-09-18 04:00:00+00:00, run_after=2024-09-18 08:00:00+00:00
[2024-09-18T11:55:25.270+0100] {processor.py:208} INFO - Processing /Users/ds2718/Documents/test_python_airflow/airflow/py_venv/lib/python3.12/site-packages/airflow/example_dags/example_latest_only_with_trigger.py took 0.079 seconds
[2024-09-18T11:55:58.027+0100] {processor.py:186} INFO - Started process (PID=10052) to work on /Users/ds2718/Documents/test_python_airflow/airflow/py_venv/lib/python3.12/site-packages/airflow/example_dags/example_latest_only_with_trigger.py
[2024-09-18T11:55:58.039+0100] {processor.py:914} INFO - Processing file /Users/ds2718/Documents/test_python_airflow/airflow/py_venv/lib/python3.12/site-packages/airflow/example_dags/example_latest_only_with_trigger.py for tasks to queue
[2024-09-18T11:55:58.040+0100] {logging_mixin.py:190} INFO - [2024-09-18T11:55:58.040+0100] {dagbag.py:587} INFO - Filling up the DagBag from /Users/ds2718/Documents/test_python_airflow/airflow/py_venv/lib/python3.12/site-packages/airflow/example_dags/example_latest_only_with_trigger.py
[2024-09-18T11:55:58.047+0100] {processor.py:925} INFO - DAG(s) 'latest_only_with_trigger' retrieved from /Users/ds2718/Documents/test_python_airflow/airflow/py_venv/lib/python3.12/site-packages/airflow/example_dags/example_latest_only_with_trigger.py
[2024-09-18T11:55:58.121+0100] {logging_mixin.py:190} INFO - [2024-09-18T11:55:58.120+0100] {dag.py:3229} INFO - Sync 1 DAGs
[2024-09-18T11:55:58.144+0100] {logging_mixin.py:190} INFO - [2024-09-18T11:55:58.144+0100] {dag.py:4156} INFO - Setting next_dagrun for latest_only_with_trigger to 2024-09-18 04:00:00+00:00, run_after=2024-09-18 08:00:00+00:00
[2024-09-18T11:55:58.161+0100] {processor.py:208} INFO - Processing /Users/ds2718/Documents/test_python_airflow/airflow/py_venv/lib/python3.12/site-packages/airflow/example_dags/example_latest_only_with_trigger.py took 0.138 seconds
[2024-09-18T11:56:31.610+0100] {processor.py:186} INFO - Started process (PID=10182) to work on /Users/ds2718/Documents/test_python_airflow/airflow/py_venv/lib/python3.12/site-packages/airflow/example_dags/example_latest_only_with_trigger.py
[2024-09-18T11:56:31.611+0100] {processor.py:914} INFO - Processing file /Users/ds2718/Documents/test_python_airflow/airflow/py_venv/lib/python3.12/site-packages/airflow/example_dags/example_latest_only_with_trigger.py for tasks to queue
[2024-09-18T11:56:31.611+0100] {logging_mixin.py:190} INFO - [2024-09-18T11:56:31.611+0100] {dagbag.py:587} INFO - Filling up the DagBag from /Users/ds2718/Documents/test_python_airflow/airflow/py_venv/lib/python3.12/site-packages/airflow/example_dags/example_latest_only_with_trigger.py
[2024-09-18T11:56:31.617+0100] {processor.py:925} INFO - DAG(s) 'latest_only_with_trigger' retrieved from /Users/ds2718/Documents/test_python_airflow/airflow/py_venv/lib/python3.12/site-packages/airflow/example_dags/example_latest_only_with_trigger.py
[2024-09-18T11:56:31.659+0100] {logging_mixin.py:190} INFO - [2024-09-18T11:56:31.658+0100] {dag.py:3229} INFO - Sync 1 DAGs
[2024-09-18T11:56:31.668+0100] {logging_mixin.py:190} INFO - [2024-09-18T11:56:31.668+0100] {dag.py:4156} INFO - Setting next_dagrun for latest_only_with_trigger to 2024-09-18 04:00:00+00:00, run_after=2024-09-18 08:00:00+00:00
[2024-09-18T11:56:31.681+0100] {processor.py:208} INFO - Processing /Users/ds2718/Documents/test_python_airflow/airflow/py_venv/lib/python3.12/site-packages/airflow/example_dags/example_latest_only_with_trigger.py took 0.076 seconds
[2024-09-18T11:57:03.319+0100] {processor.py:186} INFO - Started process (PID=10353) to work on /Users/ds2718/Documents/test_python_airflow/airflow/py_venv/lib/python3.12/site-packages/airflow/example_dags/example_latest_only_with_trigger.py
[2024-09-18T11:57:03.320+0100] {processor.py:914} INFO - Processing file /Users/ds2718/Documents/test_python_airflow/airflow/py_venv/lib/python3.12/site-packages/airflow/example_dags/example_latest_only_with_trigger.py for tasks to queue
[2024-09-18T11:57:03.320+0100] {logging_mixin.py:190} INFO - [2024-09-18T11:57:03.320+0100] {dagbag.py:587} INFO - Filling up the DagBag from /Users/ds2718/Documents/test_python_airflow/airflow/py_venv/lib/python3.12/site-packages/airflow/example_dags/example_latest_only_with_trigger.py
[2024-09-18T11:57:03.330+0100] {processor.py:925} INFO - DAG(s) 'latest_only_with_trigger' retrieved from /Users/ds2718/Documents/test_python_airflow/airflow/py_venv/lib/python3.12/site-packages/airflow/example_dags/example_latest_only_with_trigger.py
[2024-09-18T11:57:03.380+0100] {logging_mixin.py:190} INFO - [2024-09-18T11:57:03.379+0100] {dag.py:3229} INFO - Sync 1 DAGs
[2024-09-18T11:57:03.394+0100] {logging_mixin.py:190} INFO - [2024-09-18T11:57:03.394+0100] {dag.py:4156} INFO - Setting next_dagrun for latest_only_with_trigger to 2024-09-18 04:00:00+00:00, run_after=2024-09-18 08:00:00+00:00
[2024-09-18T11:57:03.413+0100] {processor.py:208} INFO - Processing /Users/ds2718/Documents/test_python_airflow/airflow/py_venv/lib/python3.12/site-packages/airflow/example_dags/example_latest_only_with_trigger.py took 0.110 seconds
[2024-09-18T11:57:36.171+0100] {processor.py:186} INFO - Started process (PID=10519) to work on /Users/ds2718/Documents/test_python_airflow/airflow/py_venv/lib/python3.12/site-packages/airflow/example_dags/example_latest_only_with_trigger.py
[2024-09-18T11:57:36.172+0100] {processor.py:914} INFO - Processing file /Users/ds2718/Documents/test_python_airflow/airflow/py_venv/lib/python3.12/site-packages/airflow/example_dags/example_latest_only_with_trigger.py for tasks to queue
[2024-09-18T11:57:36.172+0100] {logging_mixin.py:190} INFO - [2024-09-18T11:57:36.172+0100] {dagbag.py:587} INFO - Filling up the DagBag from /Users/ds2718/Documents/test_python_airflow/airflow/py_venv/lib/python3.12/site-packages/airflow/example_dags/example_latest_only_with_trigger.py
[2024-09-18T11:57:36.179+0100] {processor.py:925} INFO - DAG(s) 'latest_only_with_trigger' retrieved from /Users/ds2718/Documents/test_python_airflow/airflow/py_venv/lib/python3.12/site-packages/airflow/example_dags/example_latest_only_with_trigger.py
[2024-09-18T11:57:36.221+0100] {logging_mixin.py:190} INFO - [2024-09-18T11:57:36.221+0100] {dag.py:3229} INFO - Sync 1 DAGs
[2024-09-18T11:57:36.230+0100] {logging_mixin.py:190} INFO - [2024-09-18T11:57:36.229+0100] {dag.py:4156} INFO - Setting next_dagrun for latest_only_with_trigger to 2024-09-18 04:00:00+00:00, run_after=2024-09-18 08:00:00+00:00
[2024-09-18T11:57:36.240+0100] {processor.py:208} INFO - Processing /Users/ds2718/Documents/test_python_airflow/airflow/py_venv/lib/python3.12/site-packages/airflow/example_dags/example_latest_only_with_trigger.py took 0.075 seconds
[2024-09-18T11:58:10.876+0100] {processor.py:186} INFO - Started process (PID=10727) to work on /Users/ds2718/Documents/test_python_airflow/airflow/py_venv/lib/python3.12/site-packages/airflow/example_dags/example_latest_only_with_trigger.py
[2024-09-18T11:58:10.879+0100] {processor.py:914} INFO - Processing file /Users/ds2718/Documents/test_python_airflow/airflow/py_venv/lib/python3.12/site-packages/airflow/example_dags/example_latest_only_with_trigger.py for tasks to queue
[2024-09-18T11:58:10.880+0100] {logging_mixin.py:190} INFO - [2024-09-18T11:58:10.880+0100] {dagbag.py:587} INFO - Filling up the DagBag from /Users/ds2718/Documents/test_python_airflow/airflow/py_venv/lib/python3.12/site-packages/airflow/example_dags/example_latest_only_with_trigger.py
[2024-09-18T11:58:10.885+0100] {processor.py:925} INFO - DAG(s) 'latest_only_with_trigger' retrieved from /Users/ds2718/Documents/test_python_airflow/airflow/py_venv/lib/python3.12/site-packages/airflow/example_dags/example_latest_only_with_trigger.py
[2024-09-18T11:58:10.945+0100] {logging_mixin.py:190} INFO - [2024-09-18T11:58:10.945+0100] {dag.py:3229} INFO - Sync 1 DAGs
[2024-09-18T11:58:10.956+0100] {logging_mixin.py:190} INFO - [2024-09-18T11:58:10.956+0100] {dag.py:4156} INFO - Setting next_dagrun for latest_only_with_trigger to 2024-09-18 04:00:00+00:00, run_after=2024-09-18 08:00:00+00:00
[2024-09-18T11:58:10.969+0100] {processor.py:208} INFO - Processing /Users/ds2718/Documents/test_python_airflow/airflow/py_venv/lib/python3.12/site-packages/airflow/example_dags/example_latest_only_with_trigger.py took 0.097 seconds
[2024-09-18T11:58:46.267+0100] {processor.py:186} INFO - Started process (PID=10897) to work on /Users/ds2718/Documents/test_python_airflow/airflow/py_venv/lib/python3.12/site-packages/airflow/example_dags/example_latest_only_with_trigger.py
[2024-09-18T11:58:46.271+0100] {processor.py:914} INFO - Processing file /Users/ds2718/Documents/test_python_airflow/airflow/py_venv/lib/python3.12/site-packages/airflow/example_dags/example_latest_only_with_trigger.py for tasks to queue
[2024-09-18T11:58:46.272+0100] {logging_mixin.py:190} INFO - [2024-09-18T11:58:46.272+0100] {dagbag.py:587} INFO - Filling up the DagBag from /Users/ds2718/Documents/test_python_airflow/airflow/py_venv/lib/python3.12/site-packages/airflow/example_dags/example_latest_only_with_trigger.py
[2024-09-18T11:58:46.278+0100] {processor.py:925} INFO - DAG(s) 'latest_only_with_trigger' retrieved from /Users/ds2718/Documents/test_python_airflow/airflow/py_venv/lib/python3.12/site-packages/airflow/example_dags/example_latest_only_with_trigger.py
[2024-09-18T11:58:46.323+0100] {logging_mixin.py:190} INFO - [2024-09-18T11:58:46.323+0100] {dag.py:3229} INFO - Sync 1 DAGs
[2024-09-18T11:58:46.335+0100] {logging_mixin.py:190} INFO - [2024-09-18T11:58:46.335+0100] {dag.py:4156} INFO - Setting next_dagrun for latest_only_with_trigger to 2024-09-18 04:00:00+00:00, run_after=2024-09-18 08:00:00+00:00
[2024-09-18T11:58:46.351+0100] {processor.py:208} INFO - Processing /Users/ds2718/Documents/test_python_airflow/airflow/py_venv/lib/python3.12/site-packages/airflow/example_dags/example_latest_only_with_trigger.py took 0.089 seconds
[2024-09-18T11:59:21.346+0100] {processor.py:186} INFO - Started process (PID=11111) to work on /Users/ds2718/Documents/test_python_airflow/airflow/py_venv/lib/python3.12/site-packages/airflow/example_dags/example_latest_only_with_trigger.py
[2024-09-18T11:59:21.347+0100] {processor.py:914} INFO - Processing file /Users/ds2718/Documents/test_python_airflow/airflow/py_venv/lib/python3.12/site-packages/airflow/example_dags/example_latest_only_with_trigger.py for tasks to queue
[2024-09-18T11:59:21.347+0100] {logging_mixin.py:190} INFO - [2024-09-18T11:59:21.347+0100] {dagbag.py:587} INFO - Filling up the DagBag from /Users/ds2718/Documents/test_python_airflow/airflow/py_venv/lib/python3.12/site-packages/airflow/example_dags/example_latest_only_with_trigger.py
[2024-09-18T11:59:21.356+0100] {processor.py:925} INFO - DAG(s) 'latest_only_with_trigger' retrieved from /Users/ds2718/Documents/test_python_airflow/airflow/py_venv/lib/python3.12/site-packages/airflow/example_dags/example_latest_only_with_trigger.py
[2024-09-18T11:59:21.401+0100] {logging_mixin.py:190} INFO - [2024-09-18T11:59:21.401+0100] {dag.py:3229} INFO - Sync 1 DAGs
[2024-09-18T11:59:21.415+0100] {logging_mixin.py:190} INFO - [2024-09-18T11:59:21.414+0100] {dag.py:4156} INFO - Setting next_dagrun for latest_only_with_trigger to 2024-09-18 04:00:00+00:00, run_after=2024-09-18 08:00:00+00:00
[2024-09-18T11:59:21.430+0100] {processor.py:208} INFO - Processing /Users/ds2718/Documents/test_python_airflow/airflow/py_venv/lib/python3.12/site-packages/airflow/example_dags/example_latest_only_with_trigger.py took 0.089 seconds
[2024-09-18T11:59:55.063+0100] {processor.py:186} INFO - Started process (PID=11285) to work on /Users/ds2718/Documents/test_python_airflow/airflow/py_venv/lib/python3.12/site-packages/airflow/example_dags/example_latest_only_with_trigger.py
[2024-09-18T11:59:55.064+0100] {processor.py:914} INFO - Processing file /Users/ds2718/Documents/test_python_airflow/airflow/py_venv/lib/python3.12/site-packages/airflow/example_dags/example_latest_only_with_trigger.py for tasks to queue
[2024-09-18T11:59:55.064+0100] {logging_mixin.py:190} INFO - [2024-09-18T11:59:55.064+0100] {dagbag.py:587} INFO - Filling up the DagBag from /Users/ds2718/Documents/test_python_airflow/airflow/py_venv/lib/python3.12/site-packages/airflow/example_dags/example_latest_only_with_trigger.py
[2024-09-18T11:59:55.071+0100] {processor.py:925} INFO - DAG(s) 'latest_only_with_trigger' retrieved from /Users/ds2718/Documents/test_python_airflow/airflow/py_venv/lib/python3.12/site-packages/airflow/example_dags/example_latest_only_with_trigger.py
[2024-09-18T11:59:55.119+0100] {logging_mixin.py:190} INFO - [2024-09-18T11:59:55.119+0100] {dag.py:3229} INFO - Sync 1 DAGs
[2024-09-18T11:59:55.133+0100] {logging_mixin.py:190} INFO - [2024-09-18T11:59:55.132+0100] {dag.py:4156} INFO - Setting next_dagrun for latest_only_with_trigger to 2024-09-18 04:00:00+00:00, run_after=2024-09-18 08:00:00+00:00
[2024-09-18T11:59:55.155+0100] {processor.py:208} INFO - Processing /Users/ds2718/Documents/test_python_airflow/airflow/py_venv/lib/python3.12/site-packages/airflow/example_dags/example_latest_only_with_trigger.py took 0.101 seconds
[2024-09-18T12:00:27.710+0100] {processor.py:186} INFO - Started process (PID=11492) to work on /Users/ds2718/Documents/test_python_airflow/airflow/py_venv/lib/python3.12/site-packages/airflow/example_dags/example_latest_only_with_trigger.py
[2024-09-18T12:00:27.712+0100] {processor.py:914} INFO - Processing file /Users/ds2718/Documents/test_python_airflow/airflow/py_venv/lib/python3.12/site-packages/airflow/example_dags/example_latest_only_with_trigger.py for tasks to queue
[2024-09-18T12:00:27.712+0100] {logging_mixin.py:190} INFO - [2024-09-18T12:00:27.712+0100] {dagbag.py:587} INFO - Filling up the DagBag from /Users/ds2718/Documents/test_python_airflow/airflow/py_venv/lib/python3.12/site-packages/airflow/example_dags/example_latest_only_with_trigger.py
[2024-09-18T12:00:27.718+0100] {processor.py:925} INFO - DAG(s) 'latest_only_with_trigger' retrieved from /Users/ds2718/Documents/test_python_airflow/airflow/py_venv/lib/python3.12/site-packages/airflow/example_dags/example_latest_only_with_trigger.py
[2024-09-18T12:00:27.761+0100] {logging_mixin.py:190} INFO - [2024-09-18T12:00:27.761+0100] {dag.py:3229} INFO - Sync 1 DAGs
[2024-09-18T12:00:27.773+0100] {logging_mixin.py:190} INFO - [2024-09-18T12:00:27.773+0100] {dag.py:4156} INFO - Setting next_dagrun for latest_only_with_trigger to 2024-09-18 04:00:00+00:00, run_after=2024-09-18 08:00:00+00:00
[2024-09-18T12:00:27.790+0100] {processor.py:208} INFO - Processing /Users/ds2718/Documents/test_python_airflow/airflow/py_venv/lib/python3.12/site-packages/airflow/example_dags/example_latest_only_with_trigger.py took 0.082 seconds
[2024-09-18T12:01:01.484+0100] {processor.py:186} INFO - Started process (PID=11695) to work on /Users/ds2718/Documents/test_python_airflow/airflow/py_venv/lib/python3.12/site-packages/airflow/example_dags/example_latest_only_with_trigger.py
[2024-09-18T12:01:01.484+0100] {processor.py:914} INFO - Processing file /Users/ds2718/Documents/test_python_airflow/airflow/py_venv/lib/python3.12/site-packages/airflow/example_dags/example_latest_only_with_trigger.py for tasks to queue
[2024-09-18T12:01:01.485+0100] {logging_mixin.py:190} INFO - [2024-09-18T12:01:01.485+0100] {dagbag.py:587} INFO - Filling up the DagBag from /Users/ds2718/Documents/test_python_airflow/airflow/py_venv/lib/python3.12/site-packages/airflow/example_dags/example_latest_only_with_trigger.py
[2024-09-18T12:01:01.491+0100] {processor.py:925} INFO - DAG(s) 'latest_only_with_trigger' retrieved from /Users/ds2718/Documents/test_python_airflow/airflow/py_venv/lib/python3.12/site-packages/airflow/example_dags/example_latest_only_with_trigger.py
[2024-09-18T12:01:01.537+0100] {logging_mixin.py:190} INFO - [2024-09-18T12:01:01.537+0100] {dag.py:3229} INFO - Sync 1 DAGs
[2024-09-18T12:01:01.559+0100] {logging_mixin.py:190} INFO - [2024-09-18T12:01:01.559+0100] {dag.py:4156} INFO - Setting next_dagrun for latest_only_with_trigger to 2024-09-18 04:00:00+00:00, run_after=2024-09-18 08:00:00+00:00
[2024-09-18T12:01:01.575+0100] {processor.py:208} INFO - Processing /Users/ds2718/Documents/test_python_airflow/airflow/py_venv/lib/python3.12/site-packages/airflow/example_dags/example_latest_only_with_trigger.py took 0.103 seconds
[2024-09-18T12:06:16.605+0100] {processor.py:186} INFO - Started process (PID=11921) to work on /Users/ds2718/Documents/test_python_airflow/airflow/py_venv/lib/python3.12/site-packages/airflow/example_dags/example_latest_only_with_trigger.py
[2024-09-18T12:06:16.606+0100] {processor.py:914} INFO - Processing file /Users/ds2718/Documents/test_python_airflow/airflow/py_venv/lib/python3.12/site-packages/airflow/example_dags/example_latest_only_with_trigger.py for tasks to queue
[2024-09-18T12:06:16.606+0100] {logging_mixin.py:190} INFO - [2024-09-18T12:06:16.606+0100] {dagbag.py:587} INFO - Filling up the DagBag from /Users/ds2718/Documents/test_python_airflow/airflow/py_venv/lib/python3.12/site-packages/airflow/example_dags/example_latest_only_with_trigger.py
[2024-09-18T12:06:16.614+0100] {processor.py:925} INFO - DAG(s) 'latest_only_with_trigger' retrieved from /Users/ds2718/Documents/test_python_airflow/airflow/py_venv/lib/python3.12/site-packages/airflow/example_dags/example_latest_only_with_trigger.py
[2024-09-18T12:06:16.653+0100] {logging_mixin.py:190} INFO - [2024-09-18T12:06:16.652+0100] {dag.py:3229} INFO - Sync 1 DAGs
[2024-09-18T12:06:16.663+0100] {logging_mixin.py:190} INFO - [2024-09-18T12:06:16.663+0100] {dag.py:4156} INFO - Setting next_dagrun for latest_only_with_trigger to 2024-09-18 04:00:00+00:00, run_after=2024-09-18 08:00:00+00:00
[2024-09-18T12:06:16.675+0100] {processor.py:208} INFO - Processing /Users/ds2718/Documents/test_python_airflow/airflow/py_venv/lib/python3.12/site-packages/airflow/example_dags/example_latest_only_with_trigger.py took 0.075 seconds
[2024-09-18T12:06:50.219+0100] {processor.py:186} INFO - Started process (PID=12094) to work on /Users/ds2718/Documents/test_python_airflow/airflow/py_venv/lib/python3.12/site-packages/airflow/example_dags/example_latest_only_with_trigger.py
[2024-09-18T12:06:50.220+0100] {processor.py:914} INFO - Processing file /Users/ds2718/Documents/test_python_airflow/airflow/py_venv/lib/python3.12/site-packages/airflow/example_dags/example_latest_only_with_trigger.py for tasks to queue
[2024-09-18T12:06:50.221+0100] {logging_mixin.py:190} INFO - [2024-09-18T12:06:50.221+0100] {dagbag.py:587} INFO - Filling up the DagBag from /Users/ds2718/Documents/test_python_airflow/airflow/py_venv/lib/python3.12/site-packages/airflow/example_dags/example_latest_only_with_trigger.py
[2024-09-18T12:06:50.228+0100] {processor.py:925} INFO - DAG(s) 'latest_only_with_trigger' retrieved from /Users/ds2718/Documents/test_python_airflow/airflow/py_venv/lib/python3.12/site-packages/airflow/example_dags/example_latest_only_with_trigger.py
[2024-09-18T12:06:50.287+0100] {logging_mixin.py:190} INFO - [2024-09-18T12:06:50.287+0100] {dag.py:3229} INFO - Sync 1 DAGs
[2024-09-18T12:06:50.301+0100] {logging_mixin.py:190} INFO - [2024-09-18T12:06:50.301+0100] {dag.py:4156} INFO - Setting next_dagrun for latest_only_with_trigger to 2024-09-18 04:00:00+00:00, run_after=2024-09-18 08:00:00+00:00
[2024-09-18T12:06:50.316+0100] {processor.py:208} INFO - Processing /Users/ds2718/Documents/test_python_airflow/airflow/py_venv/lib/python3.12/site-packages/airflow/example_dags/example_latest_only_with_trigger.py took 0.111 seconds
[2024-09-18T12:07:24.591+0100] {processor.py:186} INFO - Started process (PID=12265) to work on /Users/ds2718/Documents/test_python_airflow/airflow/py_venv/lib/python3.12/site-packages/airflow/example_dags/example_latest_only_with_trigger.py
[2024-09-18T12:07:24.592+0100] {processor.py:914} INFO - Processing file /Users/ds2718/Documents/test_python_airflow/airflow/py_venv/lib/python3.12/site-packages/airflow/example_dags/example_latest_only_with_trigger.py for tasks to queue
[2024-09-18T12:07:24.592+0100] {logging_mixin.py:190} INFO - [2024-09-18T12:07:24.592+0100] {dagbag.py:587} INFO - Filling up the DagBag from /Users/ds2718/Documents/test_python_airflow/airflow/py_venv/lib/python3.12/site-packages/airflow/example_dags/example_latest_only_with_trigger.py
[2024-09-18T12:07:24.596+0100] {processor.py:925} INFO - DAG(s) 'latest_only_with_trigger' retrieved from /Users/ds2718/Documents/test_python_airflow/airflow/py_venv/lib/python3.12/site-packages/airflow/example_dags/example_latest_only_with_trigger.py
[2024-09-18T12:07:24.638+0100] {logging_mixin.py:190} INFO - [2024-09-18T12:07:24.638+0100] {dag.py:3229} INFO - Sync 1 DAGs
[2024-09-18T12:07:24.649+0100] {logging_mixin.py:190} INFO - [2024-09-18T12:07:24.648+0100] {dag.py:4156} INFO - Setting next_dagrun for latest_only_with_trigger to 2024-09-18 04:00:00+00:00, run_after=2024-09-18 08:00:00+00:00
[2024-09-18T12:07:24.661+0100] {processor.py:208} INFO - Processing /Users/ds2718/Documents/test_python_airflow/airflow/py_venv/lib/python3.12/site-packages/airflow/example_dags/example_latest_only_with_trigger.py took 0.073 seconds
[2024-09-18T12:08:08.377+0100] {processor.py:186} INFO - Started process (PID=12448) to work on /Users/ds2718/Documents/test_python_airflow/airflow/py_venv/lib/python3.12/site-packages/airflow/example_dags/example_latest_only_with_trigger.py
[2024-09-18T12:08:08.378+0100] {processor.py:914} INFO - Processing file /Users/ds2718/Documents/test_python_airflow/airflow/py_venv/lib/python3.12/site-packages/airflow/example_dags/example_latest_only_with_trigger.py for tasks to queue
[2024-09-18T12:08:08.378+0100] {logging_mixin.py:190} INFO - [2024-09-18T12:08:08.378+0100] {dagbag.py:587} INFO - Filling up the DagBag from /Users/ds2718/Documents/test_python_airflow/airflow/py_venv/lib/python3.12/site-packages/airflow/example_dags/example_latest_only_with_trigger.py
[2024-09-18T12:08:08.388+0100] {processor.py:925} INFO - DAG(s) 'latest_only_with_trigger' retrieved from /Users/ds2718/Documents/test_python_airflow/airflow/py_venv/lib/python3.12/site-packages/airflow/example_dags/example_latest_only_with_trigger.py
[2024-09-18T12:08:08.454+0100] {logging_mixin.py:190} INFO - [2024-09-18T12:08:08.454+0100] {dag.py:3229} INFO - Sync 1 DAGs
[2024-09-18T12:08:08.467+0100] {logging_mixin.py:190} INFO - [2024-09-18T12:08:08.467+0100] {dag.py:4156} INFO - Setting next_dagrun for latest_only_with_trigger to 2024-09-18 04:00:00+00:00, run_after=2024-09-18 08:00:00+00:00
[2024-09-18T12:08:08.482+0100] {processor.py:208} INFO - Processing /Users/ds2718/Documents/test_python_airflow/airflow/py_venv/lib/python3.12/site-packages/airflow/example_dags/example_latest_only_with_trigger.py took 0.113 seconds
[2024-09-18T12:08:44.888+0100] {processor.py:186} INFO - Started process (PID=12654) to work on /Users/ds2718/Documents/test_python_airflow/airflow/py_venv/lib/python3.12/site-packages/airflow/example_dags/example_latest_only_with_trigger.py
[2024-09-18T12:08:44.889+0100] {processor.py:914} INFO - Processing file /Users/ds2718/Documents/test_python_airflow/airflow/py_venv/lib/python3.12/site-packages/airflow/example_dags/example_latest_only_with_trigger.py for tasks to queue
[2024-09-18T12:08:44.889+0100] {logging_mixin.py:190} INFO - [2024-09-18T12:08:44.889+0100] {dagbag.py:587} INFO - Filling up the DagBag from /Users/ds2718/Documents/test_python_airflow/airflow/py_venv/lib/python3.12/site-packages/airflow/example_dags/example_latest_only_with_trigger.py
[2024-09-18T12:08:44.894+0100] {processor.py:925} INFO - DAG(s) 'latest_only_with_trigger' retrieved from /Users/ds2718/Documents/test_python_airflow/airflow/py_venv/lib/python3.12/site-packages/airflow/example_dags/example_latest_only_with_trigger.py
[2024-09-18T12:08:44.942+0100] {logging_mixin.py:190} INFO - [2024-09-18T12:08:44.942+0100] {dag.py:3229} INFO - Sync 1 DAGs
[2024-09-18T12:08:44.953+0100] {logging_mixin.py:190} INFO - [2024-09-18T12:08:44.952+0100] {dag.py:4156} INFO - Setting next_dagrun for latest_only_with_trigger to 2024-09-18 04:00:00+00:00, run_after=2024-09-18 08:00:00+00:00
[2024-09-18T12:08:44.962+0100] {processor.py:208} INFO - Processing /Users/ds2718/Documents/test_python_airflow/airflow/py_venv/lib/python3.12/site-packages/airflow/example_dags/example_latest_only_with_trigger.py took 0.076 seconds
[2024-09-18T12:09:18.139+0100] {processor.py:186} INFO - Started process (PID=12793) to work on /Users/ds2718/Documents/test_python_airflow/airflow/py_venv/lib/python3.12/site-packages/airflow/example_dags/example_latest_only_with_trigger.py
[2024-09-18T12:09:18.139+0100] {processor.py:914} INFO - Processing file /Users/ds2718/Documents/test_python_airflow/airflow/py_venv/lib/python3.12/site-packages/airflow/example_dags/example_latest_only_with_trigger.py for tasks to queue
[2024-09-18T12:09:18.140+0100] {logging_mixin.py:190} INFO - [2024-09-18T12:09:18.140+0100] {dagbag.py:587} INFO - Filling up the DagBag from /Users/ds2718/Documents/test_python_airflow/airflow/py_venv/lib/python3.12/site-packages/airflow/example_dags/example_latest_only_with_trigger.py
[2024-09-18T12:09:18.144+0100] {processor.py:925} INFO - DAG(s) 'latest_only_with_trigger' retrieved from /Users/ds2718/Documents/test_python_airflow/airflow/py_venv/lib/python3.12/site-packages/airflow/example_dags/example_latest_only_with_trigger.py
[2024-09-18T12:09:18.186+0100] {logging_mixin.py:190} INFO - [2024-09-18T12:09:18.186+0100] {dag.py:3229} INFO - Sync 1 DAGs
[2024-09-18T12:09:18.195+0100] {logging_mixin.py:190} INFO - [2024-09-18T12:09:18.195+0100] {dag.py:4156} INFO - Setting next_dagrun for latest_only_with_trigger to 2024-09-18 04:00:00+00:00, run_after=2024-09-18 08:00:00+00:00
[2024-09-18T12:09:18.205+0100] {processor.py:208} INFO - Processing /Users/ds2718/Documents/test_python_airflow/airflow/py_venv/lib/python3.12/site-packages/airflow/example_dags/example_latest_only_with_trigger.py took 0.069 seconds
[2024-09-18T12:09:53.702+0100] {processor.py:186} INFO - Started process (PID=13005) to work on /Users/ds2718/Documents/test_python_airflow/airflow/py_venv/lib/python3.12/site-packages/airflow/example_dags/example_latest_only_with_trigger.py
[2024-09-18T12:09:53.703+0100] {processor.py:914} INFO - Processing file /Users/ds2718/Documents/test_python_airflow/airflow/py_venv/lib/python3.12/site-packages/airflow/example_dags/example_latest_only_with_trigger.py for tasks to queue
[2024-09-18T12:09:53.703+0100] {logging_mixin.py:190} INFO - [2024-09-18T12:09:53.703+0100] {dagbag.py:587} INFO - Filling up the DagBag from /Users/ds2718/Documents/test_python_airflow/airflow/py_venv/lib/python3.12/site-packages/airflow/example_dags/example_latest_only_with_trigger.py
[2024-09-18T12:09:53.715+0100] {processor.py:925} INFO - DAG(s) 'latest_only_with_trigger' retrieved from /Users/ds2718/Documents/test_python_airflow/airflow/py_venv/lib/python3.12/site-packages/airflow/example_dags/example_latest_only_with_trigger.py
[2024-09-18T12:09:53.783+0100] {logging_mixin.py:190} INFO - [2024-09-18T12:09:53.783+0100] {dag.py:3229} INFO - Sync 1 DAGs
[2024-09-18T12:09:53.809+0100] {logging_mixin.py:190} INFO - [2024-09-18T12:09:53.809+0100] {dag.py:4156} INFO - Setting next_dagrun for latest_only_with_trigger to 2024-09-18 04:00:00+00:00, run_after=2024-09-18 08:00:00+00:00
[2024-09-18T12:09:53.839+0100] {processor.py:208} INFO - Processing /Users/ds2718/Documents/test_python_airflow/airflow/py_venv/lib/python3.12/site-packages/airflow/example_dags/example_latest_only_with_trigger.py took 0.144 seconds
[2024-09-18T12:10:27.648+0100] {processor.py:186} INFO - Started process (PID=13135) to work on /Users/ds2718/Documents/test_python_airflow/airflow/py_venv/lib/python3.12/site-packages/airflow/example_dags/example_latest_only_with_trigger.py
[2024-09-18T12:10:27.649+0100] {processor.py:914} INFO - Processing file /Users/ds2718/Documents/test_python_airflow/airflow/py_venv/lib/python3.12/site-packages/airflow/example_dags/example_latest_only_with_trigger.py for tasks to queue
[2024-09-18T12:10:27.650+0100] {logging_mixin.py:190} INFO - [2024-09-18T12:10:27.649+0100] {dagbag.py:587} INFO - Filling up the DagBag from /Users/ds2718/Documents/test_python_airflow/airflow/py_venv/lib/python3.12/site-packages/airflow/example_dags/example_latest_only_with_trigger.py
[2024-09-18T12:10:27.656+0100] {processor.py:925} INFO - DAG(s) 'latest_only_with_trigger' retrieved from /Users/ds2718/Documents/test_python_airflow/airflow/py_venv/lib/python3.12/site-packages/airflow/example_dags/example_latest_only_with_trigger.py
[2024-09-18T12:10:27.715+0100] {logging_mixin.py:190} INFO - [2024-09-18T12:10:27.715+0100] {dag.py:3229} INFO - Sync 1 DAGs
[2024-09-18T12:10:27.728+0100] {logging_mixin.py:190} INFO - [2024-09-18T12:10:27.728+0100] {dag.py:4156} INFO - Setting next_dagrun for latest_only_with_trigger to 2024-09-18 04:00:00+00:00, run_after=2024-09-18 08:00:00+00:00
[2024-09-18T12:10:27.742+0100] {processor.py:208} INFO - Processing /Users/ds2718/Documents/test_python_airflow/airflow/py_venv/lib/python3.12/site-packages/airflow/example_dags/example_latest_only_with_trigger.py took 0.103 seconds
[2024-09-18T12:11:01.443+0100] {processor.py:186} INFO - Started process (PID=13308) to work on /Users/ds2718/Documents/test_python_airflow/airflow/py_venv/lib/python3.12/site-packages/airflow/example_dags/example_latest_only_with_trigger.py
[2024-09-18T12:11:01.443+0100] {processor.py:914} INFO - Processing file /Users/ds2718/Documents/test_python_airflow/airflow/py_venv/lib/python3.12/site-packages/airflow/example_dags/example_latest_only_with_trigger.py for tasks to queue
[2024-09-18T12:11:01.444+0100] {logging_mixin.py:190} INFO - [2024-09-18T12:11:01.444+0100] {dagbag.py:587} INFO - Filling up the DagBag from /Users/ds2718/Documents/test_python_airflow/airflow/py_venv/lib/python3.12/site-packages/airflow/example_dags/example_latest_only_with_trigger.py
[2024-09-18T12:11:01.448+0100] {processor.py:925} INFO - DAG(s) 'latest_only_with_trigger' retrieved from /Users/ds2718/Documents/test_python_airflow/airflow/py_venv/lib/python3.12/site-packages/airflow/example_dags/example_latest_only_with_trigger.py
[2024-09-18T12:11:01.487+0100] {logging_mixin.py:190} INFO - [2024-09-18T12:11:01.487+0100] {dag.py:3229} INFO - Sync 1 DAGs
[2024-09-18T12:11:01.497+0100] {logging_mixin.py:190} INFO - [2024-09-18T12:11:01.497+0100] {dag.py:4156} INFO - Setting next_dagrun for latest_only_with_trigger to 2024-09-18 04:00:00+00:00, run_after=2024-09-18 08:00:00+00:00
[2024-09-18T12:11:01.506+0100] {processor.py:208} INFO - Processing /Users/ds2718/Documents/test_python_airflow/airflow/py_venv/lib/python3.12/site-packages/airflow/example_dags/example_latest_only_with_trigger.py took 0.065 seconds
[2024-09-18T12:11:35.635+0100] {processor.py:186} INFO - Started process (PID=13459) to work on /Users/ds2718/Documents/test_python_airflow/airflow/py_venv/lib/python3.12/site-packages/airflow/example_dags/example_latest_only_with_trigger.py
[2024-09-18T12:11:35.639+0100] {processor.py:914} INFO - Processing file /Users/ds2718/Documents/test_python_airflow/airflow/py_venv/lib/python3.12/site-packages/airflow/example_dags/example_latest_only_with_trigger.py for tasks to queue
[2024-09-18T12:11:35.639+0100] {logging_mixin.py:190} INFO - [2024-09-18T12:11:35.639+0100] {dagbag.py:587} INFO - Filling up the DagBag from /Users/ds2718/Documents/test_python_airflow/airflow/py_venv/lib/python3.12/site-packages/airflow/example_dags/example_latest_only_with_trigger.py
[2024-09-18T12:11:35.644+0100] {processor.py:925} INFO - DAG(s) 'latest_only_with_trigger' retrieved from /Users/ds2718/Documents/test_python_airflow/airflow/py_venv/lib/python3.12/site-packages/airflow/example_dags/example_latest_only_with_trigger.py
[2024-09-18T12:11:35.693+0100] {logging_mixin.py:190} INFO - [2024-09-18T12:11:35.693+0100] {dag.py:3229} INFO - Sync 1 DAGs
[2024-09-18T12:11:35.703+0100] {logging_mixin.py:190} INFO - [2024-09-18T12:11:35.703+0100] {dag.py:4156} INFO - Setting next_dagrun for latest_only_with_trigger to 2024-09-18 04:00:00+00:00, run_after=2024-09-18 08:00:00+00:00
[2024-09-18T12:11:35.714+0100] {processor.py:208} INFO - Processing /Users/ds2718/Documents/test_python_airflow/airflow/py_venv/lib/python3.12/site-packages/airflow/example_dags/example_latest_only_with_trigger.py took 0.081 seconds
[2024-09-18T12:12:08.779+0100] {processor.py:186} INFO - Started process (PID=13615) to work on /Users/ds2718/Documents/test_python_airflow/airflow/py_venv/lib/python3.12/site-packages/airflow/example_dags/example_latest_only_with_trigger.py
[2024-09-18T12:12:08.780+0100] {processor.py:914} INFO - Processing file /Users/ds2718/Documents/test_python_airflow/airflow/py_venv/lib/python3.12/site-packages/airflow/example_dags/example_latest_only_with_trigger.py for tasks to queue
[2024-09-18T12:12:08.781+0100] {logging_mixin.py:190} INFO - [2024-09-18T12:12:08.780+0100] {dagbag.py:587} INFO - Filling up the DagBag from /Users/ds2718/Documents/test_python_airflow/airflow/py_venv/lib/python3.12/site-packages/airflow/example_dags/example_latest_only_with_trigger.py
[2024-09-18T12:12:08.787+0100] {processor.py:925} INFO - DAG(s) 'latest_only_with_trigger' retrieved from /Users/ds2718/Documents/test_python_airflow/airflow/py_venv/lib/python3.12/site-packages/airflow/example_dags/example_latest_only_with_trigger.py
[2024-09-18T12:12:08.828+0100] {logging_mixin.py:190} INFO - [2024-09-18T12:12:08.828+0100] {dag.py:3229} INFO - Sync 1 DAGs
[2024-09-18T12:12:08.851+0100] {logging_mixin.py:190} INFO - [2024-09-18T12:12:08.851+0100] {dag.py:4156} INFO - Setting next_dagrun for latest_only_with_trigger to 2024-09-18 04:00:00+00:00, run_after=2024-09-18 08:00:00+00:00
[2024-09-18T12:12:08.862+0100] {processor.py:208} INFO - Processing /Users/ds2718/Documents/test_python_airflow/airflow/py_venv/lib/python3.12/site-packages/airflow/example_dags/example_latest_only_with_trigger.py took 0.085 seconds
[2024-09-18T12:12:42.310+0100] {processor.py:186} INFO - Started process (PID=13752) to work on /Users/ds2718/Documents/test_python_airflow/airflow/py_venv/lib/python3.12/site-packages/airflow/example_dags/example_latest_only_with_trigger.py
[2024-09-18T12:12:42.310+0100] {processor.py:914} INFO - Processing file /Users/ds2718/Documents/test_python_airflow/airflow/py_venv/lib/python3.12/site-packages/airflow/example_dags/example_latest_only_with_trigger.py for tasks to queue
[2024-09-18T12:12:42.311+0100] {logging_mixin.py:190} INFO - [2024-09-18T12:12:42.311+0100] {dagbag.py:587} INFO - Filling up the DagBag from /Users/ds2718/Documents/test_python_airflow/airflow/py_venv/lib/python3.12/site-packages/airflow/example_dags/example_latest_only_with_trigger.py
[2024-09-18T12:12:42.317+0100] {processor.py:925} INFO - DAG(s) 'latest_only_with_trigger' retrieved from /Users/ds2718/Documents/test_python_airflow/airflow/py_venv/lib/python3.12/site-packages/airflow/example_dags/example_latest_only_with_trigger.py
[2024-09-18T12:12:42.362+0100] {logging_mixin.py:190} INFO - [2024-09-18T12:12:42.362+0100] {dag.py:3229} INFO - Sync 1 DAGs
[2024-09-18T12:12:42.374+0100] {logging_mixin.py:190} INFO - [2024-09-18T12:12:42.374+0100] {dag.py:4156} INFO - Setting next_dagrun for latest_only_with_trigger to 2024-09-18 04:00:00+00:00, run_after=2024-09-18 08:00:00+00:00
[2024-09-18T12:12:42.389+0100] {processor.py:208} INFO - Processing /Users/ds2718/Documents/test_python_airflow/airflow/py_venv/lib/python3.12/site-packages/airflow/example_dags/example_latest_only_with_trigger.py took 0.087 seconds
[2024-09-18T12:13:17.516+0100] {processor.py:186} INFO - Started process (PID=13961) to work on /Users/ds2718/Documents/test_python_airflow/airflow/py_venv/lib/python3.12/site-packages/airflow/example_dags/example_latest_only_with_trigger.py
[2024-09-18T12:13:17.517+0100] {processor.py:914} INFO - Processing file /Users/ds2718/Documents/test_python_airflow/airflow/py_venv/lib/python3.12/site-packages/airflow/example_dags/example_latest_only_with_trigger.py for tasks to queue
[2024-09-18T12:13:17.518+0100] {logging_mixin.py:190} INFO - [2024-09-18T12:13:17.518+0100] {dagbag.py:587} INFO - Filling up the DagBag from /Users/ds2718/Documents/test_python_airflow/airflow/py_venv/lib/python3.12/site-packages/airflow/example_dags/example_latest_only_with_trigger.py
[2024-09-18T12:13:17.527+0100] {processor.py:925} INFO - DAG(s) 'latest_only_with_trigger' retrieved from /Users/ds2718/Documents/test_python_airflow/airflow/py_venv/lib/python3.12/site-packages/airflow/example_dags/example_latest_only_with_trigger.py
[2024-09-18T12:13:17.578+0100] {logging_mixin.py:190} INFO - [2024-09-18T12:13:17.578+0100] {dag.py:3229} INFO - Sync 1 DAGs
[2024-09-18T12:13:17.592+0100] {logging_mixin.py:190} INFO - [2024-09-18T12:13:17.592+0100] {dag.py:4156} INFO - Setting next_dagrun for latest_only_with_trigger to 2024-09-18 04:00:00+00:00, run_after=2024-09-18 08:00:00+00:00
[2024-09-18T12:13:17.611+0100] {processor.py:208} INFO - Processing /Users/ds2718/Documents/test_python_airflow/airflow/py_venv/lib/python3.12/site-packages/airflow/example_dags/example_latest_only_with_trigger.py took 0.101 seconds
[2024-09-18T12:13:52.430+0100] {processor.py:186} INFO - Started process (PID=14092) to work on /Users/ds2718/Documents/test_python_airflow/airflow/py_venv/lib/python3.12/site-packages/airflow/example_dags/example_latest_only_with_trigger.py
[2024-09-18T12:13:52.430+0100] {processor.py:914} INFO - Processing file /Users/ds2718/Documents/test_python_airflow/airflow/py_venv/lib/python3.12/site-packages/airflow/example_dags/example_latest_only_with_trigger.py for tasks to queue
[2024-09-18T12:13:52.431+0100] {logging_mixin.py:190} INFO - [2024-09-18T12:13:52.431+0100] {dagbag.py:587} INFO - Filling up the DagBag from /Users/ds2718/Documents/test_python_airflow/airflow/py_venv/lib/python3.12/site-packages/airflow/example_dags/example_latest_only_with_trigger.py
[2024-09-18T12:13:52.437+0100] {processor.py:925} INFO - DAG(s) 'latest_only_with_trigger' retrieved from /Users/ds2718/Documents/test_python_airflow/airflow/py_venv/lib/python3.12/site-packages/airflow/example_dags/example_latest_only_with_trigger.py
[2024-09-18T12:13:52.488+0100] {logging_mixin.py:190} INFO - [2024-09-18T12:13:52.487+0100] {dag.py:3229} INFO - Sync 1 DAGs
[2024-09-18T12:13:52.498+0100] {logging_mixin.py:190} INFO - [2024-09-18T12:13:52.498+0100] {dag.py:4156} INFO - Setting next_dagrun for latest_only_with_trigger to 2024-09-18 04:00:00+00:00, run_after=2024-09-18 08:00:00+00:00
[2024-09-18T12:13:52.516+0100] {processor.py:208} INFO - Processing /Users/ds2718/Documents/test_python_airflow/airflow/py_venv/lib/python3.12/site-packages/airflow/example_dags/example_latest_only_with_trigger.py took 0.092 seconds
