[2024-09-18T11:54:00.188+0100] {processor.py:186} INFO - Started process (PID=9427) to work on /Users/ds2718/Documents/test_python_airflow/airflow/py_venv/lib/python3.12/site-packages/airflow/example_dags/example_xcomargs.py
[2024-09-18T11:54:00.189+0100] {processor.py:914} INFO - Processing file /Users/ds2718/Documents/test_python_airflow/airflow/py_venv/lib/python3.12/site-packages/airflow/example_dags/example_xcomargs.py for tasks to queue
[2024-09-18T11:54:00.189+0100] {logging_mixin.py:190} INFO - [2024-09-18T11:54:00.189+0100] {dagbag.py:587} INFO - Filling up the DagBag from /Users/ds2718/Documents/test_python_airflow/airflow/py_venv/lib/python3.12/site-packages/airflow/example_dags/example_xcomargs.py
[2024-09-18T11:54:00.209+0100] {processor.py:925} INFO - DAG(s) 'example_xcom_args', 'example_xcom_args_with_operators' retrieved from /Users/ds2718/Documents/test_python_airflow/airflow/py_venv/lib/python3.12/site-packages/airflow/example_dags/example_xcomargs.py
[2024-09-18T11:54:00.456+0100] {logging_mixin.py:190} INFO - [2024-09-18T11:54:00.455+0100] {override.py:1900} INFO - Created Permission View: can edit on DAG:example_xcom_args
[2024-09-18T11:54:00.460+0100] {logging_mixin.py:190} INFO - [2024-09-18T11:54:00.460+0100] {override.py:1900} INFO - Created Permission View: can read on DAG:example_xcom_args
[2024-09-18T11:54:00.462+0100] {logging_mixin.py:190} INFO - [2024-09-18T11:54:00.462+0100] {override.py:1900} INFO - Created Permission View: can delete on DAG:example_xcom_args
[2024-09-18T11:54:00.464+0100] {logging_mixin.py:190} INFO - [2024-09-18T11:54:00.464+0100] {override.py:1900} INFO - Created Permission View: can read on DAG Run:example_xcom_args
[2024-09-18T11:54:00.466+0100] {logging_mixin.py:190} INFO - [2024-09-18T11:54:00.466+0100] {override.py:1900} INFO - Created Permission View: menu access on DAG Run:example_xcom_args
[2024-09-18T11:54:00.468+0100] {logging_mixin.py:190} INFO - [2024-09-18T11:54:00.468+0100] {override.py:1900} INFO - Created Permission View: can delete on DAG Run:example_xcom_args
[2024-09-18T11:54:00.470+0100] {logging_mixin.py:190} INFO - [2024-09-18T11:54:00.470+0100] {override.py:1900} INFO - Created Permission View: can create on DAG Run:example_xcom_args
[2024-09-18T11:54:00.475+0100] {logging_mixin.py:190} INFO - [2024-09-18T11:54:00.475+0100] {override.py:1900} INFO - Created Permission View: can edit on DAG:example_xcom_args_with_operators
[2024-09-18T11:54:00.477+0100] {logging_mixin.py:190} INFO - [2024-09-18T11:54:00.477+0100] {override.py:1900} INFO - Created Permission View: can read on DAG:example_xcom_args_with_operators
[2024-09-18T11:54:00.479+0100] {logging_mixin.py:190} INFO - [2024-09-18T11:54:00.479+0100] {override.py:1900} INFO - Created Permission View: can delete on DAG:example_xcom_args_with_operators
[2024-09-18T11:54:00.481+0100] {logging_mixin.py:190} INFO - [2024-09-18T11:54:00.481+0100] {override.py:1900} INFO - Created Permission View: can read on DAG Run:example_xcom_args_with_operators
[2024-09-18T11:54:00.482+0100] {logging_mixin.py:190} INFO - [2024-09-18T11:54:00.482+0100] {override.py:1900} INFO - Created Permission View: menu access on DAG Run:example_xcom_args_with_operators
[2024-09-18T11:54:00.484+0100] {logging_mixin.py:190} INFO - [2024-09-18T11:54:00.484+0100] {override.py:1900} INFO - Created Permission View: can delete on DAG Run:example_xcom_args_with_operators
[2024-09-18T11:54:00.487+0100] {logging_mixin.py:190} INFO - [2024-09-18T11:54:00.487+0100] {override.py:1900} INFO - Created Permission View: can create on DAG Run:example_xcom_args_with_operators
[2024-09-18T11:54:00.487+0100] {logging_mixin.py:190} INFO - [2024-09-18T11:54:00.487+0100] {dag.py:3229} INFO - Sync 2 DAGs
[2024-09-18T11:54:00.493+0100] {logging_mixin.py:190} INFO - [2024-09-18T11:54:00.492+0100] {dag.py:3252} INFO - Creating ORM DAG for example_xcom_args
[2024-09-18T11:54:00.493+0100] {logging_mixin.py:190} INFO - [2024-09-18T11:54:00.493+0100] {dag.py:3252} INFO - Creating ORM DAG for example_xcom_args_with_operators
[2024-09-18T11:54:00.493+0100] {logging_mixin.py:190} INFO - [2024-09-18T11:54:00.493+0100] {dag.py:4156} INFO - Setting next_dagrun for example_xcom_args to None, run_after=None
[2024-09-18T11:54:00.493+0100] {logging_mixin.py:190} INFO - [2024-09-18T11:54:00.493+0100] {dag.py:4156} INFO - Setting next_dagrun for example_xcom_args_with_operators to None, run_after=None
[2024-09-18T11:54:00.508+0100] {processor.py:208} INFO - Processing /Users/ds2718/Documents/test_python_airflow/airflow/py_venv/lib/python3.12/site-packages/airflow/example_dags/example_xcomargs.py took 0.328 seconds
[2024-09-18T11:54:34.834+0100] {processor.py:186} INFO - Started process (PID=9582) to work on /Users/ds2718/Documents/test_python_airflow/airflow/py_venv/lib/python3.12/site-packages/airflow/example_dags/example_xcomargs.py
[2024-09-18T11:54:34.835+0100] {processor.py:914} INFO - Processing file /Users/ds2718/Documents/test_python_airflow/airflow/py_venv/lib/python3.12/site-packages/airflow/example_dags/example_xcomargs.py for tasks to queue
[2024-09-18T11:54:34.835+0100] {logging_mixin.py:190} INFO - [2024-09-18T11:54:34.835+0100] {dagbag.py:587} INFO - Filling up the DagBag from /Users/ds2718/Documents/test_python_airflow/airflow/py_venv/lib/python3.12/site-packages/airflow/example_dags/example_xcomargs.py
[2024-09-18T11:54:34.854+0100] {processor.py:925} INFO - DAG(s) 'example_xcom_args_with_operators', 'example_xcom_args' retrieved from /Users/ds2718/Documents/test_python_airflow/airflow/py_venv/lib/python3.12/site-packages/airflow/example_dags/example_xcomargs.py
[2024-09-18T11:54:34.906+0100] {logging_mixin.py:190} INFO - [2024-09-18T11:54:34.906+0100] {dag.py:3229} INFO - Sync 2 DAGs
[2024-09-18T11:54:34.914+0100] {logging_mixin.py:190} INFO - [2024-09-18T11:54:34.913+0100] {dag.py:4156} INFO - Setting next_dagrun for example_xcom_args to None, run_after=None
[2024-09-18T11:54:34.915+0100] {logging_mixin.py:190} INFO - [2024-09-18T11:54:34.915+0100] {dag.py:4156} INFO - Setting next_dagrun for example_xcom_args_with_operators to None, run_after=None
[2024-09-18T11:54:34.953+0100] {processor.py:208} INFO - Processing /Users/ds2718/Documents/test_python_airflow/airflow/py_venv/lib/python3.12/site-packages/airflow/example_dags/example_xcomargs.py took 0.124 seconds
[2024-09-18T11:55:09.677+0100] {processor.py:186} INFO - Started process (PID=9796) to work on /Users/ds2718/Documents/test_python_airflow/airflow/py_venv/lib/python3.12/site-packages/airflow/example_dags/example_xcomargs.py
[2024-09-18T11:55:09.678+0100] {processor.py:914} INFO - Processing file /Users/ds2718/Documents/test_python_airflow/airflow/py_venv/lib/python3.12/site-packages/airflow/example_dags/example_xcomargs.py for tasks to queue
[2024-09-18T11:55:09.678+0100] {logging_mixin.py:190} INFO - [2024-09-18T11:55:09.678+0100] {dagbag.py:587} INFO - Filling up the DagBag from /Users/ds2718/Documents/test_python_airflow/airflow/py_venv/lib/python3.12/site-packages/airflow/example_dags/example_xcomargs.py
[2024-09-18T11:55:09.710+0100] {processor.py:925} INFO - DAG(s) 'example_xcom_args_with_operators', 'example_xcom_args' retrieved from /Users/ds2718/Documents/test_python_airflow/airflow/py_venv/lib/python3.12/site-packages/airflow/example_dags/example_xcomargs.py
[2024-09-18T11:55:09.812+0100] {logging_mixin.py:190} INFO - [2024-09-18T11:55:09.812+0100] {dag.py:3229} INFO - Sync 2 DAGs
[2024-09-18T11:55:09.820+0100] {logging_mixin.py:190} INFO - [2024-09-18T11:55:09.820+0100] {dag.py:4156} INFO - Setting next_dagrun for example_xcom_args to None, run_after=None
[2024-09-18T11:55:09.822+0100] {logging_mixin.py:190} INFO - [2024-09-18T11:55:09.822+0100] {dag.py:4156} INFO - Setting next_dagrun for example_xcom_args_with_operators to None, run_after=None
[2024-09-18T11:55:09.893+0100] {processor.py:208} INFO - Processing /Users/ds2718/Documents/test_python_airflow/airflow/py_venv/lib/python3.12/site-packages/airflow/example_dags/example_xcomargs.py took 0.220 seconds
[2024-09-18T11:55:43.086+0100] {processor.py:186} INFO - Started process (PID=9984) to work on /Users/ds2718/Documents/test_python_airflow/airflow/py_venv/lib/python3.12/site-packages/airflow/example_dags/example_xcomargs.py
[2024-09-18T11:55:43.087+0100] {processor.py:914} INFO - Processing file /Users/ds2718/Documents/test_python_airflow/airflow/py_venv/lib/python3.12/site-packages/airflow/example_dags/example_xcomargs.py for tasks to queue
[2024-09-18T11:55:43.087+0100] {logging_mixin.py:190} INFO - [2024-09-18T11:55:43.087+0100] {dagbag.py:587} INFO - Filling up the DagBag from /Users/ds2718/Documents/test_python_airflow/airflow/py_venv/lib/python3.12/site-packages/airflow/example_dags/example_xcomargs.py
[2024-09-18T11:55:43.105+0100] {processor.py:925} INFO - DAG(s) 'example_xcom_args_with_operators', 'example_xcom_args' retrieved from /Users/ds2718/Documents/test_python_airflow/airflow/py_venv/lib/python3.12/site-packages/airflow/example_dags/example_xcomargs.py
[2024-09-18T11:55:43.148+0100] {logging_mixin.py:190} INFO - [2024-09-18T11:55:43.148+0100] {dag.py:3229} INFO - Sync 2 DAGs
[2024-09-18T11:55:43.155+0100] {logging_mixin.py:190} INFO - [2024-09-18T11:55:43.155+0100] {dag.py:4156} INFO - Setting next_dagrun for example_xcom_args to None, run_after=None
[2024-09-18T11:55:43.156+0100] {logging_mixin.py:190} INFO - [2024-09-18T11:55:43.156+0100] {dag.py:4156} INFO - Setting next_dagrun for example_xcom_args_with_operators to None, run_after=None
[2024-09-18T11:55:43.188+0100] {processor.py:208} INFO - Processing /Users/ds2718/Documents/test_python_airflow/airflow/py_venv/lib/python3.12/site-packages/airflow/example_dags/example_xcomargs.py took 0.106 seconds
[2024-09-18T11:56:17.695+0100] {processor.py:186} INFO - Started process (PID=10129) to work on /Users/ds2718/Documents/test_python_airflow/airflow/py_venv/lib/python3.12/site-packages/airflow/example_dags/example_xcomargs.py
[2024-09-18T11:56:17.695+0100] {processor.py:914} INFO - Processing file /Users/ds2718/Documents/test_python_airflow/airflow/py_venv/lib/python3.12/site-packages/airflow/example_dags/example_xcomargs.py for tasks to queue
[2024-09-18T11:56:17.696+0100] {logging_mixin.py:190} INFO - [2024-09-18T11:56:17.696+0100] {dagbag.py:587} INFO - Filling up the DagBag from /Users/ds2718/Documents/test_python_airflow/airflow/py_venv/lib/python3.12/site-packages/airflow/example_dags/example_xcomargs.py
[2024-09-18T11:56:17.713+0100] {processor.py:925} INFO - DAG(s) 'example_xcom_args', 'example_xcom_args_with_operators' retrieved from /Users/ds2718/Documents/test_python_airflow/airflow/py_venv/lib/python3.12/site-packages/airflow/example_dags/example_xcomargs.py
[2024-09-18T11:56:17.762+0100] {logging_mixin.py:190} INFO - [2024-09-18T11:56:17.762+0100] {dag.py:3229} INFO - Sync 2 DAGs
[2024-09-18T11:56:17.769+0100] {logging_mixin.py:190} INFO - [2024-09-18T11:56:17.769+0100] {dag.py:4156} INFO - Setting next_dagrun for example_xcom_args to None, run_after=None
[2024-09-18T11:56:17.771+0100] {logging_mixin.py:190} INFO - [2024-09-18T11:56:17.771+0100] {dag.py:4156} INFO - Setting next_dagrun for example_xcom_args_with_operators to None, run_after=None
[2024-09-18T11:56:17.807+0100] {processor.py:208} INFO - Processing /Users/ds2718/Documents/test_python_airflow/airflow/py_venv/lib/python3.12/site-packages/airflow/example_dags/example_xcomargs.py took 0.114 seconds
[2024-09-18T11:56:49.411+0100] {processor.py:186} INFO - Started process (PID=10303) to work on /Users/ds2718/Documents/test_python_airflow/airflow/py_venv/lib/python3.12/site-packages/airflow/example_dags/example_xcomargs.py
[2024-09-18T11:56:49.411+0100] {processor.py:914} INFO - Processing file /Users/ds2718/Documents/test_python_airflow/airflow/py_venv/lib/python3.12/site-packages/airflow/example_dags/example_xcomargs.py for tasks to queue
[2024-09-18T11:56:49.412+0100] {logging_mixin.py:190} INFO - [2024-09-18T11:56:49.412+0100] {dagbag.py:587} INFO - Filling up the DagBag from /Users/ds2718/Documents/test_python_airflow/airflow/py_venv/lib/python3.12/site-packages/airflow/example_dags/example_xcomargs.py
[2024-09-18T11:56:49.431+0100] {processor.py:925} INFO - DAG(s) 'example_xcom_args_with_operators', 'example_xcom_args' retrieved from /Users/ds2718/Documents/test_python_airflow/airflow/py_venv/lib/python3.12/site-packages/airflow/example_dags/example_xcomargs.py
[2024-09-18T11:56:49.469+0100] {logging_mixin.py:190} INFO - [2024-09-18T11:56:49.469+0100] {dag.py:3229} INFO - Sync 2 DAGs
[2024-09-18T11:56:49.477+0100] {logging_mixin.py:190} INFO - [2024-09-18T11:56:49.477+0100] {dag.py:4156} INFO - Setting next_dagrun for example_xcom_args to None, run_after=None
[2024-09-18T11:56:49.478+0100] {logging_mixin.py:190} INFO - [2024-09-18T11:56:49.478+0100] {dag.py:4156} INFO - Setting next_dagrun for example_xcom_args_with_operators to None, run_after=None
[2024-09-18T11:56:49.512+0100] {processor.py:208} INFO - Processing /Users/ds2718/Documents/test_python_airflow/airflow/py_venv/lib/python3.12/site-packages/airflow/example_dags/example_xcomargs.py took 0.103 seconds
[2024-09-18T11:57:22.473+0100] {processor.py:186} INFO - Started process (PID=10445) to work on /Users/ds2718/Documents/test_python_airflow/airflow/py_venv/lib/python3.12/site-packages/airflow/example_dags/example_xcomargs.py
[2024-09-18T11:57:22.474+0100] {processor.py:914} INFO - Processing file /Users/ds2718/Documents/test_python_airflow/airflow/py_venv/lib/python3.12/site-packages/airflow/example_dags/example_xcomargs.py for tasks to queue
[2024-09-18T11:57:22.474+0100] {logging_mixin.py:190} INFO - [2024-09-18T11:57:22.474+0100] {dagbag.py:587} INFO - Filling up the DagBag from /Users/ds2718/Documents/test_python_airflow/airflow/py_venv/lib/python3.12/site-packages/airflow/example_dags/example_xcomargs.py
[2024-09-18T11:57:22.494+0100] {processor.py:925} INFO - DAG(s) 'example_xcom_args', 'example_xcom_args_with_operators' retrieved from /Users/ds2718/Documents/test_python_airflow/airflow/py_venv/lib/python3.12/site-packages/airflow/example_dags/example_xcomargs.py
[2024-09-18T11:57:22.535+0100] {logging_mixin.py:190} INFO - [2024-09-18T11:57:22.534+0100] {dag.py:3229} INFO - Sync 2 DAGs
[2024-09-18T11:57:22.540+0100] {logging_mixin.py:190} INFO - [2024-09-18T11:57:22.540+0100] {dag.py:4156} INFO - Setting next_dagrun for example_xcom_args to None, run_after=None
[2024-09-18T11:57:22.541+0100] {logging_mixin.py:190} INFO - [2024-09-18T11:57:22.541+0100] {dag.py:4156} INFO - Setting next_dagrun for example_xcom_args_with_operators to None, run_after=None
[2024-09-18T11:57:22.579+0100] {processor.py:208} INFO - Processing /Users/ds2718/Documents/test_python_airflow/airflow/py_venv/lib/python3.12/site-packages/airflow/example_dags/example_xcomargs.py took 0.114 seconds
[2024-09-18T11:57:56.399+0100] {processor.py:186} INFO - Started process (PID=10654) to work on /Users/ds2718/Documents/test_python_airflow/airflow/py_venv/lib/python3.12/site-packages/airflow/example_dags/example_xcomargs.py
[2024-09-18T11:57:56.401+0100] {processor.py:914} INFO - Processing file /Users/ds2718/Documents/test_python_airflow/airflow/py_venv/lib/python3.12/site-packages/airflow/example_dags/example_xcomargs.py for tasks to queue
[2024-09-18T11:57:56.401+0100] {logging_mixin.py:190} INFO - [2024-09-18T11:57:56.401+0100] {dagbag.py:587} INFO - Filling up the DagBag from /Users/ds2718/Documents/test_python_airflow/airflow/py_venv/lib/python3.12/site-packages/airflow/example_dags/example_xcomargs.py
[2024-09-18T11:57:56.422+0100] {processor.py:925} INFO - DAG(s) 'example_xcom_args_with_operators', 'example_xcom_args' retrieved from /Users/ds2718/Documents/test_python_airflow/airflow/py_venv/lib/python3.12/site-packages/airflow/example_dags/example_xcomargs.py
[2024-09-18T11:57:56.483+0100] {logging_mixin.py:190} INFO - [2024-09-18T11:57:56.482+0100] {dag.py:3229} INFO - Sync 2 DAGs
[2024-09-18T11:57:56.490+0100] {logging_mixin.py:190} INFO - [2024-09-18T11:57:56.490+0100] {dag.py:4156} INFO - Setting next_dagrun for example_xcom_args to None, run_after=None
[2024-09-18T11:57:56.492+0100] {logging_mixin.py:190} INFO - [2024-09-18T11:57:56.492+0100] {dag.py:4156} INFO - Setting next_dagrun for example_xcom_args_with_operators to None, run_after=None
[2024-09-18T11:57:56.539+0100] {processor.py:208} INFO - Processing /Users/ds2718/Documents/test_python_airflow/airflow/py_venv/lib/python3.12/site-packages/airflow/example_dags/example_xcomargs.py took 0.147 seconds
[2024-09-18T11:58:30.386+0100] {processor.py:186} INFO - Started process (PID=10836) to work on /Users/ds2718/Documents/test_python_airflow/airflow/py_venv/lib/python3.12/site-packages/airflow/example_dags/example_xcomargs.py
[2024-09-18T11:58:30.386+0100] {processor.py:914} INFO - Processing file /Users/ds2718/Documents/test_python_airflow/airflow/py_venv/lib/python3.12/site-packages/airflow/example_dags/example_xcomargs.py for tasks to queue
[2024-09-18T11:58:30.387+0100] {logging_mixin.py:190} INFO - [2024-09-18T11:58:30.387+0100] {dagbag.py:587} INFO - Filling up the DagBag from /Users/ds2718/Documents/test_python_airflow/airflow/py_venv/lib/python3.12/site-packages/airflow/example_dags/example_xcomargs.py
[2024-09-18T11:58:30.411+0100] {processor.py:925} INFO - DAG(s) 'example_xcom_args', 'example_xcom_args_with_operators' retrieved from /Users/ds2718/Documents/test_python_airflow/airflow/py_venv/lib/python3.12/site-packages/airflow/example_dags/example_xcomargs.py
[2024-09-18T11:58:30.528+0100] {logging_mixin.py:190} INFO - [2024-09-18T11:58:30.528+0100] {dag.py:3229} INFO - Sync 2 DAGs
[2024-09-18T11:58:30.536+0100] {logging_mixin.py:190} INFO - [2024-09-18T11:58:30.536+0100] {dag.py:4156} INFO - Setting next_dagrun for example_xcom_args to None, run_after=None
[2024-09-18T11:58:30.538+0100] {logging_mixin.py:190} INFO - [2024-09-18T11:58:30.538+0100] {dag.py:4156} INFO - Setting next_dagrun for example_xcom_args_with_operators to None, run_after=None
[2024-09-18T11:58:30.610+0100] {processor.py:208} INFO - Processing /Users/ds2718/Documents/test_python_airflow/airflow/py_venv/lib/python3.12/site-packages/airflow/example_dags/example_xcomargs.py took 0.227 seconds
[2024-09-18T11:59:05.783+0100] {processor.py:186} INFO - Started process (PID=11033) to work on /Users/ds2718/Documents/test_python_airflow/airflow/py_venv/lib/python3.12/site-packages/airflow/example_dags/example_xcomargs.py
[2024-09-18T11:59:05.784+0100] {processor.py:914} INFO - Processing file /Users/ds2718/Documents/test_python_airflow/airflow/py_venv/lib/python3.12/site-packages/airflow/example_dags/example_xcomargs.py for tasks to queue
[2024-09-18T11:59:05.784+0100] {logging_mixin.py:190} INFO - [2024-09-18T11:59:05.784+0100] {dagbag.py:587} INFO - Filling up the DagBag from /Users/ds2718/Documents/test_python_airflow/airflow/py_venv/lib/python3.12/site-packages/airflow/example_dags/example_xcomargs.py
[2024-09-18T11:59:05.804+0100] {processor.py:925} INFO - DAG(s) 'example_xcom_args_with_operators', 'example_xcom_args' retrieved from /Users/ds2718/Documents/test_python_airflow/airflow/py_venv/lib/python3.12/site-packages/airflow/example_dags/example_xcomargs.py
[2024-09-18T11:59:05.849+0100] {logging_mixin.py:190} INFO - [2024-09-18T11:59:05.849+0100] {dag.py:3229} INFO - Sync 2 DAGs
[2024-09-18T11:59:05.867+0100] {logging_mixin.py:190} INFO - [2024-09-18T11:59:05.867+0100] {dag.py:4156} INFO - Setting next_dagrun for example_xcom_args to None, run_after=None
[2024-09-18T11:59:05.869+0100] {logging_mixin.py:190} INFO - [2024-09-18T11:59:05.869+0100] {dag.py:4156} INFO - Setting next_dagrun for example_xcom_args_with_operators to None, run_after=None
[2024-09-18T11:59:05.912+0100] {processor.py:208} INFO - Processing /Users/ds2718/Documents/test_python_airflow/airflow/py_venv/lib/python3.12/site-packages/airflow/example_dags/example_xcomargs.py took 0.131 seconds
[2024-09-18T11:59:40.094+0100] {processor.py:186} INFO - Started process (PID=11208) to work on /Users/ds2718/Documents/test_python_airflow/airflow/py_venv/lib/python3.12/site-packages/airflow/example_dags/example_xcomargs.py
[2024-09-18T11:59:40.096+0100] {processor.py:914} INFO - Processing file /Users/ds2718/Documents/test_python_airflow/airflow/py_venv/lib/python3.12/site-packages/airflow/example_dags/example_xcomargs.py for tasks to queue
[2024-09-18T11:59:40.096+0100] {logging_mixin.py:190} INFO - [2024-09-18T11:59:40.096+0100] {dagbag.py:587} INFO - Filling up the DagBag from /Users/ds2718/Documents/test_python_airflow/airflow/py_venv/lib/python3.12/site-packages/airflow/example_dags/example_xcomargs.py
[2024-09-18T11:59:40.121+0100] {processor.py:925} INFO - DAG(s) 'example_xcom_args', 'example_xcom_args_with_operators' retrieved from /Users/ds2718/Documents/test_python_airflow/airflow/py_venv/lib/python3.12/site-packages/airflow/example_dags/example_xcomargs.py
[2024-09-18T11:59:40.166+0100] {logging_mixin.py:190} INFO - [2024-09-18T11:59:40.166+0100] {dag.py:3229} INFO - Sync 2 DAGs
[2024-09-18T11:59:40.174+0100] {logging_mixin.py:190} INFO - [2024-09-18T11:59:40.174+0100] {dag.py:4156} INFO - Setting next_dagrun for example_xcom_args to None, run_after=None
[2024-09-18T11:59:40.175+0100] {logging_mixin.py:190} INFO - [2024-09-18T11:59:40.175+0100] {dag.py:4156} INFO - Setting next_dagrun for example_xcom_args_with_operators to None, run_after=None
[2024-09-18T11:59:40.218+0100] {processor.py:208} INFO - Processing /Users/ds2718/Documents/test_python_airflow/airflow/py_venv/lib/python3.12/site-packages/airflow/example_dags/example_xcomargs.py took 0.126 seconds
[2024-09-18T12:00:12.812+0100] {processor.py:186} INFO - Started process (PID=11418) to work on /Users/ds2718/Documents/test_python_airflow/airflow/py_venv/lib/python3.12/site-packages/airflow/example_dags/example_xcomargs.py
[2024-09-18T12:00:12.813+0100] {processor.py:914} INFO - Processing file /Users/ds2718/Documents/test_python_airflow/airflow/py_venv/lib/python3.12/site-packages/airflow/example_dags/example_xcomargs.py for tasks to queue
[2024-09-18T12:00:12.814+0100] {logging_mixin.py:190} INFO - [2024-09-18T12:00:12.814+0100] {dagbag.py:587} INFO - Filling up the DagBag from /Users/ds2718/Documents/test_python_airflow/airflow/py_venv/lib/python3.12/site-packages/airflow/example_dags/example_xcomargs.py
[2024-09-18T12:00:12.836+0100] {processor.py:925} INFO - DAG(s) 'example_xcom_args', 'example_xcom_args_with_operators' retrieved from /Users/ds2718/Documents/test_python_airflow/airflow/py_venv/lib/python3.12/site-packages/airflow/example_dags/example_xcomargs.py
[2024-09-18T12:00:12.881+0100] {logging_mixin.py:190} INFO - [2024-09-18T12:00:12.881+0100] {dag.py:3229} INFO - Sync 2 DAGs
[2024-09-18T12:00:12.889+0100] {logging_mixin.py:190} INFO - [2024-09-18T12:00:12.889+0100] {dag.py:4156} INFO - Setting next_dagrun for example_xcom_args to None, run_after=None
[2024-09-18T12:00:12.890+0100] {logging_mixin.py:190} INFO - [2024-09-18T12:00:12.890+0100] {dag.py:4156} INFO - Setting next_dagrun for example_xcom_args_with_operators to None, run_after=None
[2024-09-18T12:00:12.936+0100] {processor.py:208} INFO - Processing /Users/ds2718/Documents/test_python_airflow/airflow/py_venv/lib/python3.12/site-packages/airflow/example_dags/example_xcomargs.py took 0.130 seconds
[2024-09-18T12:00:46.043+0100] {processor.py:186} INFO - Started process (PID=11585) to work on /Users/ds2718/Documents/test_python_airflow/airflow/py_venv/lib/python3.12/site-packages/airflow/example_dags/example_xcomargs.py
[2024-09-18T12:00:46.045+0100] {processor.py:914} INFO - Processing file /Users/ds2718/Documents/test_python_airflow/airflow/py_venv/lib/python3.12/site-packages/airflow/example_dags/example_xcomargs.py for tasks to queue
[2024-09-18T12:00:46.045+0100] {logging_mixin.py:190} INFO - [2024-09-18T12:00:46.045+0100] {dagbag.py:587} INFO - Filling up the DagBag from /Users/ds2718/Documents/test_python_airflow/airflow/py_venv/lib/python3.12/site-packages/airflow/example_dags/example_xcomargs.py
[2024-09-18T12:00:46.070+0100] {processor.py:925} INFO - DAG(s) 'example_xcom_args_with_operators', 'example_xcom_args' retrieved from /Users/ds2718/Documents/test_python_airflow/airflow/py_venv/lib/python3.12/site-packages/airflow/example_dags/example_xcomargs.py
[2024-09-18T12:00:46.141+0100] {logging_mixin.py:190} INFO - [2024-09-18T12:00:46.141+0100] {dag.py:3229} INFO - Sync 2 DAGs
[2024-09-18T12:00:46.164+0100] {logging_mixin.py:190} INFO - [2024-09-18T12:00:46.164+0100] {dag.py:4156} INFO - Setting next_dagrun for example_xcom_args to None, run_after=None
[2024-09-18T12:00:46.166+0100] {logging_mixin.py:190} INFO - [2024-09-18T12:00:46.166+0100] {dag.py:4156} INFO - Setting next_dagrun for example_xcom_args_with_operators to None, run_after=None
[2024-09-18T12:00:46.209+0100] {processor.py:208} INFO - Processing /Users/ds2718/Documents/test_python_airflow/airflow/py_venv/lib/python3.12/site-packages/airflow/example_dags/example_xcomargs.py took 0.168 seconds
[2024-09-18T12:01:26.829+0100] {processor.py:186} INFO - Started process (PID=11797) to work on /Users/ds2718/Documents/test_python_airflow/airflow/py_venv/lib/python3.12/site-packages/airflow/example_dags/example_xcomargs.py
[2024-09-18T12:01:26.830+0100] {processor.py:914} INFO - Processing file /Users/ds2718/Documents/test_python_airflow/airflow/py_venv/lib/python3.12/site-packages/airflow/example_dags/example_xcomargs.py for tasks to queue
[2024-09-18T12:01:26.830+0100] {logging_mixin.py:190} INFO - [2024-09-18T12:01:26.830+0100] {dagbag.py:587} INFO - Filling up the DagBag from /Users/ds2718/Documents/test_python_airflow/airflow/py_venv/lib/python3.12/site-packages/airflow/example_dags/example_xcomargs.py
[2024-09-18T12:01:26.887+0100] {processor.py:925} INFO - DAG(s) 'example_xcom_args_with_operators', 'example_xcom_args' retrieved from /Users/ds2718/Documents/test_python_airflow/airflow/py_venv/lib/python3.12/site-packages/airflow/example_dags/example_xcomargs.py
[2024-09-18T12:01:26.928+0100] {logging_mixin.py:190} INFO - [2024-09-18T12:01:26.928+0100] {dag.py:3229} INFO - Sync 2 DAGs
[2024-09-18T12:01:26.936+0100] {logging_mixin.py:190} INFO - [2024-09-18T12:01:26.936+0100] {dag.py:4156} INFO - Setting next_dagrun for example_xcom_args to None, run_after=None
[2024-09-18T12:01:26.938+0100] {logging_mixin.py:190} INFO - [2024-09-18T12:01:26.938+0100] {dag.py:4156} INFO - Setting next_dagrun for example_xcom_args_with_operators to None, run_after=None
[2024-09-18T12:01:26.969+0100] {processor.py:208} INFO - Processing /Users/ds2718/Documents/test_python_airflow/airflow/py_venv/lib/python3.12/site-packages/airflow/example_dags/example_xcomargs.py took 0.142 seconds
[2024-09-18T12:06:25.890+0100] {processor.py:186} INFO - Started process (PID=11959) to work on /Users/ds2718/Documents/test_python_airflow/airflow/py_venv/lib/python3.12/site-packages/airflow/example_dags/example_xcomargs.py
[2024-09-18T12:06:25.891+0100] {processor.py:914} INFO - Processing file /Users/ds2718/Documents/test_python_airflow/airflow/py_venv/lib/python3.12/site-packages/airflow/example_dags/example_xcomargs.py for tasks to queue
[2024-09-18T12:06:25.891+0100] {logging_mixin.py:190} INFO - [2024-09-18T12:06:25.891+0100] {dagbag.py:587} INFO - Filling up the DagBag from /Users/ds2718/Documents/test_python_airflow/airflow/py_venv/lib/python3.12/site-packages/airflow/example_dags/example_xcomargs.py
[2024-09-18T12:06:25.910+0100] {processor.py:925} INFO - DAG(s) 'example_xcom_args', 'example_xcom_args_with_operators' retrieved from /Users/ds2718/Documents/test_python_airflow/airflow/py_venv/lib/python3.12/site-packages/airflow/example_dags/example_xcomargs.py
[2024-09-18T12:06:25.962+0100] {logging_mixin.py:190} INFO - [2024-09-18T12:06:25.962+0100] {dag.py:3229} INFO - Sync 2 DAGs
[2024-09-18T12:06:25.970+0100] {logging_mixin.py:190} INFO - [2024-09-18T12:06:25.969+0100] {dag.py:4156} INFO - Setting next_dagrun for example_xcom_args to None, run_after=None
[2024-09-18T12:06:25.971+0100] {logging_mixin.py:190} INFO - [2024-09-18T12:06:25.971+0100] {dag.py:4156} INFO - Setting next_dagrun for example_xcom_args_with_operators to None, run_after=None
[2024-09-18T12:06:26.007+0100] {processor.py:208} INFO - Processing /Users/ds2718/Documents/test_python_airflow/airflow/py_venv/lib/python3.12/site-packages/airflow/example_dags/example_xcomargs.py took 0.124 seconds
[2024-09-18T12:06:59.566+0100] {processor.py:186} INFO - Started process (PID=12128) to work on /Users/ds2718/Documents/test_python_airflow/airflow/py_venv/lib/python3.12/site-packages/airflow/example_dags/example_xcomargs.py
[2024-09-18T12:06:59.567+0100] {processor.py:914} INFO - Processing file /Users/ds2718/Documents/test_python_airflow/airflow/py_venv/lib/python3.12/site-packages/airflow/example_dags/example_xcomargs.py for tasks to queue
[2024-09-18T12:06:59.568+0100] {logging_mixin.py:190} INFO - [2024-09-18T12:06:59.568+0100] {dagbag.py:587} INFO - Filling up the DagBag from /Users/ds2718/Documents/test_python_airflow/airflow/py_venv/lib/python3.12/site-packages/airflow/example_dags/example_xcomargs.py
[2024-09-18T12:06:59.588+0100] {processor.py:925} INFO - DAG(s) 'example_xcom_args_with_operators', 'example_xcom_args' retrieved from /Users/ds2718/Documents/test_python_airflow/airflow/py_venv/lib/python3.12/site-packages/airflow/example_dags/example_xcomargs.py
[2024-09-18T12:06:59.630+0100] {logging_mixin.py:190} INFO - [2024-09-18T12:06:59.630+0100] {dag.py:3229} INFO - Sync 2 DAGs
[2024-09-18T12:06:59.638+0100] {logging_mixin.py:190} INFO - [2024-09-18T12:06:59.638+0100] {dag.py:4156} INFO - Setting next_dagrun for example_xcom_args to None, run_after=None
[2024-09-18T12:06:59.639+0100] {logging_mixin.py:190} INFO - [2024-09-18T12:06:59.639+0100] {dag.py:4156} INFO - Setting next_dagrun for example_xcom_args_with_operators to None, run_after=None
[2024-09-18T12:06:59.671+0100] {processor.py:208} INFO - Processing /Users/ds2718/Documents/test_python_airflow/airflow/py_venv/lib/python3.12/site-packages/airflow/example_dags/example_xcomargs.py took 0.114 seconds
[2024-09-18T12:07:34.913+0100] {processor.py:186} INFO - Started process (PID=12335) to work on /Users/ds2718/Documents/test_python_airflow/airflow/py_venv/lib/python3.12/site-packages/airflow/example_dags/example_xcomargs.py
[2024-09-18T12:07:34.914+0100] {processor.py:914} INFO - Processing file /Users/ds2718/Documents/test_python_airflow/airflow/py_venv/lib/python3.12/site-packages/airflow/example_dags/example_xcomargs.py for tasks to queue
[2024-09-18T12:07:34.915+0100] {logging_mixin.py:190} INFO - [2024-09-18T12:07:34.915+0100] {dagbag.py:587} INFO - Filling up the DagBag from /Users/ds2718/Documents/test_python_airflow/airflow/py_venv/lib/python3.12/site-packages/airflow/example_dags/example_xcomargs.py
[2024-09-18T12:07:34.935+0100] {processor.py:925} INFO - DAG(s) 'example_xcom_args_with_operators', 'example_xcom_args' retrieved from /Users/ds2718/Documents/test_python_airflow/airflow/py_venv/lib/python3.12/site-packages/airflow/example_dags/example_xcomargs.py
[2024-09-18T12:07:35.043+0100] {logging_mixin.py:190} INFO - [2024-09-18T12:07:35.043+0100] {dag.py:3229} INFO - Sync 2 DAGs
[2024-09-18T12:07:35.074+0100] {logging_mixin.py:190} INFO - [2024-09-18T12:07:35.074+0100] {dag.py:4156} INFO - Setting next_dagrun for example_xcom_args to None, run_after=None
[2024-09-18T12:07:35.076+0100] {logging_mixin.py:190} INFO - [2024-09-18T12:07:35.076+0100] {dag.py:4156} INFO - Setting next_dagrun for example_xcom_args_with_operators to None, run_after=None
[2024-09-18T12:07:35.152+0100] {processor.py:208} INFO - Processing /Users/ds2718/Documents/test_python_airflow/airflow/py_venv/lib/python3.12/site-packages/airflow/example_dags/example_xcomargs.py took 0.241 seconds
[2024-09-18T12:08:17.344+0100] {processor.py:186} INFO - Started process (PID=12478) to work on /Users/ds2718/Documents/test_python_airflow/airflow/py_venv/lib/python3.12/site-packages/airflow/example_dags/example_xcomargs.py
[2024-09-18T12:08:17.345+0100] {processor.py:914} INFO - Processing file /Users/ds2718/Documents/test_python_airflow/airflow/py_venv/lib/python3.12/site-packages/airflow/example_dags/example_xcomargs.py for tasks to queue
[2024-09-18T12:08:17.346+0100] {logging_mixin.py:190} INFO - [2024-09-18T12:08:17.346+0100] {dagbag.py:587} INFO - Filling up the DagBag from /Users/ds2718/Documents/test_python_airflow/airflow/py_venv/lib/python3.12/site-packages/airflow/example_dags/example_xcomargs.py
[2024-09-18T12:08:17.380+0100] {processor.py:925} INFO - DAG(s) 'example_xcom_args_with_operators', 'example_xcom_args' retrieved from /Users/ds2718/Documents/test_python_airflow/airflow/py_venv/lib/python3.12/site-packages/airflow/example_dags/example_xcomargs.py
[2024-09-18T12:08:17.441+0100] {logging_mixin.py:190} INFO - [2024-09-18T12:08:17.441+0100] {dag.py:3229} INFO - Sync 2 DAGs
[2024-09-18T12:08:17.452+0100] {logging_mixin.py:190} INFO - [2024-09-18T12:08:17.452+0100] {dag.py:4156} INFO - Setting next_dagrun for example_xcom_args to None, run_after=None
[2024-09-18T12:08:17.454+0100] {logging_mixin.py:190} INFO - [2024-09-18T12:08:17.454+0100] {dag.py:4156} INFO - Setting next_dagrun for example_xcom_args_with_operators to None, run_after=None
[2024-09-18T12:08:17.520+0100] {processor.py:208} INFO - Processing /Users/ds2718/Documents/test_python_airflow/airflow/py_venv/lib/python3.12/site-packages/airflow/example_dags/example_xcomargs.py took 0.186 seconds
[2024-09-18T12:08:51.625+0100] {processor.py:186} INFO - Started process (PID=12680) to work on /Users/ds2718/Documents/test_python_airflow/airflow/py_venv/lib/python3.12/site-packages/airflow/example_dags/example_xcomargs.py
[2024-09-18T12:08:51.626+0100] {processor.py:914} INFO - Processing file /Users/ds2718/Documents/test_python_airflow/airflow/py_venv/lib/python3.12/site-packages/airflow/example_dags/example_xcomargs.py for tasks to queue
[2024-09-18T12:08:51.626+0100] {logging_mixin.py:190} INFO - [2024-09-18T12:08:51.626+0100] {dagbag.py:587} INFO - Filling up the DagBag from /Users/ds2718/Documents/test_python_airflow/airflow/py_venv/lib/python3.12/site-packages/airflow/example_dags/example_xcomargs.py
[2024-09-18T12:08:51.644+0100] {processor.py:925} INFO - DAG(s) 'example_xcom_args', 'example_xcom_args_with_operators' retrieved from /Users/ds2718/Documents/test_python_airflow/airflow/py_venv/lib/python3.12/site-packages/airflow/example_dags/example_xcomargs.py
[2024-09-18T12:08:51.686+0100] {logging_mixin.py:190} INFO - [2024-09-18T12:08:51.686+0100] {dag.py:3229} INFO - Sync 2 DAGs
[2024-09-18T12:08:51.693+0100] {logging_mixin.py:190} INFO - [2024-09-18T12:08:51.693+0100] {dag.py:4156} INFO - Setting next_dagrun for example_xcom_args to None, run_after=None
[2024-09-18T12:08:51.694+0100] {logging_mixin.py:190} INFO - [2024-09-18T12:08:51.694+0100] {dag.py:4156} INFO - Setting next_dagrun for example_xcom_args_with_operators to None, run_after=None
[2024-09-18T12:08:51.742+0100] {processor.py:208} INFO - Processing /Users/ds2718/Documents/test_python_airflow/airflow/py_venv/lib/python3.12/site-packages/airflow/example_dags/example_xcomargs.py took 0.123 seconds
[2024-09-18T12:09:26.029+0100] {processor.py:186} INFO - Started process (PID=12832) to work on /Users/ds2718/Documents/test_python_airflow/airflow/py_venv/lib/python3.12/site-packages/airflow/example_dags/example_xcomargs.py
[2024-09-18T12:09:26.030+0100] {processor.py:914} INFO - Processing file /Users/ds2718/Documents/test_python_airflow/airflow/py_venv/lib/python3.12/site-packages/airflow/example_dags/example_xcomargs.py for tasks to queue
[2024-09-18T12:09:26.030+0100] {logging_mixin.py:190} INFO - [2024-09-18T12:09:26.030+0100] {dagbag.py:587} INFO - Filling up the DagBag from /Users/ds2718/Documents/test_python_airflow/airflow/py_venv/lib/python3.12/site-packages/airflow/example_dags/example_xcomargs.py
[2024-09-18T12:09:26.055+0100] {processor.py:925} INFO - DAG(s) 'example_xcom_args', 'example_xcom_args_with_operators' retrieved from /Users/ds2718/Documents/test_python_airflow/airflow/py_venv/lib/python3.12/site-packages/airflow/example_dags/example_xcomargs.py
[2024-09-18T12:09:26.092+0100] {logging_mixin.py:190} INFO - [2024-09-18T12:09:26.092+0100] {dag.py:3229} INFO - Sync 2 DAGs
[2024-09-18T12:09:26.100+0100] {logging_mixin.py:190} INFO - [2024-09-18T12:09:26.100+0100] {dag.py:4156} INFO - Setting next_dagrun for example_xcom_args to None, run_after=None
[2024-09-18T12:09:26.102+0100] {logging_mixin.py:190} INFO - [2024-09-18T12:09:26.102+0100] {dag.py:4156} INFO - Setting next_dagrun for example_xcom_args_with_operators to None, run_after=None
[2024-09-18T12:09:26.139+0100] {processor.py:208} INFO - Processing /Users/ds2718/Documents/test_python_airflow/airflow/py_venv/lib/python3.12/site-packages/airflow/example_dags/example_xcomargs.py took 0.119 seconds
[2024-09-18T12:09:59.205+0100] {processor.py:186} INFO - Started process (PID=13027) to work on /Users/ds2718/Documents/test_python_airflow/airflow/py_venv/lib/python3.12/site-packages/airflow/example_dags/example_xcomargs.py
[2024-09-18T12:09:59.207+0100] {processor.py:914} INFO - Processing file /Users/ds2718/Documents/test_python_airflow/airflow/py_venv/lib/python3.12/site-packages/airflow/example_dags/example_xcomargs.py for tasks to queue
[2024-09-18T12:09:59.207+0100] {logging_mixin.py:190} INFO - [2024-09-18T12:09:59.207+0100] {dagbag.py:587} INFO - Filling up the DagBag from /Users/ds2718/Documents/test_python_airflow/airflow/py_venv/lib/python3.12/site-packages/airflow/example_dags/example_xcomargs.py
[2024-09-18T12:09:59.226+0100] {processor.py:925} INFO - DAG(s) 'example_xcom_args_with_operators', 'example_xcom_args' retrieved from /Users/ds2718/Documents/test_python_airflow/airflow/py_venv/lib/python3.12/site-packages/airflow/example_dags/example_xcomargs.py
[2024-09-18T12:09:59.264+0100] {logging_mixin.py:190} INFO - [2024-09-18T12:09:59.264+0100] {dag.py:3229} INFO - Sync 2 DAGs
[2024-09-18T12:09:59.272+0100] {logging_mixin.py:190} INFO - [2024-09-18T12:09:59.272+0100] {dag.py:4156} INFO - Setting next_dagrun for example_xcom_args to None, run_after=None
[2024-09-18T12:09:59.274+0100] {logging_mixin.py:190} INFO - [2024-09-18T12:09:59.274+0100] {dag.py:4156} INFO - Setting next_dagrun for example_xcom_args_with_operators to None, run_after=None
[2024-09-18T12:09:59.307+0100] {processor.py:208} INFO - Processing /Users/ds2718/Documents/test_python_airflow/airflow/py_venv/lib/python3.12/site-packages/airflow/example_dags/example_xcomargs.py took 0.109 seconds
[2024-09-18T12:10:31.812+0100] {processor.py:186} INFO - Started process (PID=13155) to work on /Users/ds2718/Documents/test_python_airflow/airflow/py_venv/lib/python3.12/site-packages/airflow/example_dags/example_xcomargs.py
[2024-09-18T12:10:31.813+0100] {processor.py:914} INFO - Processing file /Users/ds2718/Documents/test_python_airflow/airflow/py_venv/lib/python3.12/site-packages/airflow/example_dags/example_xcomargs.py for tasks to queue
[2024-09-18T12:10:31.813+0100] {logging_mixin.py:190} INFO - [2024-09-18T12:10:31.813+0100] {dagbag.py:587} INFO - Filling up the DagBag from /Users/ds2718/Documents/test_python_airflow/airflow/py_venv/lib/python3.12/site-packages/airflow/example_dags/example_xcomargs.py
[2024-09-18T12:10:31.833+0100] {processor.py:925} INFO - DAG(s) 'example_xcom_args_with_operators', 'example_xcom_args' retrieved from /Users/ds2718/Documents/test_python_airflow/airflow/py_venv/lib/python3.12/site-packages/airflow/example_dags/example_xcomargs.py
[2024-09-18T12:10:31.872+0100] {logging_mixin.py:190} INFO - [2024-09-18T12:10:31.872+0100] {dag.py:3229} INFO - Sync 2 DAGs
[2024-09-18T12:10:31.878+0100] {logging_mixin.py:190} INFO - [2024-09-18T12:10:31.878+0100] {dag.py:4156} INFO - Setting next_dagrun for example_xcom_args to None, run_after=None
[2024-09-18T12:10:31.880+0100] {logging_mixin.py:190} INFO - [2024-09-18T12:10:31.880+0100] {dag.py:4156} INFO - Setting next_dagrun for example_xcom_args_with_operators to None, run_after=None
[2024-09-18T12:10:31.914+0100] {processor.py:208} INFO - Processing /Users/ds2718/Documents/test_python_airflow/airflow/py_venv/lib/python3.12/site-packages/airflow/example_dags/example_xcomargs.py took 0.107 seconds
[2024-09-18T12:11:05.457+0100] {processor.py:186} INFO - Started process (PID=13333) to work on /Users/ds2718/Documents/test_python_airflow/airflow/py_venv/lib/python3.12/site-packages/airflow/example_dags/example_xcomargs.py
[2024-09-18T12:11:05.458+0100] {processor.py:914} INFO - Processing file /Users/ds2718/Documents/test_python_airflow/airflow/py_venv/lib/python3.12/site-packages/airflow/example_dags/example_xcomargs.py for tasks to queue
[2024-09-18T12:11:05.458+0100] {logging_mixin.py:190} INFO - [2024-09-18T12:11:05.458+0100] {dagbag.py:587} INFO - Filling up the DagBag from /Users/ds2718/Documents/test_python_airflow/airflow/py_venv/lib/python3.12/site-packages/airflow/example_dags/example_xcomargs.py
[2024-09-18T12:11:05.480+0100] {processor.py:925} INFO - DAG(s) 'example_xcom_args', 'example_xcom_args_with_operators' retrieved from /Users/ds2718/Documents/test_python_airflow/airflow/py_venv/lib/python3.12/site-packages/airflow/example_dags/example_xcomargs.py
[2024-09-18T12:11:05.531+0100] {logging_mixin.py:190} INFO - [2024-09-18T12:11:05.531+0100] {dag.py:3229} INFO - Sync 2 DAGs
[2024-09-18T12:11:05.539+0100] {logging_mixin.py:190} INFO - [2024-09-18T12:11:05.539+0100] {dag.py:4156} INFO - Setting next_dagrun for example_xcom_args to None, run_after=None
[2024-09-18T12:11:05.541+0100] {logging_mixin.py:190} INFO - [2024-09-18T12:11:05.540+0100] {dag.py:4156} INFO - Setting next_dagrun for example_xcom_args_with_operators to None, run_after=None
[2024-09-18T12:11:05.630+0100] {processor.py:208} INFO - Processing /Users/ds2718/Documents/test_python_airflow/airflow/py_venv/lib/python3.12/site-packages/airflow/example_dags/example_xcomargs.py took 0.179 seconds
[2024-09-18T12:11:40.136+0100] {processor.py:186} INFO - Started process (PID=13480) to work on /Users/ds2718/Documents/test_python_airflow/airflow/py_venv/lib/python3.12/site-packages/airflow/example_dags/example_xcomargs.py
[2024-09-18T12:11:40.137+0100] {processor.py:914} INFO - Processing file /Users/ds2718/Documents/test_python_airflow/airflow/py_venv/lib/python3.12/site-packages/airflow/example_dags/example_xcomargs.py for tasks to queue
[2024-09-18T12:11:40.137+0100] {logging_mixin.py:190} INFO - [2024-09-18T12:11:40.137+0100] {dagbag.py:587} INFO - Filling up the DagBag from /Users/ds2718/Documents/test_python_airflow/airflow/py_venv/lib/python3.12/site-packages/airflow/example_dags/example_xcomargs.py
[2024-09-18T12:11:40.153+0100] {processor.py:925} INFO - DAG(s) 'example_xcom_args', 'example_xcom_args_with_operators' retrieved from /Users/ds2718/Documents/test_python_airflow/airflow/py_venv/lib/python3.12/site-packages/airflow/example_dags/example_xcomargs.py
[2024-09-18T12:11:40.203+0100] {logging_mixin.py:190} INFO - [2024-09-18T12:11:40.202+0100] {dag.py:3229} INFO - Sync 2 DAGs
[2024-09-18T12:11:40.210+0100] {logging_mixin.py:190} INFO - [2024-09-18T12:11:40.210+0100] {dag.py:4156} INFO - Setting next_dagrun for example_xcom_args to None, run_after=None
[2024-09-18T12:11:40.212+0100] {logging_mixin.py:190} INFO - [2024-09-18T12:11:40.212+0100] {dag.py:4156} INFO - Setting next_dagrun for example_xcom_args_with_operators to None, run_after=None
[2024-09-18T12:11:40.244+0100] {processor.py:208} INFO - Processing /Users/ds2718/Documents/test_python_airflow/airflow/py_venv/lib/python3.12/site-packages/airflow/example_dags/example_xcomargs.py took 0.109 seconds
[2024-09-18T12:12:14.210+0100] {processor.py:186} INFO - Started process (PID=13639) to work on /Users/ds2718/Documents/test_python_airflow/airflow/py_venv/lib/python3.12/site-packages/airflow/example_dags/example_xcomargs.py
[2024-09-18T12:12:14.211+0100] {processor.py:914} INFO - Processing file /Users/ds2718/Documents/test_python_airflow/airflow/py_venv/lib/python3.12/site-packages/airflow/example_dags/example_xcomargs.py for tasks to queue
[2024-09-18T12:12:14.211+0100] {logging_mixin.py:190} INFO - [2024-09-18T12:12:14.211+0100] {dagbag.py:587} INFO - Filling up the DagBag from /Users/ds2718/Documents/test_python_airflow/airflow/py_venv/lib/python3.12/site-packages/airflow/example_dags/example_xcomargs.py
[2024-09-18T12:12:14.234+0100] {processor.py:925} INFO - DAG(s) 'example_xcom_args_with_operators', 'example_xcom_args' retrieved from /Users/ds2718/Documents/test_python_airflow/airflow/py_venv/lib/python3.12/site-packages/airflow/example_dags/example_xcomargs.py
[2024-09-18T12:12:14.289+0100] {logging_mixin.py:190} INFO - [2024-09-18T12:12:14.289+0100] {dag.py:3229} INFO - Sync 2 DAGs
[2024-09-18T12:12:14.296+0100] {logging_mixin.py:190} INFO - [2024-09-18T12:12:14.296+0100] {dag.py:4156} INFO - Setting next_dagrun for example_xcom_args to None, run_after=None
[2024-09-18T12:12:14.298+0100] {logging_mixin.py:190} INFO - [2024-09-18T12:12:14.298+0100] {dag.py:4156} INFO - Setting next_dagrun for example_xcom_args_with_operators to None, run_after=None
[2024-09-18T12:12:14.334+0100] {processor.py:208} INFO - Processing /Users/ds2718/Documents/test_python_airflow/airflow/py_venv/lib/python3.12/site-packages/airflow/example_dags/example_xcomargs.py took 0.130 seconds
[2024-09-18T12:12:46.639+0100] {processor.py:186} INFO - Started process (PID=13771) to work on /Users/ds2718/Documents/test_python_airflow/airflow/py_venv/lib/python3.12/site-packages/airflow/example_dags/example_xcomargs.py
[2024-09-18T12:12:46.640+0100] {processor.py:914} INFO - Processing file /Users/ds2718/Documents/test_python_airflow/airflow/py_venv/lib/python3.12/site-packages/airflow/example_dags/example_xcomargs.py for tasks to queue
[2024-09-18T12:12:46.640+0100] {logging_mixin.py:190} INFO - [2024-09-18T12:12:46.640+0100] {dagbag.py:587} INFO - Filling up the DagBag from /Users/ds2718/Documents/test_python_airflow/airflow/py_venv/lib/python3.12/site-packages/airflow/example_dags/example_xcomargs.py
[2024-09-18T12:12:46.660+0100] {processor.py:925} INFO - DAG(s) 'example_xcom_args', 'example_xcom_args_with_operators' retrieved from /Users/ds2718/Documents/test_python_airflow/airflow/py_venv/lib/python3.12/site-packages/airflow/example_dags/example_xcomargs.py
[2024-09-18T12:12:46.699+0100] {logging_mixin.py:190} INFO - [2024-09-18T12:12:46.699+0100] {dag.py:3229} INFO - Sync 2 DAGs
[2024-09-18T12:12:46.707+0100] {logging_mixin.py:190} INFO - [2024-09-18T12:12:46.707+0100] {dag.py:4156} INFO - Setting next_dagrun for example_xcom_args to None, run_after=None
[2024-09-18T12:12:46.708+0100] {logging_mixin.py:190} INFO - [2024-09-18T12:12:46.708+0100] {dag.py:4156} INFO - Setting next_dagrun for example_xcom_args_with_operators to None, run_after=None
[2024-09-18T12:12:46.750+0100] {processor.py:208} INFO - Processing /Users/ds2718/Documents/test_python_airflow/airflow/py_venv/lib/python3.12/site-packages/airflow/example_dags/example_xcomargs.py took 0.118 seconds
[2024-09-18T12:13:22.314+0100] {processor.py:186} INFO - Started process (PID=13979) to work on /Users/ds2718/Documents/test_python_airflow/airflow/py_venv/lib/python3.12/site-packages/airflow/example_dags/example_xcomargs.py
[2024-09-18T12:13:22.314+0100] {processor.py:914} INFO - Processing file /Users/ds2718/Documents/test_python_airflow/airflow/py_venv/lib/python3.12/site-packages/airflow/example_dags/example_xcomargs.py for tasks to queue
[2024-09-18T12:13:22.314+0100] {logging_mixin.py:190} INFO - [2024-09-18T12:13:22.314+0100] {dagbag.py:587} INFO - Filling up the DagBag from /Users/ds2718/Documents/test_python_airflow/airflow/py_venv/lib/python3.12/site-packages/airflow/example_dags/example_xcomargs.py
[2024-09-18T12:13:22.333+0100] {processor.py:925} INFO - DAG(s) 'example_xcom_args', 'example_xcom_args_with_operators' retrieved from /Users/ds2718/Documents/test_python_airflow/airflow/py_venv/lib/python3.12/site-packages/airflow/example_dags/example_xcomargs.py
[2024-09-18T12:13:22.376+0100] {logging_mixin.py:190} INFO - [2024-09-18T12:13:22.376+0100] {dag.py:3229} INFO - Sync 2 DAGs
[2024-09-18T12:13:22.383+0100] {logging_mixin.py:190} INFO - [2024-09-18T12:13:22.383+0100] {dag.py:4156} INFO - Setting next_dagrun for example_xcom_args to None, run_after=None
[2024-09-18T12:13:22.384+0100] {logging_mixin.py:190} INFO - [2024-09-18T12:13:22.384+0100] {dag.py:4156} INFO - Setting next_dagrun for example_xcom_args_with_operators to None, run_after=None
[2024-09-18T12:13:22.422+0100] {processor.py:208} INFO - Processing /Users/ds2718/Documents/test_python_airflow/airflow/py_venv/lib/python3.12/site-packages/airflow/example_dags/example_xcomargs.py took 0.112 seconds
[2024-09-18T12:13:57.582+0100] {processor.py:186} INFO - Started process (PID=14157) to work on /Users/ds2718/Documents/test_python_airflow/airflow/py_venv/lib/python3.12/site-packages/airflow/example_dags/example_xcomargs.py
[2024-09-18T12:13:57.583+0100] {processor.py:914} INFO - Processing file /Users/ds2718/Documents/test_python_airflow/airflow/py_venv/lib/python3.12/site-packages/airflow/example_dags/example_xcomargs.py for tasks to queue
[2024-09-18T12:13:57.584+0100] {logging_mixin.py:190} INFO - [2024-09-18T12:13:57.584+0100] {dagbag.py:587} INFO - Filling up the DagBag from /Users/ds2718/Documents/test_python_airflow/airflow/py_venv/lib/python3.12/site-packages/airflow/example_dags/example_xcomargs.py
[2024-09-18T12:13:57.607+0100] {processor.py:925} INFO - DAG(s) 'example_xcom_args', 'example_xcom_args_with_operators' retrieved from /Users/ds2718/Documents/test_python_airflow/airflow/py_venv/lib/python3.12/site-packages/airflow/example_dags/example_xcomargs.py
[2024-09-18T12:13:57.651+0100] {logging_mixin.py:190} INFO - [2024-09-18T12:13:57.651+0100] {dag.py:3229} INFO - Sync 2 DAGs
[2024-09-18T12:13:57.659+0100] {logging_mixin.py:190} INFO - [2024-09-18T12:13:57.658+0100] {dag.py:4156} INFO - Setting next_dagrun for example_xcom_args to None, run_after=None
[2024-09-18T12:13:57.660+0100] {logging_mixin.py:190} INFO - [2024-09-18T12:13:57.660+0100] {dag.py:4156} INFO - Setting next_dagrun for example_xcom_args_with_operators to None, run_after=None
[2024-09-18T12:13:57.710+0100] {processor.py:208} INFO - Processing /Users/ds2718/Documents/test_python_airflow/airflow/py_venv/lib/python3.12/site-packages/airflow/example_dags/example_xcomargs.py took 0.134 seconds
