[2024-09-18T11:54:02.454+0100] {processor.py:186} INFO - Started process (PID=9432) to work on /Users/ds2718/Documents/test_python_airflow/airflow/py_venv/lib/python3.12/site-packages/airflow/example_dags/example_trigger_target_dag.py
[2024-09-18T11:54:02.454+0100] {processor.py:914} INFO - Processing file /Users/ds2718/Documents/test_python_airflow/airflow/py_venv/lib/python3.12/site-packages/airflow/example_dags/example_trigger_target_dag.py for tasks to queue
[2024-09-18T11:54:02.455+0100] {logging_mixin.py:190} INFO - [2024-09-18T11:54:02.455+0100] {dagbag.py:587} INFO - Filling up the DagBag from /Users/ds2718/Documents/test_python_airflow/airflow/py_venv/lib/python3.12/site-packages/airflow/example_dags/example_trigger_target_dag.py
[2024-09-18T11:54:02.473+0100] {processor.py:925} INFO - DAG(s) 'example_trigger_target_dag' retrieved from /Users/ds2718/Documents/test_python_airflow/airflow/py_venv/lib/python3.12/site-packages/airflow/example_dags/example_trigger_target_dag.py
[2024-09-18T11:54:02.588+0100] {logging_mixin.py:190} INFO - [2024-09-18T11:54:02.587+0100] {override.py:1900} INFO - Created Permission View: can delete on DAG:example_trigger_target_dag
[2024-09-18T11:54:02.592+0100] {logging_mixin.py:190} INFO - [2024-09-18T11:54:02.592+0100] {override.py:1900} INFO - Created Permission View: can read on DAG:example_trigger_target_dag
[2024-09-18T11:54:02.594+0100] {logging_mixin.py:190} INFO - [2024-09-18T11:54:02.594+0100] {override.py:1900} INFO - Created Permission View: can edit on DAG:example_trigger_target_dag
[2024-09-18T11:54:02.597+0100] {logging_mixin.py:190} INFO - [2024-09-18T11:54:02.597+0100] {override.py:1900} INFO - Created Permission View: can delete on DAG Run:example_trigger_target_dag
[2024-09-18T11:54:02.599+0100] {logging_mixin.py:190} INFO - [2024-09-18T11:54:02.599+0100] {override.py:1900} INFO - Created Permission View: can create on DAG Run:example_trigger_target_dag
[2024-09-18T11:54:02.602+0100] {logging_mixin.py:190} INFO - [2024-09-18T11:54:02.601+0100] {override.py:1900} INFO - Created Permission View: can read on DAG Run:example_trigger_target_dag
[2024-09-18T11:54:02.604+0100] {logging_mixin.py:190} INFO - [2024-09-18T11:54:02.604+0100] {override.py:1900} INFO - Created Permission View: menu access on DAG Run:example_trigger_target_dag
[2024-09-18T11:54:02.604+0100] {logging_mixin.py:190} INFO - [2024-09-18T11:54:02.604+0100] {dag.py:3229} INFO - Sync 1 DAGs
[2024-09-18T11:54:02.611+0100] {logging_mixin.py:190} INFO - [2024-09-18T11:54:02.611+0100] {dag.py:3252} INFO - Creating ORM DAG for example_trigger_target_dag
[2024-09-18T11:54:02.611+0100] {logging_mixin.py:190} INFO - [2024-09-18T11:54:02.611+0100] {dag.py:4156} INFO - Setting next_dagrun for example_trigger_target_dag to None, run_after=None
[2024-09-18T11:54:02.619+0100] {processor.py:208} INFO - Processing /Users/ds2718/Documents/test_python_airflow/airflow/py_venv/lib/python3.12/site-packages/airflow/example_dags/example_trigger_target_dag.py took 0.170 seconds
[2024-09-18T11:54:36.851+0100] {processor.py:186} INFO - Started process (PID=9589) to work on /Users/ds2718/Documents/test_python_airflow/airflow/py_venv/lib/python3.12/site-packages/airflow/example_dags/example_trigger_target_dag.py
[2024-09-18T11:54:36.851+0100] {processor.py:914} INFO - Processing file /Users/ds2718/Documents/test_python_airflow/airflow/py_venv/lib/python3.12/site-packages/airflow/example_dags/example_trigger_target_dag.py for tasks to queue
[2024-09-18T11:54:36.852+0100] {logging_mixin.py:190} INFO - [2024-09-18T11:54:36.852+0100] {dagbag.py:587} INFO - Filling up the DagBag from /Users/ds2718/Documents/test_python_airflow/airflow/py_venv/lib/python3.12/site-packages/airflow/example_dags/example_trigger_target_dag.py
[2024-09-18T11:54:36.867+0100] {processor.py:925} INFO - DAG(s) 'example_trigger_target_dag' retrieved from /Users/ds2718/Documents/test_python_airflow/airflow/py_venv/lib/python3.12/site-packages/airflow/example_dags/example_trigger_target_dag.py
[2024-09-18T11:54:36.907+0100] {logging_mixin.py:190} INFO - [2024-09-18T11:54:36.907+0100] {dag.py:3229} INFO - Sync 1 DAGs
[2024-09-18T11:54:36.915+0100] {logging_mixin.py:190} INFO - [2024-09-18T11:54:36.915+0100] {dag.py:4156} INFO - Setting next_dagrun for example_trigger_target_dag to None, run_after=None
[2024-09-18T11:54:36.965+0100] {processor.py:208} INFO - Processing /Users/ds2718/Documents/test_python_airflow/airflow/py_venv/lib/python3.12/site-packages/airflow/example_dags/example_trigger_target_dag.py took 0.120 seconds
[2024-09-18T11:55:11.837+0100] {processor.py:186} INFO - Started process (PID=9803) to work on /Users/ds2718/Documents/test_python_airflow/airflow/py_venv/lib/python3.12/site-packages/airflow/example_dags/example_trigger_target_dag.py
[2024-09-18T11:55:11.837+0100] {processor.py:914} INFO - Processing file /Users/ds2718/Documents/test_python_airflow/airflow/py_venv/lib/python3.12/site-packages/airflow/example_dags/example_trigger_target_dag.py for tasks to queue
[2024-09-18T11:55:11.838+0100] {logging_mixin.py:190} INFO - [2024-09-18T11:55:11.838+0100] {dagbag.py:587} INFO - Filling up the DagBag from /Users/ds2718/Documents/test_python_airflow/airflow/py_venv/lib/python3.12/site-packages/airflow/example_dags/example_trigger_target_dag.py
[2024-09-18T11:55:11.855+0100] {processor.py:925} INFO - DAG(s) 'example_trigger_target_dag' retrieved from /Users/ds2718/Documents/test_python_airflow/airflow/py_venv/lib/python3.12/site-packages/airflow/example_dags/example_trigger_target_dag.py
[2024-09-18T11:55:11.896+0100] {logging_mixin.py:190} INFO - [2024-09-18T11:55:11.896+0100] {dag.py:3229} INFO - Sync 1 DAGs
[2024-09-18T11:55:11.903+0100] {logging_mixin.py:190} INFO - [2024-09-18T11:55:11.903+0100] {dag.py:4156} INFO - Setting next_dagrun for example_trigger_target_dag to None, run_after=None
[2024-09-18T11:55:11.938+0100] {processor.py:208} INFO - Processing /Users/ds2718/Documents/test_python_airflow/airflow/py_venv/lib/python3.12/site-packages/airflow/example_dags/example_trigger_target_dag.py took 0.105 seconds
[2024-09-18T11:55:44.815+0100] {processor.py:186} INFO - Started process (PID=10003) to work on /Users/ds2718/Documents/test_python_airflow/airflow/py_venv/lib/python3.12/site-packages/airflow/example_dags/example_trigger_target_dag.py
[2024-09-18T11:55:44.817+0100] {processor.py:914} INFO - Processing file /Users/ds2718/Documents/test_python_airflow/airflow/py_venv/lib/python3.12/site-packages/airflow/example_dags/example_trigger_target_dag.py for tasks to queue
[2024-09-18T11:55:44.817+0100] {logging_mixin.py:190} INFO - [2024-09-18T11:55:44.817+0100] {dagbag.py:587} INFO - Filling up the DagBag from /Users/ds2718/Documents/test_python_airflow/airflow/py_venv/lib/python3.12/site-packages/airflow/example_dags/example_trigger_target_dag.py
[2024-09-18T11:55:44.834+0100] {processor.py:925} INFO - DAG(s) 'example_trigger_target_dag' retrieved from /Users/ds2718/Documents/test_python_airflow/airflow/py_venv/lib/python3.12/site-packages/airflow/example_dags/example_trigger_target_dag.py
[2024-09-18T11:55:44.875+0100] {logging_mixin.py:190} INFO - [2024-09-18T11:55:44.875+0100] {dag.py:3229} INFO - Sync 1 DAGs
[2024-09-18T11:55:44.881+0100] {logging_mixin.py:190} INFO - [2024-09-18T11:55:44.881+0100] {dag.py:4156} INFO - Setting next_dagrun for example_trigger_target_dag to None, run_after=None
[2024-09-18T11:55:44.934+0100] {processor.py:208} INFO - Processing /Users/ds2718/Documents/test_python_airflow/airflow/py_venv/lib/python3.12/site-packages/airflow/example_dags/example_trigger_target_dag.py took 0.120 seconds
[2024-09-18T11:56:19.524+0100] {processor.py:186} INFO - Started process (PID=10135) to work on /Users/ds2718/Documents/test_python_airflow/airflow/py_venv/lib/python3.12/site-packages/airflow/example_dags/example_trigger_target_dag.py
[2024-09-18T11:56:19.525+0100] {processor.py:914} INFO - Processing file /Users/ds2718/Documents/test_python_airflow/airflow/py_venv/lib/python3.12/site-packages/airflow/example_dags/example_trigger_target_dag.py for tasks to queue
[2024-09-18T11:56:19.525+0100] {logging_mixin.py:190} INFO - [2024-09-18T11:56:19.525+0100] {dagbag.py:587} INFO - Filling up the DagBag from /Users/ds2718/Documents/test_python_airflow/airflow/py_venv/lib/python3.12/site-packages/airflow/example_dags/example_trigger_target_dag.py
[2024-09-18T11:56:19.542+0100] {processor.py:925} INFO - DAG(s) 'example_trigger_target_dag' retrieved from /Users/ds2718/Documents/test_python_airflow/airflow/py_venv/lib/python3.12/site-packages/airflow/example_dags/example_trigger_target_dag.py
[2024-09-18T11:56:19.581+0100] {logging_mixin.py:190} INFO - [2024-09-18T11:56:19.580+0100] {dag.py:3229} INFO - Sync 1 DAGs
[2024-09-18T11:56:19.587+0100] {logging_mixin.py:190} INFO - [2024-09-18T11:56:19.587+0100] {dag.py:4156} INFO - Setting next_dagrun for example_trigger_target_dag to None, run_after=None
[2024-09-18T11:56:19.620+0100] {processor.py:208} INFO - Processing /Users/ds2718/Documents/test_python_airflow/airflow/py_venv/lib/python3.12/site-packages/airflow/example_dags/example_trigger_target_dag.py took 0.102 seconds
[2024-09-18T11:56:51.514+0100] {processor.py:186} INFO - Started process (PID=10309) to work on /Users/ds2718/Documents/test_python_airflow/airflow/py_venv/lib/python3.12/site-packages/airflow/example_dags/example_trigger_target_dag.py
[2024-09-18T11:56:51.515+0100] {processor.py:914} INFO - Processing file /Users/ds2718/Documents/test_python_airflow/airflow/py_venv/lib/python3.12/site-packages/airflow/example_dags/example_trigger_target_dag.py for tasks to queue
[2024-09-18T11:56:51.515+0100] {logging_mixin.py:190} INFO - [2024-09-18T11:56:51.515+0100] {dagbag.py:587} INFO - Filling up the DagBag from /Users/ds2718/Documents/test_python_airflow/airflow/py_venv/lib/python3.12/site-packages/airflow/example_dags/example_trigger_target_dag.py
[2024-09-18T11:56:51.530+0100] {processor.py:925} INFO - DAG(s) 'example_trigger_target_dag' retrieved from /Users/ds2718/Documents/test_python_airflow/airflow/py_venv/lib/python3.12/site-packages/airflow/example_dags/example_trigger_target_dag.py
[2024-09-18T11:56:51.570+0100] {logging_mixin.py:190} INFO - [2024-09-18T11:56:51.570+0100] {dag.py:3229} INFO - Sync 1 DAGs
[2024-09-18T11:56:51.577+0100] {logging_mixin.py:190} INFO - [2024-09-18T11:56:51.577+0100] {dag.py:4156} INFO - Setting next_dagrun for example_trigger_target_dag to None, run_after=None
[2024-09-18T11:56:51.609+0100] {processor.py:208} INFO - Processing /Users/ds2718/Documents/test_python_airflow/airflow/py_venv/lib/python3.12/site-packages/airflow/example_dags/example_trigger_target_dag.py took 0.097 seconds
[2024-09-18T11:57:24.611+0100] {processor.py:186} INFO - Started process (PID=10458) to work on /Users/ds2718/Documents/test_python_airflow/airflow/py_venv/lib/python3.12/site-packages/airflow/example_dags/example_trigger_target_dag.py
[2024-09-18T11:57:24.611+0100] {processor.py:914} INFO - Processing file /Users/ds2718/Documents/test_python_airflow/airflow/py_venv/lib/python3.12/site-packages/airflow/example_dags/example_trigger_target_dag.py for tasks to queue
[2024-09-18T11:57:24.611+0100] {logging_mixin.py:190} INFO - [2024-09-18T11:57:24.611+0100] {dagbag.py:587} INFO - Filling up the DagBag from /Users/ds2718/Documents/test_python_airflow/airflow/py_venv/lib/python3.12/site-packages/airflow/example_dags/example_trigger_target_dag.py
[2024-09-18T11:57:24.627+0100] {processor.py:925} INFO - DAG(s) 'example_trigger_target_dag' retrieved from /Users/ds2718/Documents/test_python_airflow/airflow/py_venv/lib/python3.12/site-packages/airflow/example_dags/example_trigger_target_dag.py
[2024-09-18T11:57:24.667+0100] {logging_mixin.py:190} INFO - [2024-09-18T11:57:24.667+0100] {dag.py:3229} INFO - Sync 1 DAGs
[2024-09-18T11:57:24.674+0100] {logging_mixin.py:190} INFO - [2024-09-18T11:57:24.674+0100] {dag.py:4156} INFO - Setting next_dagrun for example_trigger_target_dag to None, run_after=None
[2024-09-18T11:57:24.708+0100] {processor.py:208} INFO - Processing /Users/ds2718/Documents/test_python_airflow/airflow/py_venv/lib/python3.12/site-packages/airflow/example_dags/example_trigger_target_dag.py took 0.099 seconds
[2024-09-18T11:57:58.421+0100] {processor.py:186} INFO - Started process (PID=10659) to work on /Users/ds2718/Documents/test_python_airflow/airflow/py_venv/lib/python3.12/site-packages/airflow/example_dags/example_trigger_target_dag.py
[2024-09-18T11:57:58.422+0100] {processor.py:914} INFO - Processing file /Users/ds2718/Documents/test_python_airflow/airflow/py_venv/lib/python3.12/site-packages/airflow/example_dags/example_trigger_target_dag.py for tasks to queue
[2024-09-18T11:57:58.422+0100] {logging_mixin.py:190} INFO - [2024-09-18T11:57:58.422+0100] {dagbag.py:587} INFO - Filling up the DagBag from /Users/ds2718/Documents/test_python_airflow/airflow/py_venv/lib/python3.12/site-packages/airflow/example_dags/example_trigger_target_dag.py
[2024-09-18T11:57:58.439+0100] {processor.py:925} INFO - DAG(s) 'example_trigger_target_dag' retrieved from /Users/ds2718/Documents/test_python_airflow/airflow/py_venv/lib/python3.12/site-packages/airflow/example_dags/example_trigger_target_dag.py
[2024-09-18T11:57:58.480+0100] {logging_mixin.py:190} INFO - [2024-09-18T11:57:58.480+0100] {dag.py:3229} INFO - Sync 1 DAGs
[2024-09-18T11:57:58.486+0100] {logging_mixin.py:190} INFO - [2024-09-18T11:57:58.486+0100] {dag.py:4156} INFO - Setting next_dagrun for example_trigger_target_dag to None, run_after=None
[2024-09-18T11:57:58.520+0100] {processor.py:208} INFO - Processing /Users/ds2718/Documents/test_python_airflow/airflow/py_venv/lib/python3.12/site-packages/airflow/example_dags/example_trigger_target_dag.py took 0.100 seconds
[2024-09-18T11:58:32.618+0100] {processor.py:186} INFO - Started process (PID=10843) to work on /Users/ds2718/Documents/test_python_airflow/airflow/py_venv/lib/python3.12/site-packages/airflow/example_dags/example_trigger_target_dag.py
[2024-09-18T11:58:32.619+0100] {processor.py:914} INFO - Processing file /Users/ds2718/Documents/test_python_airflow/airflow/py_venv/lib/python3.12/site-packages/airflow/example_dags/example_trigger_target_dag.py for tasks to queue
[2024-09-18T11:58:32.619+0100] {logging_mixin.py:190} INFO - [2024-09-18T11:58:32.619+0100] {dagbag.py:587} INFO - Filling up the DagBag from /Users/ds2718/Documents/test_python_airflow/airflow/py_venv/lib/python3.12/site-packages/airflow/example_dags/example_trigger_target_dag.py
[2024-09-18T11:58:32.637+0100] {processor.py:925} INFO - DAG(s) 'example_trigger_target_dag' retrieved from /Users/ds2718/Documents/test_python_airflow/airflow/py_venv/lib/python3.12/site-packages/airflow/example_dags/example_trigger_target_dag.py
[2024-09-18T11:58:32.680+0100] {logging_mixin.py:190} INFO - [2024-09-18T11:58:32.680+0100] {dag.py:3229} INFO - Sync 1 DAGs
[2024-09-18T11:58:32.692+0100] {logging_mixin.py:190} INFO - [2024-09-18T11:58:32.692+0100] {dag.py:4156} INFO - Setting next_dagrun for example_trigger_target_dag to None, run_after=None
[2024-09-18T11:58:32.731+0100] {processor.py:208} INFO - Processing /Users/ds2718/Documents/test_python_airflow/airflow/py_venv/lib/python3.12/site-packages/airflow/example_dags/example_trigger_target_dag.py took 0.118 seconds
[2024-09-18T11:59:08.096+0100] {processor.py:186} INFO - Started process (PID=11047) to work on /Users/ds2718/Documents/test_python_airflow/airflow/py_venv/lib/python3.12/site-packages/airflow/example_dags/example_trigger_target_dag.py
[2024-09-18T11:59:08.096+0100] {processor.py:914} INFO - Processing file /Users/ds2718/Documents/test_python_airflow/airflow/py_venv/lib/python3.12/site-packages/airflow/example_dags/example_trigger_target_dag.py for tasks to queue
[2024-09-18T11:59:08.096+0100] {logging_mixin.py:190} INFO - [2024-09-18T11:59:08.096+0100] {dagbag.py:587} INFO - Filling up the DagBag from /Users/ds2718/Documents/test_python_airflow/airflow/py_venv/lib/python3.12/site-packages/airflow/example_dags/example_trigger_target_dag.py
[2024-09-18T11:59:08.114+0100] {processor.py:925} INFO - DAG(s) 'example_trigger_target_dag' retrieved from /Users/ds2718/Documents/test_python_airflow/airflow/py_venv/lib/python3.12/site-packages/airflow/example_dags/example_trigger_target_dag.py
[2024-09-18T11:59:08.153+0100] {logging_mixin.py:190} INFO - [2024-09-18T11:59:08.153+0100] {dag.py:3229} INFO - Sync 1 DAGs
[2024-09-18T11:59:08.161+0100] {logging_mixin.py:190} INFO - [2024-09-18T11:59:08.161+0100] {dag.py:4156} INFO - Setting next_dagrun for example_trigger_target_dag to None, run_after=None
[2024-09-18T11:59:08.199+0100] {processor.py:208} INFO - Processing /Users/ds2718/Documents/test_python_airflow/airflow/py_venv/lib/python3.12/site-packages/airflow/example_dags/example_trigger_target_dag.py took 0.109 seconds
[2024-09-18T11:59:41.234+0100] {processor.py:186} INFO - Started process (PID=11213) to work on /Users/ds2718/Documents/test_python_airflow/airflow/py_venv/lib/python3.12/site-packages/airflow/example_dags/example_trigger_target_dag.py
[2024-09-18T11:59:41.235+0100] {processor.py:914} INFO - Processing file /Users/ds2718/Documents/test_python_airflow/airflow/py_venv/lib/python3.12/site-packages/airflow/example_dags/example_trigger_target_dag.py for tasks to queue
[2024-09-18T11:59:41.236+0100] {logging_mixin.py:190} INFO - [2024-09-18T11:59:41.236+0100] {dagbag.py:587} INFO - Filling up the DagBag from /Users/ds2718/Documents/test_python_airflow/airflow/py_venv/lib/python3.12/site-packages/airflow/example_dags/example_trigger_target_dag.py
[2024-09-18T11:59:41.259+0100] {processor.py:925} INFO - DAG(s) 'example_trigger_target_dag' retrieved from /Users/ds2718/Documents/test_python_airflow/airflow/py_venv/lib/python3.12/site-packages/airflow/example_dags/example_trigger_target_dag.py
[2024-09-18T11:59:41.302+0100] {logging_mixin.py:190} INFO - [2024-09-18T11:59:41.302+0100] {dag.py:3229} INFO - Sync 1 DAGs
[2024-09-18T11:59:41.310+0100] {logging_mixin.py:190} INFO - [2024-09-18T11:59:41.310+0100] {dag.py:4156} INFO - Setting next_dagrun for example_trigger_target_dag to None, run_after=None
[2024-09-18T11:59:41.370+0100] {processor.py:208} INFO - Processing /Users/ds2718/Documents/test_python_airflow/airflow/py_venv/lib/python3.12/site-packages/airflow/example_dags/example_trigger_target_dag.py took 0.144 seconds
[2024-09-18T12:00:14.780+0100] {processor.py:186} INFO - Started process (PID=11423) to work on /Users/ds2718/Documents/test_python_airflow/airflow/py_venv/lib/python3.12/site-packages/airflow/example_dags/example_trigger_target_dag.py
[2024-09-18T12:00:14.780+0100] {processor.py:914} INFO - Processing file /Users/ds2718/Documents/test_python_airflow/airflow/py_venv/lib/python3.12/site-packages/airflow/example_dags/example_trigger_target_dag.py for tasks to queue
[2024-09-18T12:00:14.781+0100] {logging_mixin.py:190} INFO - [2024-09-18T12:00:14.781+0100] {dagbag.py:587} INFO - Filling up the DagBag from /Users/ds2718/Documents/test_python_airflow/airflow/py_venv/lib/python3.12/site-packages/airflow/example_dags/example_trigger_target_dag.py
[2024-09-18T12:00:14.797+0100] {processor.py:925} INFO - DAG(s) 'example_trigger_target_dag' retrieved from /Users/ds2718/Documents/test_python_airflow/airflow/py_venv/lib/python3.12/site-packages/airflow/example_dags/example_trigger_target_dag.py
[2024-09-18T12:00:14.835+0100] {logging_mixin.py:190} INFO - [2024-09-18T12:00:14.835+0100] {dag.py:3229} INFO - Sync 1 DAGs
[2024-09-18T12:00:14.841+0100] {logging_mixin.py:190} INFO - [2024-09-18T12:00:14.841+0100] {dag.py:4156} INFO - Setting next_dagrun for example_trigger_target_dag to None, run_after=None
[2024-09-18T12:00:14.875+0100] {processor.py:208} INFO - Processing /Users/ds2718/Documents/test_python_airflow/airflow/py_venv/lib/python3.12/site-packages/airflow/example_dags/example_trigger_target_dag.py took 0.099 seconds
[2024-09-18T12:00:48.052+0100] {processor.py:186} INFO - Started process (PID=11598) to work on /Users/ds2718/Documents/test_python_airflow/airflow/py_venv/lib/python3.12/site-packages/airflow/example_dags/example_trigger_target_dag.py
[2024-09-18T12:00:48.054+0100] {processor.py:914} INFO - Processing file /Users/ds2718/Documents/test_python_airflow/airflow/py_venv/lib/python3.12/site-packages/airflow/example_dags/example_trigger_target_dag.py for tasks to queue
[2024-09-18T12:00:48.054+0100] {logging_mixin.py:190} INFO - [2024-09-18T12:00:48.054+0100] {dagbag.py:587} INFO - Filling up the DagBag from /Users/ds2718/Documents/test_python_airflow/airflow/py_venv/lib/python3.12/site-packages/airflow/example_dags/example_trigger_target_dag.py
[2024-09-18T12:00:48.070+0100] {processor.py:925} INFO - DAG(s) 'example_trigger_target_dag' retrieved from /Users/ds2718/Documents/test_python_airflow/airflow/py_venv/lib/python3.12/site-packages/airflow/example_dags/example_trigger_target_dag.py
[2024-09-18T12:00:48.107+0100] {logging_mixin.py:190} INFO - [2024-09-18T12:00:48.107+0100] {dag.py:3229} INFO - Sync 1 DAGs
[2024-09-18T12:00:48.115+0100] {logging_mixin.py:190} INFO - [2024-09-18T12:00:48.115+0100] {dag.py:4156} INFO - Setting next_dagrun for example_trigger_target_dag to None, run_after=None
[2024-09-18T12:00:48.147+0100] {processor.py:208} INFO - Processing /Users/ds2718/Documents/test_python_airflow/airflow/py_venv/lib/python3.12/site-packages/airflow/example_dags/example_trigger_target_dag.py took 0.097 seconds
[2024-09-18T12:01:28.002+0100] {processor.py:186} INFO - Started process (PID=11802) to work on /Users/ds2718/Documents/test_python_airflow/airflow/py_venv/lib/python3.12/site-packages/airflow/example_dags/example_trigger_target_dag.py
[2024-09-18T12:01:28.003+0100] {processor.py:914} INFO - Processing file /Users/ds2718/Documents/test_python_airflow/airflow/py_venv/lib/python3.12/site-packages/airflow/example_dags/example_trigger_target_dag.py for tasks to queue
[2024-09-18T12:01:28.003+0100] {logging_mixin.py:190} INFO - [2024-09-18T12:01:28.003+0100] {dagbag.py:587} INFO - Filling up the DagBag from /Users/ds2718/Documents/test_python_airflow/airflow/py_venv/lib/python3.12/site-packages/airflow/example_dags/example_trigger_target_dag.py
[2024-09-18T12:01:28.019+0100] {processor.py:925} INFO - DAG(s) 'example_trigger_target_dag' retrieved from /Users/ds2718/Documents/test_python_airflow/airflow/py_venv/lib/python3.12/site-packages/airflow/example_dags/example_trigger_target_dag.py
[2024-09-18T12:01:28.055+0100] {logging_mixin.py:190} INFO - [2024-09-18T12:01:28.055+0100] {dag.py:3229} INFO - Sync 1 DAGs
[2024-09-18T12:01:28.061+0100] {logging_mixin.py:190} INFO - [2024-09-18T12:01:28.061+0100] {dag.py:4156} INFO - Setting next_dagrun for example_trigger_target_dag to None, run_after=None
[2024-09-18T12:01:28.093+0100] {processor.py:208} INFO - Processing /Users/ds2718/Documents/test_python_airflow/airflow/py_venv/lib/python3.12/site-packages/airflow/example_dags/example_trigger_target_dag.py took 0.093 seconds
[2024-09-18T12:06:27.705+0100] {processor.py:186} INFO - Started process (PID=11965) to work on /Users/ds2718/Documents/test_python_airflow/airflow/py_venv/lib/python3.12/site-packages/airflow/example_dags/example_trigger_target_dag.py
[2024-09-18T12:06:27.708+0100] {processor.py:914} INFO - Processing file /Users/ds2718/Documents/test_python_airflow/airflow/py_venv/lib/python3.12/site-packages/airflow/example_dags/example_trigger_target_dag.py for tasks to queue
[2024-09-18T12:06:27.708+0100] {logging_mixin.py:190} INFO - [2024-09-18T12:06:27.708+0100] {dagbag.py:587} INFO - Filling up the DagBag from /Users/ds2718/Documents/test_python_airflow/airflow/py_venv/lib/python3.12/site-packages/airflow/example_dags/example_trigger_target_dag.py
[2024-09-18T12:06:27.726+0100] {processor.py:925} INFO - DAG(s) 'example_trigger_target_dag' retrieved from /Users/ds2718/Documents/test_python_airflow/airflow/py_venv/lib/python3.12/site-packages/airflow/example_dags/example_trigger_target_dag.py
[2024-09-18T12:06:27.766+0100] {logging_mixin.py:190} INFO - [2024-09-18T12:06:27.766+0100] {dag.py:3229} INFO - Sync 1 DAGs
[2024-09-18T12:06:27.785+0100] {logging_mixin.py:190} INFO - [2024-09-18T12:06:27.784+0100] {dag.py:4156} INFO - Setting next_dagrun for example_trigger_target_dag to None, run_after=None
[2024-09-18T12:06:27.817+0100] {processor.py:208} INFO - Processing /Users/ds2718/Documents/test_python_airflow/airflow/py_venv/lib/python3.12/site-packages/airflow/example_dags/example_trigger_target_dag.py took 0.114 seconds
[2024-09-18T12:07:01.716+0100] {processor.py:186} INFO - Started process (PID=12140) to work on /Users/ds2718/Documents/test_python_airflow/airflow/py_venv/lib/python3.12/site-packages/airflow/example_dags/example_trigger_target_dag.py
[2024-09-18T12:07:01.716+0100] {processor.py:914} INFO - Processing file /Users/ds2718/Documents/test_python_airflow/airflow/py_venv/lib/python3.12/site-packages/airflow/example_dags/example_trigger_target_dag.py for tasks to queue
[2024-09-18T12:07:01.717+0100] {logging_mixin.py:190} INFO - [2024-09-18T12:07:01.717+0100] {dagbag.py:587} INFO - Filling up the DagBag from /Users/ds2718/Documents/test_python_airflow/airflow/py_venv/lib/python3.12/site-packages/airflow/example_dags/example_trigger_target_dag.py
[2024-09-18T12:07:01.734+0100] {processor.py:925} INFO - DAG(s) 'example_trigger_target_dag' retrieved from /Users/ds2718/Documents/test_python_airflow/airflow/py_venv/lib/python3.12/site-packages/airflow/example_dags/example_trigger_target_dag.py
[2024-09-18T12:07:01.773+0100] {logging_mixin.py:190} INFO - [2024-09-18T12:07:01.772+0100] {dag.py:3229} INFO - Sync 1 DAGs
[2024-09-18T12:07:01.779+0100] {logging_mixin.py:190} INFO - [2024-09-18T12:07:01.779+0100] {dag.py:4156} INFO - Setting next_dagrun for example_trigger_target_dag to None, run_after=None
[2024-09-18T12:07:01.811+0100] {processor.py:208} INFO - Processing /Users/ds2718/Documents/test_python_airflow/airflow/py_venv/lib/python3.12/site-packages/airflow/example_dags/example_trigger_target_dag.py took 0.098 seconds
[2024-09-18T12:07:37.019+0100] {processor.py:186} INFO - Started process (PID=12347) to work on /Users/ds2718/Documents/test_python_airflow/airflow/py_venv/lib/python3.12/site-packages/airflow/example_dags/example_trigger_target_dag.py
[2024-09-18T12:07:37.019+0100] {processor.py:914} INFO - Processing file /Users/ds2718/Documents/test_python_airflow/airflow/py_venv/lib/python3.12/site-packages/airflow/example_dags/example_trigger_target_dag.py for tasks to queue
[2024-09-18T12:07:37.020+0100] {logging_mixin.py:190} INFO - [2024-09-18T12:07:37.020+0100] {dagbag.py:587} INFO - Filling up the DagBag from /Users/ds2718/Documents/test_python_airflow/airflow/py_venv/lib/python3.12/site-packages/airflow/example_dags/example_trigger_target_dag.py
[2024-09-18T12:07:37.038+0100] {processor.py:925} INFO - DAG(s) 'example_trigger_target_dag' retrieved from /Users/ds2718/Documents/test_python_airflow/airflow/py_venv/lib/python3.12/site-packages/airflow/example_dags/example_trigger_target_dag.py
[2024-09-18T12:07:37.077+0100] {logging_mixin.py:190} INFO - [2024-09-18T12:07:37.077+0100] {dag.py:3229} INFO - Sync 1 DAGs
[2024-09-18T12:07:37.083+0100] {logging_mixin.py:190} INFO - [2024-09-18T12:07:37.083+0100] {dag.py:4156} INFO - Setting next_dagrun for example_trigger_target_dag to None, run_after=None
[2024-09-18T12:07:37.120+0100] {processor.py:208} INFO - Processing /Users/ds2718/Documents/test_python_airflow/airflow/py_venv/lib/python3.12/site-packages/airflow/example_dags/example_trigger_target_dag.py took 0.108 seconds
[2024-09-18T12:08:19.757+0100] {processor.py:186} INFO - Started process (PID=12487) to work on /Users/ds2718/Documents/test_python_airflow/airflow/py_venv/lib/python3.12/site-packages/airflow/example_dags/example_trigger_target_dag.py
[2024-09-18T12:08:19.757+0100] {processor.py:914} INFO - Processing file /Users/ds2718/Documents/test_python_airflow/airflow/py_venv/lib/python3.12/site-packages/airflow/example_dags/example_trigger_target_dag.py for tasks to queue
[2024-09-18T12:08:19.758+0100] {logging_mixin.py:190} INFO - [2024-09-18T12:08:19.757+0100] {dagbag.py:587} INFO - Filling up the DagBag from /Users/ds2718/Documents/test_python_airflow/airflow/py_venv/lib/python3.12/site-packages/airflow/example_dags/example_trigger_target_dag.py
[2024-09-18T12:08:19.777+0100] {processor.py:925} INFO - DAG(s) 'example_trigger_target_dag' retrieved from /Users/ds2718/Documents/test_python_airflow/airflow/py_venv/lib/python3.12/site-packages/airflow/example_dags/example_trigger_target_dag.py
[2024-09-18T12:08:19.821+0100] {logging_mixin.py:190} INFO - [2024-09-18T12:08:19.821+0100] {dag.py:3229} INFO - Sync 1 DAGs
[2024-09-18T12:08:19.827+0100] {logging_mixin.py:190} INFO - [2024-09-18T12:08:19.827+0100] {dag.py:4156} INFO - Setting next_dagrun for example_trigger_target_dag to None, run_after=None
[2024-09-18T12:08:19.863+0100] {processor.py:208} INFO - Processing /Users/ds2718/Documents/test_python_airflow/airflow/py_venv/lib/python3.12/site-packages/airflow/example_dags/example_trigger_target_dag.py took 0.108 seconds
[2024-09-18T12:08:53.328+0100] {processor.py:186} INFO - Started process (PID=12686) to work on /Users/ds2718/Documents/test_python_airflow/airflow/py_venv/lib/python3.12/site-packages/airflow/example_dags/example_trigger_target_dag.py
[2024-09-18T12:08:53.329+0100] {processor.py:914} INFO - Processing file /Users/ds2718/Documents/test_python_airflow/airflow/py_venv/lib/python3.12/site-packages/airflow/example_dags/example_trigger_target_dag.py for tasks to queue
[2024-09-18T12:08:53.330+0100] {logging_mixin.py:190} INFO - [2024-09-18T12:08:53.329+0100] {dagbag.py:587} INFO - Filling up the DagBag from /Users/ds2718/Documents/test_python_airflow/airflow/py_venv/lib/python3.12/site-packages/airflow/example_dags/example_trigger_target_dag.py
[2024-09-18T12:08:53.347+0100] {processor.py:925} INFO - DAG(s) 'example_trigger_target_dag' retrieved from /Users/ds2718/Documents/test_python_airflow/airflow/py_venv/lib/python3.12/site-packages/airflow/example_dags/example_trigger_target_dag.py
[2024-09-18T12:08:53.387+0100] {logging_mixin.py:190} INFO - [2024-09-18T12:08:53.387+0100] {dag.py:3229} INFO - Sync 1 DAGs
[2024-09-18T12:08:53.394+0100] {logging_mixin.py:190} INFO - [2024-09-18T12:08:53.394+0100] {dag.py:4156} INFO - Setting next_dagrun for example_trigger_target_dag to None, run_after=None
[2024-09-18T12:08:53.426+0100] {processor.py:208} INFO - Processing /Users/ds2718/Documents/test_python_airflow/airflow/py_venv/lib/python3.12/site-packages/airflow/example_dags/example_trigger_target_dag.py took 0.102 seconds
[2024-09-18T12:09:28.186+0100] {processor.py:186} INFO - Started process (PID=12839) to work on /Users/ds2718/Documents/test_python_airflow/airflow/py_venv/lib/python3.12/site-packages/airflow/example_dags/example_trigger_target_dag.py
[2024-09-18T12:09:28.187+0100] {processor.py:914} INFO - Processing file /Users/ds2718/Documents/test_python_airflow/airflow/py_venv/lib/python3.12/site-packages/airflow/example_dags/example_trigger_target_dag.py for tasks to queue
[2024-09-18T12:09:28.187+0100] {logging_mixin.py:190} INFO - [2024-09-18T12:09:28.187+0100] {dagbag.py:587} INFO - Filling up the DagBag from /Users/ds2718/Documents/test_python_airflow/airflow/py_venv/lib/python3.12/site-packages/airflow/example_dags/example_trigger_target_dag.py
[2024-09-18T12:09:28.202+0100] {processor.py:925} INFO - DAG(s) 'example_trigger_target_dag' retrieved from /Users/ds2718/Documents/test_python_airflow/airflow/py_venv/lib/python3.12/site-packages/airflow/example_dags/example_trigger_target_dag.py
[2024-09-18T12:09:28.241+0100] {logging_mixin.py:190} INFO - [2024-09-18T12:09:28.241+0100] {dag.py:3229} INFO - Sync 1 DAGs
[2024-09-18T12:09:28.249+0100] {logging_mixin.py:190} INFO - [2024-09-18T12:09:28.249+0100] {dag.py:4156} INFO - Setting next_dagrun for example_trigger_target_dag to None, run_after=None
[2024-09-18T12:09:28.279+0100] {processor.py:208} INFO - Processing /Users/ds2718/Documents/test_python_airflow/airflow/py_venv/lib/python3.12/site-packages/airflow/example_dags/example_trigger_target_dag.py took 0.095 seconds
[2024-09-18T12:10:01.623+0100] {processor.py:186} INFO - Started process (PID=13038) to work on /Users/ds2718/Documents/test_python_airflow/airflow/py_venv/lib/python3.12/site-packages/airflow/example_dags/example_trigger_target_dag.py
[2024-09-18T12:10:01.624+0100] {processor.py:914} INFO - Processing file /Users/ds2718/Documents/test_python_airflow/airflow/py_venv/lib/python3.12/site-packages/airflow/example_dags/example_trigger_target_dag.py for tasks to queue
[2024-09-18T12:10:01.624+0100] {logging_mixin.py:190} INFO - [2024-09-18T12:10:01.624+0100] {dagbag.py:587} INFO - Filling up the DagBag from /Users/ds2718/Documents/test_python_airflow/airflow/py_venv/lib/python3.12/site-packages/airflow/example_dags/example_trigger_target_dag.py
[2024-09-18T12:10:01.654+0100] {processor.py:925} INFO - DAG(s) 'example_trigger_target_dag' retrieved from /Users/ds2718/Documents/test_python_airflow/airflow/py_venv/lib/python3.12/site-packages/airflow/example_dags/example_trigger_target_dag.py
[2024-09-18T12:10:01.694+0100] {logging_mixin.py:190} INFO - [2024-09-18T12:10:01.693+0100] {dag.py:3229} INFO - Sync 1 DAGs
[2024-09-18T12:10:01.700+0100] {logging_mixin.py:190} INFO - [2024-09-18T12:10:01.700+0100] {dag.py:4156} INFO - Setting next_dagrun for example_trigger_target_dag to None, run_after=None
[2024-09-18T12:10:01.737+0100] {processor.py:208} INFO - Processing /Users/ds2718/Documents/test_python_airflow/airflow/py_venv/lib/python3.12/site-packages/airflow/example_dags/example_trigger_target_dag.py took 0.123 seconds
[2024-09-18T12:10:34.299+0100] {processor.py:186} INFO - Started process (PID=13175) to work on /Users/ds2718/Documents/test_python_airflow/airflow/py_venv/lib/python3.12/site-packages/airflow/example_dags/example_trigger_target_dag.py
[2024-09-18T12:10:34.300+0100] {processor.py:914} INFO - Processing file /Users/ds2718/Documents/test_python_airflow/airflow/py_venv/lib/python3.12/site-packages/airflow/example_dags/example_trigger_target_dag.py for tasks to queue
[2024-09-18T12:10:34.300+0100] {logging_mixin.py:190} INFO - [2024-09-18T12:10:34.300+0100] {dagbag.py:587} INFO - Filling up the DagBag from /Users/ds2718/Documents/test_python_airflow/airflow/py_venv/lib/python3.12/site-packages/airflow/example_dags/example_trigger_target_dag.py
[2024-09-18T12:10:34.321+0100] {processor.py:925} INFO - DAG(s) 'example_trigger_target_dag' retrieved from /Users/ds2718/Documents/test_python_airflow/airflow/py_venv/lib/python3.12/site-packages/airflow/example_dags/example_trigger_target_dag.py
[2024-09-18T12:10:34.363+0100] {logging_mixin.py:190} INFO - [2024-09-18T12:10:34.363+0100] {dag.py:3229} INFO - Sync 1 DAGs
[2024-09-18T12:10:34.371+0100] {logging_mixin.py:190} INFO - [2024-09-18T12:10:34.371+0100] {dag.py:4156} INFO - Setting next_dagrun for example_trigger_target_dag to None, run_after=None
[2024-09-18T12:10:34.416+0100] {processor.py:208} INFO - Processing /Users/ds2718/Documents/test_python_airflow/airflow/py_venv/lib/python3.12/site-packages/airflow/example_dags/example_trigger_target_dag.py took 0.124 seconds
[2024-09-18T12:11:07.951+0100] {processor.py:186} INFO - Started process (PID=13341) to work on /Users/ds2718/Documents/test_python_airflow/airflow/py_venv/lib/python3.12/site-packages/airflow/example_dags/example_trigger_target_dag.py
[2024-09-18T12:11:07.952+0100] {processor.py:914} INFO - Processing file /Users/ds2718/Documents/test_python_airflow/airflow/py_venv/lib/python3.12/site-packages/airflow/example_dags/example_trigger_target_dag.py for tasks to queue
[2024-09-18T12:11:07.952+0100] {logging_mixin.py:190} INFO - [2024-09-18T12:11:07.952+0100] {dagbag.py:587} INFO - Filling up the DagBag from /Users/ds2718/Documents/test_python_airflow/airflow/py_venv/lib/python3.12/site-packages/airflow/example_dags/example_trigger_target_dag.py
[2024-09-18T12:11:07.972+0100] {processor.py:925} INFO - DAG(s) 'example_trigger_target_dag' retrieved from /Users/ds2718/Documents/test_python_airflow/airflow/py_venv/lib/python3.12/site-packages/airflow/example_dags/example_trigger_target_dag.py
[2024-09-18T12:11:08.013+0100] {logging_mixin.py:190} INFO - [2024-09-18T12:11:08.013+0100] {dag.py:3229} INFO - Sync 1 DAGs
[2024-09-18T12:11:08.020+0100] {logging_mixin.py:190} INFO - [2024-09-18T12:11:08.020+0100] {dag.py:4156} INFO - Setting next_dagrun for example_trigger_target_dag to None, run_after=None
[2024-09-18T12:11:08.063+0100] {processor.py:208} INFO - Processing /Users/ds2718/Documents/test_python_airflow/airflow/py_venv/lib/python3.12/site-packages/airflow/example_dags/example_trigger_target_dag.py took 0.122 seconds
[2024-09-18T12:11:41.332+0100] {processor.py:186} INFO - Started process (PID=13487) to work on /Users/ds2718/Documents/test_python_airflow/airflow/py_venv/lib/python3.12/site-packages/airflow/example_dags/example_trigger_target_dag.py
[2024-09-18T12:11:41.333+0100] {processor.py:914} INFO - Processing file /Users/ds2718/Documents/test_python_airflow/airflow/py_venv/lib/python3.12/site-packages/airflow/example_dags/example_trigger_target_dag.py for tasks to queue
[2024-09-18T12:11:41.333+0100] {logging_mixin.py:190} INFO - [2024-09-18T12:11:41.333+0100] {dagbag.py:587} INFO - Filling up the DagBag from /Users/ds2718/Documents/test_python_airflow/airflow/py_venv/lib/python3.12/site-packages/airflow/example_dags/example_trigger_target_dag.py
[2024-09-18T12:11:41.349+0100] {processor.py:925} INFO - DAG(s) 'example_trigger_target_dag' retrieved from /Users/ds2718/Documents/test_python_airflow/airflow/py_venv/lib/python3.12/site-packages/airflow/example_dags/example_trigger_target_dag.py
[2024-09-18T12:11:41.386+0100] {logging_mixin.py:190} INFO - [2024-09-18T12:11:41.386+0100] {dag.py:3229} INFO - Sync 1 DAGs
[2024-09-18T12:11:41.392+0100] {logging_mixin.py:190} INFO - [2024-09-18T12:11:41.392+0100] {dag.py:4156} INFO - Setting next_dagrun for example_trigger_target_dag to None, run_after=None
[2024-09-18T12:11:41.427+0100] {processor.py:208} INFO - Processing /Users/ds2718/Documents/test_python_airflow/airflow/py_venv/lib/python3.12/site-packages/airflow/example_dags/example_trigger_target_dag.py took 0.102 seconds
[2024-09-18T12:12:16.367+0100] {processor.py:186} INFO - Started process (PID=13647) to work on /Users/ds2718/Documents/test_python_airflow/airflow/py_venv/lib/python3.12/site-packages/airflow/example_dags/example_trigger_target_dag.py
[2024-09-18T12:12:16.368+0100] {processor.py:914} INFO - Processing file /Users/ds2718/Documents/test_python_airflow/airflow/py_venv/lib/python3.12/site-packages/airflow/example_dags/example_trigger_target_dag.py for tasks to queue
[2024-09-18T12:12:16.368+0100] {logging_mixin.py:190} INFO - [2024-09-18T12:12:16.368+0100] {dagbag.py:587} INFO - Filling up the DagBag from /Users/ds2718/Documents/test_python_airflow/airflow/py_venv/lib/python3.12/site-packages/airflow/example_dags/example_trigger_target_dag.py
[2024-09-18T12:12:16.384+0100] {processor.py:925} INFO - DAG(s) 'example_trigger_target_dag' retrieved from /Users/ds2718/Documents/test_python_airflow/airflow/py_venv/lib/python3.12/site-packages/airflow/example_dags/example_trigger_target_dag.py
[2024-09-18T12:12:16.424+0100] {logging_mixin.py:190} INFO - [2024-09-18T12:12:16.423+0100] {dag.py:3229} INFO - Sync 1 DAGs
[2024-09-18T12:12:16.442+0100] {logging_mixin.py:190} INFO - [2024-09-18T12:12:16.442+0100] {dag.py:4156} INFO - Setting next_dagrun for example_trigger_target_dag to None, run_after=None
[2024-09-18T12:12:16.475+0100] {processor.py:208} INFO - Processing /Users/ds2718/Documents/test_python_airflow/airflow/py_venv/lib/python3.12/site-packages/airflow/example_dags/example_trigger_target_dag.py took 0.109 seconds
[2024-09-18T12:12:48.929+0100] {processor.py:186} INFO - Started process (PID=13779) to work on /Users/ds2718/Documents/test_python_airflow/airflow/py_venv/lib/python3.12/site-packages/airflow/example_dags/example_trigger_target_dag.py
[2024-09-18T12:12:48.930+0100] {processor.py:914} INFO - Processing file /Users/ds2718/Documents/test_python_airflow/airflow/py_venv/lib/python3.12/site-packages/airflow/example_dags/example_trigger_target_dag.py for tasks to queue
[2024-09-18T12:12:48.930+0100] {logging_mixin.py:190} INFO - [2024-09-18T12:12:48.930+0100] {dagbag.py:587} INFO - Filling up the DagBag from /Users/ds2718/Documents/test_python_airflow/airflow/py_venv/lib/python3.12/site-packages/airflow/example_dags/example_trigger_target_dag.py
[2024-09-18T12:12:48.949+0100] {processor.py:925} INFO - DAG(s) 'example_trigger_target_dag' retrieved from /Users/ds2718/Documents/test_python_airflow/airflow/py_venv/lib/python3.12/site-packages/airflow/example_dags/example_trigger_target_dag.py
[2024-09-18T12:12:49.006+0100] {logging_mixin.py:190} INFO - [2024-09-18T12:12:49.006+0100] {dag.py:3229} INFO - Sync 1 DAGs
[2024-09-18T12:12:49.013+0100] {logging_mixin.py:190} INFO - [2024-09-18T12:12:49.013+0100] {dag.py:4156} INFO - Setting next_dagrun for example_trigger_target_dag to None, run_after=None
[2024-09-18T12:12:49.071+0100] {processor.py:208} INFO - Processing /Users/ds2718/Documents/test_python_airflow/airflow/py_venv/lib/python3.12/site-packages/airflow/example_dags/example_trigger_target_dag.py took 0.149 seconds
[2024-09-18T12:13:24.546+0100] {processor.py:186} INFO - Started process (PID=13987) to work on /Users/ds2718/Documents/test_python_airflow/airflow/py_venv/lib/python3.12/site-packages/airflow/example_dags/example_trigger_target_dag.py
[2024-09-18T12:13:24.553+0100] {processor.py:914} INFO - Processing file /Users/ds2718/Documents/test_python_airflow/airflow/py_venv/lib/python3.12/site-packages/airflow/example_dags/example_trigger_target_dag.py for tasks to queue
[2024-09-18T12:13:24.554+0100] {logging_mixin.py:190} INFO - [2024-09-18T12:13:24.554+0100] {dagbag.py:587} INFO - Filling up the DagBag from /Users/ds2718/Documents/test_python_airflow/airflow/py_venv/lib/python3.12/site-packages/airflow/example_dags/example_trigger_target_dag.py
[2024-09-18T12:13:24.590+0100] {processor.py:925} INFO - DAG(s) 'example_trigger_target_dag' retrieved from /Users/ds2718/Documents/test_python_airflow/airflow/py_venv/lib/python3.12/site-packages/airflow/example_dags/example_trigger_target_dag.py
[2024-09-18T12:13:24.649+0100] {logging_mixin.py:190} INFO - [2024-09-18T12:13:24.649+0100] {dag.py:3229} INFO - Sync 1 DAGs
[2024-09-18T12:13:24.669+0100] {logging_mixin.py:190} INFO - [2024-09-18T12:13:24.669+0100] {dag.py:4156} INFO - Setting next_dagrun for example_trigger_target_dag to None, run_after=None
[2024-09-18T12:13:24.729+0100] {processor.py:208} INFO - Processing /Users/ds2718/Documents/test_python_airflow/airflow/py_venv/lib/python3.12/site-packages/airflow/example_dags/example_trigger_target_dag.py took 0.193 seconds
[2024-09-18T12:13:59.617+0100] {processor.py:186} INFO - Started process (PID=14164) to work on /Users/ds2718/Documents/test_python_airflow/airflow/py_venv/lib/python3.12/site-packages/airflow/example_dags/example_trigger_target_dag.py
[2024-09-18T12:13:59.618+0100] {processor.py:914} INFO - Processing file /Users/ds2718/Documents/test_python_airflow/airflow/py_venv/lib/python3.12/site-packages/airflow/example_dags/example_trigger_target_dag.py for tasks to queue
[2024-09-18T12:13:59.618+0100] {logging_mixin.py:190} INFO - [2024-09-18T12:13:59.618+0100] {dagbag.py:587} INFO - Filling up the DagBag from /Users/ds2718/Documents/test_python_airflow/airflow/py_venv/lib/python3.12/site-packages/airflow/example_dags/example_trigger_target_dag.py
[2024-09-18T12:13:59.638+0100] {processor.py:925} INFO - DAG(s) 'example_trigger_target_dag' retrieved from /Users/ds2718/Documents/test_python_airflow/airflow/py_venv/lib/python3.12/site-packages/airflow/example_dags/example_trigger_target_dag.py
[2024-09-18T12:13:59.693+0100] {logging_mixin.py:190} INFO - [2024-09-18T12:13:59.693+0100] {dag.py:3229} INFO - Sync 1 DAGs
[2024-09-18T12:13:59.699+0100] {logging_mixin.py:190} INFO - [2024-09-18T12:13:59.699+0100] {dag.py:4156} INFO - Setting next_dagrun for example_trigger_target_dag to None, run_after=None
[2024-09-18T12:13:59.754+0100] {processor.py:208} INFO - Processing /Users/ds2718/Documents/test_python_airflow/airflow/py_venv/lib/python3.12/site-packages/airflow/example_dags/example_trigger_target_dag.py took 0.141 seconds
