[2024-09-18T11:54:01.717+0100] {processor.py:186} INFO - Started process (PID=9431) to work on /Users/ds2718/Documents/test_python_airflow/airflow/py_venv/lib/python3.12/site-packages/airflow/example_dags/example_workday_timetable.py
[2024-09-18T11:54:01.718+0100] {processor.py:914} INFO - Processing file /Users/ds2718/Documents/test_python_airflow/airflow/py_venv/lib/python3.12/site-packages/airflow/example_dags/example_workday_timetable.py for tasks to queue
[2024-09-18T11:54:01.718+0100] {logging_mixin.py:190} INFO - [2024-09-18T11:54:01.718+0100] {dagbag.py:587} INFO - Filling up the DagBag from /Users/ds2718/Documents/test_python_airflow/airflow/py_venv/lib/python3.12/site-packages/airflow/example_dags/example_workday_timetable.py
[2024-09-18T11:54:01.949+0100] {processor.py:925} INFO - DAG(s) 'example_workday_timetable' retrieved from /Users/ds2718/Documents/test_python_airflow/airflow/py_venv/lib/python3.12/site-packages/airflow/example_dags/example_workday_timetable.py
[2024-09-18T11:54:02.060+0100] {logging_mixin.py:190} INFO - [2024-09-18T11:54:02.060+0100] {override.py:1900} INFO - Created Permission View: can delete on DAG:example_workday_timetable
[2024-09-18T11:54:02.074+0100] {logging_mixin.py:190} INFO - [2024-09-18T11:54:02.074+0100] {override.py:1900} INFO - Created Permission View: can read on DAG:example_workday_timetable
[2024-09-18T11:54:02.076+0100] {logging_mixin.py:190} INFO - [2024-09-18T11:54:02.076+0100] {override.py:1900} INFO - Created Permission View: can edit on DAG:example_workday_timetable
[2024-09-18T11:54:02.078+0100] {logging_mixin.py:190} INFO - [2024-09-18T11:54:02.078+0100] {override.py:1900} INFO - Created Permission View: menu access on DAG Run:example_workday_timetable
[2024-09-18T11:54:02.081+0100] {logging_mixin.py:190} INFO - [2024-09-18T11:54:02.080+0100] {override.py:1900} INFO - Created Permission View: can delete on DAG Run:example_workday_timetable
[2024-09-18T11:54:02.083+0100] {logging_mixin.py:190} INFO - [2024-09-18T11:54:02.083+0100] {override.py:1900} INFO - Created Permission View: can read on DAG Run:example_workday_timetable
[2024-09-18T11:54:02.085+0100] {logging_mixin.py:190} INFO - [2024-09-18T11:54:02.085+0100] {override.py:1900} INFO - Created Permission View: can create on DAG Run:example_workday_timetable
[2024-09-18T11:54:02.086+0100] {logging_mixin.py:190} INFO - [2024-09-18T11:54:02.085+0100] {dag.py:3229} INFO - Sync 1 DAGs
[2024-09-18T11:54:02.093+0100] {logging_mixin.py:190} INFO - [2024-09-18T11:54:02.093+0100] {dag.py:3252} INFO - Creating ORM DAG for example_workday_timetable
[2024-09-18T11:54:02.125+0100] {logging_mixin.py:190} INFO - [2024-09-18T11:54:02.125+0100] {dag.py:4156} INFO - Setting next_dagrun for example_workday_timetable to 2021-01-04 00:00:00+00:00, run_after=2021-01-05 00:00:00+00:00
[2024-09-18T11:54:02.171+0100] {processor.py:208} INFO - Processing /Users/ds2718/Documents/test_python_airflow/airflow/py_venv/lib/python3.12/site-packages/airflow/example_dags/example_workday_timetable.py took 0.456 seconds
[2024-09-18T11:54:35.828+0100] {processor.py:186} INFO - Started process (PID=9585) to work on /Users/ds2718/Documents/test_python_airflow/airflow/py_venv/lib/python3.12/site-packages/airflow/example_dags/example_workday_timetable.py
[2024-09-18T11:54:35.830+0100] {processor.py:914} INFO - Processing file /Users/ds2718/Documents/test_python_airflow/airflow/py_venv/lib/python3.12/site-packages/airflow/example_dags/example_workday_timetable.py for tasks to queue
[2024-09-18T11:54:35.830+0100] {logging_mixin.py:190} INFO - [2024-09-18T11:54:35.830+0100] {dagbag.py:587} INFO - Filling up the DagBag from /Users/ds2718/Documents/test_python_airflow/airflow/py_venv/lib/python3.12/site-packages/airflow/example_dags/example_workday_timetable.py
[2024-09-18T11:54:36.080+0100] {processor.py:925} INFO - DAG(s) 'example_workday_timetable' retrieved from /Users/ds2718/Documents/test_python_airflow/airflow/py_venv/lib/python3.12/site-packages/airflow/example_dags/example_workday_timetable.py
[2024-09-18T11:54:36.135+0100] {logging_mixin.py:190} INFO - [2024-09-18T11:54:36.134+0100] {dag.py:3229} INFO - Sync 1 DAGs
[2024-09-18T11:54:36.153+0100] {logging_mixin.py:190} INFO - [2024-09-18T11:54:36.153+0100] {dag.py:4156} INFO - Setting next_dagrun for example_workday_timetable to 2021-01-04 00:00:00+00:00, run_after=2021-01-05 00:00:00+00:00
[2024-09-18T11:54:36.170+0100] {processor.py:208} INFO - Processing /Users/ds2718/Documents/test_python_airflow/airflow/py_venv/lib/python3.12/site-packages/airflow/example_dags/example_workday_timetable.py took 0.343 seconds
[2024-09-18T11:55:10.951+0100] {processor.py:186} INFO - Started process (PID=9800) to work on /Users/ds2718/Documents/test_python_airflow/airflow/py_venv/lib/python3.12/site-packages/airflow/example_dags/example_workday_timetable.py
[2024-09-18T11:55:10.952+0100] {processor.py:914} INFO - Processing file /Users/ds2718/Documents/test_python_airflow/airflow/py_venv/lib/python3.12/site-packages/airflow/example_dags/example_workday_timetable.py for tasks to queue
[2024-09-18T11:55:10.952+0100] {logging_mixin.py:190} INFO - [2024-09-18T11:55:10.952+0100] {dagbag.py:587} INFO - Filling up the DagBag from /Users/ds2718/Documents/test_python_airflow/airflow/py_venv/lib/python3.12/site-packages/airflow/example_dags/example_workday_timetable.py
[2024-09-18T11:55:11.242+0100] {processor.py:925} INFO - DAG(s) 'example_workday_timetable' retrieved from /Users/ds2718/Documents/test_python_airflow/airflow/py_venv/lib/python3.12/site-packages/airflow/example_dags/example_workday_timetable.py
[2024-09-18T11:55:11.297+0100] {logging_mixin.py:190} INFO - [2024-09-18T11:55:11.297+0100] {dag.py:3229} INFO - Sync 1 DAGs
[2024-09-18T11:55:11.338+0100] {logging_mixin.py:190} INFO - [2024-09-18T11:55:11.338+0100] {dag.py:4156} INFO - Setting next_dagrun for example_workday_timetable to 2021-01-04 00:00:00+00:00, run_after=2021-01-05 00:00:00+00:00
[2024-09-18T11:55:11.355+0100] {processor.py:208} INFO - Processing /Users/ds2718/Documents/test_python_airflow/airflow/py_venv/lib/python3.12/site-packages/airflow/example_dags/example_workday_timetable.py took 0.409 seconds
[2024-09-18T11:55:44.031+0100] {processor.py:186} INFO - Started process (PID=9999) to work on /Users/ds2718/Documents/test_python_airflow/airflow/py_venv/lib/python3.12/site-packages/airflow/example_dags/example_workday_timetable.py
[2024-09-18T11:55:44.031+0100] {processor.py:914} INFO - Processing file /Users/ds2718/Documents/test_python_airflow/airflow/py_venv/lib/python3.12/site-packages/airflow/example_dags/example_workday_timetable.py for tasks to queue
[2024-09-18T11:55:44.032+0100] {logging_mixin.py:190} INFO - [2024-09-18T11:55:44.032+0100] {dagbag.py:587} INFO - Filling up the DagBag from /Users/ds2718/Documents/test_python_airflow/airflow/py_venv/lib/python3.12/site-packages/airflow/example_dags/example_workday_timetable.py
[2024-09-18T11:55:44.290+0100] {processor.py:925} INFO - DAG(s) 'example_workday_timetable' retrieved from /Users/ds2718/Documents/test_python_airflow/airflow/py_venv/lib/python3.12/site-packages/airflow/example_dags/example_workday_timetable.py
[2024-09-18T11:55:44.347+0100] {logging_mixin.py:190} INFO - [2024-09-18T11:55:44.347+0100] {dag.py:3229} INFO - Sync 1 DAGs
[2024-09-18T11:55:44.374+0100] {logging_mixin.py:190} INFO - [2024-09-18T11:55:44.374+0100] {dag.py:4156} INFO - Setting next_dagrun for example_workday_timetable to 2021-01-04 00:00:00+00:00, run_after=2021-01-05 00:00:00+00:00
[2024-09-18T11:55:44.415+0100] {processor.py:208} INFO - Processing /Users/ds2718/Documents/test_python_airflow/airflow/py_venv/lib/python3.12/site-packages/airflow/example_dags/example_workday_timetable.py took 0.388 seconds
[2024-09-18T11:56:18.658+0100] {processor.py:186} INFO - Started process (PID=10133) to work on /Users/ds2718/Documents/test_python_airflow/airflow/py_venv/lib/python3.12/site-packages/airflow/example_dags/example_workday_timetable.py
[2024-09-18T11:56:18.659+0100] {processor.py:914} INFO - Processing file /Users/ds2718/Documents/test_python_airflow/airflow/py_venv/lib/python3.12/site-packages/airflow/example_dags/example_workday_timetable.py for tasks to queue
[2024-09-18T11:56:18.659+0100] {logging_mixin.py:190} INFO - [2024-09-18T11:56:18.659+0100] {dagbag.py:587} INFO - Filling up the DagBag from /Users/ds2718/Documents/test_python_airflow/airflow/py_venv/lib/python3.12/site-packages/airflow/example_dags/example_workday_timetable.py
[2024-09-18T11:56:18.920+0100] {processor.py:925} INFO - DAG(s) 'example_workday_timetable' retrieved from /Users/ds2718/Documents/test_python_airflow/airflow/py_venv/lib/python3.12/site-packages/airflow/example_dags/example_workday_timetable.py
[2024-09-18T11:56:18.976+0100] {logging_mixin.py:190} INFO - [2024-09-18T11:56:18.976+0100] {dag.py:3229} INFO - Sync 1 DAGs
[2024-09-18T11:56:19.004+0100] {logging_mixin.py:190} INFO - [2024-09-18T11:56:19.004+0100] {dag.py:4156} INFO - Setting next_dagrun for example_workday_timetable to 2021-01-04 00:00:00+00:00, run_after=2021-01-05 00:00:00+00:00
[2024-09-18T11:56:19.019+0100] {processor.py:208} INFO - Processing /Users/ds2718/Documents/test_python_airflow/airflow/py_venv/lib/python3.12/site-packages/airflow/example_dags/example_workday_timetable.py took 0.366 seconds
[2024-09-18T11:56:50.496+0100] {processor.py:186} INFO - Started process (PID=10307) to work on /Users/ds2718/Documents/test_python_airflow/airflow/py_venv/lib/python3.12/site-packages/airflow/example_dags/example_workday_timetable.py
[2024-09-18T11:56:50.497+0100] {processor.py:914} INFO - Processing file /Users/ds2718/Documents/test_python_airflow/airflow/py_venv/lib/python3.12/site-packages/airflow/example_dags/example_workday_timetable.py for tasks to queue
[2024-09-18T11:56:50.498+0100] {logging_mixin.py:190} INFO - [2024-09-18T11:56:50.498+0100] {dagbag.py:587} INFO - Filling up the DagBag from /Users/ds2718/Documents/test_python_airflow/airflow/py_venv/lib/python3.12/site-packages/airflow/example_dags/example_workday_timetable.py
[2024-09-18T11:56:50.774+0100] {processor.py:925} INFO - DAG(s) 'example_workday_timetable' retrieved from /Users/ds2718/Documents/test_python_airflow/airflow/py_venv/lib/python3.12/site-packages/airflow/example_dags/example_workday_timetable.py
[2024-09-18T11:56:50.829+0100] {logging_mixin.py:190} INFO - [2024-09-18T11:56:50.829+0100] {dag.py:3229} INFO - Sync 1 DAGs
[2024-09-18T11:56:50.854+0100] {logging_mixin.py:190} INFO - [2024-09-18T11:56:50.854+0100] {dag.py:4156} INFO - Setting next_dagrun for example_workday_timetable to 2021-01-04 00:00:00+00:00, run_after=2021-01-05 00:00:00+00:00
[2024-09-18T11:56:50.863+0100] {processor.py:208} INFO - Processing /Users/ds2718/Documents/test_python_airflow/airflow/py_venv/lib/python3.12/site-packages/airflow/example_dags/example_workday_timetable.py took 0.375 seconds
[2024-09-18T11:57:23.574+0100] {processor.py:186} INFO - Started process (PID=10449) to work on /Users/ds2718/Documents/test_python_airflow/airflow/py_venv/lib/python3.12/site-packages/airflow/example_dags/example_workday_timetable.py
[2024-09-18T11:57:23.575+0100] {processor.py:914} INFO - Processing file /Users/ds2718/Documents/test_python_airflow/airflow/py_venv/lib/python3.12/site-packages/airflow/example_dags/example_workday_timetable.py for tasks to queue
[2024-09-18T11:57:23.575+0100] {logging_mixin.py:190} INFO - [2024-09-18T11:57:23.575+0100] {dagbag.py:587} INFO - Filling up the DagBag from /Users/ds2718/Documents/test_python_airflow/airflow/py_venv/lib/python3.12/site-packages/airflow/example_dags/example_workday_timetable.py
[2024-09-18T11:57:23.864+0100] {processor.py:925} INFO - DAG(s) 'example_workday_timetable' retrieved from /Users/ds2718/Documents/test_python_airflow/airflow/py_venv/lib/python3.12/site-packages/airflow/example_dags/example_workday_timetable.py
[2024-09-18T11:57:23.919+0100] {logging_mixin.py:190} INFO - [2024-09-18T11:57:23.918+0100] {dag.py:3229} INFO - Sync 1 DAGs
[2024-09-18T11:57:23.945+0100] {logging_mixin.py:190} INFO - [2024-09-18T11:57:23.945+0100] {dag.py:4156} INFO - Setting next_dagrun for example_workday_timetable to 2021-01-04 00:00:00+00:00, run_after=2021-01-05 00:00:00+00:00
[2024-09-18T11:57:23.953+0100] {processor.py:208} INFO - Processing /Users/ds2718/Documents/test_python_airflow/airflow/py_venv/lib/python3.12/site-packages/airflow/example_dags/example_workday_timetable.py took 0.385 seconds
[2024-09-18T11:57:57.478+0100] {processor.py:186} INFO - Started process (PID=10658) to work on /Users/ds2718/Documents/test_python_airflow/airflow/py_venv/lib/python3.12/site-packages/airflow/example_dags/example_workday_timetable.py
[2024-09-18T11:57:57.479+0100] {processor.py:914} INFO - Processing file /Users/ds2718/Documents/test_python_airflow/airflow/py_venv/lib/python3.12/site-packages/airflow/example_dags/example_workday_timetable.py for tasks to queue
[2024-09-18T11:57:57.479+0100] {logging_mixin.py:190} INFO - [2024-09-18T11:57:57.479+0100] {dagbag.py:587} INFO - Filling up the DagBag from /Users/ds2718/Documents/test_python_airflow/airflow/py_venv/lib/python3.12/site-packages/airflow/example_dags/example_workday_timetable.py
[2024-09-18T11:57:57.751+0100] {processor.py:925} INFO - DAG(s) 'example_workday_timetable' retrieved from /Users/ds2718/Documents/test_python_airflow/airflow/py_venv/lib/python3.12/site-packages/airflow/example_dags/example_workday_timetable.py
[2024-09-18T11:57:57.817+0100] {logging_mixin.py:190} INFO - [2024-09-18T11:57:57.817+0100] {dag.py:3229} INFO - Sync 1 DAGs
[2024-09-18T11:57:57.842+0100] {logging_mixin.py:190} INFO - [2024-09-18T11:57:57.842+0100] {dag.py:4156} INFO - Setting next_dagrun for example_workday_timetable to 2021-01-04 00:00:00+00:00, run_after=2021-01-05 00:00:00+00:00
[2024-09-18T11:57:57.854+0100] {processor.py:208} INFO - Processing /Users/ds2718/Documents/test_python_airflow/airflow/py_venv/lib/python3.12/site-packages/airflow/example_dags/example_workday_timetable.py took 0.381 seconds
[2024-09-18T11:58:32.071+0100] {processor.py:186} INFO - Started process (PID=10841) to work on /Users/ds2718/Documents/test_python_airflow/airflow/py_venv/lib/python3.12/site-packages/airflow/example_dags/example_workday_timetable.py
[2024-09-18T11:58:32.072+0100] {processor.py:914} INFO - Processing file /Users/ds2718/Documents/test_python_airflow/airflow/py_venv/lib/python3.12/site-packages/airflow/example_dags/example_workday_timetable.py for tasks to queue
[2024-09-18T11:58:32.072+0100] {logging_mixin.py:190} INFO - [2024-09-18T11:58:32.072+0100] {dagbag.py:587} INFO - Filling up the DagBag from /Users/ds2718/Documents/test_python_airflow/airflow/py_venv/lib/python3.12/site-packages/airflow/example_dags/example_workday_timetable.py
[2024-09-18T11:58:32.324+0100] {processor.py:925} INFO - DAG(s) 'example_workday_timetable' retrieved from /Users/ds2718/Documents/test_python_airflow/airflow/py_venv/lib/python3.12/site-packages/airflow/example_dags/example_workday_timetable.py
[2024-09-18T11:58:32.383+0100] {logging_mixin.py:190} INFO - [2024-09-18T11:58:32.383+0100] {dag.py:3229} INFO - Sync 1 DAGs
[2024-09-18T11:58:32.421+0100] {logging_mixin.py:190} INFO - [2024-09-18T11:58:32.421+0100] {dag.py:4156} INFO - Setting next_dagrun for example_workday_timetable to 2021-01-04 00:00:00+00:00, run_after=2021-01-05 00:00:00+00:00
[2024-09-18T11:58:32.429+0100] {processor.py:208} INFO - Processing /Users/ds2718/Documents/test_python_airflow/airflow/py_venv/lib/python3.12/site-packages/airflow/example_dags/example_workday_timetable.py took 0.361 seconds
[2024-09-18T11:59:06.844+0100] {processor.py:186} INFO - Started process (PID=11037) to work on /Users/ds2718/Documents/test_python_airflow/airflow/py_venv/lib/python3.12/site-packages/airflow/example_dags/example_workday_timetable.py
[2024-09-18T11:59:06.845+0100] {processor.py:914} INFO - Processing file /Users/ds2718/Documents/test_python_airflow/airflow/py_venv/lib/python3.12/site-packages/airflow/example_dags/example_workday_timetable.py for tasks to queue
[2024-09-18T11:59:06.845+0100] {logging_mixin.py:190} INFO - [2024-09-18T11:59:06.845+0100] {dagbag.py:587} INFO - Filling up the DagBag from /Users/ds2718/Documents/test_python_airflow/airflow/py_venv/lib/python3.12/site-packages/airflow/example_dags/example_workday_timetable.py
[2024-09-18T11:59:07.116+0100] {processor.py:925} INFO - DAG(s) 'example_workday_timetable' retrieved from /Users/ds2718/Documents/test_python_airflow/airflow/py_venv/lib/python3.12/site-packages/airflow/example_dags/example_workday_timetable.py
[2024-09-18T11:59:07.166+0100] {logging_mixin.py:190} INFO - [2024-09-18T11:59:07.166+0100] {dag.py:3229} INFO - Sync 1 DAGs
[2024-09-18T11:59:07.204+0100] {logging_mixin.py:190} INFO - [2024-09-18T11:59:07.204+0100] {dag.py:4156} INFO - Setting next_dagrun for example_workday_timetable to 2021-01-04 00:00:00+00:00, run_after=2021-01-05 00:00:00+00:00
[2024-09-18T11:59:07.219+0100] {processor.py:208} INFO - Processing /Users/ds2718/Documents/test_python_airflow/airflow/py_venv/lib/python3.12/site-packages/airflow/example_dags/example_workday_timetable.py took 0.380 seconds
[2024-09-18T11:59:41.234+0100] {processor.py:186} INFO - Started process (PID=11212) to work on /Users/ds2718/Documents/test_python_airflow/airflow/py_venv/lib/python3.12/site-packages/airflow/example_dags/example_workday_timetable.py
[2024-09-18T11:59:41.235+0100] {processor.py:914} INFO - Processing file /Users/ds2718/Documents/test_python_airflow/airflow/py_venv/lib/python3.12/site-packages/airflow/example_dags/example_workday_timetable.py for tasks to queue
[2024-09-18T11:59:41.236+0100] {logging_mixin.py:190} INFO - [2024-09-18T11:59:41.236+0100] {dagbag.py:587} INFO - Filling up the DagBag from /Users/ds2718/Documents/test_python_airflow/airflow/py_venv/lib/python3.12/site-packages/airflow/example_dags/example_workday_timetable.py
[2024-09-18T11:59:41.530+0100] {processor.py:925} INFO - DAG(s) 'example_workday_timetable' retrieved from /Users/ds2718/Documents/test_python_airflow/airflow/py_venv/lib/python3.12/site-packages/airflow/example_dags/example_workday_timetable.py
[2024-09-18T11:59:41.586+0100] {logging_mixin.py:190} INFO - [2024-09-18T11:59:41.586+0100] {dag.py:3229} INFO - Sync 1 DAGs
[2024-09-18T11:59:41.605+0100] {logging_mixin.py:190} INFO - [2024-09-18T11:59:41.605+0100] {dag.py:4156} INFO - Setting next_dagrun for example_workday_timetable to 2021-01-04 00:00:00+00:00, run_after=2021-01-05 00:00:00+00:00
[2024-09-18T11:59:41.619+0100] {processor.py:208} INFO - Processing /Users/ds2718/Documents/test_python_airflow/airflow/py_venv/lib/python3.12/site-packages/airflow/example_dags/example_workday_timetable.py took 0.393 seconds
[2024-09-18T12:00:13.888+0100] {processor.py:186} INFO - Started process (PID=11422) to work on /Users/ds2718/Documents/test_python_airflow/airflow/py_venv/lib/python3.12/site-packages/airflow/example_dags/example_workday_timetable.py
[2024-09-18T12:00:13.889+0100] {processor.py:914} INFO - Processing file /Users/ds2718/Documents/test_python_airflow/airflow/py_venv/lib/python3.12/site-packages/airflow/example_dags/example_workday_timetable.py for tasks to queue
[2024-09-18T12:00:13.890+0100] {logging_mixin.py:190} INFO - [2024-09-18T12:00:13.890+0100] {dagbag.py:587} INFO - Filling up the DagBag from /Users/ds2718/Documents/test_python_airflow/airflow/py_venv/lib/python3.12/site-packages/airflow/example_dags/example_workday_timetable.py
[2024-09-18T12:00:14.177+0100] {processor.py:925} INFO - DAG(s) 'example_workday_timetable' retrieved from /Users/ds2718/Documents/test_python_airflow/airflow/py_venv/lib/python3.12/site-packages/airflow/example_dags/example_workday_timetable.py
[2024-09-18T12:00:14.239+0100] {logging_mixin.py:190} INFO - [2024-09-18T12:00:14.239+0100] {dag.py:3229} INFO - Sync 1 DAGs
[2024-09-18T12:00:14.257+0100] {logging_mixin.py:190} INFO - [2024-09-18T12:00:14.257+0100] {dag.py:4156} INFO - Setting next_dagrun for example_workday_timetable to 2021-01-04 00:00:00+00:00, run_after=2021-01-05 00:00:00+00:00
[2024-09-18T12:00:14.270+0100] {processor.py:208} INFO - Processing /Users/ds2718/Documents/test_python_airflow/airflow/py_venv/lib/python3.12/site-packages/airflow/example_dags/example_workday_timetable.py took 0.387 seconds
[2024-09-18T12:00:47.153+0100] {processor.py:186} INFO - Started process (PID=11596) to work on /Users/ds2718/Documents/test_python_airflow/airflow/py_venv/lib/python3.12/site-packages/airflow/example_dags/example_workday_timetable.py
[2024-09-18T12:00:47.154+0100] {processor.py:914} INFO - Processing file /Users/ds2718/Documents/test_python_airflow/airflow/py_venv/lib/python3.12/site-packages/airflow/example_dags/example_workday_timetable.py for tasks to queue
[2024-09-18T12:00:47.154+0100] {logging_mixin.py:190} INFO - [2024-09-18T12:00:47.154+0100] {dagbag.py:587} INFO - Filling up the DagBag from /Users/ds2718/Documents/test_python_airflow/airflow/py_venv/lib/python3.12/site-packages/airflow/example_dags/example_workday_timetable.py
[2024-09-18T12:00:47.434+0100] {processor.py:925} INFO - DAG(s) 'example_workday_timetable' retrieved from /Users/ds2718/Documents/test_python_airflow/airflow/py_venv/lib/python3.12/site-packages/airflow/example_dags/example_workday_timetable.py
[2024-09-18T12:00:47.490+0100] {logging_mixin.py:190} INFO - [2024-09-18T12:00:47.490+0100] {dag.py:3229} INFO - Sync 1 DAGs
[2024-09-18T12:00:47.511+0100] {logging_mixin.py:190} INFO - [2024-09-18T12:00:47.510+0100] {dag.py:4156} INFO - Setting next_dagrun for example_workday_timetable to 2021-01-04 00:00:00+00:00, run_after=2021-01-05 00:00:00+00:00
[2024-09-18T12:00:47.536+0100] {processor.py:208} INFO - Processing /Users/ds2718/Documents/test_python_airflow/airflow/py_venv/lib/python3.12/site-packages/airflow/example_dags/example_workday_timetable.py took 0.388 seconds
[2024-09-18T12:01:27.869+0100] {processor.py:186} INFO - Started process (PID=11801) to work on /Users/ds2718/Documents/test_python_airflow/airflow/py_venv/lib/python3.12/site-packages/airflow/example_dags/example_workday_timetable.py
[2024-09-18T12:01:27.870+0100] {processor.py:914} INFO - Processing file /Users/ds2718/Documents/test_python_airflow/airflow/py_venv/lib/python3.12/site-packages/airflow/example_dags/example_workday_timetable.py for tasks to queue
[2024-09-18T12:01:27.870+0100] {logging_mixin.py:190} INFO - [2024-09-18T12:01:27.870+0100] {dagbag.py:587} INFO - Filling up the DagBag from /Users/ds2718/Documents/test_python_airflow/airflow/py_venv/lib/python3.12/site-packages/airflow/example_dags/example_workday_timetable.py
[2024-09-18T12:01:31.002+0100] {processor.py:925} INFO - DAG(s) 'example_workday_timetable' retrieved from /Users/ds2718/Documents/test_python_airflow/airflow/py_venv/lib/python3.12/site-packages/airflow/example_dags/example_workday_timetable.py
[2024-09-18T12:01:31.085+0100] {logging_mixin.py:190} INFO - [2024-09-18T12:01:31.085+0100] {dag.py:3229} INFO - Sync 1 DAGs
[2024-09-18T12:01:31.117+0100] {logging_mixin.py:190} INFO - [2024-09-18T12:01:31.117+0100] {dag.py:4156} INFO - Setting next_dagrun for example_workday_timetable to 2021-01-04 00:00:00+00:00, run_after=2021-01-05 00:00:00+00:00
[2024-09-18T12:01:31.124+0100] {processor.py:208} INFO - Processing /Users/ds2718/Documents/test_python_airflow/airflow/py_venv/lib/python3.12/site-packages/airflow/example_dags/example_workday_timetable.py took 3.257 seconds
[2024-09-18T12:06:26.906+0100] {processor.py:186} INFO - Started process (PID=11962) to work on /Users/ds2718/Documents/test_python_airflow/airflow/py_venv/lib/python3.12/site-packages/airflow/example_dags/example_workday_timetable.py
[2024-09-18T12:06:26.907+0100] {processor.py:914} INFO - Processing file /Users/ds2718/Documents/test_python_airflow/airflow/py_venv/lib/python3.12/site-packages/airflow/example_dags/example_workday_timetable.py for tasks to queue
[2024-09-18T12:06:26.907+0100] {logging_mixin.py:190} INFO - [2024-09-18T12:06:26.907+0100] {dagbag.py:587} INFO - Filling up the DagBag from /Users/ds2718/Documents/test_python_airflow/airflow/py_venv/lib/python3.12/site-packages/airflow/example_dags/example_workday_timetable.py
[2024-09-18T12:06:27.128+0100] {processor.py:925} INFO - DAG(s) 'example_workday_timetable' retrieved from /Users/ds2718/Documents/test_python_airflow/airflow/py_venv/lib/python3.12/site-packages/airflow/example_dags/example_workday_timetable.py
[2024-09-18T12:06:27.188+0100] {logging_mixin.py:190} INFO - [2024-09-18T12:06:27.188+0100] {dag.py:3229} INFO - Sync 1 DAGs
[2024-09-18T12:06:27.213+0100] {logging_mixin.py:190} INFO - [2024-09-18T12:06:27.213+0100] {dag.py:4156} INFO - Setting next_dagrun for example_workday_timetable to 2021-01-04 00:00:00+00:00, run_after=2021-01-05 00:00:00+00:00
[2024-09-18T12:06:27.224+0100] {processor.py:208} INFO - Processing /Users/ds2718/Documents/test_python_airflow/airflow/py_venv/lib/python3.12/site-packages/airflow/example_dags/example_workday_timetable.py took 0.323 seconds
[2024-09-18T12:07:00.709+0100] {processor.py:186} INFO - Started process (PID=12132) to work on /Users/ds2718/Documents/test_python_airflow/airflow/py_venv/lib/python3.12/site-packages/airflow/example_dags/example_workday_timetable.py
[2024-09-18T12:07:00.709+0100] {processor.py:914} INFO - Processing file /Users/ds2718/Documents/test_python_airflow/airflow/py_venv/lib/python3.12/site-packages/airflow/example_dags/example_workday_timetable.py for tasks to queue
[2024-09-18T12:07:00.710+0100] {logging_mixin.py:190} INFO - [2024-09-18T12:07:00.710+0100] {dagbag.py:587} INFO - Filling up the DagBag from /Users/ds2718/Documents/test_python_airflow/airflow/py_venv/lib/python3.12/site-packages/airflow/example_dags/example_workday_timetable.py
[2024-09-18T12:07:00.943+0100] {processor.py:925} INFO - DAG(s) 'example_workday_timetable' retrieved from /Users/ds2718/Documents/test_python_airflow/airflow/py_venv/lib/python3.12/site-packages/airflow/example_dags/example_workday_timetable.py
[2024-09-18T12:07:00.995+0100] {logging_mixin.py:190} INFO - [2024-09-18T12:07:00.995+0100] {dag.py:3229} INFO - Sync 1 DAGs
[2024-09-18T12:07:01.013+0100] {logging_mixin.py:190} INFO - [2024-09-18T12:07:01.013+0100] {dag.py:4156} INFO - Setting next_dagrun for example_workday_timetable to 2021-01-04 00:00:00+00:00, run_after=2021-01-05 00:00:00+00:00
[2024-09-18T12:07:01.025+0100] {processor.py:208} INFO - Processing /Users/ds2718/Documents/test_python_airflow/airflow/py_venv/lib/python3.12/site-packages/airflow/example_dags/example_workday_timetable.py took 0.324 seconds
[2024-09-18T12:07:36.526+0100] {processor.py:186} INFO - Started process (PID=12346) to work on /Users/ds2718/Documents/test_python_airflow/airflow/py_venv/lib/python3.12/site-packages/airflow/example_dags/example_workday_timetable.py
[2024-09-18T12:07:36.538+0100] {processor.py:914} INFO - Processing file /Users/ds2718/Documents/test_python_airflow/airflow/py_venv/lib/python3.12/site-packages/airflow/example_dags/example_workday_timetable.py for tasks to queue
[2024-09-18T12:07:36.539+0100] {logging_mixin.py:190} INFO - [2024-09-18T12:07:36.539+0100] {dagbag.py:587} INFO - Filling up the DagBag from /Users/ds2718/Documents/test_python_airflow/airflow/py_venv/lib/python3.12/site-packages/airflow/example_dags/example_workday_timetable.py
[2024-09-18T12:07:36.929+0100] {processor.py:925} INFO - DAG(s) 'example_workday_timetable' retrieved from /Users/ds2718/Documents/test_python_airflow/airflow/py_venv/lib/python3.12/site-packages/airflow/example_dags/example_workday_timetable.py
[2024-09-18T12:07:37.006+0100] {logging_mixin.py:190} INFO - [2024-09-18T12:07:37.005+0100] {dag.py:3229} INFO - Sync 1 DAGs
[2024-09-18T12:07:37.035+0100] {logging_mixin.py:190} INFO - [2024-09-18T12:07:37.035+0100] {dag.py:4156} INFO - Setting next_dagrun for example_workday_timetable to 2021-01-04 00:00:00+00:00, run_after=2021-01-05 00:00:00+00:00
[2024-09-18T12:07:37.047+0100] {processor.py:208} INFO - Processing /Users/ds2718/Documents/test_python_airflow/airflow/py_venv/lib/python3.12/site-packages/airflow/example_dags/example_workday_timetable.py took 0.523 seconds
[2024-09-18T12:08:18.643+0100] {processor.py:186} INFO - Started process (PID=12484) to work on /Users/ds2718/Documents/test_python_airflow/airflow/py_venv/lib/python3.12/site-packages/airflow/example_dags/example_workday_timetable.py
[2024-09-18T12:08:18.643+0100] {processor.py:914} INFO - Processing file /Users/ds2718/Documents/test_python_airflow/airflow/py_venv/lib/python3.12/site-packages/airflow/example_dags/example_workday_timetable.py for tasks to queue
[2024-09-18T12:08:18.644+0100] {logging_mixin.py:190} INFO - [2024-09-18T12:08:18.644+0100] {dagbag.py:587} INFO - Filling up the DagBag from /Users/ds2718/Documents/test_python_airflow/airflow/py_venv/lib/python3.12/site-packages/airflow/example_dags/example_workday_timetable.py
[2024-09-18T12:08:18.934+0100] {processor.py:925} INFO - DAG(s) 'example_workday_timetable' retrieved from /Users/ds2718/Documents/test_python_airflow/airflow/py_venv/lib/python3.12/site-packages/airflow/example_dags/example_workday_timetable.py
[2024-09-18T12:08:18.990+0100] {logging_mixin.py:190} INFO - [2024-09-18T12:08:18.989+0100] {dag.py:3229} INFO - Sync 1 DAGs
[2024-09-18T12:08:19.013+0100] {logging_mixin.py:190} INFO - [2024-09-18T12:08:19.013+0100] {dag.py:4156} INFO - Setting next_dagrun for example_workday_timetable to 2021-01-04 00:00:00+00:00, run_after=2021-01-05 00:00:00+00:00
[2024-09-18T12:08:19.026+0100] {processor.py:208} INFO - Processing /Users/ds2718/Documents/test_python_airflow/airflow/py_venv/lib/python3.12/site-packages/airflow/example_dags/example_workday_timetable.py took 0.389 seconds
[2024-09-18T12:08:52.602+0100] {processor.py:186} INFO - Started process (PID=12684) to work on /Users/ds2718/Documents/test_python_airflow/airflow/py_venv/lib/python3.12/site-packages/airflow/example_dags/example_workday_timetable.py
[2024-09-18T12:08:52.602+0100] {processor.py:914} INFO - Processing file /Users/ds2718/Documents/test_python_airflow/airflow/py_venv/lib/python3.12/site-packages/airflow/example_dags/example_workday_timetable.py for tasks to queue
[2024-09-18T12:08:52.602+0100] {logging_mixin.py:190} INFO - [2024-09-18T12:08:52.602+0100] {dagbag.py:587} INFO - Filling up the DagBag from /Users/ds2718/Documents/test_python_airflow/airflow/py_venv/lib/python3.12/site-packages/airflow/example_dags/example_workday_timetable.py
[2024-09-18T12:08:52.882+0100] {processor.py:925} INFO - DAG(s) 'example_workday_timetable' retrieved from /Users/ds2718/Documents/test_python_airflow/airflow/py_venv/lib/python3.12/site-packages/airflow/example_dags/example_workday_timetable.py
[2024-09-18T12:08:52.936+0100] {logging_mixin.py:190} INFO - [2024-09-18T12:08:52.935+0100] {dag.py:3229} INFO - Sync 1 DAGs
[2024-09-18T12:08:52.963+0100] {logging_mixin.py:190} INFO - [2024-09-18T12:08:52.962+0100] {dag.py:4156} INFO - Setting next_dagrun for example_workday_timetable to 2021-01-04 00:00:00+00:00, run_after=2021-01-05 00:00:00+00:00
[2024-09-18T12:08:52.977+0100] {processor.py:208} INFO - Processing /Users/ds2718/Documents/test_python_airflow/airflow/py_venv/lib/python3.12/site-packages/airflow/example_dags/example_workday_timetable.py took 0.380 seconds
[2024-09-18T12:09:27.144+0100] {processor.py:186} INFO - Started process (PID=12836) to work on /Users/ds2718/Documents/test_python_airflow/airflow/py_venv/lib/python3.12/site-packages/airflow/example_dags/example_workday_timetable.py
[2024-09-18T12:09:27.145+0100] {processor.py:914} INFO - Processing file /Users/ds2718/Documents/test_python_airflow/airflow/py_venv/lib/python3.12/site-packages/airflow/example_dags/example_workday_timetable.py for tasks to queue
[2024-09-18T12:09:27.146+0100] {logging_mixin.py:190} INFO - [2024-09-18T12:09:27.146+0100] {dagbag.py:587} INFO - Filling up the DagBag from /Users/ds2718/Documents/test_python_airflow/airflow/py_venv/lib/python3.12/site-packages/airflow/example_dags/example_workday_timetable.py
[2024-09-18T12:09:27.427+0100] {processor.py:925} INFO - DAG(s) 'example_workday_timetable' retrieved from /Users/ds2718/Documents/test_python_airflow/airflow/py_venv/lib/python3.12/site-packages/airflow/example_dags/example_workday_timetable.py
[2024-09-18T12:09:27.481+0100] {logging_mixin.py:190} INFO - [2024-09-18T12:09:27.481+0100] {dag.py:3229} INFO - Sync 1 DAGs
[2024-09-18T12:09:27.505+0100] {logging_mixin.py:190} INFO - [2024-09-18T12:09:27.505+0100] {dag.py:4156} INFO - Setting next_dagrun for example_workday_timetable to 2021-01-04 00:00:00+00:00, run_after=2021-01-05 00:00:00+00:00
[2024-09-18T12:09:27.516+0100] {processor.py:208} INFO - Processing /Users/ds2718/Documents/test_python_airflow/airflow/py_venv/lib/python3.12/site-packages/airflow/example_dags/example_workday_timetable.py took 0.379 seconds
[2024-09-18T12:10:01.623+0100] {processor.py:186} INFO - Started process (PID=13037) to work on /Users/ds2718/Documents/test_python_airflow/airflow/py_venv/lib/python3.12/site-packages/airflow/example_dags/example_workday_timetable.py
[2024-09-18T12:10:01.624+0100] {processor.py:914} INFO - Processing file /Users/ds2718/Documents/test_python_airflow/airflow/py_venv/lib/python3.12/site-packages/airflow/example_dags/example_workday_timetable.py for tasks to queue
[2024-09-18T12:10:01.624+0100] {logging_mixin.py:190} INFO - [2024-09-18T12:10:01.624+0100] {dagbag.py:587} INFO - Filling up the DagBag from /Users/ds2718/Documents/test_python_airflow/airflow/py_venv/lib/python3.12/site-packages/airflow/example_dags/example_workday_timetable.py
[2024-09-18T12:10:01.917+0100] {processor.py:925} INFO - DAG(s) 'example_workday_timetable' retrieved from /Users/ds2718/Documents/test_python_airflow/airflow/py_venv/lib/python3.12/site-packages/airflow/example_dags/example_workday_timetable.py
[2024-09-18T12:10:01.971+0100] {logging_mixin.py:190} INFO - [2024-09-18T12:10:01.970+0100] {dag.py:3229} INFO - Sync 1 DAGs
[2024-09-18T12:10:01.997+0100] {logging_mixin.py:190} INFO - [2024-09-18T12:10:01.997+0100] {dag.py:4156} INFO - Setting next_dagrun for example_workday_timetable to 2021-01-04 00:00:00+00:00, run_after=2021-01-05 00:00:00+00:00
[2024-09-18T12:10:02.006+0100] {processor.py:208} INFO - Processing /Users/ds2718/Documents/test_python_airflow/airflow/py_venv/lib/python3.12/site-packages/airflow/example_dags/example_workday_timetable.py took 0.392 seconds
[2024-09-18T12:10:35.522+0100] {processor.py:186} INFO - Started process (PID=13179) to work on /Users/ds2718/Documents/test_python_airflow/airflow/py_venv/lib/python3.12/site-packages/airflow/example_dags/example_workday_timetable.py
[2024-09-18T12:10:35.522+0100] {processor.py:914} INFO - Processing file /Users/ds2718/Documents/test_python_airflow/airflow/py_venv/lib/python3.12/site-packages/airflow/example_dags/example_workday_timetable.py for tasks to queue
[2024-09-18T12:10:35.523+0100] {logging_mixin.py:190} INFO - [2024-09-18T12:10:35.523+0100] {dagbag.py:587} INFO - Filling up the DagBag from /Users/ds2718/Documents/test_python_airflow/airflow/py_venv/lib/python3.12/site-packages/airflow/example_dags/example_workday_timetable.py
[2024-09-18T12:10:35.825+0100] {processor.py:925} INFO - DAG(s) 'example_workday_timetable' retrieved from /Users/ds2718/Documents/test_python_airflow/airflow/py_venv/lib/python3.12/site-packages/airflow/example_dags/example_workday_timetable.py
[2024-09-18T12:10:35.881+0100] {logging_mixin.py:190} INFO - [2024-09-18T12:10:35.881+0100] {dag.py:3229} INFO - Sync 1 DAGs
[2024-09-18T12:10:35.907+0100] {logging_mixin.py:190} INFO - [2024-09-18T12:10:35.907+0100] {dag.py:4156} INFO - Setting next_dagrun for example_workday_timetable to 2021-01-04 00:00:00+00:00, run_after=2021-01-05 00:00:00+00:00
[2024-09-18T12:10:35.921+0100] {processor.py:208} INFO - Processing /Users/ds2718/Documents/test_python_airflow/airflow/py_venv/lib/python3.12/site-packages/airflow/example_dags/example_workday_timetable.py took 0.406 seconds
[2024-09-18T12:11:07.951+0100] {processor.py:186} INFO - Started process (PID=13340) to work on /Users/ds2718/Documents/test_python_airflow/airflow/py_venv/lib/python3.12/site-packages/airflow/example_dags/example_workday_timetable.py
[2024-09-18T12:11:07.952+0100] {processor.py:914} INFO - Processing file /Users/ds2718/Documents/test_python_airflow/airflow/py_venv/lib/python3.12/site-packages/airflow/example_dags/example_workday_timetable.py for tasks to queue
[2024-09-18T12:11:07.952+0100] {logging_mixin.py:190} INFO - [2024-09-18T12:11:07.952+0100] {dagbag.py:587} INFO - Filling up the DagBag from /Users/ds2718/Documents/test_python_airflow/airflow/py_venv/lib/python3.12/site-packages/airflow/example_dags/example_workday_timetable.py
[2024-09-18T12:11:08.254+0100] {processor.py:925} INFO - DAG(s) 'example_workday_timetable' retrieved from /Users/ds2718/Documents/test_python_airflow/airflow/py_venv/lib/python3.12/site-packages/airflow/example_dags/example_workday_timetable.py
[2024-09-18T12:11:08.308+0100] {logging_mixin.py:190} INFO - [2024-09-18T12:11:08.308+0100] {dag.py:3229} INFO - Sync 1 DAGs
[2024-09-18T12:11:08.333+0100] {logging_mixin.py:190} INFO - [2024-09-18T12:11:08.333+0100] {dag.py:4156} INFO - Setting next_dagrun for example_workday_timetable to 2021-01-04 00:00:00+00:00, run_after=2021-01-05 00:00:00+00:00
[2024-09-18T12:11:08.348+0100] {processor.py:208} INFO - Processing /Users/ds2718/Documents/test_python_airflow/airflow/py_venv/lib/python3.12/site-packages/airflow/example_dags/example_workday_timetable.py took 0.406 seconds
[2024-09-18T12:11:41.150+0100] {processor.py:186} INFO - Started process (PID=13486) to work on /Users/ds2718/Documents/test_python_airflow/airflow/py_venv/lib/python3.12/site-packages/airflow/example_dags/example_workday_timetable.py
[2024-09-18T12:11:41.151+0100] {processor.py:914} INFO - Processing file /Users/ds2718/Documents/test_python_airflow/airflow/py_venv/lib/python3.12/site-packages/airflow/example_dags/example_workday_timetable.py for tasks to queue
[2024-09-18T12:11:41.151+0100] {logging_mixin.py:190} INFO - [2024-09-18T12:11:41.151+0100] {dagbag.py:587} INFO - Filling up the DagBag from /Users/ds2718/Documents/test_python_airflow/airflow/py_venv/lib/python3.12/site-packages/airflow/example_dags/example_workday_timetable.py
[2024-09-18T12:11:41.400+0100] {processor.py:925} INFO - DAG(s) 'example_workday_timetable' retrieved from /Users/ds2718/Documents/test_python_airflow/airflow/py_venv/lib/python3.12/site-packages/airflow/example_dags/example_workday_timetable.py
[2024-09-18T12:11:41.455+0100] {logging_mixin.py:190} INFO - [2024-09-18T12:11:41.455+0100] {dag.py:3229} INFO - Sync 1 DAGs
[2024-09-18T12:11:41.484+0100] {logging_mixin.py:190} INFO - [2024-09-18T12:11:41.484+0100] {dag.py:4156} INFO - Setting next_dagrun for example_workday_timetable to 2021-01-04 00:00:00+00:00, run_after=2021-01-05 00:00:00+00:00
[2024-09-18T12:11:41.493+0100] {processor.py:208} INFO - Processing /Users/ds2718/Documents/test_python_airflow/airflow/py_venv/lib/python3.12/site-packages/airflow/example_dags/example_workday_timetable.py took 0.344 seconds
[2024-09-18T12:12:15.357+0100] {processor.py:186} INFO - Started process (PID=13643) to work on /Users/ds2718/Documents/test_python_airflow/airflow/py_venv/lib/python3.12/site-packages/airflow/example_dags/example_workday_timetable.py
[2024-09-18T12:12:15.361+0100] {processor.py:914} INFO - Processing file /Users/ds2718/Documents/test_python_airflow/airflow/py_venv/lib/python3.12/site-packages/airflow/example_dags/example_workday_timetable.py for tasks to queue
[2024-09-18T12:12:15.362+0100] {logging_mixin.py:190} INFO - [2024-09-18T12:12:15.361+0100] {dagbag.py:587} INFO - Filling up the DagBag from /Users/ds2718/Documents/test_python_airflow/airflow/py_venv/lib/python3.12/site-packages/airflow/example_dags/example_workday_timetable.py
[2024-09-18T12:12:15.663+0100] {processor.py:925} INFO - DAG(s) 'example_workday_timetable' retrieved from /Users/ds2718/Documents/test_python_airflow/airflow/py_venv/lib/python3.12/site-packages/airflow/example_dags/example_workday_timetable.py
[2024-09-18T12:12:15.719+0100] {logging_mixin.py:190} INFO - [2024-09-18T12:12:15.719+0100] {dag.py:3229} INFO - Sync 1 DAGs
[2024-09-18T12:12:15.745+0100] {logging_mixin.py:190} INFO - [2024-09-18T12:12:15.745+0100] {dag.py:4156} INFO - Setting next_dagrun for example_workday_timetable to 2021-01-04 00:00:00+00:00, run_after=2021-01-05 00:00:00+00:00
[2024-09-18T12:12:15.758+0100] {processor.py:208} INFO - Processing /Users/ds2718/Documents/test_python_airflow/airflow/py_venv/lib/python3.12/site-packages/airflow/example_dags/example_workday_timetable.py took 0.417 seconds
[2024-09-18T12:12:48.929+0100] {processor.py:186} INFO - Started process (PID=13778) to work on /Users/ds2718/Documents/test_python_airflow/airflow/py_venv/lib/python3.12/site-packages/airflow/example_dags/example_workday_timetable.py
[2024-09-18T12:12:48.930+0100] {processor.py:914} INFO - Processing file /Users/ds2718/Documents/test_python_airflow/airflow/py_venv/lib/python3.12/site-packages/airflow/example_dags/example_workday_timetable.py for tasks to queue
[2024-09-18T12:12:48.930+0100] {logging_mixin.py:190} INFO - [2024-09-18T12:12:48.930+0100] {dagbag.py:587} INFO - Filling up the DagBag from /Users/ds2718/Documents/test_python_airflow/airflow/py_venv/lib/python3.12/site-packages/airflow/example_dags/example_workday_timetable.py
[2024-09-18T12:12:49.262+0100] {processor.py:925} INFO - DAG(s) 'example_workday_timetable' retrieved from /Users/ds2718/Documents/test_python_airflow/airflow/py_venv/lib/python3.12/site-packages/airflow/example_dags/example_workday_timetable.py
[2024-09-18T12:12:49.317+0100] {logging_mixin.py:190} INFO - [2024-09-18T12:12:49.317+0100] {dag.py:3229} INFO - Sync 1 DAGs
[2024-09-18T12:12:49.344+0100] {logging_mixin.py:190} INFO - [2024-09-18T12:12:49.344+0100] {dag.py:4156} INFO - Setting next_dagrun for example_workday_timetable to 2021-01-04 00:00:00+00:00, run_after=2021-01-05 00:00:00+00:00
[2024-09-18T12:12:49.351+0100] {processor.py:208} INFO - Processing /Users/ds2718/Documents/test_python_airflow/airflow/py_venv/lib/python3.12/site-packages/airflow/example_dags/example_workday_timetable.py took 0.429 seconds
[2024-09-18T12:13:24.548+0100] {processor.py:186} INFO - Started process (PID=13986) to work on /Users/ds2718/Documents/test_python_airflow/airflow/py_venv/lib/python3.12/site-packages/airflow/example_dags/example_workday_timetable.py
[2024-09-18T12:13:24.553+0100] {processor.py:914} INFO - Processing file /Users/ds2718/Documents/test_python_airflow/airflow/py_venv/lib/python3.12/site-packages/airflow/example_dags/example_workday_timetable.py for tasks to queue
[2024-09-18T12:13:24.554+0100] {logging_mixin.py:190} INFO - [2024-09-18T12:13:24.553+0100] {dagbag.py:587} INFO - Filling up the DagBag from /Users/ds2718/Documents/test_python_airflow/airflow/py_venv/lib/python3.12/site-packages/airflow/example_dags/example_workday_timetable.py
[2024-09-18T12:13:24.924+0100] {processor.py:925} INFO - DAG(s) 'example_workday_timetable' retrieved from /Users/ds2718/Documents/test_python_airflow/airflow/py_venv/lib/python3.12/site-packages/airflow/example_dags/example_workday_timetable.py
[2024-09-18T12:13:24.981+0100] {logging_mixin.py:190} INFO - [2024-09-18T12:13:24.981+0100] {dag.py:3229} INFO - Sync 1 DAGs
[2024-09-18T12:13:25.005+0100] {logging_mixin.py:190} INFO - [2024-09-18T12:13:25.005+0100] {dag.py:4156} INFO - Setting next_dagrun for example_workday_timetable to 2021-01-04 00:00:00+00:00, run_after=2021-01-05 00:00:00+00:00
[2024-09-18T12:13:25.013+0100] {processor.py:208} INFO - Processing /Users/ds2718/Documents/test_python_airflow/airflow/py_venv/lib/python3.12/site-packages/airflow/example_dags/example_workday_timetable.py took 0.467 seconds
[2024-09-18T12:13:58.707+0100] {processor.py:186} INFO - Started process (PID=14163) to work on /Users/ds2718/Documents/test_python_airflow/airflow/py_venv/lib/python3.12/site-packages/airflow/example_dags/example_workday_timetable.py
[2024-09-18T12:13:58.708+0100] {processor.py:914} INFO - Processing file /Users/ds2718/Documents/test_python_airflow/airflow/py_venv/lib/python3.12/site-packages/airflow/example_dags/example_workday_timetable.py for tasks to queue
[2024-09-18T12:13:58.708+0100] {logging_mixin.py:190} INFO - [2024-09-18T12:13:58.708+0100] {dagbag.py:587} INFO - Filling up the DagBag from /Users/ds2718/Documents/test_python_airflow/airflow/py_venv/lib/python3.12/site-packages/airflow/example_dags/example_workday_timetable.py
[2024-09-18T12:13:59.077+0100] {processor.py:925} INFO - DAG(s) 'example_workday_timetable' retrieved from /Users/ds2718/Documents/test_python_airflow/airflow/py_venv/lib/python3.12/site-packages/airflow/example_dags/example_workday_timetable.py
[2024-09-18T12:13:59.134+0100] {logging_mixin.py:190} INFO - [2024-09-18T12:13:59.133+0100] {dag.py:3229} INFO - Sync 1 DAGs
[2024-09-18T12:13:59.161+0100] {logging_mixin.py:190} INFO - [2024-09-18T12:13:59.160+0100] {dag.py:4156} INFO - Setting next_dagrun for example_workday_timetable to 2021-01-04 00:00:00+00:00, run_after=2021-01-05 00:00:00+00:00
[2024-09-18T12:13:59.186+0100] {processor.py:208} INFO - Processing /Users/ds2718/Documents/test_python_airflow/airflow/py_venv/lib/python3.12/site-packages/airflow/example_dags/example_workday_timetable.py took 0.483 seconds
