[2024-09-18T11:54:03.120+0100] {processor.py:186} INFO - Started process (PID=9441) to work on /Users/ds2718/Documents/test_python_airflow/airflow/py_venv/lib/python3.12/site-packages/airflow/example_dags/example_trigger_controller_dag.py
[2024-09-18T11:54:03.120+0100] {processor.py:914} INFO - Processing file /Users/ds2718/Documents/test_python_airflow/airflow/py_venv/lib/python3.12/site-packages/airflow/example_dags/example_trigger_controller_dag.py for tasks to queue
[2024-09-18T11:54:03.121+0100] {logging_mixin.py:190} INFO - [2024-09-18T11:54:03.121+0100] {dagbag.py:587} INFO - Filling up the DagBag from /Users/ds2718/Documents/test_python_airflow/airflow/py_venv/lib/python3.12/site-packages/airflow/example_dags/example_trigger_controller_dag.py
[2024-09-18T11:54:03.127+0100] {processor.py:925} INFO - DAG(s) 'example_trigger_controller_dag' retrieved from /Users/ds2718/Documents/test_python_airflow/airflow/py_venv/lib/python3.12/site-packages/airflow/example_dags/example_trigger_controller_dag.py
[2024-09-18T11:54:03.239+0100] {logging_mixin.py:190} INFO - [2024-09-18T11:54:03.239+0100] {override.py:1900} INFO - Created Permission View: can delete on DAG:example_trigger_controller_dag
[2024-09-18T11:54:03.242+0100] {logging_mixin.py:190} INFO - [2024-09-18T11:54:03.242+0100] {override.py:1900} INFO - Created Permission View: can edit on DAG:example_trigger_controller_dag
[2024-09-18T11:54:03.245+0100] {logging_mixin.py:190} INFO - [2024-09-18T11:54:03.244+0100] {override.py:1900} INFO - Created Permission View: can read on DAG:example_trigger_controller_dag
[2024-09-18T11:54:03.247+0100] {logging_mixin.py:190} INFO - [2024-09-18T11:54:03.247+0100] {override.py:1900} INFO - Created Permission View: can delete on DAG Run:example_trigger_controller_dag
[2024-09-18T11:54:03.250+0100] {logging_mixin.py:190} INFO - [2024-09-18T11:54:03.249+0100] {override.py:1900} INFO - Created Permission View: menu access on DAG Run:example_trigger_controller_dag
[2024-09-18T11:54:03.251+0100] {logging_mixin.py:190} INFO - [2024-09-18T11:54:03.251+0100] {override.py:1900} INFO - Created Permission View: can read on DAG Run:example_trigger_controller_dag
[2024-09-18T11:54:03.253+0100] {logging_mixin.py:190} INFO - [2024-09-18T11:54:03.253+0100] {override.py:1900} INFO - Created Permission View: can create on DAG Run:example_trigger_controller_dag
[2024-09-18T11:54:03.253+0100] {logging_mixin.py:190} INFO - [2024-09-18T11:54:03.253+0100] {dag.py:3229} INFO - Sync 1 DAGs
[2024-09-18T11:54:03.259+0100] {logging_mixin.py:190} INFO - [2024-09-18T11:54:03.259+0100] {dag.py:3252} INFO - Creating ORM DAG for example_trigger_controller_dag
[2024-09-18T11:54:03.263+0100] {logging_mixin.py:190} INFO - [2024-09-18T11:54:03.263+0100] {dag.py:4156} INFO - Setting next_dagrun for example_trigger_controller_dag to 2021-01-01 00:00:00+00:00, run_after=2021-01-01 00:00:00+00:00
[2024-09-18T11:54:03.271+0100] {processor.py:208} INFO - Processing /Users/ds2718/Documents/test_python_airflow/airflow/py_venv/lib/python3.12/site-packages/airflow/example_dags/example_trigger_controller_dag.py took 0.156 seconds
[2024-09-18T11:54:37.038+0100] {processor.py:186} INFO - Started process (PID=9591) to work on /Users/ds2718/Documents/test_python_airflow/airflow/py_venv/lib/python3.12/site-packages/airflow/example_dags/example_trigger_controller_dag.py
[2024-09-18T11:54:37.038+0100] {processor.py:914} INFO - Processing file /Users/ds2718/Documents/test_python_airflow/airflow/py_venv/lib/python3.12/site-packages/airflow/example_dags/example_trigger_controller_dag.py for tasks to queue
[2024-09-18T11:54:37.039+0100] {logging_mixin.py:190} INFO - [2024-09-18T11:54:37.039+0100] {dagbag.py:587} INFO - Filling up the DagBag from /Users/ds2718/Documents/test_python_airflow/airflow/py_venv/lib/python3.12/site-packages/airflow/example_dags/example_trigger_controller_dag.py
[2024-09-18T11:54:37.055+0100] {processor.py:925} INFO - DAG(s) 'example_trigger_controller_dag' retrieved from /Users/ds2718/Documents/test_python_airflow/airflow/py_venv/lib/python3.12/site-packages/airflow/example_dags/example_trigger_controller_dag.py
[2024-09-18T11:54:37.094+0100] {logging_mixin.py:190} INFO - [2024-09-18T11:54:37.093+0100] {dag.py:3229} INFO - Sync 1 DAGs
[2024-09-18T11:54:37.155+0100] {logging_mixin.py:190} INFO - [2024-09-18T11:54:37.155+0100] {dag.py:4156} INFO - Setting next_dagrun for example_trigger_controller_dag to 2021-01-01 00:00:00+00:00, run_after=2021-01-01 00:00:00+00:00
[2024-09-18T11:54:37.186+0100] {processor.py:208} INFO - Processing /Users/ds2718/Documents/test_python_airflow/airflow/py_venv/lib/python3.12/site-packages/airflow/example_dags/example_trigger_controller_dag.py took 0.154 seconds
[2024-09-18T11:55:12.455+0100] {processor.py:186} INFO - Started process (PID=9810) to work on /Users/ds2718/Documents/test_python_airflow/airflow/py_venv/lib/python3.12/site-packages/airflow/example_dags/example_trigger_controller_dag.py
[2024-09-18T11:55:12.456+0100] {processor.py:914} INFO - Processing file /Users/ds2718/Documents/test_python_airflow/airflow/py_venv/lib/python3.12/site-packages/airflow/example_dags/example_trigger_controller_dag.py for tasks to queue
[2024-09-18T11:55:12.456+0100] {logging_mixin.py:190} INFO - [2024-09-18T11:55:12.456+0100] {dagbag.py:587} INFO - Filling up the DagBag from /Users/ds2718/Documents/test_python_airflow/airflow/py_venv/lib/python3.12/site-packages/airflow/example_dags/example_trigger_controller_dag.py
[2024-09-18T11:55:12.461+0100] {processor.py:925} INFO - DAG(s) 'example_trigger_controller_dag' retrieved from /Users/ds2718/Documents/test_python_airflow/airflow/py_venv/lib/python3.12/site-packages/airflow/example_dags/example_trigger_controller_dag.py
[2024-09-18T11:55:12.499+0100] {logging_mixin.py:190} INFO - [2024-09-18T11:55:12.499+0100] {dag.py:3229} INFO - Sync 1 DAGs
[2024-09-18T11:55:12.507+0100] {logging_mixin.py:190} INFO - [2024-09-18T11:55:12.507+0100] {dag.py:4156} INFO - Setting next_dagrun for example_trigger_controller_dag to 2021-01-01 00:00:00+00:00, run_after=2021-01-01 00:00:00+00:00
[2024-09-18T11:55:12.529+0100] {processor.py:208} INFO - Processing /Users/ds2718/Documents/test_python_airflow/airflow/py_venv/lib/python3.12/site-packages/airflow/example_dags/example_trigger_controller_dag.py took 0.076 seconds
[2024-09-18T11:55:45.290+0100] {processor.py:186} INFO - Started process (PID=10005) to work on /Users/ds2718/Documents/test_python_airflow/airflow/py_venv/lib/python3.12/site-packages/airflow/example_dags/example_trigger_controller_dag.py
[2024-09-18T11:55:45.292+0100] {processor.py:914} INFO - Processing file /Users/ds2718/Documents/test_python_airflow/airflow/py_venv/lib/python3.12/site-packages/airflow/example_dags/example_trigger_controller_dag.py for tasks to queue
[2024-09-18T11:55:45.292+0100] {logging_mixin.py:190} INFO - [2024-09-18T11:55:45.292+0100] {dagbag.py:587} INFO - Filling up the DagBag from /Users/ds2718/Documents/test_python_airflow/airflow/py_venv/lib/python3.12/site-packages/airflow/example_dags/example_trigger_controller_dag.py
[2024-09-18T11:55:45.298+0100] {processor.py:925} INFO - DAG(s) 'example_trigger_controller_dag' retrieved from /Users/ds2718/Documents/test_python_airflow/airflow/py_venv/lib/python3.12/site-packages/airflow/example_dags/example_trigger_controller_dag.py
[2024-09-18T11:55:45.336+0100] {logging_mixin.py:190} INFO - [2024-09-18T11:55:45.336+0100] {dag.py:3229} INFO - Sync 1 DAGs
[2024-09-18T11:55:45.344+0100] {logging_mixin.py:190} INFO - [2024-09-18T11:55:45.344+0100] {dag.py:4156} INFO - Setting next_dagrun for example_trigger_controller_dag to 2021-01-01 00:00:00+00:00, run_after=2021-01-01 00:00:00+00:00
[2024-09-18T11:55:45.355+0100] {processor.py:208} INFO - Processing /Users/ds2718/Documents/test_python_airflow/airflow/py_venv/lib/python3.12/site-packages/airflow/example_dags/example_trigger_controller_dag.py took 0.066 seconds
[2024-09-18T11:56:19.889+0100] {processor.py:186} INFO - Started process (PID=10137) to work on /Users/ds2718/Documents/test_python_airflow/airflow/py_venv/lib/python3.12/site-packages/airflow/example_dags/example_trigger_controller_dag.py
[2024-09-18T11:56:19.889+0100] {processor.py:914} INFO - Processing file /Users/ds2718/Documents/test_python_airflow/airflow/py_venv/lib/python3.12/site-packages/airflow/example_dags/example_trigger_controller_dag.py for tasks to queue
[2024-09-18T11:56:19.890+0100] {logging_mixin.py:190} INFO - [2024-09-18T11:56:19.890+0100] {dagbag.py:587} INFO - Filling up the DagBag from /Users/ds2718/Documents/test_python_airflow/airflow/py_venv/lib/python3.12/site-packages/airflow/example_dags/example_trigger_controller_dag.py
[2024-09-18T11:56:19.896+0100] {processor.py:925} INFO - DAG(s) 'example_trigger_controller_dag' retrieved from /Users/ds2718/Documents/test_python_airflow/airflow/py_venv/lib/python3.12/site-packages/airflow/example_dags/example_trigger_controller_dag.py
[2024-09-18T11:56:19.932+0100] {logging_mixin.py:190} INFO - [2024-09-18T11:56:19.932+0100] {dag.py:3229} INFO - Sync 1 DAGs
[2024-09-18T11:56:19.941+0100] {logging_mixin.py:190} INFO - [2024-09-18T11:56:19.941+0100] {dag.py:4156} INFO - Setting next_dagrun for example_trigger_controller_dag to 2021-01-01 00:00:00+00:00, run_after=2021-01-01 00:00:00+00:00
[2024-09-18T11:56:19.949+0100] {processor.py:208} INFO - Processing /Users/ds2718/Documents/test_python_airflow/airflow/py_venv/lib/python3.12/site-packages/airflow/example_dags/example_trigger_controller_dag.py took 0.066 seconds
[2024-09-18T11:56:51.714+0100] {processor.py:186} INFO - Started process (PID=10311) to work on /Users/ds2718/Documents/test_python_airflow/airflow/py_venv/lib/python3.12/site-packages/airflow/example_dags/example_trigger_controller_dag.py
[2024-09-18T11:56:51.715+0100] {processor.py:914} INFO - Processing file /Users/ds2718/Documents/test_python_airflow/airflow/py_venv/lib/python3.12/site-packages/airflow/example_dags/example_trigger_controller_dag.py for tasks to queue
[2024-09-18T11:56:51.716+0100] {logging_mixin.py:190} INFO - [2024-09-18T11:56:51.716+0100] {dagbag.py:587} INFO - Filling up the DagBag from /Users/ds2718/Documents/test_python_airflow/airflow/py_venv/lib/python3.12/site-packages/airflow/example_dags/example_trigger_controller_dag.py
[2024-09-18T11:56:51.722+0100] {processor.py:925} INFO - DAG(s) 'example_trigger_controller_dag' retrieved from /Users/ds2718/Documents/test_python_airflow/airflow/py_venv/lib/python3.12/site-packages/airflow/example_dags/example_trigger_controller_dag.py
[2024-09-18T11:56:51.760+0100] {logging_mixin.py:190} INFO - [2024-09-18T11:56:51.760+0100] {dag.py:3229} INFO - Sync 1 DAGs
[2024-09-18T11:56:51.770+0100] {logging_mixin.py:190} INFO - [2024-09-18T11:56:51.770+0100] {dag.py:4156} INFO - Setting next_dagrun for example_trigger_controller_dag to 2021-01-01 00:00:00+00:00, run_after=2021-01-01 00:00:00+00:00
[2024-09-18T11:56:51.784+0100] {processor.py:208} INFO - Processing /Users/ds2718/Documents/test_python_airflow/airflow/py_venv/lib/python3.12/site-packages/airflow/example_dags/example_trigger_controller_dag.py took 0.074 seconds
[2024-09-18T11:57:24.798+0100] {processor.py:186} INFO - Started process (PID=10460) to work on /Users/ds2718/Documents/test_python_airflow/airflow/py_venv/lib/python3.12/site-packages/airflow/example_dags/example_trigger_controller_dag.py
[2024-09-18T11:57:24.799+0100] {processor.py:914} INFO - Processing file /Users/ds2718/Documents/test_python_airflow/airflow/py_venv/lib/python3.12/site-packages/airflow/example_dags/example_trigger_controller_dag.py for tasks to queue
[2024-09-18T11:57:24.799+0100] {logging_mixin.py:190} INFO - [2024-09-18T11:57:24.799+0100] {dagbag.py:587} INFO - Filling up the DagBag from /Users/ds2718/Documents/test_python_airflow/airflow/py_venv/lib/python3.12/site-packages/airflow/example_dags/example_trigger_controller_dag.py
[2024-09-18T11:57:24.805+0100] {processor.py:925} INFO - DAG(s) 'example_trigger_controller_dag' retrieved from /Users/ds2718/Documents/test_python_airflow/airflow/py_venv/lib/python3.12/site-packages/airflow/example_dags/example_trigger_controller_dag.py
[2024-09-18T11:57:24.855+0100] {logging_mixin.py:190} INFO - [2024-09-18T11:57:24.854+0100] {dag.py:3229} INFO - Sync 1 DAGs
[2024-09-18T11:57:24.866+0100] {logging_mixin.py:190} INFO - [2024-09-18T11:57:24.866+0100] {dag.py:4156} INFO - Setting next_dagrun for example_trigger_controller_dag to 2021-01-01 00:00:00+00:00, run_after=2021-01-01 00:00:00+00:00
[2024-09-18T11:57:24.882+0100] {processor.py:208} INFO - Processing /Users/ds2718/Documents/test_python_airflow/airflow/py_venv/lib/python3.12/site-packages/airflow/example_dags/example_trigger_controller_dag.py took 0.088 seconds
[2024-09-18T11:57:58.776+0100] {processor.py:186} INFO - Started process (PID=10661) to work on /Users/ds2718/Documents/test_python_airflow/airflow/py_venv/lib/python3.12/site-packages/airflow/example_dags/example_trigger_controller_dag.py
[2024-09-18T11:57:58.777+0100] {processor.py:914} INFO - Processing file /Users/ds2718/Documents/test_python_airflow/airflow/py_venv/lib/python3.12/site-packages/airflow/example_dags/example_trigger_controller_dag.py for tasks to queue
[2024-09-18T11:57:58.777+0100] {logging_mixin.py:190} INFO - [2024-09-18T11:57:58.777+0100] {dagbag.py:587} INFO - Filling up the DagBag from /Users/ds2718/Documents/test_python_airflow/airflow/py_venv/lib/python3.12/site-packages/airflow/example_dags/example_trigger_controller_dag.py
[2024-09-18T11:57:58.783+0100] {processor.py:925} INFO - DAG(s) 'example_trigger_controller_dag' retrieved from /Users/ds2718/Documents/test_python_airflow/airflow/py_venv/lib/python3.12/site-packages/airflow/example_dags/example_trigger_controller_dag.py
[2024-09-18T11:57:58.820+0100] {logging_mixin.py:190} INFO - [2024-09-18T11:57:58.820+0100] {dag.py:3229} INFO - Sync 1 DAGs
[2024-09-18T11:57:58.840+0100] {logging_mixin.py:190} INFO - [2024-09-18T11:57:58.840+0100] {dag.py:4156} INFO - Setting next_dagrun for example_trigger_controller_dag to 2021-01-01 00:00:00+00:00, run_after=2021-01-01 00:00:00+00:00
[2024-09-18T11:57:58.851+0100] {processor.py:208} INFO - Processing /Users/ds2718/Documents/test_python_airflow/airflow/py_venv/lib/python3.12/site-packages/airflow/example_dags/example_trigger_controller_dag.py took 0.079 seconds
[2024-09-18T11:58:33.586+0100] {processor.py:186} INFO - Started process (PID=10850) to work on /Users/ds2718/Documents/test_python_airflow/airflow/py_venv/lib/python3.12/site-packages/airflow/example_dags/example_trigger_controller_dag.py
[2024-09-18T11:58:33.586+0100] {processor.py:914} INFO - Processing file /Users/ds2718/Documents/test_python_airflow/airflow/py_venv/lib/python3.12/site-packages/airflow/example_dags/example_trigger_controller_dag.py for tasks to queue
[2024-09-18T11:58:33.586+0100] {logging_mixin.py:190} INFO - [2024-09-18T11:58:33.586+0100] {dagbag.py:587} INFO - Filling up the DagBag from /Users/ds2718/Documents/test_python_airflow/airflow/py_venv/lib/python3.12/site-packages/airflow/example_dags/example_trigger_controller_dag.py
[2024-09-18T11:58:33.592+0100] {processor.py:925} INFO - DAG(s) 'example_trigger_controller_dag' retrieved from /Users/ds2718/Documents/test_python_airflow/airflow/py_venv/lib/python3.12/site-packages/airflow/example_dags/example_trigger_controller_dag.py
[2024-09-18T11:58:33.644+0100] {logging_mixin.py:190} INFO - [2024-09-18T11:58:33.644+0100] {dag.py:3229} INFO - Sync 1 DAGs
[2024-09-18T11:58:33.655+0100] {logging_mixin.py:190} INFO - [2024-09-18T11:58:33.655+0100] {dag.py:4156} INFO - Setting next_dagrun for example_trigger_controller_dag to 2021-01-01 00:00:00+00:00, run_after=2021-01-01 00:00:00+00:00
[2024-09-18T11:58:33.664+0100] {processor.py:208} INFO - Processing /Users/ds2718/Documents/test_python_airflow/airflow/py_venv/lib/python3.12/site-packages/airflow/example_dags/example_trigger_controller_dag.py took 0.080 seconds
[2024-09-18T11:59:08.824+0100] {processor.py:186} INFO - Started process (PID=11049) to work on /Users/ds2718/Documents/test_python_airflow/airflow/py_venv/lib/python3.12/site-packages/airflow/example_dags/example_trigger_controller_dag.py
[2024-09-18T11:59:08.825+0100] {processor.py:914} INFO - Processing file /Users/ds2718/Documents/test_python_airflow/airflow/py_venv/lib/python3.12/site-packages/airflow/example_dags/example_trigger_controller_dag.py for tasks to queue
[2024-09-18T11:59:08.825+0100] {logging_mixin.py:190} INFO - [2024-09-18T11:59:08.825+0100] {dagbag.py:587} INFO - Filling up the DagBag from /Users/ds2718/Documents/test_python_airflow/airflow/py_venv/lib/python3.12/site-packages/airflow/example_dags/example_trigger_controller_dag.py
[2024-09-18T11:59:08.830+0100] {processor.py:925} INFO - DAG(s) 'example_trigger_controller_dag' retrieved from /Users/ds2718/Documents/test_python_airflow/airflow/py_venv/lib/python3.12/site-packages/airflow/example_dags/example_trigger_controller_dag.py
[2024-09-18T11:59:08.872+0100] {logging_mixin.py:190} INFO - [2024-09-18T11:59:08.872+0100] {dag.py:3229} INFO - Sync 1 DAGs
[2024-09-18T11:59:08.881+0100] {logging_mixin.py:190} INFO - [2024-09-18T11:59:08.881+0100] {dag.py:4156} INFO - Setting next_dagrun for example_trigger_controller_dag to 2021-01-01 00:00:00+00:00, run_after=2021-01-01 00:00:00+00:00
[2024-09-18T11:59:08.890+0100] {processor.py:208} INFO - Processing /Users/ds2718/Documents/test_python_airflow/airflow/py_venv/lib/python3.12/site-packages/airflow/example_dags/example_trigger_controller_dag.py took 0.067 seconds
[2024-09-18T11:59:42.280+0100] {processor.py:186} INFO - Started process (PID=11215) to work on /Users/ds2718/Documents/test_python_airflow/airflow/py_venv/lib/python3.12/site-packages/airflow/example_dags/example_trigger_controller_dag.py
[2024-09-18T11:59:42.280+0100] {processor.py:914} INFO - Processing file /Users/ds2718/Documents/test_python_airflow/airflow/py_venv/lib/python3.12/site-packages/airflow/example_dags/example_trigger_controller_dag.py for tasks to queue
[2024-09-18T11:59:42.281+0100] {logging_mixin.py:190} INFO - [2024-09-18T11:59:42.281+0100] {dagbag.py:587} INFO - Filling up the DagBag from /Users/ds2718/Documents/test_python_airflow/airflow/py_venv/lib/python3.12/site-packages/airflow/example_dags/example_trigger_controller_dag.py
[2024-09-18T11:59:42.286+0100] {processor.py:925} INFO - DAG(s) 'example_trigger_controller_dag' retrieved from /Users/ds2718/Documents/test_python_airflow/airflow/py_venv/lib/python3.12/site-packages/airflow/example_dags/example_trigger_controller_dag.py
[2024-09-18T11:59:42.333+0100] {logging_mixin.py:190} INFO - [2024-09-18T11:59:42.333+0100] {dag.py:3229} INFO - Sync 1 DAGs
[2024-09-18T11:59:42.344+0100] {logging_mixin.py:190} INFO - [2024-09-18T11:59:42.344+0100] {dag.py:4156} INFO - Setting next_dagrun for example_trigger_controller_dag to 2021-01-01 00:00:00+00:00, run_after=2021-01-01 00:00:00+00:00
[2024-09-18T11:59:42.353+0100] {processor.py:208} INFO - Processing /Users/ds2718/Documents/test_python_airflow/airflow/py_venv/lib/python3.12/site-packages/airflow/example_dags/example_trigger_controller_dag.py took 0.075 seconds
[2024-09-18T12:00:15.122+0100] {processor.py:186} INFO - Started process (PID=11432) to work on /Users/ds2718/Documents/test_python_airflow/airflow/py_venv/lib/python3.12/site-packages/airflow/example_dags/example_trigger_controller_dag.py
[2024-09-18T12:00:15.123+0100] {processor.py:914} INFO - Processing file /Users/ds2718/Documents/test_python_airflow/airflow/py_venv/lib/python3.12/site-packages/airflow/example_dags/example_trigger_controller_dag.py for tasks to queue
[2024-09-18T12:00:15.123+0100] {logging_mixin.py:190} INFO - [2024-09-18T12:00:15.123+0100] {dagbag.py:587} INFO - Filling up the DagBag from /Users/ds2718/Documents/test_python_airflow/airflow/py_venv/lib/python3.12/site-packages/airflow/example_dags/example_trigger_controller_dag.py
[2024-09-18T12:00:15.130+0100] {processor.py:925} INFO - DAG(s) 'example_trigger_controller_dag' retrieved from /Users/ds2718/Documents/test_python_airflow/airflow/py_venv/lib/python3.12/site-packages/airflow/example_dags/example_trigger_controller_dag.py
[2024-09-18T12:00:15.168+0100] {logging_mixin.py:190} INFO - [2024-09-18T12:00:15.168+0100] {dag.py:3229} INFO - Sync 1 DAGs
[2024-09-18T12:00:15.176+0100] {logging_mixin.py:190} INFO - [2024-09-18T12:00:15.176+0100] {dag.py:4156} INFO - Setting next_dagrun for example_trigger_controller_dag to 2021-01-01 00:00:00+00:00, run_after=2021-01-01 00:00:00+00:00
[2024-09-18T12:00:15.183+0100] {processor.py:208} INFO - Processing /Users/ds2718/Documents/test_python_airflow/airflow/py_venv/lib/python3.12/site-packages/airflow/example_dags/example_trigger_controller_dag.py took 0.065 seconds
[2024-09-18T12:00:48.391+0100] {processor.py:186} INFO - Started process (PID=11600) to work on /Users/ds2718/Documents/test_python_airflow/airflow/py_venv/lib/python3.12/site-packages/airflow/example_dags/example_trigger_controller_dag.py
[2024-09-18T12:00:48.392+0100] {processor.py:914} INFO - Processing file /Users/ds2718/Documents/test_python_airflow/airflow/py_venv/lib/python3.12/site-packages/airflow/example_dags/example_trigger_controller_dag.py for tasks to queue
[2024-09-18T12:00:48.392+0100] {logging_mixin.py:190} INFO - [2024-09-18T12:00:48.392+0100] {dagbag.py:587} INFO - Filling up the DagBag from /Users/ds2718/Documents/test_python_airflow/airflow/py_venv/lib/python3.12/site-packages/airflow/example_dags/example_trigger_controller_dag.py
[2024-09-18T12:00:48.399+0100] {processor.py:925} INFO - DAG(s) 'example_trigger_controller_dag' retrieved from /Users/ds2718/Documents/test_python_airflow/airflow/py_venv/lib/python3.12/site-packages/airflow/example_dags/example_trigger_controller_dag.py
[2024-09-18T12:00:48.437+0100] {logging_mixin.py:190} INFO - [2024-09-18T12:00:48.437+0100] {dag.py:3229} INFO - Sync 1 DAGs
[2024-09-18T12:00:48.448+0100] {logging_mixin.py:190} INFO - [2024-09-18T12:00:48.448+0100] {dag.py:4156} INFO - Setting next_dagrun for example_trigger_controller_dag to 2021-01-01 00:00:00+00:00, run_after=2021-01-01 00:00:00+00:00
[2024-09-18T12:00:48.456+0100] {processor.py:208} INFO - Processing /Users/ds2718/Documents/test_python_airflow/airflow/py_venv/lib/python3.12/site-packages/airflow/example_dags/example_trigger_controller_dag.py took 0.070 seconds
[2024-09-18T12:01:30.361+0100] {processor.py:186} INFO - Started process (PID=11804) to work on /Users/ds2718/Documents/test_python_airflow/airflow/py_venv/lib/python3.12/site-packages/airflow/example_dags/example_trigger_controller_dag.py
[2024-09-18T12:01:30.364+0100] {processor.py:914} INFO - Processing file /Users/ds2718/Documents/test_python_airflow/airflow/py_venv/lib/python3.12/site-packages/airflow/example_dags/example_trigger_controller_dag.py for tasks to queue
[2024-09-18T12:01:30.364+0100] {logging_mixin.py:190} INFO - [2024-09-18T12:01:30.364+0100] {dagbag.py:587} INFO - Filling up the DagBag from /Users/ds2718/Documents/test_python_airflow/airflow/py_venv/lib/python3.12/site-packages/airflow/example_dags/example_trigger_controller_dag.py
[2024-09-18T12:01:30.391+0100] {processor.py:925} INFO - DAG(s) 'example_trigger_controller_dag' retrieved from /Users/ds2718/Documents/test_python_airflow/airflow/py_venv/lib/python3.12/site-packages/airflow/example_dags/example_trigger_controller_dag.py
[2024-09-18T12:01:30.442+0100] {logging_mixin.py:190} INFO - [2024-09-18T12:01:30.442+0100] {dag.py:3229} INFO - Sync 1 DAGs
[2024-09-18T12:01:30.450+0100] {logging_mixin.py:190} INFO - [2024-09-18T12:01:30.450+0100] {dag.py:4156} INFO - Setting next_dagrun for example_trigger_controller_dag to 2021-01-01 00:00:00+00:00, run_after=2021-01-01 00:00:00+00:00
[2024-09-18T12:01:30.460+0100] {processor.py:208} INFO - Processing /Users/ds2718/Documents/test_python_airflow/airflow/py_venv/lib/python3.12/site-packages/airflow/example_dags/example_trigger_controller_dag.py took 0.106 seconds
[2024-09-18T12:06:28.137+0100] {processor.py:186} INFO - Started process (PID=11970) to work on /Users/ds2718/Documents/test_python_airflow/airflow/py_venv/lib/python3.12/site-packages/airflow/example_dags/example_trigger_controller_dag.py
[2024-09-18T12:06:28.137+0100] {processor.py:914} INFO - Processing file /Users/ds2718/Documents/test_python_airflow/airflow/py_venv/lib/python3.12/site-packages/airflow/example_dags/example_trigger_controller_dag.py for tasks to queue
[2024-09-18T12:06:28.137+0100] {logging_mixin.py:190} INFO - [2024-09-18T12:06:28.137+0100] {dagbag.py:587} INFO - Filling up the DagBag from /Users/ds2718/Documents/test_python_airflow/airflow/py_venv/lib/python3.12/site-packages/airflow/example_dags/example_trigger_controller_dag.py
[2024-09-18T12:06:28.143+0100] {processor.py:925} INFO - DAG(s) 'example_trigger_controller_dag' retrieved from /Users/ds2718/Documents/test_python_airflow/airflow/py_venv/lib/python3.12/site-packages/airflow/example_dags/example_trigger_controller_dag.py
[2024-09-18T12:06:28.181+0100] {logging_mixin.py:190} INFO - [2024-09-18T12:06:28.181+0100] {dag.py:3229} INFO - Sync 1 DAGs
[2024-09-18T12:06:28.190+0100] {logging_mixin.py:190} INFO - [2024-09-18T12:06:28.190+0100] {dag.py:4156} INFO - Setting next_dagrun for example_trigger_controller_dag to 2021-01-01 00:00:00+00:00, run_after=2021-01-01 00:00:00+00:00
[2024-09-18T12:06:28.201+0100] {processor.py:208} INFO - Processing /Users/ds2718/Documents/test_python_airflow/airflow/py_venv/lib/python3.12/site-packages/airflow/example_dags/example_trigger_controller_dag.py took 0.069 seconds
[2024-09-18T12:07:01.894+0100] {processor.py:186} INFO - Started process (PID=12141) to work on /Users/ds2718/Documents/test_python_airflow/airflow/py_venv/lib/python3.12/site-packages/airflow/example_dags/example_trigger_controller_dag.py
[2024-09-18T12:07:01.894+0100] {processor.py:914} INFO - Processing file /Users/ds2718/Documents/test_python_airflow/airflow/py_venv/lib/python3.12/site-packages/airflow/example_dags/example_trigger_controller_dag.py for tasks to queue
[2024-09-18T12:07:01.895+0100] {logging_mixin.py:190} INFO - [2024-09-18T12:07:01.895+0100] {dagbag.py:587} INFO - Filling up the DagBag from /Users/ds2718/Documents/test_python_airflow/airflow/py_venv/lib/python3.12/site-packages/airflow/example_dags/example_trigger_controller_dag.py
[2024-09-18T12:07:01.900+0100] {processor.py:925} INFO - DAG(s) 'example_trigger_controller_dag' retrieved from /Users/ds2718/Documents/test_python_airflow/airflow/py_venv/lib/python3.12/site-packages/airflow/example_dags/example_trigger_controller_dag.py
[2024-09-18T12:07:01.938+0100] {logging_mixin.py:190} INFO - [2024-09-18T12:07:01.938+0100] {dag.py:3229} INFO - Sync 1 DAGs
[2024-09-18T12:07:01.946+0100] {logging_mixin.py:190} INFO - [2024-09-18T12:07:01.946+0100] {dag.py:4156} INFO - Setting next_dagrun for example_trigger_controller_dag to 2021-01-01 00:00:00+00:00, run_after=2021-01-01 00:00:00+00:00
[2024-09-18T12:07:01.953+0100] {processor.py:208} INFO - Processing /Users/ds2718/Documents/test_python_airflow/airflow/py_venv/lib/python3.12/site-packages/airflow/example_dags/example_trigger_controller_dag.py took 0.062 seconds
[2024-09-18T12:07:38.238+0100] {processor.py:186} INFO - Started process (PID=12350) to work on /Users/ds2718/Documents/test_python_airflow/airflow/py_venv/lib/python3.12/site-packages/airflow/example_dags/example_trigger_controller_dag.py
[2024-09-18T12:07:38.240+0100] {processor.py:914} INFO - Processing file /Users/ds2718/Documents/test_python_airflow/airflow/py_venv/lib/python3.12/site-packages/airflow/example_dags/example_trigger_controller_dag.py for tasks to queue
[2024-09-18T12:07:38.241+0100] {logging_mixin.py:190} INFO - [2024-09-18T12:07:38.241+0100] {dagbag.py:587} INFO - Filling up the DagBag from /Users/ds2718/Documents/test_python_airflow/airflow/py_venv/lib/python3.12/site-packages/airflow/example_dags/example_trigger_controller_dag.py
[2024-09-18T12:07:38.259+0100] {processor.py:925} INFO - DAG(s) 'example_trigger_controller_dag' retrieved from /Users/ds2718/Documents/test_python_airflow/airflow/py_venv/lib/python3.12/site-packages/airflow/example_dags/example_trigger_controller_dag.py
[2024-09-18T12:07:38.296+0100] {logging_mixin.py:190} INFO - [2024-09-18T12:07:38.296+0100] {dag.py:3229} INFO - Sync 1 DAGs
[2024-09-18T12:07:38.306+0100] {logging_mixin.py:190} INFO - [2024-09-18T12:07:38.306+0100] {dag.py:4156} INFO - Setting next_dagrun for example_trigger_controller_dag to 2021-01-01 00:00:00+00:00, run_after=2021-01-01 00:00:00+00:00
[2024-09-18T12:07:38.333+0100] {processor.py:208} INFO - Processing /Users/ds2718/Documents/test_python_airflow/airflow/py_venv/lib/python3.12/site-packages/airflow/example_dags/example_trigger_controller_dag.py took 0.103 seconds
[2024-09-18T12:08:20.001+0100] {processor.py:186} INFO - Started process (PID=12489) to work on /Users/ds2718/Documents/test_python_airflow/airflow/py_venv/lib/python3.12/site-packages/airflow/example_dags/example_trigger_controller_dag.py
[2024-09-18T12:08:20.002+0100] {processor.py:914} INFO - Processing file /Users/ds2718/Documents/test_python_airflow/airflow/py_venv/lib/python3.12/site-packages/airflow/example_dags/example_trigger_controller_dag.py for tasks to queue
[2024-09-18T12:08:20.002+0100] {logging_mixin.py:190} INFO - [2024-09-18T12:08:20.002+0100] {dagbag.py:587} INFO - Filling up the DagBag from /Users/ds2718/Documents/test_python_airflow/airflow/py_venv/lib/python3.12/site-packages/airflow/example_dags/example_trigger_controller_dag.py
[2024-09-18T12:08:20.009+0100] {processor.py:925} INFO - DAG(s) 'example_trigger_controller_dag' retrieved from /Users/ds2718/Documents/test_python_airflow/airflow/py_venv/lib/python3.12/site-packages/airflow/example_dags/example_trigger_controller_dag.py
[2024-09-18T12:08:20.048+0100] {logging_mixin.py:190} INFO - [2024-09-18T12:08:20.047+0100] {dag.py:3229} INFO - Sync 1 DAGs
[2024-09-18T12:08:20.058+0100] {logging_mixin.py:190} INFO - [2024-09-18T12:08:20.058+0100] {dag.py:4156} INFO - Setting next_dagrun for example_trigger_controller_dag to 2021-01-01 00:00:00+00:00, run_after=2021-01-01 00:00:00+00:00
[2024-09-18T12:08:20.066+0100] {processor.py:208} INFO - Processing /Users/ds2718/Documents/test_python_airflow/airflow/py_venv/lib/python3.12/site-packages/airflow/example_dags/example_trigger_controller_dag.py took 0.076 seconds
[2024-09-18T12:08:53.905+0100] {processor.py:186} INFO - Started process (PID=12688) to work on /Users/ds2718/Documents/test_python_airflow/airflow/py_venv/lib/python3.12/site-packages/airflow/example_dags/example_trigger_controller_dag.py
[2024-09-18T12:08:53.906+0100] {processor.py:914} INFO - Processing file /Users/ds2718/Documents/test_python_airflow/airflow/py_venv/lib/python3.12/site-packages/airflow/example_dags/example_trigger_controller_dag.py for tasks to queue
[2024-09-18T12:08:53.906+0100] {logging_mixin.py:190} INFO - [2024-09-18T12:08:53.906+0100] {dagbag.py:587} INFO - Filling up the DagBag from /Users/ds2718/Documents/test_python_airflow/airflow/py_venv/lib/python3.12/site-packages/airflow/example_dags/example_trigger_controller_dag.py
[2024-09-18T12:08:53.914+0100] {processor.py:925} INFO - DAG(s) 'example_trigger_controller_dag' retrieved from /Users/ds2718/Documents/test_python_airflow/airflow/py_venv/lib/python3.12/site-packages/airflow/example_dags/example_trigger_controller_dag.py
[2024-09-18T12:08:53.956+0100] {logging_mixin.py:190} INFO - [2024-09-18T12:08:53.956+0100] {dag.py:3229} INFO - Sync 1 DAGs
[2024-09-18T12:08:53.969+0100] {logging_mixin.py:190} INFO - [2024-09-18T12:08:53.968+0100] {dag.py:4156} INFO - Setting next_dagrun for example_trigger_controller_dag to 2021-01-01 00:00:00+00:00, run_after=2021-01-01 00:00:00+00:00
[2024-09-18T12:08:53.981+0100] {processor.py:208} INFO - Processing /Users/ds2718/Documents/test_python_airflow/airflow/py_venv/lib/python3.12/site-packages/airflow/example_dags/example_trigger_controller_dag.py took 0.081 seconds
[2024-09-18T12:09:28.376+0100] {processor.py:186} INFO - Started process (PID=12843) to work on /Users/ds2718/Documents/test_python_airflow/airflow/py_venv/lib/python3.12/site-packages/airflow/example_dags/example_trigger_controller_dag.py
[2024-09-18T12:09:28.377+0100] {processor.py:914} INFO - Processing file /Users/ds2718/Documents/test_python_airflow/airflow/py_venv/lib/python3.12/site-packages/airflow/example_dags/example_trigger_controller_dag.py for tasks to queue
[2024-09-18T12:09:28.377+0100] {logging_mixin.py:190} INFO - [2024-09-18T12:09:28.377+0100] {dagbag.py:587} INFO - Filling up the DagBag from /Users/ds2718/Documents/test_python_airflow/airflow/py_venv/lib/python3.12/site-packages/airflow/example_dags/example_trigger_controller_dag.py
[2024-09-18T12:09:28.383+0100] {processor.py:925} INFO - DAG(s) 'example_trigger_controller_dag' retrieved from /Users/ds2718/Documents/test_python_airflow/airflow/py_venv/lib/python3.12/site-packages/airflow/example_dags/example_trigger_controller_dag.py
[2024-09-18T12:09:28.422+0100] {logging_mixin.py:190} INFO - [2024-09-18T12:09:28.422+0100] {dag.py:3229} INFO - Sync 1 DAGs
[2024-09-18T12:09:28.432+0100] {logging_mixin.py:190} INFO - [2024-09-18T12:09:28.432+0100] {dag.py:4156} INFO - Setting next_dagrun for example_trigger_controller_dag to 2021-01-01 00:00:00+00:00, run_after=2021-01-01 00:00:00+00:00
[2024-09-18T12:09:28.448+0100] {processor.py:208} INFO - Processing /Users/ds2718/Documents/test_python_airflow/airflow/py_venv/lib/python3.12/site-packages/airflow/example_dags/example_trigger_controller_dag.py took 0.077 seconds
[2024-09-18T12:10:02.653+0100] {processor.py:186} INFO - Started process (PID=13041) to work on /Users/ds2718/Documents/test_python_airflow/airflow/py_venv/lib/python3.12/site-packages/airflow/example_dags/example_trigger_controller_dag.py
[2024-09-18T12:10:02.653+0100] {processor.py:914} INFO - Processing file /Users/ds2718/Documents/test_python_airflow/airflow/py_venv/lib/python3.12/site-packages/airflow/example_dags/example_trigger_controller_dag.py for tasks to queue
[2024-09-18T12:10:02.654+0100] {logging_mixin.py:190} INFO - [2024-09-18T12:10:02.654+0100] {dagbag.py:587} INFO - Filling up the DagBag from /Users/ds2718/Documents/test_python_airflow/airflow/py_venv/lib/python3.12/site-packages/airflow/example_dags/example_trigger_controller_dag.py
[2024-09-18T12:10:02.659+0100] {processor.py:925} INFO - DAG(s) 'example_trigger_controller_dag' retrieved from /Users/ds2718/Documents/test_python_airflow/airflow/py_venv/lib/python3.12/site-packages/airflow/example_dags/example_trigger_controller_dag.py
[2024-09-18T12:10:02.708+0100] {logging_mixin.py:190} INFO - [2024-09-18T12:10:02.707+0100] {dag.py:3229} INFO - Sync 1 DAGs
[2024-09-18T12:10:02.716+0100] {logging_mixin.py:190} INFO - [2024-09-18T12:10:02.716+0100] {dag.py:4156} INFO - Setting next_dagrun for example_trigger_controller_dag to 2021-01-01 00:00:00+00:00, run_after=2021-01-01 00:00:00+00:00
[2024-09-18T12:10:02.726+0100] {processor.py:208} INFO - Processing /Users/ds2718/Documents/test_python_airflow/airflow/py_venv/lib/python3.12/site-packages/airflow/example_dags/example_trigger_controller_dag.py took 0.075 seconds
[2024-09-18T12:10:35.521+0100] {processor.py:186} INFO - Started process (PID=13181) to work on /Users/ds2718/Documents/test_python_airflow/airflow/py_venv/lib/python3.12/site-packages/airflow/example_dags/example_trigger_controller_dag.py
[2024-09-18T12:10:35.522+0100] {processor.py:914} INFO - Processing file /Users/ds2718/Documents/test_python_airflow/airflow/py_venv/lib/python3.12/site-packages/airflow/example_dags/example_trigger_controller_dag.py for tasks to queue
[2024-09-18T12:10:35.523+0100] {logging_mixin.py:190} INFO - [2024-09-18T12:10:35.523+0100] {dagbag.py:587} INFO - Filling up the DagBag from /Users/ds2718/Documents/test_python_airflow/airflow/py_venv/lib/python3.12/site-packages/airflow/example_dags/example_trigger_controller_dag.py
[2024-09-18T12:10:35.532+0100] {processor.py:925} INFO - DAG(s) 'example_trigger_controller_dag' retrieved from /Users/ds2718/Documents/test_python_airflow/airflow/py_venv/lib/python3.12/site-packages/airflow/example_dags/example_trigger_controller_dag.py
[2024-09-18T12:10:35.585+0100] {logging_mixin.py:190} INFO - [2024-09-18T12:10:35.585+0100] {dag.py:3229} INFO - Sync 1 DAGs
[2024-09-18T12:10:35.596+0100] {logging_mixin.py:190} INFO - [2024-09-18T12:10:35.596+0100] {dag.py:4156} INFO - Setting next_dagrun for example_trigger_controller_dag to 2021-01-01 00:00:00+00:00, run_after=2021-01-01 00:00:00+00:00
[2024-09-18T12:10:35.611+0100] {processor.py:208} INFO - Processing /Users/ds2718/Documents/test_python_airflow/airflow/py_venv/lib/python3.12/site-packages/airflow/example_dags/example_trigger_controller_dag.py took 0.094 seconds
[2024-09-18T12:11:08.997+0100] {processor.py:186} INFO - Started process (PID=13343) to work on /Users/ds2718/Documents/test_python_airflow/airflow/py_venv/lib/python3.12/site-packages/airflow/example_dags/example_trigger_controller_dag.py
[2024-09-18T12:11:08.997+0100] {processor.py:914} INFO - Processing file /Users/ds2718/Documents/test_python_airflow/airflow/py_venv/lib/python3.12/site-packages/airflow/example_dags/example_trigger_controller_dag.py for tasks to queue
[2024-09-18T12:11:08.998+0100] {logging_mixin.py:190} INFO - [2024-09-18T12:11:08.998+0100] {dagbag.py:587} INFO - Filling up the DagBag from /Users/ds2718/Documents/test_python_airflow/airflow/py_venv/lib/python3.12/site-packages/airflow/example_dags/example_trigger_controller_dag.py
[2024-09-18T12:11:09.003+0100] {processor.py:925} INFO - DAG(s) 'example_trigger_controller_dag' retrieved from /Users/ds2718/Documents/test_python_airflow/airflow/py_venv/lib/python3.12/site-packages/airflow/example_dags/example_trigger_controller_dag.py
[2024-09-18T12:11:09.043+0100] {logging_mixin.py:190} INFO - [2024-09-18T12:11:09.043+0100] {dag.py:3229} INFO - Sync 1 DAGs
[2024-09-18T12:11:09.054+0100] {logging_mixin.py:190} INFO - [2024-09-18T12:11:09.054+0100] {dag.py:4156} INFO - Setting next_dagrun for example_trigger_controller_dag to 2021-01-01 00:00:00+00:00, run_after=2021-01-01 00:00:00+00:00
[2024-09-18T12:11:09.063+0100] {processor.py:208} INFO - Processing /Users/ds2718/Documents/test_python_airflow/airflow/py_venv/lib/python3.12/site-packages/airflow/example_dags/example_trigger_controller_dag.py took 0.069 seconds
[2024-09-18T12:11:43.427+0100] {processor.py:186} INFO - Started process (PID=13494) to work on /Users/ds2718/Documents/test_python_airflow/airflow/py_venv/lib/python3.12/site-packages/airflow/example_dags/example_trigger_controller_dag.py
[2024-09-18T12:11:43.428+0100] {processor.py:914} INFO - Processing file /Users/ds2718/Documents/test_python_airflow/airflow/py_venv/lib/python3.12/site-packages/airflow/example_dags/example_trigger_controller_dag.py for tasks to queue
[2024-09-18T12:11:43.428+0100] {logging_mixin.py:190} INFO - [2024-09-18T12:11:43.428+0100] {dagbag.py:587} INFO - Filling up the DagBag from /Users/ds2718/Documents/test_python_airflow/airflow/py_venv/lib/python3.12/site-packages/airflow/example_dags/example_trigger_controller_dag.py
[2024-09-18T12:11:43.435+0100] {processor.py:925} INFO - DAG(s) 'example_trigger_controller_dag' retrieved from /Users/ds2718/Documents/test_python_airflow/airflow/py_venv/lib/python3.12/site-packages/airflow/example_dags/example_trigger_controller_dag.py
[2024-09-18T12:11:43.490+0100] {logging_mixin.py:190} INFO - [2024-09-18T12:11:43.489+0100] {dag.py:3229} INFO - Sync 1 DAGs
[2024-09-18T12:11:43.501+0100] {logging_mixin.py:190} INFO - [2024-09-18T12:11:43.501+0100] {dag.py:4156} INFO - Setting next_dagrun for example_trigger_controller_dag to 2021-01-01 00:00:00+00:00, run_after=2021-01-01 00:00:00+00:00
[2024-09-18T12:11:43.517+0100] {processor.py:208} INFO - Processing /Users/ds2718/Documents/test_python_airflow/airflow/py_venv/lib/python3.12/site-packages/airflow/example_dags/example_trigger_controller_dag.py took 0.098 seconds
[2024-09-18T12:12:17.373+0100] {processor.py:186} INFO - Started process (PID=13652) to work on /Users/ds2718/Documents/test_python_airflow/airflow/py_venv/lib/python3.12/site-packages/airflow/example_dags/example_trigger_controller_dag.py
[2024-09-18T12:12:17.374+0100] {processor.py:914} INFO - Processing file /Users/ds2718/Documents/test_python_airflow/airflow/py_venv/lib/python3.12/site-packages/airflow/example_dags/example_trigger_controller_dag.py for tasks to queue
[2024-09-18T12:12:17.374+0100] {logging_mixin.py:190} INFO - [2024-09-18T12:12:17.374+0100] {dagbag.py:587} INFO - Filling up the DagBag from /Users/ds2718/Documents/test_python_airflow/airflow/py_venv/lib/python3.12/site-packages/airflow/example_dags/example_trigger_controller_dag.py
[2024-09-18T12:12:17.379+0100] {processor.py:925} INFO - DAG(s) 'example_trigger_controller_dag' retrieved from /Users/ds2718/Documents/test_python_airflow/airflow/py_venv/lib/python3.12/site-packages/airflow/example_dags/example_trigger_controller_dag.py
[2024-09-18T12:12:17.417+0100] {logging_mixin.py:190} INFO - [2024-09-18T12:12:17.417+0100] {dag.py:3229} INFO - Sync 1 DAGs
[2024-09-18T12:12:17.427+0100] {logging_mixin.py:190} INFO - [2024-09-18T12:12:17.427+0100] {dag.py:4156} INFO - Setting next_dagrun for example_trigger_controller_dag to 2021-01-01 00:00:00+00:00, run_after=2021-01-01 00:00:00+00:00
[2024-09-18T12:12:17.437+0100] {processor.py:208} INFO - Processing /Users/ds2718/Documents/test_python_airflow/airflow/py_venv/lib/python3.12/site-packages/airflow/example_dags/example_trigger_controller_dag.py took 0.066 seconds
[2024-09-18T12:12:50.952+0100] {processor.py:186} INFO - Started process (PID=13817) to work on /Users/ds2718/Documents/test_python_airflow/airflow/py_venv/lib/python3.12/site-packages/airflow/example_dags/example_trigger_controller_dag.py
[2024-09-18T12:12:50.954+0100] {processor.py:914} INFO - Processing file /Users/ds2718/Documents/test_python_airflow/airflow/py_venv/lib/python3.12/site-packages/airflow/example_dags/example_trigger_controller_dag.py for tasks to queue
[2024-09-18T12:12:50.955+0100] {logging_mixin.py:190} INFO - [2024-09-18T12:12:50.954+0100] {dagbag.py:587} INFO - Filling up the DagBag from /Users/ds2718/Documents/test_python_airflow/airflow/py_venv/lib/python3.12/site-packages/airflow/example_dags/example_trigger_controller_dag.py
[2024-09-18T12:12:50.965+0100] {processor.py:925} INFO - DAG(s) 'example_trigger_controller_dag' retrieved from /Users/ds2718/Documents/test_python_airflow/airflow/py_venv/lib/python3.12/site-packages/airflow/example_dags/example_trigger_controller_dag.py
[2024-09-18T12:12:51.017+0100] {logging_mixin.py:190} INFO - [2024-09-18T12:12:51.017+0100] {dag.py:3229} INFO - Sync 1 DAGs
[2024-09-18T12:12:51.028+0100] {logging_mixin.py:190} INFO - [2024-09-18T12:12:51.028+0100] {dag.py:4156} INFO - Setting next_dagrun for example_trigger_controller_dag to 2021-01-01 00:00:00+00:00, run_after=2021-01-01 00:00:00+00:00
[2024-09-18T12:12:51.039+0100] {processor.py:208} INFO - Processing /Users/ds2718/Documents/test_python_airflow/airflow/py_venv/lib/python3.12/site-packages/airflow/example_dags/example_trigger_controller_dag.py took 0.093 seconds
[2024-09-18T12:13:25.703+0100] {processor.py:186} INFO - Started process (PID=13989) to work on /Users/ds2718/Documents/test_python_airflow/airflow/py_venv/lib/python3.12/site-packages/airflow/example_dags/example_trigger_controller_dag.py
[2024-09-18T12:13:25.704+0100] {processor.py:914} INFO - Processing file /Users/ds2718/Documents/test_python_airflow/airflow/py_venv/lib/python3.12/site-packages/airflow/example_dags/example_trigger_controller_dag.py for tasks to queue
[2024-09-18T12:13:25.704+0100] {logging_mixin.py:190} INFO - [2024-09-18T12:13:25.704+0100] {dagbag.py:587} INFO - Filling up the DagBag from /Users/ds2718/Documents/test_python_airflow/airflow/py_venv/lib/python3.12/site-packages/airflow/example_dags/example_trigger_controller_dag.py
[2024-09-18T12:13:25.709+0100] {processor.py:925} INFO - DAG(s) 'example_trigger_controller_dag' retrieved from /Users/ds2718/Documents/test_python_airflow/airflow/py_venv/lib/python3.12/site-packages/airflow/example_dags/example_trigger_controller_dag.py
[2024-09-18T12:13:25.747+0100] {logging_mixin.py:190} INFO - [2024-09-18T12:13:25.747+0100] {dag.py:3229} INFO - Sync 1 DAGs
[2024-09-18T12:13:25.758+0100] {logging_mixin.py:190} INFO - [2024-09-18T12:13:25.758+0100] {dag.py:4156} INFO - Setting next_dagrun for example_trigger_controller_dag to 2021-01-01 00:00:00+00:00, run_after=2021-01-01 00:00:00+00:00
[2024-09-18T12:13:25.767+0100] {processor.py:208} INFO - Processing /Users/ds2718/Documents/test_python_airflow/airflow/py_venv/lib/python3.12/site-packages/airflow/example_dags/example_trigger_controller_dag.py took 0.066 seconds
[2024-09-18T12:14:00.363+0100] {processor.py:186} INFO - Started process (PID=14166) to work on /Users/ds2718/Documents/test_python_airflow/airflow/py_venv/lib/python3.12/site-packages/airflow/example_dags/example_trigger_controller_dag.py
[2024-09-18T12:14:00.365+0100] {processor.py:914} INFO - Processing file /Users/ds2718/Documents/test_python_airflow/airflow/py_venv/lib/python3.12/site-packages/airflow/example_dags/example_trigger_controller_dag.py for tasks to queue
[2024-09-18T12:14:00.365+0100] {logging_mixin.py:190} INFO - [2024-09-18T12:14:00.365+0100] {dagbag.py:587} INFO - Filling up the DagBag from /Users/ds2718/Documents/test_python_airflow/airflow/py_venv/lib/python3.12/site-packages/airflow/example_dags/example_trigger_controller_dag.py
[2024-09-18T12:14:00.373+0100] {processor.py:925} INFO - DAG(s) 'example_trigger_controller_dag' retrieved from /Users/ds2718/Documents/test_python_airflow/airflow/py_venv/lib/python3.12/site-packages/airflow/example_dags/example_trigger_controller_dag.py
[2024-09-18T12:14:00.423+0100] {logging_mixin.py:190} INFO - [2024-09-18T12:14:00.423+0100] {dag.py:3229} INFO - Sync 1 DAGs
[2024-09-18T12:14:00.433+0100] {logging_mixin.py:190} INFO - [2024-09-18T12:14:00.432+0100] {dag.py:4156} INFO - Setting next_dagrun for example_trigger_controller_dag to 2021-01-01 00:00:00+00:00, run_after=2021-01-01 00:00:00+00:00
[2024-09-18T12:14:00.441+0100] {processor.py:208} INFO - Processing /Users/ds2718/Documents/test_python_airflow/airflow/py_venv/lib/python3.12/site-packages/airflow/example_dags/example_trigger_controller_dag.py took 0.080 seconds
