[2024-09-18T11:54:11.478+0100] {processor.py:186} INFO - Started process (PID=9474) to work on /Users/ds2718/Documents/test_python_airflow/airflow/py_venv/lib/python3.12/site-packages/airflow/example_dags/example_python_decorator.py
[2024-09-18T11:54:11.478+0100] {processor.py:914} INFO - Processing file /Users/ds2718/Documents/test_python_airflow/airflow/py_venv/lib/python3.12/site-packages/airflow/example_dags/example_python_decorator.py for tasks to queue
[2024-09-18T11:54:11.479+0100] {logging_mixin.py:190} INFO - [2024-09-18T11:54:11.479+0100] {dagbag.py:587} INFO - Filling up the DagBag from /Users/ds2718/Documents/test_python_airflow/airflow/py_venv/lib/python3.12/site-packages/airflow/example_dags/example_python_decorator.py
[2024-09-18T11:54:11.498+0100] {logging_mixin.py:190} INFO - [2024-09-18T11:54:11.498+0100] {example_python_decorator.py:80} WARNING - The virtalenv_python example task requires virtualenv, please install it.
[2024-09-18T11:54:11.500+0100] {processor.py:925} INFO - DAG(s) 'example_python_decorator' retrieved from /Users/ds2718/Documents/test_python_airflow/airflow/py_venv/lib/python3.12/site-packages/airflow/example_dags/example_python_decorator.py
[2024-09-18T11:54:11.647+0100] {logging_mixin.py:190} INFO - [2024-09-18T11:54:11.646+0100] {override.py:1900} INFO - Created Permission View: can read on DAG:example_python_decorator
[2024-09-18T11:54:11.651+0100] {logging_mixin.py:190} INFO - [2024-09-18T11:54:11.651+0100] {override.py:1900} INFO - Created Permission View: can edit on DAG:example_python_decorator
[2024-09-18T11:54:11.653+0100] {logging_mixin.py:190} INFO - [2024-09-18T11:54:11.653+0100] {override.py:1900} INFO - Created Permission View: can delete on DAG:example_python_decorator
[2024-09-18T11:54:11.656+0100] {logging_mixin.py:190} INFO - [2024-09-18T11:54:11.656+0100] {override.py:1900} INFO - Created Permission View: menu access on DAG Run:example_python_decorator
[2024-09-18T11:54:11.659+0100] {logging_mixin.py:190} INFO - [2024-09-18T11:54:11.659+0100] {override.py:1900} INFO - Created Permission View: can read on DAG Run:example_python_decorator
[2024-09-18T11:54:11.660+0100] {logging_mixin.py:190} INFO - [2024-09-18T11:54:11.660+0100] {override.py:1900} INFO - Created Permission View: can create on DAG Run:example_python_decorator
[2024-09-18T11:54:11.662+0100] {logging_mixin.py:190} INFO - [2024-09-18T11:54:11.662+0100] {override.py:1900} INFO - Created Permission View: can delete on DAG Run:example_python_decorator
[2024-09-18T11:54:11.662+0100] {logging_mixin.py:190} INFO - [2024-09-18T11:54:11.662+0100] {dag.py:3229} INFO - Sync 1 DAGs
[2024-09-18T11:54:11.667+0100] {logging_mixin.py:190} INFO - [2024-09-18T11:54:11.667+0100] {dag.py:3252} INFO - Creating ORM DAG for example_python_decorator
[2024-09-18T11:54:11.667+0100] {logging_mixin.py:190} INFO - [2024-09-18T11:54:11.667+0100] {dag.py:4156} INFO - Setting next_dagrun for example_python_decorator to None, run_after=None
[2024-09-18T11:54:11.674+0100] {processor.py:208} INFO - Processing /Users/ds2718/Documents/test_python_airflow/airflow/py_venv/lib/python3.12/site-packages/airflow/example_dags/example_python_decorator.py took 0.203 seconds
[2024-09-18T11:54:45.982+0100] {processor.py:186} INFO - Started process (PID=9681) to work on /Users/ds2718/Documents/test_python_airflow/airflow/py_venv/lib/python3.12/site-packages/airflow/example_dags/example_python_decorator.py
[2024-09-18T11:54:45.983+0100] {processor.py:914} INFO - Processing file /Users/ds2718/Documents/test_python_airflow/airflow/py_venv/lib/python3.12/site-packages/airflow/example_dags/example_python_decorator.py for tasks to queue
[2024-09-18T11:54:45.983+0100] {logging_mixin.py:190} INFO - [2024-09-18T11:54:45.983+0100] {dagbag.py:587} INFO - Filling up the DagBag from /Users/ds2718/Documents/test_python_airflow/airflow/py_venv/lib/python3.12/site-packages/airflow/example_dags/example_python_decorator.py
[2024-09-18T11:54:46.004+0100] {logging_mixin.py:190} INFO - [2024-09-18T11:54:46.004+0100] {example_python_decorator.py:80} WARNING - The virtalenv_python example task requires virtualenv, please install it.
[2024-09-18T11:54:46.006+0100] {processor.py:925} INFO - DAG(s) 'example_python_decorator' retrieved from /Users/ds2718/Documents/test_python_airflow/airflow/py_venv/lib/python3.12/site-packages/airflow/example_dags/example_python_decorator.py
[2024-09-18T11:54:46.064+0100] {logging_mixin.py:190} INFO - [2024-09-18T11:54:46.063+0100] {dag.py:3229} INFO - Sync 1 DAGs
[2024-09-18T11:54:46.072+0100] {logging_mixin.py:190} INFO - [2024-09-18T11:54:46.072+0100] {dag.py:4156} INFO - Setting next_dagrun for example_python_decorator to None, run_after=None
[2024-09-18T11:54:46.121+0100] {processor.py:208} INFO - Processing /Users/ds2718/Documents/test_python_airflow/airflow/py_venv/lib/python3.12/site-packages/airflow/example_dags/example_python_decorator.py took 0.141 seconds
[2024-09-18T11:55:21.434+0100] {processor.py:186} INFO - Started process (PID=9852) to work on /Users/ds2718/Documents/test_python_airflow/airflow/py_venv/lib/python3.12/site-packages/airflow/example_dags/example_python_decorator.py
[2024-09-18T11:55:21.436+0100] {processor.py:914} INFO - Processing file /Users/ds2718/Documents/test_python_airflow/airflow/py_venv/lib/python3.12/site-packages/airflow/example_dags/example_python_decorator.py for tasks to queue
[2024-09-18T11:55:21.436+0100] {logging_mixin.py:190} INFO - [2024-09-18T11:55:21.436+0100] {dagbag.py:587} INFO - Filling up the DagBag from /Users/ds2718/Documents/test_python_airflow/airflow/py_venv/lib/python3.12/site-packages/airflow/example_dags/example_python_decorator.py
[2024-09-18T11:55:21.454+0100] {logging_mixin.py:190} INFO - [2024-09-18T11:55:21.453+0100] {example_python_decorator.py:80} WARNING - The virtalenv_python example task requires virtualenv, please install it.
[2024-09-18T11:55:21.455+0100] {processor.py:925} INFO - DAG(s) 'example_python_decorator' retrieved from /Users/ds2718/Documents/test_python_airflow/airflow/py_venv/lib/python3.12/site-packages/airflow/example_dags/example_python_decorator.py
[2024-09-18T11:55:21.495+0100] {logging_mixin.py:190} INFO - [2024-09-18T11:55:21.494+0100] {dag.py:3229} INFO - Sync 1 DAGs
[2024-09-18T11:55:21.502+0100] {logging_mixin.py:190} INFO - [2024-09-18T11:55:21.502+0100] {dag.py:4156} INFO - Setting next_dagrun for example_python_decorator to None, run_after=None
[2024-09-18T11:55:21.554+0100] {processor.py:208} INFO - Processing /Users/ds2718/Documents/test_python_airflow/airflow/py_venv/lib/python3.12/site-packages/airflow/example_dags/example_python_decorator.py took 0.122 seconds
[2024-09-18T11:55:52.822+0100] {processor.py:186} INFO - Started process (PID=10035) to work on /Users/ds2718/Documents/test_python_airflow/airflow/py_venv/lib/python3.12/site-packages/airflow/example_dags/example_python_decorator.py
[2024-09-18T11:55:52.823+0100] {processor.py:914} INFO - Processing file /Users/ds2718/Documents/test_python_airflow/airflow/py_venv/lib/python3.12/site-packages/airflow/example_dags/example_python_decorator.py for tasks to queue
[2024-09-18T11:55:52.823+0100] {logging_mixin.py:190} INFO - [2024-09-18T11:55:52.823+0100] {dagbag.py:587} INFO - Filling up the DagBag from /Users/ds2718/Documents/test_python_airflow/airflow/py_venv/lib/python3.12/site-packages/airflow/example_dags/example_python_decorator.py
[2024-09-18T11:55:52.847+0100] {logging_mixin.py:190} INFO - [2024-09-18T11:55:52.847+0100] {example_python_decorator.py:80} WARNING - The virtalenv_python example task requires virtualenv, please install it.
[2024-09-18T11:55:52.848+0100] {processor.py:925} INFO - DAG(s) 'example_python_decorator' retrieved from /Users/ds2718/Documents/test_python_airflow/airflow/py_venv/lib/python3.12/site-packages/airflow/example_dags/example_python_decorator.py
[2024-09-18T11:55:52.886+0100] {logging_mixin.py:190} INFO - [2024-09-18T11:55:52.886+0100] {dag.py:3229} INFO - Sync 1 DAGs
[2024-09-18T11:55:52.899+0100] {logging_mixin.py:190} INFO - [2024-09-18T11:55:52.899+0100] {dag.py:4156} INFO - Setting next_dagrun for example_python_decorator to None, run_after=None
[2024-09-18T11:55:52.937+0100] {processor.py:208} INFO - Processing /Users/ds2718/Documents/test_python_airflow/airflow/py_venv/lib/python3.12/site-packages/airflow/example_dags/example_python_decorator.py took 0.117 seconds
[2024-09-18T11:56:27.990+0100] {processor.py:186} INFO - Started process (PID=10167) to work on /Users/ds2718/Documents/test_python_airflow/airflow/py_venv/lib/python3.12/site-packages/airflow/example_dags/example_python_decorator.py
[2024-09-18T11:56:27.992+0100] {processor.py:914} INFO - Processing file /Users/ds2718/Documents/test_python_airflow/airflow/py_venv/lib/python3.12/site-packages/airflow/example_dags/example_python_decorator.py for tasks to queue
[2024-09-18T11:56:27.993+0100] {logging_mixin.py:190} INFO - [2024-09-18T11:56:27.993+0100] {dagbag.py:587} INFO - Filling up the DagBag from /Users/ds2718/Documents/test_python_airflow/airflow/py_venv/lib/python3.12/site-packages/airflow/example_dags/example_python_decorator.py
[2024-09-18T11:56:28.011+0100] {logging_mixin.py:190} INFO - [2024-09-18T11:56:28.010+0100] {example_python_decorator.py:80} WARNING - The virtalenv_python example task requires virtualenv, please install it.
[2024-09-18T11:56:28.012+0100] {processor.py:925} INFO - DAG(s) 'example_python_decorator' retrieved from /Users/ds2718/Documents/test_python_airflow/airflow/py_venv/lib/python3.12/site-packages/airflow/example_dags/example_python_decorator.py
[2024-09-18T11:56:28.054+0100] {logging_mixin.py:190} INFO - [2024-09-18T11:56:28.054+0100] {dag.py:3229} INFO - Sync 1 DAGs
[2024-09-18T11:56:28.060+0100] {logging_mixin.py:190} INFO - [2024-09-18T11:56:28.060+0100] {dag.py:4156} INFO - Setting next_dagrun for example_python_decorator to None, run_after=None
[2024-09-18T11:56:28.102+0100] {processor.py:208} INFO - Processing /Users/ds2718/Documents/test_python_airflow/airflow/py_venv/lib/python3.12/site-packages/airflow/example_dags/example_python_decorator.py took 0.114 seconds
[2024-09-18T11:56:59.910+0100] {processor.py:186} INFO - Started process (PID=10339) to work on /Users/ds2718/Documents/test_python_airflow/airflow/py_venv/lib/python3.12/site-packages/airflow/example_dags/example_python_decorator.py
[2024-09-18T11:56:59.911+0100] {processor.py:914} INFO - Processing file /Users/ds2718/Documents/test_python_airflow/airflow/py_venv/lib/python3.12/site-packages/airflow/example_dags/example_python_decorator.py for tasks to queue
[2024-09-18T11:56:59.911+0100] {logging_mixin.py:190} INFO - [2024-09-18T11:56:59.911+0100] {dagbag.py:587} INFO - Filling up the DagBag from /Users/ds2718/Documents/test_python_airflow/airflow/py_venv/lib/python3.12/site-packages/airflow/example_dags/example_python_decorator.py
[2024-09-18T11:56:59.925+0100] {logging_mixin.py:190} INFO - [2024-09-18T11:56:59.925+0100] {example_python_decorator.py:80} WARNING - The virtalenv_python example task requires virtualenv, please install it.
[2024-09-18T11:56:59.927+0100] {processor.py:925} INFO - DAG(s) 'example_python_decorator' retrieved from /Users/ds2718/Documents/test_python_airflow/airflow/py_venv/lib/python3.12/site-packages/airflow/example_dags/example_python_decorator.py
[2024-09-18T11:56:59.967+0100] {logging_mixin.py:190} INFO - [2024-09-18T11:56:59.967+0100] {dag.py:3229} INFO - Sync 1 DAGs
[2024-09-18T11:56:59.975+0100] {logging_mixin.py:190} INFO - [2024-09-18T11:56:59.974+0100] {dag.py:4156} INFO - Setting next_dagrun for example_python_decorator to None, run_after=None
[2024-09-18T11:57:00.006+0100] {processor.py:208} INFO - Processing /Users/ds2718/Documents/test_python_airflow/airflow/py_venv/lib/python3.12/site-packages/airflow/example_dags/example_python_decorator.py took 0.098 seconds
[2024-09-18T11:57:31.928+0100] {processor.py:186} INFO - Started process (PID=10497) to work on /Users/ds2718/Documents/test_python_airflow/airflow/py_venv/lib/python3.12/site-packages/airflow/example_dags/example_python_decorator.py
[2024-09-18T11:57:31.929+0100] {processor.py:914} INFO - Processing file /Users/ds2718/Documents/test_python_airflow/airflow/py_venv/lib/python3.12/site-packages/airflow/example_dags/example_python_decorator.py for tasks to queue
[2024-09-18T11:57:31.929+0100] {logging_mixin.py:190} INFO - [2024-09-18T11:57:31.929+0100] {dagbag.py:587} INFO - Filling up the DagBag from /Users/ds2718/Documents/test_python_airflow/airflow/py_venv/lib/python3.12/site-packages/airflow/example_dags/example_python_decorator.py
[2024-09-18T11:57:31.947+0100] {logging_mixin.py:190} INFO - [2024-09-18T11:57:31.947+0100] {example_python_decorator.py:80} WARNING - The virtalenv_python example task requires virtualenv, please install it.
[2024-09-18T11:57:31.948+0100] {processor.py:925} INFO - DAG(s) 'example_python_decorator' retrieved from /Users/ds2718/Documents/test_python_airflow/airflow/py_venv/lib/python3.12/site-packages/airflow/example_dags/example_python_decorator.py
[2024-09-18T11:57:31.988+0100] {logging_mixin.py:190} INFO - [2024-09-18T11:57:31.988+0100] {dag.py:3229} INFO - Sync 1 DAGs
[2024-09-18T11:57:31.996+0100] {logging_mixin.py:190} INFO - [2024-09-18T11:57:31.996+0100] {dag.py:4156} INFO - Setting next_dagrun for example_python_decorator to None, run_after=None
[2024-09-18T11:57:32.029+0100] {processor.py:208} INFO - Processing /Users/ds2718/Documents/test_python_airflow/airflow/py_venv/lib/python3.12/site-packages/airflow/example_dags/example_python_decorator.py took 0.109 seconds
[2024-09-18T11:58:06.602+0100] {processor.py:186} INFO - Started process (PID=10704) to work on /Users/ds2718/Documents/test_python_airflow/airflow/py_venv/lib/python3.12/site-packages/airflow/example_dags/example_python_decorator.py
[2024-09-18T11:58:06.603+0100] {processor.py:914} INFO - Processing file /Users/ds2718/Documents/test_python_airflow/airflow/py_venv/lib/python3.12/site-packages/airflow/example_dags/example_python_decorator.py for tasks to queue
[2024-09-18T11:58:06.603+0100] {logging_mixin.py:190} INFO - [2024-09-18T11:58:06.603+0100] {dagbag.py:587} INFO - Filling up the DagBag from /Users/ds2718/Documents/test_python_airflow/airflow/py_venv/lib/python3.12/site-packages/airflow/example_dags/example_python_decorator.py
[2024-09-18T11:58:06.623+0100] {logging_mixin.py:190} INFO - [2024-09-18T11:58:06.623+0100] {example_python_decorator.py:80} WARNING - The virtalenv_python example task requires virtualenv, please install it.
[2024-09-18T11:58:06.624+0100] {processor.py:925} INFO - DAG(s) 'example_python_decorator' retrieved from /Users/ds2718/Documents/test_python_airflow/airflow/py_venv/lib/python3.12/site-packages/airflow/example_dags/example_python_decorator.py
[2024-09-18T11:58:06.666+0100] {logging_mixin.py:190} INFO - [2024-09-18T11:58:06.666+0100] {dag.py:3229} INFO - Sync 1 DAGs
[2024-09-18T11:58:06.675+0100] {logging_mixin.py:190} INFO - [2024-09-18T11:58:06.674+0100] {dag.py:4156} INFO - Setting next_dagrun for example_python_decorator to None, run_after=None
[2024-09-18T11:58:06.709+0100] {processor.py:208} INFO - Processing /Users/ds2718/Documents/test_python_airflow/airflow/py_venv/lib/python3.12/site-packages/airflow/example_dags/example_python_decorator.py took 0.115 seconds
[2024-09-18T11:58:42.116+0100] {processor.py:186} INFO - Started process (PID=10881) to work on /Users/ds2718/Documents/test_python_airflow/airflow/py_venv/lib/python3.12/site-packages/airflow/example_dags/example_python_decorator.py
[2024-09-18T11:58:42.117+0100] {processor.py:914} INFO - Processing file /Users/ds2718/Documents/test_python_airflow/airflow/py_venv/lib/python3.12/site-packages/airflow/example_dags/example_python_decorator.py for tasks to queue
[2024-09-18T11:58:42.117+0100] {logging_mixin.py:190} INFO - [2024-09-18T11:58:42.117+0100] {dagbag.py:587} INFO - Filling up the DagBag from /Users/ds2718/Documents/test_python_airflow/airflow/py_venv/lib/python3.12/site-packages/airflow/example_dags/example_python_decorator.py
[2024-09-18T11:58:42.132+0100] {logging_mixin.py:190} INFO - [2024-09-18T11:58:42.132+0100] {example_python_decorator.py:80} WARNING - The virtalenv_python example task requires virtualenv, please install it.
[2024-09-18T11:58:42.133+0100] {processor.py:925} INFO - DAG(s) 'example_python_decorator' retrieved from /Users/ds2718/Documents/test_python_airflow/airflow/py_venv/lib/python3.12/site-packages/airflow/example_dags/example_python_decorator.py
[2024-09-18T11:58:42.174+0100] {logging_mixin.py:190} INFO - [2024-09-18T11:58:42.174+0100] {dag.py:3229} INFO - Sync 1 DAGs
[2024-09-18T11:58:42.181+0100] {logging_mixin.py:190} INFO - [2024-09-18T11:58:42.181+0100] {dag.py:4156} INFO - Setting next_dagrun for example_python_decorator to None, run_after=None
[2024-09-18T11:58:42.213+0100] {processor.py:208} INFO - Processing /Users/ds2718/Documents/test_python_airflow/airflow/py_venv/lib/python3.12/site-packages/airflow/example_dags/example_python_decorator.py took 0.099 seconds
[2024-09-18T11:59:16.921+0100] {processor.py:186} INFO - Started process (PID=11089) to work on /Users/ds2718/Documents/test_python_airflow/airflow/py_venv/lib/python3.12/site-packages/airflow/example_dags/example_python_decorator.py
[2024-09-18T11:59:16.923+0100] {processor.py:914} INFO - Processing file /Users/ds2718/Documents/test_python_airflow/airflow/py_venv/lib/python3.12/site-packages/airflow/example_dags/example_python_decorator.py for tasks to queue
[2024-09-18T11:59:16.924+0100] {logging_mixin.py:190} INFO - [2024-09-18T11:59:16.924+0100] {dagbag.py:587} INFO - Filling up the DagBag from /Users/ds2718/Documents/test_python_airflow/airflow/py_venv/lib/python3.12/site-packages/airflow/example_dags/example_python_decorator.py
[2024-09-18T11:59:16.944+0100] {logging_mixin.py:190} INFO - [2024-09-18T11:59:16.944+0100] {example_python_decorator.py:80} WARNING - The virtalenv_python example task requires virtualenv, please install it.
[2024-09-18T11:59:16.945+0100] {processor.py:925} INFO - DAG(s) 'example_python_decorator' retrieved from /Users/ds2718/Documents/test_python_airflow/airflow/py_venv/lib/python3.12/site-packages/airflow/example_dags/example_python_decorator.py
[2024-09-18T11:59:16.987+0100] {logging_mixin.py:190} INFO - [2024-09-18T11:59:16.987+0100] {dag.py:3229} INFO - Sync 1 DAGs
[2024-09-18T11:59:16.994+0100] {logging_mixin.py:190} INFO - [2024-09-18T11:59:16.994+0100] {dag.py:4156} INFO - Setting next_dagrun for example_python_decorator to None, run_after=None
[2024-09-18T11:59:17.036+0100] {processor.py:208} INFO - Processing /Users/ds2718/Documents/test_python_airflow/airflow/py_venv/lib/python3.12/site-packages/airflow/example_dags/example_python_decorator.py took 0.116 seconds
[2024-09-18T11:59:50.489+0100] {processor.py:186} INFO - Started process (PID=11269) to work on /Users/ds2718/Documents/test_python_airflow/airflow/py_venv/lib/python3.12/site-packages/airflow/example_dags/example_python_decorator.py
[2024-09-18T11:59:50.490+0100] {processor.py:914} INFO - Processing file /Users/ds2718/Documents/test_python_airflow/airflow/py_venv/lib/python3.12/site-packages/airflow/example_dags/example_python_decorator.py for tasks to queue
[2024-09-18T11:59:50.490+0100] {logging_mixin.py:190} INFO - [2024-09-18T11:59:50.490+0100] {dagbag.py:587} INFO - Filling up the DagBag from /Users/ds2718/Documents/test_python_airflow/airflow/py_venv/lib/python3.12/site-packages/airflow/example_dags/example_python_decorator.py
[2024-09-18T11:59:50.508+0100] {logging_mixin.py:190} INFO - [2024-09-18T11:59:50.508+0100] {example_python_decorator.py:80} WARNING - The virtalenv_python example task requires virtualenv, please install it.
[2024-09-18T11:59:50.509+0100] {processor.py:925} INFO - DAG(s) 'example_python_decorator' retrieved from /Users/ds2718/Documents/test_python_airflow/airflow/py_venv/lib/python3.12/site-packages/airflow/example_dags/example_python_decorator.py
[2024-09-18T11:59:50.548+0100] {logging_mixin.py:190} INFO - [2024-09-18T11:59:50.548+0100] {dag.py:3229} INFO - Sync 1 DAGs
[2024-09-18T11:59:50.557+0100] {logging_mixin.py:190} INFO - [2024-09-18T11:59:50.557+0100] {dag.py:4156} INFO - Setting next_dagrun for example_python_decorator to None, run_after=None
[2024-09-18T11:59:50.597+0100] {processor.py:208} INFO - Processing /Users/ds2718/Documents/test_python_airflow/airflow/py_venv/lib/python3.12/site-packages/airflow/example_dags/example_python_decorator.py took 0.117 seconds
[2024-09-18T12:00:24.455+0100] {processor.py:186} INFO - Started process (PID=11471) to work on /Users/ds2718/Documents/test_python_airflow/airflow/py_venv/lib/python3.12/site-packages/airflow/example_dags/example_python_decorator.py
[2024-09-18T12:00:24.455+0100] {processor.py:914} INFO - Processing file /Users/ds2718/Documents/test_python_airflow/airflow/py_venv/lib/python3.12/site-packages/airflow/example_dags/example_python_decorator.py for tasks to queue
[2024-09-18T12:00:24.455+0100] {logging_mixin.py:190} INFO - [2024-09-18T12:00:24.455+0100] {dagbag.py:587} INFO - Filling up the DagBag from /Users/ds2718/Documents/test_python_airflow/airflow/py_venv/lib/python3.12/site-packages/airflow/example_dags/example_python_decorator.py
[2024-09-18T12:00:24.470+0100] {logging_mixin.py:190} INFO - [2024-09-18T12:00:24.470+0100] {example_python_decorator.py:80} WARNING - The virtalenv_python example task requires virtualenv, please install it.
[2024-09-18T12:00:24.471+0100] {processor.py:925} INFO - DAG(s) 'example_python_decorator' retrieved from /Users/ds2718/Documents/test_python_airflow/airflow/py_venv/lib/python3.12/site-packages/airflow/example_dags/example_python_decorator.py
[2024-09-18T12:00:24.512+0100] {logging_mixin.py:190} INFO - [2024-09-18T12:00:24.512+0100] {dag.py:3229} INFO - Sync 1 DAGs
[2024-09-18T12:00:24.520+0100] {logging_mixin.py:190} INFO - [2024-09-18T12:00:24.520+0100] {dag.py:4156} INFO - Setting next_dagrun for example_python_decorator to None, run_after=None
[2024-09-18T12:00:24.550+0100] {processor.py:208} INFO - Processing /Users/ds2718/Documents/test_python_airflow/airflow/py_venv/lib/python3.12/site-packages/airflow/example_dags/example_python_decorator.py took 0.097 seconds
[2024-09-18T12:00:57.040+0100] {processor.py:186} INFO - Started process (PID=11648) to work on /Users/ds2718/Documents/test_python_airflow/airflow/py_venv/lib/python3.12/site-packages/airflow/example_dags/example_python_decorator.py
[2024-09-18T12:00:57.041+0100] {processor.py:914} INFO - Processing file /Users/ds2718/Documents/test_python_airflow/airflow/py_venv/lib/python3.12/site-packages/airflow/example_dags/example_python_decorator.py for tasks to queue
[2024-09-18T12:00:57.041+0100] {logging_mixin.py:190} INFO - [2024-09-18T12:00:57.041+0100] {dagbag.py:587} INFO - Filling up the DagBag from /Users/ds2718/Documents/test_python_airflow/airflow/py_venv/lib/python3.12/site-packages/airflow/example_dags/example_python_decorator.py
[2024-09-18T12:00:57.057+0100] {logging_mixin.py:190} INFO - [2024-09-18T12:00:57.057+0100] {example_python_decorator.py:80} WARNING - The virtalenv_python example task requires virtualenv, please install it.
[2024-09-18T12:00:57.058+0100] {processor.py:925} INFO - DAG(s) 'example_python_decorator' retrieved from /Users/ds2718/Documents/test_python_airflow/airflow/py_venv/lib/python3.12/site-packages/airflow/example_dags/example_python_decorator.py
[2024-09-18T12:00:57.095+0100] {logging_mixin.py:190} INFO - [2024-09-18T12:00:57.095+0100] {dag.py:3229} INFO - Sync 1 DAGs
[2024-09-18T12:00:57.104+0100] {logging_mixin.py:190} INFO - [2024-09-18T12:00:57.104+0100] {dag.py:4156} INFO - Setting next_dagrun for example_python_decorator to None, run_after=None
[2024-09-18T12:00:57.136+0100] {processor.py:208} INFO - Processing /Users/ds2718/Documents/test_python_airflow/airflow/py_venv/lib/python3.12/site-packages/airflow/example_dags/example_python_decorator.py took 0.104 seconds
[2024-09-18T12:06:12.087+0100] {processor.py:186} INFO - Started process (PID=11902) to work on /Users/ds2718/Documents/test_python_airflow/airflow/py_venv/lib/python3.12/site-packages/airflow/example_dags/example_python_decorator.py
[2024-09-18T12:06:12.088+0100] {processor.py:914} INFO - Processing file /Users/ds2718/Documents/test_python_airflow/airflow/py_venv/lib/python3.12/site-packages/airflow/example_dags/example_python_decorator.py for tasks to queue
[2024-09-18T12:06:12.088+0100] {logging_mixin.py:190} INFO - [2024-09-18T12:06:12.088+0100] {dagbag.py:587} INFO - Filling up the DagBag from /Users/ds2718/Documents/test_python_airflow/airflow/py_venv/lib/python3.12/site-packages/airflow/example_dags/example_python_decorator.py
[2024-09-18T12:06:12.106+0100] {logging_mixin.py:190} INFO - [2024-09-18T12:06:12.105+0100] {example_python_decorator.py:80} WARNING - The virtalenv_python example task requires virtualenv, please install it.
[2024-09-18T12:06:12.106+0100] {processor.py:925} INFO - DAG(s) 'example_python_decorator' retrieved from /Users/ds2718/Documents/test_python_airflow/airflow/py_venv/lib/python3.12/site-packages/airflow/example_dags/example_python_decorator.py
[2024-09-18T12:06:12.145+0100] {logging_mixin.py:190} INFO - [2024-09-18T12:06:12.145+0100] {dag.py:3229} INFO - Sync 1 DAGs
[2024-09-18T12:06:12.153+0100] {logging_mixin.py:190} INFO - [2024-09-18T12:06:12.153+0100] {dag.py:4156} INFO - Setting next_dagrun for example_python_decorator to None, run_after=None
[2024-09-18T12:06:12.196+0100] {processor.py:208} INFO - Processing /Users/ds2718/Documents/test_python_airflow/airflow/py_venv/lib/python3.12/site-packages/airflow/example_dags/example_python_decorator.py took 0.114 seconds
[2024-09-18T12:06:46.069+0100] {processor.py:186} INFO - Started process (PID=12078) to work on /Users/ds2718/Documents/test_python_airflow/airflow/py_venv/lib/python3.12/site-packages/airflow/example_dags/example_python_decorator.py
[2024-09-18T12:06:46.070+0100] {processor.py:914} INFO - Processing file /Users/ds2718/Documents/test_python_airflow/airflow/py_venv/lib/python3.12/site-packages/airflow/example_dags/example_python_decorator.py for tasks to queue
[2024-09-18T12:06:46.070+0100] {logging_mixin.py:190} INFO - [2024-09-18T12:06:46.070+0100] {dagbag.py:587} INFO - Filling up the DagBag from /Users/ds2718/Documents/test_python_airflow/airflow/py_venv/lib/python3.12/site-packages/airflow/example_dags/example_python_decorator.py
[2024-09-18T12:06:46.085+0100] {logging_mixin.py:190} INFO - [2024-09-18T12:06:46.085+0100] {example_python_decorator.py:80} WARNING - The virtalenv_python example task requires virtualenv, please install it.
[2024-09-18T12:06:46.087+0100] {processor.py:925} INFO - DAG(s) 'example_python_decorator' retrieved from /Users/ds2718/Documents/test_python_airflow/airflow/py_venv/lib/python3.12/site-packages/airflow/example_dags/example_python_decorator.py
[2024-09-18T12:06:46.133+0100] {logging_mixin.py:190} INFO - [2024-09-18T12:06:46.133+0100] {dag.py:3229} INFO - Sync 1 DAGs
[2024-09-18T12:06:46.140+0100] {logging_mixin.py:190} INFO - [2024-09-18T12:06:46.140+0100] {dag.py:4156} INFO - Setting next_dagrun for example_python_decorator to None, run_after=None
[2024-09-18T12:06:46.171+0100] {processor.py:208} INFO - Processing /Users/ds2718/Documents/test_python_airflow/airflow/py_venv/lib/python3.12/site-packages/airflow/example_dags/example_python_decorator.py took 0.104 seconds
[2024-09-18T12:07:20.334+0100] {processor.py:186} INFO - Started process (PID=12242) to work on /Users/ds2718/Documents/test_python_airflow/airflow/py_venv/lib/python3.12/site-packages/airflow/example_dags/example_python_decorator.py
[2024-09-18T12:07:20.334+0100] {processor.py:914} INFO - Processing file /Users/ds2718/Documents/test_python_airflow/airflow/py_venv/lib/python3.12/site-packages/airflow/example_dags/example_python_decorator.py for tasks to queue
[2024-09-18T12:07:20.335+0100] {logging_mixin.py:190} INFO - [2024-09-18T12:07:20.334+0100] {dagbag.py:587} INFO - Filling up the DagBag from /Users/ds2718/Documents/test_python_airflow/airflow/py_venv/lib/python3.12/site-packages/airflow/example_dags/example_python_decorator.py
[2024-09-18T12:07:20.352+0100] {logging_mixin.py:190} INFO - [2024-09-18T12:07:20.352+0100] {example_python_decorator.py:80} WARNING - The virtalenv_python example task requires virtualenv, please install it.
[2024-09-18T12:07:20.354+0100] {processor.py:925} INFO - DAG(s) 'example_python_decorator' retrieved from /Users/ds2718/Documents/test_python_airflow/airflow/py_venv/lib/python3.12/site-packages/airflow/example_dags/example_python_decorator.py
[2024-09-18T12:07:20.405+0100] {logging_mixin.py:190} INFO - [2024-09-18T12:07:20.405+0100] {dag.py:3229} INFO - Sync 1 DAGs
[2024-09-18T12:07:20.412+0100] {logging_mixin.py:190} INFO - [2024-09-18T12:07:20.412+0100] {dag.py:4156} INFO - Setting next_dagrun for example_python_decorator to None, run_after=None
[2024-09-18T12:07:20.453+0100] {processor.py:208} INFO - Processing /Users/ds2718/Documents/test_python_airflow/airflow/py_venv/lib/python3.12/site-packages/airflow/example_dags/example_python_decorator.py took 0.122 seconds
[2024-09-18T12:08:02.291+0100] {processor.py:186} INFO - Started process (PID=12425) to work on /Users/ds2718/Documents/test_python_airflow/airflow/py_venv/lib/python3.12/site-packages/airflow/example_dags/example_python_decorator.py
[2024-09-18T12:08:02.305+0100] {processor.py:914} INFO - Processing file /Users/ds2718/Documents/test_python_airflow/airflow/py_venv/lib/python3.12/site-packages/airflow/example_dags/example_python_decorator.py for tasks to queue
[2024-09-18T12:08:02.305+0100] {logging_mixin.py:190} INFO - [2024-09-18T12:08:02.305+0100] {dagbag.py:587} INFO - Filling up the DagBag from /Users/ds2718/Documents/test_python_airflow/airflow/py_venv/lib/python3.12/site-packages/airflow/example_dags/example_python_decorator.py
[2024-09-18T12:08:02.350+0100] {logging_mixin.py:190} INFO - [2024-09-18T12:08:02.350+0100] {example_python_decorator.py:80} WARNING - The virtalenv_python example task requires virtualenv, please install it.
[2024-09-18T12:08:02.352+0100] {processor.py:925} INFO - DAG(s) 'example_python_decorator' retrieved from /Users/ds2718/Documents/test_python_airflow/airflow/py_venv/lib/python3.12/site-packages/airflow/example_dags/example_python_decorator.py
[2024-09-18T12:08:02.419+0100] {logging_mixin.py:190} INFO - [2024-09-18T12:08:02.419+0100] {dag.py:3229} INFO - Sync 1 DAGs
[2024-09-18T12:08:02.427+0100] {logging_mixin.py:190} INFO - [2024-09-18T12:08:02.427+0100] {dag.py:4156} INFO - Setting next_dagrun for example_python_decorator to None, run_after=None
[2024-09-18T12:08:02.501+0100] {processor.py:208} INFO - Processing /Users/ds2718/Documents/test_python_airflow/airflow/py_venv/lib/python3.12/site-packages/airflow/example_dags/example_python_decorator.py took 0.212 seconds
[2024-09-18T12:08:37.714+0100] {processor.py:186} INFO - Started process (PID=12595) to work on /Users/ds2718/Documents/test_python_airflow/airflow/py_venv/lib/python3.12/site-packages/airflow/example_dags/example_python_decorator.py
[2024-09-18T12:08:37.715+0100] {processor.py:914} INFO - Processing file /Users/ds2718/Documents/test_python_airflow/airflow/py_venv/lib/python3.12/site-packages/airflow/example_dags/example_python_decorator.py for tasks to queue
[2024-09-18T12:08:37.715+0100] {logging_mixin.py:190} INFO - [2024-09-18T12:08:37.715+0100] {dagbag.py:587} INFO - Filling up the DagBag from /Users/ds2718/Documents/test_python_airflow/airflow/py_venv/lib/python3.12/site-packages/airflow/example_dags/example_python_decorator.py
[2024-09-18T12:08:37.739+0100] {logging_mixin.py:190} INFO - [2024-09-18T12:08:37.739+0100] {example_python_decorator.py:80} WARNING - The virtalenv_python example task requires virtualenv, please install it.
[2024-09-18T12:08:37.742+0100] {processor.py:925} INFO - DAG(s) 'example_python_decorator' retrieved from /Users/ds2718/Documents/test_python_airflow/airflow/py_venv/lib/python3.12/site-packages/airflow/example_dags/example_python_decorator.py
[2024-09-18T12:08:37.805+0100] {logging_mixin.py:190} INFO - [2024-09-18T12:08:37.805+0100] {dag.py:3229} INFO - Sync 1 DAGs
[2024-09-18T12:08:37.812+0100] {logging_mixin.py:190} INFO - [2024-09-18T12:08:37.812+0100] {dag.py:4156} INFO - Setting next_dagrun for example_python_decorator to None, run_after=None
[2024-09-18T12:08:37.859+0100] {processor.py:208} INFO - Processing /Users/ds2718/Documents/test_python_airflow/airflow/py_venv/lib/python3.12/site-packages/airflow/example_dags/example_python_decorator.py took 0.163 seconds
[2024-09-18T12:09:10.738+0100] {processor.py:186} INFO - Started process (PID=12766) to work on /Users/ds2718/Documents/test_python_airflow/airflow/py_venv/lib/python3.12/site-packages/airflow/example_dags/example_python_decorator.py
[2024-09-18T12:09:10.739+0100] {processor.py:914} INFO - Processing file /Users/ds2718/Documents/test_python_airflow/airflow/py_venv/lib/python3.12/site-packages/airflow/example_dags/example_python_decorator.py for tasks to queue
[2024-09-18T12:09:10.739+0100] {logging_mixin.py:190} INFO - [2024-09-18T12:09:10.739+0100] {dagbag.py:587} INFO - Filling up the DagBag from /Users/ds2718/Documents/test_python_airflow/airflow/py_venv/lib/python3.12/site-packages/airflow/example_dags/example_python_decorator.py
[2024-09-18T12:09:10.758+0100] {logging_mixin.py:190} INFO - [2024-09-18T12:09:10.758+0100] {example_python_decorator.py:80} WARNING - The virtalenv_python example task requires virtualenv, please install it.
[2024-09-18T12:09:10.760+0100] {processor.py:925} INFO - DAG(s) 'example_python_decorator' retrieved from /Users/ds2718/Documents/test_python_airflow/airflow/py_venv/lib/python3.12/site-packages/airflow/example_dags/example_python_decorator.py
[2024-09-18T12:09:10.802+0100] {logging_mixin.py:190} INFO - [2024-09-18T12:09:10.802+0100] {dag.py:3229} INFO - Sync 1 DAGs
[2024-09-18T12:09:10.809+0100] {logging_mixin.py:190} INFO - [2024-09-18T12:09:10.809+0100] {dag.py:4156} INFO - Setting next_dagrun for example_python_decorator to None, run_after=None
[2024-09-18T12:09:10.847+0100] {processor.py:208} INFO - Processing /Users/ds2718/Documents/test_python_airflow/airflow/py_venv/lib/python3.12/site-packages/airflow/example_dags/example_python_decorator.py took 0.114 seconds
[2024-09-18T12:09:44.533+0100] {processor.py:186} INFO - Started process (PID=12968) to work on /Users/ds2718/Documents/test_python_airflow/airflow/py_venv/lib/python3.12/site-packages/airflow/example_dags/example_python_decorator.py
[2024-09-18T12:09:44.534+0100] {processor.py:914} INFO - Processing file /Users/ds2718/Documents/test_python_airflow/airflow/py_venv/lib/python3.12/site-packages/airflow/example_dags/example_python_decorator.py for tasks to queue
[2024-09-18T12:09:44.534+0100] {logging_mixin.py:190} INFO - [2024-09-18T12:09:44.534+0100] {dagbag.py:587} INFO - Filling up the DagBag from /Users/ds2718/Documents/test_python_airflow/airflow/py_venv/lib/python3.12/site-packages/airflow/example_dags/example_python_decorator.py
[2024-09-18T12:09:44.554+0100] {logging_mixin.py:190} INFO - [2024-09-18T12:09:44.554+0100] {example_python_decorator.py:80} WARNING - The virtalenv_python example task requires virtualenv, please install it.
[2024-09-18T12:09:44.556+0100] {processor.py:925} INFO - DAG(s) 'example_python_decorator' retrieved from /Users/ds2718/Documents/test_python_airflow/airflow/py_venv/lib/python3.12/site-packages/airflow/example_dags/example_python_decorator.py
[2024-09-18T12:09:44.611+0100] {logging_mixin.py:190} INFO - [2024-09-18T12:09:44.611+0100] {dag.py:3229} INFO - Sync 1 DAGs
[2024-09-18T12:09:44.618+0100] {logging_mixin.py:190} INFO - [2024-09-18T12:09:44.618+0100] {dag.py:4156} INFO - Setting next_dagrun for example_python_decorator to None, run_after=None
[2024-09-18T12:09:44.654+0100] {processor.py:208} INFO - Processing /Users/ds2718/Documents/test_python_airflow/airflow/py_venv/lib/python3.12/site-packages/airflow/example_dags/example_python_decorator.py took 0.128 seconds
[2024-09-18T12:10:15.919+0100] {processor.py:186} INFO - Started process (PID=13094) to work on /Users/ds2718/Documents/test_python_airflow/airflow/py_venv/lib/python3.12/site-packages/airflow/example_dags/example_python_decorator.py
[2024-09-18T12:10:15.920+0100] {processor.py:914} INFO - Processing file /Users/ds2718/Documents/test_python_airflow/airflow/py_venv/lib/python3.12/site-packages/airflow/example_dags/example_python_decorator.py for tasks to queue
[2024-09-18T12:10:15.920+0100] {logging_mixin.py:190} INFO - [2024-09-18T12:10:15.920+0100] {dagbag.py:587} INFO - Filling up the DagBag from /Users/ds2718/Documents/test_python_airflow/airflow/py_venv/lib/python3.12/site-packages/airflow/example_dags/example_python_decorator.py
[2024-09-18T12:10:15.935+0100] {logging_mixin.py:190} INFO - [2024-09-18T12:10:15.935+0100] {example_python_decorator.py:80} WARNING - The virtalenv_python example task requires virtualenv, please install it.
[2024-09-18T12:10:15.936+0100] {processor.py:925} INFO - DAG(s) 'example_python_decorator' retrieved from /Users/ds2718/Documents/test_python_airflow/airflow/py_venv/lib/python3.12/site-packages/airflow/example_dags/example_python_decorator.py
[2024-09-18T12:10:15.976+0100] {logging_mixin.py:190} INFO - [2024-09-18T12:10:15.976+0100] {dag.py:3229} INFO - Sync 1 DAGs
[2024-09-18T12:10:15.984+0100] {logging_mixin.py:190} INFO - [2024-09-18T12:10:15.984+0100] {dag.py:4156} INFO - Setting next_dagrun for example_python_decorator to None, run_after=None
[2024-09-18T12:10:16.020+0100] {processor.py:208} INFO - Processing /Users/ds2718/Documents/test_python_airflow/airflow/py_venv/lib/python3.12/site-packages/airflow/example_dags/example_python_decorator.py took 0.102 seconds
[2024-09-18T12:10:49.743+0100] {processor.py:186} INFO - Started process (PID=13266) to work on /Users/ds2718/Documents/test_python_airflow/airflow/py_venv/lib/python3.12/site-packages/airflow/example_dags/example_python_decorator.py
[2024-09-18T12:10:49.744+0100] {processor.py:914} INFO - Processing file /Users/ds2718/Documents/test_python_airflow/airflow/py_venv/lib/python3.12/site-packages/airflow/example_dags/example_python_decorator.py for tasks to queue
[2024-09-18T12:10:49.744+0100] {logging_mixin.py:190} INFO - [2024-09-18T12:10:49.744+0100] {dagbag.py:587} INFO - Filling up the DagBag from /Users/ds2718/Documents/test_python_airflow/airflow/py_venv/lib/python3.12/site-packages/airflow/example_dags/example_python_decorator.py
[2024-09-18T12:10:49.762+0100] {logging_mixin.py:190} INFO - [2024-09-18T12:10:49.762+0100] {example_python_decorator.py:80} WARNING - The virtalenv_python example task requires virtualenv, please install it.
[2024-09-18T12:10:49.765+0100] {processor.py:925} INFO - DAG(s) 'example_python_decorator' retrieved from /Users/ds2718/Documents/test_python_airflow/airflow/py_venv/lib/python3.12/site-packages/airflow/example_dags/example_python_decorator.py
[2024-09-18T12:10:49.822+0100] {logging_mixin.py:190} INFO - [2024-09-18T12:10:49.822+0100] {dag.py:3229} INFO - Sync 1 DAGs
[2024-09-18T12:10:49.831+0100] {logging_mixin.py:190} INFO - [2024-09-18T12:10:49.831+0100] {dag.py:4156} INFO - Setting next_dagrun for example_python_decorator to None, run_after=None
[2024-09-18T12:10:49.879+0100] {processor.py:208} INFO - Processing /Users/ds2718/Documents/test_python_airflow/airflow/py_venv/lib/python3.12/site-packages/airflow/example_dags/example_python_decorator.py took 0.143 seconds
[2024-09-18T12:11:22.549+0100] {processor.py:186} INFO - Started process (PID=13391) to work on /Users/ds2718/Documents/test_python_airflow/airflow/py_venv/lib/python3.12/site-packages/airflow/example_dags/example_python_decorator.py
[2024-09-18T12:11:22.549+0100] {processor.py:914} INFO - Processing file /Users/ds2718/Documents/test_python_airflow/airflow/py_venv/lib/python3.12/site-packages/airflow/example_dags/example_python_decorator.py for tasks to queue
[2024-09-18T12:11:22.550+0100] {logging_mixin.py:190} INFO - [2024-09-18T12:11:22.549+0100] {dagbag.py:587} INFO - Filling up the DagBag from /Users/ds2718/Documents/test_python_airflow/airflow/py_venv/lib/python3.12/site-packages/airflow/example_dags/example_python_decorator.py
[2024-09-18T12:11:22.567+0100] {logging_mixin.py:190} INFO - [2024-09-18T12:11:22.567+0100] {example_python_decorator.py:80} WARNING - The virtalenv_python example task requires virtualenv, please install it.
[2024-09-18T12:11:22.568+0100] {processor.py:925} INFO - DAG(s) 'example_python_decorator' retrieved from /Users/ds2718/Documents/test_python_airflow/airflow/py_venv/lib/python3.12/site-packages/airflow/example_dags/example_python_decorator.py
[2024-09-18T12:11:22.607+0100] {logging_mixin.py:190} INFO - [2024-09-18T12:11:22.607+0100] {dag.py:3229} INFO - Sync 1 DAGs
[2024-09-18T12:11:22.616+0100] {logging_mixin.py:190} INFO - [2024-09-18T12:11:22.616+0100] {dag.py:4156} INFO - Setting next_dagrun for example_python_decorator to None, run_after=None
[2024-09-18T12:11:22.649+0100] {processor.py:208} INFO - Processing /Users/ds2718/Documents/test_python_airflow/airflow/py_venv/lib/python3.12/site-packages/airflow/example_dags/example_python_decorator.py took 0.107 seconds
[2024-09-18T12:11:56.749+0100] {processor.py:186} INFO - Started process (PID=13574) to work on /Users/ds2718/Documents/test_python_airflow/airflow/py_venv/lib/python3.12/site-packages/airflow/example_dags/example_python_decorator.py
[2024-09-18T12:11:56.750+0100] {processor.py:914} INFO - Processing file /Users/ds2718/Documents/test_python_airflow/airflow/py_venv/lib/python3.12/site-packages/airflow/example_dags/example_python_decorator.py for tasks to queue
[2024-09-18T12:11:56.750+0100] {logging_mixin.py:190} INFO - [2024-09-18T12:11:56.750+0100] {dagbag.py:587} INFO - Filling up the DagBag from /Users/ds2718/Documents/test_python_airflow/airflow/py_venv/lib/python3.12/site-packages/airflow/example_dags/example_python_decorator.py
[2024-09-18T12:11:56.767+0100] {logging_mixin.py:190} INFO - [2024-09-18T12:11:56.767+0100] {example_python_decorator.py:80} WARNING - The virtalenv_python example task requires virtualenv, please install it.
[2024-09-18T12:11:56.768+0100] {processor.py:925} INFO - DAG(s) 'example_python_decorator' retrieved from /Users/ds2718/Documents/test_python_airflow/airflow/py_venv/lib/python3.12/site-packages/airflow/example_dags/example_python_decorator.py
[2024-09-18T12:11:56.807+0100] {logging_mixin.py:190} INFO - [2024-09-18T12:11:56.806+0100] {dag.py:3229} INFO - Sync 1 DAGs
[2024-09-18T12:11:56.814+0100] {logging_mixin.py:190} INFO - [2024-09-18T12:11:56.814+0100] {dag.py:4156} INFO - Setting next_dagrun for example_python_decorator to None, run_after=None
[2024-09-18T12:11:56.865+0100] {processor.py:208} INFO - Processing /Users/ds2718/Documents/test_python_airflow/airflow/py_venv/lib/python3.12/site-packages/airflow/example_dags/example_python_decorator.py took 0.124 seconds
[2024-09-18T12:12:30.098+0100] {processor.py:186} INFO - Started process (PID=13700) to work on /Users/ds2718/Documents/test_python_airflow/airflow/py_venv/lib/python3.12/site-packages/airflow/example_dags/example_python_decorator.py
[2024-09-18T12:12:30.099+0100] {processor.py:914} INFO - Processing file /Users/ds2718/Documents/test_python_airflow/airflow/py_venv/lib/python3.12/site-packages/airflow/example_dags/example_python_decorator.py for tasks to queue
[2024-09-18T12:12:30.099+0100] {logging_mixin.py:190} INFO - [2024-09-18T12:12:30.099+0100] {dagbag.py:587} INFO - Filling up the DagBag from /Users/ds2718/Documents/test_python_airflow/airflow/py_venv/lib/python3.12/site-packages/airflow/example_dags/example_python_decorator.py
[2024-09-18T12:12:30.116+0100] {logging_mixin.py:190} INFO - [2024-09-18T12:12:30.116+0100] {example_python_decorator.py:80} WARNING - The virtalenv_python example task requires virtualenv, please install it.
[2024-09-18T12:12:30.118+0100] {processor.py:925} INFO - DAG(s) 'example_python_decorator' retrieved from /Users/ds2718/Documents/test_python_airflow/airflow/py_venv/lib/python3.12/site-packages/airflow/example_dags/example_python_decorator.py
[2024-09-18T12:12:30.157+0100] {logging_mixin.py:190} INFO - [2024-09-18T12:12:30.157+0100] {dag.py:3229} INFO - Sync 1 DAGs
[2024-09-18T12:12:30.164+0100] {logging_mixin.py:190} INFO - [2024-09-18T12:12:30.164+0100] {dag.py:4156} INFO - Setting next_dagrun for example_python_decorator to None, run_after=None
[2024-09-18T12:12:30.193+0100] {processor.py:208} INFO - Processing /Users/ds2718/Documents/test_python_airflow/airflow/py_venv/lib/python3.12/site-packages/airflow/example_dags/example_python_decorator.py took 0.103 seconds
[2024-09-18T12:13:03.544+0100] {processor.py:186} INFO - Started process (PID=13892) to work on /Users/ds2718/Documents/test_python_airflow/airflow/py_venv/lib/python3.12/site-packages/airflow/example_dags/example_python_decorator.py
[2024-09-18T12:13:03.545+0100] {processor.py:914} INFO - Processing file /Users/ds2718/Documents/test_python_airflow/airflow/py_venv/lib/python3.12/site-packages/airflow/example_dags/example_python_decorator.py for tasks to queue
[2024-09-18T12:13:03.545+0100] {logging_mixin.py:190} INFO - [2024-09-18T12:13:03.545+0100] {dagbag.py:587} INFO - Filling up the DagBag from /Users/ds2718/Documents/test_python_airflow/airflow/py_venv/lib/python3.12/site-packages/airflow/example_dags/example_python_decorator.py
[2024-09-18T12:13:03.565+0100] {logging_mixin.py:190} INFO - [2024-09-18T12:13:03.565+0100] {example_python_decorator.py:80} WARNING - The virtalenv_python example task requires virtualenv, please install it.
[2024-09-18T12:13:03.567+0100] {processor.py:925} INFO - DAG(s) 'example_python_decorator' retrieved from /Users/ds2718/Documents/test_python_airflow/airflow/py_venv/lib/python3.12/site-packages/airflow/example_dags/example_python_decorator.py
[2024-09-18T12:13:03.622+0100] {logging_mixin.py:190} INFO - [2024-09-18T12:13:03.622+0100] {dag.py:3229} INFO - Sync 1 DAGs
[2024-09-18T12:13:03.630+0100] {logging_mixin.py:190} INFO - [2024-09-18T12:13:03.630+0100] {dag.py:4156} INFO - Setting next_dagrun for example_python_decorator to None, run_after=None
[2024-09-18T12:13:03.678+0100] {processor.py:208} INFO - Processing /Users/ds2718/Documents/test_python_airflow/airflow/py_venv/lib/python3.12/site-packages/airflow/example_dags/example_python_decorator.py took 0.141 seconds
[2024-09-18T12:13:37.866+0100] {processor.py:186} INFO - Started process (PID=14035) to work on /Users/ds2718/Documents/test_python_airflow/airflow/py_venv/lib/python3.12/site-packages/airflow/example_dags/example_python_decorator.py
[2024-09-18T12:13:37.867+0100] {processor.py:914} INFO - Processing file /Users/ds2718/Documents/test_python_airflow/airflow/py_venv/lib/python3.12/site-packages/airflow/example_dags/example_python_decorator.py for tasks to queue
[2024-09-18T12:13:37.867+0100] {logging_mixin.py:190} INFO - [2024-09-18T12:13:37.867+0100] {dagbag.py:587} INFO - Filling up the DagBag from /Users/ds2718/Documents/test_python_airflow/airflow/py_venv/lib/python3.12/site-packages/airflow/example_dags/example_python_decorator.py
[2024-09-18T12:13:37.888+0100] {logging_mixin.py:190} INFO - [2024-09-18T12:13:37.888+0100] {example_python_decorator.py:80} WARNING - The virtalenv_python example task requires virtualenv, please install it.
[2024-09-18T12:13:37.890+0100] {processor.py:925} INFO - DAG(s) 'example_python_decorator' retrieved from /Users/ds2718/Documents/test_python_airflow/airflow/py_venv/lib/python3.12/site-packages/airflow/example_dags/example_python_decorator.py
[2024-09-18T12:13:37.948+0100] {logging_mixin.py:190} INFO - [2024-09-18T12:13:37.948+0100] {dag.py:3229} INFO - Sync 1 DAGs
[2024-09-18T12:13:37.956+0100] {logging_mixin.py:190} INFO - [2024-09-18T12:13:37.956+0100] {dag.py:4156} INFO - Setting next_dagrun for example_python_decorator to None, run_after=None
[2024-09-18T12:13:38.001+0100] {processor.py:208} INFO - Processing /Users/ds2718/Documents/test_python_airflow/airflow/py_venv/lib/python3.12/site-packages/airflow/example_dags/example_python_decorator.py took 0.144 seconds
