[2024-09-18T11:54:18.067+0100] {processor.py:186} INFO - Started process (PID=9502) to work on /Users/ds2718/Documents/test_python_airflow/airflow/py_venv/lib/python3.12/site-packages/airflow/example_dags/example_external_task_marker_dag.py
[2024-09-18T11:54:18.067+0100] {processor.py:914} INFO - Processing file /Users/ds2718/Documents/test_python_airflow/airflow/py_venv/lib/python3.12/site-packages/airflow/example_dags/example_external_task_marker_dag.py for tasks to queue
[2024-09-18T11:54:18.068+0100] {logging_mixin.py:190} INFO - [2024-09-18T11:54:18.068+0100] {dagbag.py:587} INFO - Filling up the DagBag from /Users/ds2718/Documents/test_python_airflow/airflow/py_venv/lib/python3.12/site-packages/airflow/example_dags/example_external_task_marker_dag.py
[2024-09-18T11:54:18.074+0100] {processor.py:925} INFO - DAG(s) 'example_external_task_marker_parent', 'example_external_task_marker_child' retrieved from /Users/ds2718/Documents/test_python_airflow/airflow/py_venv/lib/python3.12/site-packages/airflow/example_dags/example_external_task_marker_dag.py
[2024-09-18T11:54:18.193+0100] {logging_mixin.py:190} INFO - [2024-09-18T11:54:18.193+0100] {override.py:1900} INFO - Created Permission View: can edit on DAG:example_external_task_marker_parent
[2024-09-18T11:54:18.197+0100] {logging_mixin.py:190} INFO - [2024-09-18T11:54:18.197+0100] {override.py:1900} INFO - Created Permission View: can delete on DAG:example_external_task_marker_parent
[2024-09-18T11:54:18.199+0100] {logging_mixin.py:190} INFO - [2024-09-18T11:54:18.199+0100] {override.py:1900} INFO - Created Permission View: can read on DAG:example_external_task_marker_parent
[2024-09-18T11:54:18.202+0100] {logging_mixin.py:190} INFO - [2024-09-18T11:54:18.201+0100] {override.py:1900} INFO - Created Permission View: can create on DAG Run:example_external_task_marker_parent
[2024-09-18T11:54:18.204+0100] {logging_mixin.py:190} INFO - [2024-09-18T11:54:18.203+0100] {override.py:1900} INFO - Created Permission View: menu access on DAG Run:example_external_task_marker_parent
[2024-09-18T11:54:18.206+0100] {logging_mixin.py:190} INFO - [2024-09-18T11:54:18.206+0100] {override.py:1900} INFO - Created Permission View: can delete on DAG Run:example_external_task_marker_parent
[2024-09-18T11:54:18.208+0100] {logging_mixin.py:190} INFO - [2024-09-18T11:54:18.208+0100] {override.py:1900} INFO - Created Permission View: can read on DAG Run:example_external_task_marker_parent
[2024-09-18T11:54:18.402+0100] {logging_mixin.py:190} INFO - [2024-09-18T11:54:18.402+0100] {override.py:1900} INFO - Created Permission View: can edit on DAG:example_external_task_marker_child
[2024-09-18T11:54:18.404+0100] {logging_mixin.py:190} INFO - [2024-09-18T11:54:18.404+0100] {override.py:1900} INFO - Created Permission View: can delete on DAG:example_external_task_marker_child
[2024-09-18T11:54:18.406+0100] {logging_mixin.py:190} INFO - [2024-09-18T11:54:18.406+0100] {override.py:1900} INFO - Created Permission View: can read on DAG:example_external_task_marker_child
[2024-09-18T11:54:18.408+0100] {logging_mixin.py:190} INFO - [2024-09-18T11:54:18.408+0100] {override.py:1900} INFO - Created Permission View: can create on DAG Run:example_external_task_marker_child
[2024-09-18T11:54:18.410+0100] {logging_mixin.py:190} INFO - [2024-09-18T11:54:18.410+0100] {override.py:1900} INFO - Created Permission View: menu access on DAG Run:example_external_task_marker_child
[2024-09-18T11:54:18.412+0100] {logging_mixin.py:190} INFO - [2024-09-18T11:54:18.412+0100] {override.py:1900} INFO - Created Permission View: can delete on DAG Run:example_external_task_marker_child
[2024-09-18T11:54:18.413+0100] {logging_mixin.py:190} INFO - [2024-09-18T11:54:18.413+0100] {override.py:1900} INFO - Created Permission View: can read on DAG Run:example_external_task_marker_child
[2024-09-18T11:54:18.414+0100] {logging_mixin.py:190} INFO - [2024-09-18T11:54:18.413+0100] {dag.py:3229} INFO - Sync 2 DAGs
[2024-09-18T11:54:18.419+0100] {logging_mixin.py:190} INFO - [2024-09-18T11:54:18.419+0100] {dag.py:3252} INFO - Creating ORM DAG for example_external_task_marker_parent
[2024-09-18T11:54:18.419+0100] {logging_mixin.py:190} INFO - [2024-09-18T11:54:18.419+0100] {dag.py:3252} INFO - Creating ORM DAG for example_external_task_marker_child
[2024-09-18T11:54:18.419+0100] {logging_mixin.py:190} INFO - [2024-09-18T11:54:18.419+0100] {dag.py:4156} INFO - Setting next_dagrun for example_external_task_marker_child to None, run_after=None
[2024-09-18T11:54:18.420+0100] {logging_mixin.py:190} INFO - [2024-09-18T11:54:18.420+0100] {dag.py:4156} INFO - Setting next_dagrun for example_external_task_marker_parent to None, run_after=None
[2024-09-18T11:54:18.429+0100] {processor.py:208} INFO - Processing /Users/ds2718/Documents/test_python_airflow/airflow/py_venv/lib/python3.12/site-packages/airflow/example_dags/example_external_task_marker_dag.py took 0.368 seconds
[2024-09-18T11:54:53.096+0100] {processor.py:186} INFO - Started process (PID=9706) to work on /Users/ds2718/Documents/test_python_airflow/airflow/py_venv/lib/python3.12/site-packages/airflow/example_dags/example_external_task_marker_dag.py
[2024-09-18T11:54:53.097+0100] {processor.py:914} INFO - Processing file /Users/ds2718/Documents/test_python_airflow/airflow/py_venv/lib/python3.12/site-packages/airflow/example_dags/example_external_task_marker_dag.py for tasks to queue
[2024-09-18T11:54:53.097+0100] {logging_mixin.py:190} INFO - [2024-09-18T11:54:53.097+0100] {dagbag.py:587} INFO - Filling up the DagBag from /Users/ds2718/Documents/test_python_airflow/airflow/py_venv/lib/python3.12/site-packages/airflow/example_dags/example_external_task_marker_dag.py
[2024-09-18T11:54:53.108+0100] {processor.py:925} INFO - DAG(s) 'example_external_task_marker_parent', 'example_external_task_marker_child' retrieved from /Users/ds2718/Documents/test_python_airflow/airflow/py_venv/lib/python3.12/site-packages/airflow/example_dags/example_external_task_marker_dag.py
[2024-09-18T11:54:53.447+0100] {logging_mixin.py:190} INFO - [2024-09-18T11:54:53.447+0100] {dag.py:3229} INFO - Sync 2 DAGs
[2024-09-18T11:54:53.453+0100] {logging_mixin.py:190} INFO - [2024-09-18T11:54:53.453+0100] {dag.py:4156} INFO - Setting next_dagrun for example_external_task_marker_child to None, run_after=None
[2024-09-18T11:54:53.454+0100] {logging_mixin.py:190} INFO - [2024-09-18T11:54:53.454+0100] {dag.py:4156} INFO - Setting next_dagrun for example_external_task_marker_parent to None, run_after=None
[2024-09-18T11:54:53.474+0100] {processor.py:208} INFO - Processing /Users/ds2718/Documents/test_python_airflow/airflow/py_venv/lib/python3.12/site-packages/airflow/example_dags/example_external_task_marker_dag.py took 0.382 seconds
[2024-09-18T11:55:27.003+0100] {processor.py:186} INFO - Started process (PID=9883) to work on /Users/ds2718/Documents/test_python_airflow/airflow/py_venv/lib/python3.12/site-packages/airflow/example_dags/example_external_task_marker_dag.py
[2024-09-18T11:55:27.004+0100] {processor.py:914} INFO - Processing file /Users/ds2718/Documents/test_python_airflow/airflow/py_venv/lib/python3.12/site-packages/airflow/example_dags/example_external_task_marker_dag.py for tasks to queue
[2024-09-18T11:55:27.004+0100] {logging_mixin.py:190} INFO - [2024-09-18T11:55:27.004+0100] {dagbag.py:587} INFO - Filling up the DagBag from /Users/ds2718/Documents/test_python_airflow/airflow/py_venv/lib/python3.12/site-packages/airflow/example_dags/example_external_task_marker_dag.py
[2024-09-18T11:55:27.010+0100] {processor.py:925} INFO - DAG(s) 'example_external_task_marker_parent', 'example_external_task_marker_child' retrieved from /Users/ds2718/Documents/test_python_airflow/airflow/py_venv/lib/python3.12/site-packages/airflow/example_dags/example_external_task_marker_dag.py
[2024-09-18T11:55:27.274+0100] {logging_mixin.py:190} INFO - [2024-09-18T11:55:27.274+0100] {dag.py:3229} INFO - Sync 2 DAGs
[2024-09-18T11:55:27.281+0100] {logging_mixin.py:190} INFO - [2024-09-18T11:55:27.281+0100] {dag.py:4156} INFO - Setting next_dagrun for example_external_task_marker_child to None, run_after=None
[2024-09-18T11:55:27.283+0100] {logging_mixin.py:190} INFO - [2024-09-18T11:55:27.282+0100] {dag.py:4156} INFO - Setting next_dagrun for example_external_task_marker_parent to None, run_after=None
[2024-09-18T11:55:27.295+0100] {processor.py:208} INFO - Processing /Users/ds2718/Documents/test_python_airflow/airflow/py_venv/lib/python3.12/site-packages/airflow/example_dags/example_external_task_marker_dag.py took 0.296 seconds
[2024-09-18T11:56:00.504+0100] {processor.py:186} INFO - Started process (PID=10060) to work on /Users/ds2718/Documents/test_python_airflow/airflow/py_venv/lib/python3.12/site-packages/airflow/example_dags/example_external_task_marker_dag.py
[2024-09-18T11:56:00.507+0100] {processor.py:914} INFO - Processing file /Users/ds2718/Documents/test_python_airflow/airflow/py_venv/lib/python3.12/site-packages/airflow/example_dags/example_external_task_marker_dag.py for tasks to queue
[2024-09-18T11:56:00.507+0100] {logging_mixin.py:190} INFO - [2024-09-18T11:56:00.507+0100] {dagbag.py:587} INFO - Filling up the DagBag from /Users/ds2718/Documents/test_python_airflow/airflow/py_venv/lib/python3.12/site-packages/airflow/example_dags/example_external_task_marker_dag.py
[2024-09-18T11:56:00.515+0100] {processor.py:925} INFO - DAG(s) 'example_external_task_marker_parent', 'example_external_task_marker_child' retrieved from /Users/ds2718/Documents/test_python_airflow/airflow/py_venv/lib/python3.12/site-packages/airflow/example_dags/example_external_task_marker_dag.py
[2024-09-18T11:56:00.802+0100] {logging_mixin.py:190} INFO - [2024-09-18T11:56:00.802+0100] {dag.py:3229} INFO - Sync 2 DAGs
[2024-09-18T11:56:00.810+0100] {logging_mixin.py:190} INFO - [2024-09-18T11:56:00.810+0100] {dag.py:4156} INFO - Setting next_dagrun for example_external_task_marker_child to None, run_after=None
[2024-09-18T11:56:00.811+0100] {logging_mixin.py:190} INFO - [2024-09-18T11:56:00.811+0100] {dag.py:4156} INFO - Setting next_dagrun for example_external_task_marker_parent to None, run_after=None
[2024-09-18T11:56:00.821+0100] {processor.py:208} INFO - Processing /Users/ds2718/Documents/test_python_airflow/airflow/py_venv/lib/python3.12/site-packages/airflow/example_dags/example_external_task_marker_dag.py took 0.318 seconds
[2024-09-18T11:56:33.389+0100] {processor.py:186} INFO - Started process (PID=10198) to work on /Users/ds2718/Documents/test_python_airflow/airflow/py_venv/lib/python3.12/site-packages/airflow/example_dags/example_external_task_marker_dag.py
[2024-09-18T11:56:33.389+0100] {processor.py:914} INFO - Processing file /Users/ds2718/Documents/test_python_airflow/airflow/py_venv/lib/python3.12/site-packages/airflow/example_dags/example_external_task_marker_dag.py for tasks to queue
[2024-09-18T11:56:33.390+0100] {logging_mixin.py:190} INFO - [2024-09-18T11:56:33.390+0100] {dagbag.py:587} INFO - Filling up the DagBag from /Users/ds2718/Documents/test_python_airflow/airflow/py_venv/lib/python3.12/site-packages/airflow/example_dags/example_external_task_marker_dag.py
[2024-09-18T11:56:33.395+0100] {processor.py:925} INFO - DAG(s) 'example_external_task_marker_child', 'example_external_task_marker_parent' retrieved from /Users/ds2718/Documents/test_python_airflow/airflow/py_venv/lib/python3.12/site-packages/airflow/example_dags/example_external_task_marker_dag.py
[2024-09-18T11:56:33.667+0100] {logging_mixin.py:190} INFO - [2024-09-18T11:56:33.667+0100] {dag.py:3229} INFO - Sync 2 DAGs
[2024-09-18T11:56:33.673+0100] {logging_mixin.py:190} INFO - [2024-09-18T11:56:33.673+0100] {dag.py:4156} INFO - Setting next_dagrun for example_external_task_marker_child to None, run_after=None
[2024-09-18T11:56:33.675+0100] {logging_mixin.py:190} INFO - [2024-09-18T11:56:33.675+0100] {dag.py:4156} INFO - Setting next_dagrun for example_external_task_marker_parent to None, run_after=None
[2024-09-18T11:56:33.688+0100] {processor.py:208} INFO - Processing /Users/ds2718/Documents/test_python_airflow/airflow/py_venv/lib/python3.12/site-packages/airflow/example_dags/example_external_task_marker_dag.py took 0.304 seconds
[2024-09-18T11:57:05.545+0100] {processor.py:186} INFO - Started process (PID=10362) to work on /Users/ds2718/Documents/test_python_airflow/airflow/py_venv/lib/python3.12/site-packages/airflow/example_dags/example_external_task_marker_dag.py
[2024-09-18T11:57:05.546+0100] {processor.py:914} INFO - Processing file /Users/ds2718/Documents/test_python_airflow/airflow/py_venv/lib/python3.12/site-packages/airflow/example_dags/example_external_task_marker_dag.py for tasks to queue
[2024-09-18T11:57:05.547+0100] {logging_mixin.py:190} INFO - [2024-09-18T11:57:05.546+0100] {dagbag.py:587} INFO - Filling up the DagBag from /Users/ds2718/Documents/test_python_airflow/airflow/py_venv/lib/python3.12/site-packages/airflow/example_dags/example_external_task_marker_dag.py
[2024-09-18T11:57:05.555+0100] {processor.py:925} INFO - DAG(s) 'example_external_task_marker_parent', 'example_external_task_marker_child' retrieved from /Users/ds2718/Documents/test_python_airflow/airflow/py_venv/lib/python3.12/site-packages/airflow/example_dags/example_external_task_marker_dag.py
[2024-09-18T11:57:05.847+0100] {logging_mixin.py:190} INFO - [2024-09-18T11:57:05.847+0100] {dag.py:3229} INFO - Sync 2 DAGs
[2024-09-18T11:57:05.854+0100] {logging_mixin.py:190} INFO - [2024-09-18T11:57:05.854+0100] {dag.py:4156} INFO - Setting next_dagrun for example_external_task_marker_child to None, run_after=None
[2024-09-18T11:57:05.855+0100] {logging_mixin.py:190} INFO - [2024-09-18T11:57:05.855+0100] {dag.py:4156} INFO - Setting next_dagrun for example_external_task_marker_parent to None, run_after=None
[2024-09-18T11:57:05.867+0100] {processor.py:208} INFO - Processing /Users/ds2718/Documents/test_python_airflow/airflow/py_venv/lib/python3.12/site-packages/airflow/example_dags/example_external_task_marker_dag.py took 0.330 seconds
[2024-09-18T11:57:39.359+0100] {processor.py:186} INFO - Started process (PID=10535) to work on /Users/ds2718/Documents/test_python_airflow/airflow/py_venv/lib/python3.12/site-packages/airflow/example_dags/example_external_task_marker_dag.py
[2024-09-18T11:57:39.359+0100] {processor.py:914} INFO - Processing file /Users/ds2718/Documents/test_python_airflow/airflow/py_venv/lib/python3.12/site-packages/airflow/example_dags/example_external_task_marker_dag.py for tasks to queue
[2024-09-18T11:57:39.360+0100] {logging_mixin.py:190} INFO - [2024-09-18T11:57:39.360+0100] {dagbag.py:587} INFO - Filling up the DagBag from /Users/ds2718/Documents/test_python_airflow/airflow/py_venv/lib/python3.12/site-packages/airflow/example_dags/example_external_task_marker_dag.py
[2024-09-18T11:57:39.368+0100] {processor.py:925} INFO - DAG(s) 'example_external_task_marker_child', 'example_external_task_marker_parent' retrieved from /Users/ds2718/Documents/test_python_airflow/airflow/py_venv/lib/python3.12/site-packages/airflow/example_dags/example_external_task_marker_dag.py
[2024-09-18T11:57:39.673+0100] {logging_mixin.py:190} INFO - [2024-09-18T11:57:39.672+0100] {dag.py:3229} INFO - Sync 2 DAGs
[2024-09-18T11:57:39.680+0100] {logging_mixin.py:190} INFO - [2024-09-18T11:57:39.680+0100] {dag.py:4156} INFO - Setting next_dagrun for example_external_task_marker_child to None, run_after=None
[2024-09-18T11:57:39.681+0100] {logging_mixin.py:190} INFO - [2024-09-18T11:57:39.681+0100] {dag.py:4156} INFO - Setting next_dagrun for example_external_task_marker_parent to None, run_after=None
[2024-09-18T11:57:39.692+0100] {processor.py:208} INFO - Processing /Users/ds2718/Documents/test_python_airflow/airflow/py_venv/lib/python3.12/site-packages/airflow/example_dags/example_external_task_marker_dag.py took 0.340 seconds
[2024-09-18T11:58:14.290+0100] {processor.py:186} INFO - Started process (PID=10749) to work on /Users/ds2718/Documents/test_python_airflow/airflow/py_venv/lib/python3.12/site-packages/airflow/example_dags/example_external_task_marker_dag.py
[2024-09-18T11:58:14.295+0100] {processor.py:914} INFO - Processing file /Users/ds2718/Documents/test_python_airflow/airflow/py_venv/lib/python3.12/site-packages/airflow/example_dags/example_external_task_marker_dag.py for tasks to queue
[2024-09-18T11:58:14.295+0100] {logging_mixin.py:190} INFO - [2024-09-18T11:58:14.295+0100] {dagbag.py:587} INFO - Filling up the DagBag from /Users/ds2718/Documents/test_python_airflow/airflow/py_venv/lib/python3.12/site-packages/airflow/example_dags/example_external_task_marker_dag.py
[2024-09-18T11:58:14.302+0100] {processor.py:925} INFO - DAG(s) 'example_external_task_marker_parent', 'example_external_task_marker_child' retrieved from /Users/ds2718/Documents/test_python_airflow/airflow/py_venv/lib/python3.12/site-packages/airflow/example_dags/example_external_task_marker_dag.py
[2024-09-18T11:58:14.600+0100] {logging_mixin.py:190} INFO - [2024-09-18T11:58:14.600+0100] {dag.py:3229} INFO - Sync 2 DAGs
[2024-09-18T11:58:14.607+0100] {logging_mixin.py:190} INFO - [2024-09-18T11:58:14.607+0100] {dag.py:4156} INFO - Setting next_dagrun for example_external_task_marker_child to None, run_after=None
[2024-09-18T11:58:14.609+0100] {logging_mixin.py:190} INFO - [2024-09-18T11:58:14.609+0100] {dag.py:4156} INFO - Setting next_dagrun for example_external_task_marker_parent to None, run_after=None
[2024-09-18T11:58:14.616+0100] {processor.py:208} INFO - Processing /Users/ds2718/Documents/test_python_airflow/airflow/py_venv/lib/python3.12/site-packages/airflow/example_dags/example_external_task_marker_dag.py took 0.334 seconds
[2024-09-18T11:58:48.622+0100] {processor.py:186} INFO - Started process (PID=10907) to work on /Users/ds2718/Documents/test_python_airflow/airflow/py_venv/lib/python3.12/site-packages/airflow/example_dags/example_external_task_marker_dag.py
[2024-09-18T11:58:48.623+0100] {processor.py:914} INFO - Processing file /Users/ds2718/Documents/test_python_airflow/airflow/py_venv/lib/python3.12/site-packages/airflow/example_dags/example_external_task_marker_dag.py for tasks to queue
[2024-09-18T11:58:48.624+0100] {logging_mixin.py:190} INFO - [2024-09-18T11:58:48.624+0100] {dagbag.py:587} INFO - Filling up the DagBag from /Users/ds2718/Documents/test_python_airflow/airflow/py_venv/lib/python3.12/site-packages/airflow/example_dags/example_external_task_marker_dag.py
[2024-09-18T11:58:48.632+0100] {processor.py:925} INFO - DAG(s) 'example_external_task_marker_parent', 'example_external_task_marker_child' retrieved from /Users/ds2718/Documents/test_python_airflow/airflow/py_venv/lib/python3.12/site-packages/airflow/example_dags/example_external_task_marker_dag.py
[2024-09-18T11:58:48.898+0100] {logging_mixin.py:190} INFO - [2024-09-18T11:58:48.897+0100] {dag.py:3229} INFO - Sync 2 DAGs
[2024-09-18T11:58:48.906+0100] {logging_mixin.py:190} INFO - [2024-09-18T11:58:48.906+0100] {dag.py:4156} INFO - Setting next_dagrun for example_external_task_marker_child to None, run_after=None
[2024-09-18T11:58:48.908+0100] {logging_mixin.py:190} INFO - [2024-09-18T11:58:48.908+0100] {dag.py:4156} INFO - Setting next_dagrun for example_external_task_marker_parent to None, run_after=None
[2024-09-18T11:58:48.916+0100] {processor.py:208} INFO - Processing /Users/ds2718/Documents/test_python_airflow/airflow/py_venv/lib/python3.12/site-packages/airflow/example_dags/example_external_task_marker_dag.py took 0.301 seconds
[2024-09-18T11:59:23.365+0100] {processor.py:186} INFO - Started process (PID=11118) to work on /Users/ds2718/Documents/test_python_airflow/airflow/py_venv/lib/python3.12/site-packages/airflow/example_dags/example_external_task_marker_dag.py
[2024-09-18T11:59:23.366+0100] {processor.py:914} INFO - Processing file /Users/ds2718/Documents/test_python_airflow/airflow/py_venv/lib/python3.12/site-packages/airflow/example_dags/example_external_task_marker_dag.py for tasks to queue
[2024-09-18T11:59:23.366+0100] {logging_mixin.py:190} INFO - [2024-09-18T11:59:23.366+0100] {dagbag.py:587} INFO - Filling up the DagBag from /Users/ds2718/Documents/test_python_airflow/airflow/py_venv/lib/python3.12/site-packages/airflow/example_dags/example_external_task_marker_dag.py
[2024-09-18T11:59:23.373+0100] {processor.py:925} INFO - DAG(s) 'example_external_task_marker_child', 'example_external_task_marker_parent' retrieved from /Users/ds2718/Documents/test_python_airflow/airflow/py_venv/lib/python3.12/site-packages/airflow/example_dags/example_external_task_marker_dag.py
[2024-09-18T11:59:23.641+0100] {logging_mixin.py:190} INFO - [2024-09-18T11:59:23.641+0100] {dag.py:3229} INFO - Sync 2 DAGs
[2024-09-18T11:59:23.649+0100] {logging_mixin.py:190} INFO - [2024-09-18T11:59:23.649+0100] {dag.py:4156} INFO - Setting next_dagrun for example_external_task_marker_child to None, run_after=None
[2024-09-18T11:59:23.650+0100] {logging_mixin.py:190} INFO - [2024-09-18T11:59:23.650+0100] {dag.py:4156} INFO - Setting next_dagrun for example_external_task_marker_parent to None, run_after=None
[2024-09-18T11:59:23.657+0100] {processor.py:208} INFO - Processing /Users/ds2718/Documents/test_python_airflow/airflow/py_venv/lib/python3.12/site-packages/airflow/example_dags/example_external_task_marker_dag.py took 0.297 seconds
[2024-09-18T11:59:56.990+0100] {processor.py:186} INFO - Started process (PID=11333) to work on /Users/ds2718/Documents/test_python_airflow/airflow/py_venv/lib/python3.12/site-packages/airflow/example_dags/example_external_task_marker_dag.py
[2024-09-18T11:59:56.992+0100] {processor.py:914} INFO - Processing file /Users/ds2718/Documents/test_python_airflow/airflow/py_venv/lib/python3.12/site-packages/airflow/example_dags/example_external_task_marker_dag.py for tasks to queue
[2024-09-18T11:59:56.992+0100] {logging_mixin.py:190} INFO - [2024-09-18T11:59:56.992+0100] {dagbag.py:587} INFO - Filling up the DagBag from /Users/ds2718/Documents/test_python_airflow/airflow/py_venv/lib/python3.12/site-packages/airflow/example_dags/example_external_task_marker_dag.py
[2024-09-18T11:59:57.002+0100] {processor.py:925} INFO - DAG(s) 'example_external_task_marker_parent', 'example_external_task_marker_child' retrieved from /Users/ds2718/Documents/test_python_airflow/airflow/py_venv/lib/python3.12/site-packages/airflow/example_dags/example_external_task_marker_dag.py
[2024-09-18T11:59:57.291+0100] {logging_mixin.py:190} INFO - [2024-09-18T11:59:57.291+0100] {dag.py:3229} INFO - Sync 2 DAGs
[2024-09-18T11:59:57.298+0100] {logging_mixin.py:190} INFO - [2024-09-18T11:59:57.298+0100] {dag.py:4156} INFO - Setting next_dagrun for example_external_task_marker_child to None, run_after=None
[2024-09-18T11:59:57.300+0100] {logging_mixin.py:190} INFO - [2024-09-18T11:59:57.300+0100] {dag.py:4156} INFO - Setting next_dagrun for example_external_task_marker_parent to None, run_after=None
[2024-09-18T11:59:57.311+0100] {processor.py:208} INFO - Processing /Users/ds2718/Documents/test_python_airflow/airflow/py_venv/lib/python3.12/site-packages/airflow/example_dags/example_external_task_marker_dag.py took 0.323 seconds
[2024-09-18T12:00:29.828+0100] {processor.py:186} INFO - Started process (PID=11500) to work on /Users/ds2718/Documents/test_python_airflow/airflow/py_venv/lib/python3.12/site-packages/airflow/example_dags/example_external_task_marker_dag.py
[2024-09-18T12:00:29.829+0100] {processor.py:914} INFO - Processing file /Users/ds2718/Documents/test_python_airflow/airflow/py_venv/lib/python3.12/site-packages/airflow/example_dags/example_external_task_marker_dag.py for tasks to queue
[2024-09-18T12:00:29.829+0100] {logging_mixin.py:190} INFO - [2024-09-18T12:00:29.829+0100] {dagbag.py:587} INFO - Filling up the DagBag from /Users/ds2718/Documents/test_python_airflow/airflow/py_venv/lib/python3.12/site-packages/airflow/example_dags/example_external_task_marker_dag.py
[2024-09-18T12:00:29.837+0100] {processor.py:925} INFO - DAG(s) 'example_external_task_marker_child', 'example_external_task_marker_parent' retrieved from /Users/ds2718/Documents/test_python_airflow/airflow/py_venv/lib/python3.12/site-packages/airflow/example_dags/example_external_task_marker_dag.py
[2024-09-18T12:00:30.120+0100] {logging_mixin.py:190} INFO - [2024-09-18T12:00:30.120+0100] {dag.py:3229} INFO - Sync 2 DAGs
[2024-09-18T12:00:30.128+0100] {logging_mixin.py:190} INFO - [2024-09-18T12:00:30.128+0100] {dag.py:4156} INFO - Setting next_dagrun for example_external_task_marker_child to None, run_after=None
[2024-09-18T12:00:30.129+0100] {logging_mixin.py:190} INFO - [2024-09-18T12:00:30.129+0100] {dag.py:4156} INFO - Setting next_dagrun for example_external_task_marker_parent to None, run_after=None
[2024-09-18T12:00:30.137+0100] {processor.py:208} INFO - Processing /Users/ds2718/Documents/test_python_airflow/airflow/py_venv/lib/python3.12/site-packages/airflow/example_dags/example_external_task_marker_dag.py took 0.311 seconds
[2024-09-18T12:01:04.685+0100] {processor.py:186} INFO - Started process (PID=11716) to work on /Users/ds2718/Documents/test_python_airflow/airflow/py_venv/lib/python3.12/site-packages/airflow/example_dags/example_external_task_marker_dag.py
[2024-09-18T12:01:04.686+0100] {processor.py:914} INFO - Processing file /Users/ds2718/Documents/test_python_airflow/airflow/py_venv/lib/python3.12/site-packages/airflow/example_dags/example_external_task_marker_dag.py for tasks to queue
[2024-09-18T12:01:04.687+0100] {logging_mixin.py:190} INFO - [2024-09-18T12:01:04.687+0100] {dagbag.py:587} INFO - Filling up the DagBag from /Users/ds2718/Documents/test_python_airflow/airflow/py_venv/lib/python3.12/site-packages/airflow/example_dags/example_external_task_marker_dag.py
[2024-09-18T12:01:04.694+0100] {processor.py:925} INFO - DAG(s) 'example_external_task_marker_parent', 'example_external_task_marker_child' retrieved from /Users/ds2718/Documents/test_python_airflow/airflow/py_venv/lib/python3.12/site-packages/airflow/example_dags/example_external_task_marker_dag.py
[2024-09-18T12:01:04.982+0100] {logging_mixin.py:190} INFO - [2024-09-18T12:01:04.982+0100] {dag.py:3229} INFO - Sync 2 DAGs
[2024-09-18T12:01:04.989+0100] {logging_mixin.py:190} INFO - [2024-09-18T12:01:04.989+0100] {dag.py:4156} INFO - Setting next_dagrun for example_external_task_marker_child to None, run_after=None
[2024-09-18T12:01:04.990+0100] {logging_mixin.py:190} INFO - [2024-09-18T12:01:04.990+0100] {dag.py:4156} INFO - Setting next_dagrun for example_external_task_marker_parent to None, run_after=None
[2024-09-18T12:01:05.001+0100] {processor.py:208} INFO - Processing /Users/ds2718/Documents/test_python_airflow/airflow/py_venv/lib/python3.12/site-packages/airflow/example_dags/example_external_task_marker_dag.py took 0.318 seconds
[2024-09-18T12:06:18.399+0100] {processor.py:186} INFO - Started process (PID=11932) to work on /Users/ds2718/Documents/test_python_airflow/airflow/py_venv/lib/python3.12/site-packages/airflow/example_dags/example_external_task_marker_dag.py
[2024-09-18T12:06:18.400+0100] {processor.py:914} INFO - Processing file /Users/ds2718/Documents/test_python_airflow/airflow/py_venv/lib/python3.12/site-packages/airflow/example_dags/example_external_task_marker_dag.py for tasks to queue
[2024-09-18T12:06:18.400+0100] {logging_mixin.py:190} INFO - [2024-09-18T12:06:18.400+0100] {dagbag.py:587} INFO - Filling up the DagBag from /Users/ds2718/Documents/test_python_airflow/airflow/py_venv/lib/python3.12/site-packages/airflow/example_dags/example_external_task_marker_dag.py
[2024-09-18T12:06:18.406+0100] {processor.py:925} INFO - DAG(s) 'example_external_task_marker_child', 'example_external_task_marker_parent' retrieved from /Users/ds2718/Documents/test_python_airflow/airflow/py_venv/lib/python3.12/site-packages/airflow/example_dags/example_external_task_marker_dag.py
[2024-09-18T12:06:18.660+0100] {logging_mixin.py:190} INFO - [2024-09-18T12:06:18.659+0100] {dag.py:3229} INFO - Sync 2 DAGs
[2024-09-18T12:06:18.667+0100] {logging_mixin.py:190} INFO - [2024-09-18T12:06:18.666+0100] {dag.py:4156} INFO - Setting next_dagrun for example_external_task_marker_child to None, run_after=None
[2024-09-18T12:06:18.668+0100] {logging_mixin.py:190} INFO - [2024-09-18T12:06:18.668+0100] {dag.py:4156} INFO - Setting next_dagrun for example_external_task_marker_parent to None, run_after=None
[2024-09-18T12:06:18.679+0100] {processor.py:208} INFO - Processing /Users/ds2718/Documents/test_python_airflow/airflow/py_venv/lib/python3.12/site-packages/airflow/example_dags/example_external_task_marker_dag.py took 0.282 seconds
[2024-09-18T12:06:54.223+0100] {processor.py:186} INFO - Started process (PID=12107) to work on /Users/ds2718/Documents/test_python_airflow/airflow/py_venv/lib/python3.12/site-packages/airflow/example_dags/example_external_task_marker_dag.py
[2024-09-18T12:06:54.223+0100] {processor.py:914} INFO - Processing file /Users/ds2718/Documents/test_python_airflow/airflow/py_venv/lib/python3.12/site-packages/airflow/example_dags/example_external_task_marker_dag.py for tasks to queue
[2024-09-18T12:06:54.223+0100] {logging_mixin.py:190} INFO - [2024-09-18T12:06:54.223+0100] {dagbag.py:587} INFO - Filling up the DagBag from /Users/ds2718/Documents/test_python_airflow/airflow/py_venv/lib/python3.12/site-packages/airflow/example_dags/example_external_task_marker_dag.py
[2024-09-18T12:06:54.230+0100] {processor.py:925} INFO - DAG(s) 'example_external_task_marker_child', 'example_external_task_marker_parent' retrieved from /Users/ds2718/Documents/test_python_airflow/airflow/py_venv/lib/python3.12/site-packages/airflow/example_dags/example_external_task_marker_dag.py
[2024-09-18T12:06:54.506+0100] {logging_mixin.py:190} INFO - [2024-09-18T12:06:54.506+0100] {dag.py:3229} INFO - Sync 2 DAGs
[2024-09-18T12:06:54.513+0100] {logging_mixin.py:190} INFO - [2024-09-18T12:06:54.513+0100] {dag.py:4156} INFO - Setting next_dagrun for example_external_task_marker_child to None, run_after=None
[2024-09-18T12:06:54.514+0100] {logging_mixin.py:190} INFO - [2024-09-18T12:06:54.514+0100] {dag.py:4156} INFO - Setting next_dagrun for example_external_task_marker_parent to None, run_after=None
[2024-09-18T12:06:54.527+0100] {processor.py:208} INFO - Processing /Users/ds2718/Documents/test_python_airflow/airflow/py_venv/lib/python3.12/site-packages/airflow/example_dags/example_external_task_marker_dag.py took 0.307 seconds
[2024-09-18T12:07:28.496+0100] {processor.py:186} INFO - Started process (PID=12288) to work on /Users/ds2718/Documents/test_python_airflow/airflow/py_venv/lib/python3.12/site-packages/airflow/example_dags/example_external_task_marker_dag.py
[2024-09-18T12:07:28.498+0100] {processor.py:914} INFO - Processing file /Users/ds2718/Documents/test_python_airflow/airflow/py_venv/lib/python3.12/site-packages/airflow/example_dags/example_external_task_marker_dag.py for tasks to queue
[2024-09-18T12:07:28.499+0100] {logging_mixin.py:190} INFO - [2024-09-18T12:07:28.499+0100] {dagbag.py:587} INFO - Filling up the DagBag from /Users/ds2718/Documents/test_python_airflow/airflow/py_venv/lib/python3.12/site-packages/airflow/example_dags/example_external_task_marker_dag.py
[2024-09-18T12:07:28.511+0100] {processor.py:925} INFO - DAG(s) 'example_external_task_marker_child', 'example_external_task_marker_parent' retrieved from /Users/ds2718/Documents/test_python_airflow/airflow/py_venv/lib/python3.12/site-packages/airflow/example_dags/example_external_task_marker_dag.py
[2024-09-18T12:07:28.832+0100] {logging_mixin.py:190} INFO - [2024-09-18T12:07:28.831+0100] {dag.py:3229} INFO - Sync 2 DAGs
[2024-09-18T12:07:28.838+0100] {logging_mixin.py:190} INFO - [2024-09-18T12:07:28.838+0100] {dag.py:4156} INFO - Setting next_dagrun for example_external_task_marker_child to None, run_after=None
[2024-09-18T12:07:28.840+0100] {logging_mixin.py:190} INFO - [2024-09-18T12:07:28.840+0100] {dag.py:4156} INFO - Setting next_dagrun for example_external_task_marker_parent to None, run_after=None
[2024-09-18T12:07:28.853+0100] {processor.py:208} INFO - Processing /Users/ds2718/Documents/test_python_airflow/airflow/py_venv/lib/python3.12/site-packages/airflow/example_dags/example_external_task_marker_dag.py took 0.370 seconds
[2024-09-18T12:08:23.254+0100] {processor.py:186} INFO - Started process (PID=12505) to work on /Users/ds2718/Documents/test_python_airflow/airflow/py_venv/lib/python3.12/site-packages/airflow/example_dags/example_external_task_marker_dag.py
[2024-09-18T12:08:23.257+0100] {processor.py:914} INFO - Processing file /Users/ds2718/Documents/test_python_airflow/airflow/py_venv/lib/python3.12/site-packages/airflow/example_dags/example_external_task_marker_dag.py for tasks to queue
[2024-09-18T12:08:23.257+0100] {logging_mixin.py:190} INFO - [2024-09-18T12:08:23.257+0100] {dagbag.py:587} INFO - Filling up the DagBag from /Users/ds2718/Documents/test_python_airflow/airflow/py_venv/lib/python3.12/site-packages/airflow/example_dags/example_external_task_marker_dag.py
[2024-09-18T12:08:23.265+0100] {processor.py:925} INFO - DAG(s) 'example_external_task_marker_child', 'example_external_task_marker_parent' retrieved from /Users/ds2718/Documents/test_python_airflow/airflow/py_venv/lib/python3.12/site-packages/airflow/example_dags/example_external_task_marker_dag.py
[2024-09-18T12:08:23.572+0100] {logging_mixin.py:190} INFO - [2024-09-18T12:08:23.572+0100] {dag.py:3229} INFO - Sync 2 DAGs
[2024-09-18T12:08:23.578+0100] {logging_mixin.py:190} INFO - [2024-09-18T12:08:23.578+0100] {dag.py:4156} INFO - Setting next_dagrun for example_external_task_marker_child to None, run_after=None
[2024-09-18T12:08:23.579+0100] {logging_mixin.py:190} INFO - [2024-09-18T12:08:23.579+0100] {dag.py:4156} INFO - Setting next_dagrun for example_external_task_marker_parent to None, run_after=None
[2024-09-18T12:08:23.590+0100] {processor.py:208} INFO - Processing /Users/ds2718/Documents/test_python_airflow/airflow/py_venv/lib/python3.12/site-packages/airflow/example_dags/example_external_task_marker_dag.py took 0.343 seconds
[2024-09-18T12:08:56.853+0100] {processor.py:186} INFO - Started process (PID=12702) to work on /Users/ds2718/Documents/test_python_airflow/airflow/py_venv/lib/python3.12/site-packages/airflow/example_dags/example_external_task_marker_dag.py
[2024-09-18T12:08:56.854+0100] {processor.py:914} INFO - Processing file /Users/ds2718/Documents/test_python_airflow/airflow/py_venv/lib/python3.12/site-packages/airflow/example_dags/example_external_task_marker_dag.py for tasks to queue
[2024-09-18T12:08:56.854+0100] {logging_mixin.py:190} INFO - [2024-09-18T12:08:56.854+0100] {dagbag.py:587} INFO - Filling up the DagBag from /Users/ds2718/Documents/test_python_airflow/airflow/py_venv/lib/python3.12/site-packages/airflow/example_dags/example_external_task_marker_dag.py
[2024-09-18T12:08:56.860+0100] {processor.py:925} INFO - DAG(s) 'example_external_task_marker_child', 'example_external_task_marker_parent' retrieved from /Users/ds2718/Documents/test_python_airflow/airflow/py_venv/lib/python3.12/site-packages/airflow/example_dags/example_external_task_marker_dag.py
[2024-09-18T12:08:57.105+0100] {logging_mixin.py:190} INFO - [2024-09-18T12:08:57.105+0100] {dag.py:3229} INFO - Sync 2 DAGs
[2024-09-18T12:08:57.113+0100] {logging_mixin.py:190} INFO - [2024-09-18T12:08:57.112+0100] {dag.py:4156} INFO - Setting next_dagrun for example_external_task_marker_child to None, run_after=None
[2024-09-18T12:08:57.114+0100] {logging_mixin.py:190} INFO - [2024-09-18T12:08:57.114+0100] {dag.py:4156} INFO - Setting next_dagrun for example_external_task_marker_parent to None, run_after=None
[2024-09-18T12:08:57.127+0100] {processor.py:208} INFO - Processing /Users/ds2718/Documents/test_python_airflow/airflow/py_venv/lib/python3.12/site-packages/airflow/example_dags/example_external_task_marker_dag.py took 0.276 seconds
[2024-09-18T12:09:31.433+0100] {processor.py:186} INFO - Started process (PID=12861) to work on /Users/ds2718/Documents/test_python_airflow/airflow/py_venv/lib/python3.12/site-packages/airflow/example_dags/example_external_task_marker_dag.py
[2024-09-18T12:09:31.433+0100] {processor.py:914} INFO - Processing file /Users/ds2718/Documents/test_python_airflow/airflow/py_venv/lib/python3.12/site-packages/airflow/example_dags/example_external_task_marker_dag.py for tasks to queue
[2024-09-18T12:09:31.434+0100] {logging_mixin.py:190} INFO - [2024-09-18T12:09:31.434+0100] {dagbag.py:587} INFO - Filling up the DagBag from /Users/ds2718/Documents/test_python_airflow/airflow/py_venv/lib/python3.12/site-packages/airflow/example_dags/example_external_task_marker_dag.py
[2024-09-18T12:09:31.441+0100] {processor.py:925} INFO - DAG(s) 'example_external_task_marker_child', 'example_external_task_marker_parent' retrieved from /Users/ds2718/Documents/test_python_airflow/airflow/py_venv/lib/python3.12/site-packages/airflow/example_dags/example_external_task_marker_dag.py
[2024-09-18T12:09:31.764+0100] {logging_mixin.py:190} INFO - [2024-09-18T12:09:31.764+0100] {dag.py:3229} INFO - Sync 2 DAGs
[2024-09-18T12:09:31.773+0100] {logging_mixin.py:190} INFO - [2024-09-18T12:09:31.773+0100] {dag.py:4156} INFO - Setting next_dagrun for example_external_task_marker_child to None, run_after=None
[2024-09-18T12:09:31.775+0100] {logging_mixin.py:190} INFO - [2024-09-18T12:09:31.775+0100] {dag.py:4156} INFO - Setting next_dagrun for example_external_task_marker_parent to None, run_after=None
[2024-09-18T12:09:31.783+0100] {processor.py:208} INFO - Processing /Users/ds2718/Documents/test_python_airflow/airflow/py_venv/lib/python3.12/site-packages/airflow/example_dags/example_external_task_marker_dag.py took 0.353 seconds
[2024-09-18T12:10:04.947+0100] {processor.py:186} INFO - Started process (PID=13051) to work on /Users/ds2718/Documents/test_python_airflow/airflow/py_venv/lib/python3.12/site-packages/airflow/example_dags/example_external_task_marker_dag.py
[2024-09-18T12:10:04.947+0100] {processor.py:914} INFO - Processing file /Users/ds2718/Documents/test_python_airflow/airflow/py_venv/lib/python3.12/site-packages/airflow/example_dags/example_external_task_marker_dag.py for tasks to queue
[2024-09-18T12:10:04.948+0100] {logging_mixin.py:190} INFO - [2024-09-18T12:10:04.948+0100] {dagbag.py:587} INFO - Filling up the DagBag from /Users/ds2718/Documents/test_python_airflow/airflow/py_venv/lib/python3.12/site-packages/airflow/example_dags/example_external_task_marker_dag.py
[2024-09-18T12:10:04.955+0100] {processor.py:925} INFO - DAG(s) 'example_external_task_marker_child', 'example_external_task_marker_parent' retrieved from /Users/ds2718/Documents/test_python_airflow/airflow/py_venv/lib/python3.12/site-packages/airflow/example_dags/example_external_task_marker_dag.py
[2024-09-18T12:10:05.209+0100] {logging_mixin.py:190} INFO - [2024-09-18T12:10:05.209+0100] {dag.py:3229} INFO - Sync 2 DAGs
[2024-09-18T12:10:05.216+0100] {logging_mixin.py:190} INFO - [2024-09-18T12:10:05.216+0100] {dag.py:4156} INFO - Setting next_dagrun for example_external_task_marker_child to None, run_after=None
[2024-09-18T12:10:05.217+0100] {logging_mixin.py:190} INFO - [2024-09-18T12:10:05.217+0100] {dag.py:4156} INFO - Setting next_dagrun for example_external_task_marker_parent to None, run_after=None
[2024-09-18T12:10:05.228+0100] {processor.py:208} INFO - Processing /Users/ds2718/Documents/test_python_airflow/airflow/py_venv/lib/python3.12/site-packages/airflow/example_dags/example_external_task_marker_dag.py took 0.288 seconds
[2024-09-18T12:10:38.939+0100] {processor.py:186} INFO - Started process (PID=13196) to work on /Users/ds2718/Documents/test_python_airflow/airflow/py_venv/lib/python3.12/site-packages/airflow/example_dags/example_external_task_marker_dag.py
[2024-09-18T12:10:38.948+0100] {processor.py:914} INFO - Processing file /Users/ds2718/Documents/test_python_airflow/airflow/py_venv/lib/python3.12/site-packages/airflow/example_dags/example_external_task_marker_dag.py for tasks to queue
[2024-09-18T12:10:38.948+0100] {logging_mixin.py:190} INFO - [2024-09-18T12:10:38.948+0100] {dagbag.py:587} INFO - Filling up the DagBag from /Users/ds2718/Documents/test_python_airflow/airflow/py_venv/lib/python3.12/site-packages/airflow/example_dags/example_external_task_marker_dag.py
[2024-09-18T12:10:38.958+0100] {processor.py:925} INFO - DAG(s) 'example_external_task_marker_parent', 'example_external_task_marker_child' retrieved from /Users/ds2718/Documents/test_python_airflow/airflow/py_venv/lib/python3.12/site-packages/airflow/example_dags/example_external_task_marker_dag.py
[2024-09-18T12:10:39.236+0100] {logging_mixin.py:190} INFO - [2024-09-18T12:10:39.235+0100] {dag.py:3229} INFO - Sync 2 DAGs
[2024-09-18T12:10:39.242+0100] {logging_mixin.py:190} INFO - [2024-09-18T12:10:39.242+0100] {dag.py:4156} INFO - Setting next_dagrun for example_external_task_marker_child to None, run_after=None
[2024-09-18T12:10:39.243+0100] {logging_mixin.py:190} INFO - [2024-09-18T12:10:39.243+0100] {dag.py:4156} INFO - Setting next_dagrun for example_external_task_marker_parent to None, run_after=None
[2024-09-18T12:10:39.259+0100] {processor.py:208} INFO - Processing /Users/ds2718/Documents/test_python_airflow/airflow/py_venv/lib/python3.12/site-packages/airflow/example_dags/example_external_task_marker_dag.py took 0.328 seconds
[2024-09-18T12:11:13.323+0100] {processor.py:186} INFO - Started process (PID=13360) to work on /Users/ds2718/Documents/test_python_airflow/airflow/py_venv/lib/python3.12/site-packages/airflow/example_dags/example_external_task_marker_dag.py
[2024-09-18T12:11:13.323+0100] {processor.py:914} INFO - Processing file /Users/ds2718/Documents/test_python_airflow/airflow/py_venv/lib/python3.12/site-packages/airflow/example_dags/example_external_task_marker_dag.py for tasks to queue
[2024-09-18T12:11:13.324+0100] {logging_mixin.py:190} INFO - [2024-09-18T12:11:13.324+0100] {dagbag.py:587} INFO - Filling up the DagBag from /Users/ds2718/Documents/test_python_airflow/airflow/py_venv/lib/python3.12/site-packages/airflow/example_dags/example_external_task_marker_dag.py
[2024-09-18T12:11:13.331+0100] {processor.py:925} INFO - DAG(s) 'example_external_task_marker_child', 'example_external_task_marker_parent' retrieved from /Users/ds2718/Documents/test_python_airflow/airflow/py_venv/lib/python3.12/site-packages/airflow/example_dags/example_external_task_marker_dag.py
[2024-09-18T12:11:13.662+0100] {logging_mixin.py:190} INFO - [2024-09-18T12:11:13.661+0100] {dag.py:3229} INFO - Sync 2 DAGs
[2024-09-18T12:11:13.669+0100] {logging_mixin.py:190} INFO - [2024-09-18T12:11:13.669+0100] {dag.py:4156} INFO - Setting next_dagrun for example_external_task_marker_child to None, run_after=None
[2024-09-18T12:11:13.671+0100] {logging_mixin.py:190} INFO - [2024-09-18T12:11:13.671+0100] {dag.py:4156} INFO - Setting next_dagrun for example_external_task_marker_parent to None, run_after=None
[2024-09-18T12:11:13.678+0100] {processor.py:208} INFO - Processing /Users/ds2718/Documents/test_python_airflow/airflow/py_venv/lib/python3.12/site-packages/airflow/example_dags/example_external_task_marker_dag.py took 0.365 seconds
[2024-09-18T12:11:48.613+0100] {processor.py:186} INFO - Started process (PID=13539) to work on /Users/ds2718/Documents/test_python_airflow/airflow/py_venv/lib/python3.12/site-packages/airflow/example_dags/example_external_task_marker_dag.py
[2024-09-18T12:11:48.614+0100] {processor.py:914} INFO - Processing file /Users/ds2718/Documents/test_python_airflow/airflow/py_venv/lib/python3.12/site-packages/airflow/example_dags/example_external_task_marker_dag.py for tasks to queue
[2024-09-18T12:11:48.614+0100] {logging_mixin.py:190} INFO - [2024-09-18T12:11:48.614+0100] {dagbag.py:587} INFO - Filling up the DagBag from /Users/ds2718/Documents/test_python_airflow/airflow/py_venv/lib/python3.12/site-packages/airflow/example_dags/example_external_task_marker_dag.py
[2024-09-18T12:11:48.620+0100] {processor.py:925} INFO - DAG(s) 'example_external_task_marker_child', 'example_external_task_marker_parent' retrieved from /Users/ds2718/Documents/test_python_airflow/airflow/py_venv/lib/python3.12/site-packages/airflow/example_dags/example_external_task_marker_dag.py
[2024-09-18T12:11:48.860+0100] {logging_mixin.py:190} INFO - [2024-09-18T12:11:48.860+0100] {dag.py:3229} INFO - Sync 2 DAGs
[2024-09-18T12:11:48.878+0100] {logging_mixin.py:190} INFO - [2024-09-18T12:11:48.878+0100] {dag.py:4156} INFO - Setting next_dagrun for example_external_task_marker_child to None, run_after=None
[2024-09-18T12:11:48.879+0100] {logging_mixin.py:190} INFO - [2024-09-18T12:11:48.879+0100] {dag.py:4156} INFO - Setting next_dagrun for example_external_task_marker_parent to None, run_after=None
[2024-09-18T12:11:48.891+0100] {processor.py:208} INFO - Processing /Users/ds2718/Documents/test_python_airflow/airflow/py_venv/lib/python3.12/site-packages/airflow/example_dags/example_external_task_marker_dag.py took 0.281 seconds
[2024-09-18T12:12:24.509+0100] {processor.py:186} INFO - Started process (PID=13677) to work on /Users/ds2718/Documents/test_python_airflow/airflow/py_venv/lib/python3.12/site-packages/airflow/example_dags/example_external_task_marker_dag.py
[2024-09-18T12:12:24.510+0100] {processor.py:914} INFO - Processing file /Users/ds2718/Documents/test_python_airflow/airflow/py_venv/lib/python3.12/site-packages/airflow/example_dags/example_external_task_marker_dag.py for tasks to queue
[2024-09-18T12:12:24.511+0100] {logging_mixin.py:190} INFO - [2024-09-18T12:12:24.510+0100] {dagbag.py:587} INFO - Filling up the DagBag from /Users/ds2718/Documents/test_python_airflow/airflow/py_venv/lib/python3.12/site-packages/airflow/example_dags/example_external_task_marker_dag.py
[2024-09-18T12:12:24.519+0100] {processor.py:925} INFO - DAG(s) 'example_external_task_marker_child', 'example_external_task_marker_parent' retrieved from /Users/ds2718/Documents/test_python_airflow/airflow/py_venv/lib/python3.12/site-packages/airflow/example_dags/example_external_task_marker_dag.py
[2024-09-18T12:12:24.829+0100] {logging_mixin.py:190} INFO - [2024-09-18T12:12:24.829+0100] {dag.py:3229} INFO - Sync 2 DAGs
[2024-09-18T12:12:24.835+0100] {logging_mixin.py:190} INFO - [2024-09-18T12:12:24.835+0100] {dag.py:4156} INFO - Setting next_dagrun for example_external_task_marker_child to None, run_after=None
[2024-09-18T12:12:24.837+0100] {logging_mixin.py:190} INFO - [2024-09-18T12:12:24.837+0100] {dag.py:4156} INFO - Setting next_dagrun for example_external_task_marker_parent to None, run_after=None
[2024-09-18T12:12:24.844+0100] {processor.py:208} INFO - Processing /Users/ds2718/Documents/test_python_airflow/airflow/py_venv/lib/python3.12/site-packages/airflow/example_dags/example_external_task_marker_dag.py took 0.345 seconds
[2024-09-18T12:12:58.854+0100] {processor.py:186} INFO - Started process (PID=13863) to work on /Users/ds2718/Documents/test_python_airflow/airflow/py_venv/lib/python3.12/site-packages/airflow/example_dags/example_external_task_marker_dag.py
[2024-09-18T12:12:58.858+0100] {processor.py:914} INFO - Processing file /Users/ds2718/Documents/test_python_airflow/airflow/py_venv/lib/python3.12/site-packages/airflow/example_dags/example_external_task_marker_dag.py for tasks to queue
[2024-09-18T12:12:58.859+0100] {logging_mixin.py:190} INFO - [2024-09-18T12:12:58.859+0100] {dagbag.py:587} INFO - Filling up the DagBag from /Users/ds2718/Documents/test_python_airflow/airflow/py_venv/lib/python3.12/site-packages/airflow/example_dags/example_external_task_marker_dag.py
[2024-09-18T12:12:58.866+0100] {processor.py:925} INFO - DAG(s) 'example_external_task_marker_parent', 'example_external_task_marker_child' retrieved from /Users/ds2718/Documents/test_python_airflow/airflow/py_venv/lib/python3.12/site-packages/airflow/example_dags/example_external_task_marker_dag.py
[2024-09-18T12:12:59.154+0100] {logging_mixin.py:190} INFO - [2024-09-18T12:12:59.154+0100] {dag.py:3229} INFO - Sync 2 DAGs
[2024-09-18T12:12:59.160+0100] {logging_mixin.py:190} INFO - [2024-09-18T12:12:59.160+0100] {dag.py:4156} INFO - Setting next_dagrun for example_external_task_marker_child to None, run_after=None
[2024-09-18T12:12:59.162+0100] {logging_mixin.py:190} INFO - [2024-09-18T12:12:59.162+0100] {dag.py:4156} INFO - Setting next_dagrun for example_external_task_marker_parent to None, run_after=None
[2024-09-18T12:12:59.169+0100] {processor.py:208} INFO - Processing /Users/ds2718/Documents/test_python_airflow/airflow/py_venv/lib/python3.12/site-packages/airflow/example_dags/example_external_task_marker_dag.py took 0.321 seconds
[2024-09-18T12:13:34.426+0100] {processor.py:186} INFO - Started process (PID=14023) to work on /Users/ds2718/Documents/test_python_airflow/airflow/py_venv/lib/python3.12/site-packages/airflow/example_dags/example_external_task_marker_dag.py
[2024-09-18T12:13:34.426+0100] {processor.py:914} INFO - Processing file /Users/ds2718/Documents/test_python_airflow/airflow/py_venv/lib/python3.12/site-packages/airflow/example_dags/example_external_task_marker_dag.py for tasks to queue
[2024-09-18T12:13:34.427+0100] {logging_mixin.py:190} INFO - [2024-09-18T12:13:34.427+0100] {dagbag.py:587} INFO - Filling up the DagBag from /Users/ds2718/Documents/test_python_airflow/airflow/py_venv/lib/python3.12/site-packages/airflow/example_dags/example_external_task_marker_dag.py
[2024-09-18T12:13:34.435+0100] {processor.py:925} INFO - DAG(s) 'example_external_task_marker_child', 'example_external_task_marker_parent' retrieved from /Users/ds2718/Documents/test_python_airflow/airflow/py_venv/lib/python3.12/site-packages/airflow/example_dags/example_external_task_marker_dag.py
[2024-09-18T12:13:34.721+0100] {logging_mixin.py:190} INFO - [2024-09-18T12:13:34.721+0100] {dag.py:3229} INFO - Sync 2 DAGs
[2024-09-18T12:13:34.729+0100] {logging_mixin.py:190} INFO - [2024-09-18T12:13:34.729+0100] {dag.py:4156} INFO - Setting next_dagrun for example_external_task_marker_child to None, run_after=None
[2024-09-18T12:13:34.730+0100] {logging_mixin.py:190} INFO - [2024-09-18T12:13:34.730+0100] {dag.py:4156} INFO - Setting next_dagrun for example_external_task_marker_parent to None, run_after=None
[2024-09-18T12:13:34.739+0100] {processor.py:208} INFO - Processing /Users/ds2718/Documents/test_python_airflow/airflow/py_venv/lib/python3.12/site-packages/airflow/example_dags/example_external_task_marker_dag.py took 0.320 seconds
