[2024-09-18T11:54:16.337+0100] {processor.py:186} INFO - Started process (PID=9496) to work on /Users/ds2718/Documents/test_python_airflow/airflow/py_venv/lib/python3.12/site-packages/airflow/example_dags/example_latest_only.py
[2024-09-18T11:54:16.337+0100] {processor.py:914} INFO - Processing file /Users/ds2718/Documents/test_python_airflow/airflow/py_venv/lib/python3.12/site-packages/airflow/example_dags/example_latest_only.py for tasks to queue
[2024-09-18T11:54:16.338+0100] {logging_mixin.py:190} INFO - [2024-09-18T11:54:16.338+0100] {dagbag.py:587} INFO - Filling up the DagBag from /Users/ds2718/Documents/test_python_airflow/airflow/py_venv/lib/python3.12/site-packages/airflow/example_dags/example_latest_only.py
[2024-09-18T11:54:16.343+0100] {processor.py:925} INFO - DAG(s) 'latest_only' retrieved from /Users/ds2718/Documents/test_python_airflow/airflow/py_venv/lib/python3.12/site-packages/airflow/example_dags/example_latest_only.py
[2024-09-18T11:54:16.462+0100] {logging_mixin.py:190} INFO - [2024-09-18T11:54:16.462+0100] {override.py:1900} INFO - Created Permission View: can read on DAG:latest_only
[2024-09-18T11:54:16.466+0100] {logging_mixin.py:190} INFO - [2024-09-18T11:54:16.466+0100] {override.py:1900} INFO - Created Permission View: can delete on DAG:latest_only
[2024-09-18T11:54:16.468+0100] {logging_mixin.py:190} INFO - [2024-09-18T11:54:16.468+0100] {override.py:1900} INFO - Created Permission View: can edit on DAG:latest_only
[2024-09-18T11:54:16.471+0100] {logging_mixin.py:190} INFO - [2024-09-18T11:54:16.471+0100] {override.py:1900} INFO - Created Permission View: can read on DAG Run:latest_only
[2024-09-18T11:54:16.473+0100] {logging_mixin.py:190} INFO - [2024-09-18T11:54:16.473+0100] {override.py:1900} INFO - Created Permission View: can delete on DAG Run:latest_only
[2024-09-18T11:54:16.476+0100] {logging_mixin.py:190} INFO - [2024-09-18T11:54:16.476+0100] {override.py:1900} INFO - Created Permission View: can create on DAG Run:latest_only
[2024-09-18T11:54:16.478+0100] {logging_mixin.py:190} INFO - [2024-09-18T11:54:16.478+0100] {override.py:1900} INFO - Created Permission View: menu access on DAG Run:latest_only
[2024-09-18T11:54:16.478+0100] {logging_mixin.py:190} INFO - [2024-09-18T11:54:16.478+0100] {dag.py:3229} INFO - Sync 1 DAGs
[2024-09-18T11:54:16.484+0100] {logging_mixin.py:190} INFO - [2024-09-18T11:54:16.484+0100] {dag.py:3252} INFO - Creating ORM DAG for latest_only
[2024-09-18T11:54:16.489+0100] {logging_mixin.py:190} INFO - [2024-09-18T11:54:16.489+0100] {dag.py:4156} INFO - Setting next_dagrun for latest_only to 2024-09-18 04:00:00+00:00, run_after=2024-09-18 08:00:00+00:00
[2024-09-18T11:54:16.498+0100] {processor.py:208} INFO - Processing /Users/ds2718/Documents/test_python_airflow/airflow/py_venv/lib/python3.12/site-packages/airflow/example_dags/example_latest_only.py took 0.166 seconds
[2024-09-18T11:54:50.680+0100] {processor.py:186} INFO - Started process (PID=9697) to work on /Users/ds2718/Documents/test_python_airflow/airflow/py_venv/lib/python3.12/site-packages/airflow/example_dags/example_latest_only.py
[2024-09-18T11:54:50.682+0100] {processor.py:914} INFO - Processing file /Users/ds2718/Documents/test_python_airflow/airflow/py_venv/lib/python3.12/site-packages/airflow/example_dags/example_latest_only.py for tasks to queue
[2024-09-18T11:54:50.682+0100] {logging_mixin.py:190} INFO - [2024-09-18T11:54:50.682+0100] {dagbag.py:587} INFO - Filling up the DagBag from /Users/ds2718/Documents/test_python_airflow/airflow/py_venv/lib/python3.12/site-packages/airflow/example_dags/example_latest_only.py
[2024-09-18T11:54:50.688+0100] {processor.py:925} INFO - DAG(s) 'latest_only' retrieved from /Users/ds2718/Documents/test_python_airflow/airflow/py_venv/lib/python3.12/site-packages/airflow/example_dags/example_latest_only.py
[2024-09-18T11:54:50.745+0100] {logging_mixin.py:190} INFO - [2024-09-18T11:54:50.745+0100] {dag.py:3229} INFO - Sync 1 DAGs
[2024-09-18T11:54:50.757+0100] {logging_mixin.py:190} INFO - [2024-09-18T11:54:50.756+0100] {dag.py:4156} INFO - Setting next_dagrun for latest_only to 2024-09-18 04:00:00+00:00, run_after=2024-09-18 08:00:00+00:00
[2024-09-18T11:54:50.772+0100] {processor.py:208} INFO - Processing /Users/ds2718/Documents/test_python_airflow/airflow/py_venv/lib/python3.12/site-packages/airflow/example_dags/example_latest_only.py took 0.101 seconds
[2024-09-18T11:55:25.828+0100] {processor.py:186} INFO - Started process (PID=9877) to work on /Users/ds2718/Documents/test_python_airflow/airflow/py_venv/lib/python3.12/site-packages/airflow/example_dags/example_latest_only.py
[2024-09-18T11:55:25.828+0100] {processor.py:914} INFO - Processing file /Users/ds2718/Documents/test_python_airflow/airflow/py_venv/lib/python3.12/site-packages/airflow/example_dags/example_latest_only.py for tasks to queue
[2024-09-18T11:55:25.829+0100] {logging_mixin.py:190} INFO - [2024-09-18T11:55:25.828+0100] {dagbag.py:587} INFO - Filling up the DagBag from /Users/ds2718/Documents/test_python_airflow/airflow/py_venv/lib/python3.12/site-packages/airflow/example_dags/example_latest_only.py
[2024-09-18T11:55:25.833+0100] {processor.py:925} INFO - DAG(s) 'latest_only' retrieved from /Users/ds2718/Documents/test_python_airflow/airflow/py_venv/lib/python3.12/site-packages/airflow/example_dags/example_latest_only.py
[2024-09-18T11:55:25.872+0100] {logging_mixin.py:190} INFO - [2024-09-18T11:55:25.872+0100] {dag.py:3229} INFO - Sync 1 DAGs
[2024-09-18T11:55:25.884+0100] {logging_mixin.py:190} INFO - [2024-09-18T11:55:25.883+0100] {dag.py:4156} INFO - Setting next_dagrun for latest_only to 2024-09-18 04:00:00+00:00, run_after=2024-09-18 08:00:00+00:00
[2024-09-18T11:55:25.893+0100] {processor.py:208} INFO - Processing /Users/ds2718/Documents/test_python_airflow/airflow/py_venv/lib/python3.12/site-packages/airflow/example_dags/example_latest_only.py took 0.069 seconds
[2024-09-18T11:55:58.027+0100] {processor.py:186} INFO - Started process (PID=10053) to work on /Users/ds2718/Documents/test_python_airflow/airflow/py_venv/lib/python3.12/site-packages/airflow/example_dags/example_latest_only.py
[2024-09-18T11:55:58.039+0100] {processor.py:914} INFO - Processing file /Users/ds2718/Documents/test_python_airflow/airflow/py_venv/lib/python3.12/site-packages/airflow/example_dags/example_latest_only.py for tasks to queue
[2024-09-18T11:55:58.040+0100] {logging_mixin.py:190} INFO - [2024-09-18T11:55:58.040+0100] {dagbag.py:587} INFO - Filling up the DagBag from /Users/ds2718/Documents/test_python_airflow/airflow/py_venv/lib/python3.12/site-packages/airflow/example_dags/example_latest_only.py
[2024-09-18T11:55:58.047+0100] {processor.py:925} INFO - DAG(s) 'latest_only' retrieved from /Users/ds2718/Documents/test_python_airflow/airflow/py_venv/lib/python3.12/site-packages/airflow/example_dags/example_latest_only.py
[2024-09-18T11:55:58.121+0100] {logging_mixin.py:190} INFO - [2024-09-18T11:55:58.120+0100] {dag.py:3229} INFO - Sync 1 DAGs
[2024-09-18T11:55:58.144+0100] {logging_mixin.py:190} INFO - [2024-09-18T11:55:58.144+0100] {dag.py:4156} INFO - Setting next_dagrun for latest_only to 2024-09-18 04:00:00+00:00, run_after=2024-09-18 08:00:00+00:00
[2024-09-18T11:55:58.161+0100] {processor.py:208} INFO - Processing /Users/ds2718/Documents/test_python_airflow/airflow/py_venv/lib/python3.12/site-packages/airflow/example_dags/example_latest_only.py took 0.138 seconds
[2024-09-18T11:56:32.265+0100] {processor.py:186} INFO - Started process (PID=10185) to work on /Users/ds2718/Documents/test_python_airflow/airflow/py_venv/lib/python3.12/site-packages/airflow/example_dags/example_latest_only.py
[2024-09-18T11:56:32.265+0100] {processor.py:914} INFO - Processing file /Users/ds2718/Documents/test_python_airflow/airflow/py_venv/lib/python3.12/site-packages/airflow/example_dags/example_latest_only.py for tasks to queue
[2024-09-18T11:56:32.266+0100] {logging_mixin.py:190} INFO - [2024-09-18T11:56:32.266+0100] {dagbag.py:587} INFO - Filling up the DagBag from /Users/ds2718/Documents/test_python_airflow/airflow/py_venv/lib/python3.12/site-packages/airflow/example_dags/example_latest_only.py
[2024-09-18T11:56:32.270+0100] {processor.py:925} INFO - DAG(s) 'latest_only' retrieved from /Users/ds2718/Documents/test_python_airflow/airflow/py_venv/lib/python3.12/site-packages/airflow/example_dags/example_latest_only.py
[2024-09-18T11:56:32.322+0100] {logging_mixin.py:190} INFO - [2024-09-18T11:56:32.322+0100] {dag.py:3229} INFO - Sync 1 DAGs
[2024-09-18T11:56:32.339+0100] {logging_mixin.py:190} INFO - [2024-09-18T11:56:32.339+0100] {dag.py:4156} INFO - Setting next_dagrun for latest_only to 2024-09-18 04:00:00+00:00, run_after=2024-09-18 08:00:00+00:00
[2024-09-18T11:56:32.348+0100] {processor.py:208} INFO - Processing /Users/ds2718/Documents/test_python_airflow/airflow/py_venv/lib/python3.12/site-packages/airflow/example_dags/example_latest_only.py took 0.085 seconds
[2024-09-18T11:57:04.479+0100] {processor.py:186} INFO - Started process (PID=10357) to work on /Users/ds2718/Documents/test_python_airflow/airflow/py_venv/lib/python3.12/site-packages/airflow/example_dags/example_latest_only.py
[2024-09-18T11:57:04.480+0100] {processor.py:914} INFO - Processing file /Users/ds2718/Documents/test_python_airflow/airflow/py_venv/lib/python3.12/site-packages/airflow/example_dags/example_latest_only.py for tasks to queue
[2024-09-18T11:57:04.481+0100] {logging_mixin.py:190} INFO - [2024-09-18T11:57:04.480+0100] {dagbag.py:587} INFO - Filling up the DagBag from /Users/ds2718/Documents/test_python_airflow/airflow/py_venv/lib/python3.12/site-packages/airflow/example_dags/example_latest_only.py
[2024-09-18T11:57:04.486+0100] {processor.py:925} INFO - DAG(s) 'latest_only' retrieved from /Users/ds2718/Documents/test_python_airflow/airflow/py_venv/lib/python3.12/site-packages/airflow/example_dags/example_latest_only.py
[2024-09-18T11:57:04.534+0100] {logging_mixin.py:190} INFO - [2024-09-18T11:57:04.534+0100] {dag.py:3229} INFO - Sync 1 DAGs
[2024-09-18T11:57:04.546+0100] {logging_mixin.py:190} INFO - [2024-09-18T11:57:04.545+0100] {dag.py:4156} INFO - Setting next_dagrun for latest_only to 2024-09-18 04:00:00+00:00, run_after=2024-09-18 08:00:00+00:00
[2024-09-18T11:57:04.560+0100] {processor.py:208} INFO - Processing /Users/ds2718/Documents/test_python_airflow/airflow/py_venv/lib/python3.12/site-packages/airflow/example_dags/example_latest_only.py took 0.083 seconds
[2024-09-18T11:57:37.212+0100] {processor.py:186} INFO - Started process (PID=10522) to work on /Users/ds2718/Documents/test_python_airflow/airflow/py_venv/lib/python3.12/site-packages/airflow/example_dags/example_latest_only.py
[2024-09-18T11:57:37.214+0100] {processor.py:914} INFO - Processing file /Users/ds2718/Documents/test_python_airflow/airflow/py_venv/lib/python3.12/site-packages/airflow/example_dags/example_latest_only.py for tasks to queue
[2024-09-18T11:57:37.215+0100] {logging_mixin.py:190} INFO - [2024-09-18T11:57:37.215+0100] {dagbag.py:587} INFO - Filling up the DagBag from /Users/ds2718/Documents/test_python_airflow/airflow/py_venv/lib/python3.12/site-packages/airflow/example_dags/example_latest_only.py
[2024-09-18T11:57:37.224+0100] {processor.py:925} INFO - DAG(s) 'latest_only' retrieved from /Users/ds2718/Documents/test_python_airflow/airflow/py_venv/lib/python3.12/site-packages/airflow/example_dags/example_latest_only.py
[2024-09-18T11:57:37.281+0100] {logging_mixin.py:190} INFO - [2024-09-18T11:57:37.281+0100] {dag.py:3229} INFO - Sync 1 DAGs
[2024-09-18T11:57:37.293+0100] {logging_mixin.py:190} INFO - [2024-09-18T11:57:37.293+0100] {dag.py:4156} INFO - Setting next_dagrun for latest_only to 2024-09-18 04:00:00+00:00, run_after=2024-09-18 08:00:00+00:00
[2024-09-18T11:57:37.307+0100] {processor.py:208} INFO - Processing /Users/ds2718/Documents/test_python_airflow/airflow/py_venv/lib/python3.12/site-packages/airflow/example_dags/example_latest_only.py took 0.104 seconds
[2024-09-18T11:58:12.019+0100] {processor.py:186} INFO - Started process (PID=10730) to work on /Users/ds2718/Documents/test_python_airflow/airflow/py_venv/lib/python3.12/site-packages/airflow/example_dags/example_latest_only.py
[2024-09-18T11:58:12.021+0100] {processor.py:914} INFO - Processing file /Users/ds2718/Documents/test_python_airflow/airflow/py_venv/lib/python3.12/site-packages/airflow/example_dags/example_latest_only.py for tasks to queue
[2024-09-18T11:58:12.022+0100] {logging_mixin.py:190} INFO - [2024-09-18T11:58:12.021+0100] {dagbag.py:587} INFO - Filling up the DagBag from /Users/ds2718/Documents/test_python_airflow/airflow/py_venv/lib/python3.12/site-packages/airflow/example_dags/example_latest_only.py
[2024-09-18T11:58:12.028+0100] {processor.py:925} INFO - DAG(s) 'latest_only' retrieved from /Users/ds2718/Documents/test_python_airflow/airflow/py_venv/lib/python3.12/site-packages/airflow/example_dags/example_latest_only.py
[2024-09-18T11:58:12.087+0100] {logging_mixin.py:190} INFO - [2024-09-18T11:58:12.087+0100] {dag.py:3229} INFO - Sync 1 DAGs
[2024-09-18T11:58:12.098+0100] {logging_mixin.py:190} INFO - [2024-09-18T11:58:12.098+0100] {dag.py:4156} INFO - Setting next_dagrun for latest_only to 2024-09-18 04:00:00+00:00, run_after=2024-09-18 08:00:00+00:00
[2024-09-18T11:58:12.109+0100] {processor.py:208} INFO - Processing /Users/ds2718/Documents/test_python_airflow/airflow/py_venv/lib/python3.12/site-packages/airflow/example_dags/example_latest_only.py took 0.096 seconds
[2024-09-18T11:58:47.475+0100] {processor.py:186} INFO - Started process (PID=10900) to work on /Users/ds2718/Documents/test_python_airflow/airflow/py_venv/lib/python3.12/site-packages/airflow/example_dags/example_latest_only.py
[2024-09-18T11:58:47.477+0100] {processor.py:914} INFO - Processing file /Users/ds2718/Documents/test_python_airflow/airflow/py_venv/lib/python3.12/site-packages/airflow/example_dags/example_latest_only.py for tasks to queue
[2024-09-18T11:58:47.478+0100] {logging_mixin.py:190} INFO - [2024-09-18T11:58:47.478+0100] {dagbag.py:587} INFO - Filling up the DagBag from /Users/ds2718/Documents/test_python_airflow/airflow/py_venv/lib/python3.12/site-packages/airflow/example_dags/example_latest_only.py
[2024-09-18T11:58:47.483+0100] {processor.py:925} INFO - DAG(s) 'latest_only' retrieved from /Users/ds2718/Documents/test_python_airflow/airflow/py_venv/lib/python3.12/site-packages/airflow/example_dags/example_latest_only.py
[2024-09-18T11:58:47.527+0100] {logging_mixin.py:190} INFO - [2024-09-18T11:58:47.527+0100] {dag.py:3229} INFO - Sync 1 DAGs
[2024-09-18T11:58:47.539+0100] {logging_mixin.py:190} INFO - [2024-09-18T11:58:47.539+0100] {dag.py:4156} INFO - Setting next_dagrun for latest_only to 2024-09-18 04:00:00+00:00, run_after=2024-09-18 08:00:00+00:00
[2024-09-18T11:58:47.554+0100] {processor.py:208} INFO - Processing /Users/ds2718/Documents/test_python_airflow/airflow/py_venv/lib/python3.12/site-packages/airflow/example_dags/example_latest_only.py took 0.081 seconds
[2024-09-18T11:59:21.350+0100] {processor.py:186} INFO - Started process (PID=11112) to work on /Users/ds2718/Documents/test_python_airflow/airflow/py_venv/lib/python3.12/site-packages/airflow/example_dags/example_latest_only.py
[2024-09-18T11:59:21.350+0100] {processor.py:914} INFO - Processing file /Users/ds2718/Documents/test_python_airflow/airflow/py_venv/lib/python3.12/site-packages/airflow/example_dags/example_latest_only.py for tasks to queue
[2024-09-18T11:59:21.350+0100] {logging_mixin.py:190} INFO - [2024-09-18T11:59:21.350+0100] {dagbag.py:587} INFO - Filling up the DagBag from /Users/ds2718/Documents/test_python_airflow/airflow/py_venv/lib/python3.12/site-packages/airflow/example_dags/example_latest_only.py
[2024-09-18T11:59:21.356+0100] {processor.py:925} INFO - DAG(s) 'latest_only' retrieved from /Users/ds2718/Documents/test_python_airflow/airflow/py_venv/lib/python3.12/site-packages/airflow/example_dags/example_latest_only.py
[2024-09-18T11:59:21.401+0100] {logging_mixin.py:190} INFO - [2024-09-18T11:59:21.401+0100] {dag.py:3229} INFO - Sync 1 DAGs
[2024-09-18T11:59:21.415+0100] {logging_mixin.py:190} INFO - [2024-09-18T11:59:21.414+0100] {dag.py:4156} INFO - Setting next_dagrun for latest_only to 2024-09-18 04:00:00+00:00, run_after=2024-09-18 08:00:00+00:00
[2024-09-18T11:59:21.430+0100] {processor.py:208} INFO - Processing /Users/ds2718/Documents/test_python_airflow/airflow/py_venv/lib/python3.12/site-packages/airflow/example_dags/example_latest_only.py took 0.082 seconds
[2024-09-18T11:59:55.063+0100] {processor.py:186} INFO - Started process (PID=11288) to work on /Users/ds2718/Documents/test_python_airflow/airflow/py_venv/lib/python3.12/site-packages/airflow/example_dags/example_latest_only.py
[2024-09-18T11:59:55.064+0100] {processor.py:914} INFO - Processing file /Users/ds2718/Documents/test_python_airflow/airflow/py_venv/lib/python3.12/site-packages/airflow/example_dags/example_latest_only.py for tasks to queue
[2024-09-18T11:59:55.064+0100] {logging_mixin.py:190} INFO - [2024-09-18T11:59:55.064+0100] {dagbag.py:587} INFO - Filling up the DagBag from /Users/ds2718/Documents/test_python_airflow/airflow/py_venv/lib/python3.12/site-packages/airflow/example_dags/example_latest_only.py
[2024-09-18T11:59:55.071+0100] {processor.py:925} INFO - DAG(s) 'latest_only' retrieved from /Users/ds2718/Documents/test_python_airflow/airflow/py_venv/lib/python3.12/site-packages/airflow/example_dags/example_latest_only.py
[2024-09-18T11:59:55.119+0100] {logging_mixin.py:190} INFO - [2024-09-18T11:59:55.119+0100] {dag.py:3229} INFO - Sync 1 DAGs
[2024-09-18T11:59:55.133+0100] {logging_mixin.py:190} INFO - [2024-09-18T11:59:55.132+0100] {dag.py:4156} INFO - Setting next_dagrun for latest_only to 2024-09-18 04:00:00+00:00, run_after=2024-09-18 08:00:00+00:00
[2024-09-18T11:59:55.149+0100] {processor.py:208} INFO - Processing /Users/ds2718/Documents/test_python_airflow/airflow/py_venv/lib/python3.12/site-packages/airflow/example_dags/example_latest_only.py took 0.095 seconds
[2024-09-18T12:00:28.781+0100] {processor.py:186} INFO - Started process (PID=11495) to work on /Users/ds2718/Documents/test_python_airflow/airflow/py_venv/lib/python3.12/site-packages/airflow/example_dags/example_latest_only.py
[2024-09-18T12:00:28.782+0100] {processor.py:914} INFO - Processing file /Users/ds2718/Documents/test_python_airflow/airflow/py_venv/lib/python3.12/site-packages/airflow/example_dags/example_latest_only.py for tasks to queue
[2024-09-18T12:00:28.782+0100] {logging_mixin.py:190} INFO - [2024-09-18T12:00:28.782+0100] {dagbag.py:587} INFO - Filling up the DagBag from /Users/ds2718/Documents/test_python_airflow/airflow/py_venv/lib/python3.12/site-packages/airflow/example_dags/example_latest_only.py
[2024-09-18T12:00:28.787+0100] {processor.py:925} INFO - DAG(s) 'latest_only' retrieved from /Users/ds2718/Documents/test_python_airflow/airflow/py_venv/lib/python3.12/site-packages/airflow/example_dags/example_latest_only.py
[2024-09-18T12:00:28.831+0100] {logging_mixin.py:190} INFO - [2024-09-18T12:00:28.831+0100] {dag.py:3229} INFO - Sync 1 DAGs
[2024-09-18T12:00:28.842+0100] {logging_mixin.py:190} INFO - [2024-09-18T12:00:28.842+0100] {dag.py:4156} INFO - Setting next_dagrun for latest_only to 2024-09-18 04:00:00+00:00, run_after=2024-09-18 08:00:00+00:00
[2024-09-18T12:00:28.858+0100] {processor.py:208} INFO - Processing /Users/ds2718/Documents/test_python_airflow/airflow/py_venv/lib/python3.12/site-packages/airflow/example_dags/example_latest_only.py took 0.085 seconds
[2024-09-18T12:01:01.483+0100] {processor.py:186} INFO - Started process (PID=11696) to work on /Users/ds2718/Documents/test_python_airflow/airflow/py_venv/lib/python3.12/site-packages/airflow/example_dags/example_latest_only.py
[2024-09-18T12:01:01.484+0100] {processor.py:914} INFO - Processing file /Users/ds2718/Documents/test_python_airflow/airflow/py_venv/lib/python3.12/site-packages/airflow/example_dags/example_latest_only.py for tasks to queue
[2024-09-18T12:01:01.485+0100] {logging_mixin.py:190} INFO - [2024-09-18T12:01:01.485+0100] {dagbag.py:587} INFO - Filling up the DagBag from /Users/ds2718/Documents/test_python_airflow/airflow/py_venv/lib/python3.12/site-packages/airflow/example_dags/example_latest_only.py
[2024-09-18T12:01:01.491+0100] {processor.py:925} INFO - DAG(s) 'latest_only' retrieved from /Users/ds2718/Documents/test_python_airflow/airflow/py_venv/lib/python3.12/site-packages/airflow/example_dags/example_latest_only.py
[2024-09-18T12:01:01.538+0100] {logging_mixin.py:190} INFO - [2024-09-18T12:01:01.538+0100] {dag.py:3229} INFO - Sync 1 DAGs
[2024-09-18T12:01:01.559+0100] {logging_mixin.py:190} INFO - [2024-09-18T12:01:01.559+0100] {dag.py:4156} INFO - Setting next_dagrun for latest_only to 2024-09-18 04:00:00+00:00, run_after=2024-09-18 08:00:00+00:00
[2024-09-18T12:01:01.579+0100] {processor.py:208} INFO - Processing /Users/ds2718/Documents/test_python_airflow/airflow/py_venv/lib/python3.12/site-packages/airflow/example_dags/example_latest_only.py took 0.108 seconds
[2024-09-18T12:06:17.282+0100] {processor.py:186} INFO - Started process (PID=11925) to work on /Users/ds2718/Documents/test_python_airflow/airflow/py_venv/lib/python3.12/site-packages/airflow/example_dags/example_latest_only.py
[2024-09-18T12:06:17.283+0100] {processor.py:914} INFO - Processing file /Users/ds2718/Documents/test_python_airflow/airflow/py_venv/lib/python3.12/site-packages/airflow/example_dags/example_latest_only.py for tasks to queue
[2024-09-18T12:06:17.283+0100] {logging_mixin.py:190} INFO - [2024-09-18T12:06:17.283+0100] {dagbag.py:587} INFO - Filling up the DagBag from /Users/ds2718/Documents/test_python_airflow/airflow/py_venv/lib/python3.12/site-packages/airflow/example_dags/example_latest_only.py
[2024-09-18T12:06:17.287+0100] {processor.py:925} INFO - DAG(s) 'latest_only' retrieved from /Users/ds2718/Documents/test_python_airflow/airflow/py_venv/lib/python3.12/site-packages/airflow/example_dags/example_latest_only.py
[2024-09-18T12:06:17.328+0100] {logging_mixin.py:190} INFO - [2024-09-18T12:06:17.328+0100] {dag.py:3229} INFO - Sync 1 DAGs
[2024-09-18T12:06:17.339+0100] {logging_mixin.py:190} INFO - [2024-09-18T12:06:17.339+0100] {dag.py:4156} INFO - Setting next_dagrun for latest_only to 2024-09-18 04:00:00+00:00, run_after=2024-09-18 08:00:00+00:00
[2024-09-18T12:06:17.349+0100] {processor.py:208} INFO - Processing /Users/ds2718/Documents/test_python_airflow/airflow/py_venv/lib/python3.12/site-packages/airflow/example_dags/example_latest_only.py took 0.071 seconds
[2024-09-18T12:06:50.219+0100] {processor.py:186} INFO - Started process (PID=12095) to work on /Users/ds2718/Documents/test_python_airflow/airflow/py_venv/lib/python3.12/site-packages/airflow/example_dags/example_latest_only.py
[2024-09-18T12:06:50.220+0100] {processor.py:914} INFO - Processing file /Users/ds2718/Documents/test_python_airflow/airflow/py_venv/lib/python3.12/site-packages/airflow/example_dags/example_latest_only.py for tasks to queue
[2024-09-18T12:06:50.221+0100] {logging_mixin.py:190} INFO - [2024-09-18T12:06:50.221+0100] {dagbag.py:587} INFO - Filling up the DagBag from /Users/ds2718/Documents/test_python_airflow/airflow/py_venv/lib/python3.12/site-packages/airflow/example_dags/example_latest_only.py
[2024-09-18T12:06:50.228+0100] {processor.py:925} INFO - DAG(s) 'latest_only' retrieved from /Users/ds2718/Documents/test_python_airflow/airflow/py_venv/lib/python3.12/site-packages/airflow/example_dags/example_latest_only.py
[2024-09-18T12:06:50.287+0100] {logging_mixin.py:190} INFO - [2024-09-18T12:06:50.287+0100] {dag.py:3229} INFO - Sync 1 DAGs
[2024-09-18T12:06:50.301+0100] {logging_mixin.py:190} INFO - [2024-09-18T12:06:50.301+0100] {dag.py:4156} INFO - Setting next_dagrun for latest_only to 2024-09-18 04:00:00+00:00, run_after=2024-09-18 08:00:00+00:00
[2024-09-18T12:06:50.316+0100] {processor.py:208} INFO - Processing /Users/ds2718/Documents/test_python_airflow/airflow/py_venv/lib/python3.12/site-packages/airflow/example_dags/example_latest_only.py took 0.111 seconds
[2024-09-18T12:07:24.699+0100] {processor.py:186} INFO - Started process (PID=12267) to work on /Users/ds2718/Documents/test_python_airflow/airflow/py_venv/lib/python3.12/site-packages/airflow/example_dags/example_latest_only.py
[2024-09-18T12:07:24.699+0100] {processor.py:914} INFO - Processing file /Users/ds2718/Documents/test_python_airflow/airflow/py_venv/lib/python3.12/site-packages/airflow/example_dags/example_latest_only.py for tasks to queue
[2024-09-18T12:07:24.700+0100] {logging_mixin.py:190} INFO - [2024-09-18T12:07:24.700+0100] {dagbag.py:587} INFO - Filling up the DagBag from /Users/ds2718/Documents/test_python_airflow/airflow/py_venv/lib/python3.12/site-packages/airflow/example_dags/example_latest_only.py
[2024-09-18T12:07:24.703+0100] {processor.py:925} INFO - DAG(s) 'latest_only' retrieved from /Users/ds2718/Documents/test_python_airflow/airflow/py_venv/lib/python3.12/site-packages/airflow/example_dags/example_latest_only.py
[2024-09-18T12:07:24.745+0100] {logging_mixin.py:190} INFO - [2024-09-18T12:07:24.745+0100] {dag.py:3229} INFO - Sync 1 DAGs
[2024-09-18T12:07:24.766+0100] {logging_mixin.py:190} INFO - [2024-09-18T12:07:24.766+0100] {dag.py:4156} INFO - Setting next_dagrun for latest_only to 2024-09-18 04:00:00+00:00, run_after=2024-09-18 08:00:00+00:00
[2024-09-18T12:07:24.778+0100] {processor.py:208} INFO - Processing /Users/ds2718/Documents/test_python_airflow/airflow/py_venv/lib/python3.12/site-packages/airflow/example_dags/example_latest_only.py took 0.081 seconds
[2024-09-18T12:08:09.780+0100] {processor.py:186} INFO - Started process (PID=12453) to work on /Users/ds2718/Documents/test_python_airflow/airflow/py_venv/lib/python3.12/site-packages/airflow/example_dags/example_latest_only.py
[2024-09-18T12:08:09.783+0100] {processor.py:914} INFO - Processing file /Users/ds2718/Documents/test_python_airflow/airflow/py_venv/lib/python3.12/site-packages/airflow/example_dags/example_latest_only.py for tasks to queue
[2024-09-18T12:08:09.783+0100] {logging_mixin.py:190} INFO - [2024-09-18T12:08:09.783+0100] {dagbag.py:587} INFO - Filling up the DagBag from /Users/ds2718/Documents/test_python_airflow/airflow/py_venv/lib/python3.12/site-packages/airflow/example_dags/example_latest_only.py
[2024-09-18T12:08:09.790+0100] {processor.py:925} INFO - DAG(s) 'latest_only' retrieved from /Users/ds2718/Documents/test_python_airflow/airflow/py_venv/lib/python3.12/site-packages/airflow/example_dags/example_latest_only.py
[2024-09-18T12:08:09.853+0100] {logging_mixin.py:190} INFO - [2024-09-18T12:08:09.853+0100] {dag.py:3229} INFO - Sync 1 DAGs
[2024-09-18T12:08:09.867+0100] {logging_mixin.py:190} INFO - [2024-09-18T12:08:09.867+0100] {dag.py:4156} INFO - Setting next_dagrun for latest_only to 2024-09-18 04:00:00+00:00, run_after=2024-09-18 08:00:00+00:00
[2024-09-18T12:08:09.888+0100] {processor.py:208} INFO - Processing /Users/ds2718/Documents/test_python_airflow/airflow/py_venv/lib/python3.12/site-packages/airflow/example_dags/example_latest_only.py took 0.119 seconds
[2024-09-18T12:08:45.093+0100] {processor.py:186} INFO - Started process (PID=12656) to work on /Users/ds2718/Documents/test_python_airflow/airflow/py_venv/lib/python3.12/site-packages/airflow/example_dags/example_latest_only.py
[2024-09-18T12:08:45.094+0100] {processor.py:914} INFO - Processing file /Users/ds2718/Documents/test_python_airflow/airflow/py_venv/lib/python3.12/site-packages/airflow/example_dags/example_latest_only.py for tasks to queue
[2024-09-18T12:08:45.094+0100] {logging_mixin.py:190} INFO - [2024-09-18T12:08:45.094+0100] {dagbag.py:587} INFO - Filling up the DagBag from /Users/ds2718/Documents/test_python_airflow/airflow/py_venv/lib/python3.12/site-packages/airflow/example_dags/example_latest_only.py
[2024-09-18T12:08:45.101+0100] {processor.py:925} INFO - DAG(s) 'latest_only' retrieved from /Users/ds2718/Documents/test_python_airflow/airflow/py_venv/lib/python3.12/site-packages/airflow/example_dags/example_latest_only.py
[2024-09-18T12:08:45.143+0100] {logging_mixin.py:190} INFO - [2024-09-18T12:08:45.143+0100] {dag.py:3229} INFO - Sync 1 DAGs
[2024-09-18T12:08:45.153+0100] {logging_mixin.py:190} INFO - [2024-09-18T12:08:45.153+0100] {dag.py:4156} INFO - Setting next_dagrun for latest_only to 2024-09-18 04:00:00+00:00, run_after=2024-09-18 08:00:00+00:00
[2024-09-18T12:08:45.162+0100] {processor.py:208} INFO - Processing /Users/ds2718/Documents/test_python_airflow/airflow/py_venv/lib/python3.12/site-packages/airflow/example_dags/example_latest_only.py took 0.073 seconds
[2024-09-18T12:09:18.251+0100] {processor.py:186} INFO - Started process (PID=12795) to work on /Users/ds2718/Documents/test_python_airflow/airflow/py_venv/lib/python3.12/site-packages/airflow/example_dags/example_latest_only.py
[2024-09-18T12:09:18.251+0100] {processor.py:914} INFO - Processing file /Users/ds2718/Documents/test_python_airflow/airflow/py_venv/lib/python3.12/site-packages/airflow/example_dags/example_latest_only.py for tasks to queue
[2024-09-18T12:09:18.252+0100] {logging_mixin.py:190} INFO - [2024-09-18T12:09:18.252+0100] {dagbag.py:587} INFO - Filling up the DagBag from /Users/ds2718/Documents/test_python_airflow/airflow/py_venv/lib/python3.12/site-packages/airflow/example_dags/example_latest_only.py
[2024-09-18T12:09:18.256+0100] {processor.py:925} INFO - DAG(s) 'latest_only' retrieved from /Users/ds2718/Documents/test_python_airflow/airflow/py_venv/lib/python3.12/site-packages/airflow/example_dags/example_latest_only.py
[2024-09-18T12:09:18.312+0100] {logging_mixin.py:190} INFO - [2024-09-18T12:09:18.311+0100] {dag.py:3229} INFO - Sync 1 DAGs
[2024-09-18T12:09:18.324+0100] {logging_mixin.py:190} INFO - [2024-09-18T12:09:18.323+0100] {dag.py:4156} INFO - Setting next_dagrun for latest_only to 2024-09-18 04:00:00+00:00, run_after=2024-09-18 08:00:00+00:00
[2024-09-18T12:09:18.333+0100] {processor.py:208} INFO - Processing /Users/ds2718/Documents/test_python_airflow/airflow/py_venv/lib/python3.12/site-packages/airflow/example_dags/example_latest_only.py took 0.084 seconds
[2024-09-18T12:09:54.874+0100] {processor.py:186} INFO - Started process (PID=13008) to work on /Users/ds2718/Documents/test_python_airflow/airflow/py_venv/lib/python3.12/site-packages/airflow/example_dags/example_latest_only.py
[2024-09-18T12:09:54.875+0100] {processor.py:914} INFO - Processing file /Users/ds2718/Documents/test_python_airflow/airflow/py_venv/lib/python3.12/site-packages/airflow/example_dags/example_latest_only.py for tasks to queue
[2024-09-18T12:09:54.876+0100] {logging_mixin.py:190} INFO - [2024-09-18T12:09:54.876+0100] {dagbag.py:587} INFO - Filling up the DagBag from /Users/ds2718/Documents/test_python_airflow/airflow/py_venv/lib/python3.12/site-packages/airflow/example_dags/example_latest_only.py
[2024-09-18T12:09:54.883+0100] {processor.py:925} INFO - DAG(s) 'latest_only' retrieved from /Users/ds2718/Documents/test_python_airflow/airflow/py_venv/lib/python3.12/site-packages/airflow/example_dags/example_latest_only.py
[2024-09-18T12:09:54.924+0100] {logging_mixin.py:190} INFO - [2024-09-18T12:09:54.924+0100] {dag.py:3229} INFO - Sync 1 DAGs
[2024-09-18T12:09:54.936+0100] {logging_mixin.py:190} INFO - [2024-09-18T12:09:54.936+0100] {dag.py:4156} INFO - Setting next_dagrun for latest_only to 2024-09-18 04:00:00+00:00, run_after=2024-09-18 08:00:00+00:00
[2024-09-18T12:09:54.950+0100] {processor.py:208} INFO - Processing /Users/ds2718/Documents/test_python_airflow/airflow/py_venv/lib/python3.12/site-packages/airflow/example_dags/example_latest_only.py took 0.086 seconds
[2024-09-18T12:10:27.648+0100] {processor.py:186} INFO - Started process (PID=13136) to work on /Users/ds2718/Documents/test_python_airflow/airflow/py_venv/lib/python3.12/site-packages/airflow/example_dags/example_latest_only.py
[2024-09-18T12:10:27.649+0100] {processor.py:914} INFO - Processing file /Users/ds2718/Documents/test_python_airflow/airflow/py_venv/lib/python3.12/site-packages/airflow/example_dags/example_latest_only.py for tasks to queue
[2024-09-18T12:10:27.650+0100] {logging_mixin.py:190} INFO - [2024-09-18T12:10:27.649+0100] {dagbag.py:587} INFO - Filling up the DagBag from /Users/ds2718/Documents/test_python_airflow/airflow/py_venv/lib/python3.12/site-packages/airflow/example_dags/example_latest_only.py
[2024-09-18T12:10:27.656+0100] {processor.py:925} INFO - DAG(s) 'latest_only' retrieved from /Users/ds2718/Documents/test_python_airflow/airflow/py_venv/lib/python3.12/site-packages/airflow/example_dags/example_latest_only.py
[2024-09-18T12:10:27.715+0100] {logging_mixin.py:190} INFO - [2024-09-18T12:10:27.715+0100] {dag.py:3229} INFO - Sync 1 DAGs
[2024-09-18T12:10:27.728+0100] {logging_mixin.py:190} INFO - [2024-09-18T12:10:27.728+0100] {dag.py:4156} INFO - Setting next_dagrun for latest_only to 2024-09-18 04:00:00+00:00, run_after=2024-09-18 08:00:00+00:00
[2024-09-18T12:10:27.742+0100] {processor.py:208} INFO - Processing /Users/ds2718/Documents/test_python_airflow/airflow/py_venv/lib/python3.12/site-packages/airflow/example_dags/example_latest_only.py took 0.102 seconds
[2024-09-18T12:11:02.179+0100] {processor.py:186} INFO - Started process (PID=13315) to work on /Users/ds2718/Documents/test_python_airflow/airflow/py_venv/lib/python3.12/site-packages/airflow/example_dags/example_latest_only.py
[2024-09-18T12:11:02.179+0100] {processor.py:914} INFO - Processing file /Users/ds2718/Documents/test_python_airflow/airflow/py_venv/lib/python3.12/site-packages/airflow/example_dags/example_latest_only.py for tasks to queue
[2024-09-18T12:11:02.180+0100] {logging_mixin.py:190} INFO - [2024-09-18T12:11:02.180+0100] {dagbag.py:587} INFO - Filling up the DagBag from /Users/ds2718/Documents/test_python_airflow/airflow/py_venv/lib/python3.12/site-packages/airflow/example_dags/example_latest_only.py
[2024-09-18T12:11:02.183+0100] {processor.py:925} INFO - DAG(s) 'latest_only' retrieved from /Users/ds2718/Documents/test_python_airflow/airflow/py_venv/lib/python3.12/site-packages/airflow/example_dags/example_latest_only.py
[2024-09-18T12:11:02.231+0100] {logging_mixin.py:190} INFO - [2024-09-18T12:11:02.231+0100] {dag.py:3229} INFO - Sync 1 DAGs
[2024-09-18T12:11:02.242+0100] {logging_mixin.py:190} INFO - [2024-09-18T12:11:02.242+0100] {dag.py:4156} INFO - Setting next_dagrun for latest_only to 2024-09-18 04:00:00+00:00, run_after=2024-09-18 08:00:00+00:00
[2024-09-18T12:11:02.252+0100] {processor.py:208} INFO - Processing /Users/ds2718/Documents/test_python_airflow/airflow/py_venv/lib/python3.12/site-packages/airflow/example_dags/example_latest_only.py took 0.075 seconds
[2024-09-18T12:11:39.137+0100] {processor.py:186} INFO - Started process (PID=13476) to work on /Users/ds2718/Documents/test_python_airflow/airflow/py_venv/lib/python3.12/site-packages/airflow/example_dags/example_latest_only.py
[2024-09-18T12:11:39.138+0100] {processor.py:914} INFO - Processing file /Users/ds2718/Documents/test_python_airflow/airflow/py_venv/lib/python3.12/site-packages/airflow/example_dags/example_latest_only.py for tasks to queue
[2024-09-18T12:11:39.138+0100] {logging_mixin.py:190} INFO - [2024-09-18T12:11:39.138+0100] {dagbag.py:587} INFO - Filling up the DagBag from /Users/ds2718/Documents/test_python_airflow/airflow/py_venv/lib/python3.12/site-packages/airflow/example_dags/example_latest_only.py
[2024-09-18T12:11:39.142+0100] {processor.py:925} INFO - DAG(s) 'latest_only' retrieved from /Users/ds2718/Documents/test_python_airflow/airflow/py_venv/lib/python3.12/site-packages/airflow/example_dags/example_latest_only.py
[2024-09-18T12:11:39.194+0100] {logging_mixin.py:190} INFO - [2024-09-18T12:11:39.194+0100] {dag.py:3229} INFO - Sync 1 DAGs
[2024-09-18T12:11:39.205+0100] {logging_mixin.py:190} INFO - [2024-09-18T12:11:39.205+0100] {dag.py:4156} INFO - Setting next_dagrun for latest_only to 2024-09-18 04:00:00+00:00, run_after=2024-09-18 08:00:00+00:00
[2024-09-18T12:11:39.215+0100] {processor.py:208} INFO - Processing /Users/ds2718/Documents/test_python_airflow/airflow/py_venv/lib/python3.12/site-packages/airflow/example_dags/example_latest_only.py took 0.079 seconds
[2024-09-18T12:12:13.179+0100] {processor.py:186} INFO - Started process (PID=13636) to work on /Users/ds2718/Documents/test_python_airflow/airflow/py_venv/lib/python3.12/site-packages/airflow/example_dags/example_latest_only.py
[2024-09-18T12:12:13.180+0100] {processor.py:914} INFO - Processing file /Users/ds2718/Documents/test_python_airflow/airflow/py_venv/lib/python3.12/site-packages/airflow/example_dags/example_latest_only.py for tasks to queue
[2024-09-18T12:12:13.180+0100] {logging_mixin.py:190} INFO - [2024-09-18T12:12:13.180+0100] {dagbag.py:587} INFO - Filling up the DagBag from /Users/ds2718/Documents/test_python_airflow/airflow/py_venv/lib/python3.12/site-packages/airflow/example_dags/example_latest_only.py
[2024-09-18T12:12:13.185+0100] {processor.py:925} INFO - DAG(s) 'latest_only' retrieved from /Users/ds2718/Documents/test_python_airflow/airflow/py_venv/lib/python3.12/site-packages/airflow/example_dags/example_latest_only.py
[2024-09-18T12:12:13.230+0100] {logging_mixin.py:190} INFO - [2024-09-18T12:12:13.230+0100] {dag.py:3229} INFO - Sync 1 DAGs
[2024-09-18T12:12:13.242+0100] {logging_mixin.py:190} INFO - [2024-09-18T12:12:13.242+0100] {dag.py:4156} INFO - Setting next_dagrun for latest_only to 2024-09-18 04:00:00+00:00, run_after=2024-09-18 08:00:00+00:00
[2024-09-18T12:12:13.256+0100] {processor.py:208} INFO - Processing /Users/ds2718/Documents/test_python_airflow/airflow/py_venv/lib/python3.12/site-packages/airflow/example_dags/example_latest_only.py took 0.083 seconds
[2024-09-18T12:12:47.754+0100] {processor.py:186} INFO - Started process (PID=13774) to work on /Users/ds2718/Documents/test_python_airflow/airflow/py_venv/lib/python3.12/site-packages/airflow/example_dags/example_latest_only.py
[2024-09-18T12:12:47.755+0100] {processor.py:914} INFO - Processing file /Users/ds2718/Documents/test_python_airflow/airflow/py_venv/lib/python3.12/site-packages/airflow/example_dags/example_latest_only.py for tasks to queue
[2024-09-18T12:12:47.755+0100] {logging_mixin.py:190} INFO - [2024-09-18T12:12:47.755+0100] {dagbag.py:587} INFO - Filling up the DagBag from /Users/ds2718/Documents/test_python_airflow/airflow/py_venv/lib/python3.12/site-packages/airflow/example_dags/example_latest_only.py
[2024-09-18T12:12:47.760+0100] {processor.py:925} INFO - DAG(s) 'latest_only' retrieved from /Users/ds2718/Documents/test_python_airflow/airflow/py_venv/lib/python3.12/site-packages/airflow/example_dags/example_latest_only.py
[2024-09-18T12:12:47.815+0100] {logging_mixin.py:190} INFO - [2024-09-18T12:12:47.815+0100] {dag.py:3229} INFO - Sync 1 DAGs
[2024-09-18T12:12:47.825+0100] {logging_mixin.py:190} INFO - [2024-09-18T12:12:47.825+0100] {dag.py:4156} INFO - Setting next_dagrun for latest_only to 2024-09-18 04:00:00+00:00, run_after=2024-09-18 08:00:00+00:00
[2024-09-18T12:12:47.837+0100] {processor.py:208} INFO - Processing /Users/ds2718/Documents/test_python_airflow/airflow/py_venv/lib/python3.12/site-packages/airflow/example_dags/example_latest_only.py took 0.091 seconds
[2024-09-18T12:13:26.669+0100] {processor.py:186} INFO - Started process (PID=13993) to work on /Users/ds2718/Documents/test_python_airflow/airflow/py_venv/lib/python3.12/site-packages/airflow/example_dags/example_latest_only.py
[2024-09-18T12:13:26.669+0100] {processor.py:914} INFO - Processing file /Users/ds2718/Documents/test_python_airflow/airflow/py_venv/lib/python3.12/site-packages/airflow/example_dags/example_latest_only.py for tasks to queue
[2024-09-18T12:13:26.669+0100] {logging_mixin.py:190} INFO - [2024-09-18T12:13:26.669+0100] {dagbag.py:587} INFO - Filling up the DagBag from /Users/ds2718/Documents/test_python_airflow/airflow/py_venv/lib/python3.12/site-packages/airflow/example_dags/example_latest_only.py
[2024-09-18T12:13:26.673+0100] {processor.py:925} INFO - DAG(s) 'latest_only' retrieved from /Users/ds2718/Documents/test_python_airflow/airflow/py_venv/lib/python3.12/site-packages/airflow/example_dags/example_latest_only.py
[2024-09-18T12:13:26.723+0100] {logging_mixin.py:190} INFO - [2024-09-18T12:13:26.722+0100] {dag.py:3229} INFO - Sync 1 DAGs
[2024-09-18T12:13:26.732+0100] {logging_mixin.py:190} INFO - [2024-09-18T12:13:26.732+0100] {dag.py:4156} INFO - Setting next_dagrun for latest_only to 2024-09-18 04:00:00+00:00, run_after=2024-09-18 08:00:00+00:00
[2024-09-18T12:13:26.740+0100] {processor.py:208} INFO - Processing /Users/ds2718/Documents/test_python_airflow/airflow/py_venv/lib/python3.12/site-packages/airflow/example_dags/example_latest_only.py took 0.073 seconds
[2024-09-18T12:14:05.557+0100] {processor.py:186} INFO - Started process (PID=14198) to work on /Users/ds2718/Documents/test_python_airflow/airflow/py_venv/lib/python3.12/site-packages/airflow/example_dags/example_latest_only.py
[2024-09-18T12:14:05.557+0100] {processor.py:914} INFO - Processing file /Users/ds2718/Documents/test_python_airflow/airflow/py_venv/lib/python3.12/site-packages/airflow/example_dags/example_latest_only.py for tasks to queue
[2024-09-18T12:14:05.557+0100] {logging_mixin.py:190} INFO - [2024-09-18T12:14:05.557+0100] {dagbag.py:587} INFO - Filling up the DagBag from /Users/ds2718/Documents/test_python_airflow/airflow/py_venv/lib/python3.12/site-packages/airflow/example_dags/example_latest_only.py
[2024-09-18T12:14:05.561+0100] {processor.py:925} INFO - DAG(s) 'latest_only' retrieved from /Users/ds2718/Documents/test_python_airflow/airflow/py_venv/lib/python3.12/site-packages/airflow/example_dags/example_latest_only.py
[2024-09-18T12:14:05.651+0100] {logging_mixin.py:190} INFO - [2024-09-18T12:14:05.650+0100] {dag.py:3229} INFO - Sync 1 DAGs
[2024-09-18T12:14:05.713+0100] {logging_mixin.py:190} INFO - [2024-09-18T12:14:05.713+0100] {dag.py:4156} INFO - Setting next_dagrun for latest_only to 2024-09-18 04:00:00+00:00, run_after=2024-09-18 08:00:00+00:00
[2024-09-18T12:14:05.760+0100] {processor.py:208} INFO - Processing /Users/ds2718/Documents/test_python_airflow/airflow/py_venv/lib/python3.12/site-packages/airflow/example_dags/example_latest_only.py took 0.205 seconds
