[2024-09-18T11:54:24.282+0100] {processor.py:186} INFO - Started process (PID=9521) to work on /Users/ds2718/Documents/test_python_airflow/airflow/py_venv/lib/python3.12/site-packages/airflow/example_dags/example_branch_python_dop_operator_3.py
[2024-09-18T11:54:24.282+0100] {processor.py:914} INFO - Processing file /Users/ds2718/Documents/test_python_airflow/airflow/py_venv/lib/python3.12/site-packages/airflow/example_dags/example_branch_python_dop_operator_3.py for tasks to queue
[2024-09-18T11:54:24.283+0100] {logging_mixin.py:190} INFO - [2024-09-18T11:54:24.283+0100] {dagbag.py:587} INFO - Filling up the DagBag from /Users/ds2718/Documents/test_python_airflow/airflow/py_venv/lib/python3.12/site-packages/airflow/example_dags/example_branch_python_dop_operator_3.py
[2024-09-18T11:54:24.300+0100] {processor.py:925} INFO - DAG(s) 'example_branch_dop_operator_v3' retrieved from /Users/ds2718/Documents/test_python_airflow/airflow/py_venv/lib/python3.12/site-packages/airflow/example_dags/example_branch_python_dop_operator_3.py
[2024-09-18T11:54:24.422+0100] {logging_mixin.py:190} INFO - [2024-09-18T11:54:24.421+0100] {override.py:1900} INFO - Created Permission View: can delete on DAG:example_branch_dop_operator_v3
[2024-09-18T11:54:24.426+0100] {logging_mixin.py:190} INFO - [2024-09-18T11:54:24.426+0100] {override.py:1900} INFO - Created Permission View: can edit on DAG:example_branch_dop_operator_v3
[2024-09-18T11:54:24.429+0100] {logging_mixin.py:190} INFO - [2024-09-18T11:54:24.429+0100] {override.py:1900} INFO - Created Permission View: can read on DAG:example_branch_dop_operator_v3
[2024-09-18T11:54:24.431+0100] {logging_mixin.py:190} INFO - [2024-09-18T11:54:24.431+0100] {override.py:1900} INFO - Created Permission View: can delete on DAG Run:example_branch_dop_operator_v3
[2024-09-18T11:54:24.433+0100] {logging_mixin.py:190} INFO - [2024-09-18T11:54:24.433+0100] {override.py:1900} INFO - Created Permission View: menu access on DAG Run:example_branch_dop_operator_v3
[2024-09-18T11:54:24.436+0100] {logging_mixin.py:190} INFO - [2024-09-18T11:54:24.435+0100] {override.py:1900} INFO - Created Permission View: can create on DAG Run:example_branch_dop_operator_v3
[2024-09-18T11:54:24.438+0100] {logging_mixin.py:190} INFO - [2024-09-18T11:54:24.437+0100] {override.py:1900} INFO - Created Permission View: can read on DAG Run:example_branch_dop_operator_v3
[2024-09-18T11:54:24.438+0100] {logging_mixin.py:190} INFO - [2024-09-18T11:54:24.438+0100] {dag.py:3229} INFO - Sync 1 DAGs
[2024-09-18T11:54:24.455+0100] {logging_mixin.py:190} INFO - [2024-09-18T11:54:24.455+0100] {dag.py:3252} INFO - Creating ORM DAG for example_branch_dop_operator_v3
[2024-09-18T11:54:24.461+0100] {logging_mixin.py:190} INFO - [2024-09-18T11:54:24.461+0100] {dag.py:4156} INFO - Setting next_dagrun for example_branch_dop_operator_v3 to 2024-09-18 10:53:00+00:00, run_after=2024-09-18 10:54:00+00:00
[2024-09-18T11:54:24.469+0100] {processor.py:208} INFO - Processing /Users/ds2718/Documents/test_python_airflow/airflow/py_venv/lib/python3.12/site-packages/airflow/example_dags/example_branch_python_dop_operator_3.py took 0.190 seconds
[2024-09-18T11:54:57.907+0100] {processor.py:186} INFO - Started process (PID=9733) to work on /Users/ds2718/Documents/test_python_airflow/airflow/py_venv/lib/python3.12/site-packages/airflow/example_dags/example_branch_python_dop_operator_3.py
[2024-09-18T11:54:57.907+0100] {processor.py:914} INFO - Processing file /Users/ds2718/Documents/test_python_airflow/airflow/py_venv/lib/python3.12/site-packages/airflow/example_dags/example_branch_python_dop_operator_3.py for tasks to queue
[2024-09-18T11:54:57.908+0100] {logging_mixin.py:190} INFO - [2024-09-18T11:54:57.908+0100] {dagbag.py:587} INFO - Filling up the DagBag from /Users/ds2718/Documents/test_python_airflow/airflow/py_venv/lib/python3.12/site-packages/airflow/example_dags/example_branch_python_dop_operator_3.py
[2024-09-18T11:54:57.946+0100] {processor.py:925} INFO - DAG(s) 'example_branch_dop_operator_v3' retrieved from /Users/ds2718/Documents/test_python_airflow/airflow/py_venv/lib/python3.12/site-packages/airflow/example_dags/example_branch_python_dop_operator_3.py
[2024-09-18T11:54:58.002+0100] {logging_mixin.py:190} INFO - [2024-09-18T11:54:58.001+0100] {dag.py:3229} INFO - Sync 1 DAGs
[2024-09-18T11:54:58.048+0100] {logging_mixin.py:190} INFO - [2024-09-18T11:54:58.048+0100] {dag.py:4156} INFO - Setting next_dagrun for example_branch_dop_operator_v3 to 2024-09-18 10:53:00+00:00, run_after=2024-09-18 10:54:00+00:00
[2024-09-18T11:54:58.057+0100] {processor.py:208} INFO - Processing /Users/ds2718/Documents/test_python_airflow/airflow/py_venv/lib/python3.12/site-packages/airflow/example_dags/example_branch_python_dop_operator_3.py took 0.152 seconds
[2024-09-18T11:55:32.030+0100] {processor.py:186} INFO - Started process (PID=9902) to work on /Users/ds2718/Documents/test_python_airflow/airflow/py_venv/lib/python3.12/site-packages/airflow/example_dags/example_branch_python_dop_operator_3.py
[2024-09-18T11:55:32.031+0100] {processor.py:914} INFO - Processing file /Users/ds2718/Documents/test_python_airflow/airflow/py_venv/lib/python3.12/site-packages/airflow/example_dags/example_branch_python_dop_operator_3.py for tasks to queue
[2024-09-18T11:55:32.031+0100] {logging_mixin.py:190} INFO - [2024-09-18T11:55:32.031+0100] {dagbag.py:587} INFO - Filling up the DagBag from /Users/ds2718/Documents/test_python_airflow/airflow/py_venv/lib/python3.12/site-packages/airflow/example_dags/example_branch_python_dop_operator_3.py
[2024-09-18T11:55:32.051+0100] {processor.py:925} INFO - DAG(s) 'example_branch_dop_operator_v3' retrieved from /Users/ds2718/Documents/test_python_airflow/airflow/py_venv/lib/python3.12/site-packages/airflow/example_dags/example_branch_python_dop_operator_3.py
[2024-09-18T11:55:32.096+0100] {logging_mixin.py:190} INFO - [2024-09-18T11:55:32.096+0100] {dag.py:3229} INFO - Sync 1 DAGs
[2024-09-18T11:55:32.133+0100] {logging_mixin.py:190} INFO - [2024-09-18T11:55:32.133+0100] {dag.py:4156} INFO - Setting next_dagrun for example_branch_dop_operator_v3 to 2024-09-18 10:54:00+00:00, run_after=2024-09-18 10:55:00+00:00
[2024-09-18T11:55:32.148+0100] {processor.py:208} INFO - Processing /Users/ds2718/Documents/test_python_airflow/airflow/py_venv/lib/python3.12/site-packages/airflow/example_dags/example_branch_python_dop_operator_3.py took 0.125 seconds
[2024-09-18T11:56:06.128+0100] {processor.py:186} INFO - Started process (PID=10082) to work on /Users/ds2718/Documents/test_python_airflow/airflow/py_venv/lib/python3.12/site-packages/airflow/example_dags/example_branch_python_dop_operator_3.py
[2024-09-18T11:56:06.129+0100] {processor.py:914} INFO - Processing file /Users/ds2718/Documents/test_python_airflow/airflow/py_venv/lib/python3.12/site-packages/airflow/example_dags/example_branch_python_dop_operator_3.py for tasks to queue
[2024-09-18T11:56:06.130+0100] {logging_mixin.py:190} INFO - [2024-09-18T11:56:06.130+0100] {dagbag.py:587} INFO - Filling up the DagBag from /Users/ds2718/Documents/test_python_airflow/airflow/py_venv/lib/python3.12/site-packages/airflow/example_dags/example_branch_python_dop_operator_3.py
[2024-09-18T11:56:06.151+0100] {processor.py:925} INFO - DAG(s) 'example_branch_dop_operator_v3' retrieved from /Users/ds2718/Documents/test_python_airflow/airflow/py_venv/lib/python3.12/site-packages/airflow/example_dags/example_branch_python_dop_operator_3.py
[2024-09-18T11:56:06.188+0100] {logging_mixin.py:190} INFO - [2024-09-18T11:56:06.187+0100] {dag.py:3229} INFO - Sync 1 DAGs
[2024-09-18T11:56:06.229+0100] {logging_mixin.py:190} INFO - [2024-09-18T11:56:06.229+0100] {dag.py:4156} INFO - Setting next_dagrun for example_branch_dop_operator_v3 to 2024-09-18 10:55:00+00:00, run_after=2024-09-18 10:56:00+00:00
[2024-09-18T11:56:06.238+0100] {processor.py:208} INFO - Processing /Users/ds2718/Documents/test_python_airflow/airflow/py_venv/lib/python3.12/site-packages/airflow/example_dags/example_branch_python_dop_operator_3.py took 0.117 seconds
[2024-09-18T11:56:39.378+0100] {processor.py:186} INFO - Started process (PID=10223) to work on /Users/ds2718/Documents/test_python_airflow/airflow/py_venv/lib/python3.12/site-packages/airflow/example_dags/example_branch_python_dop_operator_3.py
[2024-09-18T11:56:39.378+0100] {processor.py:914} INFO - Processing file /Users/ds2718/Documents/test_python_airflow/airflow/py_venv/lib/python3.12/site-packages/airflow/example_dags/example_branch_python_dop_operator_3.py for tasks to queue
[2024-09-18T11:56:39.378+0100] {logging_mixin.py:190} INFO - [2024-09-18T11:56:39.378+0100] {dagbag.py:587} INFO - Filling up the DagBag from /Users/ds2718/Documents/test_python_airflow/airflow/py_venv/lib/python3.12/site-packages/airflow/example_dags/example_branch_python_dop_operator_3.py
[2024-09-18T11:56:39.398+0100] {processor.py:925} INFO - DAG(s) 'example_branch_dop_operator_v3' retrieved from /Users/ds2718/Documents/test_python_airflow/airflow/py_venv/lib/python3.12/site-packages/airflow/example_dags/example_branch_python_dop_operator_3.py
[2024-09-18T11:56:39.438+0100] {logging_mixin.py:190} INFO - [2024-09-18T11:56:39.438+0100] {dag.py:3229} INFO - Sync 1 DAGs
[2024-09-18T11:56:39.475+0100] {logging_mixin.py:190} INFO - [2024-09-18T11:56:39.474+0100] {dag.py:4156} INFO - Setting next_dagrun for example_branch_dop_operator_v3 to 2024-09-18 10:55:00+00:00, run_after=2024-09-18 10:56:00+00:00
[2024-09-18T11:56:39.491+0100] {processor.py:208} INFO - Processing /Users/ds2718/Documents/test_python_airflow/airflow/py_venv/lib/python3.12/site-packages/airflow/example_dags/example_branch_python_dop_operator_3.py took 0.119 seconds
[2024-09-18T11:57:11.138+0100] {processor.py:186} INFO - Started process (PID=10382) to work on /Users/ds2718/Documents/test_python_airflow/airflow/py_venv/lib/python3.12/site-packages/airflow/example_dags/example_branch_python_dop_operator_3.py
[2024-09-18T11:57:11.140+0100] {processor.py:914} INFO - Processing file /Users/ds2718/Documents/test_python_airflow/airflow/py_venv/lib/python3.12/site-packages/airflow/example_dags/example_branch_python_dop_operator_3.py for tasks to queue
[2024-09-18T11:57:11.140+0100] {logging_mixin.py:190} INFO - [2024-09-18T11:57:11.140+0100] {dagbag.py:587} INFO - Filling up the DagBag from /Users/ds2718/Documents/test_python_airflow/airflow/py_venv/lib/python3.12/site-packages/airflow/example_dags/example_branch_python_dop_operator_3.py
[2024-09-18T11:57:11.161+0100] {processor.py:925} INFO - DAG(s) 'example_branch_dop_operator_v3' retrieved from /Users/ds2718/Documents/test_python_airflow/airflow/py_venv/lib/python3.12/site-packages/airflow/example_dags/example_branch_python_dop_operator_3.py
[2024-09-18T11:57:11.200+0100] {logging_mixin.py:190} INFO - [2024-09-18T11:57:11.199+0100] {dag.py:3229} INFO - Sync 1 DAGs
[2024-09-18T11:57:11.237+0100] {logging_mixin.py:190} INFO - [2024-09-18T11:57:11.237+0100] {dag.py:4156} INFO - Setting next_dagrun for example_branch_dop_operator_v3 to 2024-09-18 10:56:00+00:00, run_after=2024-09-18 10:57:00+00:00
[2024-09-18T11:57:11.247+0100] {processor.py:208} INFO - Processing /Users/ds2718/Documents/test_python_airflow/airflow/py_venv/lib/python3.12/site-packages/airflow/example_dags/example_branch_python_dop_operator_3.py took 0.114 seconds
[2024-09-18T11:57:44.994+0100] {processor.py:186} INFO - Started process (PID=10564) to work on /Users/ds2718/Documents/test_python_airflow/airflow/py_venv/lib/python3.12/site-packages/airflow/example_dags/example_branch_python_dop_operator_3.py
[2024-09-18T11:57:44.996+0100] {processor.py:914} INFO - Processing file /Users/ds2718/Documents/test_python_airflow/airflow/py_venv/lib/python3.12/site-packages/airflow/example_dags/example_branch_python_dop_operator_3.py for tasks to queue
[2024-09-18T11:57:44.997+0100] {logging_mixin.py:190} INFO - [2024-09-18T11:57:44.997+0100] {dagbag.py:587} INFO - Filling up the DagBag from /Users/ds2718/Documents/test_python_airflow/airflow/py_venv/lib/python3.12/site-packages/airflow/example_dags/example_branch_python_dop_operator_3.py
[2024-09-18T11:57:45.016+0100] {processor.py:925} INFO - DAG(s) 'example_branch_dop_operator_v3' retrieved from /Users/ds2718/Documents/test_python_airflow/airflow/py_venv/lib/python3.12/site-packages/airflow/example_dags/example_branch_python_dop_operator_3.py
[2024-09-18T11:57:45.052+0100] {logging_mixin.py:190} INFO - [2024-09-18T11:57:45.052+0100] {dag.py:3229} INFO - Sync 1 DAGs
[2024-09-18T11:57:45.090+0100] {logging_mixin.py:190} INFO - [2024-09-18T11:57:45.090+0100] {dag.py:4156} INFO - Setting next_dagrun for example_branch_dop_operator_v3 to 2024-09-18 10:56:00+00:00, run_after=2024-09-18 10:57:00+00:00
[2024-09-18T11:57:45.098+0100] {processor.py:208} INFO - Processing /Users/ds2718/Documents/test_python_airflow/airflow/py_venv/lib/python3.12/site-packages/airflow/example_dags/example_branch_python_dop_operator_3.py took 0.106 seconds
[2024-09-18T11:58:19.692+0100] {processor.py:186} INFO - Started process (PID=10781) to work on /Users/ds2718/Documents/test_python_airflow/airflow/py_venv/lib/python3.12/site-packages/airflow/example_dags/example_branch_python_dop_operator_3.py
[2024-09-18T11:58:19.694+0100] {processor.py:914} INFO - Processing file /Users/ds2718/Documents/test_python_airflow/airflow/py_venv/lib/python3.12/site-packages/airflow/example_dags/example_branch_python_dop_operator_3.py for tasks to queue
[2024-09-18T11:58:19.695+0100] {logging_mixin.py:190} INFO - [2024-09-18T11:58:19.694+0100] {dagbag.py:587} INFO - Filling up the DagBag from /Users/ds2718/Documents/test_python_airflow/airflow/py_venv/lib/python3.12/site-packages/airflow/example_dags/example_branch_python_dop_operator_3.py
[2024-09-18T11:58:19.715+0100] {processor.py:925} INFO - DAG(s) 'example_branch_dop_operator_v3' retrieved from /Users/ds2718/Documents/test_python_airflow/airflow/py_venv/lib/python3.12/site-packages/airflow/example_dags/example_branch_python_dop_operator_3.py
[2024-09-18T11:58:19.753+0100] {logging_mixin.py:190} INFO - [2024-09-18T11:58:19.753+0100] {dag.py:3229} INFO - Sync 1 DAGs
[2024-09-18T11:58:19.791+0100] {logging_mixin.py:190} INFO - [2024-09-18T11:58:19.791+0100] {dag.py:4156} INFO - Setting next_dagrun for example_branch_dop_operator_v3 to 2024-09-18 10:57:00+00:00, run_after=2024-09-18 10:58:00+00:00
[2024-09-18T11:58:19.800+0100] {processor.py:208} INFO - Processing /Users/ds2718/Documents/test_python_airflow/airflow/py_venv/lib/python3.12/site-packages/airflow/example_dags/example_branch_python_dop_operator_3.py took 0.114 seconds
[2024-09-18T11:58:56.360+0100] {processor.py:186} INFO - Started process (PID=10980) to work on /Users/ds2718/Documents/test_python_airflow/airflow/py_venv/lib/python3.12/site-packages/airflow/example_dags/example_branch_python_dop_operator_3.py
[2024-09-18T11:58:56.364+0100] {processor.py:914} INFO - Processing file /Users/ds2718/Documents/test_python_airflow/airflow/py_venv/lib/python3.12/site-packages/airflow/example_dags/example_branch_python_dop_operator_3.py for tasks to queue
[2024-09-18T11:58:56.365+0100] {logging_mixin.py:190} INFO - [2024-09-18T11:58:56.364+0100] {dagbag.py:587} INFO - Filling up the DagBag from /Users/ds2718/Documents/test_python_airflow/airflow/py_venv/lib/python3.12/site-packages/airflow/example_dags/example_branch_python_dop_operator_3.py
[2024-09-18T11:58:56.384+0100] {processor.py:925} INFO - DAG(s) 'example_branch_dop_operator_v3' retrieved from /Users/ds2718/Documents/test_python_airflow/airflow/py_venv/lib/python3.12/site-packages/airflow/example_dags/example_branch_python_dop_operator_3.py
[2024-09-18T11:58:56.422+0100] {logging_mixin.py:190} INFO - [2024-09-18T11:58:56.421+0100] {dag.py:3229} INFO - Sync 1 DAGs
[2024-09-18T11:58:56.467+0100] {logging_mixin.py:190} INFO - [2024-09-18T11:58:56.467+0100] {dag.py:4156} INFO - Setting next_dagrun for example_branch_dop_operator_v3 to 2024-09-18 10:57:00+00:00, run_after=2024-09-18 10:58:00+00:00
[2024-09-18T11:58:56.476+0100] {processor.py:208} INFO - Processing /Users/ds2718/Documents/test_python_airflow/airflow/py_venv/lib/python3.12/site-packages/airflow/example_dags/example_branch_python_dop_operator_3.py took 0.123 seconds
[2024-09-18T11:59:29.638+0100] {processor.py:186} INFO - Started process (PID=11156) to work on /Users/ds2718/Documents/test_python_airflow/airflow/py_venv/lib/python3.12/site-packages/airflow/example_dags/example_branch_python_dop_operator_3.py
[2024-09-18T11:59:29.639+0100] {processor.py:914} INFO - Processing file /Users/ds2718/Documents/test_python_airflow/airflow/py_venv/lib/python3.12/site-packages/airflow/example_dags/example_branch_python_dop_operator_3.py for tasks to queue
[2024-09-18T11:59:29.639+0100] {logging_mixin.py:190} INFO - [2024-09-18T11:59:29.639+0100] {dagbag.py:587} INFO - Filling up the DagBag from /Users/ds2718/Documents/test_python_airflow/airflow/py_venv/lib/python3.12/site-packages/airflow/example_dags/example_branch_python_dop_operator_3.py
[2024-09-18T11:59:29.654+0100] {processor.py:925} INFO - DAG(s) 'example_branch_dop_operator_v3' retrieved from /Users/ds2718/Documents/test_python_airflow/airflow/py_venv/lib/python3.12/site-packages/airflow/example_dags/example_branch_python_dop_operator_3.py
[2024-09-18T11:59:29.693+0100] {logging_mixin.py:190} INFO - [2024-09-18T11:59:29.693+0100] {dag.py:3229} INFO - Sync 1 DAGs
[2024-09-18T11:59:29.730+0100] {logging_mixin.py:190} INFO - [2024-09-18T11:59:29.729+0100] {dag.py:4156} INFO - Setting next_dagrun for example_branch_dop_operator_v3 to 2024-09-18 10:58:00+00:00, run_after=2024-09-18 10:59:00+00:00
[2024-09-18T11:59:29.739+0100] {processor.py:208} INFO - Processing /Users/ds2718/Documents/test_python_airflow/airflow/py_venv/lib/python3.12/site-packages/airflow/example_dags/example_branch_python_dop_operator_3.py took 0.103 seconds
[2024-09-18T12:00:03.527+0100] {processor.py:186} INFO - Started process (PID=11370) to work on /Users/ds2718/Documents/test_python_airflow/airflow/py_venv/lib/python3.12/site-packages/airflow/example_dags/example_branch_python_dop_operator_3.py
[2024-09-18T12:00:03.527+0100] {processor.py:914} INFO - Processing file /Users/ds2718/Documents/test_python_airflow/airflow/py_venv/lib/python3.12/site-packages/airflow/example_dags/example_branch_python_dop_operator_3.py for tasks to queue
[2024-09-18T12:00:03.528+0100] {logging_mixin.py:190} INFO - [2024-09-18T12:00:03.528+0100] {dagbag.py:587} INFO - Filling up the DagBag from /Users/ds2718/Documents/test_python_airflow/airflow/py_venv/lib/python3.12/site-packages/airflow/example_dags/example_branch_python_dop_operator_3.py
[2024-09-18T12:00:03.543+0100] {processor.py:925} INFO - DAG(s) 'example_branch_dop_operator_v3' retrieved from /Users/ds2718/Documents/test_python_airflow/airflow/py_venv/lib/python3.12/site-packages/airflow/example_dags/example_branch_python_dop_operator_3.py
[2024-09-18T12:00:03.584+0100] {logging_mixin.py:190} INFO - [2024-09-18T12:00:03.583+0100] {dag.py:3229} INFO - Sync 1 DAGs
[2024-09-18T12:00:03.617+0100] {logging_mixin.py:190} INFO - [2024-09-18T12:00:03.617+0100] {dag.py:4156} INFO - Setting next_dagrun for example_branch_dop_operator_v3 to 2024-09-18 10:59:00+00:00, run_after=2024-09-18 11:00:00+00:00
[2024-09-18T12:00:03.627+0100] {processor.py:208} INFO - Processing /Users/ds2718/Documents/test_python_airflow/airflow/py_venv/lib/python3.12/site-packages/airflow/example_dags/example_branch_python_dop_operator_3.py took 0.102 seconds
[2024-09-18T12:00:37.639+0100] {processor.py:186} INFO - Started process (PID=11549) to work on /Users/ds2718/Documents/test_python_airflow/airflow/py_venv/lib/python3.12/site-packages/airflow/example_dags/example_branch_python_dop_operator_3.py
[2024-09-18T12:00:37.640+0100] {processor.py:914} INFO - Processing file /Users/ds2718/Documents/test_python_airflow/airflow/py_venv/lib/python3.12/site-packages/airflow/example_dags/example_branch_python_dop_operator_3.py for tasks to queue
[2024-09-18T12:00:37.640+0100] {logging_mixin.py:190} INFO - [2024-09-18T12:00:37.640+0100] {dagbag.py:587} INFO - Filling up the DagBag from /Users/ds2718/Documents/test_python_airflow/airflow/py_venv/lib/python3.12/site-packages/airflow/example_dags/example_branch_python_dop_operator_3.py
[2024-09-18T12:00:37.656+0100] {processor.py:925} INFO - DAG(s) 'example_branch_dop_operator_v3' retrieved from /Users/ds2718/Documents/test_python_airflow/airflow/py_venv/lib/python3.12/site-packages/airflow/example_dags/example_branch_python_dop_operator_3.py
[2024-09-18T12:00:37.707+0100] {logging_mixin.py:190} INFO - [2024-09-18T12:00:37.707+0100] {dag.py:3229} INFO - Sync 1 DAGs
[2024-09-18T12:00:37.746+0100] {logging_mixin.py:190} INFO - [2024-09-18T12:00:37.746+0100] {dag.py:4156} INFO - Setting next_dagrun for example_branch_dop_operator_v3 to 2024-09-18 10:59:00+00:00, run_after=2024-09-18 11:00:00+00:00
[2024-09-18T12:00:37.757+0100] {processor.py:208} INFO - Processing /Users/ds2718/Documents/test_python_airflow/airflow/py_venv/lib/python3.12/site-packages/airflow/example_dags/example_branch_python_dop_operator_3.py took 0.120 seconds
[2024-09-18T12:01:10.824+0100] {processor.py:186} INFO - Started process (PID=11746) to work on /Users/ds2718/Documents/test_python_airflow/airflow/py_venv/lib/python3.12/site-packages/airflow/example_dags/example_branch_python_dop_operator_3.py
[2024-09-18T12:01:10.825+0100] {processor.py:914} INFO - Processing file /Users/ds2718/Documents/test_python_airflow/airflow/py_venv/lib/python3.12/site-packages/airflow/example_dags/example_branch_python_dop_operator_3.py for tasks to queue
[2024-09-18T12:01:10.825+0100] {logging_mixin.py:190} INFO - [2024-09-18T12:01:10.825+0100] {dagbag.py:587} INFO - Filling up the DagBag from /Users/ds2718/Documents/test_python_airflow/airflow/py_venv/lib/python3.12/site-packages/airflow/example_dags/example_branch_python_dop_operator_3.py
[2024-09-18T12:01:10.841+0100] {processor.py:925} INFO - DAG(s) 'example_branch_dop_operator_v3' retrieved from /Users/ds2718/Documents/test_python_airflow/airflow/py_venv/lib/python3.12/site-packages/airflow/example_dags/example_branch_python_dop_operator_3.py
[2024-09-18T12:01:10.881+0100] {logging_mixin.py:190} INFO - [2024-09-18T12:01:10.881+0100] {dag.py:3229} INFO - Sync 1 DAGs
[2024-09-18T12:01:10.930+0100] {logging_mixin.py:190} INFO - [2024-09-18T12:01:10.930+0100] {dag.py:4156} INFO - Setting next_dagrun for example_branch_dop_operator_v3 to 2024-09-18 11:00:00+00:00, run_after=2024-09-18 11:01:00+00:00
[2024-09-18T12:01:10.941+0100] {processor.py:208} INFO - Processing /Users/ds2718/Documents/test_python_airflow/airflow/py_venv/lib/python3.12/site-packages/airflow/example_dags/example_branch_python_dop_operator_3.py took 0.118 seconds
[2024-09-18T12:06:37.140+0100] {processor.py:186} INFO - Started process (PID=12042) to work on /Users/ds2718/Documents/test_python_airflow/airflow/py_venv/lib/python3.12/site-packages/airflow/example_dags/example_branch_python_dop_operator_3.py
[2024-09-18T12:06:37.141+0100] {processor.py:914} INFO - Processing file /Users/ds2718/Documents/test_python_airflow/airflow/py_venv/lib/python3.12/site-packages/airflow/example_dags/example_branch_python_dop_operator_3.py for tasks to queue
[2024-09-18T12:06:37.141+0100] {logging_mixin.py:190} INFO - [2024-09-18T12:06:37.141+0100] {dagbag.py:587} INFO - Filling up the DagBag from /Users/ds2718/Documents/test_python_airflow/airflow/py_venv/lib/python3.12/site-packages/airflow/example_dags/example_branch_python_dop_operator_3.py
[2024-09-18T12:06:37.160+0100] {processor.py:925} INFO - DAG(s) 'example_branch_dop_operator_v3' retrieved from /Users/ds2718/Documents/test_python_airflow/airflow/py_venv/lib/python3.12/site-packages/airflow/example_dags/example_branch_python_dop_operator_3.py
[2024-09-18T12:06:37.198+0100] {logging_mixin.py:190} INFO - [2024-09-18T12:06:37.198+0100] {dag.py:3229} INFO - Sync 1 DAGs
[2024-09-18T12:06:37.235+0100] {logging_mixin.py:190} INFO - [2024-09-18T12:06:37.235+0100] {dag.py:4156} INFO - Setting next_dagrun for example_branch_dop_operator_v3 to 2024-09-18 11:05:00+00:00, run_after=2024-09-18 11:06:00+00:00
[2024-09-18T12:06:37.244+0100] {processor.py:208} INFO - Processing /Users/ds2718/Documents/test_python_airflow/airflow/py_venv/lib/python3.12/site-packages/airflow/example_dags/example_branch_python_dop_operator_3.py took 0.110 seconds
[2024-09-18T12:07:11.353+0100] {processor.py:186} INFO - Started process (PID=12198) to work on /Users/ds2718/Documents/test_python_airflow/airflow/py_venv/lib/python3.12/site-packages/airflow/example_dags/example_branch_python_dop_operator_3.py
[2024-09-18T12:07:11.355+0100] {processor.py:914} INFO - Processing file /Users/ds2718/Documents/test_python_airflow/airflow/py_venv/lib/python3.12/site-packages/airflow/example_dags/example_branch_python_dop_operator_3.py for tasks to queue
[2024-09-18T12:07:11.355+0100] {logging_mixin.py:190} INFO - [2024-09-18T12:07:11.355+0100] {dagbag.py:587} INFO - Filling up the DagBag from /Users/ds2718/Documents/test_python_airflow/airflow/py_venv/lib/python3.12/site-packages/airflow/example_dags/example_branch_python_dop_operator_3.py
[2024-09-18T12:07:11.373+0100] {processor.py:925} INFO - DAG(s) 'example_branch_dop_operator_v3' retrieved from /Users/ds2718/Documents/test_python_airflow/airflow/py_venv/lib/python3.12/site-packages/airflow/example_dags/example_branch_python_dop_operator_3.py
[2024-09-18T12:07:11.422+0100] {logging_mixin.py:190} INFO - [2024-09-18T12:07:11.422+0100] {dag.py:3229} INFO - Sync 1 DAGs
[2024-09-18T12:07:11.458+0100] {logging_mixin.py:190} INFO - [2024-09-18T12:07:11.458+0100] {dag.py:4156} INFO - Setting next_dagrun for example_branch_dop_operator_v3 to 2024-09-18 11:06:00+00:00, run_after=2024-09-18 11:07:00+00:00
[2024-09-18T12:07:11.468+0100] {processor.py:208} INFO - Processing /Users/ds2718/Documents/test_python_airflow/airflow/py_venv/lib/python3.12/site-packages/airflow/example_dags/example_branch_python_dop_operator_3.py took 0.116 seconds
[2024-09-18T12:07:47.919+0100] {processor.py:186} INFO - Started process (PID=12383) to work on /Users/ds2718/Documents/test_python_airflow/airflow/py_venv/lib/python3.12/site-packages/airflow/example_dags/example_branch_python_dop_operator_3.py
[2024-09-18T12:07:47.919+0100] {processor.py:914} INFO - Processing file /Users/ds2718/Documents/test_python_airflow/airflow/py_venv/lib/python3.12/site-packages/airflow/example_dags/example_branch_python_dop_operator_3.py for tasks to queue
[2024-09-18T12:07:47.920+0100] {logging_mixin.py:190} INFO - [2024-09-18T12:07:47.920+0100] {dagbag.py:587} INFO - Filling up the DagBag from /Users/ds2718/Documents/test_python_airflow/airflow/py_venv/lib/python3.12/site-packages/airflow/example_dags/example_branch_python_dop_operator_3.py
[2024-09-18T12:07:47.941+0100] {processor.py:925} INFO - DAG(s) 'example_branch_dop_operator_v3' retrieved from /Users/ds2718/Documents/test_python_airflow/airflow/py_venv/lib/python3.12/site-packages/airflow/example_dags/example_branch_python_dop_operator_3.py
[2024-09-18T12:07:47.989+0100] {logging_mixin.py:190} INFO - [2024-09-18T12:07:47.988+0100] {dag.py:3229} INFO - Sync 1 DAGs
[2024-09-18T12:07:48.037+0100] {logging_mixin.py:190} INFO - [2024-09-18T12:07:48.037+0100] {dag.py:4156} INFO - Setting next_dagrun for example_branch_dop_operator_v3 to 2024-09-18 11:06:00+00:00, run_after=2024-09-18 11:07:00+00:00
[2024-09-18T12:07:48.046+0100] {processor.py:208} INFO - Processing /Users/ds2718/Documents/test_python_airflow/airflow/py_venv/lib/python3.12/site-packages/airflow/example_dags/example_branch_python_dop_operator_3.py took 0.131 seconds
[2024-09-18T12:08:33.941+0100] {processor.py:186} INFO - Started process (PID=12549) to work on /Users/ds2718/Documents/test_python_airflow/airflow/py_venv/lib/python3.12/site-packages/airflow/example_dags/example_branch_python_dop_operator_3.py
[2024-09-18T12:08:33.942+0100] {processor.py:914} INFO - Processing file /Users/ds2718/Documents/test_python_airflow/airflow/py_venv/lib/python3.12/site-packages/airflow/example_dags/example_branch_python_dop_operator_3.py for tasks to queue
[2024-09-18T12:08:33.942+0100] {logging_mixin.py:190} INFO - [2024-09-18T12:08:33.942+0100] {dagbag.py:587} INFO - Filling up the DagBag from /Users/ds2718/Documents/test_python_airflow/airflow/py_venv/lib/python3.12/site-packages/airflow/example_dags/example_branch_python_dop_operator_3.py
[2024-09-18T12:08:33.961+0100] {processor.py:925} INFO - DAG(s) 'example_branch_dop_operator_v3' retrieved from /Users/ds2718/Documents/test_python_airflow/airflow/py_venv/lib/python3.12/site-packages/airflow/example_dags/example_branch_python_dop_operator_3.py
[2024-09-18T12:08:34.002+0100] {logging_mixin.py:190} INFO - [2024-09-18T12:08:34.001+0100] {dag.py:3229} INFO - Sync 1 DAGs
[2024-09-18T12:08:34.045+0100] {logging_mixin.py:190} INFO - [2024-09-18T12:08:34.044+0100] {dag.py:4156} INFO - Setting next_dagrun for example_branch_dop_operator_v3 to 2024-09-18 11:07:00+00:00, run_after=2024-09-18 11:08:00+00:00
[2024-09-18T12:08:34.059+0100] {processor.py:208} INFO - Processing /Users/ds2718/Documents/test_python_airflow/airflow/py_venv/lib/python3.12/site-packages/airflow/example_dags/example_branch_python_dop_operator_3.py took 0.126 seconds
[2024-09-18T12:09:08.185+0100] {processor.py:186} INFO - Started process (PID=12751) to work on /Users/ds2718/Documents/test_python_airflow/airflow/py_venv/lib/python3.12/site-packages/airflow/example_dags/example_branch_python_dop_operator_3.py
[2024-09-18T12:09:08.191+0100] {processor.py:914} INFO - Processing file /Users/ds2718/Documents/test_python_airflow/airflow/py_venv/lib/python3.12/site-packages/airflow/example_dags/example_branch_python_dop_operator_3.py for tasks to queue
[2024-09-18T12:09:08.192+0100] {logging_mixin.py:190} INFO - [2024-09-18T12:09:08.192+0100] {dagbag.py:587} INFO - Filling up the DagBag from /Users/ds2718/Documents/test_python_airflow/airflow/py_venv/lib/python3.12/site-packages/airflow/example_dags/example_branch_python_dop_operator_3.py
[2024-09-18T12:09:08.212+0100] {processor.py:925} INFO - DAG(s) 'example_branch_dop_operator_v3' retrieved from /Users/ds2718/Documents/test_python_airflow/airflow/py_venv/lib/python3.12/site-packages/airflow/example_dags/example_branch_python_dop_operator_3.py
[2024-09-18T12:09:08.251+0100] {logging_mixin.py:190} INFO - [2024-09-18T12:09:08.251+0100] {dag.py:3229} INFO - Sync 1 DAGs
[2024-09-18T12:09:08.293+0100] {logging_mixin.py:190} INFO - [2024-09-18T12:09:08.293+0100] {dag.py:4156} INFO - Setting next_dagrun for example_branch_dop_operator_v3 to 2024-09-18 11:08:00+00:00, run_after=2024-09-18 11:09:00+00:00
[2024-09-18T12:09:08.303+0100] {processor.py:208} INFO - Processing /Users/ds2718/Documents/test_python_airflow/airflow/py_venv/lib/python3.12/site-packages/airflow/example_dags/example_branch_python_dop_operator_3.py took 0.123 seconds
[2024-09-18T12:09:46.099+0100] {processor.py:186} INFO - Started process (PID=12975) to work on /Users/ds2718/Documents/test_python_airflow/airflow/py_venv/lib/python3.12/site-packages/airflow/example_dags/example_branch_python_dop_operator_3.py
[2024-09-18T12:09:46.099+0100] {processor.py:914} INFO - Processing file /Users/ds2718/Documents/test_python_airflow/airflow/py_venv/lib/python3.12/site-packages/airflow/example_dags/example_branch_python_dop_operator_3.py for tasks to queue
[2024-09-18T12:09:46.099+0100] {logging_mixin.py:190} INFO - [2024-09-18T12:09:46.099+0100] {dagbag.py:587} INFO - Filling up the DagBag from /Users/ds2718/Documents/test_python_airflow/airflow/py_venv/lib/python3.12/site-packages/airflow/example_dags/example_branch_python_dop_operator_3.py
[2024-09-18T12:09:46.118+0100] {processor.py:925} INFO - DAG(s) 'example_branch_dop_operator_v3' retrieved from /Users/ds2718/Documents/test_python_airflow/airflow/py_venv/lib/python3.12/site-packages/airflow/example_dags/example_branch_python_dop_operator_3.py
[2024-09-18T12:09:46.158+0100] {logging_mixin.py:190} INFO - [2024-09-18T12:09:46.157+0100] {dag.py:3229} INFO - Sync 1 DAGs
[2024-09-18T12:09:46.192+0100] {logging_mixin.py:190} INFO - [2024-09-18T12:09:46.192+0100] {dag.py:4156} INFO - Setting next_dagrun for example_branch_dop_operator_v3 to 2024-09-18 11:08:00+00:00, run_after=2024-09-18 11:09:00+00:00
[2024-09-18T12:09:46.201+0100] {processor.py:208} INFO - Processing /Users/ds2718/Documents/test_python_airflow/airflow/py_venv/lib/python3.12/site-packages/airflow/example_dags/example_branch_python_dop_operator_3.py took 0.109 seconds
[2024-09-18T12:10:17.342+0100] {processor.py:186} INFO - Started process (PID=13100) to work on /Users/ds2718/Documents/test_python_airflow/airflow/py_venv/lib/python3.12/site-packages/airflow/example_dags/example_branch_python_dop_operator_3.py
[2024-09-18T12:10:17.343+0100] {processor.py:914} INFO - Processing file /Users/ds2718/Documents/test_python_airflow/airflow/py_venv/lib/python3.12/site-packages/airflow/example_dags/example_branch_python_dop_operator_3.py for tasks to queue
[2024-09-18T12:10:17.344+0100] {logging_mixin.py:190} INFO - [2024-09-18T12:10:17.344+0100] {dagbag.py:587} INFO - Filling up the DagBag from /Users/ds2718/Documents/test_python_airflow/airflow/py_venv/lib/python3.12/site-packages/airflow/example_dags/example_branch_python_dop_operator_3.py
[2024-09-18T12:10:17.365+0100] {processor.py:925} INFO - DAG(s) 'example_branch_dop_operator_v3' retrieved from /Users/ds2718/Documents/test_python_airflow/airflow/py_venv/lib/python3.12/site-packages/airflow/example_dags/example_branch_python_dop_operator_3.py
[2024-09-18T12:10:17.406+0100] {logging_mixin.py:190} INFO - [2024-09-18T12:10:17.406+0100] {dag.py:3229} INFO - Sync 1 DAGs
[2024-09-18T12:10:17.450+0100] {logging_mixin.py:190} INFO - [2024-09-18T12:10:17.450+0100] {dag.py:4156} INFO - Setting next_dagrun for example_branch_dop_operator_v3 to 2024-09-18 11:09:00+00:00, run_after=2024-09-18 11:10:00+00:00
[2024-09-18T12:10:17.459+0100] {processor.py:208} INFO - Processing /Users/ds2718/Documents/test_python_airflow/airflow/py_venv/lib/python3.12/site-packages/airflow/example_dags/example_branch_python_dop_operator_3.py took 0.125 seconds
[2024-09-18T12:10:54.206+0100] {processor.py:186} INFO - Started process (PID=13282) to work on /Users/ds2718/Documents/test_python_airflow/airflow/py_venv/lib/python3.12/site-packages/airflow/example_dags/example_branch_python_dop_operator_3.py
[2024-09-18T12:10:54.207+0100] {processor.py:914} INFO - Processing file /Users/ds2718/Documents/test_python_airflow/airflow/py_venv/lib/python3.12/site-packages/airflow/example_dags/example_branch_python_dop_operator_3.py for tasks to queue
[2024-09-18T12:10:54.207+0100] {logging_mixin.py:190} INFO - [2024-09-18T12:10:54.207+0100] {dagbag.py:587} INFO - Filling up the DagBag from /Users/ds2718/Documents/test_python_airflow/airflow/py_venv/lib/python3.12/site-packages/airflow/example_dags/example_branch_python_dop_operator_3.py
[2024-09-18T12:10:54.227+0100] {processor.py:925} INFO - DAG(s) 'example_branch_dop_operator_v3' retrieved from /Users/ds2718/Documents/test_python_airflow/airflow/py_venv/lib/python3.12/site-packages/airflow/example_dags/example_branch_python_dop_operator_3.py
[2024-09-18T12:10:54.267+0100] {logging_mixin.py:190} INFO - [2024-09-18T12:10:54.266+0100] {dag.py:3229} INFO - Sync 1 DAGs
[2024-09-18T12:10:54.301+0100] {logging_mixin.py:190} INFO - [2024-09-18T12:10:54.301+0100] {dag.py:4156} INFO - Setting next_dagrun for example_branch_dop_operator_v3 to 2024-09-18 11:09:00+00:00, run_after=2024-09-18 11:10:00+00:00
[2024-09-18T12:10:54.310+0100] {processor.py:208} INFO - Processing /Users/ds2718/Documents/test_python_airflow/airflow/py_venv/lib/python3.12/site-packages/airflow/example_dags/example_branch_python_dop_operator_3.py took 0.112 seconds
[2024-09-18T12:11:28.261+0100] {processor.py:186} INFO - Started process (PID=13414) to work on /Users/ds2718/Documents/test_python_airflow/airflow/py_venv/lib/python3.12/site-packages/airflow/example_dags/example_branch_python_dop_operator_3.py
[2024-09-18T12:11:28.268+0100] {processor.py:914} INFO - Processing file /Users/ds2718/Documents/test_python_airflow/airflow/py_venv/lib/python3.12/site-packages/airflow/example_dags/example_branch_python_dop_operator_3.py for tasks to queue
[2024-09-18T12:11:28.269+0100] {logging_mixin.py:190} INFO - [2024-09-18T12:11:28.269+0100] {dagbag.py:587} INFO - Filling up the DagBag from /Users/ds2718/Documents/test_python_airflow/airflow/py_venv/lib/python3.12/site-packages/airflow/example_dags/example_branch_python_dop_operator_3.py
[2024-09-18T12:11:28.313+0100] {processor.py:925} INFO - DAG(s) 'example_branch_dop_operator_v3' retrieved from /Users/ds2718/Documents/test_python_airflow/airflow/py_venv/lib/python3.12/site-packages/airflow/example_dags/example_branch_python_dop_operator_3.py
[2024-09-18T12:11:28.388+0100] {logging_mixin.py:190} INFO - [2024-09-18T12:11:28.388+0100] {dag.py:3229} INFO - Sync 1 DAGs
[2024-09-18T12:11:28.441+0100] {logging_mixin.py:190} INFO - [2024-09-18T12:11:28.441+0100] {dag.py:4156} INFO - Setting next_dagrun for example_branch_dop_operator_v3 to 2024-09-18 11:10:00+00:00, run_after=2024-09-18 11:11:00+00:00
[2024-09-18T12:11:28.501+0100] {processor.py:208} INFO - Processing /Users/ds2718/Documents/test_python_airflow/airflow/py_venv/lib/python3.12/site-packages/airflow/example_dags/example_branch_python_dop_operator_3.py took 0.247 seconds
[2024-09-18T12:12:01.972+0100] {processor.py:186} INFO - Started process (PID=13591) to work on /Users/ds2718/Documents/test_python_airflow/airflow/py_venv/lib/python3.12/site-packages/airflow/example_dags/example_branch_python_dop_operator_3.py
[2024-09-18T12:12:01.973+0100] {processor.py:914} INFO - Processing file /Users/ds2718/Documents/test_python_airflow/airflow/py_venv/lib/python3.12/site-packages/airflow/example_dags/example_branch_python_dop_operator_3.py for tasks to queue
[2024-09-18T12:12:01.973+0100] {logging_mixin.py:190} INFO - [2024-09-18T12:12:01.973+0100] {dagbag.py:587} INFO - Filling up the DagBag from /Users/ds2718/Documents/test_python_airflow/airflow/py_venv/lib/python3.12/site-packages/airflow/example_dags/example_branch_python_dop_operator_3.py
[2024-09-18T12:12:01.989+0100] {processor.py:925} INFO - DAG(s) 'example_branch_dop_operator_v3' retrieved from /Users/ds2718/Documents/test_python_airflow/airflow/py_venv/lib/python3.12/site-packages/airflow/example_dags/example_branch_python_dop_operator_3.py
[2024-09-18T12:12:02.036+0100] {logging_mixin.py:190} INFO - [2024-09-18T12:12:02.036+0100] {dag.py:3229} INFO - Sync 1 DAGs
[2024-09-18T12:12:02.075+0100] {logging_mixin.py:190} INFO - [2024-09-18T12:12:02.075+0100] {dag.py:4156} INFO - Setting next_dagrun for example_branch_dop_operator_v3 to 2024-09-18 11:11:00+00:00, run_after=2024-09-18 11:12:00+00:00
[2024-09-18T12:12:02.084+0100] {processor.py:208} INFO - Processing /Users/ds2718/Documents/test_python_airflow/airflow/py_venv/lib/python3.12/site-packages/airflow/example_dags/example_branch_python_dop_operator_3.py took 0.114 seconds
[2024-09-18T12:12:34.470+0100] {processor.py:186} INFO - Started process (PID=13717) to work on /Users/ds2718/Documents/test_python_airflow/airflow/py_venv/lib/python3.12/site-packages/airflow/example_dags/example_branch_python_dop_operator_3.py
[2024-09-18T12:12:34.471+0100] {processor.py:914} INFO - Processing file /Users/ds2718/Documents/test_python_airflow/airflow/py_venv/lib/python3.12/site-packages/airflow/example_dags/example_branch_python_dop_operator_3.py for tasks to queue
[2024-09-18T12:12:34.471+0100] {logging_mixin.py:190} INFO - [2024-09-18T12:12:34.471+0100] {dagbag.py:587} INFO - Filling up the DagBag from /Users/ds2718/Documents/test_python_airflow/airflow/py_venv/lib/python3.12/site-packages/airflow/example_dags/example_branch_python_dop_operator_3.py
[2024-09-18T12:12:34.506+0100] {processor.py:925} INFO - DAG(s) 'example_branch_dop_operator_v3' retrieved from /Users/ds2718/Documents/test_python_airflow/airflow/py_venv/lib/python3.12/site-packages/airflow/example_dags/example_branch_python_dop_operator_3.py
[2024-09-18T12:12:34.589+0100] {logging_mixin.py:190} INFO - [2024-09-18T12:12:34.588+0100] {dag.py:3229} INFO - Sync 1 DAGs
[2024-09-18T12:12:34.647+0100] {logging_mixin.py:190} INFO - [2024-09-18T12:12:34.647+0100] {dag.py:4156} INFO - Setting next_dagrun for example_branch_dop_operator_v3 to 2024-09-18 11:11:00+00:00, run_after=2024-09-18 11:12:00+00:00
[2024-09-18T12:12:34.656+0100] {processor.py:208} INFO - Processing /Users/ds2718/Documents/test_python_airflow/airflow/py_venv/lib/python3.12/site-packages/airflow/example_dags/example_branch_python_dop_operator_3.py took 0.196 seconds
[2024-09-18T12:13:09.623+0100] {processor.py:186} INFO - Started process (PID=13918) to work on /Users/ds2718/Documents/test_python_airflow/airflow/py_venv/lib/python3.12/site-packages/airflow/example_dags/example_branch_python_dop_operator_3.py
[2024-09-18T12:13:09.624+0100] {processor.py:914} INFO - Processing file /Users/ds2718/Documents/test_python_airflow/airflow/py_venv/lib/python3.12/site-packages/airflow/example_dags/example_branch_python_dop_operator_3.py for tasks to queue
[2024-09-18T12:13:09.624+0100] {logging_mixin.py:190} INFO - [2024-09-18T12:13:09.624+0100] {dagbag.py:587} INFO - Filling up the DagBag from /Users/ds2718/Documents/test_python_airflow/airflow/py_venv/lib/python3.12/site-packages/airflow/example_dags/example_branch_python_dop_operator_3.py
[2024-09-18T12:13:09.643+0100] {processor.py:925} INFO - DAG(s) 'example_branch_dop_operator_v3' retrieved from /Users/ds2718/Documents/test_python_airflow/airflow/py_venv/lib/python3.12/site-packages/airflow/example_dags/example_branch_python_dop_operator_3.py
[2024-09-18T12:13:09.683+0100] {logging_mixin.py:190} INFO - [2024-09-18T12:13:09.683+0100] {dag.py:3229} INFO - Sync 1 DAGs
[2024-09-18T12:13:09.717+0100] {logging_mixin.py:190} INFO - [2024-09-18T12:13:09.717+0100] {dag.py:4156} INFO - Setting next_dagrun for example_branch_dop_operator_v3 to 2024-09-18 11:12:00+00:00, run_after=2024-09-18 11:13:00+00:00
[2024-09-18T12:13:09.734+0100] {processor.py:208} INFO - Processing /Users/ds2718/Documents/test_python_airflow/airflow/py_venv/lib/python3.12/site-packages/airflow/example_dags/example_branch_python_dop_operator_3.py took 0.116 seconds
[2024-09-18T12:13:45.628+0100] {processor.py:186} INFO - Started process (PID=14061) to work on /Users/ds2718/Documents/test_python_airflow/airflow/py_venv/lib/python3.12/site-packages/airflow/example_dags/example_branch_python_dop_operator_3.py
[2024-09-18T12:13:45.629+0100] {processor.py:914} INFO - Processing file /Users/ds2718/Documents/test_python_airflow/airflow/py_venv/lib/python3.12/site-packages/airflow/example_dags/example_branch_python_dop_operator_3.py for tasks to queue
[2024-09-18T12:13:45.629+0100] {logging_mixin.py:190} INFO - [2024-09-18T12:13:45.629+0100] {dagbag.py:587} INFO - Filling up the DagBag from /Users/ds2718/Documents/test_python_airflow/airflow/py_venv/lib/python3.12/site-packages/airflow/example_dags/example_branch_python_dop_operator_3.py
[2024-09-18T12:13:45.649+0100] {processor.py:925} INFO - DAG(s) 'example_branch_dop_operator_v3' retrieved from /Users/ds2718/Documents/test_python_airflow/airflow/py_venv/lib/python3.12/site-packages/airflow/example_dags/example_branch_python_dop_operator_3.py
[2024-09-18T12:13:45.687+0100] {logging_mixin.py:190} INFO - [2024-09-18T12:13:45.687+0100] {dag.py:3229} INFO - Sync 1 DAGs
[2024-09-18T12:13:45.728+0100] {logging_mixin.py:190} INFO - [2024-09-18T12:13:45.727+0100] {dag.py:4156} INFO - Setting next_dagrun for example_branch_dop_operator_v3 to 2024-09-18 11:12:00+00:00, run_after=2024-09-18 11:13:00+00:00
[2024-09-18T12:13:45.737+0100] {processor.py:208} INFO - Processing /Users/ds2718/Documents/test_python_airflow/airflow/py_venv/lib/python3.12/site-packages/airflow/example_dags/example_branch_python_dop_operator_3.py took 0.117 seconds
