[2024-09-18T11:54:19.418+0100] {processor.py:186} INFO - Started process (PID=9508) to work on /Users/ds2718/Documents/test_python_airflow/airflow/py_venv/lib/python3.12/site-packages/airflow/example_dags/example_dynamic_task_mapping.py
[2024-09-18T11:54:19.418+0100] {processor.py:914} INFO - Processing file /Users/ds2718/Documents/test_python_airflow/airflow/py_venv/lib/python3.12/site-packages/airflow/example_dags/example_dynamic_task_mapping.py for tasks to queue
[2024-09-18T11:54:19.419+0100] {logging_mixin.py:190} INFO - [2024-09-18T11:54:19.419+0100] {dagbag.py:587} INFO - Filling up the DagBag from /Users/ds2718/Documents/test_python_airflow/airflow/py_venv/lib/python3.12/site-packages/airflow/example_dags/example_dynamic_task_mapping.py
[2024-09-18T11:54:19.439+0100] {processor.py:925} INFO - DAG(s) 'example_dynamic_task_mapping' retrieved from /Users/ds2718/Documents/test_python_airflow/airflow/py_venv/lib/python3.12/site-packages/airflow/example_dags/example_dynamic_task_mapping.py
[2024-09-18T11:54:19.622+0100] {logging_mixin.py:190} INFO - [2024-09-18T11:54:19.621+0100] {override.py:1900} INFO - Created Permission View: can read on DAG:example_dynamic_task_mapping
[2024-09-18T11:54:19.627+0100] {logging_mixin.py:190} INFO - [2024-09-18T11:54:19.626+0100] {override.py:1900} INFO - Created Permission View: can edit on DAG:example_dynamic_task_mapping
[2024-09-18T11:54:19.629+0100] {logging_mixin.py:190} INFO - [2024-09-18T11:54:19.628+0100] {override.py:1900} INFO - Created Permission View: can delete on DAG:example_dynamic_task_mapping
[2024-09-18T11:54:19.632+0100] {logging_mixin.py:190} INFO - [2024-09-18T11:54:19.632+0100] {override.py:1900} INFO - Created Permission View: can read on DAG Run:example_dynamic_task_mapping
[2024-09-18T11:54:19.634+0100] {logging_mixin.py:190} INFO - [2024-09-18T11:54:19.634+0100] {override.py:1900} INFO - Created Permission View: menu access on DAG Run:example_dynamic_task_mapping
[2024-09-18T11:54:19.637+0100] {logging_mixin.py:190} INFO - [2024-09-18T11:54:19.637+0100] {override.py:1900} INFO - Created Permission View: can delete on DAG Run:example_dynamic_task_mapping
[2024-09-18T11:54:19.638+0100] {logging_mixin.py:190} INFO - [2024-09-18T11:54:19.638+0100] {override.py:1900} INFO - Created Permission View: can create on DAG Run:example_dynamic_task_mapping
[2024-09-18T11:54:19.638+0100] {logging_mixin.py:190} INFO - [2024-09-18T11:54:19.638+0100] {dag.py:3229} INFO - Sync 1 DAGs
[2024-09-18T11:54:19.644+0100] {logging_mixin.py:190} INFO - [2024-09-18T11:54:19.644+0100] {dag.py:3252} INFO - Creating ORM DAG for example_dynamic_task_mapping
[2024-09-18T11:54:19.644+0100] {logging_mixin.py:190} INFO - [2024-09-18T11:54:19.644+0100] {dag.py:4156} INFO - Setting next_dagrun for example_dynamic_task_mapping to None, run_after=None
[2024-09-18T11:54:19.650+0100] {processor.py:208} INFO - Processing /Users/ds2718/Documents/test_python_airflow/airflow/py_venv/lib/python3.12/site-packages/airflow/example_dags/example_dynamic_task_mapping.py took 0.238 seconds
[2024-09-18T11:54:54.261+0100] {processor.py:186} INFO - Started process (PID=9714) to work on /Users/ds2718/Documents/test_python_airflow/airflow/py_venv/lib/python3.12/site-packages/airflow/example_dags/example_dynamic_task_mapping.py
[2024-09-18T11:54:54.262+0100] {processor.py:914} INFO - Processing file /Users/ds2718/Documents/test_python_airflow/airflow/py_venv/lib/python3.12/site-packages/airflow/example_dags/example_dynamic_task_mapping.py for tasks to queue
[2024-09-18T11:54:54.262+0100] {logging_mixin.py:190} INFO - [2024-09-18T11:54:54.262+0100] {dagbag.py:587} INFO - Filling up the DagBag from /Users/ds2718/Documents/test_python_airflow/airflow/py_venv/lib/python3.12/site-packages/airflow/example_dags/example_dynamic_task_mapping.py
[2024-09-18T11:54:54.280+0100] {processor.py:925} INFO - DAG(s) 'example_dynamic_task_mapping' retrieved from /Users/ds2718/Documents/test_python_airflow/airflow/py_venv/lib/python3.12/site-packages/airflow/example_dags/example_dynamic_task_mapping.py
[2024-09-18T11:54:54.336+0100] {logging_mixin.py:190} INFO - [2024-09-18T11:54:54.335+0100] {dag.py:3229} INFO - Sync 1 DAGs
[2024-09-18T11:54:54.341+0100] {logging_mixin.py:190} INFO - [2024-09-18T11:54:54.341+0100] {dag.py:4156} INFO - Setting next_dagrun for example_dynamic_task_mapping to None, run_after=None
[2024-09-18T11:54:54.392+0100] {processor.py:208} INFO - Processing /Users/ds2718/Documents/test_python_airflow/airflow/py_venv/lib/python3.12/site-packages/airflow/example_dags/example_dynamic_task_mapping.py took 0.134 seconds
[2024-09-18T11:55:28.153+0100] {processor.py:186} INFO - Started process (PID=9887) to work on /Users/ds2718/Documents/test_python_airflow/airflow/py_venv/lib/python3.12/site-packages/airflow/example_dags/example_dynamic_task_mapping.py
[2024-09-18T11:55:28.154+0100] {processor.py:914} INFO - Processing file /Users/ds2718/Documents/test_python_airflow/airflow/py_venv/lib/python3.12/site-packages/airflow/example_dags/example_dynamic_task_mapping.py for tasks to queue
[2024-09-18T11:55:28.154+0100] {logging_mixin.py:190} INFO - [2024-09-18T11:55:28.154+0100] {dagbag.py:587} INFO - Filling up the DagBag from /Users/ds2718/Documents/test_python_airflow/airflow/py_venv/lib/python3.12/site-packages/airflow/example_dags/example_dynamic_task_mapping.py
[2024-09-18T11:55:28.170+0100] {processor.py:925} INFO - DAG(s) 'example_dynamic_task_mapping' retrieved from /Users/ds2718/Documents/test_python_airflow/airflow/py_venv/lib/python3.12/site-packages/airflow/example_dags/example_dynamic_task_mapping.py
[2024-09-18T11:55:28.209+0100] {logging_mixin.py:190} INFO - [2024-09-18T11:55:28.209+0100] {dag.py:3229} INFO - Sync 1 DAGs
[2024-09-18T11:55:28.216+0100] {logging_mixin.py:190} INFO - [2024-09-18T11:55:28.215+0100] {dag.py:4156} INFO - Setting next_dagrun for example_dynamic_task_mapping to None, run_after=None
[2024-09-18T11:55:28.247+0100] {processor.py:208} INFO - Processing /Users/ds2718/Documents/test_python_airflow/airflow/py_venv/lib/python3.12/site-packages/airflow/example_dags/example_dynamic_task_mapping.py took 0.099 seconds
[2024-09-18T11:56:01.744+0100] {processor.py:186} INFO - Started process (PID=10064) to work on /Users/ds2718/Documents/test_python_airflow/airflow/py_venv/lib/python3.12/site-packages/airflow/example_dags/example_dynamic_task_mapping.py
[2024-09-18T11:56:01.744+0100] {processor.py:914} INFO - Processing file /Users/ds2718/Documents/test_python_airflow/airflow/py_venv/lib/python3.12/site-packages/airflow/example_dags/example_dynamic_task_mapping.py for tasks to queue
[2024-09-18T11:56:01.745+0100] {logging_mixin.py:190} INFO - [2024-09-18T11:56:01.745+0100] {dagbag.py:587} INFO - Filling up the DagBag from /Users/ds2718/Documents/test_python_airflow/airflow/py_venv/lib/python3.12/site-packages/airflow/example_dags/example_dynamic_task_mapping.py
[2024-09-18T11:56:01.760+0100] {processor.py:925} INFO - DAG(s) 'example_dynamic_task_mapping' retrieved from /Users/ds2718/Documents/test_python_airflow/airflow/py_venv/lib/python3.12/site-packages/airflow/example_dags/example_dynamic_task_mapping.py
[2024-09-18T11:56:01.799+0100] {logging_mixin.py:190} INFO - [2024-09-18T11:56:01.799+0100] {dag.py:3229} INFO - Sync 1 DAGs
[2024-09-18T11:56:01.807+0100] {logging_mixin.py:190} INFO - [2024-09-18T11:56:01.807+0100] {dag.py:4156} INFO - Setting next_dagrun for example_dynamic_task_mapping to None, run_after=None
[2024-09-18T11:56:01.844+0100] {processor.py:208} INFO - Processing /Users/ds2718/Documents/test_python_airflow/airflow/py_venv/lib/python3.12/site-packages/airflow/example_dags/example_dynamic_task_mapping.py took 0.102 seconds
[2024-09-18T11:56:34.523+0100] {processor.py:186} INFO - Started process (PID=10206) to work on /Users/ds2718/Documents/test_python_airflow/airflow/py_venv/lib/python3.12/site-packages/airflow/example_dags/example_dynamic_task_mapping.py
[2024-09-18T11:56:34.524+0100] {processor.py:914} INFO - Processing file /Users/ds2718/Documents/test_python_airflow/airflow/py_venv/lib/python3.12/site-packages/airflow/example_dags/example_dynamic_task_mapping.py for tasks to queue
[2024-09-18T11:56:34.524+0100] {logging_mixin.py:190} INFO - [2024-09-18T11:56:34.524+0100] {dagbag.py:587} INFO - Filling up the DagBag from /Users/ds2718/Documents/test_python_airflow/airflow/py_venv/lib/python3.12/site-packages/airflow/example_dags/example_dynamic_task_mapping.py
[2024-09-18T11:56:34.541+0100] {processor.py:925} INFO - DAG(s) 'example_dynamic_task_mapping' retrieved from /Users/ds2718/Documents/test_python_airflow/airflow/py_venv/lib/python3.12/site-packages/airflow/example_dags/example_dynamic_task_mapping.py
[2024-09-18T11:56:34.579+0100] {logging_mixin.py:190} INFO - [2024-09-18T11:56:34.579+0100] {dag.py:3229} INFO - Sync 1 DAGs
[2024-09-18T11:56:34.585+0100] {logging_mixin.py:190} INFO - [2024-09-18T11:56:34.585+0100] {dag.py:4156} INFO - Setting next_dagrun for example_dynamic_task_mapping to None, run_after=None
[2024-09-18T11:56:34.616+0100] {processor.py:208} INFO - Processing /Users/ds2718/Documents/test_python_airflow/airflow/py_venv/lib/python3.12/site-packages/airflow/example_dags/example_dynamic_task_mapping.py took 0.098 seconds
[2024-09-18T11:57:06.736+0100] {processor.py:186} INFO - Started process (PID=10366) to work on /Users/ds2718/Documents/test_python_airflow/airflow/py_venv/lib/python3.12/site-packages/airflow/example_dags/example_dynamic_task_mapping.py
[2024-09-18T11:57:06.737+0100] {processor.py:914} INFO - Processing file /Users/ds2718/Documents/test_python_airflow/airflow/py_venv/lib/python3.12/site-packages/airflow/example_dags/example_dynamic_task_mapping.py for tasks to queue
[2024-09-18T11:57:06.737+0100] {logging_mixin.py:190} INFO - [2024-09-18T11:57:06.737+0100] {dagbag.py:587} INFO - Filling up the DagBag from /Users/ds2718/Documents/test_python_airflow/airflow/py_venv/lib/python3.12/site-packages/airflow/example_dags/example_dynamic_task_mapping.py
[2024-09-18T11:57:06.756+0100] {processor.py:925} INFO - DAG(s) 'example_dynamic_task_mapping' retrieved from /Users/ds2718/Documents/test_python_airflow/airflow/py_venv/lib/python3.12/site-packages/airflow/example_dags/example_dynamic_task_mapping.py
[2024-09-18T11:57:06.793+0100] {logging_mixin.py:190} INFO - [2024-09-18T11:57:06.792+0100] {dag.py:3229} INFO - Sync 1 DAGs
[2024-09-18T11:57:06.799+0100] {logging_mixin.py:190} INFO - [2024-09-18T11:57:06.799+0100] {dag.py:4156} INFO - Setting next_dagrun for example_dynamic_task_mapping to None, run_after=None
[2024-09-18T11:57:06.831+0100] {processor.py:208} INFO - Processing /Users/ds2718/Documents/test_python_airflow/airflow/py_venv/lib/python3.12/site-packages/airflow/example_dags/example_dynamic_task_mapping.py took 0.098 seconds
[2024-09-18T11:57:41.334+0100] {processor.py:186} INFO - Started process (PID=10540) to work on /Users/ds2718/Documents/test_python_airflow/airflow/py_venv/lib/python3.12/site-packages/airflow/example_dags/example_dynamic_task_mapping.py
[2024-09-18T11:57:41.334+0100] {processor.py:914} INFO - Processing file /Users/ds2718/Documents/test_python_airflow/airflow/py_venv/lib/python3.12/site-packages/airflow/example_dags/example_dynamic_task_mapping.py for tasks to queue
[2024-09-18T11:57:41.334+0100] {logging_mixin.py:190} INFO - [2024-09-18T11:57:41.334+0100] {dagbag.py:587} INFO - Filling up the DagBag from /Users/ds2718/Documents/test_python_airflow/airflow/py_venv/lib/python3.12/site-packages/airflow/example_dags/example_dynamic_task_mapping.py
[2024-09-18T11:57:41.350+0100] {processor.py:925} INFO - DAG(s) 'example_dynamic_task_mapping' retrieved from /Users/ds2718/Documents/test_python_airflow/airflow/py_venv/lib/python3.12/site-packages/airflow/example_dags/example_dynamic_task_mapping.py
[2024-09-18T11:57:41.392+0100] {logging_mixin.py:190} INFO - [2024-09-18T11:57:41.392+0100] {dag.py:3229} INFO - Sync 1 DAGs
[2024-09-18T11:57:41.419+0100] {logging_mixin.py:190} INFO - [2024-09-18T11:57:41.419+0100] {dag.py:4156} INFO - Setting next_dagrun for example_dynamic_task_mapping to None, run_after=None
[2024-09-18T11:57:41.455+0100] {processor.py:208} INFO - Processing /Users/ds2718/Documents/test_python_airflow/airflow/py_venv/lib/python3.12/site-packages/airflow/example_dags/example_dynamic_task_mapping.py took 0.123 seconds
[2024-09-18T11:58:15.272+0100] {processor.py:186} INFO - Started process (PID=10755) to work on /Users/ds2718/Documents/test_python_airflow/airflow/py_venv/lib/python3.12/site-packages/airflow/example_dags/example_dynamic_task_mapping.py
[2024-09-18T11:58:15.272+0100] {processor.py:914} INFO - Processing file /Users/ds2718/Documents/test_python_airflow/airflow/py_venv/lib/python3.12/site-packages/airflow/example_dags/example_dynamic_task_mapping.py for tasks to queue
[2024-09-18T11:58:15.273+0100] {logging_mixin.py:190} INFO - [2024-09-18T11:58:15.273+0100] {dagbag.py:587} INFO - Filling up the DagBag from /Users/ds2718/Documents/test_python_airflow/airflow/py_venv/lib/python3.12/site-packages/airflow/example_dags/example_dynamic_task_mapping.py
[2024-09-18T11:58:15.287+0100] {processor.py:925} INFO - DAG(s) 'example_dynamic_task_mapping' retrieved from /Users/ds2718/Documents/test_python_airflow/airflow/py_venv/lib/python3.12/site-packages/airflow/example_dags/example_dynamic_task_mapping.py
[2024-09-18T11:58:15.344+0100] {logging_mixin.py:190} INFO - [2024-09-18T11:58:15.343+0100] {dag.py:3229} INFO - Sync 1 DAGs
[2024-09-18T11:58:15.350+0100] {logging_mixin.py:190} INFO - [2024-09-18T11:58:15.350+0100] {dag.py:4156} INFO - Setting next_dagrun for example_dynamic_task_mapping to None, run_after=None
[2024-09-18T11:58:15.385+0100] {processor.py:208} INFO - Processing /Users/ds2718/Documents/test_python_airflow/airflow/py_venv/lib/python3.12/site-packages/airflow/example_dags/example_dynamic_task_mapping.py took 0.115 seconds
[2024-09-18T11:58:49.812+0100] {processor.py:186} INFO - Started process (PID=10934) to work on /Users/ds2718/Documents/test_python_airflow/airflow/py_venv/lib/python3.12/site-packages/airflow/example_dags/example_dynamic_task_mapping.py
[2024-09-18T11:58:49.813+0100] {processor.py:914} INFO - Processing file /Users/ds2718/Documents/test_python_airflow/airflow/py_venv/lib/python3.12/site-packages/airflow/example_dags/example_dynamic_task_mapping.py for tasks to queue
[2024-09-18T11:58:49.813+0100] {logging_mixin.py:190} INFO - [2024-09-18T11:58:49.813+0100] {dagbag.py:587} INFO - Filling up the DagBag from /Users/ds2718/Documents/test_python_airflow/airflow/py_venv/lib/python3.12/site-packages/airflow/example_dags/example_dynamic_task_mapping.py
[2024-09-18T11:58:49.841+0100] {processor.py:925} INFO - DAG(s) 'example_dynamic_task_mapping' retrieved from /Users/ds2718/Documents/test_python_airflow/airflow/py_venv/lib/python3.12/site-packages/airflow/example_dags/example_dynamic_task_mapping.py
[2024-09-18T11:58:49.960+0100] {logging_mixin.py:190} INFO - [2024-09-18T11:58:49.959+0100] {dag.py:3229} INFO - Sync 1 DAGs
[2024-09-18T11:58:50.124+0100] {logging_mixin.py:190} INFO - [2024-09-18T11:58:50.121+0100] {dag.py:4156} INFO - Setting next_dagrun for example_dynamic_task_mapping to None, run_after=None
[2024-09-18T11:58:50.330+0100] {processor.py:208} INFO - Processing /Users/ds2718/Documents/test_python_airflow/airflow/py_venv/lib/python3.12/site-packages/airflow/example_dags/example_dynamic_task_mapping.py took 0.525 seconds
[2024-09-18T11:59:24.515+0100] {processor.py:186} INFO - Started process (PID=11129) to work on /Users/ds2718/Documents/test_python_airflow/airflow/py_venv/lib/python3.12/site-packages/airflow/example_dags/example_dynamic_task_mapping.py
[2024-09-18T11:59:24.516+0100] {processor.py:914} INFO - Processing file /Users/ds2718/Documents/test_python_airflow/airflow/py_venv/lib/python3.12/site-packages/airflow/example_dags/example_dynamic_task_mapping.py for tasks to queue
[2024-09-18T11:59:24.516+0100] {logging_mixin.py:190} INFO - [2024-09-18T11:59:24.516+0100] {dagbag.py:587} INFO - Filling up the DagBag from /Users/ds2718/Documents/test_python_airflow/airflow/py_venv/lib/python3.12/site-packages/airflow/example_dags/example_dynamic_task_mapping.py
[2024-09-18T11:59:24.533+0100] {processor.py:925} INFO - DAG(s) 'example_dynamic_task_mapping' retrieved from /Users/ds2718/Documents/test_python_airflow/airflow/py_venv/lib/python3.12/site-packages/airflow/example_dags/example_dynamic_task_mapping.py
[2024-09-18T11:59:24.578+0100] {logging_mixin.py:190} INFO - [2024-09-18T11:59:24.578+0100] {dag.py:3229} INFO - Sync 1 DAGs
[2024-09-18T11:59:24.587+0100] {logging_mixin.py:190} INFO - [2024-09-18T11:59:24.586+0100] {dag.py:4156} INFO - Setting next_dagrun for example_dynamic_task_mapping to None, run_after=None
[2024-09-18T11:59:24.620+0100] {processor.py:208} INFO - Processing /Users/ds2718/Documents/test_python_airflow/airflow/py_venv/lib/python3.12/site-packages/airflow/example_dags/example_dynamic_task_mapping.py took 0.107 seconds
[2024-09-18T11:59:58.126+0100] {processor.py:186} INFO - Started process (PID=11338) to work on /Users/ds2718/Documents/test_python_airflow/airflow/py_venv/lib/python3.12/site-packages/airflow/example_dags/example_dynamic_task_mapping.py
[2024-09-18T11:59:58.127+0100] {processor.py:914} INFO - Processing file /Users/ds2718/Documents/test_python_airflow/airflow/py_venv/lib/python3.12/site-packages/airflow/example_dags/example_dynamic_task_mapping.py for tasks to queue
[2024-09-18T11:59:58.127+0100] {logging_mixin.py:190} INFO - [2024-09-18T11:59:58.127+0100] {dagbag.py:587} INFO - Filling up the DagBag from /Users/ds2718/Documents/test_python_airflow/airflow/py_venv/lib/python3.12/site-packages/airflow/example_dags/example_dynamic_task_mapping.py
[2024-09-18T11:59:58.146+0100] {processor.py:925} INFO - DAG(s) 'example_dynamic_task_mapping' retrieved from /Users/ds2718/Documents/test_python_airflow/airflow/py_venv/lib/python3.12/site-packages/airflow/example_dags/example_dynamic_task_mapping.py
[2024-09-18T11:59:58.183+0100] {logging_mixin.py:190} INFO - [2024-09-18T11:59:58.182+0100] {dag.py:3229} INFO - Sync 1 DAGs
[2024-09-18T11:59:58.190+0100] {logging_mixin.py:190} INFO - [2024-09-18T11:59:58.190+0100] {dag.py:4156} INFO - Setting next_dagrun for example_dynamic_task_mapping to None, run_after=None
[2024-09-18T11:59:58.223+0100] {processor.py:208} INFO - Processing /Users/ds2718/Documents/test_python_airflow/airflow/py_venv/lib/python3.12/site-packages/airflow/example_dags/example_dynamic_task_mapping.py took 0.105 seconds
[2024-09-18T12:00:31.058+0100] {processor.py:186} INFO - Started process (PID=11504) to work on /Users/ds2718/Documents/test_python_airflow/airflow/py_venv/lib/python3.12/site-packages/airflow/example_dags/example_dynamic_task_mapping.py
[2024-09-18T12:00:31.059+0100] {processor.py:914} INFO - Processing file /Users/ds2718/Documents/test_python_airflow/airflow/py_venv/lib/python3.12/site-packages/airflow/example_dags/example_dynamic_task_mapping.py for tasks to queue
[2024-09-18T12:00:31.059+0100] {logging_mixin.py:190} INFO - [2024-09-18T12:00:31.059+0100] {dagbag.py:587} INFO - Filling up the DagBag from /Users/ds2718/Documents/test_python_airflow/airflow/py_venv/lib/python3.12/site-packages/airflow/example_dags/example_dynamic_task_mapping.py
[2024-09-18T12:00:31.077+0100] {processor.py:925} INFO - DAG(s) 'example_dynamic_task_mapping' retrieved from /Users/ds2718/Documents/test_python_airflow/airflow/py_venv/lib/python3.12/site-packages/airflow/example_dags/example_dynamic_task_mapping.py
[2024-09-18T12:00:31.117+0100] {logging_mixin.py:190} INFO - [2024-09-18T12:00:31.116+0100] {dag.py:3229} INFO - Sync 1 DAGs
[2024-09-18T12:00:31.134+0100] {logging_mixin.py:190} INFO - [2024-09-18T12:00:31.134+0100] {dag.py:4156} INFO - Setting next_dagrun for example_dynamic_task_mapping to None, run_after=None
[2024-09-18T12:00:31.166+0100] {processor.py:208} INFO - Processing /Users/ds2718/Documents/test_python_airflow/airflow/py_venv/lib/python3.12/site-packages/airflow/example_dags/example_dynamic_task_mapping.py took 0.110 seconds
[2024-09-18T12:01:05.666+0100] {processor.py:186} INFO - Started process (PID=11720) to work on /Users/ds2718/Documents/test_python_airflow/airflow/py_venv/lib/python3.12/site-packages/airflow/example_dags/example_dynamic_task_mapping.py
[2024-09-18T12:01:05.667+0100] {processor.py:914} INFO - Processing file /Users/ds2718/Documents/test_python_airflow/airflow/py_venv/lib/python3.12/site-packages/airflow/example_dags/example_dynamic_task_mapping.py for tasks to queue
[2024-09-18T12:01:05.667+0100] {logging_mixin.py:190} INFO - [2024-09-18T12:01:05.667+0100] {dagbag.py:587} INFO - Filling up the DagBag from /Users/ds2718/Documents/test_python_airflow/airflow/py_venv/lib/python3.12/site-packages/airflow/example_dags/example_dynamic_task_mapping.py
[2024-09-18T12:01:05.682+0100] {processor.py:925} INFO - DAG(s) 'example_dynamic_task_mapping' retrieved from /Users/ds2718/Documents/test_python_airflow/airflow/py_venv/lib/python3.12/site-packages/airflow/example_dags/example_dynamic_task_mapping.py
[2024-09-18T12:01:05.723+0100] {logging_mixin.py:190} INFO - [2024-09-18T12:01:05.722+0100] {dag.py:3229} INFO - Sync 1 DAGs
[2024-09-18T12:01:05.730+0100] {logging_mixin.py:190} INFO - [2024-09-18T12:01:05.730+0100] {dag.py:4156} INFO - Setting next_dagrun for example_dynamic_task_mapping to None, run_after=None
[2024-09-18T12:01:05.773+0100] {processor.py:208} INFO - Processing /Users/ds2718/Documents/test_python_airflow/airflow/py_venv/lib/python3.12/site-packages/airflow/example_dags/example_dynamic_task_mapping.py took 0.109 seconds
[2024-09-18T12:06:32.239+0100] {processor.py:186} INFO - Started process (PID=12022) to work on /Users/ds2718/Documents/test_python_airflow/airflow/py_venv/lib/python3.12/site-packages/airflow/example_dags/example_dynamic_task_mapping.py
[2024-09-18T12:06:32.239+0100] {processor.py:914} INFO - Processing file /Users/ds2718/Documents/test_python_airflow/airflow/py_venv/lib/python3.12/site-packages/airflow/example_dags/example_dynamic_task_mapping.py for tasks to queue
[2024-09-18T12:06:32.240+0100] {logging_mixin.py:190} INFO - [2024-09-18T12:06:32.240+0100] {dagbag.py:587} INFO - Filling up the DagBag from /Users/ds2718/Documents/test_python_airflow/airflow/py_venv/lib/python3.12/site-packages/airflow/example_dags/example_dynamic_task_mapping.py
[2024-09-18T12:06:32.258+0100] {processor.py:925} INFO - DAG(s) 'example_dynamic_task_mapping' retrieved from /Users/ds2718/Documents/test_python_airflow/airflow/py_venv/lib/python3.12/site-packages/airflow/example_dags/example_dynamic_task_mapping.py
[2024-09-18T12:06:32.331+0100] {logging_mixin.py:190} INFO - [2024-09-18T12:06:32.331+0100] {dag.py:3229} INFO - Sync 1 DAGs
[2024-09-18T12:06:32.353+0100] {logging_mixin.py:190} INFO - [2024-09-18T12:06:32.353+0100] {dag.py:4156} INFO - Setting next_dagrun for example_dynamic_task_mapping to None, run_after=None
[2024-09-18T12:06:32.396+0100] {processor.py:208} INFO - Processing /Users/ds2718/Documents/test_python_airflow/airflow/py_venv/lib/python3.12/site-packages/airflow/example_dags/example_dynamic_task_mapping.py took 0.159 seconds
[2024-09-18T12:07:06.945+0100] {processor.py:186} INFO - Started process (PID=12171) to work on /Users/ds2718/Documents/test_python_airflow/airflow/py_venv/lib/python3.12/site-packages/airflow/example_dags/example_dynamic_task_mapping.py
[2024-09-18T12:07:06.946+0100] {processor.py:914} INFO - Processing file /Users/ds2718/Documents/test_python_airflow/airflow/py_venv/lib/python3.12/site-packages/airflow/example_dags/example_dynamic_task_mapping.py for tasks to queue
[2024-09-18T12:07:06.946+0100] {logging_mixin.py:190} INFO - [2024-09-18T12:07:06.946+0100] {dagbag.py:587} INFO - Filling up the DagBag from /Users/ds2718/Documents/test_python_airflow/airflow/py_venv/lib/python3.12/site-packages/airflow/example_dags/example_dynamic_task_mapping.py
[2024-09-18T12:07:06.965+0100] {processor.py:925} INFO - DAG(s) 'example_dynamic_task_mapping' retrieved from /Users/ds2718/Documents/test_python_airflow/airflow/py_venv/lib/python3.12/site-packages/airflow/example_dags/example_dynamic_task_mapping.py
[2024-09-18T12:07:07.006+0100] {logging_mixin.py:190} INFO - [2024-09-18T12:07:07.006+0100] {dag.py:3229} INFO - Sync 1 DAGs
[2024-09-18T12:07:07.013+0100] {logging_mixin.py:190} INFO - [2024-09-18T12:07:07.013+0100] {dag.py:4156} INFO - Setting next_dagrun for example_dynamic_task_mapping to None, run_after=None
[2024-09-18T12:07:07.043+0100] {processor.py:208} INFO - Processing /Users/ds2718/Documents/test_python_airflow/airflow/py_venv/lib/python3.12/site-packages/airflow/example_dags/example_dynamic_task_mapping.py took 0.103 seconds
[2024-09-18T12:07:42.655+0100] {processor.py:186} INFO - Started process (PID=12367) to work on /Users/ds2718/Documents/test_python_airflow/airflow/py_venv/lib/python3.12/site-packages/airflow/example_dags/example_dynamic_task_mapping.py
[2024-09-18T12:07:42.655+0100] {processor.py:914} INFO - Processing file /Users/ds2718/Documents/test_python_airflow/airflow/py_venv/lib/python3.12/site-packages/airflow/example_dags/example_dynamic_task_mapping.py for tasks to queue
[2024-09-18T12:07:42.656+0100] {logging_mixin.py:190} INFO - [2024-09-18T12:07:42.656+0100] {dagbag.py:587} INFO - Filling up the DagBag from /Users/ds2718/Documents/test_python_airflow/airflow/py_venv/lib/python3.12/site-packages/airflow/example_dags/example_dynamic_task_mapping.py
[2024-09-18T12:07:42.672+0100] {processor.py:925} INFO - DAG(s) 'example_dynamic_task_mapping' retrieved from /Users/ds2718/Documents/test_python_airflow/airflow/py_venv/lib/python3.12/site-packages/airflow/example_dags/example_dynamic_task_mapping.py
[2024-09-18T12:07:42.713+0100] {logging_mixin.py:190} INFO - [2024-09-18T12:07:42.713+0100] {dag.py:3229} INFO - Sync 1 DAGs
[2024-09-18T12:07:42.721+0100] {logging_mixin.py:190} INFO - [2024-09-18T12:07:42.720+0100] {dag.py:4156} INFO - Setting next_dagrun for example_dynamic_task_mapping to None, run_after=None
[2024-09-18T12:07:42.755+0100] {processor.py:208} INFO - Processing /Users/ds2718/Documents/test_python_airflow/airflow/py_venv/lib/python3.12/site-packages/airflow/example_dags/example_dynamic_task_mapping.py took 0.102 seconds
[2024-09-18T12:08:30.150+0100] {processor.py:186} INFO - Started process (PID=12533) to work on /Users/ds2718/Documents/test_python_airflow/airflow/py_venv/lib/python3.12/site-packages/airflow/example_dags/example_dynamic_task_mapping.py
[2024-09-18T12:08:30.150+0100] {processor.py:914} INFO - Processing file /Users/ds2718/Documents/test_python_airflow/airflow/py_venv/lib/python3.12/site-packages/airflow/example_dags/example_dynamic_task_mapping.py for tasks to queue
[2024-09-18T12:08:30.150+0100] {logging_mixin.py:190} INFO - [2024-09-18T12:08:30.150+0100] {dagbag.py:587} INFO - Filling up the DagBag from /Users/ds2718/Documents/test_python_airflow/airflow/py_venv/lib/python3.12/site-packages/airflow/example_dags/example_dynamic_task_mapping.py
[2024-09-18T12:08:30.169+0100] {processor.py:925} INFO - DAG(s) 'example_dynamic_task_mapping' retrieved from /Users/ds2718/Documents/test_python_airflow/airflow/py_venv/lib/python3.12/site-packages/airflow/example_dags/example_dynamic_task_mapping.py
[2024-09-18T12:08:30.212+0100] {logging_mixin.py:190} INFO - [2024-09-18T12:08:30.211+0100] {dag.py:3229} INFO - Sync 1 DAGs
[2024-09-18T12:08:30.219+0100] {logging_mixin.py:190} INFO - [2024-09-18T12:08:30.219+0100] {dag.py:4156} INFO - Setting next_dagrun for example_dynamic_task_mapping to None, run_after=None
[2024-09-18T12:08:30.256+0100] {processor.py:208} INFO - Processing /Users/ds2718/Documents/test_python_airflow/airflow/py_venv/lib/python3.12/site-packages/airflow/example_dags/example_dynamic_task_mapping.py took 0.111 seconds
[2024-09-18T12:09:02.557+0100] {processor.py:186} INFO - Started process (PID=12731) to work on /Users/ds2718/Documents/test_python_airflow/airflow/py_venv/lib/python3.12/site-packages/airflow/example_dags/example_dynamic_task_mapping.py
[2024-09-18T12:09:02.558+0100] {processor.py:914} INFO - Processing file /Users/ds2718/Documents/test_python_airflow/airflow/py_venv/lib/python3.12/site-packages/airflow/example_dags/example_dynamic_task_mapping.py for tasks to queue
[2024-09-18T12:09:02.559+0100] {logging_mixin.py:190} INFO - [2024-09-18T12:09:02.559+0100] {dagbag.py:587} INFO - Filling up the DagBag from /Users/ds2718/Documents/test_python_airflow/airflow/py_venv/lib/python3.12/site-packages/airflow/example_dags/example_dynamic_task_mapping.py
[2024-09-18T12:09:02.577+0100] {processor.py:925} INFO - DAG(s) 'example_dynamic_task_mapping' retrieved from /Users/ds2718/Documents/test_python_airflow/airflow/py_venv/lib/python3.12/site-packages/airflow/example_dags/example_dynamic_task_mapping.py
[2024-09-18T12:09:02.625+0100] {logging_mixin.py:190} INFO - [2024-09-18T12:09:02.625+0100] {dag.py:3229} INFO - Sync 1 DAGs
[2024-09-18T12:09:02.632+0100] {logging_mixin.py:190} INFO - [2024-09-18T12:09:02.632+0100] {dag.py:4156} INFO - Setting next_dagrun for example_dynamic_task_mapping to None, run_after=None
[2024-09-18T12:09:02.669+0100] {processor.py:208} INFO - Processing /Users/ds2718/Documents/test_python_airflow/airflow/py_venv/lib/python3.12/site-packages/airflow/example_dags/example_dynamic_task_mapping.py took 0.122 seconds
[2024-09-18T12:09:39.086+0100] {processor.py:186} INFO - Started process (PID=12903) to work on /Users/ds2718/Documents/test_python_airflow/airflow/py_venv/lib/python3.12/site-packages/airflow/example_dags/example_dynamic_task_mapping.py
[2024-09-18T12:09:39.087+0100] {processor.py:914} INFO - Processing file /Users/ds2718/Documents/test_python_airflow/airflow/py_venv/lib/python3.12/site-packages/airflow/example_dags/example_dynamic_task_mapping.py for tasks to queue
[2024-09-18T12:09:39.087+0100] {logging_mixin.py:190} INFO - [2024-09-18T12:09:39.087+0100] {dagbag.py:587} INFO - Filling up the DagBag from /Users/ds2718/Documents/test_python_airflow/airflow/py_venv/lib/python3.12/site-packages/airflow/example_dags/example_dynamic_task_mapping.py
[2024-09-18T12:09:39.119+0100] {processor.py:925} INFO - DAG(s) 'example_dynamic_task_mapping' retrieved from /Users/ds2718/Documents/test_python_airflow/airflow/py_venv/lib/python3.12/site-packages/airflow/example_dags/example_dynamic_task_mapping.py
[2024-09-18T12:09:39.165+0100] {logging_mixin.py:190} INFO - [2024-09-18T12:09:39.165+0100] {dag.py:3229} INFO - Sync 1 DAGs
[2024-09-18T12:09:39.173+0100] {logging_mixin.py:190} INFO - [2024-09-18T12:09:39.173+0100] {dag.py:4156} INFO - Setting next_dagrun for example_dynamic_task_mapping to None, run_after=None
[2024-09-18T12:09:39.216+0100] {processor.py:208} INFO - Processing /Users/ds2718/Documents/test_python_airflow/airflow/py_venv/lib/python3.12/site-packages/airflow/example_dags/example_dynamic_task_mapping.py took 0.139 seconds
[2024-09-18T12:10:10.796+0100] {processor.py:186} INFO - Started process (PID=13075) to work on /Users/ds2718/Documents/test_python_airflow/airflow/py_venv/lib/python3.12/site-packages/airflow/example_dags/example_dynamic_task_mapping.py
[2024-09-18T12:10:10.797+0100] {processor.py:914} INFO - Processing file /Users/ds2718/Documents/test_python_airflow/airflow/py_venv/lib/python3.12/site-packages/airflow/example_dags/example_dynamic_task_mapping.py for tasks to queue
[2024-09-18T12:10:10.797+0100] {logging_mixin.py:190} INFO - [2024-09-18T12:10:10.797+0100] {dagbag.py:587} INFO - Filling up the DagBag from /Users/ds2718/Documents/test_python_airflow/airflow/py_venv/lib/python3.12/site-packages/airflow/example_dags/example_dynamic_task_mapping.py
[2024-09-18T12:10:10.815+0100] {processor.py:925} INFO - DAG(s) 'example_dynamic_task_mapping' retrieved from /Users/ds2718/Documents/test_python_airflow/airflow/py_venv/lib/python3.12/site-packages/airflow/example_dags/example_dynamic_task_mapping.py
[2024-09-18T12:10:10.853+0100] {logging_mixin.py:190} INFO - [2024-09-18T12:10:10.853+0100] {dag.py:3229} INFO - Sync 1 DAGs
[2024-09-18T12:10:10.860+0100] {logging_mixin.py:190} INFO - [2024-09-18T12:10:10.859+0100] {dag.py:4156} INFO - Setting next_dagrun for example_dynamic_task_mapping to None, run_after=None
[2024-09-18T12:10:10.897+0100] {processor.py:208} INFO - Processing /Users/ds2718/Documents/test_python_airflow/airflow/py_venv/lib/python3.12/site-packages/airflow/example_dags/example_dynamic_task_mapping.py took 0.105 seconds
[2024-09-18T12:10:44.900+0100] {processor.py:186} INFO - Started process (PID=13218) to work on /Users/ds2718/Documents/test_python_airflow/airflow/py_venv/lib/python3.12/site-packages/airflow/example_dags/example_dynamic_task_mapping.py
[2024-09-18T12:10:44.901+0100] {processor.py:914} INFO - Processing file /Users/ds2718/Documents/test_python_airflow/airflow/py_venv/lib/python3.12/site-packages/airflow/example_dags/example_dynamic_task_mapping.py for tasks to queue
[2024-09-18T12:10:44.901+0100] {logging_mixin.py:190} INFO - [2024-09-18T12:10:44.901+0100] {dagbag.py:587} INFO - Filling up the DagBag from /Users/ds2718/Documents/test_python_airflow/airflow/py_venv/lib/python3.12/site-packages/airflow/example_dags/example_dynamic_task_mapping.py
[2024-09-18T12:10:44.920+0100] {processor.py:925} INFO - DAG(s) 'example_dynamic_task_mapping' retrieved from /Users/ds2718/Documents/test_python_airflow/airflow/py_venv/lib/python3.12/site-packages/airflow/example_dags/example_dynamic_task_mapping.py
[2024-09-18T12:10:44.959+0100] {logging_mixin.py:190} INFO - [2024-09-18T12:10:44.959+0100] {dag.py:3229} INFO - Sync 1 DAGs
[2024-09-18T12:10:44.966+0100] {logging_mixin.py:190} INFO - [2024-09-18T12:10:44.966+0100] {dag.py:4156} INFO - Setting next_dagrun for example_dynamic_task_mapping to None, run_after=None
[2024-09-18T12:10:45.005+0100] {processor.py:208} INFO - Processing /Users/ds2718/Documents/test_python_airflow/airflow/py_venv/lib/python3.12/site-packages/airflow/example_dags/example_dynamic_task_mapping.py took 0.109 seconds
[2024-09-18T12:11:18.985+0100] {processor.py:186} INFO - Started process (PID=13378) to work on /Users/ds2718/Documents/test_python_airflow/airflow/py_venv/lib/python3.12/site-packages/airflow/example_dags/example_dynamic_task_mapping.py
[2024-09-18T12:11:18.986+0100] {processor.py:914} INFO - Processing file /Users/ds2718/Documents/test_python_airflow/airflow/py_venv/lib/python3.12/site-packages/airflow/example_dags/example_dynamic_task_mapping.py for tasks to queue
[2024-09-18T12:11:18.986+0100] {logging_mixin.py:190} INFO - [2024-09-18T12:11:18.986+0100] {dagbag.py:587} INFO - Filling up the DagBag from /Users/ds2718/Documents/test_python_airflow/airflow/py_venv/lib/python3.12/site-packages/airflow/example_dags/example_dynamic_task_mapping.py
[2024-09-18T12:11:19.009+0100] {processor.py:925} INFO - DAG(s) 'example_dynamic_task_mapping' retrieved from /Users/ds2718/Documents/test_python_airflow/airflow/py_venv/lib/python3.12/site-packages/airflow/example_dags/example_dynamic_task_mapping.py
[2024-09-18T12:11:19.063+0100] {logging_mixin.py:190} INFO - [2024-09-18T12:11:19.063+0100] {dag.py:3229} INFO - Sync 1 DAGs
[2024-09-18T12:11:19.071+0100] {logging_mixin.py:190} INFO - [2024-09-18T12:11:19.070+0100] {dag.py:4156} INFO - Setting next_dagrun for example_dynamic_task_mapping to None, run_after=None
[2024-09-18T12:11:19.114+0100] {processor.py:208} INFO - Processing /Users/ds2718/Documents/test_python_airflow/airflow/py_venv/lib/python3.12/site-packages/airflow/example_dags/example_dynamic_task_mapping.py took 0.136 seconds
[2024-09-18T12:11:54.500+0100] {processor.py:186} INFO - Started process (PID=13566) to work on /Users/ds2718/Documents/test_python_airflow/airflow/py_venv/lib/python3.12/site-packages/airflow/example_dags/example_dynamic_task_mapping.py
[2024-09-18T12:11:54.501+0100] {processor.py:914} INFO - Processing file /Users/ds2718/Documents/test_python_airflow/airflow/py_venv/lib/python3.12/site-packages/airflow/example_dags/example_dynamic_task_mapping.py for tasks to queue
[2024-09-18T12:11:54.501+0100] {logging_mixin.py:190} INFO - [2024-09-18T12:11:54.501+0100] {dagbag.py:587} INFO - Filling up the DagBag from /Users/ds2718/Documents/test_python_airflow/airflow/py_venv/lib/python3.12/site-packages/airflow/example_dags/example_dynamic_task_mapping.py
[2024-09-18T12:11:54.520+0100] {processor.py:925} INFO - DAG(s) 'example_dynamic_task_mapping' retrieved from /Users/ds2718/Documents/test_python_airflow/airflow/py_venv/lib/python3.12/site-packages/airflow/example_dags/example_dynamic_task_mapping.py
[2024-09-18T12:11:54.569+0100] {logging_mixin.py:190} INFO - [2024-09-18T12:11:54.569+0100] {dag.py:3229} INFO - Sync 1 DAGs
[2024-09-18T12:11:54.577+0100] {logging_mixin.py:190} INFO - [2024-09-18T12:11:54.577+0100] {dag.py:4156} INFO - Setting next_dagrun for example_dynamic_task_mapping to None, run_after=None
[2024-09-18T12:11:54.611+0100] {processor.py:208} INFO - Processing /Users/ds2718/Documents/test_python_airflow/airflow/py_venv/lib/python3.12/site-packages/airflow/example_dags/example_dynamic_task_mapping.py took 0.113 seconds
[2024-09-18T12:12:28.127+0100] {processor.py:186} INFO - Started process (PID=13692) to work on /Users/ds2718/Documents/test_python_airflow/airflow/py_venv/lib/python3.12/site-packages/airflow/example_dags/example_dynamic_task_mapping.py
[2024-09-18T12:12:28.127+0100] {processor.py:914} INFO - Processing file /Users/ds2718/Documents/test_python_airflow/airflow/py_venv/lib/python3.12/site-packages/airflow/example_dags/example_dynamic_task_mapping.py for tasks to queue
[2024-09-18T12:12:28.128+0100] {logging_mixin.py:190} INFO - [2024-09-18T12:12:28.128+0100] {dagbag.py:587} INFO - Filling up the DagBag from /Users/ds2718/Documents/test_python_airflow/airflow/py_venv/lib/python3.12/site-packages/airflow/example_dags/example_dynamic_task_mapping.py
[2024-09-18T12:12:28.147+0100] {processor.py:925} INFO - DAG(s) 'example_dynamic_task_mapping' retrieved from /Users/ds2718/Documents/test_python_airflow/airflow/py_venv/lib/python3.12/site-packages/airflow/example_dags/example_dynamic_task_mapping.py
[2024-09-18T12:12:28.188+0100] {logging_mixin.py:190} INFO - [2024-09-18T12:12:28.188+0100] {dag.py:3229} INFO - Sync 1 DAGs
[2024-09-18T12:12:28.196+0100] {logging_mixin.py:190} INFO - [2024-09-18T12:12:28.196+0100] {dag.py:4156} INFO - Setting next_dagrun for example_dynamic_task_mapping to None, run_after=None
[2024-09-18T12:12:28.232+0100] {processor.py:208} INFO - Processing /Users/ds2718/Documents/test_python_airflow/airflow/py_venv/lib/python3.12/site-packages/airflow/example_dags/example_dynamic_task_mapping.py took 0.113 seconds
[2024-09-18T12:13:02.321+0100] {processor.py:186} INFO - Started process (PID=13887) to work on /Users/ds2718/Documents/test_python_airflow/airflow/py_venv/lib/python3.12/site-packages/airflow/example_dags/example_dynamic_task_mapping.py
[2024-09-18T12:13:02.322+0100] {processor.py:914} INFO - Processing file /Users/ds2718/Documents/test_python_airflow/airflow/py_venv/lib/python3.12/site-packages/airflow/example_dags/example_dynamic_task_mapping.py for tasks to queue
[2024-09-18T12:13:02.322+0100] {logging_mixin.py:190} INFO - [2024-09-18T12:13:02.322+0100] {dagbag.py:587} INFO - Filling up the DagBag from /Users/ds2718/Documents/test_python_airflow/airflow/py_venv/lib/python3.12/site-packages/airflow/example_dags/example_dynamic_task_mapping.py
[2024-09-18T12:13:02.340+0100] {processor.py:925} INFO - DAG(s) 'example_dynamic_task_mapping' retrieved from /Users/ds2718/Documents/test_python_airflow/airflow/py_venv/lib/python3.12/site-packages/airflow/example_dags/example_dynamic_task_mapping.py
[2024-09-18T12:13:02.380+0100] {logging_mixin.py:190} INFO - [2024-09-18T12:13:02.380+0100] {dag.py:3229} INFO - Sync 1 DAGs
[2024-09-18T12:13:02.399+0100] {logging_mixin.py:190} INFO - [2024-09-18T12:13:02.399+0100] {dag.py:4156} INFO - Setting next_dagrun for example_dynamic_task_mapping to None, run_after=None
[2024-09-18T12:13:02.437+0100] {processor.py:208} INFO - Processing /Users/ds2718/Documents/test_python_airflow/airflow/py_venv/lib/python3.12/site-packages/airflow/example_dags/example_dynamic_task_mapping.py took 0.123 seconds
[2024-09-18T12:13:38.950+0100] {processor.py:186} INFO - Started process (PID=14039) to work on /Users/ds2718/Documents/test_python_airflow/airflow/py_venv/lib/python3.12/site-packages/airflow/example_dags/example_dynamic_task_mapping.py
[2024-09-18T12:13:38.950+0100] {processor.py:914} INFO - Processing file /Users/ds2718/Documents/test_python_airflow/airflow/py_venv/lib/python3.12/site-packages/airflow/example_dags/example_dynamic_task_mapping.py for tasks to queue
[2024-09-18T12:13:38.951+0100] {logging_mixin.py:190} INFO - [2024-09-18T12:13:38.951+0100] {dagbag.py:587} INFO - Filling up the DagBag from /Users/ds2718/Documents/test_python_airflow/airflow/py_venv/lib/python3.12/site-packages/airflow/example_dags/example_dynamic_task_mapping.py
[2024-09-18T12:13:38.970+0100] {processor.py:925} INFO - DAG(s) 'example_dynamic_task_mapping' retrieved from /Users/ds2718/Documents/test_python_airflow/airflow/py_venv/lib/python3.12/site-packages/airflow/example_dags/example_dynamic_task_mapping.py
[2024-09-18T12:13:39.013+0100] {logging_mixin.py:190} INFO - [2024-09-18T12:13:39.013+0100] {dag.py:3229} INFO - Sync 1 DAGs
[2024-09-18T12:13:39.021+0100] {logging_mixin.py:190} INFO - [2024-09-18T12:13:39.021+0100] {dag.py:4156} INFO - Setting next_dagrun for example_dynamic_task_mapping to None, run_after=None
[2024-09-18T12:13:39.060+0100] {processor.py:208} INFO - Processing /Users/ds2718/Documents/test_python_airflow/airflow/py_venv/lib/python3.12/site-packages/airflow/example_dags/example_dynamic_task_mapping.py took 0.116 seconds
