[2024-09-18T11:54:17.071+0100] {processor.py:186} INFO - Started process (PID=9498) to work on /Users/ds2718/Documents/test_python_airflow/airflow/py_venv/lib/python3.12/site-packages/airflow/example_dags/example_kubernetes_executor.py
[2024-09-18T11:54:17.071+0100] {processor.py:914} INFO - Processing file /Users/ds2718/Documents/test_python_airflow/airflow/py_venv/lib/python3.12/site-packages/airflow/example_dags/example_kubernetes_executor.py for tasks to queue
[2024-09-18T11:54:17.071+0100] {logging_mixin.py:190} INFO - [2024-09-18T11:54:17.071+0100] {dagbag.py:587} INFO - Filling up the DagBag from /Users/ds2718/Documents/test_python_airflow/airflow/py_venv/lib/python3.12/site-packages/airflow/example_dags/example_kubernetes_executor.py
[2024-09-18T11:54:17.086+0100] {logging_mixin.py:190} INFO - [2024-09-18T11:54:17.086+0100] {example_kubernetes_executor.py:39} WARNING - The example_kubernetes_executor example DAG requires the kubernetes provider. Please install it with: pip install apache-airflow[cncf.kubernetes]
[2024-09-18T11:54:17.086+0100] {processor.py:927} WARNING - No viable dags retrieved from /Users/ds2718/Documents/test_python_airflow/airflow/py_venv/lib/python3.12/site-packages/airflow/example_dags/example_kubernetes_executor.py
[2024-09-18T11:54:17.128+0100] {processor.py:208} INFO - Processing /Users/ds2718/Documents/test_python_airflow/airflow/py_venv/lib/python3.12/site-packages/airflow/example_dags/example_kubernetes_executor.py took 0.060 seconds
[2024-09-18T11:54:51.851+0100] {processor.py:186} INFO - Started process (PID=9702) to work on /Users/ds2718/Documents/test_python_airflow/airflow/py_venv/lib/python3.12/site-packages/airflow/example_dags/example_kubernetes_executor.py
[2024-09-18T11:54:51.854+0100] {processor.py:914} INFO - Processing file /Users/ds2718/Documents/test_python_airflow/airflow/py_venv/lib/python3.12/site-packages/airflow/example_dags/example_kubernetes_executor.py for tasks to queue
[2024-09-18T11:54:51.854+0100] {logging_mixin.py:190} INFO - [2024-09-18T11:54:51.854+0100] {dagbag.py:587} INFO - Filling up the DagBag from /Users/ds2718/Documents/test_python_airflow/airflow/py_venv/lib/python3.12/site-packages/airflow/example_dags/example_kubernetes_executor.py
[2024-09-18T11:54:51.875+0100] {logging_mixin.py:190} INFO - [2024-09-18T11:54:51.875+0100] {example_kubernetes_executor.py:39} WARNING - The example_kubernetes_executor example DAG requires the kubernetes provider. Please install it with: pip install apache-airflow[cncf.kubernetes]
[2024-09-18T11:54:51.875+0100] {processor.py:927} WARNING - No viable dags retrieved from /Users/ds2718/Documents/test_python_airflow/airflow/py_venv/lib/python3.12/site-packages/airflow/example_dags/example_kubernetes_executor.py
[2024-09-18T11:54:51.925+0100] {processor.py:208} INFO - Processing /Users/ds2718/Documents/test_python_airflow/airflow/py_venv/lib/python3.12/site-packages/airflow/example_dags/example_kubernetes_executor.py took 0.079 seconds
[2024-09-18T11:55:26.132+0100] {processor.py:186} INFO - Started process (PID=9879) to work on /Users/ds2718/Documents/test_python_airflow/airflow/py_venv/lib/python3.12/site-packages/airflow/example_dags/example_kubernetes_executor.py
[2024-09-18T11:55:26.133+0100] {processor.py:914} INFO - Processing file /Users/ds2718/Documents/test_python_airflow/airflow/py_venv/lib/python3.12/site-packages/airflow/example_dags/example_kubernetes_executor.py for tasks to queue
[2024-09-18T11:55:26.133+0100] {logging_mixin.py:190} INFO - [2024-09-18T11:55:26.133+0100] {dagbag.py:587} INFO - Filling up the DagBag from /Users/ds2718/Documents/test_python_airflow/airflow/py_venv/lib/python3.12/site-packages/airflow/example_dags/example_kubernetes_executor.py
[2024-09-18T11:55:26.151+0100] {logging_mixin.py:190} INFO - [2024-09-18T11:55:26.150+0100] {example_kubernetes_executor.py:39} WARNING - The example_kubernetes_executor example DAG requires the kubernetes provider. Please install it with: pip install apache-airflow[cncf.kubernetes]
[2024-09-18T11:55:26.151+0100] {processor.py:927} WARNING - No viable dags retrieved from /Users/ds2718/Documents/test_python_airflow/airflow/py_venv/lib/python3.12/site-packages/airflow/example_dags/example_kubernetes_executor.py
[2024-09-18T11:55:26.186+0100] {processor.py:208} INFO - Processing /Users/ds2718/Documents/test_python_airflow/airflow/py_venv/lib/python3.12/site-packages/airflow/example_dags/example_kubernetes_executor.py took 0.057 seconds
[2024-09-18T11:55:59.464+0100] {processor.py:186} INFO - Started process (PID=10057) to work on /Users/ds2718/Documents/test_python_airflow/airflow/py_venv/lib/python3.12/site-packages/airflow/example_dags/example_kubernetes_executor.py
[2024-09-18T11:55:59.465+0100] {processor.py:914} INFO - Processing file /Users/ds2718/Documents/test_python_airflow/airflow/py_venv/lib/python3.12/site-packages/airflow/example_dags/example_kubernetes_executor.py for tasks to queue
[2024-09-18T11:55:59.465+0100] {logging_mixin.py:190} INFO - [2024-09-18T11:55:59.465+0100] {dagbag.py:587} INFO - Filling up the DagBag from /Users/ds2718/Documents/test_python_airflow/airflow/py_venv/lib/python3.12/site-packages/airflow/example_dags/example_kubernetes_executor.py
[2024-09-18T11:55:59.496+0100] {logging_mixin.py:190} INFO - [2024-09-18T11:55:59.496+0100] {example_kubernetes_executor.py:39} WARNING - The example_kubernetes_executor example DAG requires the kubernetes provider. Please install it with: pip install apache-airflow[cncf.kubernetes]
[2024-09-18T11:55:59.496+0100] {processor.py:927} WARNING - No viable dags retrieved from /Users/ds2718/Documents/test_python_airflow/airflow/py_venv/lib/python3.12/site-packages/airflow/example_dags/example_kubernetes_executor.py
[2024-09-18T11:55:59.537+0100] {processor.py:208} INFO - Processing /Users/ds2718/Documents/test_python_airflow/airflow/py_venv/lib/python3.12/site-packages/airflow/example_dags/example_kubernetes_executor.py took 0.076 seconds
[2024-09-18T11:56:32.517+0100] {processor.py:186} INFO - Started process (PID=10187) to work on /Users/ds2718/Documents/test_python_airflow/airflow/py_venv/lib/python3.12/site-packages/airflow/example_dags/example_kubernetes_executor.py
[2024-09-18T11:56:32.517+0100] {processor.py:914} INFO - Processing file /Users/ds2718/Documents/test_python_airflow/airflow/py_venv/lib/python3.12/site-packages/airflow/example_dags/example_kubernetes_executor.py for tasks to queue
[2024-09-18T11:56:32.517+0100] {logging_mixin.py:190} INFO - [2024-09-18T11:56:32.517+0100] {dagbag.py:587} INFO - Filling up the DagBag from /Users/ds2718/Documents/test_python_airflow/airflow/py_venv/lib/python3.12/site-packages/airflow/example_dags/example_kubernetes_executor.py
[2024-09-18T11:56:32.532+0100] {logging_mixin.py:190} INFO - [2024-09-18T11:56:32.532+0100] {example_kubernetes_executor.py:39} WARNING - The example_kubernetes_executor example DAG requires the kubernetes provider. Please install it with: pip install apache-airflow[cncf.kubernetes]
[2024-09-18T11:56:32.532+0100] {processor.py:927} WARNING - No viable dags retrieved from /Users/ds2718/Documents/test_python_airflow/airflow/py_venv/lib/python3.12/site-packages/airflow/example_dags/example_kubernetes_executor.py
[2024-09-18T11:56:32.567+0100] {processor.py:208} INFO - Processing /Users/ds2718/Documents/test_python_airflow/airflow/py_venv/lib/python3.12/site-packages/airflow/example_dags/example_kubernetes_executor.py took 0.054 seconds
[2024-09-18T11:57:04.477+0100] {processor.py:186} INFO - Started process (PID=10358) to work on /Users/ds2718/Documents/test_python_airflow/airflow/py_venv/lib/python3.12/site-packages/airflow/example_dags/example_kubernetes_executor.py
[2024-09-18T11:57:04.480+0100] {processor.py:914} INFO - Processing file /Users/ds2718/Documents/test_python_airflow/airflow/py_venv/lib/python3.12/site-packages/airflow/example_dags/example_kubernetes_executor.py for tasks to queue
[2024-09-18T11:57:04.481+0100] {logging_mixin.py:190} INFO - [2024-09-18T11:57:04.480+0100] {dagbag.py:587} INFO - Filling up the DagBag from /Users/ds2718/Documents/test_python_airflow/airflow/py_venv/lib/python3.12/site-packages/airflow/example_dags/example_kubernetes_executor.py
[2024-09-18T11:57:04.498+0100] {logging_mixin.py:190} INFO - [2024-09-18T11:57:04.498+0100] {example_kubernetes_executor.py:39} WARNING - The example_kubernetes_executor example DAG requires the kubernetes provider. Please install it with: pip install apache-airflow[cncf.kubernetes]
[2024-09-18T11:57:04.498+0100] {processor.py:927} WARNING - No viable dags retrieved from /Users/ds2718/Documents/test_python_airflow/airflow/py_venv/lib/python3.12/site-packages/airflow/example_dags/example_kubernetes_executor.py
[2024-09-18T11:57:04.531+0100] {processor.py:208} INFO - Processing /Users/ds2718/Documents/test_python_airflow/airflow/py_venv/lib/python3.12/site-packages/airflow/example_dags/example_kubernetes_executor.py took 0.060 seconds
[2024-09-18T11:57:38.262+0100] {processor.py:186} INFO - Started process (PID=10524) to work on /Users/ds2718/Documents/test_python_airflow/airflow/py_venv/lib/python3.12/site-packages/airflow/example_dags/example_kubernetes_executor.py
[2024-09-18T11:57:38.265+0100] {processor.py:914} INFO - Processing file /Users/ds2718/Documents/test_python_airflow/airflow/py_venv/lib/python3.12/site-packages/airflow/example_dags/example_kubernetes_executor.py for tasks to queue
[2024-09-18T11:57:38.265+0100] {logging_mixin.py:190} INFO - [2024-09-18T11:57:38.265+0100] {dagbag.py:587} INFO - Filling up the DagBag from /Users/ds2718/Documents/test_python_airflow/airflow/py_venv/lib/python3.12/site-packages/airflow/example_dags/example_kubernetes_executor.py
[2024-09-18T11:57:38.295+0100] {logging_mixin.py:190} INFO - [2024-09-18T11:57:38.295+0100] {example_kubernetes_executor.py:39} WARNING - The example_kubernetes_executor example DAG requires the kubernetes provider. Please install it with: pip install apache-airflow[cncf.kubernetes]
[2024-09-18T11:57:38.295+0100] {processor.py:927} WARNING - No viable dags retrieved from /Users/ds2718/Documents/test_python_airflow/airflow/py_venv/lib/python3.12/site-packages/airflow/example_dags/example_kubernetes_executor.py
[2024-09-18T11:57:38.331+0100] {processor.py:208} INFO - Processing /Users/ds2718/Documents/test_python_airflow/airflow/py_venv/lib/python3.12/site-packages/airflow/example_dags/example_kubernetes_executor.py took 0.076 seconds
[2024-09-18T11:58:13.231+0100] {processor.py:186} INFO - Started process (PID=10735) to work on /Users/ds2718/Documents/test_python_airflow/airflow/py_venv/lib/python3.12/site-packages/airflow/example_dags/example_kubernetes_executor.py
[2024-09-18T11:58:13.236+0100] {processor.py:914} INFO - Processing file /Users/ds2718/Documents/test_python_airflow/airflow/py_venv/lib/python3.12/site-packages/airflow/example_dags/example_kubernetes_executor.py for tasks to queue
[2024-09-18T11:58:13.236+0100] {logging_mixin.py:190} INFO - [2024-09-18T11:58:13.236+0100] {dagbag.py:587} INFO - Filling up the DagBag from /Users/ds2718/Documents/test_python_airflow/airflow/py_venv/lib/python3.12/site-packages/airflow/example_dags/example_kubernetes_executor.py
[2024-09-18T11:58:13.259+0100] {logging_mixin.py:190} INFO - [2024-09-18T11:58:13.259+0100] {example_kubernetes_executor.py:39} WARNING - The example_kubernetes_executor example DAG requires the kubernetes provider. Please install it with: pip install apache-airflow[cncf.kubernetes]
[2024-09-18T11:58:13.259+0100] {processor.py:927} WARNING - No viable dags retrieved from /Users/ds2718/Documents/test_python_airflow/airflow/py_venv/lib/python3.12/site-packages/airflow/example_dags/example_kubernetes_executor.py
[2024-09-18T11:58:13.293+0100] {processor.py:208} INFO - Processing /Users/ds2718/Documents/test_python_airflow/airflow/py_venv/lib/python3.12/site-packages/airflow/example_dags/example_kubernetes_executor.py took 0.070 seconds
[2024-09-18T11:58:47.474+0100] {processor.py:186} INFO - Started process (PID=10901) to work on /Users/ds2718/Documents/test_python_airflow/airflow/py_venv/lib/python3.12/site-packages/airflow/example_dags/example_kubernetes_executor.py
[2024-09-18T11:58:47.477+0100] {processor.py:914} INFO - Processing file /Users/ds2718/Documents/test_python_airflow/airflow/py_venv/lib/python3.12/site-packages/airflow/example_dags/example_kubernetes_executor.py for tasks to queue
[2024-09-18T11:58:47.478+0100] {logging_mixin.py:190} INFO - [2024-09-18T11:58:47.478+0100] {dagbag.py:587} INFO - Filling up the DagBag from /Users/ds2718/Documents/test_python_airflow/airflow/py_venv/lib/python3.12/site-packages/airflow/example_dags/example_kubernetes_executor.py
[2024-09-18T11:58:47.496+0100] {logging_mixin.py:190} INFO - [2024-09-18T11:58:47.495+0100] {example_kubernetes_executor.py:39} WARNING - The example_kubernetes_executor example DAG requires the kubernetes provider. Please install it with: pip install apache-airflow[cncf.kubernetes]
[2024-09-18T11:58:47.496+0100] {processor.py:927} WARNING - No viable dags retrieved from /Users/ds2718/Documents/test_python_airflow/airflow/py_venv/lib/python3.12/site-packages/airflow/example_dags/example_kubernetes_executor.py
[2024-09-18T11:58:47.534+0100] {processor.py:208} INFO - Processing /Users/ds2718/Documents/test_python_airflow/airflow/py_venv/lib/python3.12/site-packages/airflow/example_dags/example_kubernetes_executor.py took 0.074 seconds
[2024-09-18T11:59:22.360+0100] {processor.py:186} INFO - Started process (PID=11115) to work on /Users/ds2718/Documents/test_python_airflow/airflow/py_venv/lib/python3.12/site-packages/airflow/example_dags/example_kubernetes_executor.py
[2024-09-18T11:59:22.361+0100] {processor.py:914} INFO - Processing file /Users/ds2718/Documents/test_python_airflow/airflow/py_venv/lib/python3.12/site-packages/airflow/example_dags/example_kubernetes_executor.py for tasks to queue
[2024-09-18T11:59:22.361+0100] {logging_mixin.py:190} INFO - [2024-09-18T11:59:22.361+0100] {dagbag.py:587} INFO - Filling up the DagBag from /Users/ds2718/Documents/test_python_airflow/airflow/py_venv/lib/python3.12/site-packages/airflow/example_dags/example_kubernetes_executor.py
[2024-09-18T11:59:22.380+0100] {logging_mixin.py:190} INFO - [2024-09-18T11:59:22.380+0100] {example_kubernetes_executor.py:39} WARNING - The example_kubernetes_executor example DAG requires the kubernetes provider. Please install it with: pip install apache-airflow[cncf.kubernetes]
[2024-09-18T11:59:22.380+0100] {processor.py:927} WARNING - No viable dags retrieved from /Users/ds2718/Documents/test_python_airflow/airflow/py_venv/lib/python3.12/site-packages/airflow/example_dags/example_kubernetes_executor.py
[2024-09-18T11:59:22.418+0100] {processor.py:208} INFO - Processing /Users/ds2718/Documents/test_python_airflow/airflow/py_venv/lib/python3.12/site-packages/airflow/example_dags/example_kubernetes_executor.py took 0.062 seconds
[2024-09-18T11:59:56.097+0100] {processor.py:186} INFO - Started process (PID=11323) to work on /Users/ds2718/Documents/test_python_airflow/airflow/py_venv/lib/python3.12/site-packages/airflow/example_dags/example_kubernetes_executor.py
[2024-09-18T11:59:56.098+0100] {processor.py:914} INFO - Processing file /Users/ds2718/Documents/test_python_airflow/airflow/py_venv/lib/python3.12/site-packages/airflow/example_dags/example_kubernetes_executor.py for tasks to queue
[2024-09-18T11:59:56.098+0100] {logging_mixin.py:190} INFO - [2024-09-18T11:59:56.098+0100] {dagbag.py:587} INFO - Filling up the DagBag from /Users/ds2718/Documents/test_python_airflow/airflow/py_venv/lib/python3.12/site-packages/airflow/example_dags/example_kubernetes_executor.py
[2024-09-18T11:59:56.117+0100] {logging_mixin.py:190} INFO - [2024-09-18T11:59:56.117+0100] {example_kubernetes_executor.py:39} WARNING - The example_kubernetes_executor example DAG requires the kubernetes provider. Please install it with: pip install apache-airflow[cncf.kubernetes]
[2024-09-18T11:59:56.117+0100] {processor.py:927} WARNING - No viable dags retrieved from /Users/ds2718/Documents/test_python_airflow/airflow/py_venv/lib/python3.12/site-packages/airflow/example_dags/example_kubernetes_executor.py
[2024-09-18T11:59:56.153+0100] {processor.py:208} INFO - Processing /Users/ds2718/Documents/test_python_airflow/airflow/py_venv/lib/python3.12/site-packages/airflow/example_dags/example_kubernetes_executor.py took 0.062 seconds
[2024-09-18T12:00:28.781+0100] {processor.py:186} INFO - Started process (PID=11496) to work on /Users/ds2718/Documents/test_python_airflow/airflow/py_venv/lib/python3.12/site-packages/airflow/example_dags/example_kubernetes_executor.py
[2024-09-18T12:00:28.782+0100] {processor.py:914} INFO - Processing file /Users/ds2718/Documents/test_python_airflow/airflow/py_venv/lib/python3.12/site-packages/airflow/example_dags/example_kubernetes_executor.py for tasks to queue
[2024-09-18T12:00:28.782+0100] {logging_mixin.py:190} INFO - [2024-09-18T12:00:28.782+0100] {dagbag.py:587} INFO - Filling up the DagBag from /Users/ds2718/Documents/test_python_airflow/airflow/py_venv/lib/python3.12/site-packages/airflow/example_dags/example_kubernetes_executor.py
[2024-09-18T12:00:28.801+0100] {logging_mixin.py:190} INFO - [2024-09-18T12:00:28.801+0100] {example_kubernetes_executor.py:39} WARNING - The example_kubernetes_executor example DAG requires the kubernetes provider. Please install it with: pip install apache-airflow[cncf.kubernetes]
[2024-09-18T12:00:28.801+0100] {processor.py:927} WARNING - No viable dags retrieved from /Users/ds2718/Documents/test_python_airflow/airflow/py_venv/lib/python3.12/site-packages/airflow/example_dags/example_kubernetes_executor.py
[2024-09-18T12:00:28.834+0100] {processor.py:208} INFO - Processing /Users/ds2718/Documents/test_python_airflow/airflow/py_venv/lib/python3.12/site-packages/airflow/example_dags/example_kubernetes_executor.py took 0.060 seconds
[2024-09-18T12:01:02.520+0100] {processor.py:186} INFO - Started process (PID=11706) to work on /Users/ds2718/Documents/test_python_airflow/airflow/py_venv/lib/python3.12/site-packages/airflow/example_dags/example_kubernetes_executor.py
[2024-09-18T12:01:02.520+0100] {processor.py:914} INFO - Processing file /Users/ds2718/Documents/test_python_airflow/airflow/py_venv/lib/python3.12/site-packages/airflow/example_dags/example_kubernetes_executor.py for tasks to queue
[2024-09-18T12:01:02.521+0100] {logging_mixin.py:190} INFO - [2024-09-18T12:01:02.521+0100] {dagbag.py:587} INFO - Filling up the DagBag from /Users/ds2718/Documents/test_python_airflow/airflow/py_venv/lib/python3.12/site-packages/airflow/example_dags/example_kubernetes_executor.py
[2024-09-18T12:01:02.538+0100] {logging_mixin.py:190} INFO - [2024-09-18T12:01:02.538+0100] {example_kubernetes_executor.py:39} WARNING - The example_kubernetes_executor example DAG requires the kubernetes provider. Please install it with: pip install apache-airflow[cncf.kubernetes]
[2024-09-18T12:01:02.538+0100] {processor.py:927} WARNING - No viable dags retrieved from /Users/ds2718/Documents/test_python_airflow/airflow/py_venv/lib/python3.12/site-packages/airflow/example_dags/example_kubernetes_executor.py
[2024-09-18T12:01:02.576+0100] {processor.py:208} INFO - Processing /Users/ds2718/Documents/test_python_airflow/airflow/py_venv/lib/python3.12/site-packages/airflow/example_dags/example_kubernetes_executor.py took 0.061 seconds
[2024-09-18T12:06:17.557+0100] {processor.py:186} INFO - Started process (PID=11928) to work on /Users/ds2718/Documents/test_python_airflow/airflow/py_venv/lib/python3.12/site-packages/airflow/example_dags/example_kubernetes_executor.py
[2024-09-18T12:06:17.557+0100] {processor.py:914} INFO - Processing file /Users/ds2718/Documents/test_python_airflow/airflow/py_venv/lib/python3.12/site-packages/airflow/example_dags/example_kubernetes_executor.py for tasks to queue
[2024-09-18T12:06:17.558+0100] {logging_mixin.py:190} INFO - [2024-09-18T12:06:17.558+0100] {dagbag.py:587} INFO - Filling up the DagBag from /Users/ds2718/Documents/test_python_airflow/airflow/py_venv/lib/python3.12/site-packages/airflow/example_dags/example_kubernetes_executor.py
[2024-09-18T12:06:17.573+0100] {logging_mixin.py:190} INFO - [2024-09-18T12:06:17.573+0100] {example_kubernetes_executor.py:39} WARNING - The example_kubernetes_executor example DAG requires the kubernetes provider. Please install it with: pip install apache-airflow[cncf.kubernetes]
[2024-09-18T12:06:17.574+0100] {processor.py:927} WARNING - No viable dags retrieved from /Users/ds2718/Documents/test_python_airflow/airflow/py_venv/lib/python3.12/site-packages/airflow/example_dags/example_kubernetes_executor.py
[2024-09-18T12:06:17.606+0100] {processor.py:208} INFO - Processing /Users/ds2718/Documents/test_python_airflow/airflow/py_venv/lib/python3.12/site-packages/airflow/example_dags/example_kubernetes_executor.py took 0.054 seconds
[2024-09-18T12:06:51.241+0100] {processor.py:186} INFO - Started process (PID=12098) to work on /Users/ds2718/Documents/test_python_airflow/airflow/py_venv/lib/python3.12/site-packages/airflow/example_dags/example_kubernetes_executor.py
[2024-09-18T12:06:51.242+0100] {processor.py:914} INFO - Processing file /Users/ds2718/Documents/test_python_airflow/airflow/py_venv/lib/python3.12/site-packages/airflow/example_dags/example_kubernetes_executor.py for tasks to queue
[2024-09-18T12:06:51.243+0100] {logging_mixin.py:190} INFO - [2024-09-18T12:06:51.242+0100] {dagbag.py:587} INFO - Filling up the DagBag from /Users/ds2718/Documents/test_python_airflow/airflow/py_venv/lib/python3.12/site-packages/airflow/example_dags/example_kubernetes_executor.py
[2024-09-18T12:06:51.261+0100] {logging_mixin.py:190} INFO - [2024-09-18T12:06:51.261+0100] {example_kubernetes_executor.py:39} WARNING - The example_kubernetes_executor example DAG requires the kubernetes provider. Please install it with: pip install apache-airflow[cncf.kubernetes]
[2024-09-18T12:06:51.261+0100] {processor.py:927} WARNING - No viable dags retrieved from /Users/ds2718/Documents/test_python_airflow/airflow/py_venv/lib/python3.12/site-packages/airflow/example_dags/example_kubernetes_executor.py
[2024-09-18T12:06:51.299+0100] {processor.py:208} INFO - Processing /Users/ds2718/Documents/test_python_airflow/airflow/py_venv/lib/python3.12/site-packages/airflow/example_dags/example_kubernetes_executor.py took 0.063 seconds
[2024-09-18T12:07:25.849+0100] {processor.py:186} INFO - Started process (PID=12270) to work on /Users/ds2718/Documents/test_python_airflow/airflow/py_venv/lib/python3.12/site-packages/airflow/example_dags/example_kubernetes_executor.py
[2024-09-18T12:07:25.851+0100] {processor.py:914} INFO - Processing file /Users/ds2718/Documents/test_python_airflow/airflow/py_venv/lib/python3.12/site-packages/airflow/example_dags/example_kubernetes_executor.py for tasks to queue
[2024-09-18T12:07:25.851+0100] {logging_mixin.py:190} INFO - [2024-09-18T12:07:25.851+0100] {dagbag.py:587} INFO - Filling up the DagBag from /Users/ds2718/Documents/test_python_airflow/airflow/py_venv/lib/python3.12/site-packages/airflow/example_dags/example_kubernetes_executor.py
[2024-09-18T12:07:25.878+0100] {logging_mixin.py:190} INFO - [2024-09-18T12:07:25.878+0100] {example_kubernetes_executor.py:39} WARNING - The example_kubernetes_executor example DAG requires the kubernetes provider. Please install it with: pip install apache-airflow[cncf.kubernetes]
[2024-09-18T12:07:25.878+0100] {processor.py:927} WARNING - No viable dags retrieved from /Users/ds2718/Documents/test_python_airflow/airflow/py_venv/lib/python3.12/site-packages/airflow/example_dags/example_kubernetes_executor.py
[2024-09-18T12:07:25.917+0100] {processor.py:208} INFO - Processing /Users/ds2718/Documents/test_python_airflow/airflow/py_venv/lib/python3.12/site-packages/airflow/example_dags/example_kubernetes_executor.py took 0.071 seconds
[2024-09-18T12:08:09.780+0100] {processor.py:186} INFO - Started process (PID=12454) to work on /Users/ds2718/Documents/test_python_airflow/airflow/py_venv/lib/python3.12/site-packages/airflow/example_dags/example_kubernetes_executor.py
[2024-09-18T12:08:09.782+0100] {processor.py:914} INFO - Processing file /Users/ds2718/Documents/test_python_airflow/airflow/py_venv/lib/python3.12/site-packages/airflow/example_dags/example_kubernetes_executor.py for tasks to queue
[2024-09-18T12:08:09.783+0100] {logging_mixin.py:190} INFO - [2024-09-18T12:08:09.783+0100] {dagbag.py:587} INFO - Filling up the DagBag from /Users/ds2718/Documents/test_python_airflow/airflow/py_venv/lib/python3.12/site-packages/airflow/example_dags/example_kubernetes_executor.py
[2024-09-18T12:08:09.804+0100] {logging_mixin.py:190} INFO - [2024-09-18T12:08:09.803+0100] {example_kubernetes_executor.py:39} WARNING - The example_kubernetes_executor example DAG requires the kubernetes provider. Please install it with: pip install apache-airflow[cncf.kubernetes]
[2024-09-18T12:08:09.804+0100] {processor.py:927} WARNING - No viable dags retrieved from /Users/ds2718/Documents/test_python_airflow/airflow/py_venv/lib/python3.12/site-packages/airflow/example_dags/example_kubernetes_executor.py
[2024-09-18T12:08:09.859+0100] {processor.py:208} INFO - Processing /Users/ds2718/Documents/test_python_airflow/airflow/py_venv/lib/python3.12/site-packages/airflow/example_dags/example_kubernetes_executor.py took 0.089 seconds
[2024-09-18T12:08:45.923+0100] {processor.py:186} INFO - Started process (PID=12659) to work on /Users/ds2718/Documents/test_python_airflow/airflow/py_venv/lib/python3.12/site-packages/airflow/example_dags/example_kubernetes_executor.py
[2024-09-18T12:08:45.927+0100] {processor.py:914} INFO - Processing file /Users/ds2718/Documents/test_python_airflow/airflow/py_venv/lib/python3.12/site-packages/airflow/example_dags/example_kubernetes_executor.py for tasks to queue
[2024-09-18T12:08:45.927+0100] {logging_mixin.py:190} INFO - [2024-09-18T12:08:45.927+0100] {dagbag.py:587} INFO - Filling up the DagBag from /Users/ds2718/Documents/test_python_airflow/airflow/py_venv/lib/python3.12/site-packages/airflow/example_dags/example_kubernetes_executor.py
[2024-09-18T12:08:45.943+0100] {logging_mixin.py:190} INFO - [2024-09-18T12:08:45.943+0100] {example_kubernetes_executor.py:39} WARNING - The example_kubernetes_executor example DAG requires the kubernetes provider. Please install it with: pip install apache-airflow[cncf.kubernetes]
[2024-09-18T12:08:45.943+0100] {processor.py:927} WARNING - No viable dags retrieved from /Users/ds2718/Documents/test_python_airflow/airflow/py_venv/lib/python3.12/site-packages/airflow/example_dags/example_kubernetes_executor.py
[2024-09-18T12:08:45.981+0100] {processor.py:208} INFO - Processing /Users/ds2718/Documents/test_python_airflow/airflow/py_venv/lib/python3.12/site-packages/airflow/example_dags/example_kubernetes_executor.py took 0.062 seconds
[2024-09-18T12:09:21.937+0100] {processor.py:186} INFO - Started process (PID=12811) to work on /Users/ds2718/Documents/test_python_airflow/airflow/py_venv/lib/python3.12/site-packages/airflow/example_dags/example_kubernetes_executor.py
[2024-09-18T12:09:21.938+0100] {processor.py:914} INFO - Processing file /Users/ds2718/Documents/test_python_airflow/airflow/py_venv/lib/python3.12/site-packages/airflow/example_dags/example_kubernetes_executor.py for tasks to queue
[2024-09-18T12:09:21.938+0100] {logging_mixin.py:190} INFO - [2024-09-18T12:09:21.938+0100] {dagbag.py:587} INFO - Filling up the DagBag from /Users/ds2718/Documents/test_python_airflow/airflow/py_venv/lib/python3.12/site-packages/airflow/example_dags/example_kubernetes_executor.py
[2024-09-18T12:09:21.952+0100] {logging_mixin.py:190} INFO - [2024-09-18T12:09:21.952+0100] {example_kubernetes_executor.py:39} WARNING - The example_kubernetes_executor example DAG requires the kubernetes provider. Please install it with: pip install apache-airflow[cncf.kubernetes]
[2024-09-18T12:09:21.953+0100] {processor.py:927} WARNING - No viable dags retrieved from /Users/ds2718/Documents/test_python_airflow/airflow/py_venv/lib/python3.12/site-packages/airflow/example_dags/example_kubernetes_executor.py
[2024-09-18T12:09:21.987+0100] {processor.py:208} INFO - Processing /Users/ds2718/Documents/test_python_airflow/airflow/py_venv/lib/python3.12/site-packages/airflow/example_dags/example_kubernetes_executor.py took 0.052 seconds
[2024-09-18T12:09:58.144+0100] {processor.py:186} INFO - Started process (PID=13021) to work on /Users/ds2718/Documents/test_python_airflow/airflow/py_venv/lib/python3.12/site-packages/airflow/example_dags/example_kubernetes_executor.py
[2024-09-18T12:09:58.145+0100] {processor.py:914} INFO - Processing file /Users/ds2718/Documents/test_python_airflow/airflow/py_venv/lib/python3.12/site-packages/airflow/example_dags/example_kubernetes_executor.py for tasks to queue
[2024-09-18T12:09:58.145+0100] {logging_mixin.py:190} INFO - [2024-09-18T12:09:58.145+0100] {dagbag.py:587} INFO - Filling up the DagBag from /Users/ds2718/Documents/test_python_airflow/airflow/py_venv/lib/python3.12/site-packages/airflow/example_dags/example_kubernetes_executor.py
[2024-09-18T12:09:58.162+0100] {logging_mixin.py:190} INFO - [2024-09-18T12:09:58.162+0100] {example_kubernetes_executor.py:39} WARNING - The example_kubernetes_executor example DAG requires the kubernetes provider. Please install it with: pip install apache-airflow[cncf.kubernetes]
[2024-09-18T12:09:58.162+0100] {processor.py:927} WARNING - No viable dags retrieved from /Users/ds2718/Documents/test_python_airflow/airflow/py_venv/lib/python3.12/site-packages/airflow/example_dags/example_kubernetes_executor.py
[2024-09-18T12:09:58.196+0100] {processor.py:208} INFO - Processing /Users/ds2718/Documents/test_python_airflow/airflow/py_venv/lib/python3.12/site-packages/airflow/example_dags/example_kubernetes_executor.py took 0.062 seconds
[2024-09-18T12:10:33.074+0100] {processor.py:186} INFO - Started process (PID=13163) to work on /Users/ds2718/Documents/test_python_airflow/airflow/py_venv/lib/python3.12/site-packages/airflow/example_dags/example_kubernetes_executor.py
[2024-09-18T12:10:33.076+0100] {processor.py:914} INFO - Processing file /Users/ds2718/Documents/test_python_airflow/airflow/py_venv/lib/python3.12/site-packages/airflow/example_dags/example_kubernetes_executor.py for tasks to queue
[2024-09-18T12:10:33.076+0100] {logging_mixin.py:190} INFO - [2024-09-18T12:10:33.076+0100] {dagbag.py:587} INFO - Filling up the DagBag from /Users/ds2718/Documents/test_python_airflow/airflow/py_venv/lib/python3.12/site-packages/airflow/example_dags/example_kubernetes_executor.py
[2024-09-18T12:10:33.099+0100] {logging_mixin.py:190} INFO - [2024-09-18T12:10:33.099+0100] {example_kubernetes_executor.py:39} WARNING - The example_kubernetes_executor example DAG requires the kubernetes provider. Please install it with: pip install apache-airflow[cncf.kubernetes]
[2024-09-18T12:10:33.099+0100] {processor.py:927} WARNING - No viable dags retrieved from /Users/ds2718/Documents/test_python_airflow/airflow/py_venv/lib/python3.12/site-packages/airflow/example_dags/example_kubernetes_executor.py
[2024-09-18T12:10:33.190+0100] {processor.py:208} INFO - Processing /Users/ds2718/Documents/test_python_airflow/airflow/py_venv/lib/python3.12/site-packages/airflow/example_dags/example_kubernetes_executor.py took 0.125 seconds
[2024-09-18T12:11:06.849+0100] {processor.py:186} INFO - Started process (PID=13337) to work on /Users/ds2718/Documents/test_python_airflow/airflow/py_venv/lib/python3.12/site-packages/airflow/example_dags/example_kubernetes_executor.py
[2024-09-18T12:11:06.850+0100] {processor.py:914} INFO - Processing file /Users/ds2718/Documents/test_python_airflow/airflow/py_venv/lib/python3.12/site-packages/airflow/example_dags/example_kubernetes_executor.py for tasks to queue
[2024-09-18T12:11:06.850+0100] {logging_mixin.py:190} INFO - [2024-09-18T12:11:06.850+0100] {dagbag.py:587} INFO - Filling up the DagBag from /Users/ds2718/Documents/test_python_airflow/airflow/py_venv/lib/python3.12/site-packages/airflow/example_dags/example_kubernetes_executor.py
[2024-09-18T12:11:06.881+0100] {logging_mixin.py:190} INFO - [2024-09-18T12:11:06.881+0100] {example_kubernetes_executor.py:39} WARNING - The example_kubernetes_executor example DAG requires the kubernetes provider. Please install it with: pip install apache-airflow[cncf.kubernetes]
[2024-09-18T12:11:06.881+0100] {processor.py:927} WARNING - No viable dags retrieved from /Users/ds2718/Documents/test_python_airflow/airflow/py_venv/lib/python3.12/site-packages/airflow/example_dags/example_kubernetes_executor.py
[2024-09-18T12:11:06.921+0100] {processor.py:208} INFO - Processing /Users/ds2718/Documents/test_python_airflow/airflow/py_venv/lib/python3.12/site-packages/airflow/example_dags/example_kubernetes_executor.py took 0.082 seconds
[2024-09-18T12:11:42.400+0100] {processor.py:186} INFO - Started process (PID=13490) to work on /Users/ds2718/Documents/test_python_airflow/airflow/py_venv/lib/python3.12/site-packages/airflow/example_dags/example_kubernetes_executor.py
[2024-09-18T12:11:42.401+0100] {processor.py:914} INFO - Processing file /Users/ds2718/Documents/test_python_airflow/airflow/py_venv/lib/python3.12/site-packages/airflow/example_dags/example_kubernetes_executor.py for tasks to queue
[2024-09-18T12:11:42.401+0100] {logging_mixin.py:190} INFO - [2024-09-18T12:11:42.401+0100] {dagbag.py:587} INFO - Filling up the DagBag from /Users/ds2718/Documents/test_python_airflow/airflow/py_venv/lib/python3.12/site-packages/airflow/example_dags/example_kubernetes_executor.py
[2024-09-18T12:11:42.421+0100] {logging_mixin.py:190} INFO - [2024-09-18T12:11:42.421+0100] {example_kubernetes_executor.py:39} WARNING - The example_kubernetes_executor example DAG requires the kubernetes provider. Please install it with: pip install apache-airflow[cncf.kubernetes]
[2024-09-18T12:11:42.421+0100] {processor.py:927} WARNING - No viable dags retrieved from /Users/ds2718/Documents/test_python_airflow/airflow/py_venv/lib/python3.12/site-packages/airflow/example_dags/example_kubernetes_executor.py
[2024-09-18T12:11:42.455+0100] {processor.py:208} INFO - Processing /Users/ds2718/Documents/test_python_airflow/airflow/py_venv/lib/python3.12/site-packages/airflow/example_dags/example_kubernetes_executor.py took 0.061 seconds
[2024-09-18T12:12:16.608+0100] {processor.py:186} INFO - Started process (PID=13649) to work on /Users/ds2718/Documents/test_python_airflow/airflow/py_venv/lib/python3.12/site-packages/airflow/example_dags/example_kubernetes_executor.py
[2024-09-18T12:12:16.608+0100] {processor.py:914} INFO - Processing file /Users/ds2718/Documents/test_python_airflow/airflow/py_venv/lib/python3.12/site-packages/airflow/example_dags/example_kubernetes_executor.py for tasks to queue
[2024-09-18T12:12:16.608+0100] {logging_mixin.py:190} INFO - [2024-09-18T12:12:16.608+0100] {dagbag.py:587} INFO - Filling up the DagBag from /Users/ds2718/Documents/test_python_airflow/airflow/py_venv/lib/python3.12/site-packages/airflow/example_dags/example_kubernetes_executor.py
[2024-09-18T12:12:16.626+0100] {logging_mixin.py:190} INFO - [2024-09-18T12:12:16.626+0100] {example_kubernetes_executor.py:39} WARNING - The example_kubernetes_executor example DAG requires the kubernetes provider. Please install it with: pip install apache-airflow[cncf.kubernetes]
[2024-09-18T12:12:16.626+0100] {processor.py:927} WARNING - No viable dags retrieved from /Users/ds2718/Documents/test_python_airflow/airflow/py_venv/lib/python3.12/site-packages/airflow/example_dags/example_kubernetes_executor.py
[2024-09-18T12:12:16.661+0100] {processor.py:208} INFO - Processing /Users/ds2718/Documents/test_python_airflow/airflow/py_venv/lib/python3.12/site-packages/airflow/example_dags/example_kubernetes_executor.py took 0.059 seconds
[2024-09-18T12:12:50.953+0100] {processor.py:186} INFO - Started process (PID=13798) to work on /Users/ds2718/Documents/test_python_airflow/airflow/py_venv/lib/python3.12/site-packages/airflow/example_dags/example_kubernetes_executor.py
[2024-09-18T12:12:50.954+0100] {processor.py:914} INFO - Processing file /Users/ds2718/Documents/test_python_airflow/airflow/py_venv/lib/python3.12/site-packages/airflow/example_dags/example_kubernetes_executor.py for tasks to queue
[2024-09-18T12:12:50.955+0100] {logging_mixin.py:190} INFO - [2024-09-18T12:12:50.954+0100] {dagbag.py:587} INFO - Filling up the DagBag from /Users/ds2718/Documents/test_python_airflow/airflow/py_venv/lib/python3.12/site-packages/airflow/example_dags/example_kubernetes_executor.py
[2024-09-18T12:12:50.978+0100] {logging_mixin.py:190} INFO - [2024-09-18T12:12:50.978+0100] {example_kubernetes_executor.py:39} WARNING - The example_kubernetes_executor example DAG requires the kubernetes provider. Please install it with: pip install apache-airflow[cncf.kubernetes]
[2024-09-18T12:12:50.978+0100] {processor.py:927} WARNING - No viable dags retrieved from /Users/ds2718/Documents/test_python_airflow/airflow/py_venv/lib/python3.12/site-packages/airflow/example_dags/example_kubernetes_executor.py
[2024-09-18T12:12:51.013+0100] {processor.py:208} INFO - Processing /Users/ds2718/Documents/test_python_airflow/airflow/py_venv/lib/python3.12/site-packages/airflow/example_dags/example_kubernetes_executor.py took 0.068 seconds
[2024-09-18T12:13:26.848+0100] {processor.py:186} INFO - Started process (PID=13995) to work on /Users/ds2718/Documents/test_python_airflow/airflow/py_venv/lib/python3.12/site-packages/airflow/example_dags/example_kubernetes_executor.py
[2024-09-18T12:13:26.849+0100] {processor.py:914} INFO - Processing file /Users/ds2718/Documents/test_python_airflow/airflow/py_venv/lib/python3.12/site-packages/airflow/example_dags/example_kubernetes_executor.py for tasks to queue
[2024-09-18T12:13:26.850+0100] {logging_mixin.py:190} INFO - [2024-09-18T12:13:26.850+0100] {dagbag.py:587} INFO - Filling up the DagBag from /Users/ds2718/Documents/test_python_airflow/airflow/py_venv/lib/python3.12/site-packages/airflow/example_dags/example_kubernetes_executor.py
[2024-09-18T12:13:26.868+0100] {logging_mixin.py:190} INFO - [2024-09-18T12:13:26.868+0100] {example_kubernetes_executor.py:39} WARNING - The example_kubernetes_executor example DAG requires the kubernetes provider. Please install it with: pip install apache-airflow[cncf.kubernetes]
[2024-09-18T12:13:26.868+0100] {processor.py:927} WARNING - No viable dags retrieved from /Users/ds2718/Documents/test_python_airflow/airflow/py_venv/lib/python3.12/site-packages/airflow/example_dags/example_kubernetes_executor.py
[2024-09-18T12:13:26.902+0100] {processor.py:208} INFO - Processing /Users/ds2718/Documents/test_python_airflow/airflow/py_venv/lib/python3.12/site-packages/airflow/example_dags/example_kubernetes_executor.py took 0.058 seconds
[2024-09-18T12:14:05.792+0100] {processor.py:186} INFO - Started process (PID=14199) to work on /Users/ds2718/Documents/test_python_airflow/airflow/py_venv/lib/python3.12/site-packages/airflow/example_dags/example_kubernetes_executor.py
[2024-09-18T12:14:05.793+0100] {processor.py:914} INFO - Processing file /Users/ds2718/Documents/test_python_airflow/airflow/py_venv/lib/python3.12/site-packages/airflow/example_dags/example_kubernetes_executor.py for tasks to queue
[2024-09-18T12:14:05.793+0100] {logging_mixin.py:190} INFO - [2024-09-18T12:14:05.793+0100] {dagbag.py:587} INFO - Filling up the DagBag from /Users/ds2718/Documents/test_python_airflow/airflow/py_venv/lib/python3.12/site-packages/airflow/example_dags/example_kubernetes_executor.py
[2024-09-18T12:14:05.812+0100] {logging_mixin.py:190} INFO - [2024-09-18T12:14:05.812+0100] {example_kubernetes_executor.py:39} WARNING - The example_kubernetes_executor example DAG requires the kubernetes provider. Please install it with: pip install apache-airflow[cncf.kubernetes]
[2024-09-18T12:14:05.812+0100] {processor.py:927} WARNING - No viable dags retrieved from /Users/ds2718/Documents/test_python_airflow/airflow/py_venv/lib/python3.12/site-packages/airflow/example_dags/example_kubernetes_executor.py
[2024-09-18T12:14:05.847+0100] {processor.py:208} INFO - Processing /Users/ds2718/Documents/test_python_airflow/airflow/py_venv/lib/python3.12/site-packages/airflow/example_dags/example_kubernetes_executor.py took 0.062 seconds
