[2024-09-18T11:54:22.175+0100] {processor.py:186} INFO - Started process (PID=9515) to work on /Users/ds2718/Documents/test_python_airflow/airflow/py_venv/lib/python3.12/site-packages/airflow/example_dags/example_dataset_alias.py
[2024-09-18T11:54:22.176+0100] {processor.py:914} INFO - Processing file /Users/ds2718/Documents/test_python_airflow/airflow/py_venv/lib/python3.12/site-packages/airflow/example_dags/example_dataset_alias.py for tasks to queue
[2024-09-18T11:54:22.176+0100] {logging_mixin.py:190} INFO - [2024-09-18T11:54:22.176+0100] {dagbag.py:587} INFO - Filling up the DagBag from /Users/ds2718/Documents/test_python_airflow/airflow/py_venv/lib/python3.12/site-packages/airflow/example_dags/example_dataset_alias.py
[2024-09-18T11:54:22.269+0100] {processor.py:925} INFO - DAG(s) 'dataset_s3_bucket_producer', 'dataset_alias_example_alias_producer', 'dataset_s3_bucket_consumer', 'dataset_alias_example_alias_consumer' retrieved from /Users/ds2718/Documents/test_python_airflow/airflow/py_venv/lib/python3.12/site-packages/airflow/example_dags/example_dataset_alias.py
[2024-09-18T11:54:22.353+0100] {logging_mixin.py:190} INFO - [2024-09-18T11:54:22.353+0100] {override.py:1900} INFO - Created Permission View: can read on DAG:dataset_s3_bucket_producer
[2024-09-18T11:54:22.357+0100] {logging_mixin.py:190} INFO - [2024-09-18T11:54:22.357+0100] {override.py:1900} INFO - Created Permission View: can edit on DAG:dataset_s3_bucket_producer
[2024-09-18T11:54:22.359+0100] {logging_mixin.py:190} INFO - [2024-09-18T11:54:22.359+0100] {override.py:1900} INFO - Created Permission View: can delete on DAG:dataset_s3_bucket_producer
[2024-09-18T11:54:22.361+0100] {logging_mixin.py:190} INFO - [2024-09-18T11:54:22.361+0100] {override.py:1900} INFO - Created Permission View: can read on DAG Run:dataset_s3_bucket_producer
[2024-09-18T11:54:22.363+0100] {logging_mixin.py:190} INFO - [2024-09-18T11:54:22.363+0100] {override.py:1900} INFO - Created Permission View: can create on DAG Run:dataset_s3_bucket_producer
[2024-09-18T11:54:22.365+0100] {logging_mixin.py:190} INFO - [2024-09-18T11:54:22.365+0100] {override.py:1900} INFO - Created Permission View: menu access on DAG Run:dataset_s3_bucket_producer
[2024-09-18T11:54:22.368+0100] {logging_mixin.py:190} INFO - [2024-09-18T11:54:22.368+0100] {override.py:1900} INFO - Created Permission View: can delete on DAG Run:dataset_s3_bucket_producer
[2024-09-18T11:54:22.373+0100] {logging_mixin.py:190} INFO - [2024-09-18T11:54:22.373+0100] {override.py:1900} INFO - Created Permission View: can read on DAG:dataset_alias_example_alias_producer
[2024-09-18T11:54:22.374+0100] {logging_mixin.py:190} INFO - [2024-09-18T11:54:22.374+0100] {override.py:1900} INFO - Created Permission View: can edit on DAG:dataset_alias_example_alias_producer
[2024-09-18T11:54:22.376+0100] {logging_mixin.py:190} INFO - [2024-09-18T11:54:22.376+0100] {override.py:1900} INFO - Created Permission View: can delete on DAG:dataset_alias_example_alias_producer
[2024-09-18T11:54:22.378+0100] {logging_mixin.py:190} INFO - [2024-09-18T11:54:22.378+0100] {override.py:1900} INFO - Created Permission View: can read on DAG Run:dataset_alias_example_alias_producer
[2024-09-18T11:54:22.380+0100] {logging_mixin.py:190} INFO - [2024-09-18T11:54:22.379+0100] {override.py:1900} INFO - Created Permission View: can create on DAG Run:dataset_alias_example_alias_producer
[2024-09-18T11:54:22.382+0100] {logging_mixin.py:190} INFO - [2024-09-18T11:54:22.382+0100] {override.py:1900} INFO - Created Permission View: menu access on DAG Run:dataset_alias_example_alias_producer
[2024-09-18T11:54:22.383+0100] {logging_mixin.py:190} INFO - [2024-09-18T11:54:22.383+0100] {override.py:1900} INFO - Created Permission View: can delete on DAG Run:dataset_alias_example_alias_producer
[2024-09-18T11:54:22.387+0100] {logging_mixin.py:190} INFO - [2024-09-18T11:54:22.387+0100] {override.py:1900} INFO - Created Permission View: can read on DAG:dataset_s3_bucket_consumer
[2024-09-18T11:54:22.389+0100] {logging_mixin.py:190} INFO - [2024-09-18T11:54:22.389+0100] {override.py:1900} INFO - Created Permission View: can edit on DAG:dataset_s3_bucket_consumer
[2024-09-18T11:54:22.391+0100] {logging_mixin.py:190} INFO - [2024-09-18T11:54:22.391+0100] {override.py:1900} INFO - Created Permission View: can delete on DAG:dataset_s3_bucket_consumer
[2024-09-18T11:54:22.393+0100] {logging_mixin.py:190} INFO - [2024-09-18T11:54:22.393+0100] {override.py:1900} INFO - Created Permission View: can read on DAG Run:dataset_s3_bucket_consumer
[2024-09-18T11:54:22.395+0100] {logging_mixin.py:190} INFO - [2024-09-18T11:54:22.395+0100] {override.py:1900} INFO - Created Permission View: can create on DAG Run:dataset_s3_bucket_consumer
[2024-09-18T11:54:22.396+0100] {logging_mixin.py:190} INFO - [2024-09-18T11:54:22.396+0100] {override.py:1900} INFO - Created Permission View: menu access on DAG Run:dataset_s3_bucket_consumer
[2024-09-18T11:54:22.398+0100] {logging_mixin.py:190} INFO - [2024-09-18T11:54:22.398+0100] {override.py:1900} INFO - Created Permission View: can delete on DAG Run:dataset_s3_bucket_consumer
[2024-09-18T11:54:22.401+0100] {logging_mixin.py:190} INFO - [2024-09-18T11:54:22.401+0100] {override.py:1900} INFO - Created Permission View: can read on DAG:dataset_alias_example_alias_consumer
[2024-09-18T11:54:22.403+0100] {logging_mixin.py:190} INFO - [2024-09-18T11:54:22.403+0100] {override.py:1900} INFO - Created Permission View: can edit on DAG:dataset_alias_example_alias_consumer
[2024-09-18T11:54:22.405+0100] {logging_mixin.py:190} INFO - [2024-09-18T11:54:22.405+0100] {override.py:1900} INFO - Created Permission View: can delete on DAG:dataset_alias_example_alias_consumer
[2024-09-18T11:54:22.407+0100] {logging_mixin.py:190} INFO - [2024-09-18T11:54:22.407+0100] {override.py:1900} INFO - Created Permission View: can read on DAG Run:dataset_alias_example_alias_consumer
[2024-09-18T11:54:22.409+0100] {logging_mixin.py:190} INFO - [2024-09-18T11:54:22.409+0100] {override.py:1900} INFO - Created Permission View: can create on DAG Run:dataset_alias_example_alias_consumer
[2024-09-18T11:54:22.411+0100] {logging_mixin.py:190} INFO - [2024-09-18T11:54:22.411+0100] {override.py:1900} INFO - Created Permission View: menu access on DAG Run:dataset_alias_example_alias_consumer
[2024-09-18T11:54:22.413+0100] {logging_mixin.py:190} INFO - [2024-09-18T11:54:22.413+0100] {override.py:1900} INFO - Created Permission View: can delete on DAG Run:dataset_alias_example_alias_consumer
[2024-09-18T11:54:22.413+0100] {logging_mixin.py:190} INFO - [2024-09-18T11:54:22.413+0100] {dag.py:3229} INFO - Sync 4 DAGs
[2024-09-18T11:54:22.420+0100] {logging_mixin.py:190} INFO - [2024-09-18T11:54:22.420+0100] {dag.py:3252} INFO - Creating ORM DAG for dataset_alias_example_alias_consumer
[2024-09-18T11:54:22.420+0100] {logging_mixin.py:190} INFO - [2024-09-18T11:54:22.420+0100] {dag.py:3252} INFO - Creating ORM DAG for dataset_alias_example_alias_producer
[2024-09-18T11:54:22.420+0100] {logging_mixin.py:190} INFO - [2024-09-18T11:54:22.420+0100] {dag.py:3252} INFO - Creating ORM DAG for dataset_s3_bucket_producer
[2024-09-18T11:54:22.420+0100] {logging_mixin.py:190} INFO - [2024-09-18T11:54:22.420+0100] {dag.py:3252} INFO - Creating ORM DAG for dataset_s3_bucket_consumer
[2024-09-18T11:54:22.426+0100] {logging_mixin.py:190} INFO - [2024-09-18T11:54:22.426+0100] {dag.py:4156} INFO - Setting next_dagrun for dataset_alias_example_alias_consumer to None, run_after=None
[2024-09-18T11:54:22.426+0100] {logging_mixin.py:190} INFO - [2024-09-18T11:54:22.426+0100] {dag.py:4156} INFO - Setting next_dagrun for dataset_alias_example_alias_producer to None, run_after=None
[2024-09-18T11:54:22.426+0100] {logging_mixin.py:190} INFO - [2024-09-18T11:54:22.426+0100] {dag.py:4156} INFO - Setting next_dagrun for dataset_s3_bucket_consumer to None, run_after=None
[2024-09-18T11:54:22.426+0100] {logging_mixin.py:190} INFO - [2024-09-18T11:54:22.426+0100] {dag.py:4156} INFO - Setting next_dagrun for dataset_s3_bucket_producer to None, run_after=None
[2024-09-18T11:54:22.627+0100] {processor.py:208} INFO - Processing /Users/ds2718/Documents/test_python_airflow/airflow/py_venv/lib/python3.12/site-packages/airflow/example_dags/example_dataset_alias.py took 0.457 seconds
[2024-09-18T11:54:56.505+0100] {processor.py:186} INFO - Started process (PID=9726) to work on /Users/ds2718/Documents/test_python_airflow/airflow/py_venv/lib/python3.12/site-packages/airflow/example_dags/example_dataset_alias.py
[2024-09-18T11:54:56.506+0100] {processor.py:914} INFO - Processing file /Users/ds2718/Documents/test_python_airflow/airflow/py_venv/lib/python3.12/site-packages/airflow/example_dags/example_dataset_alias.py for tasks to queue
[2024-09-18T11:54:56.506+0100] {logging_mixin.py:190} INFO - [2024-09-18T11:54:56.506+0100] {dagbag.py:587} INFO - Filling up the DagBag from /Users/ds2718/Documents/test_python_airflow/airflow/py_venv/lib/python3.12/site-packages/airflow/example_dags/example_dataset_alias.py
[2024-09-18T11:54:56.591+0100] {processor.py:925} INFO - DAG(s) 'dataset_alias_example_alias_consumer', 'dataset_s3_bucket_consumer', 'dataset_alias_example_alias_producer', 'dataset_s3_bucket_producer' retrieved from /Users/ds2718/Documents/test_python_airflow/airflow/py_venv/lib/python3.12/site-packages/airflow/example_dags/example_dataset_alias.py
[2024-09-18T11:54:56.603+0100] {logging_mixin.py:190} INFO - [2024-09-18T11:54:56.602+0100] {dag.py:3229} INFO - Sync 4 DAGs
[2024-09-18T11:54:56.651+0100] {logging_mixin.py:190} INFO - [2024-09-18T11:54:56.651+0100] {dag.py:4156} INFO - Setting next_dagrun for dataset_alias_example_alias_consumer to None, run_after=None
[2024-09-18T11:54:56.652+0100] {logging_mixin.py:190} INFO - [2024-09-18T11:54:56.652+0100] {dag.py:4156} INFO - Setting next_dagrun for dataset_alias_example_alias_producer to None, run_after=None
[2024-09-18T11:54:56.653+0100] {logging_mixin.py:190} INFO - [2024-09-18T11:54:56.653+0100] {dag.py:4156} INFO - Setting next_dagrun for dataset_s3_bucket_consumer to None, run_after=None
[2024-09-18T11:54:56.653+0100] {logging_mixin.py:190} INFO - [2024-09-18T11:54:56.653+0100] {dag.py:4156} INFO - Setting next_dagrun for dataset_s3_bucket_producer to None, run_after=None
[2024-09-18T11:54:56.661+0100] {processor.py:208} INFO - Processing /Users/ds2718/Documents/test_python_airflow/airflow/py_venv/lib/python3.12/site-packages/airflow/example_dags/example_dataset_alias.py took 0.159 seconds
[2024-09-18T11:55:30.038+0100] {processor.py:186} INFO - Started process (PID=9895) to work on /Users/ds2718/Documents/test_python_airflow/airflow/py_venv/lib/python3.12/site-packages/airflow/example_dags/example_dataset_alias.py
[2024-09-18T11:55:30.039+0100] {processor.py:914} INFO - Processing file /Users/ds2718/Documents/test_python_airflow/airflow/py_venv/lib/python3.12/site-packages/airflow/example_dags/example_dataset_alias.py for tasks to queue
[2024-09-18T11:55:30.039+0100] {logging_mixin.py:190} INFO - [2024-09-18T11:55:30.039+0100] {dagbag.py:587} INFO - Filling up the DagBag from /Users/ds2718/Documents/test_python_airflow/airflow/py_venv/lib/python3.12/site-packages/airflow/example_dags/example_dataset_alias.py
[2024-09-18T11:55:30.118+0100] {processor.py:925} INFO - DAG(s) 'dataset_s3_bucket_producer', 'dataset_s3_bucket_consumer', 'dataset_alias_example_alias_producer', 'dataset_alias_example_alias_consumer' retrieved from /Users/ds2718/Documents/test_python_airflow/airflow/py_venv/lib/python3.12/site-packages/airflow/example_dags/example_dataset_alias.py
[2024-09-18T11:55:30.128+0100] {logging_mixin.py:190} INFO - [2024-09-18T11:55:30.128+0100] {dag.py:3229} INFO - Sync 4 DAGs
[2024-09-18T11:55:30.160+0100] {logging_mixin.py:190} INFO - [2024-09-18T11:55:30.160+0100] {dag.py:4156} INFO - Setting next_dagrun for dataset_alias_example_alias_consumer to None, run_after=None
[2024-09-18T11:55:30.161+0100] {logging_mixin.py:190} INFO - [2024-09-18T11:55:30.161+0100] {dag.py:4156} INFO - Setting next_dagrun for dataset_alias_example_alias_producer to None, run_after=None
[2024-09-18T11:55:30.161+0100] {logging_mixin.py:190} INFO - [2024-09-18T11:55:30.161+0100] {dag.py:4156} INFO - Setting next_dagrun for dataset_s3_bucket_consumer to None, run_after=None
[2024-09-18T11:55:30.162+0100] {logging_mixin.py:190} INFO - [2024-09-18T11:55:30.162+0100] {dag.py:4156} INFO - Setting next_dagrun for dataset_s3_bucket_producer to None, run_after=None
[2024-09-18T11:55:30.170+0100] {processor.py:208} INFO - Processing /Users/ds2718/Documents/test_python_airflow/airflow/py_venv/lib/python3.12/site-packages/airflow/example_dags/example_dataset_alias.py took 0.137 seconds
[2024-09-18T11:56:03.860+0100] {processor.py:186} INFO - Started process (PID=10075) to work on /Users/ds2718/Documents/test_python_airflow/airflow/py_venv/lib/python3.12/site-packages/airflow/example_dags/example_dataset_alias.py
[2024-09-18T11:56:03.861+0100] {processor.py:914} INFO - Processing file /Users/ds2718/Documents/test_python_airflow/airflow/py_venv/lib/python3.12/site-packages/airflow/example_dags/example_dataset_alias.py for tasks to queue
[2024-09-18T11:56:03.861+0100] {logging_mixin.py:190} INFO - [2024-09-18T11:56:03.861+0100] {dagbag.py:587} INFO - Filling up the DagBag from /Users/ds2718/Documents/test_python_airflow/airflow/py_venv/lib/python3.12/site-packages/airflow/example_dags/example_dataset_alias.py
[2024-09-18T11:56:03.953+0100] {processor.py:925} INFO - DAG(s) 'dataset_alias_example_alias_consumer', 'dataset_alias_example_alias_producer', 'dataset_s3_bucket_producer', 'dataset_s3_bucket_consumer' retrieved from /Users/ds2718/Documents/test_python_airflow/airflow/py_venv/lib/python3.12/site-packages/airflow/example_dags/example_dataset_alias.py
[2024-09-18T11:56:03.965+0100] {logging_mixin.py:190} INFO - [2024-09-18T11:56:03.964+0100] {dag.py:3229} INFO - Sync 4 DAGs
[2024-09-18T11:56:04.001+0100] {logging_mixin.py:190} INFO - [2024-09-18T11:56:04.001+0100] {dag.py:4156} INFO - Setting next_dagrun for dataset_alias_example_alias_consumer to None, run_after=None
[2024-09-18T11:56:04.002+0100] {logging_mixin.py:190} INFO - [2024-09-18T11:56:04.002+0100] {dag.py:4156} INFO - Setting next_dagrun for dataset_alias_example_alias_producer to None, run_after=None
[2024-09-18T11:56:04.003+0100] {logging_mixin.py:190} INFO - [2024-09-18T11:56:04.003+0100] {dag.py:4156} INFO - Setting next_dagrun for dataset_s3_bucket_consumer to None, run_after=None
[2024-09-18T11:56:04.003+0100] {logging_mixin.py:190} INFO - [2024-09-18T11:56:04.003+0100] {dag.py:4156} INFO - Setting next_dagrun for dataset_s3_bucket_producer to None, run_after=None
[2024-09-18T11:56:04.019+0100] {processor.py:208} INFO - Processing /Users/ds2718/Documents/test_python_airflow/airflow/py_venv/lib/python3.12/site-packages/airflow/example_dags/example_dataset_alias.py took 0.166 seconds
[2024-09-18T11:56:37.668+0100] {processor.py:186} INFO - Started process (PID=10216) to work on /Users/ds2718/Documents/test_python_airflow/airflow/py_venv/lib/python3.12/site-packages/airflow/example_dags/example_dataset_alias.py
[2024-09-18T11:56:37.669+0100] {processor.py:914} INFO - Processing file /Users/ds2718/Documents/test_python_airflow/airflow/py_venv/lib/python3.12/site-packages/airflow/example_dags/example_dataset_alias.py for tasks to queue
[2024-09-18T11:56:37.671+0100] {logging_mixin.py:190} INFO - [2024-09-18T11:56:37.671+0100] {dagbag.py:587} INFO - Filling up the DagBag from /Users/ds2718/Documents/test_python_airflow/airflow/py_venv/lib/python3.12/site-packages/airflow/example_dags/example_dataset_alias.py
[2024-09-18T11:56:38.008+0100] {processor.py:925} INFO - DAG(s) 'dataset_s3_bucket_producer', 'dataset_alias_example_alias_consumer', 'dataset_s3_bucket_consumer', 'dataset_alias_example_alias_producer' retrieved from /Users/ds2718/Documents/test_python_airflow/airflow/py_venv/lib/python3.12/site-packages/airflow/example_dags/example_dataset_alias.py
[2024-09-18T11:56:38.041+0100] {logging_mixin.py:190} INFO - [2024-09-18T11:56:38.041+0100] {dag.py:3229} INFO - Sync 4 DAGs
[2024-09-18T11:56:38.081+0100] {logging_mixin.py:190} INFO - [2024-09-18T11:56:38.081+0100] {dag.py:4156} INFO - Setting next_dagrun for dataset_alias_example_alias_consumer to None, run_after=None
[2024-09-18T11:56:38.082+0100] {logging_mixin.py:190} INFO - [2024-09-18T11:56:38.082+0100] {dag.py:4156} INFO - Setting next_dagrun for dataset_alias_example_alias_producer to None, run_after=None
[2024-09-18T11:56:38.082+0100] {logging_mixin.py:190} INFO - [2024-09-18T11:56:38.082+0100] {dag.py:4156} INFO - Setting next_dagrun for dataset_s3_bucket_consumer to None, run_after=None
[2024-09-18T11:56:38.083+0100] {logging_mixin.py:190} INFO - [2024-09-18T11:56:38.083+0100] {dag.py:4156} INFO - Setting next_dagrun for dataset_s3_bucket_producer to None, run_after=None
[2024-09-18T11:56:38.118+0100] {processor.py:208} INFO - Processing /Users/ds2718/Documents/test_python_airflow/airflow/py_venv/lib/python3.12/site-packages/airflow/example_dags/example_dataset_alias.py took 0.455 seconds
[2024-09-18T11:57:09.981+0100] {processor.py:186} INFO - Started process (PID=10377) to work on /Users/ds2718/Documents/test_python_airflow/airflow/py_venv/lib/python3.12/site-packages/airflow/example_dags/example_dataset_alias.py
[2024-09-18T11:57:09.984+0100] {processor.py:914} INFO - Processing file /Users/ds2718/Documents/test_python_airflow/airflow/py_venv/lib/python3.12/site-packages/airflow/example_dags/example_dataset_alias.py for tasks to queue
[2024-09-18T11:57:09.984+0100] {logging_mixin.py:190} INFO - [2024-09-18T11:57:09.984+0100] {dagbag.py:587} INFO - Filling up the DagBag from /Users/ds2718/Documents/test_python_airflow/airflow/py_venv/lib/python3.12/site-packages/airflow/example_dags/example_dataset_alias.py
[2024-09-18T11:57:10.074+0100] {processor.py:925} INFO - DAG(s) 'dataset_s3_bucket_producer', 'dataset_s3_bucket_consumer', 'dataset_alias_example_alias_producer', 'dataset_alias_example_alias_consumer' retrieved from /Users/ds2718/Documents/test_python_airflow/airflow/py_venv/lib/python3.12/site-packages/airflow/example_dags/example_dataset_alias.py
[2024-09-18T11:57:10.085+0100] {logging_mixin.py:190} INFO - [2024-09-18T11:57:10.084+0100] {dag.py:3229} INFO - Sync 4 DAGs
[2024-09-18T11:57:10.124+0100] {logging_mixin.py:190} INFO - [2024-09-18T11:57:10.124+0100] {dag.py:4156} INFO - Setting next_dagrun for dataset_alias_example_alias_consumer to None, run_after=None
[2024-09-18T11:57:10.126+0100] {logging_mixin.py:190} INFO - [2024-09-18T11:57:10.126+0100] {dag.py:4156} INFO - Setting next_dagrun for dataset_alias_example_alias_producer to None, run_after=None
[2024-09-18T11:57:10.126+0100] {logging_mixin.py:190} INFO - [2024-09-18T11:57:10.126+0100] {dag.py:4156} INFO - Setting next_dagrun for dataset_s3_bucket_consumer to None, run_after=None
[2024-09-18T11:57:10.127+0100] {logging_mixin.py:190} INFO - [2024-09-18T11:57:10.126+0100] {dag.py:4156} INFO - Setting next_dagrun for dataset_s3_bucket_producer to None, run_after=None
[2024-09-18T11:57:10.141+0100] {processor.py:208} INFO - Processing /Users/ds2718/Documents/test_python_airflow/airflow/py_venv/lib/python3.12/site-packages/airflow/example_dags/example_dataset_alias.py took 0.162 seconds
[2024-09-18T11:57:43.854+0100] {processor.py:186} INFO - Started process (PID=10552) to work on /Users/ds2718/Documents/test_python_airflow/airflow/py_venv/lib/python3.12/site-packages/airflow/example_dags/example_dataset_alias.py
[2024-09-18T11:57:43.855+0100] {processor.py:914} INFO - Processing file /Users/ds2718/Documents/test_python_airflow/airflow/py_venv/lib/python3.12/site-packages/airflow/example_dags/example_dataset_alias.py for tasks to queue
[2024-09-18T11:57:43.855+0100] {logging_mixin.py:190} INFO - [2024-09-18T11:57:43.855+0100] {dagbag.py:587} INFO - Filling up the DagBag from /Users/ds2718/Documents/test_python_airflow/airflow/py_venv/lib/python3.12/site-packages/airflow/example_dags/example_dataset_alias.py
[2024-09-18T11:57:43.949+0100] {processor.py:925} INFO - DAG(s) 'dataset_s3_bucket_producer', 'dataset_alias_example_alias_consumer', 'dataset_alias_example_alias_producer', 'dataset_s3_bucket_consumer' retrieved from /Users/ds2718/Documents/test_python_airflow/airflow/py_venv/lib/python3.12/site-packages/airflow/example_dags/example_dataset_alias.py
[2024-09-18T11:57:43.960+0100] {logging_mixin.py:190} INFO - [2024-09-18T11:57:43.960+0100] {dag.py:3229} INFO - Sync 4 DAGs
[2024-09-18T11:57:43.997+0100] {logging_mixin.py:190} INFO - [2024-09-18T11:57:43.997+0100] {dag.py:4156} INFO - Setting next_dagrun for dataset_alias_example_alias_consumer to None, run_after=None
[2024-09-18T11:57:43.998+0100] {logging_mixin.py:190} INFO - [2024-09-18T11:57:43.998+0100] {dag.py:4156} INFO - Setting next_dagrun for dataset_alias_example_alias_producer to None, run_after=None
[2024-09-18T11:57:43.998+0100] {logging_mixin.py:190} INFO - [2024-09-18T11:57:43.998+0100] {dag.py:4156} INFO - Setting next_dagrun for dataset_s3_bucket_consumer to None, run_after=None
[2024-09-18T11:57:43.999+0100] {logging_mixin.py:190} INFO - [2024-09-18T11:57:43.999+0100] {dag.py:4156} INFO - Setting next_dagrun for dataset_s3_bucket_producer to None, run_after=None
[2024-09-18T11:57:44.014+0100] {processor.py:208} INFO - Processing /Users/ds2718/Documents/test_python_airflow/airflow/py_venv/lib/python3.12/site-packages/airflow/example_dags/example_dataset_alias.py took 0.162 seconds
[2024-09-18T11:58:17.628+0100] {processor.py:186} INFO - Started process (PID=10767) to work on /Users/ds2718/Documents/test_python_airflow/airflow/py_venv/lib/python3.12/site-packages/airflow/example_dags/example_dataset_alias.py
[2024-09-18T11:58:17.629+0100] {processor.py:914} INFO - Processing file /Users/ds2718/Documents/test_python_airflow/airflow/py_venv/lib/python3.12/site-packages/airflow/example_dags/example_dataset_alias.py for tasks to queue
[2024-09-18T11:58:17.629+0100] {logging_mixin.py:190} INFO - [2024-09-18T11:58:17.629+0100] {dagbag.py:587} INFO - Filling up the DagBag from /Users/ds2718/Documents/test_python_airflow/airflow/py_venv/lib/python3.12/site-packages/airflow/example_dags/example_dataset_alias.py
[2024-09-18T11:58:17.718+0100] {processor.py:925} INFO - DAG(s) 'dataset_alias_example_alias_consumer', 'dataset_s3_bucket_consumer', 'dataset_s3_bucket_producer', 'dataset_alias_example_alias_producer' retrieved from /Users/ds2718/Documents/test_python_airflow/airflow/py_venv/lib/python3.12/site-packages/airflow/example_dags/example_dataset_alias.py
[2024-09-18T11:58:17.730+0100] {logging_mixin.py:190} INFO - [2024-09-18T11:58:17.730+0100] {dag.py:3229} INFO - Sync 4 DAGs
[2024-09-18T11:58:17.765+0100] {logging_mixin.py:190} INFO - [2024-09-18T11:58:17.765+0100] {dag.py:4156} INFO - Setting next_dagrun for dataset_alias_example_alias_consumer to None, run_after=None
[2024-09-18T11:58:17.766+0100] {logging_mixin.py:190} INFO - [2024-09-18T11:58:17.766+0100] {dag.py:4156} INFO - Setting next_dagrun for dataset_alias_example_alias_producer to None, run_after=None
[2024-09-18T11:58:17.766+0100] {logging_mixin.py:190} INFO - [2024-09-18T11:58:17.766+0100] {dag.py:4156} INFO - Setting next_dagrun for dataset_s3_bucket_consumer to None, run_after=None
[2024-09-18T11:58:17.766+0100] {logging_mixin.py:190} INFO - [2024-09-18T11:58:17.766+0100] {dag.py:4156} INFO - Setting next_dagrun for dataset_s3_bucket_producer to None, run_after=None
[2024-09-18T11:58:17.784+0100] {processor.py:208} INFO - Processing /Users/ds2718/Documents/test_python_airflow/airflow/py_venv/lib/python3.12/site-packages/airflow/example_dags/example_dataset_alias.py took 0.161 seconds
[2024-09-18T11:58:55.086+0100] {processor.py:186} INFO - Started process (PID=10968) to work on /Users/ds2718/Documents/test_python_airflow/airflow/py_venv/lib/python3.12/site-packages/airflow/example_dags/example_dataset_alias.py
[2024-09-18T11:58:55.089+0100] {processor.py:914} INFO - Processing file /Users/ds2718/Documents/test_python_airflow/airflow/py_venv/lib/python3.12/site-packages/airflow/example_dags/example_dataset_alias.py for tasks to queue
[2024-09-18T11:58:55.089+0100] {logging_mixin.py:190} INFO - [2024-09-18T11:58:55.089+0100] {dagbag.py:587} INFO - Filling up the DagBag from /Users/ds2718/Documents/test_python_airflow/airflow/py_venv/lib/python3.12/site-packages/airflow/example_dags/example_dataset_alias.py
[2024-09-18T11:58:55.184+0100] {processor.py:925} INFO - DAG(s) 'dataset_s3_bucket_producer', 'dataset_alias_example_alias_producer', 'dataset_alias_example_alias_consumer', 'dataset_s3_bucket_consumer' retrieved from /Users/ds2718/Documents/test_python_airflow/airflow/py_venv/lib/python3.12/site-packages/airflow/example_dags/example_dataset_alias.py
[2024-09-18T11:58:55.195+0100] {logging_mixin.py:190} INFO - [2024-09-18T11:58:55.195+0100] {dag.py:3229} INFO - Sync 4 DAGs
[2024-09-18T11:58:55.233+0100] {logging_mixin.py:190} INFO - [2024-09-18T11:58:55.232+0100] {dag.py:4156} INFO - Setting next_dagrun for dataset_alias_example_alias_consumer to None, run_after=None
[2024-09-18T11:58:55.234+0100] {logging_mixin.py:190} INFO - [2024-09-18T11:58:55.234+0100] {dag.py:4156} INFO - Setting next_dagrun for dataset_alias_example_alias_producer to None, run_after=None
[2024-09-18T11:58:55.234+0100] {logging_mixin.py:190} INFO - [2024-09-18T11:58:55.234+0100] {dag.py:4156} INFO - Setting next_dagrun for dataset_s3_bucket_consumer to None, run_after=None
[2024-09-18T11:58:55.235+0100] {logging_mixin.py:190} INFO - [2024-09-18T11:58:55.235+0100] {dag.py:4156} INFO - Setting next_dagrun for dataset_s3_bucket_producer to None, run_after=None
[2024-09-18T11:58:55.258+0100] {processor.py:208} INFO - Processing /Users/ds2718/Documents/test_python_airflow/airflow/py_venv/lib/python3.12/site-packages/airflow/example_dags/example_dataset_alias.py took 0.181 seconds
[2024-09-18T11:59:27.633+0100] {processor.py:186} INFO - Started process (PID=11143) to work on /Users/ds2718/Documents/test_python_airflow/airflow/py_venv/lib/python3.12/site-packages/airflow/example_dags/example_dataset_alias.py
[2024-09-18T11:59:27.634+0100] {processor.py:914} INFO - Processing file /Users/ds2718/Documents/test_python_airflow/airflow/py_venv/lib/python3.12/site-packages/airflow/example_dags/example_dataset_alias.py for tasks to queue
[2024-09-18T11:59:27.634+0100] {logging_mixin.py:190} INFO - [2024-09-18T11:59:27.634+0100] {dagbag.py:587} INFO - Filling up the DagBag from /Users/ds2718/Documents/test_python_airflow/airflow/py_venv/lib/python3.12/site-packages/airflow/example_dags/example_dataset_alias.py
[2024-09-18T11:59:27.724+0100] {processor.py:925} INFO - DAG(s) 'dataset_s3_bucket_consumer', 'dataset_s3_bucket_producer', 'dataset_alias_example_alias_consumer', 'dataset_alias_example_alias_producer' retrieved from /Users/ds2718/Documents/test_python_airflow/airflow/py_venv/lib/python3.12/site-packages/airflow/example_dags/example_dataset_alias.py
[2024-09-18T11:59:27.736+0100] {logging_mixin.py:190} INFO - [2024-09-18T11:59:27.736+0100] {dag.py:3229} INFO - Sync 4 DAGs
[2024-09-18T11:59:27.768+0100] {logging_mixin.py:190} INFO - [2024-09-18T11:59:27.768+0100] {dag.py:4156} INFO - Setting next_dagrun for dataset_alias_example_alias_consumer to None, run_after=None
[2024-09-18T11:59:27.770+0100] {logging_mixin.py:190} INFO - [2024-09-18T11:59:27.770+0100] {dag.py:4156} INFO - Setting next_dagrun for dataset_alias_example_alias_producer to None, run_after=None
[2024-09-18T11:59:27.770+0100] {logging_mixin.py:190} INFO - [2024-09-18T11:59:27.770+0100] {dag.py:4156} INFO - Setting next_dagrun for dataset_s3_bucket_consumer to None, run_after=None
[2024-09-18T11:59:27.770+0100] {logging_mixin.py:190} INFO - [2024-09-18T11:59:27.770+0100] {dag.py:4156} INFO - Setting next_dagrun for dataset_s3_bucket_producer to None, run_after=None
[2024-09-18T11:59:27.788+0100] {processor.py:208} INFO - Processing /Users/ds2718/Documents/test_python_airflow/airflow/py_venv/lib/python3.12/site-packages/airflow/example_dags/example_dataset_alias.py took 0.160 seconds
[2024-09-18T12:00:01.561+0100] {processor.py:186} INFO - Started process (PID=11362) to work on /Users/ds2718/Documents/test_python_airflow/airflow/py_venv/lib/python3.12/site-packages/airflow/example_dags/example_dataset_alias.py
[2024-09-18T12:00:01.564+0100] {processor.py:914} INFO - Processing file /Users/ds2718/Documents/test_python_airflow/airflow/py_venv/lib/python3.12/site-packages/airflow/example_dags/example_dataset_alias.py for tasks to queue
[2024-09-18T12:00:01.564+0100] {logging_mixin.py:190} INFO - [2024-09-18T12:00:01.564+0100] {dagbag.py:587} INFO - Filling up the DagBag from /Users/ds2718/Documents/test_python_airflow/airflow/py_venv/lib/python3.12/site-packages/airflow/example_dags/example_dataset_alias.py
[2024-09-18T12:00:01.653+0100] {processor.py:925} INFO - DAG(s) 'dataset_s3_bucket_producer', 'dataset_s3_bucket_consumer', 'dataset_alias_example_alias_producer', 'dataset_alias_example_alias_consumer' retrieved from /Users/ds2718/Documents/test_python_airflow/airflow/py_venv/lib/python3.12/site-packages/airflow/example_dags/example_dataset_alias.py
[2024-09-18T12:00:01.666+0100] {logging_mixin.py:190} INFO - [2024-09-18T12:00:01.666+0100] {dag.py:3229} INFO - Sync 4 DAGs
[2024-09-18T12:00:01.707+0100] {logging_mixin.py:190} INFO - [2024-09-18T12:00:01.707+0100] {dag.py:4156} INFO - Setting next_dagrun for dataset_alias_example_alias_consumer to None, run_after=None
[2024-09-18T12:00:01.709+0100] {logging_mixin.py:190} INFO - [2024-09-18T12:00:01.708+0100] {dag.py:4156} INFO - Setting next_dagrun for dataset_alias_example_alias_producer to None, run_after=None
[2024-09-18T12:00:01.709+0100] {logging_mixin.py:190} INFO - [2024-09-18T12:00:01.709+0100] {dag.py:4156} INFO - Setting next_dagrun for dataset_s3_bucket_consumer to None, run_after=None
[2024-09-18T12:00:01.710+0100] {logging_mixin.py:190} INFO - [2024-09-18T12:00:01.710+0100] {dag.py:4156} INFO - Setting next_dagrun for dataset_s3_bucket_producer to None, run_after=None
[2024-09-18T12:00:01.725+0100] {processor.py:208} INFO - Processing /Users/ds2718/Documents/test_python_airflow/airflow/py_venv/lib/python3.12/site-packages/airflow/example_dags/example_dataset_alias.py took 0.169 seconds
[2024-09-18T12:00:34.241+0100] {processor.py:186} INFO - Started process (PID=11532) to work on /Users/ds2718/Documents/test_python_airflow/airflow/py_venv/lib/python3.12/site-packages/airflow/example_dags/example_dataset_alias.py
[2024-09-18T12:00:34.242+0100] {processor.py:914} INFO - Processing file /Users/ds2718/Documents/test_python_airflow/airflow/py_venv/lib/python3.12/site-packages/airflow/example_dags/example_dataset_alias.py for tasks to queue
[2024-09-18T12:00:34.242+0100] {logging_mixin.py:190} INFO - [2024-09-18T12:00:34.242+0100] {dagbag.py:587} INFO - Filling up the DagBag from /Users/ds2718/Documents/test_python_airflow/airflow/py_venv/lib/python3.12/site-packages/airflow/example_dags/example_dataset_alias.py
[2024-09-18T12:00:34.335+0100] {processor.py:925} INFO - DAG(s) 'dataset_alias_example_alias_producer', 'dataset_alias_example_alias_consumer', 'dataset_s3_bucket_consumer', 'dataset_s3_bucket_producer' retrieved from /Users/ds2718/Documents/test_python_airflow/airflow/py_venv/lib/python3.12/site-packages/airflow/example_dags/example_dataset_alias.py
[2024-09-18T12:00:34.349+0100] {logging_mixin.py:190} INFO - [2024-09-18T12:00:34.349+0100] {dag.py:3229} INFO - Sync 4 DAGs
[2024-09-18T12:00:34.391+0100] {logging_mixin.py:190} INFO - [2024-09-18T12:00:34.391+0100] {dag.py:4156} INFO - Setting next_dagrun for dataset_alias_example_alias_consumer to None, run_after=None
[2024-09-18T12:00:34.392+0100] {logging_mixin.py:190} INFO - [2024-09-18T12:00:34.392+0100] {dag.py:4156} INFO - Setting next_dagrun for dataset_alias_example_alias_producer to None, run_after=None
[2024-09-18T12:00:34.392+0100] {logging_mixin.py:190} INFO - [2024-09-18T12:00:34.392+0100] {dag.py:4156} INFO - Setting next_dagrun for dataset_s3_bucket_consumer to None, run_after=None
[2024-09-18T12:00:34.393+0100] {logging_mixin.py:190} INFO - [2024-09-18T12:00:34.393+0100] {dag.py:4156} INFO - Setting next_dagrun for dataset_s3_bucket_producer to None, run_after=None
[2024-09-18T12:00:34.408+0100] {processor.py:208} INFO - Processing /Users/ds2718/Documents/test_python_airflow/airflow/py_venv/lib/python3.12/site-packages/airflow/example_dags/example_dataset_alias.py took 0.175 seconds
[2024-09-18T12:01:07.834+0100] {processor.py:186} INFO - Started process (PID=11736) to work on /Users/ds2718/Documents/test_python_airflow/airflow/py_venv/lib/python3.12/site-packages/airflow/example_dags/example_dataset_alias.py
[2024-09-18T12:01:07.835+0100] {processor.py:914} INFO - Processing file /Users/ds2718/Documents/test_python_airflow/airflow/py_venv/lib/python3.12/site-packages/airflow/example_dags/example_dataset_alias.py for tasks to queue
[2024-09-18T12:01:07.836+0100] {logging_mixin.py:190} INFO - [2024-09-18T12:01:07.836+0100] {dagbag.py:587} INFO - Filling up the DagBag from /Users/ds2718/Documents/test_python_airflow/airflow/py_venv/lib/python3.12/site-packages/airflow/example_dags/example_dataset_alias.py
[2024-09-18T12:01:07.922+0100] {processor.py:925} INFO - DAG(s) 'dataset_alias_example_alias_producer', 'dataset_s3_bucket_producer', 'dataset_s3_bucket_consumer', 'dataset_alias_example_alias_consumer' retrieved from /Users/ds2718/Documents/test_python_airflow/airflow/py_venv/lib/python3.12/site-packages/airflow/example_dags/example_dataset_alias.py
[2024-09-18T12:01:07.932+0100] {logging_mixin.py:190} INFO - [2024-09-18T12:01:07.932+0100] {dag.py:3229} INFO - Sync 4 DAGs
[2024-09-18T12:01:07.967+0100] {logging_mixin.py:190} INFO - [2024-09-18T12:01:07.967+0100] {dag.py:4156} INFO - Setting next_dagrun for dataset_alias_example_alias_consumer to None, run_after=None
[2024-09-18T12:01:07.968+0100] {logging_mixin.py:190} INFO - [2024-09-18T12:01:07.968+0100] {dag.py:4156} INFO - Setting next_dagrun for dataset_alias_example_alias_producer to None, run_after=None
[2024-09-18T12:01:07.968+0100] {logging_mixin.py:190} INFO - [2024-09-18T12:01:07.968+0100] {dag.py:4156} INFO - Setting next_dagrun for dataset_s3_bucket_consumer to None, run_after=None
[2024-09-18T12:01:07.969+0100] {logging_mixin.py:190} INFO - [2024-09-18T12:01:07.969+0100] {dag.py:4156} INFO - Setting next_dagrun for dataset_s3_bucket_producer to None, run_after=None
[2024-09-18T12:01:07.986+0100] {processor.py:208} INFO - Processing /Users/ds2718/Documents/test_python_airflow/airflow/py_venv/lib/python3.12/site-packages/airflow/example_dags/example_dataset_alias.py took 0.156 seconds
[2024-09-18T12:06:34.513+0100] {processor.py:186} INFO - Started process (PID=12035) to work on /Users/ds2718/Documents/test_python_airflow/airflow/py_venv/lib/python3.12/site-packages/airflow/example_dags/example_dataset_alias.py
[2024-09-18T12:06:34.514+0100] {processor.py:914} INFO - Processing file /Users/ds2718/Documents/test_python_airflow/airflow/py_venv/lib/python3.12/site-packages/airflow/example_dags/example_dataset_alias.py for tasks to queue
[2024-09-18T12:06:34.515+0100] {logging_mixin.py:190} INFO - [2024-09-18T12:06:34.515+0100] {dagbag.py:587} INFO - Filling up the DagBag from /Users/ds2718/Documents/test_python_airflow/airflow/py_venv/lib/python3.12/site-packages/airflow/example_dags/example_dataset_alias.py
[2024-09-18T12:06:34.613+0100] {processor.py:925} INFO - DAG(s) 'dataset_s3_bucket_producer', 'dataset_alias_example_alias_consumer', 'dataset_s3_bucket_consumer', 'dataset_alias_example_alias_producer' retrieved from /Users/ds2718/Documents/test_python_airflow/airflow/py_venv/lib/python3.12/site-packages/airflow/example_dags/example_dataset_alias.py
[2024-09-18T12:06:34.624+0100] {logging_mixin.py:190} INFO - [2024-09-18T12:06:34.624+0100] {dag.py:3229} INFO - Sync 4 DAGs
[2024-09-18T12:06:34.669+0100] {logging_mixin.py:190} INFO - [2024-09-18T12:06:34.669+0100] {dag.py:4156} INFO - Setting next_dagrun for dataset_alias_example_alias_consumer to None, run_after=None
[2024-09-18T12:06:34.670+0100] {logging_mixin.py:190} INFO - [2024-09-18T12:06:34.670+0100] {dag.py:4156} INFO - Setting next_dagrun for dataset_alias_example_alias_producer to None, run_after=None
[2024-09-18T12:06:34.670+0100] {logging_mixin.py:190} INFO - [2024-09-18T12:06:34.670+0100] {dag.py:4156} INFO - Setting next_dagrun for dataset_s3_bucket_consumer to None, run_after=None
[2024-09-18T12:06:34.671+0100] {logging_mixin.py:190} INFO - [2024-09-18T12:06:34.671+0100] {dag.py:4156} INFO - Setting next_dagrun for dataset_s3_bucket_producer to None, run_after=None
[2024-09-18T12:06:34.692+0100] {processor.py:208} INFO - Processing /Users/ds2718/Documents/test_python_airflow/airflow/py_venv/lib/python3.12/site-packages/airflow/example_dags/example_dataset_alias.py took 0.202 seconds
[2024-09-18T12:07:09.560+0100] {processor.py:186} INFO - Started process (PID=12189) to work on /Users/ds2718/Documents/test_python_airflow/airflow/py_venv/lib/python3.12/site-packages/airflow/example_dags/example_dataset_alias.py
[2024-09-18T12:07:09.561+0100] {processor.py:914} INFO - Processing file /Users/ds2718/Documents/test_python_airflow/airflow/py_venv/lib/python3.12/site-packages/airflow/example_dags/example_dataset_alias.py for tasks to queue
[2024-09-18T12:07:09.561+0100] {logging_mixin.py:190} INFO - [2024-09-18T12:07:09.561+0100] {dagbag.py:587} INFO - Filling up the DagBag from /Users/ds2718/Documents/test_python_airflow/airflow/py_venv/lib/python3.12/site-packages/airflow/example_dags/example_dataset_alias.py
[2024-09-18T12:07:09.662+0100] {processor.py:925} INFO - DAG(s) 'dataset_alias_example_alias_consumer', 'dataset_s3_bucket_consumer', 'dataset_alias_example_alias_producer', 'dataset_s3_bucket_producer' retrieved from /Users/ds2718/Documents/test_python_airflow/airflow/py_venv/lib/python3.12/site-packages/airflow/example_dags/example_dataset_alias.py
[2024-09-18T12:07:09.674+0100] {logging_mixin.py:190} INFO - [2024-09-18T12:07:09.674+0100] {dag.py:3229} INFO - Sync 4 DAGs
[2024-09-18T12:07:09.711+0100] {logging_mixin.py:190} INFO - [2024-09-18T12:07:09.711+0100] {dag.py:4156} INFO - Setting next_dagrun for dataset_alias_example_alias_consumer to None, run_after=None
[2024-09-18T12:07:09.712+0100] {logging_mixin.py:190} INFO - [2024-09-18T12:07:09.712+0100] {dag.py:4156} INFO - Setting next_dagrun for dataset_alias_example_alias_producer to None, run_after=None
[2024-09-18T12:07:09.712+0100] {logging_mixin.py:190} INFO - [2024-09-18T12:07:09.712+0100] {dag.py:4156} INFO - Setting next_dagrun for dataset_s3_bucket_consumer to None, run_after=None
[2024-09-18T12:07:09.713+0100] {logging_mixin.py:190} INFO - [2024-09-18T12:07:09.713+0100] {dag.py:4156} INFO - Setting next_dagrun for dataset_s3_bucket_producer to None, run_after=None
[2024-09-18T12:07:09.736+0100] {processor.py:208} INFO - Processing /Users/ds2718/Documents/test_python_airflow/airflow/py_venv/lib/python3.12/site-packages/airflow/example_dags/example_dataset_alias.py took 0.179 seconds
[2024-09-18T12:07:45.559+0100] {processor.py:186} INFO - Started process (PID=12376) to work on /Users/ds2718/Documents/test_python_airflow/airflow/py_venv/lib/python3.12/site-packages/airflow/example_dags/example_dataset_alias.py
[2024-09-18T12:07:45.560+0100] {processor.py:914} INFO - Processing file /Users/ds2718/Documents/test_python_airflow/airflow/py_venv/lib/python3.12/site-packages/airflow/example_dags/example_dataset_alias.py for tasks to queue
[2024-09-18T12:07:45.561+0100] {logging_mixin.py:190} INFO - [2024-09-18T12:07:45.561+0100] {dagbag.py:587} INFO - Filling up the DagBag from /Users/ds2718/Documents/test_python_airflow/airflow/py_venv/lib/python3.12/site-packages/airflow/example_dags/example_dataset_alias.py
[2024-09-18T12:07:45.753+0100] {processor.py:925} INFO - DAG(s) 'dataset_s3_bucket_consumer', 'dataset_s3_bucket_producer', 'dataset_alias_example_alias_consumer', 'dataset_alias_example_alias_producer' retrieved from /Users/ds2718/Documents/test_python_airflow/airflow/py_venv/lib/python3.12/site-packages/airflow/example_dags/example_dataset_alias.py
[2024-09-18T12:07:45.781+0100] {logging_mixin.py:190} INFO - [2024-09-18T12:07:45.781+0100] {dag.py:3229} INFO - Sync 4 DAGs
[2024-09-18T12:07:45.872+0100] {logging_mixin.py:190} INFO - [2024-09-18T12:07:45.872+0100] {dag.py:4156} INFO - Setting next_dagrun for dataset_alias_example_alias_consumer to None, run_after=None
[2024-09-18T12:07:45.874+0100] {logging_mixin.py:190} INFO - [2024-09-18T12:07:45.874+0100] {dag.py:4156} INFO - Setting next_dagrun for dataset_alias_example_alias_producer to None, run_after=None
[2024-09-18T12:07:45.875+0100] {logging_mixin.py:190} INFO - [2024-09-18T12:07:45.875+0100] {dag.py:4156} INFO - Setting next_dagrun for dataset_s3_bucket_consumer to None, run_after=None
[2024-09-18T12:07:45.875+0100] {logging_mixin.py:190} INFO - [2024-09-18T12:07:45.875+0100] {dag.py:4156} INFO - Setting next_dagrun for dataset_s3_bucket_producer to None, run_after=None
[2024-09-18T12:07:45.910+0100] {processor.py:208} INFO - Processing /Users/ds2718/Documents/test_python_airflow/airflow/py_venv/lib/python3.12/site-packages/airflow/example_dags/example_dataset_alias.py took 0.355 seconds
[2024-09-18T12:08:32.060+0100] {processor.py:186} INFO - Started process (PID=12541) to work on /Users/ds2718/Documents/test_python_airflow/airflow/py_venv/lib/python3.12/site-packages/airflow/example_dags/example_dataset_alias.py
[2024-09-18T12:08:32.060+0100] {processor.py:914} INFO - Processing file /Users/ds2718/Documents/test_python_airflow/airflow/py_venv/lib/python3.12/site-packages/airflow/example_dags/example_dataset_alias.py for tasks to queue
[2024-09-18T12:08:32.060+0100] {logging_mixin.py:190} INFO - [2024-09-18T12:08:32.060+0100] {dagbag.py:587} INFO - Filling up the DagBag from /Users/ds2718/Documents/test_python_airflow/airflow/py_venv/lib/python3.12/site-packages/airflow/example_dags/example_dataset_alias.py
[2024-09-18T12:08:32.147+0100] {processor.py:925} INFO - DAG(s) 'dataset_s3_bucket_producer', 'dataset_s3_bucket_consumer', 'dataset_alias_example_alias_producer', 'dataset_alias_example_alias_consumer' retrieved from /Users/ds2718/Documents/test_python_airflow/airflow/py_venv/lib/python3.12/site-packages/airflow/example_dags/example_dataset_alias.py
[2024-09-18T12:08:32.158+0100] {logging_mixin.py:190} INFO - [2024-09-18T12:08:32.158+0100] {dag.py:3229} INFO - Sync 4 DAGs
[2024-09-18T12:08:32.195+0100] {logging_mixin.py:190} INFO - [2024-09-18T12:08:32.195+0100] {dag.py:4156} INFO - Setting next_dagrun for dataset_alias_example_alias_consumer to None, run_after=None
[2024-09-18T12:08:32.196+0100] {logging_mixin.py:190} INFO - [2024-09-18T12:08:32.196+0100] {dag.py:4156} INFO - Setting next_dagrun for dataset_alias_example_alias_producer to None, run_after=None
[2024-09-18T12:08:32.197+0100] {logging_mixin.py:190} INFO - [2024-09-18T12:08:32.197+0100] {dag.py:4156} INFO - Setting next_dagrun for dataset_s3_bucket_consumer to None, run_after=None
[2024-09-18T12:08:32.197+0100] {logging_mixin.py:190} INFO - [2024-09-18T12:08:32.197+0100] {dag.py:4156} INFO - Setting next_dagrun for dataset_s3_bucket_producer to None, run_after=None
[2024-09-18T12:08:32.212+0100] {processor.py:208} INFO - Processing /Users/ds2718/Documents/test_python_airflow/airflow/py_venv/lib/python3.12/site-packages/airflow/example_dags/example_dataset_alias.py took 0.159 seconds
[2024-09-18T12:09:04.785+0100] {processor.py:186} INFO - Started process (PID=12740) to work on /Users/ds2718/Documents/test_python_airflow/airflow/py_venv/lib/python3.12/site-packages/airflow/example_dags/example_dataset_alias.py
[2024-09-18T12:09:04.786+0100] {processor.py:914} INFO - Processing file /Users/ds2718/Documents/test_python_airflow/airflow/py_venv/lib/python3.12/site-packages/airflow/example_dags/example_dataset_alias.py for tasks to queue
[2024-09-18T12:09:04.786+0100] {logging_mixin.py:190} INFO - [2024-09-18T12:09:04.786+0100] {dagbag.py:587} INFO - Filling up the DagBag from /Users/ds2718/Documents/test_python_airflow/airflow/py_venv/lib/python3.12/site-packages/airflow/example_dags/example_dataset_alias.py
[2024-09-18T12:09:04.887+0100] {processor.py:925} INFO - DAG(s) 'dataset_alias_example_alias_producer', 'dataset_s3_bucket_producer', 'dataset_alias_example_alias_consumer', 'dataset_s3_bucket_consumer' retrieved from /Users/ds2718/Documents/test_python_airflow/airflow/py_venv/lib/python3.12/site-packages/airflow/example_dags/example_dataset_alias.py
[2024-09-18T12:09:04.900+0100] {logging_mixin.py:190} INFO - [2024-09-18T12:09:04.900+0100] {dag.py:3229} INFO - Sync 4 DAGs
[2024-09-18T12:09:04.936+0100] {logging_mixin.py:190} INFO - [2024-09-18T12:09:04.936+0100] {dag.py:4156} INFO - Setting next_dagrun for dataset_alias_example_alias_consumer to None, run_after=None
[2024-09-18T12:09:04.938+0100] {logging_mixin.py:190} INFO - [2024-09-18T12:09:04.938+0100] {dag.py:4156} INFO - Setting next_dagrun for dataset_alias_example_alias_producer to None, run_after=None
[2024-09-18T12:09:04.938+0100] {logging_mixin.py:190} INFO - [2024-09-18T12:09:04.938+0100] {dag.py:4156} INFO - Setting next_dagrun for dataset_s3_bucket_consumer to None, run_after=None
[2024-09-18T12:09:04.938+0100] {logging_mixin.py:190} INFO - [2024-09-18T12:09:04.938+0100] {dag.py:4156} INFO - Setting next_dagrun for dataset_s3_bucket_producer to None, run_after=None
[2024-09-18T12:09:04.955+0100] {processor.py:208} INFO - Processing /Users/ds2718/Documents/test_python_airflow/airflow/py_venv/lib/python3.12/site-packages/airflow/example_dags/example_dataset_alias.py took 0.178 seconds
[2024-09-18T12:09:41.360+0100] {processor.py:186} INFO - Started process (PID=12933) to work on /Users/ds2718/Documents/test_python_airflow/airflow/py_venv/lib/python3.12/site-packages/airflow/example_dags/example_dataset_alias.py
[2024-09-18T12:09:41.361+0100] {processor.py:914} INFO - Processing file /Users/ds2718/Documents/test_python_airflow/airflow/py_venv/lib/python3.12/site-packages/airflow/example_dags/example_dataset_alias.py for tasks to queue
[2024-09-18T12:09:41.361+0100] {logging_mixin.py:190} INFO - [2024-09-18T12:09:41.361+0100] {dagbag.py:587} INFO - Filling up the DagBag from /Users/ds2718/Documents/test_python_airflow/airflow/py_venv/lib/python3.12/site-packages/airflow/example_dags/example_dataset_alias.py
[2024-09-18T12:09:41.450+0100] {processor.py:925} INFO - DAG(s) 'dataset_s3_bucket_consumer', 'dataset_alias_example_alias_consumer', 'dataset_s3_bucket_producer', 'dataset_alias_example_alias_producer' retrieved from /Users/ds2718/Documents/test_python_airflow/airflow/py_venv/lib/python3.12/site-packages/airflow/example_dags/example_dataset_alias.py
[2024-09-18T12:09:41.462+0100] {logging_mixin.py:190} INFO - [2024-09-18T12:09:41.461+0100] {dag.py:3229} INFO - Sync 4 DAGs
[2024-09-18T12:09:41.509+0100] {logging_mixin.py:190} INFO - [2024-09-18T12:09:41.509+0100] {dag.py:4156} INFO - Setting next_dagrun for dataset_alias_example_alias_consumer to None, run_after=None
[2024-09-18T12:09:41.510+0100] {logging_mixin.py:190} INFO - [2024-09-18T12:09:41.510+0100] {dag.py:4156} INFO - Setting next_dagrun for dataset_alias_example_alias_producer to None, run_after=None
[2024-09-18T12:09:41.511+0100] {logging_mixin.py:190} INFO - [2024-09-18T12:09:41.511+0100] {dag.py:4156} INFO - Setting next_dagrun for dataset_s3_bucket_consumer to None, run_after=None
[2024-09-18T12:09:41.511+0100] {logging_mixin.py:190} INFO - [2024-09-18T12:09:41.511+0100] {dag.py:4156} INFO - Setting next_dagrun for dataset_s3_bucket_producer to None, run_after=None
[2024-09-18T12:09:41.523+0100] {processor.py:208} INFO - Processing /Users/ds2718/Documents/test_python_airflow/airflow/py_venv/lib/python3.12/site-packages/airflow/example_dags/example_dataset_alias.py took 0.170 seconds
[2024-09-18T12:10:12.979+0100] {processor.py:186} INFO - Started process (PID=13084) to work on /Users/ds2718/Documents/test_python_airflow/airflow/py_venv/lib/python3.12/site-packages/airflow/example_dags/example_dataset_alias.py
[2024-09-18T12:10:12.980+0100] {processor.py:914} INFO - Processing file /Users/ds2718/Documents/test_python_airflow/airflow/py_venv/lib/python3.12/site-packages/airflow/example_dags/example_dataset_alias.py for tasks to queue
[2024-09-18T12:10:12.980+0100] {logging_mixin.py:190} INFO - [2024-09-18T12:10:12.980+0100] {dagbag.py:587} INFO - Filling up the DagBag from /Users/ds2718/Documents/test_python_airflow/airflow/py_venv/lib/python3.12/site-packages/airflow/example_dags/example_dataset_alias.py
[2024-09-18T12:10:13.072+0100] {processor.py:925} INFO - DAG(s) 'dataset_s3_bucket_producer', 'dataset_s3_bucket_consumer', 'dataset_alias_example_alias_producer', 'dataset_alias_example_alias_consumer' retrieved from /Users/ds2718/Documents/test_python_airflow/airflow/py_venv/lib/python3.12/site-packages/airflow/example_dags/example_dataset_alias.py
[2024-09-18T12:10:13.084+0100] {logging_mixin.py:190} INFO - [2024-09-18T12:10:13.083+0100] {dag.py:3229} INFO - Sync 4 DAGs
[2024-09-18T12:10:13.121+0100] {logging_mixin.py:190} INFO - [2024-09-18T12:10:13.121+0100] {dag.py:4156} INFO - Setting next_dagrun for dataset_alias_example_alias_consumer to None, run_after=None
[2024-09-18T12:10:13.122+0100] {logging_mixin.py:190} INFO - [2024-09-18T12:10:13.122+0100] {dag.py:4156} INFO - Setting next_dagrun for dataset_alias_example_alias_producer to None, run_after=None
[2024-09-18T12:10:13.123+0100] {logging_mixin.py:190} INFO - [2024-09-18T12:10:13.123+0100] {dag.py:4156} INFO - Setting next_dagrun for dataset_s3_bucket_consumer to None, run_after=None
[2024-09-18T12:10:13.123+0100] {logging_mixin.py:190} INFO - [2024-09-18T12:10:13.123+0100] {dag.py:4156} INFO - Setting next_dagrun for dataset_s3_bucket_producer to None, run_after=None
[2024-09-18T12:10:13.132+0100] {processor.py:208} INFO - Processing /Users/ds2718/Documents/test_python_airflow/airflow/py_venv/lib/python3.12/site-packages/airflow/example_dags/example_dataset_alias.py took 0.159 seconds
[2024-09-18T12:10:50.889+0100] {processor.py:186} INFO - Started process (PID=13270) to work on /Users/ds2718/Documents/test_python_airflow/airflow/py_venv/lib/python3.12/site-packages/airflow/example_dags/example_dataset_alias.py
[2024-09-18T12:10:50.890+0100] {processor.py:914} INFO - Processing file /Users/ds2718/Documents/test_python_airflow/airflow/py_venv/lib/python3.12/site-packages/airflow/example_dags/example_dataset_alias.py for tasks to queue
[2024-09-18T12:10:50.890+0100] {logging_mixin.py:190} INFO - [2024-09-18T12:10:50.890+0100] {dagbag.py:587} INFO - Filling up the DagBag from /Users/ds2718/Documents/test_python_airflow/airflow/py_venv/lib/python3.12/site-packages/airflow/example_dags/example_dataset_alias.py
[2024-09-18T12:10:50.979+0100] {processor.py:925} INFO - DAG(s) 'dataset_alias_example_alias_producer', 'dataset_s3_bucket_producer', 'dataset_s3_bucket_consumer', 'dataset_alias_example_alias_consumer' retrieved from /Users/ds2718/Documents/test_python_airflow/airflow/py_venv/lib/python3.12/site-packages/airflow/example_dags/example_dataset_alias.py
[2024-09-18T12:10:50.989+0100] {logging_mixin.py:190} INFO - [2024-09-18T12:10:50.989+0100] {dag.py:3229} INFO - Sync 4 DAGs
[2024-09-18T12:10:51.036+0100] {logging_mixin.py:190} INFO - [2024-09-18T12:10:51.036+0100] {dag.py:4156} INFO - Setting next_dagrun for dataset_alias_example_alias_consumer to None, run_after=None
[2024-09-18T12:10:51.038+0100] {logging_mixin.py:190} INFO - [2024-09-18T12:10:51.038+0100] {dag.py:4156} INFO - Setting next_dagrun for dataset_alias_example_alias_producer to None, run_after=None
[2024-09-18T12:10:51.038+0100] {logging_mixin.py:190} INFO - [2024-09-18T12:10:51.038+0100] {dag.py:4156} INFO - Setting next_dagrun for dataset_s3_bucket_consumer to None, run_after=None
[2024-09-18T12:10:51.039+0100] {logging_mixin.py:190} INFO - [2024-09-18T12:10:51.039+0100] {dag.py:4156} INFO - Setting next_dagrun for dataset_s3_bucket_producer to None, run_after=None
[2024-09-18T12:10:51.048+0100] {processor.py:208} INFO - Processing /Users/ds2718/Documents/test_python_airflow/airflow/py_venv/lib/python3.12/site-packages/airflow/example_dags/example_dataset_alias.py took 0.167 seconds
[2024-09-18T12:11:26.507+0100] {processor.py:186} INFO - Started process (PID=13409) to work on /Users/ds2718/Documents/test_python_airflow/airflow/py_venv/lib/python3.12/site-packages/airflow/example_dags/example_dataset_alias.py
[2024-09-18T12:11:26.507+0100] {processor.py:914} INFO - Processing file /Users/ds2718/Documents/test_python_airflow/airflow/py_venv/lib/python3.12/site-packages/airflow/example_dags/example_dataset_alias.py for tasks to queue
[2024-09-18T12:11:26.508+0100] {logging_mixin.py:190} INFO - [2024-09-18T12:11:26.508+0100] {dagbag.py:587} INFO - Filling up the DagBag from /Users/ds2718/Documents/test_python_airflow/airflow/py_venv/lib/python3.12/site-packages/airflow/example_dags/example_dataset_alias.py
[2024-09-18T12:11:26.731+0100] {processor.py:925} INFO - DAG(s) 'dataset_alias_example_alias_producer', 'dataset_s3_bucket_producer', 'dataset_alias_example_alias_consumer', 'dataset_s3_bucket_consumer' retrieved from /Users/ds2718/Documents/test_python_airflow/airflow/py_venv/lib/python3.12/site-packages/airflow/example_dags/example_dataset_alias.py
[2024-09-18T12:11:26.764+0100] {logging_mixin.py:190} INFO - [2024-09-18T12:11:26.763+0100] {dag.py:3229} INFO - Sync 4 DAGs
[2024-09-18T12:11:26.848+0100] {logging_mixin.py:190} INFO - [2024-09-18T12:11:26.848+0100] {dag.py:4156} INFO - Setting next_dagrun for dataset_alias_example_alias_consumer to None, run_after=None
[2024-09-18T12:11:26.850+0100] {logging_mixin.py:190} INFO - [2024-09-18T12:11:26.850+0100] {dag.py:4156} INFO - Setting next_dagrun for dataset_alias_example_alias_producer to None, run_after=None
[2024-09-18T12:11:26.850+0100] {logging_mixin.py:190} INFO - [2024-09-18T12:11:26.850+0100] {dag.py:4156} INFO - Setting next_dagrun for dataset_s3_bucket_consumer to None, run_after=None
[2024-09-18T12:11:26.850+0100] {logging_mixin.py:190} INFO - [2024-09-18T12:11:26.850+0100] {dag.py:4156} INFO - Setting next_dagrun for dataset_s3_bucket_producer to None, run_after=None
[2024-09-18T12:11:26.883+0100] {processor.py:208} INFO - Processing /Users/ds2718/Documents/test_python_airflow/airflow/py_venv/lib/python3.12/site-packages/airflow/example_dags/example_dataset_alias.py took 0.379 seconds
[2024-09-18T12:11:59.918+0100] {processor.py:186} INFO - Started process (PID=13584) to work on /Users/ds2718/Documents/test_python_airflow/airflow/py_venv/lib/python3.12/site-packages/airflow/example_dags/example_dataset_alias.py
[2024-09-18T12:11:59.918+0100] {processor.py:914} INFO - Processing file /Users/ds2718/Documents/test_python_airflow/airflow/py_venv/lib/python3.12/site-packages/airflow/example_dags/example_dataset_alias.py for tasks to queue
[2024-09-18T12:11:59.919+0100] {logging_mixin.py:190} INFO - [2024-09-18T12:11:59.919+0100] {dagbag.py:587} INFO - Filling up the DagBag from /Users/ds2718/Documents/test_python_airflow/airflow/py_venv/lib/python3.12/site-packages/airflow/example_dags/example_dataset_alias.py
[2024-09-18T12:12:00.008+0100] {processor.py:925} INFO - DAG(s) 'dataset_alias_example_alias_producer', 'dataset_s3_bucket_consumer', 'dataset_alias_example_alias_consumer', 'dataset_s3_bucket_producer' retrieved from /Users/ds2718/Documents/test_python_airflow/airflow/py_venv/lib/python3.12/site-packages/airflow/example_dags/example_dataset_alias.py
[2024-09-18T12:12:00.019+0100] {logging_mixin.py:190} INFO - [2024-09-18T12:12:00.019+0100] {dag.py:3229} INFO - Sync 4 DAGs
[2024-09-18T12:12:00.062+0100] {logging_mixin.py:190} INFO - [2024-09-18T12:12:00.062+0100] {dag.py:4156} INFO - Setting next_dagrun for dataset_alias_example_alias_consumer to None, run_after=None
[2024-09-18T12:12:00.063+0100] {logging_mixin.py:190} INFO - [2024-09-18T12:12:00.063+0100] {dag.py:4156} INFO - Setting next_dagrun for dataset_alias_example_alias_producer to None, run_after=None
[2024-09-18T12:12:00.064+0100] {logging_mixin.py:190} INFO - [2024-09-18T12:12:00.064+0100] {dag.py:4156} INFO - Setting next_dagrun for dataset_s3_bucket_consumer to None, run_after=None
[2024-09-18T12:12:00.064+0100] {logging_mixin.py:190} INFO - [2024-09-18T12:12:00.064+0100] {dag.py:4156} INFO - Setting next_dagrun for dataset_s3_bucket_producer to None, run_after=None
[2024-09-18T12:12:00.074+0100] {processor.py:208} INFO - Processing /Users/ds2718/Documents/test_python_airflow/airflow/py_venv/lib/python3.12/site-packages/airflow/example_dags/example_dataset_alias.py took 0.158 seconds
[2024-09-18T12:12:33.243+0100] {processor.py:186} INFO - Started process (PID=13712) to work on /Users/ds2718/Documents/test_python_airflow/airflow/py_venv/lib/python3.12/site-packages/airflow/example_dags/example_dataset_alias.py
[2024-09-18T12:12:33.256+0100] {processor.py:914} INFO - Processing file /Users/ds2718/Documents/test_python_airflow/airflow/py_venv/lib/python3.12/site-packages/airflow/example_dags/example_dataset_alias.py for tasks to queue
[2024-09-18T12:12:33.257+0100] {logging_mixin.py:190} INFO - [2024-09-18T12:12:33.257+0100] {dagbag.py:587} INFO - Filling up the DagBag from /Users/ds2718/Documents/test_python_airflow/airflow/py_venv/lib/python3.12/site-packages/airflow/example_dags/example_dataset_alias.py
[2024-09-18T12:12:33.351+0100] {processor.py:925} INFO - DAG(s) 'dataset_alias_example_alias_producer', 'dataset_s3_bucket_producer', 'dataset_alias_example_alias_consumer', 'dataset_s3_bucket_consumer' retrieved from /Users/ds2718/Documents/test_python_airflow/airflow/py_venv/lib/python3.12/site-packages/airflow/example_dags/example_dataset_alias.py
[2024-09-18T12:12:33.362+0100] {logging_mixin.py:190} INFO - [2024-09-18T12:12:33.362+0100] {dag.py:3229} INFO - Sync 4 DAGs
[2024-09-18T12:12:33.405+0100] {logging_mixin.py:190} INFO - [2024-09-18T12:12:33.405+0100] {dag.py:4156} INFO - Setting next_dagrun for dataset_alias_example_alias_consumer to None, run_after=None
[2024-09-18T12:12:33.406+0100] {logging_mixin.py:190} INFO - [2024-09-18T12:12:33.406+0100] {dag.py:4156} INFO - Setting next_dagrun for dataset_alias_example_alias_producer to None, run_after=None
[2024-09-18T12:12:33.407+0100] {logging_mixin.py:190} INFO - [2024-09-18T12:12:33.407+0100] {dag.py:4156} INFO - Setting next_dagrun for dataset_s3_bucket_consumer to None, run_after=None
[2024-09-18T12:12:33.407+0100] {logging_mixin.py:190} INFO - [2024-09-18T12:12:33.407+0100] {dag.py:4156} INFO - Setting next_dagrun for dataset_s3_bucket_producer to None, run_after=None
[2024-09-18T12:12:33.438+0100] {processor.py:208} INFO - Processing /Users/ds2718/Documents/test_python_airflow/airflow/py_venv/lib/python3.12/site-packages/airflow/example_dags/example_dataset_alias.py took 0.204 seconds
[2024-09-18T12:13:07.192+0100] {processor.py:186} INFO - Started process (PID=13912) to work on /Users/ds2718/Documents/test_python_airflow/airflow/py_venv/lib/python3.12/site-packages/airflow/example_dags/example_dataset_alias.py
[2024-09-18T12:13:07.193+0100] {processor.py:914} INFO - Processing file /Users/ds2718/Documents/test_python_airflow/airflow/py_venv/lib/python3.12/site-packages/airflow/example_dags/example_dataset_alias.py for tasks to queue
[2024-09-18T12:13:07.193+0100] {logging_mixin.py:190} INFO - [2024-09-18T12:13:07.193+0100] {dagbag.py:587} INFO - Filling up the DagBag from /Users/ds2718/Documents/test_python_airflow/airflow/py_venv/lib/python3.12/site-packages/airflow/example_dags/example_dataset_alias.py
[2024-09-18T12:13:07.284+0100] {processor.py:925} INFO - DAG(s) 'dataset_alias_example_alias_producer', 'dataset_s3_bucket_producer', 'dataset_s3_bucket_consumer', 'dataset_alias_example_alias_consumer' retrieved from /Users/ds2718/Documents/test_python_airflow/airflow/py_venv/lib/python3.12/site-packages/airflow/example_dags/example_dataset_alias.py
[2024-09-18T12:13:07.297+0100] {logging_mixin.py:190} INFO - [2024-09-18T12:13:07.297+0100] {dag.py:3229} INFO - Sync 4 DAGs
[2024-09-18T12:13:07.361+0100] {logging_mixin.py:190} INFO - [2024-09-18T12:13:07.361+0100] {dag.py:4156} INFO - Setting next_dagrun for dataset_alias_example_alias_consumer to None, run_after=None
[2024-09-18T12:13:07.363+0100] {logging_mixin.py:190} INFO - [2024-09-18T12:13:07.363+0100] {dag.py:4156} INFO - Setting next_dagrun for dataset_alias_example_alias_producer to None, run_after=None
[2024-09-18T12:13:07.364+0100] {logging_mixin.py:190} INFO - [2024-09-18T12:13:07.363+0100] {dag.py:4156} INFO - Setting next_dagrun for dataset_s3_bucket_consumer to None, run_after=None
[2024-09-18T12:13:07.364+0100] {logging_mixin.py:190} INFO - [2024-09-18T12:13:07.364+0100] {dag.py:4156} INFO - Setting next_dagrun for dataset_s3_bucket_producer to None, run_after=None
[2024-09-18T12:13:07.380+0100] {processor.py:208} INFO - Processing /Users/ds2718/Documents/test_python_airflow/airflow/py_venv/lib/python3.12/site-packages/airflow/example_dags/example_dataset_alias.py took 0.197 seconds
[2024-09-18T12:13:42.246+0100] {processor.py:186} INFO - Started process (PID=14050) to work on /Users/ds2718/Documents/test_python_airflow/airflow/py_venv/lib/python3.12/site-packages/airflow/example_dags/example_dataset_alias.py
[2024-09-18T12:13:42.248+0100] {processor.py:914} INFO - Processing file /Users/ds2718/Documents/test_python_airflow/airflow/py_venv/lib/python3.12/site-packages/airflow/example_dags/example_dataset_alias.py for tasks to queue
[2024-09-18T12:13:42.248+0100] {logging_mixin.py:190} INFO - [2024-09-18T12:13:42.248+0100] {dagbag.py:587} INFO - Filling up the DagBag from /Users/ds2718/Documents/test_python_airflow/airflow/py_venv/lib/python3.12/site-packages/airflow/example_dags/example_dataset_alias.py
[2024-09-18T12:13:42.347+0100] {processor.py:925} INFO - DAG(s) 'dataset_alias_example_alias_producer', 'dataset_s3_bucket_producer', 'dataset_alias_example_alias_consumer', 'dataset_s3_bucket_consumer' retrieved from /Users/ds2718/Documents/test_python_airflow/airflow/py_venv/lib/python3.12/site-packages/airflow/example_dags/example_dataset_alias.py
[2024-09-18T12:13:42.360+0100] {logging_mixin.py:190} INFO - [2024-09-18T12:13:42.360+0100] {dag.py:3229} INFO - Sync 4 DAGs
[2024-09-18T12:13:42.400+0100] {logging_mixin.py:190} INFO - [2024-09-18T12:13:42.400+0100] {dag.py:4156} INFO - Setting next_dagrun for dataset_alias_example_alias_consumer to None, run_after=None
[2024-09-18T12:13:42.401+0100] {logging_mixin.py:190} INFO - [2024-09-18T12:13:42.401+0100] {dag.py:4156} INFO - Setting next_dagrun for dataset_alias_example_alias_producer to None, run_after=None
[2024-09-18T12:13:42.401+0100] {logging_mixin.py:190} INFO - [2024-09-18T12:13:42.401+0100] {dag.py:4156} INFO - Setting next_dagrun for dataset_s3_bucket_consumer to None, run_after=None
[2024-09-18T12:13:42.402+0100] {logging_mixin.py:190} INFO - [2024-09-18T12:13:42.402+0100] {dag.py:4156} INFO - Setting next_dagrun for dataset_s3_bucket_producer to None, run_after=None
[2024-09-18T12:13:42.422+0100] {processor.py:208} INFO - Processing /Users/ds2718/Documents/test_python_airflow/airflow/py_venv/lib/python3.12/site-packages/airflow/example_dags/example_dataset_alias.py took 0.178 seconds
