[2024-09-18T11:54:25.562+0100] {processor.py:186} INFO - Started process (PID=9527) to work on /Users/ds2718/Documents/test_python_airflow/airflow/py_venv/lib/python3.12/site-packages/airflow/example_dags/example_branch_labels.py
[2024-09-18T11:54:25.563+0100] {processor.py:914} INFO - Processing file /Users/ds2718/Documents/test_python_airflow/airflow/py_venv/lib/python3.12/site-packages/airflow/example_dags/example_branch_labels.py for tasks to queue
[2024-09-18T11:54:25.563+0100] {logging_mixin.py:190} INFO - [2024-09-18T11:54:25.563+0100] {dagbag.py:587} INFO - Filling up the DagBag from /Users/ds2718/Documents/test_python_airflow/airflow/py_venv/lib/python3.12/site-packages/airflow/example_dags/example_branch_labels.py
[2024-09-18T11:54:25.567+0100] {processor.py:925} INFO - DAG(s) 'example_branch_labels' retrieved from /Users/ds2718/Documents/test_python_airflow/airflow/py_venv/lib/python3.12/site-packages/airflow/example_dags/example_branch_labels.py
[2024-09-18T11:54:25.673+0100] {logging_mixin.py:190} INFO - [2024-09-18T11:54:25.673+0100] {override.py:1900} INFO - Created Permission View: can read on DAG:example_branch_labels
[2024-09-18T11:54:25.677+0100] {logging_mixin.py:190} INFO - [2024-09-18T11:54:25.677+0100] {override.py:1900} INFO - Created Permission View: can edit on DAG:example_branch_labels
[2024-09-18T11:54:25.679+0100] {logging_mixin.py:190} INFO - [2024-09-18T11:54:25.679+0100] {override.py:1900} INFO - Created Permission View: can delete on DAG:example_branch_labels
[2024-09-18T11:54:25.681+0100] {logging_mixin.py:190} INFO - [2024-09-18T11:54:25.681+0100] {override.py:1900} INFO - Created Permission View: can create on DAG Run:example_branch_labels
[2024-09-18T11:54:25.683+0100] {logging_mixin.py:190} INFO - [2024-09-18T11:54:25.683+0100] {override.py:1900} INFO - Created Permission View: can read on DAG Run:example_branch_labels
[2024-09-18T11:54:25.685+0100] {logging_mixin.py:190} INFO - [2024-09-18T11:54:25.685+0100] {override.py:1900} INFO - Created Permission View: can delete on DAG Run:example_branch_labels
[2024-09-18T11:54:25.687+0100] {logging_mixin.py:190} INFO - [2024-09-18T11:54:25.686+0100] {override.py:1900} INFO - Created Permission View: menu access on DAG Run:example_branch_labels
[2024-09-18T11:54:25.687+0100] {logging_mixin.py:190} INFO - [2024-09-18T11:54:25.687+0100] {dag.py:3229} INFO - Sync 1 DAGs
[2024-09-18T11:54:25.692+0100] {logging_mixin.py:190} INFO - [2024-09-18T11:54:25.692+0100] {dag.py:3252} INFO - Creating ORM DAG for example_branch_labels
[2024-09-18T11:54:25.697+0100] {logging_mixin.py:190} INFO - [2024-09-18T11:54:25.697+0100] {dag.py:4156} INFO - Setting next_dagrun for example_branch_labels to 2024-09-17 00:00:00+00:00, run_after=2024-09-18 00:00:00+00:00
[2024-09-18T11:54:25.705+0100] {processor.py:208} INFO - Processing /Users/ds2718/Documents/test_python_airflow/airflow/py_venv/lib/python3.12/site-packages/airflow/example_dags/example_branch_labels.py took 0.147 seconds
[2024-09-18T11:55:00.098+0100] {processor.py:186} INFO - Started process (PID=9742) to work on /Users/ds2718/Documents/test_python_airflow/airflow/py_venv/lib/python3.12/site-packages/airflow/example_dags/example_branch_labels.py
[2024-09-18T11:55:00.099+0100] {processor.py:914} INFO - Processing file /Users/ds2718/Documents/test_python_airflow/airflow/py_venv/lib/python3.12/site-packages/airflow/example_dags/example_branch_labels.py for tasks to queue
[2024-09-18T11:55:00.099+0100] {logging_mixin.py:190} INFO - [2024-09-18T11:55:00.099+0100] {dagbag.py:587} INFO - Filling up the DagBag from /Users/ds2718/Documents/test_python_airflow/airflow/py_venv/lib/python3.12/site-packages/airflow/example_dags/example_branch_labels.py
[2024-09-18T11:55:00.105+0100] {processor.py:925} INFO - DAG(s) 'example_branch_labels' retrieved from /Users/ds2718/Documents/test_python_airflow/airflow/py_venv/lib/python3.12/site-packages/airflow/example_dags/example_branch_labels.py
[2024-09-18T11:55:00.152+0100] {logging_mixin.py:190} INFO - [2024-09-18T11:55:00.152+0100] {dag.py:3229} INFO - Sync 1 DAGs
[2024-09-18T11:55:00.173+0100] {logging_mixin.py:190} INFO - [2024-09-18T11:55:00.172+0100] {dag.py:4156} INFO - Setting next_dagrun for example_branch_labels to 2024-09-17 00:00:00+00:00, run_after=2024-09-18 00:00:00+00:00
[2024-09-18T11:55:00.206+0100] {processor.py:208} INFO - Processing /Users/ds2718/Documents/test_python_airflow/airflow/py_venv/lib/python3.12/site-packages/airflow/example_dags/example_branch_labels.py took 0.113 seconds
[2024-09-18T11:55:34.149+0100] {processor.py:186} INFO - Started process (PID=9919) to work on /Users/ds2718/Documents/test_python_airflow/airflow/py_venv/lib/python3.12/site-packages/airflow/example_dags/example_branch_labels.py
[2024-09-18T11:55:34.150+0100] {processor.py:914} INFO - Processing file /Users/ds2718/Documents/test_python_airflow/airflow/py_venv/lib/python3.12/site-packages/airflow/example_dags/example_branch_labels.py for tasks to queue
[2024-09-18T11:55:34.150+0100] {logging_mixin.py:190} INFO - [2024-09-18T11:55:34.150+0100] {dagbag.py:587} INFO - Filling up the DagBag from /Users/ds2718/Documents/test_python_airflow/airflow/py_venv/lib/python3.12/site-packages/airflow/example_dags/example_branch_labels.py
[2024-09-18T11:55:34.156+0100] {processor.py:925} INFO - DAG(s) 'example_branch_labels' retrieved from /Users/ds2718/Documents/test_python_airflow/airflow/py_venv/lib/python3.12/site-packages/airflow/example_dags/example_branch_labels.py
[2024-09-18T11:55:34.200+0100] {logging_mixin.py:190} INFO - [2024-09-18T11:55:34.200+0100] {dag.py:3229} INFO - Sync 1 DAGs
[2024-09-18T11:55:34.212+0100] {logging_mixin.py:190} INFO - [2024-09-18T11:55:34.212+0100] {dag.py:4156} INFO - Setting next_dagrun for example_branch_labels to 2024-09-17 00:00:00+00:00, run_after=2024-09-18 00:00:00+00:00
[2024-09-18T11:55:34.229+0100] {processor.py:208} INFO - Processing /Users/ds2718/Documents/test_python_airflow/airflow/py_venv/lib/python3.12/site-packages/airflow/example_dags/example_branch_labels.py took 0.086 seconds
[2024-09-18T11:56:09.245+0100] {processor.py:186} INFO - Started process (PID=10096) to work on /Users/ds2718/Documents/test_python_airflow/airflow/py_venv/lib/python3.12/site-packages/airflow/example_dags/example_branch_labels.py
[2024-09-18T11:56:09.250+0100] {processor.py:914} INFO - Processing file /Users/ds2718/Documents/test_python_airflow/airflow/py_venv/lib/python3.12/site-packages/airflow/example_dags/example_branch_labels.py for tasks to queue
[2024-09-18T11:56:09.250+0100] {logging_mixin.py:190} INFO - [2024-09-18T11:56:09.250+0100] {dagbag.py:587} INFO - Filling up the DagBag from /Users/ds2718/Documents/test_python_airflow/airflow/py_venv/lib/python3.12/site-packages/airflow/example_dags/example_branch_labels.py
[2024-09-18T11:56:09.257+0100] {processor.py:925} INFO - DAG(s) 'example_branch_labels' retrieved from /Users/ds2718/Documents/test_python_airflow/airflow/py_venv/lib/python3.12/site-packages/airflow/example_dags/example_branch_labels.py
[2024-09-18T11:56:09.303+0100] {logging_mixin.py:190} INFO - [2024-09-18T11:56:09.303+0100] {dag.py:3229} INFO - Sync 1 DAGs
[2024-09-18T11:56:09.316+0100] {logging_mixin.py:190} INFO - [2024-09-18T11:56:09.316+0100] {dag.py:4156} INFO - Setting next_dagrun for example_branch_labels to 2024-09-17 00:00:00+00:00, run_after=2024-09-18 00:00:00+00:00
[2024-09-18T11:56:09.335+0100] {processor.py:208} INFO - Processing /Users/ds2718/Documents/test_python_airflow/airflow/py_venv/lib/python3.12/site-packages/airflow/example_dags/example_branch_labels.py took 0.095 seconds
[2024-09-18T11:56:41.170+0100] {processor.py:186} INFO - Started process (PID=10231) to work on /Users/ds2718/Documents/test_python_airflow/airflow/py_venv/lib/python3.12/site-packages/airflow/example_dags/example_branch_labels.py
[2024-09-18T11:56:41.170+0100] {processor.py:914} INFO - Processing file /Users/ds2718/Documents/test_python_airflow/airflow/py_venv/lib/python3.12/site-packages/airflow/example_dags/example_branch_labels.py for tasks to queue
[2024-09-18T11:56:41.170+0100] {logging_mixin.py:190} INFO - [2024-09-18T11:56:41.170+0100] {dagbag.py:587} INFO - Filling up the DagBag from /Users/ds2718/Documents/test_python_airflow/airflow/py_venv/lib/python3.12/site-packages/airflow/example_dags/example_branch_labels.py
[2024-09-18T11:56:41.175+0100] {processor.py:925} INFO - DAG(s) 'example_branch_labels' retrieved from /Users/ds2718/Documents/test_python_airflow/airflow/py_venv/lib/python3.12/site-packages/airflow/example_dags/example_branch_labels.py
[2024-09-18T11:56:41.215+0100] {logging_mixin.py:190} INFO - [2024-09-18T11:56:41.215+0100] {dag.py:3229} INFO - Sync 1 DAGs
[2024-09-18T11:56:41.227+0100] {logging_mixin.py:190} INFO - [2024-09-18T11:56:41.226+0100] {dag.py:4156} INFO - Setting next_dagrun for example_branch_labels to 2024-09-17 00:00:00+00:00, run_after=2024-09-18 00:00:00+00:00
[2024-09-18T11:56:41.235+0100] {processor.py:208} INFO - Processing /Users/ds2718/Documents/test_python_airflow/airflow/py_venv/lib/python3.12/site-packages/airflow/example_dags/example_branch_labels.py took 0.067 seconds
[2024-09-18T11:57:14.393+0100] {processor.py:186} INFO - Started process (PID=10397) to work on /Users/ds2718/Documents/test_python_airflow/airflow/py_venv/lib/python3.12/site-packages/airflow/example_dags/example_branch_labels.py
[2024-09-18T11:57:14.394+0100] {processor.py:914} INFO - Processing file /Users/ds2718/Documents/test_python_airflow/airflow/py_venv/lib/python3.12/site-packages/airflow/example_dags/example_branch_labels.py for tasks to queue
[2024-09-18T11:57:14.394+0100] {logging_mixin.py:190} INFO - [2024-09-18T11:57:14.394+0100] {dagbag.py:587} INFO - Filling up the DagBag from /Users/ds2718/Documents/test_python_airflow/airflow/py_venv/lib/python3.12/site-packages/airflow/example_dags/example_branch_labels.py
[2024-09-18T11:57:14.400+0100] {processor.py:925} INFO - DAG(s) 'example_branch_labels' retrieved from /Users/ds2718/Documents/test_python_airflow/airflow/py_venv/lib/python3.12/site-packages/airflow/example_dags/example_branch_labels.py
[2024-09-18T11:57:14.441+0100] {logging_mixin.py:190} INFO - [2024-09-18T11:57:14.441+0100] {dag.py:3229} INFO - Sync 1 DAGs
[2024-09-18T11:57:14.451+0100] {logging_mixin.py:190} INFO - [2024-09-18T11:57:14.451+0100] {dag.py:4156} INFO - Setting next_dagrun for example_branch_labels to 2024-09-17 00:00:00+00:00, run_after=2024-09-18 00:00:00+00:00
[2024-09-18T11:57:14.463+0100] {processor.py:208} INFO - Processing /Users/ds2718/Documents/test_python_airflow/airflow/py_venv/lib/python3.12/site-packages/airflow/example_dags/example_branch_labels.py took 0.076 seconds
[2024-09-18T11:57:48.120+0100] {processor.py:186} INFO - Started process (PID=10600) to work on /Users/ds2718/Documents/test_python_airflow/airflow/py_venv/lib/python3.12/site-packages/airflow/example_dags/example_branch_labels.py
[2024-09-18T11:57:48.121+0100] {processor.py:914} INFO - Processing file /Users/ds2718/Documents/test_python_airflow/airflow/py_venv/lib/python3.12/site-packages/airflow/example_dags/example_branch_labels.py for tasks to queue
[2024-09-18T11:57:48.121+0100] {logging_mixin.py:190} INFO - [2024-09-18T11:57:48.121+0100] {dagbag.py:587} INFO - Filling up the DagBag from /Users/ds2718/Documents/test_python_airflow/airflow/py_venv/lib/python3.12/site-packages/airflow/example_dags/example_branch_labels.py
[2024-09-18T11:57:48.127+0100] {processor.py:925} INFO - DAG(s) 'example_branch_labels' retrieved from /Users/ds2718/Documents/test_python_airflow/airflow/py_venv/lib/python3.12/site-packages/airflow/example_dags/example_branch_labels.py
[2024-09-18T11:57:48.184+0100] {logging_mixin.py:190} INFO - [2024-09-18T11:57:48.184+0100] {dag.py:3229} INFO - Sync 1 DAGs
[2024-09-18T11:57:48.197+0100] {logging_mixin.py:190} INFO - [2024-09-18T11:57:48.197+0100] {dag.py:4156} INFO - Setting next_dagrun for example_branch_labels to 2024-09-17 00:00:00+00:00, run_after=2024-09-18 00:00:00+00:00
[2024-09-18T11:57:48.214+0100] {processor.py:208} INFO - Processing /Users/ds2718/Documents/test_python_airflow/airflow/py_venv/lib/python3.12/site-packages/airflow/example_dags/example_branch_labels.py took 0.102 seconds
[2024-09-18T11:58:22.719+0100] {processor.py:186} INFO - Started process (PID=10794) to work on /Users/ds2718/Documents/test_python_airflow/airflow/py_venv/lib/python3.12/site-packages/airflow/example_dags/example_branch_labels.py
[2024-09-18T11:58:22.719+0100] {processor.py:914} INFO - Processing file /Users/ds2718/Documents/test_python_airflow/airflow/py_venv/lib/python3.12/site-packages/airflow/example_dags/example_branch_labels.py for tasks to queue
[2024-09-18T11:58:22.720+0100] {logging_mixin.py:190} INFO - [2024-09-18T11:58:22.719+0100] {dagbag.py:587} INFO - Filling up the DagBag from /Users/ds2718/Documents/test_python_airflow/airflow/py_venv/lib/python3.12/site-packages/airflow/example_dags/example_branch_labels.py
[2024-09-18T11:58:22.733+0100] {processor.py:925} INFO - DAG(s) 'example_branch_labels' retrieved from /Users/ds2718/Documents/test_python_airflow/airflow/py_venv/lib/python3.12/site-packages/airflow/example_dags/example_branch_labels.py
[2024-09-18T11:58:22.777+0100] {logging_mixin.py:190} INFO - [2024-09-18T11:58:22.777+0100] {dag.py:3229} INFO - Sync 1 DAGs
[2024-09-18T11:58:22.790+0100] {logging_mixin.py:190} INFO - [2024-09-18T11:58:22.790+0100] {dag.py:4156} INFO - Setting next_dagrun for example_branch_labels to 2024-09-17 00:00:00+00:00, run_after=2024-09-18 00:00:00+00:00
[2024-09-18T11:58:22.810+0100] {processor.py:208} INFO - Processing /Users/ds2718/Documents/test_python_airflow/airflow/py_venv/lib/python3.12/site-packages/airflow/example_dags/example_branch_labels.py took 0.093 seconds
[2024-09-18T11:59:01.721+0100] {processor.py:186} INFO - Started process (PID=11010) to work on /Users/ds2718/Documents/test_python_airflow/airflow/py_venv/lib/python3.12/site-packages/airflow/example_dags/example_branch_labels.py
[2024-09-18T11:59:01.722+0100] {processor.py:914} INFO - Processing file /Users/ds2718/Documents/test_python_airflow/airflow/py_venv/lib/python3.12/site-packages/airflow/example_dags/example_branch_labels.py for tasks to queue
[2024-09-18T11:59:01.722+0100] {logging_mixin.py:190} INFO - [2024-09-18T11:59:01.722+0100] {dagbag.py:587} INFO - Filling up the DagBag from /Users/ds2718/Documents/test_python_airflow/airflow/py_venv/lib/python3.12/site-packages/airflow/example_dags/example_branch_labels.py
[2024-09-18T11:59:01.729+0100] {processor.py:925} INFO - DAG(s) 'example_branch_labels' retrieved from /Users/ds2718/Documents/test_python_airflow/airflow/py_venv/lib/python3.12/site-packages/airflow/example_dags/example_branch_labels.py
[2024-09-18T11:59:01.774+0100] {logging_mixin.py:190} INFO - [2024-09-18T11:59:01.774+0100] {dag.py:3229} INFO - Sync 1 DAGs
[2024-09-18T11:59:01.785+0100] {logging_mixin.py:190} INFO - [2024-09-18T11:59:01.785+0100] {dag.py:4156} INFO - Setting next_dagrun for example_branch_labels to 2024-09-17 00:00:00+00:00, run_after=2024-09-18 00:00:00+00:00
[2024-09-18T11:59:01.807+0100] {processor.py:208} INFO - Processing /Users/ds2718/Documents/test_python_airflow/airflow/py_venv/lib/python3.12/site-packages/airflow/example_dags/example_branch_labels.py took 0.090 seconds
[2024-09-18T11:59:34.776+0100] {processor.py:186} INFO - Started process (PID=11182) to work on /Users/ds2718/Documents/test_python_airflow/airflow/py_venv/lib/python3.12/site-packages/airflow/example_dags/example_branch_labels.py
[2024-09-18T11:59:34.777+0100] {processor.py:914} INFO - Processing file /Users/ds2718/Documents/test_python_airflow/airflow/py_venv/lib/python3.12/site-packages/airflow/example_dags/example_branch_labels.py for tasks to queue
[2024-09-18T11:59:34.777+0100] {logging_mixin.py:190} INFO - [2024-09-18T11:59:34.777+0100] {dagbag.py:587} INFO - Filling up the DagBag from /Users/ds2718/Documents/test_python_airflow/airflow/py_venv/lib/python3.12/site-packages/airflow/example_dags/example_branch_labels.py
[2024-09-18T11:59:34.783+0100] {processor.py:925} INFO - DAG(s) 'example_branch_labels' retrieved from /Users/ds2718/Documents/test_python_airflow/airflow/py_venv/lib/python3.12/site-packages/airflow/example_dags/example_branch_labels.py
[2024-09-18T11:59:34.830+0100] {logging_mixin.py:190} INFO - [2024-09-18T11:59:34.830+0100] {dag.py:3229} INFO - Sync 1 DAGs
[2024-09-18T11:59:34.841+0100] {logging_mixin.py:190} INFO - [2024-09-18T11:59:34.841+0100] {dag.py:4156} INFO - Setting next_dagrun for example_branch_labels to 2024-09-17 00:00:00+00:00, run_after=2024-09-18 00:00:00+00:00
[2024-09-18T11:59:34.857+0100] {processor.py:208} INFO - Processing /Users/ds2718/Documents/test_python_airflow/airflow/py_venv/lib/python3.12/site-packages/airflow/example_dags/example_branch_labels.py took 0.089 seconds
[2024-09-18T12:00:08.607+0100] {processor.py:186} INFO - Started process (PID=11399) to work on /Users/ds2718/Documents/test_python_airflow/airflow/py_venv/lib/python3.12/site-packages/airflow/example_dags/example_branch_labels.py
[2024-09-18T12:00:08.607+0100] {processor.py:914} INFO - Processing file /Users/ds2718/Documents/test_python_airflow/airflow/py_venv/lib/python3.12/site-packages/airflow/example_dags/example_branch_labels.py for tasks to queue
[2024-09-18T12:00:08.608+0100] {logging_mixin.py:190} INFO - [2024-09-18T12:00:08.608+0100] {dagbag.py:587} INFO - Filling up the DagBag from /Users/ds2718/Documents/test_python_airflow/airflow/py_venv/lib/python3.12/site-packages/airflow/example_dags/example_branch_labels.py
[2024-09-18T12:00:08.614+0100] {processor.py:925} INFO - DAG(s) 'example_branch_labels' retrieved from /Users/ds2718/Documents/test_python_airflow/airflow/py_venv/lib/python3.12/site-packages/airflow/example_dags/example_branch_labels.py
[2024-09-18T12:00:08.656+0100] {logging_mixin.py:190} INFO - [2024-09-18T12:00:08.656+0100] {dag.py:3229} INFO - Sync 1 DAGs
[2024-09-18T12:00:08.667+0100] {logging_mixin.py:190} INFO - [2024-09-18T12:00:08.667+0100] {dag.py:4156} INFO - Setting next_dagrun for example_branch_labels to 2024-09-17 00:00:00+00:00, run_after=2024-09-18 00:00:00+00:00
[2024-09-18T12:00:08.683+0100] {processor.py:208} INFO - Processing /Users/ds2718/Documents/test_python_airflow/airflow/py_venv/lib/python3.12/site-packages/airflow/example_dags/example_branch_labels.py took 0.082 seconds
[2024-09-18T12:00:42.931+0100] {processor.py:186} INFO - Started process (PID=11575) to work on /Users/ds2718/Documents/test_python_airflow/airflow/py_venv/lib/python3.12/site-packages/airflow/example_dags/example_branch_labels.py
[2024-09-18T12:00:42.932+0100] {processor.py:914} INFO - Processing file /Users/ds2718/Documents/test_python_airflow/airflow/py_venv/lib/python3.12/site-packages/airflow/example_dags/example_branch_labels.py for tasks to queue
[2024-09-18T12:00:42.933+0100] {logging_mixin.py:190} INFO - [2024-09-18T12:00:42.933+0100] {dagbag.py:587} INFO - Filling up the DagBag from /Users/ds2718/Documents/test_python_airflow/airflow/py_venv/lib/python3.12/site-packages/airflow/example_dags/example_branch_labels.py
[2024-09-18T12:00:42.939+0100] {processor.py:925} INFO - DAG(s) 'example_branch_labels' retrieved from /Users/ds2718/Documents/test_python_airflow/airflow/py_venv/lib/python3.12/site-packages/airflow/example_dags/example_branch_labels.py
[2024-09-18T12:00:42.986+0100] {logging_mixin.py:190} INFO - [2024-09-18T12:00:42.985+0100] {dag.py:3229} INFO - Sync 1 DAGs
[2024-09-18T12:00:42.997+0100] {logging_mixin.py:190} INFO - [2024-09-18T12:00:42.997+0100] {dag.py:4156} INFO - Setting next_dagrun for example_branch_labels to 2024-09-17 00:00:00+00:00, run_after=2024-09-18 00:00:00+00:00
[2024-09-18T12:00:43.013+0100] {processor.py:208} INFO - Processing /Users/ds2718/Documents/test_python_airflow/airflow/py_venv/lib/python3.12/site-packages/airflow/example_dags/example_branch_labels.py took 0.090 seconds
[2024-09-18T12:01:21.504+0100] {processor.py:186} INFO - Started process (PID=11773) to work on /Users/ds2718/Documents/test_python_airflow/airflow/py_venv/lib/python3.12/site-packages/airflow/example_dags/example_branch_labels.py
[2024-09-18T12:01:21.521+0100] {processor.py:914} INFO - Processing file /Users/ds2718/Documents/test_python_airflow/airflow/py_venv/lib/python3.12/site-packages/airflow/example_dags/example_branch_labels.py for tasks to queue
[2024-09-18T12:01:21.522+0100] {logging_mixin.py:190} INFO - [2024-09-18T12:01:21.522+0100] {dagbag.py:587} INFO - Filling up the DagBag from /Users/ds2718/Documents/test_python_airflow/airflow/py_venv/lib/python3.12/site-packages/airflow/example_dags/example_branch_labels.py
[2024-09-18T12:01:21.580+0100] {processor.py:925} INFO - DAG(s) 'example_branch_labels' retrieved from /Users/ds2718/Documents/test_python_airflow/airflow/py_venv/lib/python3.12/site-packages/airflow/example_dags/example_branch_labels.py
[2024-09-18T12:01:21.768+0100] {logging_mixin.py:190} INFO - [2024-09-18T12:01:21.768+0100] {dag.py:3229} INFO - Sync 1 DAGs
[2024-09-18T12:01:21.786+0100] {logging_mixin.py:190} INFO - [2024-09-18T12:01:21.786+0100] {dag.py:4156} INFO - Setting next_dagrun for example_branch_labels to 2024-09-17 00:00:00+00:00, run_after=2024-09-18 00:00:00+00:00
[2024-09-18T12:01:21.802+0100] {processor.py:208} INFO - Processing /Users/ds2718/Documents/test_python_airflow/airflow/py_venv/lib/python3.12/site-packages/airflow/example_dags/example_branch_labels.py took 0.304 seconds
[2024-09-18T12:06:38.325+0100] {processor.py:186} INFO - Started process (PID=12048) to work on /Users/ds2718/Documents/test_python_airflow/airflow/py_venv/lib/python3.12/site-packages/airflow/example_dags/example_branch_labels.py
[2024-09-18T12:06:38.325+0100] {processor.py:914} INFO - Processing file /Users/ds2718/Documents/test_python_airflow/airflow/py_venv/lib/python3.12/site-packages/airflow/example_dags/example_branch_labels.py for tasks to queue
[2024-09-18T12:06:38.325+0100] {logging_mixin.py:190} INFO - [2024-09-18T12:06:38.325+0100] {dagbag.py:587} INFO - Filling up the DagBag from /Users/ds2718/Documents/test_python_airflow/airflow/py_venv/lib/python3.12/site-packages/airflow/example_dags/example_branch_labels.py
[2024-09-18T12:06:38.330+0100] {processor.py:925} INFO - DAG(s) 'example_branch_labels' retrieved from /Users/ds2718/Documents/test_python_airflow/airflow/py_venv/lib/python3.12/site-packages/airflow/example_dags/example_branch_labels.py
[2024-09-18T12:06:38.368+0100] {logging_mixin.py:190} INFO - [2024-09-18T12:06:38.367+0100] {dag.py:3229} INFO - Sync 1 DAGs
[2024-09-18T12:06:38.377+0100] {logging_mixin.py:190} INFO - [2024-09-18T12:06:38.377+0100] {dag.py:4156} INFO - Setting next_dagrun for example_branch_labels to 2024-09-17 00:00:00+00:00, run_after=2024-09-18 00:00:00+00:00
[2024-09-18T12:06:38.388+0100] {processor.py:208} INFO - Processing /Users/ds2718/Documents/test_python_airflow/airflow/py_venv/lib/python3.12/site-packages/airflow/example_dags/example_branch_labels.py took 0.068 seconds
[2024-09-18T12:07:13.644+0100] {processor.py:186} INFO - Started process (PID=12208) to work on /Users/ds2718/Documents/test_python_airflow/airflow/py_venv/lib/python3.12/site-packages/airflow/example_dags/example_branch_labels.py
[2024-09-18T12:07:13.645+0100] {processor.py:914} INFO - Processing file /Users/ds2718/Documents/test_python_airflow/airflow/py_venv/lib/python3.12/site-packages/airflow/example_dags/example_branch_labels.py for tasks to queue
[2024-09-18T12:07:13.645+0100] {logging_mixin.py:190} INFO - [2024-09-18T12:07:13.645+0100] {dagbag.py:587} INFO - Filling up the DagBag from /Users/ds2718/Documents/test_python_airflow/airflow/py_venv/lib/python3.12/site-packages/airflow/example_dags/example_branch_labels.py
[2024-09-18T12:07:13.651+0100] {processor.py:925} INFO - DAG(s) 'example_branch_labels' retrieved from /Users/ds2718/Documents/test_python_airflow/airflow/py_venv/lib/python3.12/site-packages/airflow/example_dags/example_branch_labels.py
[2024-09-18T12:07:13.691+0100] {logging_mixin.py:190} INFO - [2024-09-18T12:07:13.691+0100] {dag.py:3229} INFO - Sync 1 DAGs
[2024-09-18T12:07:13.701+0100] {logging_mixin.py:190} INFO - [2024-09-18T12:07:13.701+0100] {dag.py:4156} INFO - Setting next_dagrun for example_branch_labels to 2024-09-17 00:00:00+00:00, run_after=2024-09-18 00:00:00+00:00
[2024-09-18T12:07:13.714+0100] {processor.py:208} INFO - Processing /Users/ds2718/Documents/test_python_airflow/airflow/py_venv/lib/python3.12/site-packages/airflow/example_dags/example_branch_labels.py took 0.072 seconds
[2024-09-18T12:07:54.142+0100] {processor.py:186} INFO - Started process (PID=12406) to work on /Users/ds2718/Documents/test_python_airflow/airflow/py_venv/lib/python3.12/site-packages/airflow/example_dags/example_branch_labels.py
[2024-09-18T12:07:54.143+0100] {processor.py:914} INFO - Processing file /Users/ds2718/Documents/test_python_airflow/airflow/py_venv/lib/python3.12/site-packages/airflow/example_dags/example_branch_labels.py for tasks to queue
[2024-09-18T12:07:54.143+0100] {logging_mixin.py:190} INFO - [2024-09-18T12:07:54.143+0100] {dagbag.py:587} INFO - Filling up the DagBag from /Users/ds2718/Documents/test_python_airflow/airflow/py_venv/lib/python3.12/site-packages/airflow/example_dags/example_branch_labels.py
[2024-09-18T12:07:54.151+0100] {processor.py:925} INFO - DAG(s) 'example_branch_labels' retrieved from /Users/ds2718/Documents/test_python_airflow/airflow/py_venv/lib/python3.12/site-packages/airflow/example_dags/example_branch_labels.py
[2024-09-18T12:07:54.212+0100] {logging_mixin.py:190} INFO - [2024-09-18T12:07:54.212+0100] {dag.py:3229} INFO - Sync 1 DAGs
[2024-09-18T12:07:54.233+0100] {logging_mixin.py:190} INFO - [2024-09-18T12:07:54.232+0100] {dag.py:4156} INFO - Setting next_dagrun for example_branch_labels to 2024-09-17 00:00:00+00:00, run_after=2024-09-18 00:00:00+00:00
[2024-09-18T12:07:54.250+0100] {processor.py:208} INFO - Processing /Users/ds2718/Documents/test_python_airflow/airflow/py_venv/lib/python3.12/site-packages/airflow/example_dags/example_branch_labels.py took 0.114 seconds
[2024-09-18T12:08:39.510+0100] {processor.py:186} INFO - Started process (PID=12621) to work on /Users/ds2718/Documents/test_python_airflow/airflow/py_venv/lib/python3.12/site-packages/airflow/example_dags/example_branch_labels.py
[2024-09-18T12:08:39.510+0100] {processor.py:914} INFO - Processing file /Users/ds2718/Documents/test_python_airflow/airflow/py_venv/lib/python3.12/site-packages/airflow/example_dags/example_branch_labels.py for tasks to queue
[2024-09-18T12:08:39.511+0100] {logging_mixin.py:190} INFO - [2024-09-18T12:08:39.510+0100] {dagbag.py:587} INFO - Filling up the DagBag from /Users/ds2718/Documents/test_python_airflow/airflow/py_venv/lib/python3.12/site-packages/airflow/example_dags/example_branch_labels.py
[2024-09-18T12:08:39.517+0100] {processor.py:925} INFO - DAG(s) 'example_branch_labels' retrieved from /Users/ds2718/Documents/test_python_airflow/airflow/py_venv/lib/python3.12/site-packages/airflow/example_dags/example_branch_labels.py
[2024-09-18T12:08:39.559+0100] {logging_mixin.py:190} INFO - [2024-09-18T12:08:39.559+0100] {dag.py:3229} INFO - Sync 1 DAGs
[2024-09-18T12:08:39.569+0100] {logging_mixin.py:190} INFO - [2024-09-18T12:08:39.569+0100] {dag.py:4156} INFO - Setting next_dagrun for example_branch_labels to 2024-09-17 00:00:00+00:00, run_after=2024-09-18 00:00:00+00:00
[2024-09-18T12:08:39.579+0100] {processor.py:208} INFO - Processing /Users/ds2718/Documents/test_python_airflow/airflow/py_venv/lib/python3.12/site-packages/airflow/example_dags/example_branch_labels.py took 0.071 seconds
[2024-09-18T12:09:12.789+0100] {processor.py:186} INFO - Started process (PID=12775) to work on /Users/ds2718/Documents/test_python_airflow/airflow/py_venv/lib/python3.12/site-packages/airflow/example_dags/example_branch_labels.py
[2024-09-18T12:09:12.790+0100] {processor.py:914} INFO - Processing file /Users/ds2718/Documents/test_python_airflow/airflow/py_venv/lib/python3.12/site-packages/airflow/example_dags/example_branch_labels.py for tasks to queue
[2024-09-18T12:09:12.790+0100] {logging_mixin.py:190} INFO - [2024-09-18T12:09:12.790+0100] {dagbag.py:587} INFO - Filling up the DagBag from /Users/ds2718/Documents/test_python_airflow/airflow/py_venv/lib/python3.12/site-packages/airflow/example_dags/example_branch_labels.py
[2024-09-18T12:09:12.796+0100] {processor.py:925} INFO - DAG(s) 'example_branch_labels' retrieved from /Users/ds2718/Documents/test_python_airflow/airflow/py_venv/lib/python3.12/site-packages/airflow/example_dags/example_branch_labels.py
[2024-09-18T12:09:12.856+0100] {logging_mixin.py:190} INFO - [2024-09-18T12:09:12.855+0100] {dag.py:3229} INFO - Sync 1 DAGs
[2024-09-18T12:09:12.865+0100] {logging_mixin.py:190} INFO - [2024-09-18T12:09:12.865+0100] {dag.py:4156} INFO - Setting next_dagrun for example_branch_labels to 2024-09-17 00:00:00+00:00, run_after=2024-09-18 00:00:00+00:00
[2024-09-18T12:09:12.880+0100] {processor.py:208} INFO - Processing /Users/ds2718/Documents/test_python_airflow/airflow/py_venv/lib/python3.12/site-packages/airflow/example_dags/example_branch_labels.py took 0.095 seconds
[2024-09-18T12:09:49.189+0100] {processor.py:186} INFO - Started process (PID=12987) to work on /Users/ds2718/Documents/test_python_airflow/airflow/py_venv/lib/python3.12/site-packages/airflow/example_dags/example_branch_labels.py
[2024-09-18T12:09:49.191+0100] {processor.py:914} INFO - Processing file /Users/ds2718/Documents/test_python_airflow/airflow/py_venv/lib/python3.12/site-packages/airflow/example_dags/example_branch_labels.py for tasks to queue
[2024-09-18T12:09:49.191+0100] {logging_mixin.py:190} INFO - [2024-09-18T12:09:49.191+0100] {dagbag.py:587} INFO - Filling up the DagBag from /Users/ds2718/Documents/test_python_airflow/airflow/py_venv/lib/python3.12/site-packages/airflow/example_dags/example_branch_labels.py
[2024-09-18T12:09:49.197+0100] {processor.py:925} INFO - DAG(s) 'example_branch_labels' retrieved from /Users/ds2718/Documents/test_python_airflow/airflow/py_venv/lib/python3.12/site-packages/airflow/example_dags/example_branch_labels.py
[2024-09-18T12:09:49.252+0100] {logging_mixin.py:190} INFO - [2024-09-18T12:09:49.252+0100] {dag.py:3229} INFO - Sync 1 DAGs
[2024-09-18T12:09:49.269+0100] {logging_mixin.py:190} INFO - [2024-09-18T12:09:49.269+0100] {dag.py:4156} INFO - Setting next_dagrun for example_branch_labels to 2024-09-17 00:00:00+00:00, run_after=2024-09-18 00:00:00+00:00
[2024-09-18T12:09:49.283+0100] {processor.py:208} INFO - Processing /Users/ds2718/Documents/test_python_airflow/airflow/py_venv/lib/python3.12/site-packages/airflow/example_dags/example_branch_labels.py took 0.096 seconds
[2024-09-18T12:10:20.682+0100] {processor.py:186} INFO - Started process (PID=13112) to work on /Users/ds2718/Documents/test_python_airflow/airflow/py_venv/lib/python3.12/site-packages/airflow/example_dags/example_branch_labels.py
[2024-09-18T12:10:20.688+0100] {processor.py:914} INFO - Processing file /Users/ds2718/Documents/test_python_airflow/airflow/py_venv/lib/python3.12/site-packages/airflow/example_dags/example_branch_labels.py for tasks to queue
[2024-09-18T12:10:20.688+0100] {logging_mixin.py:190} INFO - [2024-09-18T12:10:20.688+0100] {dagbag.py:587} INFO - Filling up the DagBag from /Users/ds2718/Documents/test_python_airflow/airflow/py_venv/lib/python3.12/site-packages/airflow/example_dags/example_branch_labels.py
[2024-09-18T12:10:20.695+0100] {processor.py:925} INFO - DAG(s) 'example_branch_labels' retrieved from /Users/ds2718/Documents/test_python_airflow/airflow/py_venv/lib/python3.12/site-packages/airflow/example_dags/example_branch_labels.py
[2024-09-18T12:10:20.739+0100] {logging_mixin.py:190} INFO - [2024-09-18T12:10:20.739+0100] {dag.py:3229} INFO - Sync 1 DAGs
[2024-09-18T12:10:20.751+0100] {logging_mixin.py:190} INFO - [2024-09-18T12:10:20.751+0100] {dag.py:4156} INFO - Setting next_dagrun for example_branch_labels to 2024-09-17 00:00:00+00:00, run_after=2024-09-18 00:00:00+00:00
[2024-09-18T12:10:20.766+0100] {processor.py:208} INFO - Processing /Users/ds2718/Documents/test_python_airflow/airflow/py_venv/lib/python3.12/site-packages/airflow/example_dags/example_branch_labels.py took 0.095 seconds
[2024-09-18T12:10:56.028+0100] {processor.py:186} INFO - Started process (PID=13290) to work on /Users/ds2718/Documents/test_python_airflow/airflow/py_venv/lib/python3.12/site-packages/airflow/example_dags/example_branch_labels.py
[2024-09-18T12:10:56.030+0100] {processor.py:914} INFO - Processing file /Users/ds2718/Documents/test_python_airflow/airflow/py_venv/lib/python3.12/site-packages/airflow/example_dags/example_branch_labels.py for tasks to queue
[2024-09-18T12:10:56.030+0100] {logging_mixin.py:190} INFO - [2024-09-18T12:10:56.030+0100] {dagbag.py:587} INFO - Filling up the DagBag from /Users/ds2718/Documents/test_python_airflow/airflow/py_venv/lib/python3.12/site-packages/airflow/example_dags/example_branch_labels.py
[2024-09-18T12:10:56.037+0100] {processor.py:925} INFO - DAG(s) 'example_branch_labels' retrieved from /Users/ds2718/Documents/test_python_airflow/airflow/py_venv/lib/python3.12/site-packages/airflow/example_dags/example_branch_labels.py
[2024-09-18T12:10:56.097+0100] {logging_mixin.py:190} INFO - [2024-09-18T12:10:56.097+0100] {dag.py:3229} INFO - Sync 1 DAGs
[2024-09-18T12:10:56.110+0100] {logging_mixin.py:190} INFO - [2024-09-18T12:10:56.110+0100] {dag.py:4156} INFO - Setting next_dagrun for example_branch_labels to 2024-09-17 00:00:00+00:00, run_after=2024-09-18 00:00:00+00:00
[2024-09-18T12:10:56.125+0100] {processor.py:208} INFO - Processing /Users/ds2718/Documents/test_python_airflow/airflow/py_venv/lib/python3.12/site-packages/airflow/example_dags/example_branch_labels.py took 0.111 seconds
[2024-09-18T12:11:31.569+0100] {processor.py:186} INFO - Started process (PID=13437) to work on /Users/ds2718/Documents/test_python_airflow/airflow/py_venv/lib/python3.12/site-packages/airflow/example_dags/example_branch_labels.py
[2024-09-18T12:11:31.569+0100] {processor.py:914} INFO - Processing file /Users/ds2718/Documents/test_python_airflow/airflow/py_venv/lib/python3.12/site-packages/airflow/example_dags/example_branch_labels.py for tasks to queue
[2024-09-18T12:11:31.570+0100] {logging_mixin.py:190} INFO - [2024-09-18T12:11:31.570+0100] {dagbag.py:587} INFO - Filling up the DagBag from /Users/ds2718/Documents/test_python_airflow/airflow/py_venv/lib/python3.12/site-packages/airflow/example_dags/example_branch_labels.py
[2024-09-18T12:11:31.574+0100] {processor.py:925} INFO - DAG(s) 'example_branch_labels' retrieved from /Users/ds2718/Documents/test_python_airflow/airflow/py_venv/lib/python3.12/site-packages/airflow/example_dags/example_branch_labels.py
[2024-09-18T12:11:31.614+0100] {logging_mixin.py:190} INFO - [2024-09-18T12:11:31.614+0100] {dag.py:3229} INFO - Sync 1 DAGs
[2024-09-18T12:11:31.626+0100] {logging_mixin.py:190} INFO - [2024-09-18T12:11:31.626+0100] {dag.py:4156} INFO - Setting next_dagrun for example_branch_labels to 2024-09-17 00:00:00+00:00, run_after=2024-09-18 00:00:00+00:00
[2024-09-18T12:11:31.647+0100] {processor.py:208} INFO - Processing /Users/ds2718/Documents/test_python_airflow/airflow/py_venv/lib/python3.12/site-packages/airflow/example_dags/example_branch_labels.py took 0.081 seconds
[2024-09-18T12:12:04.184+0100] {processor.py:186} INFO - Started process (PID=13600) to work on /Users/ds2718/Documents/test_python_airflow/airflow/py_venv/lib/python3.12/site-packages/airflow/example_dags/example_branch_labels.py
[2024-09-18T12:12:04.186+0100] {processor.py:914} INFO - Processing file /Users/ds2718/Documents/test_python_airflow/airflow/py_venv/lib/python3.12/site-packages/airflow/example_dags/example_branch_labels.py for tasks to queue
[2024-09-18T12:12:04.186+0100] {logging_mixin.py:190} INFO - [2024-09-18T12:12:04.186+0100] {dagbag.py:587} INFO - Filling up the DagBag from /Users/ds2718/Documents/test_python_airflow/airflow/py_venv/lib/python3.12/site-packages/airflow/example_dags/example_branch_labels.py
[2024-09-18T12:12:04.192+0100] {processor.py:925} INFO - DAG(s) 'example_branch_labels' retrieved from /Users/ds2718/Documents/test_python_airflow/airflow/py_venv/lib/python3.12/site-packages/airflow/example_dags/example_branch_labels.py
[2024-09-18T12:12:04.238+0100] {logging_mixin.py:190} INFO - [2024-09-18T12:12:04.238+0100] {dag.py:3229} INFO - Sync 1 DAGs
[2024-09-18T12:12:04.251+0100] {logging_mixin.py:190} INFO - [2024-09-18T12:12:04.251+0100] {dag.py:4156} INFO - Setting next_dagrun for example_branch_labels to 2024-09-17 00:00:00+00:00, run_after=2024-09-18 00:00:00+00:00
[2024-09-18T12:12:04.269+0100] {processor.py:208} INFO - Processing /Users/ds2718/Documents/test_python_airflow/airflow/py_venv/lib/python3.12/site-packages/airflow/example_dags/example_branch_labels.py took 0.087 seconds
[2024-09-18T12:12:37.024+0100] {processor.py:186} INFO - Started process (PID=13725) to work on /Users/ds2718/Documents/test_python_airflow/airflow/py_venv/lib/python3.12/site-packages/airflow/example_dags/example_branch_labels.py
[2024-09-18T12:12:37.025+0100] {processor.py:914} INFO - Processing file /Users/ds2718/Documents/test_python_airflow/airflow/py_venv/lib/python3.12/site-packages/airflow/example_dags/example_branch_labels.py for tasks to queue
[2024-09-18T12:12:37.026+0100] {logging_mixin.py:190} INFO - [2024-09-18T12:12:37.025+0100] {dagbag.py:587} INFO - Filling up the DagBag from /Users/ds2718/Documents/test_python_airflow/airflow/py_venv/lib/python3.12/site-packages/airflow/example_dags/example_branch_labels.py
[2024-09-18T12:12:37.032+0100] {processor.py:925} INFO - DAG(s) 'example_branch_labels' retrieved from /Users/ds2718/Documents/test_python_airflow/airflow/py_venv/lib/python3.12/site-packages/airflow/example_dags/example_branch_labels.py
[2024-09-18T12:12:37.076+0100] {logging_mixin.py:190} INFO - [2024-09-18T12:12:37.076+0100] {dag.py:3229} INFO - Sync 1 DAGs
[2024-09-18T12:12:37.088+0100] {logging_mixin.py:190} INFO - [2024-09-18T12:12:37.088+0100] {dag.py:4156} INFO - Setting next_dagrun for example_branch_labels to 2024-09-17 00:00:00+00:00, run_after=2024-09-18 00:00:00+00:00
[2024-09-18T12:12:37.101+0100] {processor.py:208} INFO - Processing /Users/ds2718/Documents/test_python_airflow/airflow/py_venv/lib/python3.12/site-packages/airflow/example_dags/example_branch_labels.py took 0.080 seconds
[2024-09-18T12:13:13.107+0100] {processor.py:186} INFO - Started process (PID=13943) to work on /Users/ds2718/Documents/test_python_airflow/airflow/py_venv/lib/python3.12/site-packages/airflow/example_dags/example_branch_labels.py
[2024-09-18T12:13:13.108+0100] {processor.py:914} INFO - Processing file /Users/ds2718/Documents/test_python_airflow/airflow/py_venv/lib/python3.12/site-packages/airflow/example_dags/example_branch_labels.py for tasks to queue
[2024-09-18T12:13:13.108+0100] {logging_mixin.py:190} INFO - [2024-09-18T12:13:13.108+0100] {dagbag.py:587} INFO - Filling up the DagBag from /Users/ds2718/Documents/test_python_airflow/airflow/py_venv/lib/python3.12/site-packages/airflow/example_dags/example_branch_labels.py
[2024-09-18T12:13:13.114+0100] {processor.py:925} INFO - DAG(s) 'example_branch_labels' retrieved from /Users/ds2718/Documents/test_python_airflow/airflow/py_venv/lib/python3.12/site-packages/airflow/example_dags/example_branch_labels.py
[2024-09-18T12:13:13.159+0100] {logging_mixin.py:190} INFO - [2024-09-18T12:13:13.158+0100] {dag.py:3229} INFO - Sync 1 DAGs
[2024-09-18T12:13:13.168+0100] {logging_mixin.py:190} INFO - [2024-09-18T12:13:13.168+0100] {dag.py:4156} INFO - Setting next_dagrun for example_branch_labels to 2024-09-17 00:00:00+00:00, run_after=2024-09-18 00:00:00+00:00
[2024-09-18T12:13:13.181+0100] {processor.py:208} INFO - Processing /Users/ds2718/Documents/test_python_airflow/airflow/py_venv/lib/python3.12/site-packages/airflow/example_dags/example_branch_labels.py took 0.078 seconds
[2024-09-18T12:13:47.998+0100] {processor.py:186} INFO - Started process (PID=14068) to work on /Users/ds2718/Documents/test_python_airflow/airflow/py_venv/lib/python3.12/site-packages/airflow/example_dags/example_branch_labels.py
[2024-09-18T12:13:47.998+0100] {processor.py:914} INFO - Processing file /Users/ds2718/Documents/test_python_airflow/airflow/py_venv/lib/python3.12/site-packages/airflow/example_dags/example_branch_labels.py for tasks to queue
[2024-09-18T12:13:47.998+0100] {logging_mixin.py:190} INFO - [2024-09-18T12:13:47.998+0100] {dagbag.py:587} INFO - Filling up the DagBag from /Users/ds2718/Documents/test_python_airflow/airflow/py_venv/lib/python3.12/site-packages/airflow/example_dags/example_branch_labels.py
[2024-09-18T12:13:48.003+0100] {processor.py:925} INFO - DAG(s) 'example_branch_labels' retrieved from /Users/ds2718/Documents/test_python_airflow/airflow/py_venv/lib/python3.12/site-packages/airflow/example_dags/example_branch_labels.py
[2024-09-18T12:13:48.051+0100] {logging_mixin.py:190} INFO - [2024-09-18T12:13:48.050+0100] {dag.py:3229} INFO - Sync 1 DAGs
[2024-09-18T12:13:48.063+0100] {logging_mixin.py:190} INFO - [2024-09-18T12:13:48.063+0100] {dag.py:4156} INFO - Setting next_dagrun for example_branch_labels to 2024-09-17 00:00:00+00:00, run_after=2024-09-18 00:00:00+00:00
[2024-09-18T12:13:48.076+0100] {processor.py:208} INFO - Processing /Users/ds2718/Documents/test_python_airflow/airflow/py_venv/lib/python3.12/site-packages/airflow/example_dags/example_branch_labels.py took 0.084 seconds
