[2024-09-18T11:54:07.903+0100] {processor.py:186} INFO - Started process (PID=9461) to work on /Users/ds2718/Documents/test_python_airflow/airflow/py_venv/lib/python3.12/site-packages/airflow/example_dags/example_setup_teardown_taskflow.py
[2024-09-18T11:54:07.903+0100] {processor.py:914} INFO - Processing file /Users/ds2718/Documents/test_python_airflow/airflow/py_venv/lib/python3.12/site-packages/airflow/example_dags/example_setup_teardown_taskflow.py for tasks to queue
[2024-09-18T11:54:07.904+0100] {logging_mixin.py:190} INFO - [2024-09-18T11:54:07.904+0100] {dagbag.py:587} INFO - Filling up the DagBag from /Users/ds2718/Documents/test_python_airflow/airflow/py_venv/lib/python3.12/site-packages/airflow/example_dags/example_setup_teardown_taskflow.py
[2024-09-18T11:54:07.922+0100] {processor.py:925} INFO - DAG(s) 'example_setup_teardown_taskflow' retrieved from /Users/ds2718/Documents/test_python_airflow/airflow/py_venv/lib/python3.12/site-packages/airflow/example_dags/example_setup_teardown_taskflow.py
[2024-09-18T11:54:08.026+0100] {logging_mixin.py:190} INFO - [2024-09-18T11:54:08.025+0100] {override.py:1900} INFO - Created Permission View: can read on DAG:example_setup_teardown_taskflow
[2024-09-18T11:54:08.030+0100] {logging_mixin.py:190} INFO - [2024-09-18T11:54:08.030+0100] {override.py:1900} INFO - Created Permission View: can edit on DAG:example_setup_teardown_taskflow
[2024-09-18T11:54:08.032+0100] {logging_mixin.py:190} INFO - [2024-09-18T11:54:08.032+0100] {override.py:1900} INFO - Created Permission View: can delete on DAG:example_setup_teardown_taskflow
[2024-09-18T11:54:08.035+0100] {logging_mixin.py:190} INFO - [2024-09-18T11:54:08.035+0100] {override.py:1900} INFO - Created Permission View: can delete on DAG Run:example_setup_teardown_taskflow
[2024-09-18T11:54:08.037+0100] {logging_mixin.py:190} INFO - [2024-09-18T11:54:08.037+0100] {override.py:1900} INFO - Created Permission View: can read on DAG Run:example_setup_teardown_taskflow
[2024-09-18T11:54:08.039+0100] {logging_mixin.py:190} INFO - [2024-09-18T11:54:08.039+0100] {override.py:1900} INFO - Created Permission View: menu access on DAG Run:example_setup_teardown_taskflow
[2024-09-18T11:54:08.041+0100] {logging_mixin.py:190} INFO - [2024-09-18T11:54:08.041+0100] {override.py:1900} INFO - Created Permission View: can create on DAG Run:example_setup_teardown_taskflow
[2024-09-18T11:54:08.041+0100] {logging_mixin.py:190} INFO - [2024-09-18T11:54:08.041+0100] {dag.py:3229} INFO - Sync 1 DAGs
[2024-09-18T11:54:08.048+0100] {logging_mixin.py:190} INFO - [2024-09-18T11:54:08.048+0100] {dag.py:3252} INFO - Creating ORM DAG for example_setup_teardown_taskflow
[2024-09-18T11:54:08.048+0100] {logging_mixin.py:190} INFO - [2024-09-18T11:54:08.048+0100] {dag.py:4156} INFO - Setting next_dagrun for example_setup_teardown_taskflow to None, run_after=None
[2024-09-18T11:54:08.057+0100] {processor.py:208} INFO - Processing /Users/ds2718/Documents/test_python_airflow/airflow/py_venv/lib/python3.12/site-packages/airflow/example_dags/example_setup_teardown_taskflow.py took 0.159 seconds
[2024-09-18T11:54:42.485+0100] {processor.py:186} INFO - Started process (PID=9657) to work on /Users/ds2718/Documents/test_python_airflow/airflow/py_venv/lib/python3.12/site-packages/airflow/example_dags/example_setup_teardown_taskflow.py
[2024-09-18T11:54:42.487+0100] {processor.py:914} INFO - Processing file /Users/ds2718/Documents/test_python_airflow/airflow/py_venv/lib/python3.12/site-packages/airflow/example_dags/example_setup_teardown_taskflow.py for tasks to queue
[2024-09-18T11:54:42.487+0100] {logging_mixin.py:190} INFO - [2024-09-18T11:54:42.487+0100] {dagbag.py:587} INFO - Filling up the DagBag from /Users/ds2718/Documents/test_python_airflow/airflow/py_venv/lib/python3.12/site-packages/airflow/example_dags/example_setup_teardown_taskflow.py
[2024-09-18T11:54:42.509+0100] {processor.py:925} INFO - DAG(s) 'example_setup_teardown_taskflow' retrieved from /Users/ds2718/Documents/test_python_airflow/airflow/py_venv/lib/python3.12/site-packages/airflow/example_dags/example_setup_teardown_taskflow.py
[2024-09-18T11:54:42.550+0100] {logging_mixin.py:190} INFO - [2024-09-18T11:54:42.550+0100] {dag.py:3229} INFO - Sync 1 DAGs
[2024-09-18T11:54:42.557+0100] {logging_mixin.py:190} INFO - [2024-09-18T11:54:42.557+0100] {dag.py:4156} INFO - Setting next_dagrun for example_setup_teardown_taskflow to None, run_after=None
[2024-09-18T11:54:42.597+0100] {processor.py:208} INFO - Processing /Users/ds2718/Documents/test_python_airflow/airflow/py_venv/lib/python3.12/site-packages/airflow/example_dags/example_setup_teardown_taskflow.py took 0.119 seconds
[2024-09-18T11:55:17.985+0100] {processor.py:186} INFO - Started process (PID=9834) to work on /Users/ds2718/Documents/test_python_airflow/airflow/py_venv/lib/python3.12/site-packages/airflow/example_dags/example_setup_teardown_taskflow.py
[2024-09-18T11:55:17.985+0100] {processor.py:914} INFO - Processing file /Users/ds2718/Documents/test_python_airflow/airflow/py_venv/lib/python3.12/site-packages/airflow/example_dags/example_setup_teardown_taskflow.py for tasks to queue
[2024-09-18T11:55:17.986+0100] {logging_mixin.py:190} INFO - [2024-09-18T11:55:17.986+0100] {dagbag.py:587} INFO - Filling up the DagBag from /Users/ds2718/Documents/test_python_airflow/airflow/py_venv/lib/python3.12/site-packages/airflow/example_dags/example_setup_teardown_taskflow.py
[2024-09-18T11:55:18.019+0100] {processor.py:925} INFO - DAG(s) 'example_setup_teardown_taskflow' retrieved from /Users/ds2718/Documents/test_python_airflow/airflow/py_venv/lib/python3.12/site-packages/airflow/example_dags/example_setup_teardown_taskflow.py
[2024-09-18T11:55:18.064+0100] {logging_mixin.py:190} INFO - [2024-09-18T11:55:18.064+0100] {dag.py:3229} INFO - Sync 1 DAGs
[2024-09-18T11:55:18.073+0100] {logging_mixin.py:190} INFO - [2024-09-18T11:55:18.073+0100] {dag.py:4156} INFO - Setting next_dagrun for example_setup_teardown_taskflow to None, run_after=None
[2024-09-18T11:55:18.130+0100] {processor.py:208} INFO - Processing /Users/ds2718/Documents/test_python_airflow/airflow/py_venv/lib/python3.12/site-packages/airflow/example_dags/example_setup_teardown_taskflow.py took 0.147 seconds
[2024-09-18T11:55:50.289+0100] {processor.py:186} INFO - Started process (PID=10024) to work on /Users/ds2718/Documents/test_python_airflow/airflow/py_venv/lib/python3.12/site-packages/airflow/example_dags/example_setup_teardown_taskflow.py
[2024-09-18T11:55:50.289+0100] {processor.py:914} INFO - Processing file /Users/ds2718/Documents/test_python_airflow/airflow/py_venv/lib/python3.12/site-packages/airflow/example_dags/example_setup_teardown_taskflow.py for tasks to queue
[2024-09-18T11:55:50.289+0100] {logging_mixin.py:190} INFO - [2024-09-18T11:55:50.289+0100] {dagbag.py:587} INFO - Filling up the DagBag from /Users/ds2718/Documents/test_python_airflow/airflow/py_venv/lib/python3.12/site-packages/airflow/example_dags/example_setup_teardown_taskflow.py
[2024-09-18T11:55:50.306+0100] {processor.py:925} INFO - DAG(s) 'example_setup_teardown_taskflow' retrieved from /Users/ds2718/Documents/test_python_airflow/airflow/py_venv/lib/python3.12/site-packages/airflow/example_dags/example_setup_teardown_taskflow.py
[2024-09-18T11:55:50.347+0100] {logging_mixin.py:190} INFO - [2024-09-18T11:55:50.347+0100] {dag.py:3229} INFO - Sync 1 DAGs
[2024-09-18T11:55:50.355+0100] {logging_mixin.py:190} INFO - [2024-09-18T11:55:50.355+0100] {dag.py:4156} INFO - Setting next_dagrun for example_setup_teardown_taskflow to None, run_after=None
[2024-09-18T11:55:50.388+0100] {processor.py:208} INFO - Processing /Users/ds2718/Documents/test_python_airflow/airflow/py_venv/lib/python3.12/site-packages/airflow/example_dags/example_setup_teardown_taskflow.py took 0.101 seconds
[2024-09-18T11:56:24.920+0100] {processor.py:186} INFO - Started process (PID=10157) to work on /Users/ds2718/Documents/test_python_airflow/airflow/py_venv/lib/python3.12/site-packages/airflow/example_dags/example_setup_teardown_taskflow.py
[2024-09-18T11:56:24.922+0100] {processor.py:914} INFO - Processing file /Users/ds2718/Documents/test_python_airflow/airflow/py_venv/lib/python3.12/site-packages/airflow/example_dags/example_setup_teardown_taskflow.py for tasks to queue
[2024-09-18T11:56:24.923+0100] {logging_mixin.py:190} INFO - [2024-09-18T11:56:24.923+0100] {dagbag.py:587} INFO - Filling up the DagBag from /Users/ds2718/Documents/test_python_airflow/airflow/py_venv/lib/python3.12/site-packages/airflow/example_dags/example_setup_teardown_taskflow.py
[2024-09-18T11:56:24.943+0100] {processor.py:925} INFO - DAG(s) 'example_setup_teardown_taskflow' retrieved from /Users/ds2718/Documents/test_python_airflow/airflow/py_venv/lib/python3.12/site-packages/airflow/example_dags/example_setup_teardown_taskflow.py
[2024-09-18T11:56:24.982+0100] {logging_mixin.py:190} INFO - [2024-09-18T11:56:24.981+0100] {dag.py:3229} INFO - Sync 1 DAGs
[2024-09-18T11:56:24.989+0100] {logging_mixin.py:190} INFO - [2024-09-18T11:56:24.989+0100] {dag.py:4156} INFO - Setting next_dagrun for example_setup_teardown_taskflow to None, run_after=None
[2024-09-18T11:56:25.024+0100] {processor.py:208} INFO - Processing /Users/ds2718/Documents/test_python_airflow/airflow/py_venv/lib/python3.12/site-packages/airflow/example_dags/example_setup_teardown_taskflow.py took 0.111 seconds
[2024-09-18T11:56:56.888+0100] {processor.py:186} INFO - Started process (PID=10330) to work on /Users/ds2718/Documents/test_python_airflow/airflow/py_venv/lib/python3.12/site-packages/airflow/example_dags/example_setup_teardown_taskflow.py
[2024-09-18T11:56:56.888+0100] {processor.py:914} INFO - Processing file /Users/ds2718/Documents/test_python_airflow/airflow/py_venv/lib/python3.12/site-packages/airflow/example_dags/example_setup_teardown_taskflow.py for tasks to queue
[2024-09-18T11:56:56.888+0100] {logging_mixin.py:190} INFO - [2024-09-18T11:56:56.888+0100] {dagbag.py:587} INFO - Filling up the DagBag from /Users/ds2718/Documents/test_python_airflow/airflow/py_venv/lib/python3.12/site-packages/airflow/example_dags/example_setup_teardown_taskflow.py
[2024-09-18T11:56:56.906+0100] {processor.py:925} INFO - DAG(s) 'example_setup_teardown_taskflow' retrieved from /Users/ds2718/Documents/test_python_airflow/airflow/py_venv/lib/python3.12/site-packages/airflow/example_dags/example_setup_teardown_taskflow.py
[2024-09-18T11:56:56.944+0100] {logging_mixin.py:190} INFO - [2024-09-18T11:56:56.944+0100] {dag.py:3229} INFO - Sync 1 DAGs
[2024-09-18T11:56:56.951+0100] {logging_mixin.py:190} INFO - [2024-09-18T11:56:56.951+0100] {dag.py:4156} INFO - Setting next_dagrun for example_setup_teardown_taskflow to None, run_after=None
[2024-09-18T11:56:56.985+0100] {processor.py:208} INFO - Processing /Users/ds2718/Documents/test_python_airflow/airflow/py_venv/lib/python3.12/site-packages/airflow/example_dags/example_setup_teardown_taskflow.py took 0.100 seconds
[2024-09-18T11:57:29.648+0100] {processor.py:186} INFO - Started process (PID=10487) to work on /Users/ds2718/Documents/test_python_airflow/airflow/py_venv/lib/python3.12/site-packages/airflow/example_dags/example_setup_teardown_taskflow.py
[2024-09-18T11:57:29.648+0100] {processor.py:914} INFO - Processing file /Users/ds2718/Documents/test_python_airflow/airflow/py_venv/lib/python3.12/site-packages/airflow/example_dags/example_setup_teardown_taskflow.py for tasks to queue
[2024-09-18T11:57:29.648+0100] {logging_mixin.py:190} INFO - [2024-09-18T11:57:29.648+0100] {dagbag.py:587} INFO - Filling up the DagBag from /Users/ds2718/Documents/test_python_airflow/airflow/py_venv/lib/python3.12/site-packages/airflow/example_dags/example_setup_teardown_taskflow.py
[2024-09-18T11:57:29.665+0100] {processor.py:925} INFO - DAG(s) 'example_setup_teardown_taskflow' retrieved from /Users/ds2718/Documents/test_python_airflow/airflow/py_venv/lib/python3.12/site-packages/airflow/example_dags/example_setup_teardown_taskflow.py
[2024-09-18T11:57:29.706+0100] {logging_mixin.py:190} INFO - [2024-09-18T11:57:29.706+0100] {dag.py:3229} INFO - Sync 1 DAGs
[2024-09-18T11:57:29.714+0100] {logging_mixin.py:190} INFO - [2024-09-18T11:57:29.714+0100] {dag.py:4156} INFO - Setting next_dagrun for example_setup_teardown_taskflow to None, run_after=None
[2024-09-18T11:57:29.748+0100] {processor.py:208} INFO - Processing /Users/ds2718/Documents/test_python_airflow/airflow/py_venv/lib/python3.12/site-packages/airflow/example_dags/example_setup_teardown_taskflow.py took 0.102 seconds
[2024-09-18T11:58:04.080+0100] {processor.py:186} INFO - Started process (PID=10688) to work on /Users/ds2718/Documents/test_python_airflow/airflow/py_venv/lib/python3.12/site-packages/airflow/example_dags/example_setup_teardown_taskflow.py
[2024-09-18T11:58:04.081+0100] {processor.py:914} INFO - Processing file /Users/ds2718/Documents/test_python_airflow/airflow/py_venv/lib/python3.12/site-packages/airflow/example_dags/example_setup_teardown_taskflow.py for tasks to queue
[2024-09-18T11:58:04.082+0100] {logging_mixin.py:190} INFO - [2024-09-18T11:58:04.082+0100] {dagbag.py:587} INFO - Filling up the DagBag from /Users/ds2718/Documents/test_python_airflow/airflow/py_venv/lib/python3.12/site-packages/airflow/example_dags/example_setup_teardown_taskflow.py
[2024-09-18T11:58:04.102+0100] {processor.py:925} INFO - DAG(s) 'example_setup_teardown_taskflow' retrieved from /Users/ds2718/Documents/test_python_airflow/airflow/py_venv/lib/python3.12/site-packages/airflow/example_dags/example_setup_teardown_taskflow.py
[2024-09-18T11:58:04.152+0100] {logging_mixin.py:190} INFO - [2024-09-18T11:58:04.151+0100] {dag.py:3229} INFO - Sync 1 DAGs
[2024-09-18T11:58:04.159+0100] {logging_mixin.py:190} INFO - [2024-09-18T11:58:04.159+0100] {dag.py:4156} INFO - Setting next_dagrun for example_setup_teardown_taskflow to None, run_after=None
[2024-09-18T11:58:04.196+0100] {processor.py:208} INFO - Processing /Users/ds2718/Documents/test_python_airflow/airflow/py_venv/lib/python3.12/site-packages/airflow/example_dags/example_setup_teardown_taskflow.py took 0.125 seconds
[2024-09-18T11:58:38.105+0100] {processor.py:186} INFO - Started process (PID=10870) to work on /Users/ds2718/Documents/test_python_airflow/airflow/py_venv/lib/python3.12/site-packages/airflow/example_dags/example_setup_teardown_taskflow.py
[2024-09-18T11:58:38.106+0100] {processor.py:914} INFO - Processing file /Users/ds2718/Documents/test_python_airflow/airflow/py_venv/lib/python3.12/site-packages/airflow/example_dags/example_setup_teardown_taskflow.py for tasks to queue
[2024-09-18T11:58:38.106+0100] {logging_mixin.py:190} INFO - [2024-09-18T11:58:38.106+0100] {dagbag.py:587} INFO - Filling up the DagBag from /Users/ds2718/Documents/test_python_airflow/airflow/py_venv/lib/python3.12/site-packages/airflow/example_dags/example_setup_teardown_taskflow.py
[2024-09-18T11:58:38.128+0100] {processor.py:925} INFO - DAG(s) 'example_setup_teardown_taskflow' retrieved from /Users/ds2718/Documents/test_python_airflow/airflow/py_venv/lib/python3.12/site-packages/airflow/example_dags/example_setup_teardown_taskflow.py
[2024-09-18T11:58:38.185+0100] {logging_mixin.py:190} INFO - [2024-09-18T11:58:38.185+0100] {dag.py:3229} INFO - Sync 1 DAGs
[2024-09-18T11:58:38.193+0100] {logging_mixin.py:190} INFO - [2024-09-18T11:58:38.193+0100] {dag.py:4156} INFO - Setting next_dagrun for example_setup_teardown_taskflow to None, run_after=None
[2024-09-18T11:58:38.241+0100] {processor.py:208} INFO - Processing /Users/ds2718/Documents/test_python_airflow/airflow/py_venv/lib/python3.12/site-packages/airflow/example_dags/example_setup_teardown_taskflow.py took 0.143 seconds
[2024-09-18T11:59:13.187+0100] {processor.py:186} INFO - Started process (PID=11068) to work on /Users/ds2718/Documents/test_python_airflow/airflow/py_venv/lib/python3.12/site-packages/airflow/example_dags/example_setup_teardown_taskflow.py
[2024-09-18T11:59:13.190+0100] {processor.py:914} INFO - Processing file /Users/ds2718/Documents/test_python_airflow/airflow/py_venv/lib/python3.12/site-packages/airflow/example_dags/example_setup_teardown_taskflow.py for tasks to queue
[2024-09-18T11:59:13.190+0100] {logging_mixin.py:190} INFO - [2024-09-18T11:59:13.190+0100] {dagbag.py:587} INFO - Filling up the DagBag from /Users/ds2718/Documents/test_python_airflow/airflow/py_venv/lib/python3.12/site-packages/airflow/example_dags/example_setup_teardown_taskflow.py
[2024-09-18T11:59:13.211+0100] {processor.py:925} INFO - DAG(s) 'example_setup_teardown_taskflow' retrieved from /Users/ds2718/Documents/test_python_airflow/airflow/py_venv/lib/python3.12/site-packages/airflow/example_dags/example_setup_teardown_taskflow.py
[2024-09-18T11:59:13.287+0100] {logging_mixin.py:190} INFO - [2024-09-18T11:59:13.287+0100] {dag.py:3229} INFO - Sync 1 DAGs
[2024-09-18T11:59:13.294+0100] {logging_mixin.py:190} INFO - [2024-09-18T11:59:13.293+0100] {dag.py:4156} INFO - Setting next_dagrun for example_setup_teardown_taskflow to None, run_after=None
[2024-09-18T11:59:13.334+0100] {processor.py:208} INFO - Processing /Users/ds2718/Documents/test_python_airflow/airflow/py_venv/lib/python3.12/site-packages/airflow/example_dags/example_setup_teardown_taskflow.py took 0.152 seconds
[2024-09-18T11:59:47.047+0100] {processor.py:186} INFO - Started process (PID=11242) to work on /Users/ds2718/Documents/test_python_airflow/airflow/py_venv/lib/python3.12/site-packages/airflow/example_dags/example_setup_teardown_taskflow.py
[2024-09-18T11:59:47.047+0100] {processor.py:914} INFO - Processing file /Users/ds2718/Documents/test_python_airflow/airflow/py_venv/lib/python3.12/site-packages/airflow/example_dags/example_setup_teardown_taskflow.py for tasks to queue
[2024-09-18T11:59:47.048+0100] {logging_mixin.py:190} INFO - [2024-09-18T11:59:47.048+0100] {dagbag.py:587} INFO - Filling up the DagBag from /Users/ds2718/Documents/test_python_airflow/airflow/py_venv/lib/python3.12/site-packages/airflow/example_dags/example_setup_teardown_taskflow.py
[2024-09-18T11:59:47.064+0100] {processor.py:925} INFO - DAG(s) 'example_setup_teardown_taskflow' retrieved from /Users/ds2718/Documents/test_python_airflow/airflow/py_venv/lib/python3.12/site-packages/airflow/example_dags/example_setup_teardown_taskflow.py
[2024-09-18T11:59:47.105+0100] {logging_mixin.py:190} INFO - [2024-09-18T11:59:47.104+0100] {dag.py:3229} INFO - Sync 1 DAGs
[2024-09-18T11:59:47.112+0100] {logging_mixin.py:190} INFO - [2024-09-18T11:59:47.111+0100] {dag.py:4156} INFO - Setting next_dagrun for example_setup_teardown_taskflow to None, run_after=None
[2024-09-18T11:59:47.145+0100] {processor.py:208} INFO - Processing /Users/ds2718/Documents/test_python_airflow/airflow/py_venv/lib/python3.12/site-packages/airflow/example_dags/example_setup_teardown_taskflow.py took 0.103 seconds
[2024-09-18T12:00:20.224+0100] {processor.py:186} INFO - Started process (PID=11452) to work on /Users/ds2718/Documents/test_python_airflow/airflow/py_venv/lib/python3.12/site-packages/airflow/example_dags/example_setup_teardown_taskflow.py
[2024-09-18T12:00:20.227+0100] {processor.py:914} INFO - Processing file /Users/ds2718/Documents/test_python_airflow/airflow/py_venv/lib/python3.12/site-packages/airflow/example_dags/example_setup_teardown_taskflow.py for tasks to queue
[2024-09-18T12:00:20.227+0100] {logging_mixin.py:190} INFO - [2024-09-18T12:00:20.227+0100] {dagbag.py:587} INFO - Filling up the DagBag from /Users/ds2718/Documents/test_python_airflow/airflow/py_venv/lib/python3.12/site-packages/airflow/example_dags/example_setup_teardown_taskflow.py
[2024-09-18T12:00:20.250+0100] {processor.py:925} INFO - DAG(s) 'example_setup_teardown_taskflow' retrieved from /Users/ds2718/Documents/test_python_airflow/airflow/py_venv/lib/python3.12/site-packages/airflow/example_dags/example_setup_teardown_taskflow.py
[2024-09-18T12:00:20.295+0100] {logging_mixin.py:190} INFO - [2024-09-18T12:00:20.295+0100] {dag.py:3229} INFO - Sync 1 DAGs
[2024-09-18T12:00:20.304+0100] {logging_mixin.py:190} INFO - [2024-09-18T12:00:20.304+0100] {dag.py:4156} INFO - Setting next_dagrun for example_setup_teardown_taskflow to None, run_after=None
[2024-09-18T12:00:20.360+0100] {processor.py:208} INFO - Processing /Users/ds2718/Documents/test_python_airflow/airflow/py_venv/lib/python3.12/site-packages/airflow/example_dags/example_setup_teardown_taskflow.py took 0.142 seconds
[2024-09-18T12:00:54.599+0100] {processor.py:186} INFO - Started process (PID=11630) to work on /Users/ds2718/Documents/test_python_airflow/airflow/py_venv/lib/python3.12/site-packages/airflow/example_dags/example_setup_teardown_taskflow.py
[2024-09-18T12:00:54.600+0100] {processor.py:914} INFO - Processing file /Users/ds2718/Documents/test_python_airflow/airflow/py_venv/lib/python3.12/site-packages/airflow/example_dags/example_setup_teardown_taskflow.py for tasks to queue
[2024-09-18T12:00:54.601+0100] {logging_mixin.py:190} INFO - [2024-09-18T12:00:54.600+0100] {dagbag.py:587} INFO - Filling up the DagBag from /Users/ds2718/Documents/test_python_airflow/airflow/py_venv/lib/python3.12/site-packages/airflow/example_dags/example_setup_teardown_taskflow.py
[2024-09-18T12:00:54.619+0100] {processor.py:925} INFO - DAG(s) 'example_setup_teardown_taskflow' retrieved from /Users/ds2718/Documents/test_python_airflow/airflow/py_venv/lib/python3.12/site-packages/airflow/example_dags/example_setup_teardown_taskflow.py
[2024-09-18T12:00:54.657+0100] {logging_mixin.py:190} INFO - [2024-09-18T12:00:54.657+0100] {dag.py:3229} INFO - Sync 1 DAGs
[2024-09-18T12:00:54.664+0100] {logging_mixin.py:190} INFO - [2024-09-18T12:00:54.664+0100] {dag.py:4156} INFO - Setting next_dagrun for example_setup_teardown_taskflow to None, run_after=None
[2024-09-18T12:00:54.704+0100] {processor.py:208} INFO - Processing /Users/ds2718/Documents/test_python_airflow/airflow/py_venv/lib/python3.12/site-packages/airflow/example_dags/example_setup_teardown_taskflow.py took 0.113 seconds
[2024-09-18T12:06:09.055+0100] {processor.py:186} INFO - Started process (PID=11872) to work on /Users/ds2718/Documents/test_python_airflow/airflow/py_venv/lib/python3.12/site-packages/airflow/example_dags/example_setup_teardown_taskflow.py
[2024-09-18T12:06:09.056+0100] {processor.py:914} INFO - Processing file /Users/ds2718/Documents/test_python_airflow/airflow/py_venv/lib/python3.12/site-packages/airflow/example_dags/example_setup_teardown_taskflow.py for tasks to queue
[2024-09-18T12:06:09.057+0100] {logging_mixin.py:190} INFO - [2024-09-18T12:06:09.057+0100] {dagbag.py:587} INFO - Filling up the DagBag from /Users/ds2718/Documents/test_python_airflow/airflow/py_venv/lib/python3.12/site-packages/airflow/example_dags/example_setup_teardown_taskflow.py
[2024-09-18T12:06:09.077+0100] {processor.py:925} INFO - DAG(s) 'example_setup_teardown_taskflow' retrieved from /Users/ds2718/Documents/test_python_airflow/airflow/py_venv/lib/python3.12/site-packages/airflow/example_dags/example_setup_teardown_taskflow.py
[2024-09-18T12:06:09.126+0100] {logging_mixin.py:190} INFO - [2024-09-18T12:06:09.126+0100] {dag.py:3229} INFO - Sync 1 DAGs
[2024-09-18T12:06:09.133+0100] {logging_mixin.py:190} INFO - [2024-09-18T12:06:09.133+0100] {dag.py:4156} INFO - Setting next_dagrun for example_setup_teardown_taskflow to None, run_after=None
[2024-09-18T12:06:09.171+0100] {processor.py:208} INFO - Processing /Users/ds2718/Documents/test_python_airflow/airflow/py_venv/lib/python3.12/site-packages/airflow/example_dags/example_setup_teardown_taskflow.py took 0.121 seconds
[2024-09-18T12:06:42.113+0100] {processor.py:186} INFO - Started process (PID=12066) to work on /Users/ds2718/Documents/test_python_airflow/airflow/py_venv/lib/python3.12/site-packages/airflow/example_dags/example_setup_teardown_taskflow.py
[2024-09-18T12:06:42.114+0100] {processor.py:914} INFO - Processing file /Users/ds2718/Documents/test_python_airflow/airflow/py_venv/lib/python3.12/site-packages/airflow/example_dags/example_setup_teardown_taskflow.py for tasks to queue
[2024-09-18T12:06:42.114+0100] {logging_mixin.py:190} INFO - [2024-09-18T12:06:42.114+0100] {dagbag.py:587} INFO - Filling up the DagBag from /Users/ds2718/Documents/test_python_airflow/airflow/py_venv/lib/python3.12/site-packages/airflow/example_dags/example_setup_teardown_taskflow.py
[2024-09-18T12:06:42.128+0100] {processor.py:925} INFO - DAG(s) 'example_setup_teardown_taskflow' retrieved from /Users/ds2718/Documents/test_python_airflow/airflow/py_venv/lib/python3.12/site-packages/airflow/example_dags/example_setup_teardown_taskflow.py
[2024-09-18T12:06:42.167+0100] {logging_mixin.py:190} INFO - [2024-09-18T12:06:42.167+0100] {dag.py:3229} INFO - Sync 1 DAGs
[2024-09-18T12:06:42.175+0100] {logging_mixin.py:190} INFO - [2024-09-18T12:06:42.175+0100] {dag.py:4156} INFO - Setting next_dagrun for example_setup_teardown_taskflow to None, run_after=None
[2024-09-18T12:06:42.207+0100] {processor.py:208} INFO - Processing /Users/ds2718/Documents/test_python_airflow/airflow/py_venv/lib/python3.12/site-packages/airflow/example_dags/example_setup_teardown_taskflow.py took 0.100 seconds
[2024-09-18T12:07:16.744+0100] {processor.py:186} INFO - Started process (PID=12223) to work on /Users/ds2718/Documents/test_python_airflow/airflow/py_venv/lib/python3.12/site-packages/airflow/example_dags/example_setup_teardown_taskflow.py
[2024-09-18T12:07:16.745+0100] {processor.py:914} INFO - Processing file /Users/ds2718/Documents/test_python_airflow/airflow/py_venv/lib/python3.12/site-packages/airflow/example_dags/example_setup_teardown_taskflow.py for tasks to queue
[2024-09-18T12:07:16.746+0100] {logging_mixin.py:190} INFO - [2024-09-18T12:07:16.746+0100] {dagbag.py:587} INFO - Filling up the DagBag from /Users/ds2718/Documents/test_python_airflow/airflow/py_venv/lib/python3.12/site-packages/airflow/example_dags/example_setup_teardown_taskflow.py
[2024-09-18T12:07:16.766+0100] {processor.py:925} INFO - DAG(s) 'example_setup_teardown_taskflow' retrieved from /Users/ds2718/Documents/test_python_airflow/airflow/py_venv/lib/python3.12/site-packages/airflow/example_dags/example_setup_teardown_taskflow.py
[2024-09-18T12:07:16.822+0100] {logging_mixin.py:190} INFO - [2024-09-18T12:07:16.821+0100] {dag.py:3229} INFO - Sync 1 DAGs
[2024-09-18T12:07:16.828+0100] {logging_mixin.py:190} INFO - [2024-09-18T12:07:16.828+0100] {dag.py:4156} INFO - Setting next_dagrun for example_setup_teardown_taskflow to None, run_after=None
[2024-09-18T12:07:16.865+0100] {processor.py:208} INFO - Processing /Users/ds2718/Documents/test_python_airflow/airflow/py_venv/lib/python3.12/site-packages/airflow/example_dags/example_setup_teardown_taskflow.py took 0.130 seconds
[2024-09-18T12:07:52.535+0100] {processor.py:186} INFO - Started process (PID=12401) to work on /Users/ds2718/Documents/test_python_airflow/airflow/py_venv/lib/python3.12/site-packages/airflow/example_dags/example_setup_teardown_taskflow.py
[2024-09-18T12:07:52.537+0100] {processor.py:914} INFO - Processing file /Users/ds2718/Documents/test_python_airflow/airflow/py_venv/lib/python3.12/site-packages/airflow/example_dags/example_setup_teardown_taskflow.py for tasks to queue
[2024-09-18T12:07:52.537+0100] {logging_mixin.py:190} INFO - [2024-09-18T12:07:52.537+0100] {dagbag.py:587} INFO - Filling up the DagBag from /Users/ds2718/Documents/test_python_airflow/airflow/py_venv/lib/python3.12/site-packages/airflow/example_dags/example_setup_teardown_taskflow.py
[2024-09-18T12:07:52.572+0100] {processor.py:925} INFO - DAG(s) 'example_setup_teardown_taskflow' retrieved from /Users/ds2718/Documents/test_python_airflow/airflow/py_venv/lib/python3.12/site-packages/airflow/example_dags/example_setup_teardown_taskflow.py
[2024-09-18T12:07:52.627+0100] {logging_mixin.py:190} INFO - [2024-09-18T12:07:52.627+0100] {dag.py:3229} INFO - Sync 1 DAGs
[2024-09-18T12:07:52.636+0100] {logging_mixin.py:190} INFO - [2024-09-18T12:07:52.636+0100] {dag.py:4156} INFO - Setting next_dagrun for example_setup_teardown_taskflow to None, run_after=None
[2024-09-18T12:07:52.695+0100] {processor.py:208} INFO - Processing /Users/ds2718/Documents/test_python_airflow/airflow/py_venv/lib/python3.12/site-packages/airflow/example_dags/example_setup_teardown_taskflow.py took 0.178 seconds
[2024-09-18T12:08:28.654+0100] {processor.py:186} INFO - Started process (PID=12522) to work on /Users/ds2718/Documents/test_python_airflow/airflow/py_venv/lib/python3.12/site-packages/airflow/example_dags/example_setup_teardown_taskflow.py
[2024-09-18T12:08:28.668+0100] {processor.py:914} INFO - Processing file /Users/ds2718/Documents/test_python_airflow/airflow/py_venv/lib/python3.12/site-packages/airflow/example_dags/example_setup_teardown_taskflow.py for tasks to queue
[2024-09-18T12:08:28.668+0100] {logging_mixin.py:190} INFO - [2024-09-18T12:08:28.668+0100] {dagbag.py:587} INFO - Filling up the DagBag from /Users/ds2718/Documents/test_python_airflow/airflow/py_venv/lib/python3.12/site-packages/airflow/example_dags/example_setup_teardown_taskflow.py
[2024-09-18T12:08:28.703+0100] {processor.py:925} INFO - DAG(s) 'example_setup_teardown_taskflow' retrieved from /Users/ds2718/Documents/test_python_airflow/airflow/py_venv/lib/python3.12/site-packages/airflow/example_dags/example_setup_teardown_taskflow.py
[2024-09-18T12:08:28.764+0100] {logging_mixin.py:190} INFO - [2024-09-18T12:08:28.764+0100] {dag.py:3229} INFO - Sync 1 DAGs
[2024-09-18T12:08:28.772+0100] {logging_mixin.py:190} INFO - [2024-09-18T12:08:28.772+0100] {dag.py:4156} INFO - Setting next_dagrun for example_setup_teardown_taskflow to None, run_after=None
[2024-09-18T12:08:28.837+0100] {processor.py:208} INFO - Processing /Users/ds2718/Documents/test_python_airflow/airflow/py_venv/lib/python3.12/site-packages/airflow/example_dags/example_setup_teardown_taskflow.py took 0.189 seconds
[2024-09-18T12:09:01.566+0100] {processor.py:186} INFO - Started process (PID=12726) to work on /Users/ds2718/Documents/test_python_airflow/airflow/py_venv/lib/python3.12/site-packages/airflow/example_dags/example_setup_teardown_taskflow.py
[2024-09-18T12:09:01.567+0100] {processor.py:914} INFO - Processing file /Users/ds2718/Documents/test_python_airflow/airflow/py_venv/lib/python3.12/site-packages/airflow/example_dags/example_setup_teardown_taskflow.py for tasks to queue
[2024-09-18T12:09:01.567+0100] {logging_mixin.py:190} INFO - [2024-09-18T12:09:01.567+0100] {dagbag.py:587} INFO - Filling up the DagBag from /Users/ds2718/Documents/test_python_airflow/airflow/py_venv/lib/python3.12/site-packages/airflow/example_dags/example_setup_teardown_taskflow.py
[2024-09-18T12:09:01.585+0100] {processor.py:925} INFO - DAG(s) 'example_setup_teardown_taskflow' retrieved from /Users/ds2718/Documents/test_python_airflow/airflow/py_venv/lib/python3.12/site-packages/airflow/example_dags/example_setup_teardown_taskflow.py
[2024-09-18T12:09:01.624+0100] {logging_mixin.py:190} INFO - [2024-09-18T12:09:01.624+0100] {dag.py:3229} INFO - Sync 1 DAGs
[2024-09-18T12:09:01.632+0100] {logging_mixin.py:190} INFO - [2024-09-18T12:09:01.632+0100] {dag.py:4156} INFO - Setting next_dagrun for example_setup_teardown_taskflow to None, run_after=None
[2024-09-18T12:09:01.681+0100] {processor.py:208} INFO - Processing /Users/ds2718/Documents/test_python_airflow/airflow/py_venv/lib/python3.12/site-packages/airflow/example_dags/example_setup_teardown_taskflow.py took 0.118 seconds
[2024-09-18T12:09:37.899+0100] {processor.py:186} INFO - Started process (PID=12895) to work on /Users/ds2718/Documents/test_python_airflow/airflow/py_venv/lib/python3.12/site-packages/airflow/example_dags/example_setup_teardown_taskflow.py
[2024-09-18T12:09:37.900+0100] {processor.py:914} INFO - Processing file /Users/ds2718/Documents/test_python_airflow/airflow/py_venv/lib/python3.12/site-packages/airflow/example_dags/example_setup_teardown_taskflow.py for tasks to queue
[2024-09-18T12:09:37.900+0100] {logging_mixin.py:190} INFO - [2024-09-18T12:09:37.900+0100] {dagbag.py:587} INFO - Filling up the DagBag from /Users/ds2718/Documents/test_python_airflow/airflow/py_venv/lib/python3.12/site-packages/airflow/example_dags/example_setup_teardown_taskflow.py
[2024-09-18T12:09:37.919+0100] {processor.py:925} INFO - DAG(s) 'example_setup_teardown_taskflow' retrieved from /Users/ds2718/Documents/test_python_airflow/airflow/py_venv/lib/python3.12/site-packages/airflow/example_dags/example_setup_teardown_taskflow.py
[2024-09-18T12:09:37.969+0100] {logging_mixin.py:190} INFO - [2024-09-18T12:09:37.969+0100] {dag.py:3229} INFO - Sync 1 DAGs
[2024-09-18T12:09:37.976+0100] {logging_mixin.py:190} INFO - [2024-09-18T12:09:37.975+0100] {dag.py:4156} INFO - Setting next_dagrun for example_setup_teardown_taskflow to None, run_after=None
[2024-09-18T12:09:38.019+0100] {processor.py:208} INFO - Processing /Users/ds2718/Documents/test_python_airflow/airflow/py_venv/lib/python3.12/site-packages/airflow/example_dags/example_setup_teardown_taskflow.py took 0.129 seconds
[2024-09-18T12:10:09.856+0100] {processor.py:186} INFO - Started process (PID=13071) to work on /Users/ds2718/Documents/test_python_airflow/airflow/py_venv/lib/python3.12/site-packages/airflow/example_dags/example_setup_teardown_taskflow.py
[2024-09-18T12:10:09.857+0100] {processor.py:914} INFO - Processing file /Users/ds2718/Documents/test_python_airflow/airflow/py_venv/lib/python3.12/site-packages/airflow/example_dags/example_setup_teardown_taskflow.py for tasks to queue
[2024-09-18T12:10:09.857+0100] {logging_mixin.py:190} INFO - [2024-09-18T12:10:09.857+0100] {dagbag.py:587} INFO - Filling up the DagBag from /Users/ds2718/Documents/test_python_airflow/airflow/py_venv/lib/python3.12/site-packages/airflow/example_dags/example_setup_teardown_taskflow.py
[2024-09-18T12:10:09.876+0100] {processor.py:925} INFO - DAG(s) 'example_setup_teardown_taskflow' retrieved from /Users/ds2718/Documents/test_python_airflow/airflow/py_venv/lib/python3.12/site-packages/airflow/example_dags/example_setup_teardown_taskflow.py
[2024-09-18T12:10:09.919+0100] {logging_mixin.py:190} INFO - [2024-09-18T12:10:09.918+0100] {dag.py:3229} INFO - Sync 1 DAGs
[2024-09-18T12:10:09.927+0100] {logging_mixin.py:190} INFO - [2024-09-18T12:10:09.927+0100] {dag.py:4156} INFO - Setting next_dagrun for example_setup_teardown_taskflow to None, run_after=None
[2024-09-18T12:10:09.959+0100] {processor.py:208} INFO - Processing /Users/ds2718/Documents/test_python_airflow/airflow/py_venv/lib/python3.12/site-packages/airflow/example_dags/example_setup_teardown_taskflow.py took 0.108 seconds
[2024-09-18T12:10:43.912+0100] {processor.py:186} INFO - Started process (PID=13213) to work on /Users/ds2718/Documents/test_python_airflow/airflow/py_venv/lib/python3.12/site-packages/airflow/example_dags/example_setup_teardown_taskflow.py
[2024-09-18T12:10:43.914+0100] {processor.py:914} INFO - Processing file /Users/ds2718/Documents/test_python_airflow/airflow/py_venv/lib/python3.12/site-packages/airflow/example_dags/example_setup_teardown_taskflow.py for tasks to queue
[2024-09-18T12:10:43.914+0100] {logging_mixin.py:190} INFO - [2024-09-18T12:10:43.914+0100] {dagbag.py:587} INFO - Filling up the DagBag from /Users/ds2718/Documents/test_python_airflow/airflow/py_venv/lib/python3.12/site-packages/airflow/example_dags/example_setup_teardown_taskflow.py
[2024-09-18T12:10:43.930+0100] {processor.py:925} INFO - DAG(s) 'example_setup_teardown_taskflow' retrieved from /Users/ds2718/Documents/test_python_airflow/airflow/py_venv/lib/python3.12/site-packages/airflow/example_dags/example_setup_teardown_taskflow.py
[2024-09-18T12:10:43.971+0100] {logging_mixin.py:190} INFO - [2024-09-18T12:10:43.970+0100] {dag.py:3229} INFO - Sync 1 DAGs
[2024-09-18T12:10:43.978+0100] {logging_mixin.py:190} INFO - [2024-09-18T12:10:43.978+0100] {dag.py:4156} INFO - Setting next_dagrun for example_setup_teardown_taskflow to None, run_after=None
[2024-09-18T12:10:44.017+0100] {processor.py:208} INFO - Processing /Users/ds2718/Documents/test_python_airflow/airflow/py_venv/lib/python3.12/site-packages/airflow/example_dags/example_setup_teardown_taskflow.py took 0.112 seconds
[2024-09-18T12:11:17.777+0100] {processor.py:186} INFO - Started process (PID=13374) to work on /Users/ds2718/Documents/test_python_airflow/airflow/py_venv/lib/python3.12/site-packages/airflow/example_dags/example_setup_teardown_taskflow.py
[2024-09-18T12:11:17.778+0100] {processor.py:914} INFO - Processing file /Users/ds2718/Documents/test_python_airflow/airflow/py_venv/lib/python3.12/site-packages/airflow/example_dags/example_setup_teardown_taskflow.py for tasks to queue
[2024-09-18T12:11:17.779+0100] {logging_mixin.py:190} INFO - [2024-09-18T12:11:17.779+0100] {dagbag.py:587} INFO - Filling up the DagBag from /Users/ds2718/Documents/test_python_airflow/airflow/py_venv/lib/python3.12/site-packages/airflow/example_dags/example_setup_teardown_taskflow.py
[2024-09-18T12:11:17.811+0100] {processor.py:925} INFO - DAG(s) 'example_setup_teardown_taskflow' retrieved from /Users/ds2718/Documents/test_python_airflow/airflow/py_venv/lib/python3.12/site-packages/airflow/example_dags/example_setup_teardown_taskflow.py
[2024-09-18T12:11:17.851+0100] {logging_mixin.py:190} INFO - [2024-09-18T12:11:17.851+0100] {dag.py:3229} INFO - Sync 1 DAGs
[2024-09-18T12:11:17.869+0100] {logging_mixin.py:190} INFO - [2024-09-18T12:11:17.868+0100] {dag.py:4156} INFO - Setting next_dagrun for example_setup_teardown_taskflow to None, run_after=None
[2024-09-18T12:11:17.911+0100] {processor.py:208} INFO - Processing /Users/ds2718/Documents/test_python_airflow/airflow/py_venv/lib/python3.12/site-packages/airflow/example_dags/example_setup_teardown_taskflow.py took 0.142 seconds
[2024-09-18T12:11:52.188+0100] {processor.py:186} INFO - Started process (PID=13557) to work on /Users/ds2718/Documents/test_python_airflow/airflow/py_venv/lib/python3.12/site-packages/airflow/example_dags/example_setup_teardown_taskflow.py
[2024-09-18T12:11:52.188+0100] {processor.py:914} INFO - Processing file /Users/ds2718/Documents/test_python_airflow/airflow/py_venv/lib/python3.12/site-packages/airflow/example_dags/example_setup_teardown_taskflow.py for tasks to queue
[2024-09-18T12:11:52.189+0100] {logging_mixin.py:190} INFO - [2024-09-18T12:11:52.189+0100] {dagbag.py:587} INFO - Filling up the DagBag from /Users/ds2718/Documents/test_python_airflow/airflow/py_venv/lib/python3.12/site-packages/airflow/example_dags/example_setup_teardown_taskflow.py
[2024-09-18T12:11:52.205+0100] {processor.py:925} INFO - DAG(s) 'example_setup_teardown_taskflow' retrieved from /Users/ds2718/Documents/test_python_airflow/airflow/py_venv/lib/python3.12/site-packages/airflow/example_dags/example_setup_teardown_taskflow.py
[2024-09-18T12:11:52.259+0100] {logging_mixin.py:190} INFO - [2024-09-18T12:11:52.258+0100] {dag.py:3229} INFO - Sync 1 DAGs
[2024-09-18T12:11:52.265+0100] {logging_mixin.py:190} INFO - [2024-09-18T12:11:52.265+0100] {dag.py:4156} INFO - Setting next_dagrun for example_setup_teardown_taskflow to None, run_after=None
[2024-09-18T12:11:52.303+0100] {processor.py:208} INFO - Processing /Users/ds2718/Documents/test_python_airflow/airflow/py_venv/lib/python3.12/site-packages/airflow/example_dags/example_setup_teardown_taskflow.py took 0.117 seconds
[2024-09-18T12:12:25.778+0100] {processor.py:186} INFO - Started process (PID=13684) to work on /Users/ds2718/Documents/test_python_airflow/airflow/py_venv/lib/python3.12/site-packages/airflow/example_dags/example_setup_teardown_taskflow.py
[2024-09-18T12:12:25.778+0100] {processor.py:914} INFO - Processing file /Users/ds2718/Documents/test_python_airflow/airflow/py_venv/lib/python3.12/site-packages/airflow/example_dags/example_setup_teardown_taskflow.py for tasks to queue
[2024-09-18T12:12:25.779+0100] {logging_mixin.py:190} INFO - [2024-09-18T12:12:25.779+0100] {dagbag.py:587} INFO - Filling up the DagBag from /Users/ds2718/Documents/test_python_airflow/airflow/py_venv/lib/python3.12/site-packages/airflow/example_dags/example_setup_teardown_taskflow.py
[2024-09-18T12:12:25.798+0100] {processor.py:925} INFO - DAG(s) 'example_setup_teardown_taskflow' retrieved from /Users/ds2718/Documents/test_python_airflow/airflow/py_venv/lib/python3.12/site-packages/airflow/example_dags/example_setup_teardown_taskflow.py
[2024-09-18T12:12:25.839+0100] {logging_mixin.py:190} INFO - [2024-09-18T12:12:25.838+0100] {dag.py:3229} INFO - Sync 1 DAGs
[2024-09-18T12:12:25.846+0100] {logging_mixin.py:190} INFO - [2024-09-18T12:12:25.846+0100] {dag.py:4156} INFO - Setting next_dagrun for example_setup_teardown_taskflow to None, run_after=None
[2024-09-18T12:12:25.886+0100] {processor.py:208} INFO - Processing /Users/ds2718/Documents/test_python_airflow/airflow/py_venv/lib/python3.12/site-packages/airflow/example_dags/example_setup_teardown_taskflow.py took 0.113 seconds
[2024-09-18T12:12:59.879+0100] {processor.py:186} INFO - Started process (PID=13867) to work on /Users/ds2718/Documents/test_python_airflow/airflow/py_venv/lib/python3.12/site-packages/airflow/example_dags/example_setup_teardown_taskflow.py
[2024-09-18T12:12:59.879+0100] {processor.py:914} INFO - Processing file /Users/ds2718/Documents/test_python_airflow/airflow/py_venv/lib/python3.12/site-packages/airflow/example_dags/example_setup_teardown_taskflow.py for tasks to queue
[2024-09-18T12:12:59.880+0100] {logging_mixin.py:190} INFO - [2024-09-18T12:12:59.880+0100] {dagbag.py:587} INFO - Filling up the DagBag from /Users/ds2718/Documents/test_python_airflow/airflow/py_venv/lib/python3.12/site-packages/airflow/example_dags/example_setup_teardown_taskflow.py
[2024-09-18T12:12:59.899+0100] {processor.py:925} INFO - DAG(s) 'example_setup_teardown_taskflow' retrieved from /Users/ds2718/Documents/test_python_airflow/airflow/py_venv/lib/python3.12/site-packages/airflow/example_dags/example_setup_teardown_taskflow.py
[2024-09-18T12:12:59.941+0100] {logging_mixin.py:190} INFO - [2024-09-18T12:12:59.941+0100] {dag.py:3229} INFO - Sync 1 DAGs
[2024-09-18T12:12:59.947+0100] {logging_mixin.py:190} INFO - [2024-09-18T12:12:59.947+0100] {dag.py:4156} INFO - Setting next_dagrun for example_setup_teardown_taskflow to None, run_after=None
[2024-09-18T12:12:59.995+0100] {processor.py:208} INFO - Processing /Users/ds2718/Documents/test_python_airflow/airflow/py_venv/lib/python3.12/site-packages/airflow/example_dags/example_setup_teardown_taskflow.py took 0.118 seconds
[2024-09-18T12:13:33.331+0100] {processor.py:186} INFO - Started process (PID=14019) to work on /Users/ds2718/Documents/test_python_airflow/airflow/py_venv/lib/python3.12/site-packages/airflow/example_dags/example_setup_teardown_taskflow.py
[2024-09-18T12:13:33.333+0100] {processor.py:914} INFO - Processing file /Users/ds2718/Documents/test_python_airflow/airflow/py_venv/lib/python3.12/site-packages/airflow/example_dags/example_setup_teardown_taskflow.py for tasks to queue
[2024-09-18T12:13:33.333+0100] {logging_mixin.py:190} INFO - [2024-09-18T12:13:33.333+0100] {dagbag.py:587} INFO - Filling up the DagBag from /Users/ds2718/Documents/test_python_airflow/airflow/py_venv/lib/python3.12/site-packages/airflow/example_dags/example_setup_teardown_taskflow.py
[2024-09-18T12:13:33.353+0100] {processor.py:925} INFO - DAG(s) 'example_setup_teardown_taskflow' retrieved from /Users/ds2718/Documents/test_python_airflow/airflow/py_venv/lib/python3.12/site-packages/airflow/example_dags/example_setup_teardown_taskflow.py
[2024-09-18T12:13:33.391+0100] {logging_mixin.py:190} INFO - [2024-09-18T12:13:33.391+0100] {dag.py:3229} INFO - Sync 1 DAGs
[2024-09-18T12:13:33.399+0100] {logging_mixin.py:190} INFO - [2024-09-18T12:13:33.399+0100] {dag.py:4156} INFO - Setting next_dagrun for example_setup_teardown_taskflow to None, run_after=None
[2024-09-18T12:13:33.443+0100] {processor.py:208} INFO - Processing /Users/ds2718/Documents/test_python_airflow/airflow/py_venv/lib/python3.12/site-packages/airflow/example_dags/example_setup_teardown_taskflow.py took 0.114 seconds
[2024-09-18T12:14:08.847+0100] {processor.py:186} INFO - Started process (PID=14216) to work on /Users/ds2718/Documents/test_python_airflow/airflow/py_venv/lib/python3.12/site-packages/airflow/example_dags/example_setup_teardown_taskflow.py
[2024-09-18T12:14:08.848+0100] {processor.py:914} INFO - Processing file /Users/ds2718/Documents/test_python_airflow/airflow/py_venv/lib/python3.12/site-packages/airflow/example_dags/example_setup_teardown_taskflow.py for tasks to queue
[2024-09-18T12:14:08.848+0100] {logging_mixin.py:190} INFO - [2024-09-18T12:14:08.848+0100] {dagbag.py:587} INFO - Filling up the DagBag from /Users/ds2718/Documents/test_python_airflow/airflow/py_venv/lib/python3.12/site-packages/airflow/example_dags/example_setup_teardown_taskflow.py
[2024-09-18T12:14:08.867+0100] {processor.py:925} INFO - DAG(s) 'example_setup_teardown_taskflow' retrieved from /Users/ds2718/Documents/test_python_airflow/airflow/py_venv/lib/python3.12/site-packages/airflow/example_dags/example_setup_teardown_taskflow.py
[2024-09-18T12:14:08.910+0100] {logging_mixin.py:190} INFO - [2024-09-18T12:14:08.910+0100] {dag.py:3229} INFO - Sync 1 DAGs
[2024-09-18T12:14:08.917+0100] {logging_mixin.py:190} INFO - [2024-09-18T12:14:08.917+0100] {dag.py:4156} INFO - Setting next_dagrun for example_setup_teardown_taskflow to None, run_after=None
[2024-09-18T12:14:08.969+0100] {processor.py:208} INFO - Processing /Users/ds2718/Documents/test_python_airflow/airflow/py_venv/lib/python3.12/site-packages/airflow/example_dags/example_setup_teardown_taskflow.py took 0.124 seconds
