[2024-09-18T11:54:23.030+0100] {processor.py:186} INFO - Started process (PID=9518) to work on /Users/ds2718/Documents/test_python_airflow/airflow/py_venv/lib/python3.12/site-packages/airflow/example_dags/example_dag_decorator.py
[2024-09-18T11:54:23.031+0100] {processor.py:914} INFO - Processing file /Users/ds2718/Documents/test_python_airflow/airflow/py_venv/lib/python3.12/site-packages/airflow/example_dags/example_dag_decorator.py for tasks to queue
[2024-09-18T11:54:23.031+0100] {logging_mixin.py:190} INFO - [2024-09-18T11:54:23.031+0100] {dagbag.py:587} INFO - Filling up the DagBag from /Users/ds2718/Documents/test_python_airflow/airflow/py_venv/lib/python3.12/site-packages/airflow/example_dags/example_dag_decorator.py
[2024-09-18T11:54:23.184+0100] {processor.py:925} INFO - DAG(s) 'example_dag_decorator' retrieved from /Users/ds2718/Documents/test_python_airflow/airflow/py_venv/lib/python3.12/site-packages/airflow/example_dags/example_dag_decorator.py
[2024-09-18T11:54:23.282+0100] {logging_mixin.py:190} INFO - [2024-09-18T11:54:23.282+0100] {dag.py:3229} INFO - Sync 1 DAGs
[2024-09-18T11:54:23.287+0100] {logging_mixin.py:190} INFO - [2024-09-18T11:54:23.287+0100] {dag.py:4156} INFO - Setting next_dagrun for example_dag_decorator to None, run_after=None
[2024-09-18T11:54:23.300+0100] {processor.py:208} INFO - Processing /Users/ds2718/Documents/test_python_airflow/airflow/py_venv/lib/python3.12/site-packages/airflow/example_dags/example_dag_decorator.py took 0.274 seconds
[2024-09-18T11:54:56.623+0100] {processor.py:186} INFO - Started process (PID=9728) to work on /Users/ds2718/Documents/test_python_airflow/airflow/py_venv/lib/python3.12/site-packages/airflow/example_dags/example_dag_decorator.py
[2024-09-18T11:54:56.624+0100] {processor.py:914} INFO - Processing file /Users/ds2718/Documents/test_python_airflow/airflow/py_venv/lib/python3.12/site-packages/airflow/example_dags/example_dag_decorator.py for tasks to queue
[2024-09-18T11:54:56.624+0100] {logging_mixin.py:190} INFO - [2024-09-18T11:54:56.624+0100] {dagbag.py:587} INFO - Filling up the DagBag from /Users/ds2718/Documents/test_python_airflow/airflow/py_venv/lib/python3.12/site-packages/airflow/example_dags/example_dag_decorator.py
[2024-09-18T11:54:56.745+0100] {processor.py:925} INFO - DAG(s) 'example_dag_decorator' retrieved from /Users/ds2718/Documents/test_python_airflow/airflow/py_venv/lib/python3.12/site-packages/airflow/example_dags/example_dag_decorator.py
[2024-09-18T11:54:56.868+0100] {logging_mixin.py:190} INFO - [2024-09-18T11:54:56.868+0100] {dag.py:3229} INFO - Sync 1 DAGs
[2024-09-18T11:54:56.875+0100] {logging_mixin.py:190} INFO - [2024-09-18T11:54:56.874+0100] {dag.py:4156} INFO - Setting next_dagrun for example_dag_decorator to None, run_after=None
[2024-09-18T11:54:56.896+0100] {processor.py:208} INFO - Processing /Users/ds2718/Documents/test_python_airflow/airflow/py_venv/lib/python3.12/site-packages/airflow/example_dags/example_dag_decorator.py took 0.275 seconds
[2024-09-18T11:55:30.804+0100] {processor.py:186} INFO - Started process (PID=9897) to work on /Users/ds2718/Documents/test_python_airflow/airflow/py_venv/lib/python3.12/site-packages/airflow/example_dags/example_dag_decorator.py
[2024-09-18T11:55:30.805+0100] {processor.py:914} INFO - Processing file /Users/ds2718/Documents/test_python_airflow/airflow/py_venv/lib/python3.12/site-packages/airflow/example_dags/example_dag_decorator.py for tasks to queue
[2024-09-18T11:55:30.805+0100] {logging_mixin.py:190} INFO - [2024-09-18T11:55:30.805+0100] {dagbag.py:587} INFO - Filling up the DagBag from /Users/ds2718/Documents/test_python_airflow/airflow/py_venv/lib/python3.12/site-packages/airflow/example_dags/example_dag_decorator.py
[2024-09-18T11:55:30.912+0100] {processor.py:925} INFO - DAG(s) 'example_dag_decorator' retrieved from /Users/ds2718/Documents/test_python_airflow/airflow/py_venv/lib/python3.12/site-packages/airflow/example_dags/example_dag_decorator.py
[2024-09-18T11:55:31.009+0100] {logging_mixin.py:190} INFO - [2024-09-18T11:55:31.009+0100] {dag.py:3229} INFO - Sync 1 DAGs
[2024-09-18T11:55:31.014+0100] {logging_mixin.py:190} INFO - [2024-09-18T11:55:31.013+0100] {dag.py:4156} INFO - Setting next_dagrun for example_dag_decorator to None, run_after=None
[2024-09-18T11:55:31.029+0100] {processor.py:208} INFO - Processing /Users/ds2718/Documents/test_python_airflow/airflow/py_venv/lib/python3.12/site-packages/airflow/example_dags/example_dag_decorator.py took 0.227 seconds
[2024-09-18T11:56:04.834+0100] {processor.py:186} INFO - Started process (PID=10078) to work on /Users/ds2718/Documents/test_python_airflow/airflow/py_venv/lib/python3.12/site-packages/airflow/example_dags/example_dag_decorator.py
[2024-09-18T11:56:04.835+0100] {processor.py:914} INFO - Processing file /Users/ds2718/Documents/test_python_airflow/airflow/py_venv/lib/python3.12/site-packages/airflow/example_dags/example_dag_decorator.py for tasks to queue
[2024-09-18T11:56:04.836+0100] {logging_mixin.py:190} INFO - [2024-09-18T11:56:04.836+0100] {dagbag.py:587} INFO - Filling up the DagBag from /Users/ds2718/Documents/test_python_airflow/airflow/py_venv/lib/python3.12/site-packages/airflow/example_dags/example_dag_decorator.py
[2024-09-18T11:56:04.959+0100] {processor.py:925} INFO - DAG(s) 'example_dag_decorator' retrieved from /Users/ds2718/Documents/test_python_airflow/airflow/py_venv/lib/python3.12/site-packages/airflow/example_dags/example_dag_decorator.py
[2024-09-18T11:56:05.063+0100] {logging_mixin.py:190} INFO - [2024-09-18T11:56:05.063+0100] {dag.py:3229} INFO - Sync 1 DAGs
[2024-09-18T11:56:05.070+0100] {logging_mixin.py:190} INFO - [2024-09-18T11:56:05.070+0100] {dag.py:4156} INFO - Setting next_dagrun for example_dag_decorator to None, run_after=None
[2024-09-18T11:56:05.087+0100] {processor.py:208} INFO - Processing /Users/ds2718/Documents/test_python_airflow/airflow/py_venv/lib/python3.12/site-packages/airflow/example_dags/example_dag_decorator.py took 0.259 seconds
[2024-09-18T11:56:38.133+0100] {processor.py:186} INFO - Started process (PID=10218) to work on /Users/ds2718/Documents/test_python_airflow/airflow/py_venv/lib/python3.12/site-packages/airflow/example_dags/example_dag_decorator.py
[2024-09-18T11:56:38.135+0100] {processor.py:914} INFO - Processing file /Users/ds2718/Documents/test_python_airflow/airflow/py_venv/lib/python3.12/site-packages/airflow/example_dags/example_dag_decorator.py for tasks to queue
[2024-09-18T11:56:38.135+0100] {logging_mixin.py:190} INFO - [2024-09-18T11:56:38.135+0100] {dagbag.py:587} INFO - Filling up the DagBag from /Users/ds2718/Documents/test_python_airflow/airflow/py_venv/lib/python3.12/site-packages/airflow/example_dags/example_dag_decorator.py
[2024-09-18T11:56:38.292+0100] {processor.py:925} INFO - DAG(s) 'example_dag_decorator' retrieved from /Users/ds2718/Documents/test_python_airflow/airflow/py_venv/lib/python3.12/site-packages/airflow/example_dags/example_dag_decorator.py
[2024-09-18T11:56:38.401+0100] {logging_mixin.py:190} INFO - [2024-09-18T11:56:38.401+0100] {dag.py:3229} INFO - Sync 1 DAGs
[2024-09-18T11:56:38.409+0100] {logging_mixin.py:190} INFO - [2024-09-18T11:56:38.408+0100] {dag.py:4156} INFO - Setting next_dagrun for example_dag_decorator to None, run_after=None
[2024-09-18T11:56:38.427+0100] {processor.py:208} INFO - Processing /Users/ds2718/Documents/test_python_airflow/airflow/py_venv/lib/python3.12/site-packages/airflow/example_dags/example_dag_decorator.py took 0.299 seconds
[2024-09-18T11:57:09.981+0100] {processor.py:186} INFO - Started process (PID=10378) to work on /Users/ds2718/Documents/test_python_airflow/airflow/py_venv/lib/python3.12/site-packages/airflow/example_dags/example_dag_decorator.py
[2024-09-18T11:57:09.984+0100] {processor.py:914} INFO - Processing file /Users/ds2718/Documents/test_python_airflow/airflow/py_venv/lib/python3.12/site-packages/airflow/example_dags/example_dag_decorator.py for tasks to queue
[2024-09-18T11:57:09.984+0100] {logging_mixin.py:190} INFO - [2024-09-18T11:57:09.984+0100] {dagbag.py:587} INFO - Filling up the DagBag from /Users/ds2718/Documents/test_python_airflow/airflow/py_venv/lib/python3.12/site-packages/airflow/example_dags/example_dag_decorator.py
[2024-09-18T11:57:10.112+0100] {processor.py:925} INFO - DAG(s) 'example_dag_decorator' retrieved from /Users/ds2718/Documents/test_python_airflow/airflow/py_venv/lib/python3.12/site-packages/airflow/example_dags/example_dag_decorator.py
[2024-09-18T11:57:10.135+0100] {logging_mixin.py:190} INFO - [2024-09-18T11:57:10.134+0100] {dag.py:3229} INFO - Sync 1 DAGs
[2024-09-18T11:57:10.163+0100] {logging_mixin.py:190} INFO - [2024-09-18T11:57:10.163+0100] {dag.py:4156} INFO - Setting next_dagrun for example_dag_decorator to None, run_after=None
[2024-09-18T11:57:10.175+0100] {processor.py:208} INFO - Processing /Users/ds2718/Documents/test_python_airflow/airflow/py_venv/lib/python3.12/site-packages/airflow/example_dags/example_dag_decorator.py took 0.207 seconds
[2024-09-18T11:57:43.853+0100] {processor.py:186} INFO - Started process (PID=10553) to work on /Users/ds2718/Documents/test_python_airflow/airflow/py_venv/lib/python3.12/site-packages/airflow/example_dags/example_dag_decorator.py
[2024-09-18T11:57:43.855+0100] {processor.py:914} INFO - Processing file /Users/ds2718/Documents/test_python_airflow/airflow/py_venv/lib/python3.12/site-packages/airflow/example_dags/example_dag_decorator.py for tasks to queue
[2024-09-18T11:57:43.855+0100] {logging_mixin.py:190} INFO - [2024-09-18T11:57:43.855+0100] {dagbag.py:587} INFO - Filling up the DagBag from /Users/ds2718/Documents/test_python_airflow/airflow/py_venv/lib/python3.12/site-packages/airflow/example_dags/example_dag_decorator.py
[2024-09-18T11:57:43.989+0100] {processor.py:925} INFO - DAG(s) 'example_dag_decorator' retrieved from /Users/ds2718/Documents/test_python_airflow/airflow/py_venv/lib/python3.12/site-packages/airflow/example_dags/example_dag_decorator.py
[2024-09-18T11:57:44.097+0100] {logging_mixin.py:190} INFO - [2024-09-18T11:57:44.097+0100] {dag.py:3229} INFO - Sync 1 DAGs
[2024-09-18T11:57:44.104+0100] {logging_mixin.py:190} INFO - [2024-09-18T11:57:44.104+0100] {dag.py:4156} INFO - Setting next_dagrun for example_dag_decorator to None, run_after=None
[2024-09-18T11:57:44.114+0100] {processor.py:208} INFO - Processing /Users/ds2718/Documents/test_python_airflow/airflow/py_venv/lib/python3.12/site-packages/airflow/example_dags/example_dag_decorator.py took 0.267 seconds
[2024-09-18T11:58:18.462+0100] {processor.py:186} INFO - Started process (PID=10769) to work on /Users/ds2718/Documents/test_python_airflow/airflow/py_venv/lib/python3.12/site-packages/airflow/example_dags/example_dag_decorator.py
[2024-09-18T11:58:18.463+0100] {processor.py:914} INFO - Processing file /Users/ds2718/Documents/test_python_airflow/airflow/py_venv/lib/python3.12/site-packages/airflow/example_dags/example_dag_decorator.py for tasks to queue
[2024-09-18T11:58:18.463+0100] {logging_mixin.py:190} INFO - [2024-09-18T11:58:18.463+0100] {dagbag.py:587} INFO - Filling up the DagBag from /Users/ds2718/Documents/test_python_airflow/airflow/py_venv/lib/python3.12/site-packages/airflow/example_dags/example_dag_decorator.py
[2024-09-18T11:58:18.576+0100] {processor.py:925} INFO - DAG(s) 'example_dag_decorator' retrieved from /Users/ds2718/Documents/test_python_airflow/airflow/py_venv/lib/python3.12/site-packages/airflow/example_dags/example_dag_decorator.py
[2024-09-18T11:58:18.667+0100] {logging_mixin.py:190} INFO - [2024-09-18T11:58:18.667+0100] {dag.py:3229} INFO - Sync 1 DAGs
[2024-09-18T11:58:18.672+0100] {logging_mixin.py:190} INFO - [2024-09-18T11:58:18.672+0100] {dag.py:4156} INFO - Setting next_dagrun for example_dag_decorator to None, run_after=None
[2024-09-18T11:58:18.683+0100] {processor.py:208} INFO - Processing /Users/ds2718/Documents/test_python_airflow/airflow/py_venv/lib/python3.12/site-packages/airflow/example_dags/example_dag_decorator.py took 0.222 seconds
[2024-09-18T11:58:55.086+0100] {processor.py:186} INFO - Started process (PID=10969) to work on /Users/ds2718/Documents/test_python_airflow/airflow/py_venv/lib/python3.12/site-packages/airflow/example_dags/example_dag_decorator.py
[2024-09-18T11:58:55.089+0100] {processor.py:914} INFO - Processing file /Users/ds2718/Documents/test_python_airflow/airflow/py_venv/lib/python3.12/site-packages/airflow/example_dags/example_dag_decorator.py for tasks to queue
[2024-09-18T11:58:55.089+0100] {logging_mixin.py:190} INFO - [2024-09-18T11:58:55.089+0100] {dagbag.py:587} INFO - Filling up the DagBag from /Users/ds2718/Documents/test_python_airflow/airflow/py_venv/lib/python3.12/site-packages/airflow/example_dags/example_dag_decorator.py
[2024-09-18T11:58:55.223+0100] {processor.py:925} INFO - DAG(s) 'example_dag_decorator' retrieved from /Users/ds2718/Documents/test_python_airflow/airflow/py_venv/lib/python3.12/site-packages/airflow/example_dags/example_dag_decorator.py
[2024-09-18T11:58:55.325+0100] {logging_mixin.py:190} INFO - [2024-09-18T11:58:55.325+0100] {dag.py:3229} INFO - Sync 1 DAGs
[2024-09-18T11:58:55.363+0100] {logging_mixin.py:190} INFO - [2024-09-18T11:58:55.363+0100] {dag.py:4156} INFO - Setting next_dagrun for example_dag_decorator to None, run_after=None
[2024-09-18T11:58:55.374+0100] {processor.py:208} INFO - Processing /Users/ds2718/Documents/test_python_airflow/airflow/py_venv/lib/python3.12/site-packages/airflow/example_dags/example_dag_decorator.py took 0.294 seconds
[2024-09-18T11:59:28.675+0100] {processor.py:186} INFO - Started process (PID=11145) to work on /Users/ds2718/Documents/test_python_airflow/airflow/py_venv/lib/python3.12/site-packages/airflow/example_dags/example_dag_decorator.py
[2024-09-18T11:59:28.676+0100] {processor.py:914} INFO - Processing file /Users/ds2718/Documents/test_python_airflow/airflow/py_venv/lib/python3.12/site-packages/airflow/example_dags/example_dag_decorator.py for tasks to queue
[2024-09-18T11:59:28.677+0100] {logging_mixin.py:190} INFO - [2024-09-18T11:59:28.677+0100] {dagbag.py:587} INFO - Filling up the DagBag from /Users/ds2718/Documents/test_python_airflow/airflow/py_venv/lib/python3.12/site-packages/airflow/example_dags/example_dag_decorator.py
[2024-09-18T11:59:28.817+0100] {processor.py:925} INFO - DAG(s) 'example_dag_decorator' retrieved from /Users/ds2718/Documents/test_python_airflow/airflow/py_venv/lib/python3.12/site-packages/airflow/example_dags/example_dag_decorator.py
[2024-09-18T11:59:28.908+0100] {logging_mixin.py:190} INFO - [2024-09-18T11:59:28.908+0100] {dag.py:3229} INFO - Sync 1 DAGs
[2024-09-18T11:59:28.914+0100] {logging_mixin.py:190} INFO - [2024-09-18T11:59:28.914+0100] {dag.py:4156} INFO - Setting next_dagrun for example_dag_decorator to None, run_after=None
[2024-09-18T11:59:28.922+0100] {processor.py:208} INFO - Processing /Users/ds2718/Documents/test_python_airflow/airflow/py_venv/lib/python3.12/site-packages/airflow/example_dags/example_dag_decorator.py took 0.252 seconds
[2024-09-18T12:00:02.568+0100] {processor.py:186} INFO - Started process (PID=11366) to work on /Users/ds2718/Documents/test_python_airflow/airflow/py_venv/lib/python3.12/site-packages/airflow/example_dags/example_dag_decorator.py
[2024-09-18T12:00:02.569+0100] {processor.py:914} INFO - Processing file /Users/ds2718/Documents/test_python_airflow/airflow/py_venv/lib/python3.12/site-packages/airflow/example_dags/example_dag_decorator.py for tasks to queue
[2024-09-18T12:00:02.570+0100] {logging_mixin.py:190} INFO - [2024-09-18T12:00:02.570+0100] {dagbag.py:587} INFO - Filling up the DagBag from /Users/ds2718/Documents/test_python_airflow/airflow/py_venv/lib/python3.12/site-packages/airflow/example_dags/example_dag_decorator.py
[2024-09-18T12:00:02.709+0100] {processor.py:925} INFO - DAG(s) 'example_dag_decorator' retrieved from /Users/ds2718/Documents/test_python_airflow/airflow/py_venv/lib/python3.12/site-packages/airflow/example_dags/example_dag_decorator.py
[2024-09-18T12:00:02.805+0100] {logging_mixin.py:190} INFO - [2024-09-18T12:00:02.805+0100] {dag.py:3229} INFO - Sync 1 DAGs
[2024-09-18T12:00:02.811+0100] {logging_mixin.py:190} INFO - [2024-09-18T12:00:02.810+0100] {dag.py:4156} INFO - Setting next_dagrun for example_dag_decorator to None, run_after=None
[2024-09-18T12:00:02.820+0100] {processor.py:208} INFO - Processing /Users/ds2718/Documents/test_python_airflow/airflow/py_venv/lib/python3.12/site-packages/airflow/example_dags/example_dag_decorator.py took 0.260 seconds
[2024-09-18T12:00:35.242+0100] {processor.py:186} INFO - Started process (PID=11535) to work on /Users/ds2718/Documents/test_python_airflow/airflow/py_venv/lib/python3.12/site-packages/airflow/example_dags/example_dag_decorator.py
[2024-09-18T12:00:35.243+0100] {processor.py:914} INFO - Processing file /Users/ds2718/Documents/test_python_airflow/airflow/py_venv/lib/python3.12/site-packages/airflow/example_dags/example_dag_decorator.py for tasks to queue
[2024-09-18T12:00:35.243+0100] {logging_mixin.py:190} INFO - [2024-09-18T12:00:35.243+0100] {dagbag.py:587} INFO - Filling up the DagBag from /Users/ds2718/Documents/test_python_airflow/airflow/py_venv/lib/python3.12/site-packages/airflow/example_dags/example_dag_decorator.py
[2024-09-18T12:00:35.377+0100] {processor.py:925} INFO - DAG(s) 'example_dag_decorator' retrieved from /Users/ds2718/Documents/test_python_airflow/airflow/py_venv/lib/python3.12/site-packages/airflow/example_dags/example_dag_decorator.py
[2024-09-18T12:00:35.468+0100] {logging_mixin.py:190} INFO - [2024-09-18T12:00:35.467+0100] {dag.py:3229} INFO - Sync 1 DAGs
[2024-09-18T12:00:35.472+0100] {logging_mixin.py:190} INFO - [2024-09-18T12:00:35.472+0100] {dag.py:4156} INFO - Setting next_dagrun for example_dag_decorator to None, run_after=None
[2024-09-18T12:00:35.482+0100] {processor.py:208} INFO - Processing /Users/ds2718/Documents/test_python_airflow/airflow/py_venv/lib/python3.12/site-packages/airflow/example_dags/example_dag_decorator.py took 0.246 seconds
[2024-09-18T12:01:08.678+0100] {processor.py:186} INFO - Started process (PID=11739) to work on /Users/ds2718/Documents/test_python_airflow/airflow/py_venv/lib/python3.12/site-packages/airflow/example_dags/example_dag_decorator.py
[2024-09-18T12:01:08.679+0100] {processor.py:914} INFO - Processing file /Users/ds2718/Documents/test_python_airflow/airflow/py_venv/lib/python3.12/site-packages/airflow/example_dags/example_dag_decorator.py for tasks to queue
[2024-09-18T12:01:08.679+0100] {logging_mixin.py:190} INFO - [2024-09-18T12:01:08.679+0100] {dagbag.py:587} INFO - Filling up the DagBag from /Users/ds2718/Documents/test_python_airflow/airflow/py_venv/lib/python3.12/site-packages/airflow/example_dags/example_dag_decorator.py
[2024-09-18T12:01:08.787+0100] {processor.py:925} INFO - DAG(s) 'example_dag_decorator' retrieved from /Users/ds2718/Documents/test_python_airflow/airflow/py_venv/lib/python3.12/site-packages/airflow/example_dags/example_dag_decorator.py
[2024-09-18T12:01:08.871+0100] {logging_mixin.py:190} INFO - [2024-09-18T12:01:08.870+0100] {dag.py:3229} INFO - Sync 1 DAGs
[2024-09-18T12:01:08.876+0100] {logging_mixin.py:190} INFO - [2024-09-18T12:01:08.876+0100] {dag.py:4156} INFO - Setting next_dagrun for example_dag_decorator to None, run_after=None
[2024-09-18T12:01:08.890+0100] {processor.py:208} INFO - Processing /Users/ds2718/Documents/test_python_airflow/airflow/py_venv/lib/python3.12/site-packages/airflow/example_dags/example_dag_decorator.py took 0.214 seconds
[2024-09-18T12:06:35.589+0100] {processor.py:186} INFO - Started process (PID=12038) to work on /Users/ds2718/Documents/test_python_airflow/airflow/py_venv/lib/python3.12/site-packages/airflow/example_dags/example_dag_decorator.py
[2024-09-18T12:06:35.590+0100] {processor.py:914} INFO - Processing file /Users/ds2718/Documents/test_python_airflow/airflow/py_venv/lib/python3.12/site-packages/airflow/example_dags/example_dag_decorator.py for tasks to queue
[2024-09-18T12:06:35.590+0100] {logging_mixin.py:190} INFO - [2024-09-18T12:06:35.590+0100] {dagbag.py:587} INFO - Filling up the DagBag from /Users/ds2718/Documents/test_python_airflow/airflow/py_venv/lib/python3.12/site-packages/airflow/example_dags/example_dag_decorator.py
[2024-09-18T12:06:36.067+0100] {processor.py:925} INFO - DAG(s) 'example_dag_decorator' retrieved from /Users/ds2718/Documents/test_python_airflow/airflow/py_venv/lib/python3.12/site-packages/airflow/example_dags/example_dag_decorator.py
[2024-09-18T12:06:36.173+0100] {logging_mixin.py:190} INFO - [2024-09-18T12:06:36.172+0100] {dag.py:3229} INFO - Sync 1 DAGs
[2024-09-18T12:06:36.179+0100] {logging_mixin.py:190} INFO - [2024-09-18T12:06:36.179+0100] {dag.py:4156} INFO - Setting next_dagrun for example_dag_decorator to None, run_after=None
[2024-09-18T12:06:36.191+0100] {processor.py:208} INFO - Processing /Users/ds2718/Documents/test_python_airflow/airflow/py_venv/lib/python3.12/site-packages/airflow/example_dags/example_dag_decorator.py took 0.617 seconds
[2024-09-18T12:07:10.109+0100] {processor.py:186} INFO - Started process (PID=12194) to work on /Users/ds2718/Documents/test_python_airflow/airflow/py_venv/lib/python3.12/site-packages/airflow/example_dags/example_dag_decorator.py
[2024-09-18T12:07:10.109+0100] {processor.py:914} INFO - Processing file /Users/ds2718/Documents/test_python_airflow/airflow/py_venv/lib/python3.12/site-packages/airflow/example_dags/example_dag_decorator.py for tasks to queue
[2024-09-18T12:07:10.110+0100] {logging_mixin.py:190} INFO - [2024-09-18T12:07:10.110+0100] {dagbag.py:587} INFO - Filling up the DagBag from /Users/ds2718/Documents/test_python_airflow/airflow/py_venv/lib/python3.12/site-packages/airflow/example_dags/example_dag_decorator.py
[2024-09-18T12:07:10.257+0100] {processor.py:925} INFO - DAG(s) 'example_dag_decorator' retrieved from /Users/ds2718/Documents/test_python_airflow/airflow/py_venv/lib/python3.12/site-packages/airflow/example_dags/example_dag_decorator.py
[2024-09-18T12:07:10.381+0100] {logging_mixin.py:190} INFO - [2024-09-18T12:07:10.380+0100] {dag.py:3229} INFO - Sync 1 DAGs
[2024-09-18T12:07:10.404+0100] {logging_mixin.py:190} INFO - [2024-09-18T12:07:10.404+0100] {dag.py:4156} INFO - Setting next_dagrun for example_dag_decorator to None, run_after=None
[2024-09-18T12:07:10.425+0100] {processor.py:208} INFO - Processing /Users/ds2718/Documents/test_python_airflow/airflow/py_venv/lib/python3.12/site-packages/airflow/example_dags/example_dag_decorator.py took 0.321 seconds
[2024-09-18T12:07:45.600+0100] {processor.py:186} INFO - Started process (PID=12377) to work on /Users/ds2718/Documents/test_python_airflow/airflow/py_venv/lib/python3.12/site-packages/airflow/example_dags/example_dag_decorator.py
[2024-09-18T12:07:45.600+0100] {processor.py:914} INFO - Processing file /Users/ds2718/Documents/test_python_airflow/airflow/py_venv/lib/python3.12/site-packages/airflow/example_dags/example_dag_decorator.py for tasks to queue
[2024-09-18T12:07:45.601+0100] {logging_mixin.py:190} INFO - [2024-09-18T12:07:45.601+0100] {dagbag.py:587} INFO - Filling up the DagBag from /Users/ds2718/Documents/test_python_airflow/airflow/py_venv/lib/python3.12/site-packages/airflow/example_dags/example_dag_decorator.py
[2024-09-18T12:07:45.931+0100] {processor.py:925} INFO - DAG(s) 'example_dag_decorator' retrieved from /Users/ds2718/Documents/test_python_airflow/airflow/py_venv/lib/python3.12/site-packages/airflow/example_dags/example_dag_decorator.py
[2024-09-18T12:07:46.243+0100] {logging_mixin.py:190} INFO - [2024-09-18T12:07:46.242+0100] {dag.py:3229} INFO - Sync 1 DAGs
[2024-09-18T12:07:46.255+0100] {logging_mixin.py:190} INFO - [2024-09-18T12:07:46.255+0100] {dag.py:4156} INFO - Setting next_dagrun for example_dag_decorator to None, run_after=None
[2024-09-18T12:07:46.354+0100] {processor.py:208} INFO - Processing /Users/ds2718/Documents/test_python_airflow/airflow/py_venv/lib/python3.12/site-packages/airflow/example_dags/example_dag_decorator.py took 0.757 seconds
[2024-09-18T12:08:32.798+0100] {processor.py:186} INFO - Started process (PID=12544) to work on /Users/ds2718/Documents/test_python_airflow/airflow/py_venv/lib/python3.12/site-packages/airflow/example_dags/example_dag_decorator.py
[2024-09-18T12:08:32.799+0100] {processor.py:914} INFO - Processing file /Users/ds2718/Documents/test_python_airflow/airflow/py_venv/lib/python3.12/site-packages/airflow/example_dags/example_dag_decorator.py for tasks to queue
[2024-09-18T12:08:32.799+0100] {logging_mixin.py:190} INFO - [2024-09-18T12:08:32.799+0100] {dagbag.py:587} INFO - Filling up the DagBag from /Users/ds2718/Documents/test_python_airflow/airflow/py_venv/lib/python3.12/site-packages/airflow/example_dags/example_dag_decorator.py
[2024-09-18T12:08:32.913+0100] {processor.py:925} INFO - DAG(s) 'example_dag_decorator' retrieved from /Users/ds2718/Documents/test_python_airflow/airflow/py_venv/lib/python3.12/site-packages/airflow/example_dags/example_dag_decorator.py
[2024-09-18T12:08:32.927+0100] {logging_mixin.py:190} INFO - [2024-09-18T12:08:32.927+0100] {dag.py:3229} INFO - Sync 1 DAGs
[2024-09-18T12:08:32.956+0100] {logging_mixin.py:190} INFO - [2024-09-18T12:08:32.956+0100] {dag.py:4156} INFO - Setting next_dagrun for example_dag_decorator to None, run_after=None
[2024-09-18T12:08:32.967+0100] {processor.py:208} INFO - Processing /Users/ds2718/Documents/test_python_airflow/airflow/py_venv/lib/python3.12/site-packages/airflow/example_dags/example_dag_decorator.py took 0.171 seconds
[2024-09-18T12:09:05.983+0100] {processor.py:186} INFO - Started process (PID=12744) to work on /Users/ds2718/Documents/test_python_airflow/airflow/py_venv/lib/python3.12/site-packages/airflow/example_dags/example_dag_decorator.py
[2024-09-18T12:09:05.983+0100] {processor.py:914} INFO - Processing file /Users/ds2718/Documents/test_python_airflow/airflow/py_venv/lib/python3.12/site-packages/airflow/example_dags/example_dag_decorator.py for tasks to queue
[2024-09-18T12:09:05.984+0100] {logging_mixin.py:190} INFO - [2024-09-18T12:09:05.983+0100] {dagbag.py:587} INFO - Filling up the DagBag from /Users/ds2718/Documents/test_python_airflow/airflow/py_venv/lib/python3.12/site-packages/airflow/example_dags/example_dag_decorator.py
[2024-09-18T12:09:06.144+0100] {processor.py:925} INFO - DAG(s) 'example_dag_decorator' retrieved from /Users/ds2718/Documents/test_python_airflow/airflow/py_venv/lib/python3.12/site-packages/airflow/example_dags/example_dag_decorator.py
[2024-09-18T12:09:06.261+0100] {logging_mixin.py:190} INFO - [2024-09-18T12:09:06.261+0100] {dag.py:3229} INFO - Sync 1 DAGs
[2024-09-18T12:09:06.268+0100] {logging_mixin.py:190} INFO - [2024-09-18T12:09:06.268+0100] {dag.py:4156} INFO - Setting next_dagrun for example_dag_decorator to None, run_after=None
[2024-09-18T12:09:06.286+0100] {processor.py:208} INFO - Processing /Users/ds2718/Documents/test_python_airflow/airflow/py_venv/lib/python3.12/site-packages/airflow/example_dags/example_dag_decorator.py took 0.306 seconds
[2024-09-18T12:09:44.911+0100] {processor.py:186} INFO - Started process (PID=12971) to work on /Users/ds2718/Documents/test_python_airflow/airflow/py_venv/lib/python3.12/site-packages/airflow/example_dags/example_dag_decorator.py
[2024-09-18T12:09:44.912+0100] {processor.py:914} INFO - Processing file /Users/ds2718/Documents/test_python_airflow/airflow/py_venv/lib/python3.12/site-packages/airflow/example_dags/example_dag_decorator.py for tasks to queue
[2024-09-18T12:09:44.912+0100] {logging_mixin.py:190} INFO - [2024-09-18T12:09:44.912+0100] {dagbag.py:587} INFO - Filling up the DagBag from /Users/ds2718/Documents/test_python_airflow/airflow/py_venv/lib/python3.12/site-packages/airflow/example_dags/example_dag_decorator.py
[2024-09-18T12:09:45.060+0100] {processor.py:925} INFO - DAG(s) 'example_dag_decorator' retrieved from /Users/ds2718/Documents/test_python_airflow/airflow/py_venv/lib/python3.12/site-packages/airflow/example_dags/example_dag_decorator.py
[2024-09-18T12:09:45.173+0100] {logging_mixin.py:190} INFO - [2024-09-18T12:09:45.173+0100] {dag.py:3229} INFO - Sync 1 DAGs
[2024-09-18T12:09:45.180+0100] {logging_mixin.py:190} INFO - [2024-09-18T12:09:45.180+0100] {dag.py:4156} INFO - Setting next_dagrun for example_dag_decorator to None, run_after=None
[2024-09-18T12:09:45.198+0100] {processor.py:208} INFO - Processing /Users/ds2718/Documents/test_python_airflow/airflow/py_venv/lib/python3.12/site-packages/airflow/example_dags/example_dag_decorator.py took 0.293 seconds
[2024-09-18T12:10:16.174+0100] {processor.py:186} INFO - Started process (PID=13096) to work on /Users/ds2718/Documents/test_python_airflow/airflow/py_venv/lib/python3.12/site-packages/airflow/example_dags/example_dag_decorator.py
[2024-09-18T12:10:16.175+0100] {processor.py:914} INFO - Processing file /Users/ds2718/Documents/test_python_airflow/airflow/py_venv/lib/python3.12/site-packages/airflow/example_dags/example_dag_decorator.py for tasks to queue
[2024-09-18T12:10:16.175+0100] {logging_mixin.py:190} INFO - [2024-09-18T12:10:16.175+0100] {dagbag.py:587} INFO - Filling up the DagBag from /Users/ds2718/Documents/test_python_airflow/airflow/py_venv/lib/python3.12/site-packages/airflow/example_dags/example_dag_decorator.py
[2024-09-18T12:10:16.297+0100] {processor.py:925} INFO - DAG(s) 'example_dag_decorator' retrieved from /Users/ds2718/Documents/test_python_airflow/airflow/py_venv/lib/python3.12/site-packages/airflow/example_dags/example_dag_decorator.py
[2024-09-18T12:10:16.409+0100] {logging_mixin.py:190} INFO - [2024-09-18T12:10:16.408+0100] {dag.py:3229} INFO - Sync 1 DAGs
[2024-09-18T12:10:16.416+0100] {logging_mixin.py:190} INFO - [2024-09-18T12:10:16.416+0100] {dag.py:4156} INFO - Setting next_dagrun for example_dag_decorator to None, run_after=None
[2024-09-18T12:10:16.428+0100] {processor.py:208} INFO - Processing /Users/ds2718/Documents/test_python_airflow/airflow/py_venv/lib/python3.12/site-packages/airflow/example_dags/example_dag_decorator.py took 0.258 seconds
[2024-09-18T12:10:53.030+0100] {processor.py:186} INFO - Started process (PID=13278) to work on /Users/ds2718/Documents/test_python_airflow/airflow/py_venv/lib/python3.12/site-packages/airflow/example_dags/example_dag_decorator.py
[2024-09-18T12:10:53.031+0100] {processor.py:914} INFO - Processing file /Users/ds2718/Documents/test_python_airflow/airflow/py_venv/lib/python3.12/site-packages/airflow/example_dags/example_dag_decorator.py for tasks to queue
[2024-09-18T12:10:53.031+0100] {logging_mixin.py:190} INFO - [2024-09-18T12:10:53.031+0100] {dagbag.py:587} INFO - Filling up the DagBag from /Users/ds2718/Documents/test_python_airflow/airflow/py_venv/lib/python3.12/site-packages/airflow/example_dags/example_dag_decorator.py
[2024-09-18T12:10:53.158+0100] {processor.py:925} INFO - DAG(s) 'example_dag_decorator' retrieved from /Users/ds2718/Documents/test_python_airflow/airflow/py_venv/lib/python3.12/site-packages/airflow/example_dags/example_dag_decorator.py
[2024-09-18T12:10:53.277+0100] {logging_mixin.py:190} INFO - [2024-09-18T12:10:53.277+0100] {dag.py:3229} INFO - Sync 1 DAGs
[2024-09-18T12:10:53.284+0100] {logging_mixin.py:190} INFO - [2024-09-18T12:10:53.284+0100] {dag.py:4156} INFO - Setting next_dagrun for example_dag_decorator to None, run_after=None
[2024-09-18T12:10:53.301+0100] {processor.py:208} INFO - Processing /Users/ds2718/Documents/test_python_airflow/airflow/py_venv/lib/python3.12/site-packages/airflow/example_dags/example_dag_decorator.py took 0.277 seconds
[2024-09-18T12:11:26.506+0100] {processor.py:186} INFO - Started process (PID=13410) to work on /Users/ds2718/Documents/test_python_airflow/airflow/py_venv/lib/python3.12/site-packages/airflow/example_dags/example_dag_decorator.py
[2024-09-18T12:11:26.507+0100] {processor.py:914} INFO - Processing file /Users/ds2718/Documents/test_python_airflow/airflow/py_venv/lib/python3.12/site-packages/airflow/example_dags/example_dag_decorator.py for tasks to queue
[2024-09-18T12:11:26.508+0100] {logging_mixin.py:190} INFO - [2024-09-18T12:11:26.508+0100] {dagbag.py:587} INFO - Filling up the DagBag from /Users/ds2718/Documents/test_python_airflow/airflow/py_venv/lib/python3.12/site-packages/airflow/example_dags/example_dag_decorator.py
[2024-09-18T12:11:26.736+0100] {processor.py:925} INFO - DAG(s) 'example_dag_decorator' retrieved from /Users/ds2718/Documents/test_python_airflow/airflow/py_venv/lib/python3.12/site-packages/airflow/example_dags/example_dag_decorator.py
[2024-09-18T12:11:26.884+0100] {logging_mixin.py:190} INFO - [2024-09-18T12:11:26.884+0100] {dag.py:3229} INFO - Sync 1 DAGs
[2024-09-18T12:11:26.891+0100] {logging_mixin.py:190} INFO - [2024-09-18T12:11:26.890+0100] {dag.py:4156} INFO - Setting next_dagrun for example_dag_decorator to None, run_after=None
[2024-09-18T12:11:26.915+0100] {processor.py:208} INFO - Processing /Users/ds2718/Documents/test_python_airflow/airflow/py_venv/lib/python3.12/site-packages/airflow/example_dags/example_dag_decorator.py took 0.415 seconds
[2024-09-18T12:12:00.978+0100] {processor.py:186} INFO - Started process (PID=13587) to work on /Users/ds2718/Documents/test_python_airflow/airflow/py_venv/lib/python3.12/site-packages/airflow/example_dags/example_dag_decorator.py
[2024-09-18T12:12:00.979+0100] {processor.py:914} INFO - Processing file /Users/ds2718/Documents/test_python_airflow/airflow/py_venv/lib/python3.12/site-packages/airflow/example_dags/example_dag_decorator.py for tasks to queue
[2024-09-18T12:12:00.979+0100] {logging_mixin.py:190} INFO - [2024-09-18T12:12:00.979+0100] {dagbag.py:587} INFO - Filling up the DagBag from /Users/ds2718/Documents/test_python_airflow/airflow/py_venv/lib/python3.12/site-packages/airflow/example_dags/example_dag_decorator.py
[2024-09-18T12:12:01.122+0100] {processor.py:925} INFO - DAG(s) 'example_dag_decorator' retrieved from /Users/ds2718/Documents/test_python_airflow/airflow/py_venv/lib/python3.12/site-packages/airflow/example_dags/example_dag_decorator.py
[2024-09-18T12:12:01.239+0100] {logging_mixin.py:190} INFO - [2024-09-18T12:12:01.239+0100] {dag.py:3229} INFO - Sync 1 DAGs
[2024-09-18T12:12:01.245+0100] {logging_mixin.py:190} INFO - [2024-09-18T12:12:01.245+0100] {dag.py:4156} INFO - Setting next_dagrun for example_dag_decorator to None, run_after=None
[2024-09-18T12:12:01.264+0100] {processor.py:208} INFO - Processing /Users/ds2718/Documents/test_python_airflow/airflow/py_venv/lib/python3.12/site-packages/airflow/example_dags/example_dag_decorator.py took 0.296 seconds
[2024-09-18T12:12:33.243+0100] {processor.py:186} INFO - Started process (PID=13713) to work on /Users/ds2718/Documents/test_python_airflow/airflow/py_venv/lib/python3.12/site-packages/airflow/example_dags/example_dag_decorator.py
[2024-09-18T12:12:33.256+0100] {processor.py:914} INFO - Processing file /Users/ds2718/Documents/test_python_airflow/airflow/py_venv/lib/python3.12/site-packages/airflow/example_dags/example_dag_decorator.py for tasks to queue
[2024-09-18T12:12:33.257+0100] {logging_mixin.py:190} INFO - [2024-09-18T12:12:33.257+0100] {dagbag.py:587} INFO - Filling up the DagBag from /Users/ds2718/Documents/test_python_airflow/airflow/py_venv/lib/python3.12/site-packages/airflow/example_dags/example_dag_decorator.py
[2024-09-18T12:12:33.407+0100] {processor.py:925} INFO - DAG(s) 'example_dag_decorator' retrieved from /Users/ds2718/Documents/test_python_airflow/airflow/py_venv/lib/python3.12/site-packages/airflow/example_dags/example_dag_decorator.py
[2024-09-18T12:12:33.541+0100] {logging_mixin.py:190} INFO - [2024-09-18T12:12:33.541+0100] {dag.py:3229} INFO - Sync 1 DAGs
[2024-09-18T12:12:33.546+0100] {logging_mixin.py:190} INFO - [2024-09-18T12:12:33.546+0100] {dag.py:4156} INFO - Setting next_dagrun for example_dag_decorator to None, run_after=None
[2024-09-18T12:12:33.557+0100] {processor.py:208} INFO - Processing /Users/ds2718/Documents/test_python_airflow/airflow/py_venv/lib/python3.12/site-packages/airflow/example_dags/example_dag_decorator.py took 0.323 seconds
[2024-09-18T12:13:08.414+0100] {processor.py:186} INFO - Started process (PID=13915) to work on /Users/ds2718/Documents/test_python_airflow/airflow/py_venv/lib/python3.12/site-packages/airflow/example_dags/example_dag_decorator.py
[2024-09-18T12:13:08.415+0100] {processor.py:914} INFO - Processing file /Users/ds2718/Documents/test_python_airflow/airflow/py_venv/lib/python3.12/site-packages/airflow/example_dags/example_dag_decorator.py for tasks to queue
[2024-09-18T12:13:08.415+0100] {logging_mixin.py:190} INFO - [2024-09-18T12:13:08.415+0100] {dagbag.py:587} INFO - Filling up the DagBag from /Users/ds2718/Documents/test_python_airflow/airflow/py_venv/lib/python3.12/site-packages/airflow/example_dags/example_dag_decorator.py
[2024-09-18T12:13:08.550+0100] {processor.py:925} INFO - DAG(s) 'example_dag_decorator' retrieved from /Users/ds2718/Documents/test_python_airflow/airflow/py_venv/lib/python3.12/site-packages/airflow/example_dags/example_dag_decorator.py
[2024-09-18T12:13:08.660+0100] {logging_mixin.py:190} INFO - [2024-09-18T12:13:08.660+0100] {dag.py:3229} INFO - Sync 1 DAGs
[2024-09-18T12:13:08.678+0100] {logging_mixin.py:190} INFO - [2024-09-18T12:13:08.678+0100] {dag.py:4156} INFO - Setting next_dagrun for example_dag_decorator to None, run_after=None
[2024-09-18T12:13:08.694+0100] {processor.py:208} INFO - Processing /Users/ds2718/Documents/test_python_airflow/airflow/py_venv/lib/python3.12/site-packages/airflow/example_dags/example_dag_decorator.py took 0.288 seconds
[2024-09-18T12:13:43.370+0100] {processor.py:186} INFO - Started process (PID=14053) to work on /Users/ds2718/Documents/test_python_airflow/airflow/py_venv/lib/python3.12/site-packages/airflow/example_dags/example_dag_decorator.py
[2024-09-18T12:13:43.371+0100] {processor.py:914} INFO - Processing file /Users/ds2718/Documents/test_python_airflow/airflow/py_venv/lib/python3.12/site-packages/airflow/example_dags/example_dag_decorator.py for tasks to queue
[2024-09-18T12:13:43.371+0100] {logging_mixin.py:190} INFO - [2024-09-18T12:13:43.371+0100] {dagbag.py:587} INFO - Filling up the DagBag from /Users/ds2718/Documents/test_python_airflow/airflow/py_venv/lib/python3.12/site-packages/airflow/example_dags/example_dag_decorator.py
[2024-09-18T12:13:43.509+0100] {processor.py:925} INFO - DAG(s) 'example_dag_decorator' retrieved from /Users/ds2718/Documents/test_python_airflow/airflow/py_venv/lib/python3.12/site-packages/airflow/example_dags/example_dag_decorator.py
[2024-09-18T12:13:43.627+0100] {logging_mixin.py:190} INFO - [2024-09-18T12:13:43.627+0100] {dag.py:3229} INFO - Sync 1 DAGs
[2024-09-18T12:13:43.633+0100] {logging_mixin.py:190} INFO - [2024-09-18T12:13:43.633+0100] {dag.py:4156} INFO - Setting next_dagrun for example_dag_decorator to None, run_after=None
[2024-09-18T12:13:43.682+0100] {processor.py:208} INFO - Processing /Users/ds2718/Documents/test_python_airflow/airflow/py_venv/lib/python3.12/site-packages/airflow/example_dags/example_dag_decorator.py took 0.317 seconds
