[2024-09-18T11:54:13.682+0100] {processor.py:186} INFO - Started process (PID=9485) to work on /Users/ds2718/Documents/test_python_airflow/airflow/py_venv/lib/python3.12/site-packages/airflow/example_dags/example_outlet_event_extra.py
[2024-09-18T11:54:13.685+0100] {processor.py:914} INFO - Processing file /Users/ds2718/Documents/test_python_airflow/airflow/py_venv/lib/python3.12/site-packages/airflow/example_dags/example_outlet_event_extra.py for tasks to queue
[2024-09-18T11:54:13.686+0100] {logging_mixin.py:190} INFO - [2024-09-18T11:54:13.685+0100] {dagbag.py:587} INFO - Filling up the DagBag from /Users/ds2718/Documents/test_python_airflow/airflow/py_venv/lib/python3.12/site-packages/airflow/example_dags/example_outlet_event_extra.py
[2024-09-18T11:54:13.774+0100] {processor.py:925} INFO - DAG(s) 'dataset_with_extra_by_context', 'dataset_with_extra_from_classic_operator', 'dataset_with_extra_by_yield' retrieved from /Users/ds2718/Documents/test_python_airflow/airflow/py_venv/lib/python3.12/site-packages/airflow/example_dags/example_outlet_event_extra.py
[2024-09-18T11:54:13.876+0100] {logging_mixin.py:190} INFO - [2024-09-18T11:54:13.875+0100] {override.py:1900} INFO - Created Permission View: can delete on DAG:dataset_with_extra_by_context
[2024-09-18T11:54:13.879+0100] {logging_mixin.py:190} INFO - [2024-09-18T11:54:13.879+0100] {override.py:1900} INFO - Created Permission View: can edit on DAG:dataset_with_extra_by_context
[2024-09-18T11:54:13.881+0100] {logging_mixin.py:190} INFO - [2024-09-18T11:54:13.881+0100] {override.py:1900} INFO - Created Permission View: can read on DAG:dataset_with_extra_by_context
[2024-09-18T11:54:13.883+0100] {logging_mixin.py:190} INFO - [2024-09-18T11:54:13.883+0100] {override.py:1900} INFO - Created Permission View: can delete on DAG Run:dataset_with_extra_by_context
[2024-09-18T11:54:13.885+0100] {logging_mixin.py:190} INFO - [2024-09-18T11:54:13.884+0100] {override.py:1900} INFO - Created Permission View: menu access on DAG Run:dataset_with_extra_by_context
[2024-09-18T11:54:13.886+0100] {logging_mixin.py:190} INFO - [2024-09-18T11:54:13.886+0100] {override.py:1900} INFO - Created Permission View: can create on DAG Run:dataset_with_extra_by_context
[2024-09-18T11:54:13.888+0100] {logging_mixin.py:190} INFO - [2024-09-18T11:54:13.888+0100] {override.py:1900} INFO - Created Permission View: can read on DAG Run:dataset_with_extra_by_context
[2024-09-18T11:54:13.892+0100] {logging_mixin.py:190} INFO - [2024-09-18T11:54:13.892+0100] {override.py:1900} INFO - Created Permission View: can delete on DAG:dataset_with_extra_from_classic_operator
[2024-09-18T11:54:13.894+0100] {logging_mixin.py:190} INFO - [2024-09-18T11:54:13.894+0100] {override.py:1900} INFO - Created Permission View: can edit on DAG:dataset_with_extra_from_classic_operator
[2024-09-18T11:54:13.896+0100] {logging_mixin.py:190} INFO - [2024-09-18T11:54:13.896+0100] {override.py:1900} INFO - Created Permission View: can read on DAG:dataset_with_extra_from_classic_operator
[2024-09-18T11:54:13.898+0100] {logging_mixin.py:190} INFO - [2024-09-18T11:54:13.898+0100] {override.py:1900} INFO - Created Permission View: can delete on DAG Run:dataset_with_extra_from_classic_operator
[2024-09-18T11:54:13.899+0100] {logging_mixin.py:190} INFO - [2024-09-18T11:54:13.899+0100] {override.py:1900} INFO - Created Permission View: menu access on DAG Run:dataset_with_extra_from_classic_operator
[2024-09-18T11:54:13.901+0100] {logging_mixin.py:190} INFO - [2024-09-18T11:54:13.901+0100] {override.py:1900} INFO - Created Permission View: can create on DAG Run:dataset_with_extra_from_classic_operator
[2024-09-18T11:54:13.902+0100] {logging_mixin.py:190} INFO - [2024-09-18T11:54:13.902+0100] {override.py:1900} INFO - Created Permission View: can read on DAG Run:dataset_with_extra_from_classic_operator
[2024-09-18T11:54:13.905+0100] {logging_mixin.py:190} INFO - [2024-09-18T11:54:13.905+0100] {override.py:1900} INFO - Created Permission View: can delete on DAG:dataset_with_extra_by_yield
[2024-09-18T11:54:13.907+0100] {logging_mixin.py:190} INFO - [2024-09-18T11:54:13.907+0100] {override.py:1900} INFO - Created Permission View: can edit on DAG:dataset_with_extra_by_yield
[2024-09-18T11:54:13.909+0100] {logging_mixin.py:190} INFO - [2024-09-18T11:54:13.909+0100] {override.py:1900} INFO - Created Permission View: can read on DAG:dataset_with_extra_by_yield
[2024-09-18T11:54:13.911+0100] {logging_mixin.py:190} INFO - [2024-09-18T11:54:13.910+0100] {override.py:1900} INFO - Created Permission View: can delete on DAG Run:dataset_with_extra_by_yield
[2024-09-18T11:54:13.912+0100] {logging_mixin.py:190} INFO - [2024-09-18T11:54:13.912+0100] {override.py:1900} INFO - Created Permission View: menu access on DAG Run:dataset_with_extra_by_yield
[2024-09-18T11:54:13.914+0100] {logging_mixin.py:190} INFO - [2024-09-18T11:54:13.914+0100] {override.py:1900} INFO - Created Permission View: can create on DAG Run:dataset_with_extra_by_yield
[2024-09-18T11:54:13.915+0100] {logging_mixin.py:190} INFO - [2024-09-18T11:54:13.915+0100] {override.py:1900} INFO - Created Permission View: can read on DAG Run:dataset_with_extra_by_yield
[2024-09-18T11:54:13.915+0100] {logging_mixin.py:190} INFO - [2024-09-18T11:54:13.915+0100] {dag.py:3229} INFO - Sync 3 DAGs
[2024-09-18T11:54:13.921+0100] {logging_mixin.py:190} INFO - [2024-09-18T11:54:13.921+0100] {dag.py:3252} INFO - Creating ORM DAG for dataset_with_extra_from_classic_operator
[2024-09-18T11:54:13.921+0100] {logging_mixin.py:190} INFO - [2024-09-18T11:54:13.921+0100] {dag.py:3252} INFO - Creating ORM DAG for dataset_with_extra_by_yield
[2024-09-18T11:54:13.921+0100] {logging_mixin.py:190} INFO - [2024-09-18T11:54:13.921+0100] {dag.py:3252} INFO - Creating ORM DAG for dataset_with_extra_by_context
[2024-09-18T11:54:13.925+0100] {logging_mixin.py:190} INFO - [2024-09-18T11:54:13.925+0100] {dag.py:4156} INFO - Setting next_dagrun for dataset_with_extra_by_context to 2024-09-17 00:00:00+00:00, run_after=2024-09-18 00:00:00+00:00
[2024-09-18T11:54:13.926+0100] {logging_mixin.py:190} INFO - [2024-09-18T11:54:13.926+0100] {dag.py:4156} INFO - Setting next_dagrun for dataset_with_extra_by_yield to 2024-09-17 00:00:00+00:00, run_after=2024-09-18 00:00:00+00:00
[2024-09-18T11:54:13.926+0100] {logging_mixin.py:190} INFO - [2024-09-18T11:54:13.926+0100] {dag.py:4156} INFO - Setting next_dagrun for dataset_with_extra_from_classic_operator to 2024-09-17 00:00:00+00:00, run_after=2024-09-18 00:00:00+00:00
[2024-09-18T11:54:14.269+0100] {processor.py:208} INFO - Processing /Users/ds2718/Documents/test_python_airflow/airflow/py_venv/lib/python3.12/site-packages/airflow/example_dags/example_outlet_event_extra.py took 0.591 seconds
[2024-09-18T11:54:48.219+0100] {processor.py:186} INFO - Started process (PID=9690) to work on /Users/ds2718/Documents/test_python_airflow/airflow/py_venv/lib/python3.12/site-packages/airflow/example_dags/example_outlet_event_extra.py
[2024-09-18T11:54:48.220+0100] {processor.py:914} INFO - Processing file /Users/ds2718/Documents/test_python_airflow/airflow/py_venv/lib/python3.12/site-packages/airflow/example_dags/example_outlet_event_extra.py for tasks to queue
[2024-09-18T11:54:48.220+0100] {logging_mixin.py:190} INFO - [2024-09-18T11:54:48.220+0100] {dagbag.py:587} INFO - Filling up the DagBag from /Users/ds2718/Documents/test_python_airflow/airflow/py_venv/lib/python3.12/site-packages/airflow/example_dags/example_outlet_event_extra.py
[2024-09-18T11:54:48.281+0100] {processor.py:925} INFO - DAG(s) 'dataset_with_extra_from_classic_operator', 'dataset_with_extra_by_yield', 'dataset_with_extra_by_context' retrieved from /Users/ds2718/Documents/test_python_airflow/airflow/py_venv/lib/python3.12/site-packages/airflow/example_dags/example_outlet_event_extra.py
[2024-09-18T11:54:48.323+0100] {logging_mixin.py:190} INFO - [2024-09-18T11:54:48.323+0100] {dag.py:3229} INFO - Sync 3 DAGs
[2024-09-18T11:54:48.358+0100] {logging_mixin.py:190} INFO - [2024-09-18T11:54:48.358+0100] {dag.py:4156} INFO - Setting next_dagrun for dataset_with_extra_by_context to 2024-09-17 00:00:00+00:00, run_after=2024-09-18 00:00:00+00:00
[2024-09-18T11:54:48.360+0100] {logging_mixin.py:190} INFO - [2024-09-18T11:54:48.360+0100] {dag.py:4156} INFO - Setting next_dagrun for dataset_with_extra_by_yield to 2024-09-17 00:00:00+00:00, run_after=2024-09-18 00:00:00+00:00
[2024-09-18T11:54:48.361+0100] {logging_mixin.py:190} INFO - [2024-09-18T11:54:48.361+0100] {dag.py:4156} INFO - Setting next_dagrun for dataset_with_extra_from_classic_operator to 2024-09-17 00:00:00+00:00, run_after=2024-09-18 00:00:00+00:00
[2024-09-18T11:54:48.375+0100] {processor.py:208} INFO - Processing /Users/ds2718/Documents/test_python_airflow/airflow/py_venv/lib/python3.12/site-packages/airflow/example_dags/example_outlet_event_extra.py took 0.159 seconds
[2024-09-18T11:55:23.528+0100] {processor.py:186} INFO - Started process (PID=9869) to work on /Users/ds2718/Documents/test_python_airflow/airflow/py_venv/lib/python3.12/site-packages/airflow/example_dags/example_outlet_event_extra.py
[2024-09-18T11:55:23.531+0100] {processor.py:914} INFO - Processing file /Users/ds2718/Documents/test_python_airflow/airflow/py_venv/lib/python3.12/site-packages/airflow/example_dags/example_outlet_event_extra.py for tasks to queue
[2024-09-18T11:55:23.531+0100] {logging_mixin.py:190} INFO - [2024-09-18T11:55:23.531+0100] {dagbag.py:587} INFO - Filling up the DagBag from /Users/ds2718/Documents/test_python_airflow/airflow/py_venv/lib/python3.12/site-packages/airflow/example_dags/example_outlet_event_extra.py
[2024-09-18T11:55:23.596+0100] {processor.py:925} INFO - DAG(s) 'dataset_with_extra_from_classic_operator', 'dataset_with_extra_by_yield', 'dataset_with_extra_by_context' retrieved from /Users/ds2718/Documents/test_python_airflow/airflow/py_venv/lib/python3.12/site-packages/airflow/example_dags/example_outlet_event_extra.py
[2024-09-18T11:55:23.649+0100] {logging_mixin.py:190} INFO - [2024-09-18T11:55:23.649+0100] {dag.py:3229} INFO - Sync 3 DAGs
[2024-09-18T11:55:23.687+0100] {logging_mixin.py:190} INFO - [2024-09-18T11:55:23.687+0100] {dag.py:4156} INFO - Setting next_dagrun for dataset_with_extra_by_context to 2024-09-17 00:00:00+00:00, run_after=2024-09-18 00:00:00+00:00
[2024-09-18T11:55:23.689+0100] {logging_mixin.py:190} INFO - [2024-09-18T11:55:23.689+0100] {dag.py:4156} INFO - Setting next_dagrun for dataset_with_extra_by_yield to 2024-09-17 00:00:00+00:00, run_after=2024-09-18 00:00:00+00:00
[2024-09-18T11:55:23.690+0100] {logging_mixin.py:190} INFO - [2024-09-18T11:55:23.690+0100] {dag.py:4156} INFO - Setting next_dagrun for dataset_with_extra_from_classic_operator to 2024-09-17 00:00:00+00:00, run_after=2024-09-18 00:00:00+00:00
[2024-09-18T11:55:23.702+0100] {processor.py:208} INFO - Processing /Users/ds2718/Documents/test_python_airflow/airflow/py_venv/lib/python3.12/site-packages/airflow/example_dags/example_outlet_event_extra.py took 0.175 seconds
[2024-09-18T11:55:55.020+0100] {processor.py:186} INFO - Started process (PID=10044) to work on /Users/ds2718/Documents/test_python_airflow/airflow/py_venv/lib/python3.12/site-packages/airflow/example_dags/example_outlet_event_extra.py
[2024-09-18T11:55:55.023+0100] {processor.py:914} INFO - Processing file /Users/ds2718/Documents/test_python_airflow/airflow/py_venv/lib/python3.12/site-packages/airflow/example_dags/example_outlet_event_extra.py for tasks to queue
[2024-09-18T11:55:55.023+0100] {logging_mixin.py:190} INFO - [2024-09-18T11:55:55.023+0100] {dagbag.py:587} INFO - Filling up the DagBag from /Users/ds2718/Documents/test_python_airflow/airflow/py_venv/lib/python3.12/site-packages/airflow/example_dags/example_outlet_event_extra.py
[2024-09-18T11:55:55.099+0100] {processor.py:925} INFO - DAG(s) 'dataset_with_extra_by_context', 'dataset_with_extra_from_classic_operator', 'dataset_with_extra_by_yield' retrieved from /Users/ds2718/Documents/test_python_airflow/airflow/py_venv/lib/python3.12/site-packages/airflow/example_dags/example_outlet_event_extra.py
[2024-09-18T11:55:55.152+0100] {logging_mixin.py:190} INFO - [2024-09-18T11:55:55.152+0100] {dag.py:3229} INFO - Sync 3 DAGs
[2024-09-18T11:55:55.190+0100] {logging_mixin.py:190} INFO - [2024-09-18T11:55:55.190+0100] {dag.py:4156} INFO - Setting next_dagrun for dataset_with_extra_by_context to 2024-09-17 00:00:00+00:00, run_after=2024-09-18 00:00:00+00:00
[2024-09-18T11:55:55.192+0100] {logging_mixin.py:190} INFO - [2024-09-18T11:55:55.192+0100] {dag.py:4156} INFO - Setting next_dagrun for dataset_with_extra_by_yield to 2024-09-17 00:00:00+00:00, run_after=2024-09-18 00:00:00+00:00
[2024-09-18T11:55:55.193+0100] {logging_mixin.py:190} INFO - [2024-09-18T11:55:55.193+0100] {dag.py:4156} INFO - Setting next_dagrun for dataset_with_extra_from_classic_operator to 2024-09-17 00:00:00+00:00, run_after=2024-09-18 00:00:00+00:00
[2024-09-18T11:55:55.230+0100] {processor.py:208} INFO - Processing /Users/ds2718/Documents/test_python_airflow/airflow/py_venv/lib/python3.12/site-packages/airflow/example_dags/example_outlet_event_extra.py took 0.217 seconds
[2024-09-18T11:56:30.063+0100] {processor.py:186} INFO - Started process (PID=10175) to work on /Users/ds2718/Documents/test_python_airflow/airflow/py_venv/lib/python3.12/site-packages/airflow/example_dags/example_outlet_event_extra.py
[2024-09-18T11:56:30.064+0100] {processor.py:914} INFO - Processing file /Users/ds2718/Documents/test_python_airflow/airflow/py_venv/lib/python3.12/site-packages/airflow/example_dags/example_outlet_event_extra.py for tasks to queue
[2024-09-18T11:56:30.064+0100] {logging_mixin.py:190} INFO - [2024-09-18T11:56:30.064+0100] {dagbag.py:587} INFO - Filling up the DagBag from /Users/ds2718/Documents/test_python_airflow/airflow/py_venv/lib/python3.12/site-packages/airflow/example_dags/example_outlet_event_extra.py
[2024-09-18T11:56:30.151+0100] {processor.py:925} INFO - DAG(s) 'dataset_with_extra_by_yield', 'dataset_with_extra_by_context', 'dataset_with_extra_from_classic_operator' retrieved from /Users/ds2718/Documents/test_python_airflow/airflow/py_venv/lib/python3.12/site-packages/airflow/example_dags/example_outlet_event_extra.py
[2024-09-18T11:56:30.197+0100] {logging_mixin.py:190} INFO - [2024-09-18T11:56:30.197+0100] {dag.py:3229} INFO - Sync 3 DAGs
[2024-09-18T11:56:30.234+0100] {logging_mixin.py:190} INFO - [2024-09-18T11:56:30.234+0100] {dag.py:4156} INFO - Setting next_dagrun for dataset_with_extra_by_context to 2024-09-17 00:00:00+00:00, run_after=2024-09-18 00:00:00+00:00
[2024-09-18T11:56:30.236+0100] {logging_mixin.py:190} INFO - [2024-09-18T11:56:30.236+0100] {dag.py:4156} INFO - Setting next_dagrun for dataset_with_extra_by_yield to 2024-09-17 00:00:00+00:00, run_after=2024-09-18 00:00:00+00:00
[2024-09-18T11:56:30.237+0100] {logging_mixin.py:190} INFO - [2024-09-18T11:56:30.237+0100] {dag.py:4156} INFO - Setting next_dagrun for dataset_with_extra_from_classic_operator to 2024-09-17 00:00:00+00:00, run_after=2024-09-18 00:00:00+00:00
[2024-09-18T11:56:30.248+0100] {processor.py:208} INFO - Processing /Users/ds2718/Documents/test_python_airflow/airflow/py_venv/lib/python3.12/site-packages/airflow/example_dags/example_outlet_event_extra.py took 0.189 seconds
[2024-09-18T11:57:02.112+0100] {processor.py:186} INFO - Started process (PID=10348) to work on /Users/ds2718/Documents/test_python_airflow/airflow/py_venv/lib/python3.12/site-packages/airflow/example_dags/example_outlet_event_extra.py
[2024-09-18T11:57:02.115+0100] {processor.py:914} INFO - Processing file /Users/ds2718/Documents/test_python_airflow/airflow/py_venv/lib/python3.12/site-packages/airflow/example_dags/example_outlet_event_extra.py for tasks to queue
[2024-09-18T11:57:02.115+0100] {logging_mixin.py:190} INFO - [2024-09-18T11:57:02.115+0100] {dagbag.py:587} INFO - Filling up the DagBag from /Users/ds2718/Documents/test_python_airflow/airflow/py_venv/lib/python3.12/site-packages/airflow/example_dags/example_outlet_event_extra.py
[2024-09-18T11:57:02.199+0100] {processor.py:925} INFO - DAG(s) 'dataset_with_extra_from_classic_operator', 'dataset_with_extra_by_yield', 'dataset_with_extra_by_context' retrieved from /Users/ds2718/Documents/test_python_airflow/airflow/py_venv/lib/python3.12/site-packages/airflow/example_dags/example_outlet_event_extra.py
[2024-09-18T11:57:02.241+0100] {logging_mixin.py:190} INFO - [2024-09-18T11:57:02.241+0100] {dag.py:3229} INFO - Sync 3 DAGs
[2024-09-18T11:57:02.282+0100] {logging_mixin.py:190} INFO - [2024-09-18T11:57:02.282+0100] {dag.py:4156} INFO - Setting next_dagrun for dataset_with_extra_by_context to 2024-09-17 00:00:00+00:00, run_after=2024-09-18 00:00:00+00:00
[2024-09-18T11:57:02.284+0100] {logging_mixin.py:190} INFO - [2024-09-18T11:57:02.283+0100] {dag.py:4156} INFO - Setting next_dagrun for dataset_with_extra_by_yield to 2024-09-17 00:00:00+00:00, run_after=2024-09-18 00:00:00+00:00
[2024-09-18T11:57:02.284+0100] {logging_mixin.py:190} INFO - [2024-09-18T11:57:02.284+0100] {dag.py:4156} INFO - Setting next_dagrun for dataset_with_extra_from_classic_operator to 2024-09-17 00:00:00+00:00, run_after=2024-09-18 00:00:00+00:00
[2024-09-18T11:57:02.294+0100] {processor.py:208} INFO - Processing /Users/ds2718/Documents/test_python_airflow/airflow/py_venv/lib/python3.12/site-packages/airflow/example_dags/example_outlet_event_extra.py took 0.189 seconds
[2024-09-18T11:57:35.035+0100] {processor.py:186} INFO - Started process (PID=10514) to work on /Users/ds2718/Documents/test_python_airflow/airflow/py_venv/lib/python3.12/site-packages/airflow/example_dags/example_outlet_event_extra.py
[2024-09-18T11:57:35.036+0100] {processor.py:914} INFO - Processing file /Users/ds2718/Documents/test_python_airflow/airflow/py_venv/lib/python3.12/site-packages/airflow/example_dags/example_outlet_event_extra.py for tasks to queue
[2024-09-18T11:57:35.036+0100] {logging_mixin.py:190} INFO - [2024-09-18T11:57:35.036+0100] {dagbag.py:587} INFO - Filling up the DagBag from /Users/ds2718/Documents/test_python_airflow/airflow/py_venv/lib/python3.12/site-packages/airflow/example_dags/example_outlet_event_extra.py
[2024-09-18T11:57:35.109+0100] {processor.py:925} INFO - DAG(s) 'dataset_with_extra_from_classic_operator', 'dataset_with_extra_by_context', 'dataset_with_extra_by_yield' retrieved from /Users/ds2718/Documents/test_python_airflow/airflow/py_venv/lib/python3.12/site-packages/airflow/example_dags/example_outlet_event_extra.py
[2024-09-18T11:57:35.149+0100] {logging_mixin.py:190} INFO - [2024-09-18T11:57:35.149+0100] {dag.py:3229} INFO - Sync 3 DAGs
[2024-09-18T11:57:35.190+0100] {logging_mixin.py:190} INFO - [2024-09-18T11:57:35.190+0100] {dag.py:4156} INFO - Setting next_dagrun for dataset_with_extra_by_context to 2024-09-17 00:00:00+00:00, run_after=2024-09-18 00:00:00+00:00
[2024-09-18T11:57:35.192+0100] {logging_mixin.py:190} INFO - [2024-09-18T11:57:35.192+0100] {dag.py:4156} INFO - Setting next_dagrun for dataset_with_extra_by_yield to 2024-09-17 00:00:00+00:00, run_after=2024-09-18 00:00:00+00:00
[2024-09-18T11:57:35.193+0100] {logging_mixin.py:190} INFO - [2024-09-18T11:57:35.193+0100] {dag.py:4156} INFO - Setting next_dagrun for dataset_with_extra_from_classic_operator to 2024-09-17 00:00:00+00:00, run_after=2024-09-18 00:00:00+00:00
[2024-09-18T11:57:35.202+0100] {processor.py:208} INFO - Processing /Users/ds2718/Documents/test_python_airflow/airflow/py_venv/lib/python3.12/site-packages/airflow/example_dags/example_outlet_event_extra.py took 0.174 seconds
[2024-09-18T11:58:09.746+0100] {processor.py:186} INFO - Started process (PID=10722) to work on /Users/ds2718/Documents/test_python_airflow/airflow/py_venv/lib/python3.12/site-packages/airflow/example_dags/example_outlet_event_extra.py
[2024-09-18T11:58:09.747+0100] {processor.py:914} INFO - Processing file /Users/ds2718/Documents/test_python_airflow/airflow/py_venv/lib/python3.12/site-packages/airflow/example_dags/example_outlet_event_extra.py for tasks to queue
[2024-09-18T11:58:09.747+0100] {logging_mixin.py:190} INFO - [2024-09-18T11:58:09.747+0100] {dagbag.py:587} INFO - Filling up the DagBag from /Users/ds2718/Documents/test_python_airflow/airflow/py_venv/lib/python3.12/site-packages/airflow/example_dags/example_outlet_event_extra.py
[2024-09-18T11:58:09.821+0100] {processor.py:925} INFO - DAG(s) 'dataset_with_extra_by_context', 'dataset_with_extra_by_yield', 'dataset_with_extra_from_classic_operator' retrieved from /Users/ds2718/Documents/test_python_airflow/airflow/py_venv/lib/python3.12/site-packages/airflow/example_dags/example_outlet_event_extra.py
[2024-09-18T11:58:09.862+0100] {logging_mixin.py:190} INFO - [2024-09-18T11:58:09.862+0100] {dag.py:3229} INFO - Sync 3 DAGs
[2024-09-18T11:58:09.905+0100] {logging_mixin.py:190} INFO - [2024-09-18T11:58:09.904+0100] {dag.py:4156} INFO - Setting next_dagrun for dataset_with_extra_by_context to 2024-09-17 00:00:00+00:00, run_after=2024-09-18 00:00:00+00:00
[2024-09-18T11:58:09.907+0100] {logging_mixin.py:190} INFO - [2024-09-18T11:58:09.907+0100] {dag.py:4156} INFO - Setting next_dagrun for dataset_with_extra_by_yield to 2024-09-17 00:00:00+00:00, run_after=2024-09-18 00:00:00+00:00
[2024-09-18T11:58:09.908+0100] {logging_mixin.py:190} INFO - [2024-09-18T11:58:09.908+0100] {dag.py:4156} INFO - Setting next_dagrun for dataset_with_extra_from_classic_operator to 2024-09-17 00:00:00+00:00, run_after=2024-09-18 00:00:00+00:00
[2024-09-18T11:58:09.916+0100] {processor.py:208} INFO - Processing /Users/ds2718/Documents/test_python_airflow/airflow/py_venv/lib/python3.12/site-packages/airflow/example_dags/example_outlet_event_extra.py took 0.183 seconds
[2024-09-18T11:58:45.123+0100] {processor.py:186} INFO - Started process (PID=10892) to work on /Users/ds2718/Documents/test_python_airflow/airflow/py_venv/lib/python3.12/site-packages/airflow/example_dags/example_outlet_event_extra.py
[2024-09-18T11:58:45.124+0100] {processor.py:914} INFO - Processing file /Users/ds2718/Documents/test_python_airflow/airflow/py_venv/lib/python3.12/site-packages/airflow/example_dags/example_outlet_event_extra.py for tasks to queue
[2024-09-18T11:58:45.124+0100] {logging_mixin.py:190} INFO - [2024-09-18T11:58:45.124+0100] {dagbag.py:587} INFO - Filling up the DagBag from /Users/ds2718/Documents/test_python_airflow/airflow/py_venv/lib/python3.12/site-packages/airflow/example_dags/example_outlet_event_extra.py
[2024-09-18T11:58:45.171+0100] {processor.py:925} INFO - DAG(s) 'dataset_with_extra_by_context', 'dataset_with_extra_from_classic_operator', 'dataset_with_extra_by_yield' retrieved from /Users/ds2718/Documents/test_python_airflow/airflow/py_venv/lib/python3.12/site-packages/airflow/example_dags/example_outlet_event_extra.py
[2024-09-18T11:58:45.213+0100] {logging_mixin.py:190} INFO - [2024-09-18T11:58:45.213+0100] {dag.py:3229} INFO - Sync 3 DAGs
[2024-09-18T11:58:45.247+0100] {logging_mixin.py:190} INFO - [2024-09-18T11:58:45.247+0100] {dag.py:4156} INFO - Setting next_dagrun for dataset_with_extra_by_context to 2024-09-17 00:00:00+00:00, run_after=2024-09-18 00:00:00+00:00
[2024-09-18T11:58:45.261+0100] {logging_mixin.py:190} INFO - [2024-09-18T11:58:45.261+0100] {dag.py:4156} INFO - Setting next_dagrun for dataset_with_extra_by_yield to 2024-09-17 00:00:00+00:00, run_after=2024-09-18 00:00:00+00:00
[2024-09-18T11:58:45.262+0100] {logging_mixin.py:190} INFO - [2024-09-18T11:58:45.262+0100] {dag.py:4156} INFO - Setting next_dagrun for dataset_with_extra_from_classic_operator to 2024-09-17 00:00:00+00:00, run_after=2024-09-18 00:00:00+00:00
[2024-09-18T11:58:45.274+0100] {processor.py:208} INFO - Processing /Users/ds2718/Documents/test_python_airflow/airflow/py_venv/lib/python3.12/site-packages/airflow/example_dags/example_outlet_event_extra.py took 0.153 seconds
[2024-09-18T11:59:19.174+0100] {processor.py:186} INFO - Started process (PID=11104) to work on /Users/ds2718/Documents/test_python_airflow/airflow/py_venv/lib/python3.12/site-packages/airflow/example_dags/example_outlet_event_extra.py
[2024-09-18T11:59:19.174+0100] {processor.py:914} INFO - Processing file /Users/ds2718/Documents/test_python_airflow/airflow/py_venv/lib/python3.12/site-packages/airflow/example_dags/example_outlet_event_extra.py for tasks to queue
[2024-09-18T11:59:19.174+0100] {logging_mixin.py:190} INFO - [2024-09-18T11:59:19.174+0100] {dagbag.py:587} INFO - Filling up the DagBag from /Users/ds2718/Documents/test_python_airflow/airflow/py_venv/lib/python3.12/site-packages/airflow/example_dags/example_outlet_event_extra.py
[2024-09-18T11:59:19.238+0100] {processor.py:925} INFO - DAG(s) 'dataset_with_extra_by_context', 'dataset_with_extra_by_yield', 'dataset_with_extra_from_classic_operator' retrieved from /Users/ds2718/Documents/test_python_airflow/airflow/py_venv/lib/python3.12/site-packages/airflow/example_dags/example_outlet_event_extra.py
[2024-09-18T11:59:19.281+0100] {logging_mixin.py:190} INFO - [2024-09-18T11:59:19.281+0100] {dag.py:3229} INFO - Sync 3 DAGs
[2024-09-18T11:59:19.321+0100] {logging_mixin.py:190} INFO - [2024-09-18T11:59:19.321+0100] {dag.py:4156} INFO - Setting next_dagrun for dataset_with_extra_by_context to 2024-09-17 00:00:00+00:00, run_after=2024-09-18 00:00:00+00:00
[2024-09-18T11:59:19.323+0100] {logging_mixin.py:190} INFO - [2024-09-18T11:59:19.323+0100] {dag.py:4156} INFO - Setting next_dagrun for dataset_with_extra_by_yield to 2024-09-17 00:00:00+00:00, run_after=2024-09-18 00:00:00+00:00
[2024-09-18T11:59:19.324+0100] {logging_mixin.py:190} INFO - [2024-09-18T11:59:19.324+0100] {dag.py:4156} INFO - Setting next_dagrun for dataset_with_extra_from_classic_operator to 2024-09-17 00:00:00+00:00, run_after=2024-09-18 00:00:00+00:00
[2024-09-18T11:59:19.334+0100] {processor.py:208} INFO - Processing /Users/ds2718/Documents/test_python_airflow/airflow/py_venv/lib/python3.12/site-packages/airflow/example_dags/example_outlet_event_extra.py took 0.162 seconds
[2024-09-18T11:59:52.741+0100] {processor.py:186} INFO - Started process (PID=11278) to work on /Users/ds2718/Documents/test_python_airflow/airflow/py_venv/lib/python3.12/site-packages/airflow/example_dags/example_outlet_event_extra.py
[2024-09-18T11:59:52.743+0100] {processor.py:914} INFO - Processing file /Users/ds2718/Documents/test_python_airflow/airflow/py_venv/lib/python3.12/site-packages/airflow/example_dags/example_outlet_event_extra.py for tasks to queue
[2024-09-18T11:59:52.743+0100] {logging_mixin.py:190} INFO - [2024-09-18T11:59:52.743+0100] {dagbag.py:587} INFO - Filling up the DagBag from /Users/ds2718/Documents/test_python_airflow/airflow/py_venv/lib/python3.12/site-packages/airflow/example_dags/example_outlet_event_extra.py
[2024-09-18T11:59:52.815+0100] {processor.py:925} INFO - DAG(s) 'dataset_with_extra_from_classic_operator', 'dataset_with_extra_by_yield', 'dataset_with_extra_by_context' retrieved from /Users/ds2718/Documents/test_python_airflow/airflow/py_venv/lib/python3.12/site-packages/airflow/example_dags/example_outlet_event_extra.py
[2024-09-18T11:59:52.856+0100] {logging_mixin.py:190} INFO - [2024-09-18T11:59:52.855+0100] {dag.py:3229} INFO - Sync 3 DAGs
[2024-09-18T11:59:52.895+0100] {logging_mixin.py:190} INFO - [2024-09-18T11:59:52.895+0100] {dag.py:4156} INFO - Setting next_dagrun for dataset_with_extra_by_context to 2024-09-17 00:00:00+00:00, run_after=2024-09-18 00:00:00+00:00
[2024-09-18T11:59:52.897+0100] {logging_mixin.py:190} INFO - [2024-09-18T11:59:52.896+0100] {dag.py:4156} INFO - Setting next_dagrun for dataset_with_extra_by_yield to 2024-09-17 00:00:00+00:00, run_after=2024-09-18 00:00:00+00:00
[2024-09-18T11:59:52.897+0100] {logging_mixin.py:190} INFO - [2024-09-18T11:59:52.897+0100] {dag.py:4156} INFO - Setting next_dagrun for dataset_with_extra_from_classic_operator to 2024-09-17 00:00:00+00:00, run_after=2024-09-18 00:00:00+00:00
[2024-09-18T11:59:52.907+0100] {processor.py:208} INFO - Processing /Users/ds2718/Documents/test_python_airflow/airflow/py_venv/lib/python3.12/site-packages/airflow/example_dags/example_outlet_event_extra.py took 0.174 seconds
[2024-09-18T12:00:26.517+0100] {processor.py:186} INFO - Started process (PID=11487) to work on /Users/ds2718/Documents/test_python_airflow/airflow/py_venv/lib/python3.12/site-packages/airflow/example_dags/example_outlet_event_extra.py
[2024-09-18T12:00:26.518+0100] {processor.py:914} INFO - Processing file /Users/ds2718/Documents/test_python_airflow/airflow/py_venv/lib/python3.12/site-packages/airflow/example_dags/example_outlet_event_extra.py for tasks to queue
[2024-09-18T12:00:26.518+0100] {logging_mixin.py:190} INFO - [2024-09-18T12:00:26.518+0100] {dagbag.py:587} INFO - Filling up the DagBag from /Users/ds2718/Documents/test_python_airflow/airflow/py_venv/lib/python3.12/site-packages/airflow/example_dags/example_outlet_event_extra.py
[2024-09-18T12:00:26.585+0100] {processor.py:925} INFO - DAG(s) 'dataset_with_extra_from_classic_operator', 'dataset_with_extra_by_context', 'dataset_with_extra_by_yield' retrieved from /Users/ds2718/Documents/test_python_airflow/airflow/py_venv/lib/python3.12/site-packages/airflow/example_dags/example_outlet_event_extra.py
[2024-09-18T12:00:26.627+0100] {logging_mixin.py:190} INFO - [2024-09-18T12:00:26.627+0100] {dag.py:3229} INFO - Sync 3 DAGs
[2024-09-18T12:00:26.679+0100] {logging_mixin.py:190} INFO - [2024-09-18T12:00:26.679+0100] {dag.py:4156} INFO - Setting next_dagrun for dataset_with_extra_by_context to 2024-09-17 00:00:00+00:00, run_after=2024-09-18 00:00:00+00:00
[2024-09-18T12:00:26.681+0100] {logging_mixin.py:190} INFO - [2024-09-18T12:00:26.681+0100] {dag.py:4156} INFO - Setting next_dagrun for dataset_with_extra_by_yield to 2024-09-17 00:00:00+00:00, run_after=2024-09-18 00:00:00+00:00
[2024-09-18T12:00:26.682+0100] {logging_mixin.py:190} INFO - [2024-09-18T12:00:26.682+0100] {dag.py:4156} INFO - Setting next_dagrun for dataset_with_extra_from_classic_operator to 2024-09-17 00:00:00+00:00, run_after=2024-09-18 00:00:00+00:00
[2024-09-18T12:00:26.692+0100] {processor.py:208} INFO - Processing /Users/ds2718/Documents/test_python_airflow/airflow/py_venv/lib/python3.12/site-packages/airflow/example_dags/example_outlet_event_extra.py took 0.176 seconds
[2024-09-18T12:00:59.282+0100] {processor.py:186} INFO - Started process (PID=11688) to work on /Users/ds2718/Documents/test_python_airflow/airflow/py_venv/lib/python3.12/site-packages/airflow/example_dags/example_outlet_event_extra.py
[2024-09-18T12:00:59.283+0100] {processor.py:914} INFO - Processing file /Users/ds2718/Documents/test_python_airflow/airflow/py_venv/lib/python3.12/site-packages/airflow/example_dags/example_outlet_event_extra.py for tasks to queue
[2024-09-18T12:00:59.284+0100] {logging_mixin.py:190} INFO - [2024-09-18T12:00:59.284+0100] {dagbag.py:587} INFO - Filling up the DagBag from /Users/ds2718/Documents/test_python_airflow/airflow/py_venv/lib/python3.12/site-packages/airflow/example_dags/example_outlet_event_extra.py
[2024-09-18T12:00:59.363+0100] {processor.py:925} INFO - DAG(s) 'dataset_with_extra_by_yield', 'dataset_with_extra_by_context', 'dataset_with_extra_from_classic_operator' retrieved from /Users/ds2718/Documents/test_python_airflow/airflow/py_venv/lib/python3.12/site-packages/airflow/example_dags/example_outlet_event_extra.py
[2024-09-18T12:00:59.403+0100] {logging_mixin.py:190} INFO - [2024-09-18T12:00:59.403+0100] {dag.py:3229} INFO - Sync 3 DAGs
[2024-09-18T12:00:59.441+0100] {logging_mixin.py:190} INFO - [2024-09-18T12:00:59.441+0100] {dag.py:4156} INFO - Setting next_dagrun for dataset_with_extra_by_context to 2024-09-17 00:00:00+00:00, run_after=2024-09-18 00:00:00+00:00
[2024-09-18T12:00:59.443+0100] {logging_mixin.py:190} INFO - [2024-09-18T12:00:59.443+0100] {dag.py:4156} INFO - Setting next_dagrun for dataset_with_extra_by_yield to 2024-09-17 00:00:00+00:00, run_after=2024-09-18 00:00:00+00:00
[2024-09-18T12:00:59.444+0100] {logging_mixin.py:190} INFO - [2024-09-18T12:00:59.444+0100] {dag.py:4156} INFO - Setting next_dagrun for dataset_with_extra_from_classic_operator to 2024-09-17 00:00:00+00:00, run_after=2024-09-18 00:00:00+00:00
[2024-09-18T12:00:59.454+0100] {processor.py:208} INFO - Processing /Users/ds2718/Documents/test_python_airflow/airflow/py_venv/lib/python3.12/site-packages/airflow/example_dags/example_outlet_event_extra.py took 0.179 seconds
[2024-09-18T12:06:15.199+0100] {processor.py:186} INFO - Started process (PID=11914) to work on /Users/ds2718/Documents/test_python_airflow/airflow/py_venv/lib/python3.12/site-packages/airflow/example_dags/example_outlet_event_extra.py
[2024-09-18T12:06:15.200+0100] {processor.py:914} INFO - Processing file /Users/ds2718/Documents/test_python_airflow/airflow/py_venv/lib/python3.12/site-packages/airflow/example_dags/example_outlet_event_extra.py for tasks to queue
[2024-09-18T12:06:15.200+0100] {logging_mixin.py:190} INFO - [2024-09-18T12:06:15.200+0100] {dagbag.py:587} INFO - Filling up the DagBag from /Users/ds2718/Documents/test_python_airflow/airflow/py_venv/lib/python3.12/site-packages/airflow/example_dags/example_outlet_event_extra.py
[2024-09-18T12:06:15.655+0100] {processor.py:925} INFO - DAG(s) 'dataset_with_extra_from_classic_operator', 'dataset_with_extra_by_context', 'dataset_with_extra_by_yield' retrieved from /Users/ds2718/Documents/test_python_airflow/airflow/py_venv/lib/python3.12/site-packages/airflow/example_dags/example_outlet_event_extra.py
[2024-09-18T12:06:15.698+0100] {logging_mixin.py:190} INFO - [2024-09-18T12:06:15.698+0100] {dag.py:3229} INFO - Sync 3 DAGs
[2024-09-18T12:06:15.746+0100] {logging_mixin.py:190} INFO - [2024-09-18T12:06:15.746+0100] {dag.py:4156} INFO - Setting next_dagrun for dataset_with_extra_by_context to 2024-09-17 00:00:00+00:00, run_after=2024-09-18 00:00:00+00:00
[2024-09-18T12:06:15.748+0100] {logging_mixin.py:190} INFO - [2024-09-18T12:06:15.748+0100] {dag.py:4156} INFO - Setting next_dagrun for dataset_with_extra_by_yield to 2024-09-17 00:00:00+00:00, run_after=2024-09-18 00:00:00+00:00
[2024-09-18T12:06:15.748+0100] {logging_mixin.py:190} INFO - [2024-09-18T12:06:15.748+0100] {dag.py:4156} INFO - Setting next_dagrun for dataset_with_extra_from_classic_operator to 2024-09-17 00:00:00+00:00, run_after=2024-09-18 00:00:00+00:00
[2024-09-18T12:06:15.757+0100] {processor.py:208} INFO - Processing /Users/ds2718/Documents/test_python_airflow/airflow/py_venv/lib/python3.12/site-packages/airflow/example_dags/example_outlet_event_extra.py took 0.564 seconds
[2024-09-18T12:06:49.146+0100] {processor.py:186} INFO - Started process (PID=12089) to work on /Users/ds2718/Documents/test_python_airflow/airflow/py_venv/lib/python3.12/site-packages/airflow/example_dags/example_outlet_event_extra.py
[2024-09-18T12:06:49.147+0100] {processor.py:914} INFO - Processing file /Users/ds2718/Documents/test_python_airflow/airflow/py_venv/lib/python3.12/site-packages/airflow/example_dags/example_outlet_event_extra.py for tasks to queue
[2024-09-18T12:06:49.147+0100] {logging_mixin.py:190} INFO - [2024-09-18T12:06:49.147+0100] {dagbag.py:587} INFO - Filling up the DagBag from /Users/ds2718/Documents/test_python_airflow/airflow/py_venv/lib/python3.12/site-packages/airflow/example_dags/example_outlet_event_extra.py
[2024-09-18T12:06:49.215+0100] {processor.py:925} INFO - DAG(s) 'dataset_with_extra_by_context', 'dataset_with_extra_by_yield', 'dataset_with_extra_from_classic_operator' retrieved from /Users/ds2718/Documents/test_python_airflow/airflow/py_venv/lib/python3.12/site-packages/airflow/example_dags/example_outlet_event_extra.py
[2024-09-18T12:06:49.260+0100] {logging_mixin.py:190} INFO - [2024-09-18T12:06:49.260+0100] {dag.py:3229} INFO - Sync 3 DAGs
[2024-09-18T12:06:49.303+0100] {logging_mixin.py:190} INFO - [2024-09-18T12:06:49.303+0100] {dag.py:4156} INFO - Setting next_dagrun for dataset_with_extra_by_context to 2024-09-17 00:00:00+00:00, run_after=2024-09-18 00:00:00+00:00
[2024-09-18T12:06:49.305+0100] {logging_mixin.py:190} INFO - [2024-09-18T12:06:49.305+0100] {dag.py:4156} INFO - Setting next_dagrun for dataset_with_extra_by_yield to 2024-09-17 00:00:00+00:00, run_after=2024-09-18 00:00:00+00:00
[2024-09-18T12:06:49.306+0100] {logging_mixin.py:190} INFO - [2024-09-18T12:06:49.306+0100] {dag.py:4156} INFO - Setting next_dagrun for dataset_with_extra_from_classic_operator to 2024-09-17 00:00:00+00:00, run_after=2024-09-18 00:00:00+00:00
[2024-09-18T12:06:49.321+0100] {processor.py:208} INFO - Processing /Users/ds2718/Documents/test_python_airflow/airflow/py_venv/lib/python3.12/site-packages/airflow/example_dags/example_outlet_event_extra.py took 0.181 seconds
[2024-09-18T12:07:22.676+0100] {processor.py:186} INFO - Started process (PID=12257) to work on /Users/ds2718/Documents/test_python_airflow/airflow/py_venv/lib/python3.12/site-packages/airflow/example_dags/example_outlet_event_extra.py
[2024-09-18T12:07:22.678+0100] {processor.py:914} INFO - Processing file /Users/ds2718/Documents/test_python_airflow/airflow/py_venv/lib/python3.12/site-packages/airflow/example_dags/example_outlet_event_extra.py for tasks to queue
[2024-09-18T12:07:22.678+0100] {logging_mixin.py:190} INFO - [2024-09-18T12:07:22.678+0100] {dagbag.py:587} INFO - Filling up the DagBag from /Users/ds2718/Documents/test_python_airflow/airflow/py_venv/lib/python3.12/site-packages/airflow/example_dags/example_outlet_event_extra.py
[2024-09-18T12:07:22.743+0100] {processor.py:925} INFO - DAG(s) 'dataset_with_extra_by_yield', 'dataset_with_extra_from_classic_operator', 'dataset_with_extra_by_context' retrieved from /Users/ds2718/Documents/test_python_airflow/airflow/py_venv/lib/python3.12/site-packages/airflow/example_dags/example_outlet_event_extra.py
[2024-09-18T12:07:22.796+0100] {logging_mixin.py:190} INFO - [2024-09-18T12:07:22.796+0100] {dag.py:3229} INFO - Sync 3 DAGs
[2024-09-18T12:07:22.832+0100] {logging_mixin.py:190} INFO - [2024-09-18T12:07:22.832+0100] {dag.py:4156} INFO - Setting next_dagrun for dataset_with_extra_by_context to 2024-09-17 00:00:00+00:00, run_after=2024-09-18 00:00:00+00:00
[2024-09-18T12:07:22.834+0100] {logging_mixin.py:190} INFO - [2024-09-18T12:07:22.834+0100] {dag.py:4156} INFO - Setting next_dagrun for dataset_with_extra_by_yield to 2024-09-17 00:00:00+00:00, run_after=2024-09-18 00:00:00+00:00
[2024-09-18T12:07:22.834+0100] {logging_mixin.py:190} INFO - [2024-09-18T12:07:22.834+0100] {dag.py:4156} INFO - Setting next_dagrun for dataset_with_extra_from_classic_operator to 2024-09-17 00:00:00+00:00, run_after=2024-09-18 00:00:00+00:00
[2024-09-18T12:07:22.851+0100] {processor.py:208} INFO - Processing /Users/ds2718/Documents/test_python_airflow/airflow/py_venv/lib/python3.12/site-packages/airflow/example_dags/example_outlet_event_extra.py took 0.180 seconds
[2024-09-18T12:08:06.882+0100] {processor.py:186} INFO - Started process (PID=12442) to work on /Users/ds2718/Documents/test_python_airflow/airflow/py_venv/lib/python3.12/site-packages/airflow/example_dags/example_outlet_event_extra.py
[2024-09-18T12:08:06.884+0100] {processor.py:914} INFO - Processing file /Users/ds2718/Documents/test_python_airflow/airflow/py_venv/lib/python3.12/site-packages/airflow/example_dags/example_outlet_event_extra.py for tasks to queue
[2024-09-18T12:08:06.885+0100] {logging_mixin.py:190} INFO - [2024-09-18T12:08:06.885+0100] {dagbag.py:587} INFO - Filling up the DagBag from /Users/ds2718/Documents/test_python_airflow/airflow/py_venv/lib/python3.12/site-packages/airflow/example_dags/example_outlet_event_extra.py
[2024-09-18T12:08:06.984+0100] {processor.py:925} INFO - DAG(s) 'dataset_with_extra_by_yield', 'dataset_with_extra_by_context', 'dataset_with_extra_from_classic_operator' retrieved from /Users/ds2718/Documents/test_python_airflow/airflow/py_venv/lib/python3.12/site-packages/airflow/example_dags/example_outlet_event_extra.py
[2024-09-18T12:08:07.048+0100] {logging_mixin.py:190} INFO - [2024-09-18T12:08:07.047+0100] {dag.py:3229} INFO - Sync 3 DAGs
[2024-09-18T12:08:07.093+0100] {logging_mixin.py:190} INFO - [2024-09-18T12:08:07.093+0100] {dag.py:4156} INFO - Setting next_dagrun for dataset_with_extra_by_context to 2024-09-17 00:00:00+00:00, run_after=2024-09-18 00:00:00+00:00
[2024-09-18T12:08:07.095+0100] {logging_mixin.py:190} INFO - [2024-09-18T12:08:07.095+0100] {dag.py:4156} INFO - Setting next_dagrun for dataset_with_extra_by_yield to 2024-09-17 00:00:00+00:00, run_after=2024-09-18 00:00:00+00:00
[2024-09-18T12:08:07.096+0100] {logging_mixin.py:190} INFO - [2024-09-18T12:08:07.096+0100] {dag.py:4156} INFO - Setting next_dagrun for dataset_with_extra_from_classic_operator to 2024-09-17 00:00:00+00:00, run_after=2024-09-18 00:00:00+00:00
[2024-09-18T12:08:07.111+0100] {processor.py:208} INFO - Processing /Users/ds2718/Documents/test_python_airflow/airflow/py_venv/lib/python3.12/site-packages/airflow/example_dags/example_outlet_event_extra.py took 0.241 seconds
[2024-09-18T12:08:43.017+0100] {processor.py:186} INFO - Started process (PID=12642) to work on /Users/ds2718/Documents/test_python_airflow/airflow/py_venv/lib/python3.12/site-packages/airflow/example_dags/example_outlet_event_extra.py
[2024-09-18T12:08:43.018+0100] {processor.py:914} INFO - Processing file /Users/ds2718/Documents/test_python_airflow/airflow/py_venv/lib/python3.12/site-packages/airflow/example_dags/example_outlet_event_extra.py for tasks to queue
[2024-09-18T12:08:43.018+0100] {logging_mixin.py:190} INFO - [2024-09-18T12:08:43.018+0100] {dagbag.py:587} INFO - Filling up the DagBag from /Users/ds2718/Documents/test_python_airflow/airflow/py_venv/lib/python3.12/site-packages/airflow/example_dags/example_outlet_event_extra.py
[2024-09-18T12:08:43.097+0100] {processor.py:925} INFO - DAG(s) 'dataset_with_extra_by_yield', 'dataset_with_extra_by_context', 'dataset_with_extra_from_classic_operator' retrieved from /Users/ds2718/Documents/test_python_airflow/airflow/py_venv/lib/python3.12/site-packages/airflow/example_dags/example_outlet_event_extra.py
[2024-09-18T12:08:43.150+0100] {logging_mixin.py:190} INFO - [2024-09-18T12:08:43.150+0100] {dag.py:3229} INFO - Sync 3 DAGs
[2024-09-18T12:08:43.188+0100] {logging_mixin.py:190} INFO - [2024-09-18T12:08:43.188+0100] {dag.py:4156} INFO - Setting next_dagrun for dataset_with_extra_by_context to 2024-09-17 00:00:00+00:00, run_after=2024-09-18 00:00:00+00:00
[2024-09-18T12:08:43.190+0100] {logging_mixin.py:190} INFO - [2024-09-18T12:08:43.190+0100] {dag.py:4156} INFO - Setting next_dagrun for dataset_with_extra_by_yield to 2024-09-17 00:00:00+00:00, run_after=2024-09-18 00:00:00+00:00
[2024-09-18T12:08:43.191+0100] {logging_mixin.py:190} INFO - [2024-09-18T12:08:43.191+0100] {dag.py:4156} INFO - Setting next_dagrun for dataset_with_extra_from_classic_operator to 2024-09-17 00:00:00+00:00, run_after=2024-09-18 00:00:00+00:00
[2024-09-18T12:08:43.217+0100] {processor.py:208} INFO - Processing /Users/ds2718/Documents/test_python_airflow/airflow/py_venv/lib/python3.12/site-packages/airflow/example_dags/example_outlet_event_extra.py took 0.206 seconds
[2024-09-18T12:09:16.080+0100] {processor.py:186} INFO - Started process (PID=12787) to work on /Users/ds2718/Documents/test_python_airflow/airflow/py_venv/lib/python3.12/site-packages/airflow/example_dags/example_outlet_event_extra.py
[2024-09-18T12:09:16.080+0100] {processor.py:914} INFO - Processing file /Users/ds2718/Documents/test_python_airflow/airflow/py_venv/lib/python3.12/site-packages/airflow/example_dags/example_outlet_event_extra.py for tasks to queue
[2024-09-18T12:09:16.080+0100] {logging_mixin.py:190} INFO - [2024-09-18T12:09:16.080+0100] {dagbag.py:587} INFO - Filling up the DagBag from /Users/ds2718/Documents/test_python_airflow/airflow/py_venv/lib/python3.12/site-packages/airflow/example_dags/example_outlet_event_extra.py
[2024-09-18T12:09:16.152+0100] {processor.py:925} INFO - DAG(s) 'dataset_with_extra_by_context', 'dataset_with_extra_from_classic_operator', 'dataset_with_extra_by_yield' retrieved from /Users/ds2718/Documents/test_python_airflow/airflow/py_venv/lib/python3.12/site-packages/airflow/example_dags/example_outlet_event_extra.py
[2024-09-18T12:09:16.195+0100] {logging_mixin.py:190} INFO - [2024-09-18T12:09:16.194+0100] {dag.py:3229} INFO - Sync 3 DAGs
[2024-09-18T12:09:16.232+0100] {logging_mixin.py:190} INFO - [2024-09-18T12:09:16.232+0100] {dag.py:4156} INFO - Setting next_dagrun for dataset_with_extra_by_context to 2024-09-17 00:00:00+00:00, run_after=2024-09-18 00:00:00+00:00
[2024-09-18T12:09:16.234+0100] {logging_mixin.py:190} INFO - [2024-09-18T12:09:16.234+0100] {dag.py:4156} INFO - Setting next_dagrun for dataset_with_extra_by_yield to 2024-09-17 00:00:00+00:00, run_after=2024-09-18 00:00:00+00:00
[2024-09-18T12:09:16.235+0100] {logging_mixin.py:190} INFO - [2024-09-18T12:09:16.235+0100] {dag.py:4156} INFO - Setting next_dagrun for dataset_with_extra_from_classic_operator to 2024-09-17 00:00:00+00:00, run_after=2024-09-18 00:00:00+00:00
[2024-09-18T12:09:16.244+0100] {processor.py:208} INFO - Processing /Users/ds2718/Documents/test_python_airflow/airflow/py_venv/lib/python3.12/site-packages/airflow/example_dags/example_outlet_event_extra.py took 0.167 seconds
[2024-09-18T12:09:52.540+0100] {processor.py:186} INFO - Started process (PID=13000) to work on /Users/ds2718/Documents/test_python_airflow/airflow/py_venv/lib/python3.12/site-packages/airflow/example_dags/example_outlet_event_extra.py
[2024-09-18T12:09:52.541+0100] {processor.py:914} INFO - Processing file /Users/ds2718/Documents/test_python_airflow/airflow/py_venv/lib/python3.12/site-packages/airflow/example_dags/example_outlet_event_extra.py for tasks to queue
[2024-09-18T12:09:52.541+0100] {logging_mixin.py:190} INFO - [2024-09-18T12:09:52.541+0100] {dagbag.py:587} INFO - Filling up the DagBag from /Users/ds2718/Documents/test_python_airflow/airflow/py_venv/lib/python3.12/site-packages/airflow/example_dags/example_outlet_event_extra.py
[2024-09-18T12:09:52.610+0100] {processor.py:925} INFO - DAG(s) 'dataset_with_extra_by_context', 'dataset_with_extra_from_classic_operator', 'dataset_with_extra_by_yield' retrieved from /Users/ds2718/Documents/test_python_airflow/airflow/py_venv/lib/python3.12/site-packages/airflow/example_dags/example_outlet_event_extra.py
[2024-09-18T12:09:52.653+0100] {logging_mixin.py:190} INFO - [2024-09-18T12:09:52.653+0100] {dag.py:3229} INFO - Sync 3 DAGs
[2024-09-18T12:09:52.691+0100] {logging_mixin.py:190} INFO - [2024-09-18T12:09:52.691+0100] {dag.py:4156} INFO - Setting next_dagrun for dataset_with_extra_by_context to 2024-09-17 00:00:00+00:00, run_after=2024-09-18 00:00:00+00:00
[2024-09-18T12:09:52.693+0100] {logging_mixin.py:190} INFO - [2024-09-18T12:09:52.693+0100] {dag.py:4156} INFO - Setting next_dagrun for dataset_with_extra_by_yield to 2024-09-17 00:00:00+00:00, run_after=2024-09-18 00:00:00+00:00
[2024-09-18T12:09:52.694+0100] {logging_mixin.py:190} INFO - [2024-09-18T12:09:52.694+0100] {dag.py:4156} INFO - Setting next_dagrun for dataset_with_extra_from_classic_operator to 2024-09-17 00:00:00+00:00, run_after=2024-09-18 00:00:00+00:00
[2024-09-18T12:09:52.709+0100] {processor.py:208} INFO - Processing /Users/ds2718/Documents/test_python_airflow/airflow/py_venv/lib/python3.12/site-packages/airflow/example_dags/example_outlet_event_extra.py took 0.177 seconds
[2024-09-18T12:10:25.126+0100] {processor.py:186} INFO - Started process (PID=13125) to work on /Users/ds2718/Documents/test_python_airflow/airflow/py_venv/lib/python3.12/site-packages/airflow/example_dags/example_outlet_event_extra.py
[2024-09-18T12:10:25.126+0100] {processor.py:914} INFO - Processing file /Users/ds2718/Documents/test_python_airflow/airflow/py_venv/lib/python3.12/site-packages/airflow/example_dags/example_outlet_event_extra.py for tasks to queue
[2024-09-18T12:10:25.127+0100] {logging_mixin.py:190} INFO - [2024-09-18T12:10:25.127+0100] {dagbag.py:587} INFO - Filling up the DagBag from /Users/ds2718/Documents/test_python_airflow/airflow/py_venv/lib/python3.12/site-packages/airflow/example_dags/example_outlet_event_extra.py
[2024-09-18T12:10:25.177+0100] {processor.py:925} INFO - DAG(s) 'dataset_with_extra_by_yield', 'dataset_with_extra_from_classic_operator', 'dataset_with_extra_by_context' retrieved from /Users/ds2718/Documents/test_python_airflow/airflow/py_venv/lib/python3.12/site-packages/airflow/example_dags/example_outlet_event_extra.py
[2024-09-18T12:10:25.229+0100] {logging_mixin.py:190} INFO - [2024-09-18T12:10:25.229+0100] {dag.py:3229} INFO - Sync 3 DAGs
[2024-09-18T12:10:25.269+0100] {logging_mixin.py:190} INFO - [2024-09-18T12:10:25.269+0100] {dag.py:4156} INFO - Setting next_dagrun for dataset_with_extra_by_context to 2024-09-17 00:00:00+00:00, run_after=2024-09-18 00:00:00+00:00
[2024-09-18T12:10:25.275+0100] {logging_mixin.py:190} INFO - [2024-09-18T12:10:25.275+0100] {dag.py:4156} INFO - Setting next_dagrun for dataset_with_extra_by_yield to 2024-09-17 00:00:00+00:00, run_after=2024-09-18 00:00:00+00:00
[2024-09-18T12:10:25.276+0100] {logging_mixin.py:190} INFO - [2024-09-18T12:10:25.276+0100] {dag.py:4156} INFO - Setting next_dagrun for dataset_with_extra_from_classic_operator to 2024-09-17 00:00:00+00:00, run_after=2024-09-18 00:00:00+00:00
[2024-09-18T12:10:25.304+0100] {processor.py:208} INFO - Processing /Users/ds2718/Documents/test_python_airflow/airflow/py_venv/lib/python3.12/site-packages/airflow/example_dags/example_outlet_event_extra.py took 0.180 seconds
[2024-09-18T12:11:00.227+0100] {processor.py:186} INFO - Started process (PID=13302) to work on /Users/ds2718/Documents/test_python_airflow/airflow/py_venv/lib/python3.12/site-packages/airflow/example_dags/example_outlet_event_extra.py
[2024-09-18T12:11:00.228+0100] {processor.py:914} INFO - Processing file /Users/ds2718/Documents/test_python_airflow/airflow/py_venv/lib/python3.12/site-packages/airflow/example_dags/example_outlet_event_extra.py for tasks to queue
[2024-09-18T12:11:00.228+0100] {logging_mixin.py:190} INFO - [2024-09-18T12:11:00.228+0100] {dagbag.py:587} INFO - Filling up the DagBag from /Users/ds2718/Documents/test_python_airflow/airflow/py_venv/lib/python3.12/site-packages/airflow/example_dags/example_outlet_event_extra.py
[2024-09-18T12:11:00.271+0100] {processor.py:925} INFO - DAG(s) 'dataset_with_extra_from_classic_operator', 'dataset_with_extra_by_context', 'dataset_with_extra_by_yield' retrieved from /Users/ds2718/Documents/test_python_airflow/airflow/py_venv/lib/python3.12/site-packages/airflow/example_dags/example_outlet_event_extra.py
[2024-09-18T12:11:00.321+0100] {logging_mixin.py:190} INFO - [2024-09-18T12:11:00.321+0100] {dag.py:3229} INFO - Sync 3 DAGs
[2024-09-18T12:11:00.356+0100] {logging_mixin.py:190} INFO - [2024-09-18T12:11:00.356+0100] {dag.py:4156} INFO - Setting next_dagrun for dataset_with_extra_by_context to 2024-09-17 00:00:00+00:00, run_after=2024-09-18 00:00:00+00:00
[2024-09-18T12:11:00.358+0100] {logging_mixin.py:190} INFO - [2024-09-18T12:11:00.358+0100] {dag.py:4156} INFO - Setting next_dagrun for dataset_with_extra_by_yield to 2024-09-17 00:00:00+00:00, run_after=2024-09-18 00:00:00+00:00
[2024-09-18T12:11:00.359+0100] {logging_mixin.py:190} INFO - [2024-09-18T12:11:00.359+0100] {dag.py:4156} INFO - Setting next_dagrun for dataset_with_extra_from_classic_operator to 2024-09-17 00:00:00+00:00, run_after=2024-09-18 00:00:00+00:00
[2024-09-18T12:11:00.370+0100] {processor.py:208} INFO - Processing /Users/ds2718/Documents/test_python_airflow/airflow/py_venv/lib/python3.12/site-packages/airflow/example_dags/example_outlet_event_extra.py took 0.144 seconds
[2024-09-18T12:11:34.139+0100] {processor.py:186} INFO - Started process (PID=13451) to work on /Users/ds2718/Documents/test_python_airflow/airflow/py_venv/lib/python3.12/site-packages/airflow/example_dags/example_outlet_event_extra.py
[2024-09-18T12:11:34.140+0100] {processor.py:914} INFO - Processing file /Users/ds2718/Documents/test_python_airflow/airflow/py_venv/lib/python3.12/site-packages/airflow/example_dags/example_outlet_event_extra.py for tasks to queue
[2024-09-18T12:11:34.140+0100] {logging_mixin.py:190} INFO - [2024-09-18T12:11:34.140+0100] {dagbag.py:587} INFO - Filling up the DagBag from /Users/ds2718/Documents/test_python_airflow/airflow/py_venv/lib/python3.12/site-packages/airflow/example_dags/example_outlet_event_extra.py
[2024-09-18T12:11:34.205+0100] {processor.py:925} INFO - DAG(s) 'dataset_with_extra_by_context', 'dataset_with_extra_from_classic_operator', 'dataset_with_extra_by_yield' retrieved from /Users/ds2718/Documents/test_python_airflow/airflow/py_venv/lib/python3.12/site-packages/airflow/example_dags/example_outlet_event_extra.py
[2024-09-18T12:11:34.262+0100] {logging_mixin.py:190} INFO - [2024-09-18T12:11:34.261+0100] {dag.py:3229} INFO - Sync 3 DAGs
[2024-09-18T12:11:34.299+0100] {logging_mixin.py:190} INFO - [2024-09-18T12:11:34.299+0100] {dag.py:4156} INFO - Setting next_dagrun for dataset_with_extra_by_context to 2024-09-17 00:00:00+00:00, run_after=2024-09-18 00:00:00+00:00
[2024-09-18T12:11:34.300+0100] {logging_mixin.py:190} INFO - [2024-09-18T12:11:34.300+0100] {dag.py:4156} INFO - Setting next_dagrun for dataset_with_extra_by_yield to 2024-09-17 00:00:00+00:00, run_after=2024-09-18 00:00:00+00:00
[2024-09-18T12:11:34.301+0100] {logging_mixin.py:190} INFO - [2024-09-18T12:11:34.301+0100] {dag.py:4156} INFO - Setting next_dagrun for dataset_with_extra_from_classic_operator to 2024-09-17 00:00:00+00:00, run_after=2024-09-18 00:00:00+00:00
[2024-09-18T12:11:34.314+0100] {processor.py:208} INFO - Processing /Users/ds2718/Documents/test_python_airflow/airflow/py_venv/lib/python3.12/site-packages/airflow/example_dags/example_outlet_event_extra.py took 0.177 seconds
[2024-09-18T12:12:06.646+0100] {processor.py:186} INFO - Started process (PID=13609) to work on /Users/ds2718/Documents/test_python_airflow/airflow/py_venv/lib/python3.12/site-packages/airflow/example_dags/example_outlet_event_extra.py
[2024-09-18T12:12:06.647+0100] {processor.py:914} INFO - Processing file /Users/ds2718/Documents/test_python_airflow/airflow/py_venv/lib/python3.12/site-packages/airflow/example_dags/example_outlet_event_extra.py for tasks to queue
[2024-09-18T12:12:06.647+0100] {logging_mixin.py:190} INFO - [2024-09-18T12:12:06.647+0100] {dagbag.py:587} INFO - Filling up the DagBag from /Users/ds2718/Documents/test_python_airflow/airflow/py_venv/lib/python3.12/site-packages/airflow/example_dags/example_outlet_event_extra.py
[2024-09-18T12:12:06.722+0100] {processor.py:925} INFO - DAG(s) 'dataset_with_extra_from_classic_operator', 'dataset_with_extra_by_yield', 'dataset_with_extra_by_context' retrieved from /Users/ds2718/Documents/test_python_airflow/airflow/py_venv/lib/python3.12/site-packages/airflow/example_dags/example_outlet_event_extra.py
[2024-09-18T12:12:06.780+0100] {logging_mixin.py:190} INFO - [2024-09-18T12:12:06.780+0100] {dag.py:3229} INFO - Sync 3 DAGs
[2024-09-18T12:12:06.814+0100] {logging_mixin.py:190} INFO - [2024-09-18T12:12:06.814+0100] {dag.py:4156} INFO - Setting next_dagrun for dataset_with_extra_by_context to 2024-09-17 00:00:00+00:00, run_after=2024-09-18 00:00:00+00:00
[2024-09-18T12:12:06.816+0100] {logging_mixin.py:190} INFO - [2024-09-18T12:12:06.816+0100] {dag.py:4156} INFO - Setting next_dagrun for dataset_with_extra_by_yield to 2024-09-17 00:00:00+00:00, run_after=2024-09-18 00:00:00+00:00
[2024-09-18T12:12:06.817+0100] {logging_mixin.py:190} INFO - [2024-09-18T12:12:06.817+0100] {dag.py:4156} INFO - Setting next_dagrun for dataset_with_extra_from_classic_operator to 2024-09-17 00:00:00+00:00, run_after=2024-09-18 00:00:00+00:00
[2024-09-18T12:12:06.844+0100] {processor.py:208} INFO - Processing /Users/ds2718/Documents/test_python_airflow/airflow/py_venv/lib/python3.12/site-packages/airflow/example_dags/example_outlet_event_extra.py took 0.199 seconds
[2024-09-18T12:12:39.497+0100] {processor.py:186} INFO - Started process (PID=13738) to work on /Users/ds2718/Documents/test_python_airflow/airflow/py_venv/lib/python3.12/site-packages/airflow/example_dags/example_outlet_event_extra.py
[2024-09-18T12:12:39.497+0100] {processor.py:914} INFO - Processing file /Users/ds2718/Documents/test_python_airflow/airflow/py_venv/lib/python3.12/site-packages/airflow/example_dags/example_outlet_event_extra.py for tasks to queue
[2024-09-18T12:12:39.498+0100] {logging_mixin.py:190} INFO - [2024-09-18T12:12:39.497+0100] {dagbag.py:587} INFO - Filling up the DagBag from /Users/ds2718/Documents/test_python_airflow/airflow/py_venv/lib/python3.12/site-packages/airflow/example_dags/example_outlet_event_extra.py
[2024-09-18T12:12:39.550+0100] {processor.py:925} INFO - DAG(s) 'dataset_with_extra_by_yield', 'dataset_with_extra_from_classic_operator', 'dataset_with_extra_by_context' retrieved from /Users/ds2718/Documents/test_python_airflow/airflow/py_venv/lib/python3.12/site-packages/airflow/example_dags/example_outlet_event_extra.py
[2024-09-18T12:12:39.589+0100] {logging_mixin.py:190} INFO - [2024-09-18T12:12:39.589+0100] {dag.py:3229} INFO - Sync 3 DAGs
[2024-09-18T12:12:39.626+0100] {logging_mixin.py:190} INFO - [2024-09-18T12:12:39.626+0100] {dag.py:4156} INFO - Setting next_dagrun for dataset_with_extra_by_context to 2024-09-17 00:00:00+00:00, run_after=2024-09-18 00:00:00+00:00
[2024-09-18T12:12:39.628+0100] {logging_mixin.py:190} INFO - [2024-09-18T12:12:39.627+0100] {dag.py:4156} INFO - Setting next_dagrun for dataset_with_extra_by_yield to 2024-09-17 00:00:00+00:00, run_after=2024-09-18 00:00:00+00:00
[2024-09-18T12:12:39.628+0100] {logging_mixin.py:190} INFO - [2024-09-18T12:12:39.628+0100] {dag.py:4156} INFO - Setting next_dagrun for dataset_with_extra_from_classic_operator to 2024-09-17 00:00:00+00:00, run_after=2024-09-18 00:00:00+00:00
[2024-09-18T12:12:39.643+0100] {processor.py:208} INFO - Processing /Users/ds2718/Documents/test_python_airflow/airflow/py_venv/lib/python3.12/site-packages/airflow/example_dags/example_outlet_event_extra.py took 0.153 seconds
[2024-09-18T12:13:16.236+0100] {processor.py:186} INFO - Started process (PID=13953) to work on /Users/ds2718/Documents/test_python_airflow/airflow/py_venv/lib/python3.12/site-packages/airflow/example_dags/example_outlet_event_extra.py
[2024-09-18T12:13:16.237+0100] {processor.py:914} INFO - Processing file /Users/ds2718/Documents/test_python_airflow/airflow/py_venv/lib/python3.12/site-packages/airflow/example_dags/example_outlet_event_extra.py for tasks to queue
[2024-09-18T12:13:16.238+0100] {logging_mixin.py:190} INFO - [2024-09-18T12:13:16.238+0100] {dagbag.py:587} INFO - Filling up the DagBag from /Users/ds2718/Documents/test_python_airflow/airflow/py_venv/lib/python3.12/site-packages/airflow/example_dags/example_outlet_event_extra.py
[2024-09-18T12:13:16.303+0100] {processor.py:925} INFO - DAG(s) 'dataset_with_extra_by_context', 'dataset_with_extra_from_classic_operator', 'dataset_with_extra_by_yield' retrieved from /Users/ds2718/Documents/test_python_airflow/airflow/py_venv/lib/python3.12/site-packages/airflow/example_dags/example_outlet_event_extra.py
[2024-09-18T12:13:16.346+0100] {logging_mixin.py:190} INFO - [2024-09-18T12:13:16.346+0100] {dag.py:3229} INFO - Sync 3 DAGs
[2024-09-18T12:13:16.397+0100] {logging_mixin.py:190} INFO - [2024-09-18T12:13:16.397+0100] {dag.py:4156} INFO - Setting next_dagrun for dataset_with_extra_by_context to 2024-09-17 00:00:00+00:00, run_after=2024-09-18 00:00:00+00:00
[2024-09-18T12:13:16.410+0100] {logging_mixin.py:190} INFO - [2024-09-18T12:13:16.410+0100] {dag.py:4156} INFO - Setting next_dagrun for dataset_with_extra_by_yield to 2024-09-17 00:00:00+00:00, run_after=2024-09-18 00:00:00+00:00
[2024-09-18T12:13:16.411+0100] {logging_mixin.py:190} INFO - [2024-09-18T12:13:16.411+0100] {dag.py:4156} INFO - Setting next_dagrun for dataset_with_extra_from_classic_operator to 2024-09-17 00:00:00+00:00, run_after=2024-09-18 00:00:00+00:00
[2024-09-18T12:13:16.422+0100] {processor.py:208} INFO - Processing /Users/ds2718/Documents/test_python_airflow/airflow/py_venv/lib/python3.12/site-packages/airflow/example_dags/example_outlet_event_extra.py took 0.192 seconds
[2024-09-18T12:13:49.856+0100] {processor.py:186} INFO - Started process (PID=14078) to work on /Users/ds2718/Documents/test_python_airflow/airflow/py_venv/lib/python3.12/site-packages/airflow/example_dags/example_outlet_event_extra.py
[2024-09-18T12:13:49.856+0100] {processor.py:914} INFO - Processing file /Users/ds2718/Documents/test_python_airflow/airflow/py_venv/lib/python3.12/site-packages/airflow/example_dags/example_outlet_event_extra.py for tasks to queue
[2024-09-18T12:13:49.857+0100] {logging_mixin.py:190} INFO - [2024-09-18T12:13:49.856+0100] {dagbag.py:587} INFO - Filling up the DagBag from /Users/ds2718/Documents/test_python_airflow/airflow/py_venv/lib/python3.12/site-packages/airflow/example_dags/example_outlet_event_extra.py
[2024-09-18T12:13:49.905+0100] {processor.py:925} INFO - DAG(s) 'dataset_with_extra_by_context', 'dataset_with_extra_from_classic_operator', 'dataset_with_extra_by_yield' retrieved from /Users/ds2718/Documents/test_python_airflow/airflow/py_venv/lib/python3.12/site-packages/airflow/example_dags/example_outlet_event_extra.py
[2024-09-18T12:13:49.945+0100] {logging_mixin.py:190} INFO - [2024-09-18T12:13:49.945+0100] {dag.py:3229} INFO - Sync 3 DAGs
[2024-09-18T12:13:49.981+0100] {logging_mixin.py:190} INFO - [2024-09-18T12:13:49.981+0100] {dag.py:4156} INFO - Setting next_dagrun for dataset_with_extra_by_context to 2024-09-17 00:00:00+00:00, run_after=2024-09-18 00:00:00+00:00
[2024-09-18T12:13:49.982+0100] {logging_mixin.py:190} INFO - [2024-09-18T12:13:49.982+0100] {dag.py:4156} INFO - Setting next_dagrun for dataset_with_extra_by_yield to 2024-09-17 00:00:00+00:00, run_after=2024-09-18 00:00:00+00:00
[2024-09-18T12:13:49.983+0100] {logging_mixin.py:190} INFO - [2024-09-18T12:13:49.983+0100] {dag.py:4156} INFO - Setting next_dagrun for dataset_with_extra_from_classic_operator to 2024-09-17 00:00:00+00:00, run_after=2024-09-18 00:00:00+00:00
[2024-09-18T12:13:50.001+0100] {processor.py:208} INFO - Processing /Users/ds2718/Documents/test_python_airflow/airflow/py_venv/lib/python3.12/site-packages/airflow/example_dags/example_outlet_event_extra.py took 0.151 seconds
