[2024-09-18T11:54:05.309+0100] {processor.py:186} INFO - Started process (PID=9451) to work on /Users/ds2718/Documents/test_python_airflow/airflow/py_venv/lib/python3.12/site-packages/airflow/example_dags/example_subdag_operator.py
[2024-09-18T11:54:05.310+0100] {processor.py:914} INFO - Processing file /Users/ds2718/Documents/test_python_airflow/airflow/py_venv/lib/python3.12/site-packages/airflow/example_dags/example_subdag_operator.py for tasks to queue
[2024-09-18T11:54:05.310+0100] {logging_mixin.py:190} INFO - [2024-09-18T11:54:05.310+0100] {dagbag.py:587} INFO - Filling up the DagBag from /Users/ds2718/Documents/test_python_airflow/airflow/py_venv/lib/python3.12/site-packages/airflow/example_dags/example_subdag_operator.py
[2024-09-18T11:54:05.350+0100] {processor.py:925} INFO - DAG(s) 'example_subdag_operator.section-1', 'example_subdag_operator.section-2', 'example_subdag_operator' retrieved from /Users/ds2718/Documents/test_python_airflow/airflow/py_venv/lib/python3.12/site-packages/airflow/example_dags/example_subdag_operator.py
[2024-09-18T11:54:05.615+0100] {logging_mixin.py:190} INFO - [2024-09-18T11:54:05.615+0100] {override.py:1900} INFO - Created Permission View: can read on DAG:example_subdag_operator
[2024-09-18T11:54:05.619+0100] {logging_mixin.py:190} INFO - [2024-09-18T11:54:05.619+0100] {override.py:1900} INFO - Created Permission View: can delete on DAG:example_subdag_operator
[2024-09-18T11:54:05.621+0100] {logging_mixin.py:190} INFO - [2024-09-18T11:54:05.621+0100] {override.py:1900} INFO - Created Permission View: can edit on DAG:example_subdag_operator
[2024-09-18T11:54:05.623+0100] {logging_mixin.py:190} INFO - [2024-09-18T11:54:05.623+0100] {override.py:1900} INFO - Created Permission View: can read on DAG Run:example_subdag_operator
[2024-09-18T11:54:05.625+0100] {logging_mixin.py:190} INFO - [2024-09-18T11:54:05.625+0100] {override.py:1900} INFO - Created Permission View: menu access on DAG Run:example_subdag_operator
[2024-09-18T11:54:05.628+0100] {logging_mixin.py:190} INFO - [2024-09-18T11:54:05.627+0100] {override.py:1900} INFO - Created Permission View: can delete on DAG Run:example_subdag_operator
[2024-09-18T11:54:05.629+0100] {logging_mixin.py:190} INFO - [2024-09-18T11:54:05.629+0100] {override.py:1900} INFO - Created Permission View: can create on DAG Run:example_subdag_operator
[2024-09-18T11:54:05.629+0100] {logging_mixin.py:190} INFO - [2024-09-18T11:54:05.629+0100] {dag.py:3229} INFO - Sync 3 DAGs
[2024-09-18T11:54:05.647+0100] {logging_mixin.py:190} INFO - [2024-09-18T11:54:05.647+0100] {dag.py:3252} INFO - Creating ORM DAG for example_subdag_operator
[2024-09-18T11:54:05.647+0100] {logging_mixin.py:190} INFO - [2024-09-18T11:54:05.647+0100] {dag.py:3252} INFO - Creating ORM DAG for example_subdag_operator.section-1
[2024-09-18T11:54:05.647+0100] {logging_mixin.py:190} INFO - [2024-09-18T11:54:05.647+0100] {dag.py:3252} INFO - Creating ORM DAG for example_subdag_operator.section-2
[2024-09-18T11:54:05.652+0100] {logging_mixin.py:190} INFO - [2024-09-18T11:54:05.652+0100] {dag.py:4156} INFO - Setting next_dagrun for example_subdag_operator to 2022-01-01 00:00:00+00:00, run_after=2022-01-01 00:00:00+00:00
[2024-09-18T11:54:05.652+0100] {logging_mixin.py:190} INFO - [2024-09-18T11:54:05.652+0100] {dag.py:4156} INFO - Setting next_dagrun for example_subdag_operator.section-1 to None, run_after=None
[2024-09-18T11:54:05.652+0100] {logging_mixin.py:190} INFO - [2024-09-18T11:54:05.652+0100] {dag.py:4156} INFO - Setting next_dagrun for example_subdag_operator.section-2 to None, run_after=None
[2024-09-18T11:54:05.656+0100] {logging_mixin.py:190} INFO - [2024-09-18T11:54:05.656+0100] {dag.py:3229} INFO - Sync 2 DAGs
[2024-09-18T11:54:05.658+0100] {logging_mixin.py:190} INFO - [2024-09-18T11:54:05.658+0100] {dag.py:4156} INFO - Setting next_dagrun for example_subdag_operator.section-1 to None, run_after=None
[2024-09-18T11:54:05.660+0100] {logging_mixin.py:190} INFO - [2024-09-18T11:54:05.660+0100] {dag.py:4156} INFO - Setting next_dagrun for example_subdag_operator.section-2 to None, run_after=None
[2024-09-18T11:54:05.665+0100] {processor.py:208} INFO - Processing /Users/ds2718/Documents/test_python_airflow/airflow/py_venv/lib/python3.12/site-packages/airflow/example_dags/example_subdag_operator.py took 0.361 seconds
[2024-09-18T11:54:40.190+0100] {processor.py:186} INFO - Started process (PID=9634) to work on /Users/ds2718/Documents/test_python_airflow/airflow/py_venv/lib/python3.12/site-packages/airflow/example_dags/example_subdag_operator.py
[2024-09-18T11:54:40.191+0100] {processor.py:914} INFO - Processing file /Users/ds2718/Documents/test_python_airflow/airflow/py_venv/lib/python3.12/site-packages/airflow/example_dags/example_subdag_operator.py for tasks to queue
[2024-09-18T11:54:40.191+0100] {logging_mixin.py:190} INFO - [2024-09-18T11:54:40.191+0100] {dagbag.py:587} INFO - Filling up the DagBag from /Users/ds2718/Documents/test_python_airflow/airflow/py_venv/lib/python3.12/site-packages/airflow/example_dags/example_subdag_operator.py
[2024-09-18T11:54:40.236+0100] {processor.py:925} INFO - DAG(s) 'example_subdag_operator.section-1', 'example_subdag_operator.section-2', 'example_subdag_operator' retrieved from /Users/ds2718/Documents/test_python_airflow/airflow/py_venv/lib/python3.12/site-packages/airflow/example_dags/example_subdag_operator.py
[2024-09-18T11:54:40.462+0100] {logging_mixin.py:190} INFO - [2024-09-18T11:54:40.461+0100] {dag.py:3229} INFO - Sync 3 DAGs
[2024-09-18T11:54:40.472+0100] {logging_mixin.py:190} INFO - [2024-09-18T11:54:40.472+0100] {dag.py:4156} INFO - Setting next_dagrun for example_subdag_operator to 2022-01-01 00:00:00+00:00, run_after=2022-01-01 00:00:00+00:00
[2024-09-18T11:54:40.473+0100] {logging_mixin.py:190} INFO - [2024-09-18T11:54:40.473+0100] {dag.py:4156} INFO - Setting next_dagrun for example_subdag_operator.section-1 to None, run_after=None
[2024-09-18T11:54:40.474+0100] {logging_mixin.py:190} INFO - [2024-09-18T11:54:40.474+0100] {dag.py:4156} INFO - Setting next_dagrun for example_subdag_operator.section-2 to None, run_after=None
[2024-09-18T11:54:40.476+0100] {logging_mixin.py:190} INFO - [2024-09-18T11:54:40.476+0100] {dag.py:3229} INFO - Sync 2 DAGs
[2024-09-18T11:54:40.480+0100] {logging_mixin.py:190} INFO - [2024-09-18T11:54:40.480+0100] {dag.py:4156} INFO - Setting next_dagrun for example_subdag_operator.section-1 to None, run_after=None
[2024-09-18T11:54:40.480+0100] {logging_mixin.py:190} INFO - [2024-09-18T11:54:40.480+0100] {dag.py:4156} INFO - Setting next_dagrun for example_subdag_operator.section-2 to None, run_after=None
[2024-09-18T11:54:40.500+0100] {processor.py:208} INFO - Processing /Users/ds2718/Documents/test_python_airflow/airflow/py_venv/lib/python3.12/site-packages/airflow/example_dags/example_subdag_operator.py took 0.312 seconds
[2024-09-18T11:55:15.323+0100] {processor.py:186} INFO - Started process (PID=9820) to work on /Users/ds2718/Documents/test_python_airflow/airflow/py_venv/lib/python3.12/site-packages/airflow/example_dags/example_subdag_operator.py
[2024-09-18T11:55:15.326+0100] {processor.py:914} INFO - Processing file /Users/ds2718/Documents/test_python_airflow/airflow/py_venv/lib/python3.12/site-packages/airflow/example_dags/example_subdag_operator.py for tasks to queue
[2024-09-18T11:55:15.326+0100] {logging_mixin.py:190} INFO - [2024-09-18T11:55:15.326+0100] {dagbag.py:587} INFO - Filling up the DagBag from /Users/ds2718/Documents/test_python_airflow/airflow/py_venv/lib/python3.12/site-packages/airflow/example_dags/example_subdag_operator.py
[2024-09-18T11:55:15.380+0100] {processor.py:925} INFO - DAG(s) 'example_subdag_operator.section-1', 'example_subdag_operator.section-2', 'example_subdag_operator' retrieved from /Users/ds2718/Documents/test_python_airflow/airflow/py_venv/lib/python3.12/site-packages/airflow/example_dags/example_subdag_operator.py
[2024-09-18T11:55:15.622+0100] {logging_mixin.py:190} INFO - [2024-09-18T11:55:15.622+0100] {dag.py:3229} INFO - Sync 3 DAGs
[2024-09-18T11:55:15.634+0100] {logging_mixin.py:190} INFO - [2024-09-18T11:55:15.633+0100] {dag.py:4156} INFO - Setting next_dagrun for example_subdag_operator to 2022-01-01 00:00:00+00:00, run_after=2022-01-01 00:00:00+00:00
[2024-09-18T11:55:15.635+0100] {logging_mixin.py:190} INFO - [2024-09-18T11:55:15.635+0100] {dag.py:4156} INFO - Setting next_dagrun for example_subdag_operator.section-1 to None, run_after=None
[2024-09-18T11:55:15.635+0100] {logging_mixin.py:190} INFO - [2024-09-18T11:55:15.635+0100] {dag.py:4156} INFO - Setting next_dagrun for example_subdag_operator.section-2 to None, run_after=None
[2024-09-18T11:55:15.638+0100] {logging_mixin.py:190} INFO - [2024-09-18T11:55:15.638+0100] {dag.py:3229} INFO - Sync 2 DAGs
[2024-09-18T11:55:15.641+0100] {logging_mixin.py:190} INFO - [2024-09-18T11:55:15.641+0100] {dag.py:4156} INFO - Setting next_dagrun for example_subdag_operator.section-1 to None, run_after=None
[2024-09-18T11:55:15.641+0100] {logging_mixin.py:190} INFO - [2024-09-18T11:55:15.641+0100] {dag.py:4156} INFO - Setting next_dagrun for example_subdag_operator.section-2 to None, run_after=None
[2024-09-18T11:55:15.646+0100] {processor.py:208} INFO - Processing /Users/ds2718/Documents/test_python_airflow/airflow/py_venv/lib/python3.12/site-packages/airflow/example_dags/example_subdag_operator.py took 0.328 seconds
[2024-09-18T11:55:47.152+0100] {processor.py:186} INFO - Started process (PID=10013) to work on /Users/ds2718/Documents/test_python_airflow/airflow/py_venv/lib/python3.12/site-packages/airflow/example_dags/example_subdag_operator.py
[2024-09-18T11:55:47.153+0100] {processor.py:914} INFO - Processing file /Users/ds2718/Documents/test_python_airflow/airflow/py_venv/lib/python3.12/site-packages/airflow/example_dags/example_subdag_operator.py for tasks to queue
[2024-09-18T11:55:47.153+0100] {logging_mixin.py:190} INFO - [2024-09-18T11:55:47.153+0100] {dagbag.py:587} INFO - Filling up the DagBag from /Users/ds2718/Documents/test_python_airflow/airflow/py_venv/lib/python3.12/site-packages/airflow/example_dags/example_subdag_operator.py
[2024-09-18T11:55:47.198+0100] {processor.py:925} INFO - DAG(s) 'example_subdag_operator.section-1', 'example_subdag_operator.section-2', 'example_subdag_operator' retrieved from /Users/ds2718/Documents/test_python_airflow/airflow/py_venv/lib/python3.12/site-packages/airflow/example_dags/example_subdag_operator.py
[2024-09-18T11:55:47.427+0100] {logging_mixin.py:190} INFO - [2024-09-18T11:55:47.427+0100] {dag.py:3229} INFO - Sync 3 DAGs
[2024-09-18T11:55:47.438+0100] {logging_mixin.py:190} INFO - [2024-09-18T11:55:47.438+0100] {dag.py:4156} INFO - Setting next_dagrun for example_subdag_operator to 2022-01-01 00:00:00+00:00, run_after=2022-01-01 00:00:00+00:00
[2024-09-18T11:55:47.439+0100] {logging_mixin.py:190} INFO - [2024-09-18T11:55:47.439+0100] {dag.py:4156} INFO - Setting next_dagrun for example_subdag_operator.section-1 to None, run_after=None
[2024-09-18T11:55:47.440+0100] {logging_mixin.py:190} INFO - [2024-09-18T11:55:47.440+0100] {dag.py:4156} INFO - Setting next_dagrun for example_subdag_operator.section-2 to None, run_after=None
[2024-09-18T11:55:47.442+0100] {logging_mixin.py:190} INFO - [2024-09-18T11:55:47.442+0100] {dag.py:3229} INFO - Sync 2 DAGs
[2024-09-18T11:55:47.445+0100] {logging_mixin.py:190} INFO - [2024-09-18T11:55:47.445+0100] {dag.py:4156} INFO - Setting next_dagrun for example_subdag_operator.section-1 to None, run_after=None
[2024-09-18T11:55:47.445+0100] {logging_mixin.py:190} INFO - [2024-09-18T11:55:47.445+0100] {dag.py:4156} INFO - Setting next_dagrun for example_subdag_operator.section-2 to None, run_after=None
[2024-09-18T11:55:47.455+0100] {processor.py:208} INFO - Processing /Users/ds2718/Documents/test_python_airflow/airflow/py_venv/lib/python3.12/site-packages/airflow/example_dags/example_subdag_operator.py took 0.307 seconds
[2024-09-18T11:56:21.792+0100] {processor.py:186} INFO - Started process (PID=10145) to work on /Users/ds2718/Documents/test_python_airflow/airflow/py_venv/lib/python3.12/site-packages/airflow/example_dags/example_subdag_operator.py
[2024-09-18T11:56:21.795+0100] {processor.py:914} INFO - Processing file /Users/ds2718/Documents/test_python_airflow/airflow/py_venv/lib/python3.12/site-packages/airflow/example_dags/example_subdag_operator.py for tasks to queue
[2024-09-18T11:56:21.795+0100] {logging_mixin.py:190} INFO - [2024-09-18T11:56:21.795+0100] {dagbag.py:587} INFO - Filling up the DagBag from /Users/ds2718/Documents/test_python_airflow/airflow/py_venv/lib/python3.12/site-packages/airflow/example_dags/example_subdag_operator.py
[2024-09-18T11:56:21.843+0100] {processor.py:925} INFO - DAG(s) 'example_subdag_operator.section-1', 'example_subdag_operator.section-2', 'example_subdag_operator' retrieved from /Users/ds2718/Documents/test_python_airflow/airflow/py_venv/lib/python3.12/site-packages/airflow/example_dags/example_subdag_operator.py
[2024-09-18T11:56:22.099+0100] {logging_mixin.py:190} INFO - [2024-09-18T11:56:22.099+0100] {dag.py:3229} INFO - Sync 3 DAGs
[2024-09-18T11:56:22.110+0100] {logging_mixin.py:190} INFO - [2024-09-18T11:56:22.110+0100] {dag.py:4156} INFO - Setting next_dagrun for example_subdag_operator to 2022-01-01 00:00:00+00:00, run_after=2022-01-01 00:00:00+00:00
[2024-09-18T11:56:22.111+0100] {logging_mixin.py:190} INFO - [2024-09-18T11:56:22.111+0100] {dag.py:4156} INFO - Setting next_dagrun for example_subdag_operator.section-1 to None, run_after=None
[2024-09-18T11:56:22.112+0100] {logging_mixin.py:190} INFO - [2024-09-18T11:56:22.112+0100] {dag.py:4156} INFO - Setting next_dagrun for example_subdag_operator.section-2 to None, run_after=None
[2024-09-18T11:56:22.114+0100] {logging_mixin.py:190} INFO - [2024-09-18T11:56:22.114+0100] {dag.py:3229} INFO - Sync 2 DAGs
[2024-09-18T11:56:22.118+0100] {logging_mixin.py:190} INFO - [2024-09-18T11:56:22.118+0100] {dag.py:4156} INFO - Setting next_dagrun for example_subdag_operator.section-1 to None, run_after=None
[2024-09-18T11:56:22.118+0100] {logging_mixin.py:190} INFO - [2024-09-18T11:56:22.118+0100] {dag.py:4156} INFO - Setting next_dagrun for example_subdag_operator.section-2 to None, run_after=None
[2024-09-18T11:56:22.128+0100] {processor.py:208} INFO - Processing /Users/ds2718/Documents/test_python_airflow/airflow/py_venv/lib/python3.12/site-packages/airflow/example_dags/example_subdag_operator.py took 0.342 seconds
[2024-09-18T11:56:53.879+0100] {processor.py:186} INFO - Started process (PID=10319) to work on /Users/ds2718/Documents/test_python_airflow/airflow/py_venv/lib/python3.12/site-packages/airflow/example_dags/example_subdag_operator.py
[2024-09-18T11:56:53.881+0100] {processor.py:914} INFO - Processing file /Users/ds2718/Documents/test_python_airflow/airflow/py_venv/lib/python3.12/site-packages/airflow/example_dags/example_subdag_operator.py for tasks to queue
[2024-09-18T11:56:53.881+0100] {logging_mixin.py:190} INFO - [2024-09-18T11:56:53.881+0100] {dagbag.py:587} INFO - Filling up the DagBag from /Users/ds2718/Documents/test_python_airflow/airflow/py_venv/lib/python3.12/site-packages/airflow/example_dags/example_subdag_operator.py
[2024-09-18T11:56:53.932+0100] {processor.py:925} INFO - DAG(s) 'example_subdag_operator.section-1', 'example_subdag_operator.section-2', 'example_subdag_operator' retrieved from /Users/ds2718/Documents/test_python_airflow/airflow/py_venv/lib/python3.12/site-packages/airflow/example_dags/example_subdag_operator.py
[2024-09-18T11:56:54.186+0100] {logging_mixin.py:190} INFO - [2024-09-18T11:56:54.186+0100] {dag.py:3229} INFO - Sync 3 DAGs
[2024-09-18T11:56:54.198+0100] {logging_mixin.py:190} INFO - [2024-09-18T11:56:54.198+0100] {dag.py:4156} INFO - Setting next_dagrun for example_subdag_operator to 2022-01-01 00:00:00+00:00, run_after=2022-01-01 00:00:00+00:00
[2024-09-18T11:56:54.199+0100] {logging_mixin.py:190} INFO - [2024-09-18T11:56:54.199+0100] {dag.py:4156} INFO - Setting next_dagrun for example_subdag_operator.section-1 to None, run_after=None
[2024-09-18T11:56:54.200+0100] {logging_mixin.py:190} INFO - [2024-09-18T11:56:54.199+0100] {dag.py:4156} INFO - Setting next_dagrun for example_subdag_operator.section-2 to None, run_after=None
[2024-09-18T11:56:54.202+0100] {logging_mixin.py:190} INFO - [2024-09-18T11:56:54.202+0100] {dag.py:3229} INFO - Sync 2 DAGs
[2024-09-18T11:56:54.206+0100] {logging_mixin.py:190} INFO - [2024-09-18T11:56:54.206+0100] {dag.py:4156} INFO - Setting next_dagrun for example_subdag_operator.section-1 to None, run_after=None
[2024-09-18T11:56:54.206+0100] {logging_mixin.py:190} INFO - [2024-09-18T11:56:54.206+0100] {dag.py:4156} INFO - Setting next_dagrun for example_subdag_operator.section-2 to None, run_after=None
[2024-09-18T11:56:54.211+0100] {processor.py:208} INFO - Processing /Users/ds2718/Documents/test_python_airflow/airflow/py_venv/lib/python3.12/site-packages/airflow/example_dags/example_subdag_operator.py took 0.334 seconds
[2024-09-18T11:57:26.892+0100] {processor.py:186} INFO - Started process (PID=10468) to work on /Users/ds2718/Documents/test_python_airflow/airflow/py_venv/lib/python3.12/site-packages/airflow/example_dags/example_subdag_operator.py
[2024-09-18T11:57:26.893+0100] {processor.py:914} INFO - Processing file /Users/ds2718/Documents/test_python_airflow/airflow/py_venv/lib/python3.12/site-packages/airflow/example_dags/example_subdag_operator.py for tasks to queue
[2024-09-18T11:57:26.893+0100] {logging_mixin.py:190} INFO - [2024-09-18T11:57:26.893+0100] {dagbag.py:587} INFO - Filling up the DagBag from /Users/ds2718/Documents/test_python_airflow/airflow/py_venv/lib/python3.12/site-packages/airflow/example_dags/example_subdag_operator.py
[2024-09-18T11:57:26.937+0100] {processor.py:925} INFO - DAG(s) 'example_subdag_operator.section-1', 'example_subdag_operator.section-2', 'example_subdag_operator' retrieved from /Users/ds2718/Documents/test_python_airflow/airflow/py_venv/lib/python3.12/site-packages/airflow/example_dags/example_subdag_operator.py
[2024-09-18T11:57:27.170+0100] {logging_mixin.py:190} INFO - [2024-09-18T11:57:27.170+0100] {dag.py:3229} INFO - Sync 3 DAGs
[2024-09-18T11:57:27.181+0100] {logging_mixin.py:190} INFO - [2024-09-18T11:57:27.181+0100] {dag.py:4156} INFO - Setting next_dagrun for example_subdag_operator to 2022-01-01 00:00:00+00:00, run_after=2022-01-01 00:00:00+00:00
[2024-09-18T11:57:27.182+0100] {logging_mixin.py:190} INFO - [2024-09-18T11:57:27.182+0100] {dag.py:4156} INFO - Setting next_dagrun for example_subdag_operator.section-1 to None, run_after=None
[2024-09-18T11:57:27.183+0100] {logging_mixin.py:190} INFO - [2024-09-18T11:57:27.183+0100] {dag.py:4156} INFO - Setting next_dagrun for example_subdag_operator.section-2 to None, run_after=None
[2024-09-18T11:57:27.185+0100] {logging_mixin.py:190} INFO - [2024-09-18T11:57:27.185+0100] {dag.py:3229} INFO - Sync 2 DAGs
[2024-09-18T11:57:27.188+0100] {logging_mixin.py:190} INFO - [2024-09-18T11:57:27.188+0100] {dag.py:4156} INFO - Setting next_dagrun for example_subdag_operator.section-1 to None, run_after=None
[2024-09-18T11:57:27.188+0100] {logging_mixin.py:190} INFO - [2024-09-18T11:57:27.188+0100] {dag.py:4156} INFO - Setting next_dagrun for example_subdag_operator.section-2 to None, run_after=None
[2024-09-18T11:57:27.194+0100] {processor.py:208} INFO - Processing /Users/ds2718/Documents/test_python_airflow/airflow/py_venv/lib/python3.12/site-packages/airflow/example_dags/example_subdag_operator.py took 0.309 seconds
[2024-09-18T11:58:00.840+0100] {processor.py:186} INFO - Started process (PID=10676) to work on /Users/ds2718/Documents/test_python_airflow/airflow/py_venv/lib/python3.12/site-packages/airflow/example_dags/example_subdag_operator.py
[2024-09-18T11:58:00.841+0100] {processor.py:914} INFO - Processing file /Users/ds2718/Documents/test_python_airflow/airflow/py_venv/lib/python3.12/site-packages/airflow/example_dags/example_subdag_operator.py for tasks to queue
[2024-09-18T11:58:00.841+0100] {logging_mixin.py:190} INFO - [2024-09-18T11:58:00.841+0100] {dagbag.py:587} INFO - Filling up the DagBag from /Users/ds2718/Documents/test_python_airflow/airflow/py_venv/lib/python3.12/site-packages/airflow/example_dags/example_subdag_operator.py
[2024-09-18T11:58:00.883+0100] {processor.py:925} INFO - DAG(s) 'example_subdag_operator.section-1', 'example_subdag_operator.section-2', 'example_subdag_operator' retrieved from /Users/ds2718/Documents/test_python_airflow/airflow/py_venv/lib/python3.12/site-packages/airflow/example_dags/example_subdag_operator.py
[2024-09-18T11:58:01.128+0100] {logging_mixin.py:190} INFO - [2024-09-18T11:58:01.128+0100] {dag.py:3229} INFO - Sync 3 DAGs
[2024-09-18T11:58:01.139+0100] {logging_mixin.py:190} INFO - [2024-09-18T11:58:01.139+0100] {dag.py:4156} INFO - Setting next_dagrun for example_subdag_operator to 2022-01-01 00:00:00+00:00, run_after=2022-01-01 00:00:00+00:00
[2024-09-18T11:58:01.140+0100] {logging_mixin.py:190} INFO - [2024-09-18T11:58:01.140+0100] {dag.py:4156} INFO - Setting next_dagrun for example_subdag_operator.section-1 to None, run_after=None
[2024-09-18T11:58:01.141+0100] {logging_mixin.py:190} INFO - [2024-09-18T11:58:01.141+0100] {dag.py:4156} INFO - Setting next_dagrun for example_subdag_operator.section-2 to None, run_after=None
[2024-09-18T11:58:01.144+0100] {logging_mixin.py:190} INFO - [2024-09-18T11:58:01.144+0100] {dag.py:3229} INFO - Sync 2 DAGs
[2024-09-18T11:58:01.147+0100] {logging_mixin.py:190} INFO - [2024-09-18T11:58:01.147+0100] {dag.py:4156} INFO - Setting next_dagrun for example_subdag_operator.section-1 to None, run_after=None
[2024-09-18T11:58:01.147+0100] {logging_mixin.py:190} INFO - [2024-09-18T11:58:01.147+0100] {dag.py:4156} INFO - Setting next_dagrun for example_subdag_operator.section-2 to None, run_after=None
[2024-09-18T11:58:01.161+0100] {processor.py:208} INFO - Processing /Users/ds2718/Documents/test_python_airflow/airflow/py_venv/lib/python3.12/site-packages/airflow/example_dags/example_subdag_operator.py took 0.323 seconds
[2024-09-18T11:58:35.664+0100] {processor.py:186} INFO - Started process (PID=10860) to work on /Users/ds2718/Documents/test_python_airflow/airflow/py_venv/lib/python3.12/site-packages/airflow/example_dags/example_subdag_operator.py
[2024-09-18T11:58:35.664+0100] {processor.py:914} INFO - Processing file /Users/ds2718/Documents/test_python_airflow/airflow/py_venv/lib/python3.12/site-packages/airflow/example_dags/example_subdag_operator.py for tasks to queue
[2024-09-18T11:58:35.664+0100] {logging_mixin.py:190} INFO - [2024-09-18T11:58:35.664+0100] {dagbag.py:587} INFO - Filling up the DagBag from /Users/ds2718/Documents/test_python_airflow/airflow/py_venv/lib/python3.12/site-packages/airflow/example_dags/example_subdag_operator.py
[2024-09-18T11:58:35.707+0100] {processor.py:925} INFO - DAG(s) 'example_subdag_operator.section-1', 'example_subdag_operator.section-2', 'example_subdag_operator' retrieved from /Users/ds2718/Documents/test_python_airflow/airflow/py_venv/lib/python3.12/site-packages/airflow/example_dags/example_subdag_operator.py
[2024-09-18T11:58:35.903+0100] {logging_mixin.py:190} INFO - [2024-09-18T11:58:35.903+0100] {dag.py:3229} INFO - Sync 3 DAGs
[2024-09-18T11:58:35.916+0100] {logging_mixin.py:190} INFO - [2024-09-18T11:58:35.916+0100] {dag.py:4156} INFO - Setting next_dagrun for example_subdag_operator to 2022-01-01 00:00:00+00:00, run_after=2022-01-01 00:00:00+00:00
[2024-09-18T11:58:35.917+0100] {logging_mixin.py:190} INFO - [2024-09-18T11:58:35.917+0100] {dag.py:4156} INFO - Setting next_dagrun for example_subdag_operator.section-1 to None, run_after=None
[2024-09-18T11:58:35.917+0100] {logging_mixin.py:190} INFO - [2024-09-18T11:58:35.917+0100] {dag.py:4156} INFO - Setting next_dagrun for example_subdag_operator.section-2 to None, run_after=None
[2024-09-18T11:58:35.920+0100] {logging_mixin.py:190} INFO - [2024-09-18T11:58:35.920+0100] {dag.py:3229} INFO - Sync 2 DAGs
[2024-09-18T11:58:35.922+0100] {logging_mixin.py:190} INFO - [2024-09-18T11:58:35.922+0100] {dag.py:4156} INFO - Setting next_dagrun for example_subdag_operator.section-1 to None, run_after=None
[2024-09-18T11:58:35.922+0100] {logging_mixin.py:190} INFO - [2024-09-18T11:58:35.922+0100] {dag.py:4156} INFO - Setting next_dagrun for example_subdag_operator.section-2 to None, run_after=None
[2024-09-18T11:58:35.934+0100] {processor.py:208} INFO - Processing /Users/ds2718/Documents/test_python_airflow/airflow/py_venv/lib/python3.12/site-packages/airflow/example_dags/example_subdag_operator.py took 0.272 seconds
[2024-09-18T11:59:10.796+0100] {processor.py:186} INFO - Started process (PID=11057) to work on /Users/ds2718/Documents/test_python_airflow/airflow/py_venv/lib/python3.12/site-packages/airflow/example_dags/example_subdag_operator.py
[2024-09-18T11:59:10.796+0100] {processor.py:914} INFO - Processing file /Users/ds2718/Documents/test_python_airflow/airflow/py_venv/lib/python3.12/site-packages/airflow/example_dags/example_subdag_operator.py for tasks to queue
[2024-09-18T11:59:10.797+0100] {logging_mixin.py:190} INFO - [2024-09-18T11:59:10.797+0100] {dagbag.py:587} INFO - Filling up the DagBag from /Users/ds2718/Documents/test_python_airflow/airflow/py_venv/lib/python3.12/site-packages/airflow/example_dags/example_subdag_operator.py
[2024-09-18T11:59:10.849+0100] {processor.py:925} INFO - DAG(s) 'example_subdag_operator.section-1', 'example_subdag_operator.section-2', 'example_subdag_operator' retrieved from /Users/ds2718/Documents/test_python_airflow/airflow/py_venv/lib/python3.12/site-packages/airflow/example_dags/example_subdag_operator.py
[2024-09-18T11:59:11.042+0100] {logging_mixin.py:190} INFO - [2024-09-18T11:59:11.042+0100] {dag.py:3229} INFO - Sync 3 DAGs
[2024-09-18T11:59:11.054+0100] {logging_mixin.py:190} INFO - [2024-09-18T11:59:11.054+0100] {dag.py:4156} INFO - Setting next_dagrun for example_subdag_operator to 2022-01-01 00:00:00+00:00, run_after=2022-01-01 00:00:00+00:00
[2024-09-18T11:59:11.055+0100] {logging_mixin.py:190} INFO - [2024-09-18T11:59:11.055+0100] {dag.py:4156} INFO - Setting next_dagrun for example_subdag_operator.section-1 to None, run_after=None
[2024-09-18T11:59:11.056+0100] {logging_mixin.py:190} INFO - [2024-09-18T11:59:11.056+0100] {dag.py:4156} INFO - Setting next_dagrun for example_subdag_operator.section-2 to None, run_after=None
[2024-09-18T11:59:11.058+0100] {logging_mixin.py:190} INFO - [2024-09-18T11:59:11.058+0100] {dag.py:3229} INFO - Sync 2 DAGs
[2024-09-18T11:59:11.060+0100] {logging_mixin.py:190} INFO - [2024-09-18T11:59:11.060+0100] {dag.py:4156} INFO - Setting next_dagrun for example_subdag_operator.section-1 to None, run_after=None
[2024-09-18T11:59:11.060+0100] {logging_mixin.py:190} INFO - [2024-09-18T11:59:11.060+0100] {dag.py:4156} INFO - Setting next_dagrun for example_subdag_operator.section-2 to None, run_after=None
[2024-09-18T11:59:11.068+0100] {processor.py:208} INFO - Processing /Users/ds2718/Documents/test_python_airflow/airflow/py_venv/lib/python3.12/site-packages/airflow/example_dags/example_subdag_operator.py took 0.277 seconds
[2024-09-18T11:59:44.705+0100] {processor.py:186} INFO - Started process (PID=11232) to work on /Users/ds2718/Documents/test_python_airflow/airflow/py_venv/lib/python3.12/site-packages/airflow/example_dags/example_subdag_operator.py
[2024-09-18T11:59:44.706+0100] {processor.py:914} INFO - Processing file /Users/ds2718/Documents/test_python_airflow/airflow/py_venv/lib/python3.12/site-packages/airflow/example_dags/example_subdag_operator.py for tasks to queue
[2024-09-18T11:59:44.706+0100] {logging_mixin.py:190} INFO - [2024-09-18T11:59:44.706+0100] {dagbag.py:587} INFO - Filling up the DagBag from /Users/ds2718/Documents/test_python_airflow/airflow/py_venv/lib/python3.12/site-packages/airflow/example_dags/example_subdag_operator.py
[2024-09-18T11:59:44.749+0100] {processor.py:925} INFO - DAG(s) 'example_subdag_operator.section-1', 'example_subdag_operator.section-2', 'example_subdag_operator' retrieved from /Users/ds2718/Documents/test_python_airflow/airflow/py_venv/lib/python3.12/site-packages/airflow/example_dags/example_subdag_operator.py
[2024-09-18T11:59:44.973+0100] {logging_mixin.py:190} INFO - [2024-09-18T11:59:44.973+0100] {dag.py:3229} INFO - Sync 3 DAGs
[2024-09-18T11:59:44.986+0100] {logging_mixin.py:190} INFO - [2024-09-18T11:59:44.986+0100] {dag.py:4156} INFO - Setting next_dagrun for example_subdag_operator to 2022-01-01 00:00:00+00:00, run_after=2022-01-01 00:00:00+00:00
[2024-09-18T11:59:44.987+0100] {logging_mixin.py:190} INFO - [2024-09-18T11:59:44.987+0100] {dag.py:4156} INFO - Setting next_dagrun for example_subdag_operator.section-1 to None, run_after=None
[2024-09-18T11:59:44.988+0100] {logging_mixin.py:190} INFO - [2024-09-18T11:59:44.988+0100] {dag.py:4156} INFO - Setting next_dagrun for example_subdag_operator.section-2 to None, run_after=None
[2024-09-18T11:59:44.991+0100] {logging_mixin.py:190} INFO - [2024-09-18T11:59:44.991+0100] {dag.py:3229} INFO - Sync 2 DAGs
[2024-09-18T11:59:44.994+0100] {logging_mixin.py:190} INFO - [2024-09-18T11:59:44.994+0100] {dag.py:4156} INFO - Setting next_dagrun for example_subdag_operator.section-1 to None, run_after=None
[2024-09-18T11:59:44.994+0100] {logging_mixin.py:190} INFO - [2024-09-18T11:59:44.994+0100] {dag.py:4156} INFO - Setting next_dagrun for example_subdag_operator.section-2 to None, run_after=None
[2024-09-18T11:59:45.001+0100] {processor.py:208} INFO - Processing /Users/ds2718/Documents/test_python_airflow/airflow/py_venv/lib/python3.12/site-packages/airflow/example_dags/example_subdag_operator.py took 0.298 seconds
[2024-09-18T12:00:17.050+0100] {processor.py:186} INFO - Started process (PID=11440) to work on /Users/ds2718/Documents/test_python_airflow/airflow/py_venv/lib/python3.12/site-packages/airflow/example_dags/example_subdag_operator.py
[2024-09-18T12:00:17.051+0100] {processor.py:914} INFO - Processing file /Users/ds2718/Documents/test_python_airflow/airflow/py_venv/lib/python3.12/site-packages/airflow/example_dags/example_subdag_operator.py for tasks to queue
[2024-09-18T12:00:17.052+0100] {logging_mixin.py:190} INFO - [2024-09-18T12:00:17.052+0100] {dagbag.py:587} INFO - Filling up the DagBag from /Users/ds2718/Documents/test_python_airflow/airflow/py_venv/lib/python3.12/site-packages/airflow/example_dags/example_subdag_operator.py
[2024-09-18T12:00:17.097+0100] {processor.py:925} INFO - DAG(s) 'example_subdag_operator.section-1', 'example_subdag_operator.section-2', 'example_subdag_operator' retrieved from /Users/ds2718/Documents/test_python_airflow/airflow/py_venv/lib/python3.12/site-packages/airflow/example_dags/example_subdag_operator.py
[2024-09-18T12:00:17.336+0100] {logging_mixin.py:190} INFO - [2024-09-18T12:00:17.336+0100] {dag.py:3229} INFO - Sync 3 DAGs
[2024-09-18T12:00:17.346+0100] {logging_mixin.py:190} INFO - [2024-09-18T12:00:17.346+0100] {dag.py:4156} INFO - Setting next_dagrun for example_subdag_operator to 2022-01-01 00:00:00+00:00, run_after=2022-01-01 00:00:00+00:00
[2024-09-18T12:00:17.347+0100] {logging_mixin.py:190} INFO - [2024-09-18T12:00:17.347+0100] {dag.py:4156} INFO - Setting next_dagrun for example_subdag_operator.section-1 to None, run_after=None
[2024-09-18T12:00:17.348+0100] {logging_mixin.py:190} INFO - [2024-09-18T12:00:17.348+0100] {dag.py:4156} INFO - Setting next_dagrun for example_subdag_operator.section-2 to None, run_after=None
[2024-09-18T12:00:17.350+0100] {logging_mixin.py:190} INFO - [2024-09-18T12:00:17.350+0100] {dag.py:3229} INFO - Sync 2 DAGs
[2024-09-18T12:00:17.354+0100] {logging_mixin.py:190} INFO - [2024-09-18T12:00:17.354+0100] {dag.py:4156} INFO - Setting next_dagrun for example_subdag_operator.section-1 to None, run_after=None
[2024-09-18T12:00:17.354+0100] {logging_mixin.py:190} INFO - [2024-09-18T12:00:17.354+0100] {dag.py:4156} INFO - Setting next_dagrun for example_subdag_operator.section-2 to None, run_after=None
[2024-09-18T12:00:17.363+0100] {processor.py:208} INFO - Processing /Users/ds2718/Documents/test_python_airflow/airflow/py_venv/lib/python3.12/site-packages/airflow/example_dags/example_subdag_operator.py took 0.316 seconds
[2024-09-18T12:00:50.330+0100] {processor.py:186} INFO - Started process (PID=11608) to work on /Users/ds2718/Documents/test_python_airflow/airflow/py_venv/lib/python3.12/site-packages/airflow/example_dags/example_subdag_operator.py
[2024-09-18T12:00:50.332+0100] {processor.py:914} INFO - Processing file /Users/ds2718/Documents/test_python_airflow/airflow/py_venv/lib/python3.12/site-packages/airflow/example_dags/example_subdag_operator.py for tasks to queue
[2024-09-18T12:00:50.333+0100] {logging_mixin.py:190} INFO - [2024-09-18T12:00:50.333+0100] {dagbag.py:587} INFO - Filling up the DagBag from /Users/ds2718/Documents/test_python_airflow/airflow/py_venv/lib/python3.12/site-packages/airflow/example_dags/example_subdag_operator.py
[2024-09-18T12:00:50.378+0100] {processor.py:925} INFO - DAG(s) 'example_subdag_operator.section-1', 'example_subdag_operator.section-2', 'example_subdag_operator' retrieved from /Users/ds2718/Documents/test_python_airflow/airflow/py_venv/lib/python3.12/site-packages/airflow/example_dags/example_subdag_operator.py
[2024-09-18T12:00:50.624+0100] {logging_mixin.py:190} INFO - [2024-09-18T12:00:50.624+0100] {dag.py:3229} INFO - Sync 3 DAGs
[2024-09-18T12:00:50.636+0100] {logging_mixin.py:190} INFO - [2024-09-18T12:00:50.636+0100] {dag.py:4156} INFO - Setting next_dagrun for example_subdag_operator to 2022-01-01 00:00:00+00:00, run_after=2022-01-01 00:00:00+00:00
[2024-09-18T12:00:50.637+0100] {logging_mixin.py:190} INFO - [2024-09-18T12:00:50.637+0100] {dag.py:4156} INFO - Setting next_dagrun for example_subdag_operator.section-1 to None, run_after=None
[2024-09-18T12:00:50.638+0100] {logging_mixin.py:190} INFO - [2024-09-18T12:00:50.638+0100] {dag.py:4156} INFO - Setting next_dagrun for example_subdag_operator.section-2 to None, run_after=None
[2024-09-18T12:00:50.640+0100] {logging_mixin.py:190} INFO - [2024-09-18T12:00:50.640+0100] {dag.py:3229} INFO - Sync 2 DAGs
[2024-09-18T12:00:50.642+0100] {logging_mixin.py:190} INFO - [2024-09-18T12:00:50.642+0100] {dag.py:4156} INFO - Setting next_dagrun for example_subdag_operator.section-1 to None, run_after=None
[2024-09-18T12:00:50.642+0100] {logging_mixin.py:190} INFO - [2024-09-18T12:00:50.642+0100] {dag.py:4156} INFO - Setting next_dagrun for example_subdag_operator.section-2 to None, run_after=None
[2024-09-18T12:00:50.645+0100] {processor.py:208} INFO - Processing /Users/ds2718/Documents/test_python_airflow/airflow/py_venv/lib/python3.12/site-packages/airflow/example_dags/example_subdag_operator.py took 0.321 seconds
[2024-09-18T12:01:33.061+0100] {processor.py:186} INFO - Started process (PID=11823) to work on /Users/ds2718/Documents/test_python_airflow/airflow/py_venv/lib/python3.12/site-packages/airflow/example_dags/example_subdag_operator.py
[2024-09-18T12:01:33.062+0100] {processor.py:914} INFO - Processing file /Users/ds2718/Documents/test_python_airflow/airflow/py_venv/lib/python3.12/site-packages/airflow/example_dags/example_subdag_operator.py for tasks to queue
[2024-09-18T12:01:33.062+0100] {logging_mixin.py:190} INFO - [2024-09-18T12:01:33.062+0100] {dagbag.py:587} INFO - Filling up the DagBag from /Users/ds2718/Documents/test_python_airflow/airflow/py_venv/lib/python3.12/site-packages/airflow/example_dags/example_subdag_operator.py
[2024-09-18T12:01:33.110+0100] {processor.py:925} INFO - DAG(s) 'example_subdag_operator.section-1', 'example_subdag_operator.section-2', 'example_subdag_operator' retrieved from /Users/ds2718/Documents/test_python_airflow/airflow/py_venv/lib/python3.12/site-packages/airflow/example_dags/example_subdag_operator.py
[2024-09-18T12:01:33.324+0100] {logging_mixin.py:190} INFO - [2024-09-18T12:01:33.324+0100] {dag.py:3229} INFO - Sync 3 DAGs
[2024-09-18T12:01:33.336+0100] {logging_mixin.py:190} INFO - [2024-09-18T12:01:33.336+0100] {dag.py:4156} INFO - Setting next_dagrun for example_subdag_operator to 2022-01-01 00:00:00+00:00, run_after=2022-01-01 00:00:00+00:00
[2024-09-18T12:01:33.337+0100] {logging_mixin.py:190} INFO - [2024-09-18T12:01:33.337+0100] {dag.py:4156} INFO - Setting next_dagrun for example_subdag_operator.section-1 to None, run_after=None
[2024-09-18T12:01:33.338+0100] {logging_mixin.py:190} INFO - [2024-09-18T12:01:33.338+0100] {dag.py:4156} INFO - Setting next_dagrun for example_subdag_operator.section-2 to None, run_after=None
[2024-09-18T12:01:33.341+0100] {logging_mixin.py:190} INFO - [2024-09-18T12:01:33.341+0100] {dag.py:3229} INFO - Sync 2 DAGs
[2024-09-18T12:01:33.344+0100] {logging_mixin.py:190} INFO - [2024-09-18T12:01:33.344+0100] {dag.py:4156} INFO - Setting next_dagrun for example_subdag_operator.section-1 to None, run_after=None
[2024-09-18T12:01:33.344+0100] {logging_mixin.py:190} INFO - [2024-09-18T12:01:33.344+0100] {dag.py:4156} INFO - Setting next_dagrun for example_subdag_operator.section-2 to None, run_after=None
[2024-09-18T12:01:33.350+0100] {processor.py:208} INFO - Processing /Users/ds2718/Documents/test_python_airflow/airflow/py_venv/lib/python3.12/site-packages/airflow/example_dags/example_subdag_operator.py took 0.294 seconds
[2024-09-18T12:06:30.062+0100] {processor.py:186} INFO - Started process (PID=12012) to work on /Users/ds2718/Documents/test_python_airflow/airflow/py_venv/lib/python3.12/site-packages/airflow/example_dags/example_subdag_operator.py
[2024-09-18T12:06:30.063+0100] {processor.py:914} INFO - Processing file /Users/ds2718/Documents/test_python_airflow/airflow/py_venv/lib/python3.12/site-packages/airflow/example_dags/example_subdag_operator.py for tasks to queue
[2024-09-18T12:06:30.064+0100] {logging_mixin.py:190} INFO - [2024-09-18T12:06:30.064+0100] {dagbag.py:587} INFO - Filling up the DagBag from /Users/ds2718/Documents/test_python_airflow/airflow/py_venv/lib/python3.12/site-packages/airflow/example_dags/example_subdag_operator.py
[2024-09-18T12:06:30.111+0100] {processor.py:925} INFO - DAG(s) 'example_subdag_operator.section-1', 'example_subdag_operator.section-2', 'example_subdag_operator' retrieved from /Users/ds2718/Documents/test_python_airflow/airflow/py_venv/lib/python3.12/site-packages/airflow/example_dags/example_subdag_operator.py
[2024-09-18T12:06:30.350+0100] {logging_mixin.py:190} INFO - [2024-09-18T12:06:30.349+0100] {dag.py:3229} INFO - Sync 3 DAGs
[2024-09-18T12:06:30.360+0100] {logging_mixin.py:190} INFO - [2024-09-18T12:06:30.360+0100] {dag.py:4156} INFO - Setting next_dagrun for example_subdag_operator to 2022-01-01 00:00:00+00:00, run_after=2022-01-01 00:00:00+00:00
[2024-09-18T12:06:30.362+0100] {logging_mixin.py:190} INFO - [2024-09-18T12:06:30.362+0100] {dag.py:4156} INFO - Setting next_dagrun for example_subdag_operator.section-1 to None, run_after=None
[2024-09-18T12:06:30.362+0100] {logging_mixin.py:190} INFO - [2024-09-18T12:06:30.362+0100] {dag.py:4156} INFO - Setting next_dagrun for example_subdag_operator.section-2 to None, run_after=None
[2024-09-18T12:06:30.365+0100] {logging_mixin.py:190} INFO - [2024-09-18T12:06:30.365+0100] {dag.py:3229} INFO - Sync 2 DAGs
[2024-09-18T12:06:30.370+0100] {logging_mixin.py:190} INFO - [2024-09-18T12:06:30.370+0100] {dag.py:4156} INFO - Setting next_dagrun for example_subdag_operator.section-1 to None, run_after=None
[2024-09-18T12:06:30.370+0100] {logging_mixin.py:190} INFO - [2024-09-18T12:06:30.370+0100] {dag.py:4156} INFO - Setting next_dagrun for example_subdag_operator.section-2 to None, run_after=None
[2024-09-18T12:06:30.381+0100] {processor.py:208} INFO - Processing /Users/ds2718/Documents/test_python_airflow/airflow/py_venv/lib/python3.12/site-packages/airflow/example_dags/example_subdag_operator.py took 0.326 seconds
[2024-09-18T12:07:04.546+0100] {processor.py:186} INFO - Started process (PID=12162) to work on /Users/ds2718/Documents/test_python_airflow/airflow/py_venv/lib/python3.12/site-packages/airflow/example_dags/example_subdag_operator.py
[2024-09-18T12:07:04.547+0100] {processor.py:914} INFO - Processing file /Users/ds2718/Documents/test_python_airflow/airflow/py_venv/lib/python3.12/site-packages/airflow/example_dags/example_subdag_operator.py for tasks to queue
[2024-09-18T12:07:04.547+0100] {logging_mixin.py:190} INFO - [2024-09-18T12:07:04.547+0100] {dagbag.py:587} INFO - Filling up the DagBag from /Users/ds2718/Documents/test_python_airflow/airflow/py_venv/lib/python3.12/site-packages/airflow/example_dags/example_subdag_operator.py
[2024-09-18T12:07:04.603+0100] {processor.py:925} INFO - DAG(s) 'example_subdag_operator.section-1', 'example_subdag_operator.section-2', 'example_subdag_operator' retrieved from /Users/ds2718/Documents/test_python_airflow/airflow/py_venv/lib/python3.12/site-packages/airflow/example_dags/example_subdag_operator.py
[2024-09-18T12:07:04.837+0100] {logging_mixin.py:190} INFO - [2024-09-18T12:07:04.837+0100] {dag.py:3229} INFO - Sync 3 DAGs
[2024-09-18T12:07:04.848+0100] {logging_mixin.py:190} INFO - [2024-09-18T12:07:04.848+0100] {dag.py:4156} INFO - Setting next_dagrun for example_subdag_operator to 2022-01-01 00:00:00+00:00, run_after=2022-01-01 00:00:00+00:00
[2024-09-18T12:07:04.849+0100] {logging_mixin.py:190} INFO - [2024-09-18T12:07:04.849+0100] {dag.py:4156} INFO - Setting next_dagrun for example_subdag_operator.section-1 to None, run_after=None
[2024-09-18T12:07:04.850+0100] {logging_mixin.py:190} INFO - [2024-09-18T12:07:04.850+0100] {dag.py:4156} INFO - Setting next_dagrun for example_subdag_operator.section-2 to None, run_after=None
[2024-09-18T12:07:04.852+0100] {logging_mixin.py:190} INFO - [2024-09-18T12:07:04.852+0100] {dag.py:3229} INFO - Sync 2 DAGs
[2024-09-18T12:07:04.855+0100] {logging_mixin.py:190} INFO - [2024-09-18T12:07:04.855+0100] {dag.py:4156} INFO - Setting next_dagrun for example_subdag_operator.section-1 to None, run_after=None
[2024-09-18T12:07:04.855+0100] {logging_mixin.py:190} INFO - [2024-09-18T12:07:04.855+0100] {dag.py:4156} INFO - Setting next_dagrun for example_subdag_operator.section-2 to None, run_after=None
[2024-09-18T12:07:04.866+0100] {processor.py:208} INFO - Processing /Users/ds2718/Documents/test_python_airflow/airflow/py_venv/lib/python3.12/site-packages/airflow/example_dags/example_subdag_operator.py took 0.322 seconds
[2024-09-18T12:07:40.543+0100] {processor.py:186} INFO - Started process (PID=12360) to work on /Users/ds2718/Documents/test_python_airflow/airflow/py_venv/lib/python3.12/site-packages/airflow/example_dags/example_subdag_operator.py
[2024-09-18T12:07:40.546+0100] {processor.py:914} INFO - Processing file /Users/ds2718/Documents/test_python_airflow/airflow/py_venv/lib/python3.12/site-packages/airflow/example_dags/example_subdag_operator.py for tasks to queue
[2024-09-18T12:07:40.546+0100] {logging_mixin.py:190} INFO - [2024-09-18T12:07:40.546+0100] {dagbag.py:587} INFO - Filling up the DagBag from /Users/ds2718/Documents/test_python_airflow/airflow/py_venv/lib/python3.12/site-packages/airflow/example_dags/example_subdag_operator.py
[2024-09-18T12:07:40.613+0100] {processor.py:925} INFO - DAG(s) 'example_subdag_operator.section-1', 'example_subdag_operator.section-2', 'example_subdag_operator' retrieved from /Users/ds2718/Documents/test_python_airflow/airflow/py_venv/lib/python3.12/site-packages/airflow/example_dags/example_subdag_operator.py
[2024-09-18T12:07:40.905+0100] {logging_mixin.py:190} INFO - [2024-09-18T12:07:40.905+0100] {dag.py:3229} INFO - Sync 3 DAGs
[2024-09-18T12:07:40.916+0100] {logging_mixin.py:190} INFO - [2024-09-18T12:07:40.915+0100] {dag.py:4156} INFO - Setting next_dagrun for example_subdag_operator to 2022-01-01 00:00:00+00:00, run_after=2022-01-01 00:00:00+00:00
[2024-09-18T12:07:40.917+0100] {logging_mixin.py:190} INFO - [2024-09-18T12:07:40.917+0100] {dag.py:4156} INFO - Setting next_dagrun for example_subdag_operator.section-1 to None, run_after=None
[2024-09-18T12:07:40.917+0100] {logging_mixin.py:190} INFO - [2024-09-18T12:07:40.917+0100] {dag.py:4156} INFO - Setting next_dagrun for example_subdag_operator.section-2 to None, run_after=None
[2024-09-18T12:07:40.920+0100] {logging_mixin.py:190} INFO - [2024-09-18T12:07:40.920+0100] {dag.py:3229} INFO - Sync 2 DAGs
[2024-09-18T12:07:40.923+0100] {logging_mixin.py:190} INFO - [2024-09-18T12:07:40.923+0100] {dag.py:4156} INFO - Setting next_dagrun for example_subdag_operator.section-1 to None, run_after=None
[2024-09-18T12:07:40.923+0100] {logging_mixin.py:190} INFO - [2024-09-18T12:07:40.923+0100] {dag.py:4156} INFO - Setting next_dagrun for example_subdag_operator.section-2 to None, run_after=None
[2024-09-18T12:07:40.928+0100] {processor.py:208} INFO - Processing /Users/ds2718/Documents/test_python_airflow/airflow/py_venv/lib/python3.12/site-packages/airflow/example_dags/example_subdag_operator.py took 0.391 seconds
[2024-09-18T12:08:25.749+0100] {processor.py:186} INFO - Started process (PID=12513) to work on /Users/ds2718/Documents/test_python_airflow/airflow/py_venv/lib/python3.12/site-packages/airflow/example_dags/example_subdag_operator.py
[2024-09-18T12:08:25.749+0100] {processor.py:914} INFO - Processing file /Users/ds2718/Documents/test_python_airflow/airflow/py_venv/lib/python3.12/site-packages/airflow/example_dags/example_subdag_operator.py for tasks to queue
[2024-09-18T12:08:25.750+0100] {logging_mixin.py:190} INFO - [2024-09-18T12:08:25.750+0100] {dagbag.py:587} INFO - Filling up the DagBag from /Users/ds2718/Documents/test_python_airflow/airflow/py_venv/lib/python3.12/site-packages/airflow/example_dags/example_subdag_operator.py
[2024-09-18T12:08:25.826+0100] {processor.py:925} INFO - DAG(s) 'example_subdag_operator.section-1', 'example_subdag_operator.section-2', 'example_subdag_operator' retrieved from /Users/ds2718/Documents/test_python_airflow/airflow/py_venv/lib/python3.12/site-packages/airflow/example_dags/example_subdag_operator.py
[2024-09-18T12:08:26.163+0100] {logging_mixin.py:190} INFO - [2024-09-18T12:08:26.163+0100] {dag.py:3229} INFO - Sync 3 DAGs
[2024-09-18T12:08:26.173+0100] {logging_mixin.py:190} INFO - [2024-09-18T12:08:26.173+0100] {dag.py:4156} INFO - Setting next_dagrun for example_subdag_operator to 2022-01-01 00:00:00+00:00, run_after=2022-01-01 00:00:00+00:00
[2024-09-18T12:08:26.175+0100] {logging_mixin.py:190} INFO - [2024-09-18T12:08:26.175+0100] {dag.py:4156} INFO - Setting next_dagrun for example_subdag_operator.section-1 to None, run_after=None
[2024-09-18T12:08:26.175+0100] {logging_mixin.py:190} INFO - [2024-09-18T12:08:26.175+0100] {dag.py:4156} INFO - Setting next_dagrun for example_subdag_operator.section-2 to None, run_after=None
[2024-09-18T12:08:26.178+0100] {logging_mixin.py:190} INFO - [2024-09-18T12:08:26.178+0100] {dag.py:3229} INFO - Sync 2 DAGs
[2024-09-18T12:08:26.182+0100] {logging_mixin.py:190} INFO - [2024-09-18T12:08:26.182+0100] {dag.py:4156} INFO - Setting next_dagrun for example_subdag_operator.section-1 to None, run_after=None
[2024-09-18T12:08:26.182+0100] {logging_mixin.py:190} INFO - [2024-09-18T12:08:26.182+0100] {dag.py:4156} INFO - Setting next_dagrun for example_subdag_operator.section-2 to None, run_after=None
[2024-09-18T12:08:26.189+0100] {processor.py:208} INFO - Processing /Users/ds2718/Documents/test_python_airflow/airflow/py_venv/lib/python3.12/site-packages/airflow/example_dags/example_subdag_operator.py took 0.449 seconds
[2024-09-18T12:08:59.404+0100] {processor.py:186} INFO - Started process (PID=12712) to work on /Users/ds2718/Documents/test_python_airflow/airflow/py_venv/lib/python3.12/site-packages/airflow/example_dags/example_subdag_operator.py
[2024-09-18T12:08:59.405+0100] {processor.py:914} INFO - Processing file /Users/ds2718/Documents/test_python_airflow/airflow/py_venv/lib/python3.12/site-packages/airflow/example_dags/example_subdag_operator.py for tasks to queue
[2024-09-18T12:08:59.405+0100] {logging_mixin.py:190} INFO - [2024-09-18T12:08:59.405+0100] {dagbag.py:587} INFO - Filling up the DagBag from /Users/ds2718/Documents/test_python_airflow/airflow/py_venv/lib/python3.12/site-packages/airflow/example_dags/example_subdag_operator.py
[2024-09-18T12:08:59.464+0100] {processor.py:925} INFO - DAG(s) 'example_subdag_operator.section-1', 'example_subdag_operator.section-2', 'example_subdag_operator' retrieved from /Users/ds2718/Documents/test_python_airflow/airflow/py_venv/lib/python3.12/site-packages/airflow/example_dags/example_subdag_operator.py
[2024-09-18T12:08:59.720+0100] {logging_mixin.py:190} INFO - [2024-09-18T12:08:59.719+0100] {dag.py:3229} INFO - Sync 3 DAGs
[2024-09-18T12:08:59.731+0100] {logging_mixin.py:190} INFO - [2024-09-18T12:08:59.731+0100] {dag.py:4156} INFO - Setting next_dagrun for example_subdag_operator to 2022-01-01 00:00:00+00:00, run_after=2022-01-01 00:00:00+00:00
[2024-09-18T12:08:59.733+0100] {logging_mixin.py:190} INFO - [2024-09-18T12:08:59.733+0100] {dag.py:4156} INFO - Setting next_dagrun for example_subdag_operator.section-1 to None, run_after=None
[2024-09-18T12:08:59.734+0100] {logging_mixin.py:190} INFO - [2024-09-18T12:08:59.733+0100] {dag.py:4156} INFO - Setting next_dagrun for example_subdag_operator.section-2 to None, run_after=None
[2024-09-18T12:08:59.737+0100] {logging_mixin.py:190} INFO - [2024-09-18T12:08:59.737+0100] {dag.py:3229} INFO - Sync 2 DAGs
[2024-09-18T12:08:59.741+0100] {logging_mixin.py:190} INFO - [2024-09-18T12:08:59.741+0100] {dag.py:4156} INFO - Setting next_dagrun for example_subdag_operator.section-1 to None, run_after=None
[2024-09-18T12:08:59.741+0100] {logging_mixin.py:190} INFO - [2024-09-18T12:08:59.741+0100] {dag.py:4156} INFO - Setting next_dagrun for example_subdag_operator.section-2 to None, run_after=None
[2024-09-18T12:08:59.753+0100] {processor.py:208} INFO - Processing /Users/ds2718/Documents/test_python_airflow/airflow/py_venv/lib/python3.12/site-packages/airflow/example_dags/example_subdag_operator.py took 0.357 seconds
[2024-09-18T12:09:34.349+0100] {processor.py:186} INFO - Started process (PID=12875) to work on /Users/ds2718/Documents/test_python_airflow/airflow/py_venv/lib/python3.12/site-packages/airflow/example_dags/example_subdag_operator.py
[2024-09-18T12:09:34.350+0100] {processor.py:914} INFO - Processing file /Users/ds2718/Documents/test_python_airflow/airflow/py_venv/lib/python3.12/site-packages/airflow/example_dags/example_subdag_operator.py for tasks to queue
[2024-09-18T12:09:34.350+0100] {logging_mixin.py:190} INFO - [2024-09-18T12:09:34.350+0100] {dagbag.py:587} INFO - Filling up the DagBag from /Users/ds2718/Documents/test_python_airflow/airflow/py_venv/lib/python3.12/site-packages/airflow/example_dags/example_subdag_operator.py
[2024-09-18T12:09:34.390+0100] {processor.py:925} INFO - DAG(s) 'example_subdag_operator.section-1', 'example_subdag_operator.section-2', 'example_subdag_operator' retrieved from /Users/ds2718/Documents/test_python_airflow/airflow/py_venv/lib/python3.12/site-packages/airflow/example_dags/example_subdag_operator.py
[2024-09-18T12:09:34.672+0100] {logging_mixin.py:190} INFO - [2024-09-18T12:09:34.671+0100] {dag.py:3229} INFO - Sync 3 DAGs
[2024-09-18T12:09:34.683+0100] {logging_mixin.py:190} INFO - [2024-09-18T12:09:34.683+0100] {dag.py:4156} INFO - Setting next_dagrun for example_subdag_operator to 2022-01-01 00:00:00+00:00, run_after=2022-01-01 00:00:00+00:00
[2024-09-18T12:09:34.684+0100] {logging_mixin.py:190} INFO - [2024-09-18T12:09:34.684+0100] {dag.py:4156} INFO - Setting next_dagrun for example_subdag_operator.section-1 to None, run_after=None
[2024-09-18T12:09:34.685+0100] {logging_mixin.py:190} INFO - [2024-09-18T12:09:34.685+0100] {dag.py:4156} INFO - Setting next_dagrun for example_subdag_operator.section-2 to None, run_after=None
[2024-09-18T12:09:34.687+0100] {logging_mixin.py:190} INFO - [2024-09-18T12:09:34.687+0100] {dag.py:3229} INFO - Sync 2 DAGs
[2024-09-18T12:09:34.702+0100] {logging_mixin.py:190} INFO - [2024-09-18T12:09:34.702+0100] {dag.py:4156} INFO - Setting next_dagrun for example_subdag_operator.section-1 to None, run_after=None
[2024-09-18T12:09:34.703+0100] {logging_mixin.py:190} INFO - [2024-09-18T12:09:34.703+0100] {dag.py:4156} INFO - Setting next_dagrun for example_subdag_operator.section-2 to None, run_after=None
[2024-09-18T12:09:34.717+0100] {processor.py:208} INFO - Processing /Users/ds2718/Documents/test_python_airflow/airflow/py_venv/lib/python3.12/site-packages/airflow/example_dags/example_subdag_operator.py took 0.374 seconds
[2024-09-18T12:10:07.217+0100] {processor.py:186} INFO - Started process (PID=13059) to work on /Users/ds2718/Documents/test_python_airflow/airflow/py_venv/lib/python3.12/site-packages/airflow/example_dags/example_subdag_operator.py
[2024-09-18T12:10:07.217+0100] {processor.py:914} INFO - Processing file /Users/ds2718/Documents/test_python_airflow/airflow/py_venv/lib/python3.12/site-packages/airflow/example_dags/example_subdag_operator.py for tasks to queue
[2024-09-18T12:10:07.218+0100] {logging_mixin.py:190} INFO - [2024-09-18T12:10:07.218+0100] {dagbag.py:587} INFO - Filling up the DagBag from /Users/ds2718/Documents/test_python_airflow/airflow/py_venv/lib/python3.12/site-packages/airflow/example_dags/example_subdag_operator.py
[2024-09-18T12:10:07.260+0100] {processor.py:925} INFO - DAG(s) 'example_subdag_operator.section-1', 'example_subdag_operator.section-2', 'example_subdag_operator' retrieved from /Users/ds2718/Documents/test_python_airflow/airflow/py_venv/lib/python3.12/site-packages/airflow/example_dags/example_subdag_operator.py
[2024-09-18T12:10:07.493+0100] {logging_mixin.py:190} INFO - [2024-09-18T12:10:07.493+0100] {dag.py:3229} INFO - Sync 3 DAGs
[2024-09-18T12:10:07.503+0100] {logging_mixin.py:190} INFO - [2024-09-18T12:10:07.503+0100] {dag.py:4156} INFO - Setting next_dagrun for example_subdag_operator to 2022-01-01 00:00:00+00:00, run_after=2022-01-01 00:00:00+00:00
[2024-09-18T12:10:07.504+0100] {logging_mixin.py:190} INFO - [2024-09-18T12:10:07.504+0100] {dag.py:4156} INFO - Setting next_dagrun for example_subdag_operator.section-1 to None, run_after=None
[2024-09-18T12:10:07.504+0100] {logging_mixin.py:190} INFO - [2024-09-18T12:10:07.504+0100] {dag.py:4156} INFO - Setting next_dagrun for example_subdag_operator.section-2 to None, run_after=None
[2024-09-18T12:10:07.507+0100] {logging_mixin.py:190} INFO - [2024-09-18T12:10:07.507+0100] {dag.py:3229} INFO - Sync 2 DAGs
[2024-09-18T12:10:07.509+0100] {logging_mixin.py:190} INFO - [2024-09-18T12:10:07.509+0100] {dag.py:4156} INFO - Setting next_dagrun for example_subdag_operator.section-1 to None, run_after=None
[2024-09-18T12:10:07.509+0100] {logging_mixin.py:190} INFO - [2024-09-18T12:10:07.509+0100] {dag.py:4156} INFO - Setting next_dagrun for example_subdag_operator.section-2 to None, run_after=None
[2024-09-18T12:10:07.517+0100] {processor.py:208} INFO - Processing /Users/ds2718/Documents/test_python_airflow/airflow/py_venv/lib/python3.12/site-packages/airflow/example_dags/example_subdag_operator.py took 0.306 seconds
[2024-09-18T12:10:41.289+0100] {processor.py:186} INFO - Started process (PID=13203) to work on /Users/ds2718/Documents/test_python_airflow/airflow/py_venv/lib/python3.12/site-packages/airflow/example_dags/example_subdag_operator.py
[2024-09-18T12:10:41.290+0100] {processor.py:914} INFO - Processing file /Users/ds2718/Documents/test_python_airflow/airflow/py_venv/lib/python3.12/site-packages/airflow/example_dags/example_subdag_operator.py for tasks to queue
[2024-09-18T12:10:41.290+0100] {logging_mixin.py:190} INFO - [2024-09-18T12:10:41.290+0100] {dagbag.py:587} INFO - Filling up the DagBag from /Users/ds2718/Documents/test_python_airflow/airflow/py_venv/lib/python3.12/site-packages/airflow/example_dags/example_subdag_operator.py
[2024-09-18T12:10:41.337+0100] {processor.py:925} INFO - DAG(s) 'example_subdag_operator.section-1', 'example_subdag_operator.section-2', 'example_subdag_operator' retrieved from /Users/ds2718/Documents/test_python_airflow/airflow/py_venv/lib/python3.12/site-packages/airflow/example_dags/example_subdag_operator.py
[2024-09-18T12:10:41.599+0100] {logging_mixin.py:190} INFO - [2024-09-18T12:10:41.599+0100] {dag.py:3229} INFO - Sync 3 DAGs
[2024-09-18T12:10:41.612+0100] {logging_mixin.py:190} INFO - [2024-09-18T12:10:41.612+0100] {dag.py:4156} INFO - Setting next_dagrun for example_subdag_operator to 2022-01-01 00:00:00+00:00, run_after=2022-01-01 00:00:00+00:00
[2024-09-18T12:10:41.613+0100] {logging_mixin.py:190} INFO - [2024-09-18T12:10:41.613+0100] {dag.py:4156} INFO - Setting next_dagrun for example_subdag_operator.section-1 to None, run_after=None
[2024-09-18T12:10:41.614+0100] {logging_mixin.py:190} INFO - [2024-09-18T12:10:41.614+0100] {dag.py:4156} INFO - Setting next_dagrun for example_subdag_operator.section-2 to None, run_after=None
[2024-09-18T12:10:41.617+0100] {logging_mixin.py:190} INFO - [2024-09-18T12:10:41.617+0100] {dag.py:3229} INFO - Sync 2 DAGs
[2024-09-18T12:10:41.619+0100] {logging_mixin.py:190} INFO - [2024-09-18T12:10:41.619+0100] {dag.py:4156} INFO - Setting next_dagrun for example_subdag_operator.section-1 to None, run_after=None
[2024-09-18T12:10:41.619+0100] {logging_mixin.py:190} INFO - [2024-09-18T12:10:41.619+0100] {dag.py:4156} INFO - Setting next_dagrun for example_subdag_operator.section-2 to None, run_after=None
[2024-09-18T12:10:41.625+0100] {processor.py:208} INFO - Processing /Users/ds2718/Documents/test_python_airflow/airflow/py_venv/lib/python3.12/site-packages/airflow/example_dags/example_subdag_operator.py took 0.342 seconds
[2024-09-18T12:11:14.371+0100] {processor.py:186} INFO - Started process (PID=13364) to work on /Users/ds2718/Documents/test_python_airflow/airflow/py_venv/lib/python3.12/site-packages/airflow/example_dags/example_subdag_operator.py
[2024-09-18T12:11:14.372+0100] {processor.py:914} INFO - Processing file /Users/ds2718/Documents/test_python_airflow/airflow/py_venv/lib/python3.12/site-packages/airflow/example_dags/example_subdag_operator.py for tasks to queue
[2024-09-18T12:11:14.372+0100] {logging_mixin.py:190} INFO - [2024-09-18T12:11:14.372+0100] {dagbag.py:587} INFO - Filling up the DagBag from /Users/ds2718/Documents/test_python_airflow/airflow/py_venv/lib/python3.12/site-packages/airflow/example_dags/example_subdag_operator.py
[2024-09-18T12:11:14.416+0100] {processor.py:925} INFO - DAG(s) 'example_subdag_operator.section-1', 'example_subdag_operator.section-2', 'example_subdag_operator' retrieved from /Users/ds2718/Documents/test_python_airflow/airflow/py_venv/lib/python3.12/site-packages/airflow/example_dags/example_subdag_operator.py
[2024-09-18T12:11:14.656+0100] {logging_mixin.py:190} INFO - [2024-09-18T12:11:14.656+0100] {dag.py:3229} INFO - Sync 3 DAGs
[2024-09-18T12:11:14.669+0100] {logging_mixin.py:190} INFO - [2024-09-18T12:11:14.669+0100] {dag.py:4156} INFO - Setting next_dagrun for example_subdag_operator to 2022-01-01 00:00:00+00:00, run_after=2022-01-01 00:00:00+00:00
[2024-09-18T12:11:14.671+0100] {logging_mixin.py:190} INFO - [2024-09-18T12:11:14.671+0100] {dag.py:4156} INFO - Setting next_dagrun for example_subdag_operator.section-1 to None, run_after=None
[2024-09-18T12:11:14.671+0100] {logging_mixin.py:190} INFO - [2024-09-18T12:11:14.671+0100] {dag.py:4156} INFO - Setting next_dagrun for example_subdag_operator.section-2 to None, run_after=None
[2024-09-18T12:11:14.674+0100] {logging_mixin.py:190} INFO - [2024-09-18T12:11:14.674+0100] {dag.py:3229} INFO - Sync 2 DAGs
[2024-09-18T12:11:14.678+0100] {logging_mixin.py:190} INFO - [2024-09-18T12:11:14.678+0100] {dag.py:4156} INFO - Setting next_dagrun for example_subdag_operator.section-1 to None, run_after=None
[2024-09-18T12:11:14.678+0100] {logging_mixin.py:190} INFO - [2024-09-18T12:11:14.678+0100] {dag.py:4156} INFO - Setting next_dagrun for example_subdag_operator.section-2 to None, run_after=None
[2024-09-18T12:11:14.689+0100] {processor.py:208} INFO - Processing /Users/ds2718/Documents/test_python_airflow/airflow/py_venv/lib/python3.12/site-packages/airflow/example_dags/example_subdag_operator.py took 0.320 seconds
[2024-09-18T12:11:46.614+0100] {processor.py:186} INFO - Started process (PID=13505) to work on /Users/ds2718/Documents/test_python_airflow/airflow/py_venv/lib/python3.12/site-packages/airflow/example_dags/example_subdag_operator.py
[2024-09-18T12:11:46.614+0100] {processor.py:914} INFO - Processing file /Users/ds2718/Documents/test_python_airflow/airflow/py_venv/lib/python3.12/site-packages/airflow/example_dags/example_subdag_operator.py for tasks to queue
[2024-09-18T12:11:46.615+0100] {logging_mixin.py:190} INFO - [2024-09-18T12:11:46.615+0100] {dagbag.py:587} INFO - Filling up the DagBag from /Users/ds2718/Documents/test_python_airflow/airflow/py_venv/lib/python3.12/site-packages/airflow/example_dags/example_subdag_operator.py
[2024-09-18T12:11:46.671+0100] {processor.py:925} INFO - DAG(s) 'example_subdag_operator.section-1', 'example_subdag_operator.section-2', 'example_subdag_operator' retrieved from /Users/ds2718/Documents/test_python_airflow/airflow/py_venv/lib/python3.12/site-packages/airflow/example_dags/example_subdag_operator.py
[2024-09-18T12:11:46.928+0100] {logging_mixin.py:190} INFO - [2024-09-18T12:11:46.928+0100] {dag.py:3229} INFO - Sync 3 DAGs
[2024-09-18T12:11:46.938+0100] {logging_mixin.py:190} INFO - [2024-09-18T12:11:46.937+0100] {dag.py:4156} INFO - Setting next_dagrun for example_subdag_operator to 2022-01-01 00:00:00+00:00, run_after=2022-01-01 00:00:00+00:00
[2024-09-18T12:11:46.939+0100] {logging_mixin.py:190} INFO - [2024-09-18T12:11:46.939+0100] {dag.py:4156} INFO - Setting next_dagrun for example_subdag_operator.section-1 to None, run_after=None
[2024-09-18T12:11:46.939+0100] {logging_mixin.py:190} INFO - [2024-09-18T12:11:46.939+0100] {dag.py:4156} INFO - Setting next_dagrun for example_subdag_operator.section-2 to None, run_after=None
[2024-09-18T12:11:46.942+0100] {logging_mixin.py:190} INFO - [2024-09-18T12:11:46.942+0100] {dag.py:3229} INFO - Sync 2 DAGs
[2024-09-18T12:11:46.944+0100] {logging_mixin.py:190} INFO - [2024-09-18T12:11:46.944+0100] {dag.py:4156} INFO - Setting next_dagrun for example_subdag_operator.section-1 to None, run_after=None
[2024-09-18T12:11:46.945+0100] {logging_mixin.py:190} INFO - [2024-09-18T12:11:46.944+0100] {dag.py:4156} INFO - Setting next_dagrun for example_subdag_operator.section-2 to None, run_after=None
[2024-09-18T12:11:46.949+0100] {processor.py:208} INFO - Processing /Users/ds2718/Documents/test_python_airflow/airflow/py_venv/lib/python3.12/site-packages/airflow/example_dags/example_subdag_operator.py took 0.342 seconds
[2024-09-18T12:12:21.088+0100] {processor.py:186} INFO - Started process (PID=13665) to work on /Users/ds2718/Documents/test_python_airflow/airflow/py_venv/lib/python3.12/site-packages/airflow/example_dags/example_subdag_operator.py
[2024-09-18T12:12:21.089+0100] {processor.py:914} INFO - Processing file /Users/ds2718/Documents/test_python_airflow/airflow/py_venv/lib/python3.12/site-packages/airflow/example_dags/example_subdag_operator.py for tasks to queue
[2024-09-18T12:12:21.090+0100] {logging_mixin.py:190} INFO - [2024-09-18T12:12:21.089+0100] {dagbag.py:587} INFO - Filling up the DagBag from /Users/ds2718/Documents/test_python_airflow/airflow/py_venv/lib/python3.12/site-packages/airflow/example_dags/example_subdag_operator.py
[2024-09-18T12:12:21.149+0100] {processor.py:925} INFO - DAG(s) 'example_subdag_operator.section-1', 'example_subdag_operator.section-2', 'example_subdag_operator' retrieved from /Users/ds2718/Documents/test_python_airflow/airflow/py_venv/lib/python3.12/site-packages/airflow/example_dags/example_subdag_operator.py
[2024-09-18T12:12:21.415+0100] {logging_mixin.py:190} INFO - [2024-09-18T12:12:21.415+0100] {dag.py:3229} INFO - Sync 3 DAGs
[2024-09-18T12:12:21.427+0100] {logging_mixin.py:190} INFO - [2024-09-18T12:12:21.426+0100] {dag.py:4156} INFO - Setting next_dagrun for example_subdag_operator to 2022-01-01 00:00:00+00:00, run_after=2022-01-01 00:00:00+00:00
[2024-09-18T12:12:21.428+0100] {logging_mixin.py:190} INFO - [2024-09-18T12:12:21.428+0100] {dag.py:4156} INFO - Setting next_dagrun for example_subdag_operator.section-1 to None, run_after=None
[2024-09-18T12:12:21.429+0100] {logging_mixin.py:190} INFO - [2024-09-18T12:12:21.429+0100] {dag.py:4156} INFO - Setting next_dagrun for example_subdag_operator.section-2 to None, run_after=None
[2024-09-18T12:12:21.431+0100] {logging_mixin.py:190} INFO - [2024-09-18T12:12:21.431+0100] {dag.py:3229} INFO - Sync 2 DAGs
[2024-09-18T12:12:21.434+0100] {logging_mixin.py:190} INFO - [2024-09-18T12:12:21.434+0100] {dag.py:4156} INFO - Setting next_dagrun for example_subdag_operator.section-1 to None, run_after=None
[2024-09-18T12:12:21.434+0100] {logging_mixin.py:190} INFO - [2024-09-18T12:12:21.434+0100] {dag.py:4156} INFO - Setting next_dagrun for example_subdag_operator.section-2 to None, run_after=None
[2024-09-18T12:12:21.444+0100] {processor.py:208} INFO - Processing /Users/ds2718/Documents/test_python_airflow/airflow/py_venv/lib/python3.12/site-packages/airflow/example_dags/example_subdag_operator.py took 0.366 seconds
[2024-09-18T12:12:54.105+0100] {processor.py:186} INFO - Started process (PID=13839) to work on /Users/ds2718/Documents/test_python_airflow/airflow/py_venv/lib/python3.12/site-packages/airflow/example_dags/example_subdag_operator.py
[2024-09-18T12:12:54.106+0100] {processor.py:914} INFO - Processing file /Users/ds2718/Documents/test_python_airflow/airflow/py_venv/lib/python3.12/site-packages/airflow/example_dags/example_subdag_operator.py for tasks to queue
[2024-09-18T12:12:54.106+0100] {logging_mixin.py:190} INFO - [2024-09-18T12:12:54.106+0100] {dagbag.py:587} INFO - Filling up the DagBag from /Users/ds2718/Documents/test_python_airflow/airflow/py_venv/lib/python3.12/site-packages/airflow/example_dags/example_subdag_operator.py
[2024-09-18T12:12:54.149+0100] {processor.py:925} INFO - DAG(s) 'example_subdag_operator.section-1', 'example_subdag_operator.section-2', 'example_subdag_operator' retrieved from /Users/ds2718/Documents/test_python_airflow/airflow/py_venv/lib/python3.12/site-packages/airflow/example_dags/example_subdag_operator.py
[2024-09-18T12:12:54.358+0100] {logging_mixin.py:190} INFO - [2024-09-18T12:12:54.358+0100] {dag.py:3229} INFO - Sync 3 DAGs
[2024-09-18T12:12:54.369+0100] {logging_mixin.py:190} INFO - [2024-09-18T12:12:54.368+0100] {dag.py:4156} INFO - Setting next_dagrun for example_subdag_operator to 2022-01-01 00:00:00+00:00, run_after=2022-01-01 00:00:00+00:00
[2024-09-18T12:12:54.370+0100] {logging_mixin.py:190} INFO - [2024-09-18T12:12:54.370+0100] {dag.py:4156} INFO - Setting next_dagrun for example_subdag_operator.section-1 to None, run_after=None
[2024-09-18T12:12:54.370+0100] {logging_mixin.py:190} INFO - [2024-09-18T12:12:54.370+0100] {dag.py:4156} INFO - Setting next_dagrun for example_subdag_operator.section-2 to None, run_after=None
[2024-09-18T12:12:54.372+0100] {logging_mixin.py:190} INFO - [2024-09-18T12:12:54.372+0100] {dag.py:3229} INFO - Sync 2 DAGs
[2024-09-18T12:12:54.375+0100] {logging_mixin.py:190} INFO - [2024-09-18T12:12:54.375+0100] {dag.py:4156} INFO - Setting next_dagrun for example_subdag_operator.section-1 to None, run_after=None
[2024-09-18T12:12:54.375+0100] {logging_mixin.py:190} INFO - [2024-09-18T12:12:54.375+0100] {dag.py:4156} INFO - Setting next_dagrun for example_subdag_operator.section-2 to None, run_after=None
[2024-09-18T12:12:54.385+0100] {processor.py:208} INFO - Processing /Users/ds2718/Documents/test_python_airflow/airflow/py_venv/lib/python3.12/site-packages/airflow/example_dags/example_subdag_operator.py took 0.282 seconds
[2024-09-18T12:13:29.812+0100] {processor.py:186} INFO - Started process (PID=14006) to work on /Users/ds2718/Documents/test_python_airflow/airflow/py_venv/lib/python3.12/site-packages/airflow/example_dags/example_subdag_operator.py
[2024-09-18T12:13:29.812+0100] {processor.py:914} INFO - Processing file /Users/ds2718/Documents/test_python_airflow/airflow/py_venv/lib/python3.12/site-packages/airflow/example_dags/example_subdag_operator.py for tasks to queue
[2024-09-18T12:13:29.812+0100] {logging_mixin.py:190} INFO - [2024-09-18T12:13:29.812+0100] {dagbag.py:587} INFO - Filling up the DagBag from /Users/ds2718/Documents/test_python_airflow/airflow/py_venv/lib/python3.12/site-packages/airflow/example_dags/example_subdag_operator.py
[2024-09-18T12:13:29.855+0100] {processor.py:925} INFO - DAG(s) 'example_subdag_operator.section-1', 'example_subdag_operator.section-2', 'example_subdag_operator' retrieved from /Users/ds2718/Documents/test_python_airflow/airflow/py_venv/lib/python3.12/site-packages/airflow/example_dags/example_subdag_operator.py
[2024-09-18T12:13:30.052+0100] {logging_mixin.py:190} INFO - [2024-09-18T12:13:30.052+0100] {dag.py:3229} INFO - Sync 3 DAGs
[2024-09-18T12:13:30.064+0100] {logging_mixin.py:190} INFO - [2024-09-18T12:13:30.064+0100] {dag.py:4156} INFO - Setting next_dagrun for example_subdag_operator to 2022-01-01 00:00:00+00:00, run_after=2022-01-01 00:00:00+00:00
[2024-09-18T12:13:30.065+0100] {logging_mixin.py:190} INFO - [2024-09-18T12:13:30.065+0100] {dag.py:4156} INFO - Setting next_dagrun for example_subdag_operator.section-1 to None, run_after=None
[2024-09-18T12:13:30.066+0100] {logging_mixin.py:190} INFO - [2024-09-18T12:13:30.066+0100] {dag.py:4156} INFO - Setting next_dagrun for example_subdag_operator.section-2 to None, run_after=None
[2024-09-18T12:13:30.068+0100] {logging_mixin.py:190} INFO - [2024-09-18T12:13:30.068+0100] {dag.py:3229} INFO - Sync 2 DAGs
[2024-09-18T12:13:30.071+0100] {logging_mixin.py:190} INFO - [2024-09-18T12:13:30.071+0100] {dag.py:4156} INFO - Setting next_dagrun for example_subdag_operator.section-1 to None, run_after=None
[2024-09-18T12:13:30.071+0100] {logging_mixin.py:190} INFO - [2024-09-18T12:13:30.071+0100] {dag.py:4156} INFO - Setting next_dagrun for example_subdag_operator.section-2 to None, run_after=None
[2024-09-18T12:13:30.081+0100] {processor.py:208} INFO - Processing /Users/ds2718/Documents/test_python_airflow/airflow/py_venv/lib/python3.12/site-packages/airflow/example_dags/example_subdag_operator.py took 0.271 seconds
[2024-09-18T12:14:04.534+0100] {processor.py:186} INFO - Started process (PID=14193) to work on /Users/ds2718/Documents/test_python_airflow/airflow/py_venv/lib/python3.12/site-packages/airflow/example_dags/example_subdag_operator.py
[2024-09-18T12:14:04.535+0100] {processor.py:914} INFO - Processing file /Users/ds2718/Documents/test_python_airflow/airflow/py_venv/lib/python3.12/site-packages/airflow/example_dags/example_subdag_operator.py for tasks to queue
[2024-09-18T12:14:04.535+0100] {logging_mixin.py:190} INFO - [2024-09-18T12:14:04.535+0100] {dagbag.py:587} INFO - Filling up the DagBag from /Users/ds2718/Documents/test_python_airflow/airflow/py_venv/lib/python3.12/site-packages/airflow/example_dags/example_subdag_operator.py
[2024-09-18T12:14:04.591+0100] {processor.py:925} INFO - DAG(s) 'example_subdag_operator.section-1', 'example_subdag_operator.section-2', 'example_subdag_operator' retrieved from /Users/ds2718/Documents/test_python_airflow/airflow/py_venv/lib/python3.12/site-packages/airflow/example_dags/example_subdag_operator.py
[2024-09-18T12:14:04.834+0100] {logging_mixin.py:190} INFO - [2024-09-18T12:14:04.833+0100] {dag.py:3229} INFO - Sync 3 DAGs
[2024-09-18T12:14:04.846+0100] {logging_mixin.py:190} INFO - [2024-09-18T12:14:04.845+0100] {dag.py:4156} INFO - Setting next_dagrun for example_subdag_operator to 2022-01-01 00:00:00+00:00, run_after=2022-01-01 00:00:00+00:00
[2024-09-18T12:14:04.847+0100] {logging_mixin.py:190} INFO - [2024-09-18T12:14:04.847+0100] {dag.py:4156} INFO - Setting next_dagrun for example_subdag_operator.section-1 to None, run_after=None
[2024-09-18T12:14:04.847+0100] {logging_mixin.py:190} INFO - [2024-09-18T12:14:04.847+0100] {dag.py:4156} INFO - Setting next_dagrun for example_subdag_operator.section-2 to None, run_after=None
[2024-09-18T12:14:04.850+0100] {logging_mixin.py:190} INFO - [2024-09-18T12:14:04.850+0100] {dag.py:3229} INFO - Sync 2 DAGs
[2024-09-18T12:14:04.853+0100] {logging_mixin.py:190} INFO - [2024-09-18T12:14:04.853+0100] {dag.py:4156} INFO - Setting next_dagrun for example_subdag_operator.section-1 to None, run_after=None
[2024-09-18T12:14:04.853+0100] {logging_mixin.py:190} INFO - [2024-09-18T12:14:04.853+0100] {dag.py:4156} INFO - Setting next_dagrun for example_subdag_operator.section-2 to None, run_after=None
[2024-09-18T12:14:04.859+0100] {processor.py:208} INFO - Processing /Users/ds2718/Documents/test_python_airflow/airflow/py_venv/lib/python3.12/site-packages/airflow/example_dags/example_subdag_operator.py took 0.334 seconds
