[2024-09-18T11:54:06.627+0100] {processor.py:186} INFO - Started process (PID=9455) to work on /Users/ds2718/Documents/test_python_airflow/airflow/py_venv/lib/python3.12/site-packages/airflow/example_dags/example_skip_dag.py
[2024-09-18T11:54:06.628+0100] {processor.py:914} INFO - Processing file /Users/ds2718/Documents/test_python_airflow/airflow/py_venv/lib/python3.12/site-packages/airflow/example_dags/example_skip_dag.py for tasks to queue
[2024-09-18T11:54:06.628+0100] {logging_mixin.py:190} INFO - [2024-09-18T11:54:06.628+0100] {dagbag.py:587} INFO - Filling up the DagBag from /Users/ds2718/Documents/test_python_airflow/airflow/py_venv/lib/python3.12/site-packages/airflow/example_dags/example_skip_dag.py
[2024-09-18T11:54:06.632+0100] {processor.py:925} INFO - DAG(s) 'example_skip_dag' retrieved from /Users/ds2718/Documents/test_python_airflow/airflow/py_venv/lib/python3.12/site-packages/airflow/example_dags/example_skip_dag.py
[2024-09-18T11:54:06.745+0100] {logging_mixin.py:190} INFO - [2024-09-18T11:54:06.745+0100] {override.py:1900} INFO - Created Permission View: can read on DAG:example_skip_dag
[2024-09-18T11:54:06.749+0100] {logging_mixin.py:190} INFO - [2024-09-18T11:54:06.749+0100] {override.py:1900} INFO - Created Permission View: can edit on DAG:example_skip_dag
[2024-09-18T11:54:06.752+0100] {logging_mixin.py:190} INFO - [2024-09-18T11:54:06.752+0100] {override.py:1900} INFO - Created Permission View: can delete on DAG:example_skip_dag
[2024-09-18T11:54:06.754+0100] {logging_mixin.py:190} INFO - [2024-09-18T11:54:06.754+0100] {override.py:1900} INFO - Created Permission View: can read on DAG Run:example_skip_dag
[2024-09-18T11:54:06.757+0100] {logging_mixin.py:190} INFO - [2024-09-18T11:54:06.757+0100] {override.py:1900} INFO - Created Permission View: can delete on DAG Run:example_skip_dag
[2024-09-18T11:54:06.770+0100] {logging_mixin.py:190} INFO - [2024-09-18T11:54:06.770+0100] {override.py:1900} INFO - Created Permission View: menu access on DAG Run:example_skip_dag
[2024-09-18T11:54:06.773+0100] {logging_mixin.py:190} INFO - [2024-09-18T11:54:06.773+0100] {override.py:1900} INFO - Created Permission View: can create on DAG Run:example_skip_dag
[2024-09-18T11:54:06.773+0100] {logging_mixin.py:190} INFO - [2024-09-18T11:54:06.773+0100] {dag.py:3229} INFO - Sync 1 DAGs
[2024-09-18T11:54:06.778+0100] {logging_mixin.py:190} INFO - [2024-09-18T11:54:06.778+0100] {dag.py:3252} INFO - Creating ORM DAG for example_skip_dag
[2024-09-18T11:54:06.783+0100] {logging_mixin.py:190} INFO - [2024-09-18T11:54:06.783+0100] {dag.py:4156} INFO - Setting next_dagrun for example_skip_dag to 2024-09-17 00:00:00+00:00, run_after=2024-09-18 00:00:00+00:00
[2024-09-18T11:54:06.791+0100] {processor.py:208} INFO - Processing /Users/ds2718/Documents/test_python_airflow/airflow/py_venv/lib/python3.12/site-packages/airflow/example_dags/example_skip_dag.py took 0.166 seconds
[2024-09-18T11:54:41.326+0100] {processor.py:186} INFO - Started process (PID=9645) to work on /Users/ds2718/Documents/test_python_airflow/airflow/py_venv/lib/python3.12/site-packages/airflow/example_dags/example_skip_dag.py
[2024-09-18T11:54:41.328+0100] {processor.py:914} INFO - Processing file /Users/ds2718/Documents/test_python_airflow/airflow/py_venv/lib/python3.12/site-packages/airflow/example_dags/example_skip_dag.py for tasks to queue
[2024-09-18T11:54:41.329+0100] {logging_mixin.py:190} INFO - [2024-09-18T11:54:41.329+0100] {dagbag.py:587} INFO - Filling up the DagBag from /Users/ds2718/Documents/test_python_airflow/airflow/py_venv/lib/python3.12/site-packages/airflow/example_dags/example_skip_dag.py
[2024-09-18T11:54:41.338+0100] {processor.py:925} INFO - DAG(s) 'example_skip_dag' retrieved from /Users/ds2718/Documents/test_python_airflow/airflow/py_venv/lib/python3.12/site-packages/airflow/example_dags/example_skip_dag.py
[2024-09-18T11:54:41.389+0100] {logging_mixin.py:190} INFO - [2024-09-18T11:54:41.389+0100] {dag.py:3229} INFO - Sync 1 DAGs
[2024-09-18T11:54:41.399+0100] {logging_mixin.py:190} INFO - [2024-09-18T11:54:41.399+0100] {dag.py:4156} INFO - Setting next_dagrun for example_skip_dag to 2024-09-17 00:00:00+00:00, run_after=2024-09-18 00:00:00+00:00
[2024-09-18T11:54:41.407+0100] {processor.py:208} INFO - Processing /Users/ds2718/Documents/test_python_airflow/airflow/py_venv/lib/python3.12/site-packages/airflow/example_dags/example_skip_dag.py took 0.084 seconds
[2024-09-18T11:55:16.360+0100] {processor.py:186} INFO - Started process (PID=9824) to work on /Users/ds2718/Documents/test_python_airflow/airflow/py_venv/lib/python3.12/site-packages/airflow/example_dags/example_skip_dag.py
[2024-09-18T11:55:16.360+0100] {processor.py:914} INFO - Processing file /Users/ds2718/Documents/test_python_airflow/airflow/py_venv/lib/python3.12/site-packages/airflow/example_dags/example_skip_dag.py for tasks to queue
[2024-09-18T11:55:16.361+0100] {logging_mixin.py:190} INFO - [2024-09-18T11:55:16.360+0100] {dagbag.py:587} INFO - Filling up the DagBag from /Users/ds2718/Documents/test_python_airflow/airflow/py_venv/lib/python3.12/site-packages/airflow/example_dags/example_skip_dag.py
[2024-09-18T11:55:16.364+0100] {processor.py:925} INFO - DAG(s) 'example_skip_dag' retrieved from /Users/ds2718/Documents/test_python_airflow/airflow/py_venv/lib/python3.12/site-packages/airflow/example_dags/example_skip_dag.py
[2024-09-18T11:55:16.437+0100] {logging_mixin.py:190} INFO - [2024-09-18T11:55:16.437+0100] {dag.py:3229} INFO - Sync 1 DAGs
[2024-09-18T11:55:16.448+0100] {logging_mixin.py:190} INFO - [2024-09-18T11:55:16.448+0100] {dag.py:4156} INFO - Setting next_dagrun for example_skip_dag to 2024-09-17 00:00:00+00:00, run_after=2024-09-18 00:00:00+00:00
[2024-09-18T11:55:16.457+0100] {processor.py:208} INFO - Processing /Users/ds2718/Documents/test_python_airflow/airflow/py_venv/lib/python3.12/site-packages/airflow/example_dags/example_skip_dag.py took 0.099 seconds
[2024-09-18T11:55:48.321+0100] {processor.py:186} INFO - Started process (PID=10018) to work on /Users/ds2718/Documents/test_python_airflow/airflow/py_venv/lib/python3.12/site-packages/airflow/example_dags/example_skip_dag.py
[2024-09-18T11:55:48.322+0100] {processor.py:914} INFO - Processing file /Users/ds2718/Documents/test_python_airflow/airflow/py_venv/lib/python3.12/site-packages/airflow/example_dags/example_skip_dag.py for tasks to queue
[2024-09-18T11:55:48.322+0100] {logging_mixin.py:190} INFO - [2024-09-18T11:55:48.322+0100] {dagbag.py:587} INFO - Filling up the DagBag from /Users/ds2718/Documents/test_python_airflow/airflow/py_venv/lib/python3.12/site-packages/airflow/example_dags/example_skip_dag.py
[2024-09-18T11:55:48.326+0100] {processor.py:925} INFO - DAG(s) 'example_skip_dag' retrieved from /Users/ds2718/Documents/test_python_airflow/airflow/py_venv/lib/python3.12/site-packages/airflow/example_dags/example_skip_dag.py
[2024-09-18T11:55:48.365+0100] {logging_mixin.py:190} INFO - [2024-09-18T11:55:48.365+0100] {dag.py:3229} INFO - Sync 1 DAGs
[2024-09-18T11:55:48.373+0100] {logging_mixin.py:190} INFO - [2024-09-18T11:55:48.373+0100] {dag.py:4156} INFO - Setting next_dagrun for example_skip_dag to 2024-09-17 00:00:00+00:00, run_after=2024-09-18 00:00:00+00:00
[2024-09-18T11:55:48.381+0100] {processor.py:208} INFO - Processing /Users/ds2718/Documents/test_python_airflow/airflow/py_venv/lib/python3.12/site-packages/airflow/example_dags/example_skip_dag.py took 0.064 seconds
[2024-09-18T11:56:22.973+0100] {processor.py:186} INFO - Started process (PID=10149) to work on /Users/ds2718/Documents/test_python_airflow/airflow/py_venv/lib/python3.12/site-packages/airflow/example_dags/example_skip_dag.py
[2024-09-18T11:56:22.973+0100] {processor.py:914} INFO - Processing file /Users/ds2718/Documents/test_python_airflow/airflow/py_venv/lib/python3.12/site-packages/airflow/example_dags/example_skip_dag.py for tasks to queue
[2024-09-18T11:56:22.974+0100] {logging_mixin.py:190} INFO - [2024-09-18T11:56:22.974+0100] {dagbag.py:587} INFO - Filling up the DagBag from /Users/ds2718/Documents/test_python_airflow/airflow/py_venv/lib/python3.12/site-packages/airflow/example_dags/example_skip_dag.py
[2024-09-18T11:56:22.979+0100] {processor.py:925} INFO - DAG(s) 'example_skip_dag' retrieved from /Users/ds2718/Documents/test_python_airflow/airflow/py_venv/lib/python3.12/site-packages/airflow/example_dags/example_skip_dag.py
[2024-09-18T11:56:23.020+0100] {logging_mixin.py:190} INFO - [2024-09-18T11:56:23.020+0100] {dag.py:3229} INFO - Sync 1 DAGs
[2024-09-18T11:56:23.031+0100] {logging_mixin.py:190} INFO - [2024-09-18T11:56:23.031+0100] {dag.py:4156} INFO - Setting next_dagrun for example_skip_dag to 2024-09-17 00:00:00+00:00, run_after=2024-09-18 00:00:00+00:00
[2024-09-18T11:56:23.039+0100] {processor.py:208} INFO - Processing /Users/ds2718/Documents/test_python_airflow/airflow/py_venv/lib/python3.12/site-packages/airflow/example_dags/example_skip_dag.py took 0.072 seconds
[2024-09-18T11:56:55.089+0100] {processor.py:186} INFO - Started process (PID=10323) to work on /Users/ds2718/Documents/test_python_airflow/airflow/py_venv/lib/python3.12/site-packages/airflow/example_dags/example_skip_dag.py
[2024-09-18T11:56:55.089+0100] {processor.py:914} INFO - Processing file /Users/ds2718/Documents/test_python_airflow/airflow/py_venv/lib/python3.12/site-packages/airflow/example_dags/example_skip_dag.py for tasks to queue
[2024-09-18T11:56:55.090+0100] {logging_mixin.py:190} INFO - [2024-09-18T11:56:55.090+0100] {dagbag.py:587} INFO - Filling up the DagBag from /Users/ds2718/Documents/test_python_airflow/airflow/py_venv/lib/python3.12/site-packages/airflow/example_dags/example_skip_dag.py
[2024-09-18T11:56:55.094+0100] {processor.py:925} INFO - DAG(s) 'example_skip_dag' retrieved from /Users/ds2718/Documents/test_python_airflow/airflow/py_venv/lib/python3.12/site-packages/airflow/example_dags/example_skip_dag.py
[2024-09-18T11:56:55.134+0100] {logging_mixin.py:190} INFO - [2024-09-18T11:56:55.134+0100] {dag.py:3229} INFO - Sync 1 DAGs
[2024-09-18T11:56:55.146+0100] {logging_mixin.py:190} INFO - [2024-09-18T11:56:55.145+0100] {dag.py:4156} INFO - Setting next_dagrun for example_skip_dag to 2024-09-17 00:00:00+00:00, run_after=2024-09-18 00:00:00+00:00
[2024-09-18T11:56:55.154+0100] {processor.py:208} INFO - Processing /Users/ds2718/Documents/test_python_airflow/airflow/py_venv/lib/python3.12/site-packages/airflow/example_dags/example_skip_dag.py took 0.072 seconds
[2024-09-18T11:57:28.065+0100] {processor.py:186} INFO - Started process (PID=10474) to work on /Users/ds2718/Documents/test_python_airflow/airflow/py_venv/lib/python3.12/site-packages/airflow/example_dags/example_skip_dag.py
[2024-09-18T11:57:28.065+0100] {processor.py:914} INFO - Processing file /Users/ds2718/Documents/test_python_airflow/airflow/py_venv/lib/python3.12/site-packages/airflow/example_dags/example_skip_dag.py for tasks to queue
[2024-09-18T11:57:28.065+0100] {logging_mixin.py:190} INFO - [2024-09-18T11:57:28.065+0100] {dagbag.py:587} INFO - Filling up the DagBag from /Users/ds2718/Documents/test_python_airflow/airflow/py_venv/lib/python3.12/site-packages/airflow/example_dags/example_skip_dag.py
[2024-09-18T11:57:28.070+0100] {processor.py:925} INFO - DAG(s) 'example_skip_dag' retrieved from /Users/ds2718/Documents/test_python_airflow/airflow/py_venv/lib/python3.12/site-packages/airflow/example_dags/example_skip_dag.py
[2024-09-18T11:57:28.113+0100] {logging_mixin.py:190} INFO - [2024-09-18T11:57:28.113+0100] {dag.py:3229} INFO - Sync 1 DAGs
[2024-09-18T11:57:28.136+0100] {logging_mixin.py:190} INFO - [2024-09-18T11:57:28.136+0100] {dag.py:4156} INFO - Setting next_dagrun for example_skip_dag to 2024-09-17 00:00:00+00:00, run_after=2024-09-18 00:00:00+00:00
[2024-09-18T11:57:28.152+0100] {processor.py:208} INFO - Processing /Users/ds2718/Documents/test_python_airflow/airflow/py_venv/lib/python3.12/site-packages/airflow/example_dags/example_skip_dag.py took 0.092 seconds
[2024-09-18T11:58:02.046+0100] {processor.py:186} INFO - Started process (PID=10680) to work on /Users/ds2718/Documents/test_python_airflow/airflow/py_venv/lib/python3.12/site-packages/airflow/example_dags/example_skip_dag.py
[2024-09-18T11:58:02.046+0100] {processor.py:914} INFO - Processing file /Users/ds2718/Documents/test_python_airflow/airflow/py_venv/lib/python3.12/site-packages/airflow/example_dags/example_skip_dag.py for tasks to queue
[2024-09-18T11:58:02.047+0100] {logging_mixin.py:190} INFO - [2024-09-18T11:58:02.047+0100] {dagbag.py:587} INFO - Filling up the DagBag from /Users/ds2718/Documents/test_python_airflow/airflow/py_venv/lib/python3.12/site-packages/airflow/example_dags/example_skip_dag.py
[2024-09-18T11:58:02.052+0100] {processor.py:925} INFO - DAG(s) 'example_skip_dag' retrieved from /Users/ds2718/Documents/test_python_airflow/airflow/py_venv/lib/python3.12/site-packages/airflow/example_dags/example_skip_dag.py
[2024-09-18T11:58:02.094+0100] {logging_mixin.py:190} INFO - [2024-09-18T11:58:02.094+0100] {dag.py:3229} INFO - Sync 1 DAGs
[2024-09-18T11:58:02.105+0100] {logging_mixin.py:190} INFO - [2024-09-18T11:58:02.105+0100] {dag.py:4156} INFO - Setting next_dagrun for example_skip_dag to 2024-09-17 00:00:00+00:00, run_after=2024-09-18 00:00:00+00:00
[2024-09-18T11:58:02.113+0100] {processor.py:208} INFO - Processing /Users/ds2718/Documents/test_python_airflow/airflow/py_venv/lib/python3.12/site-packages/airflow/example_dags/example_skip_dag.py took 0.072 seconds
[2024-09-18T11:58:36.957+0100] {processor.py:186} INFO - Started process (PID=10865) to work on /Users/ds2718/Documents/test_python_airflow/airflow/py_venv/lib/python3.12/site-packages/airflow/example_dags/example_skip_dag.py
[2024-09-18T11:58:36.958+0100] {processor.py:914} INFO - Processing file /Users/ds2718/Documents/test_python_airflow/airflow/py_venv/lib/python3.12/site-packages/airflow/example_dags/example_skip_dag.py for tasks to queue
[2024-09-18T11:58:36.958+0100] {logging_mixin.py:190} INFO - [2024-09-18T11:58:36.958+0100] {dagbag.py:587} INFO - Filling up the DagBag from /Users/ds2718/Documents/test_python_airflow/airflow/py_venv/lib/python3.12/site-packages/airflow/example_dags/example_skip_dag.py
[2024-09-18T11:58:36.964+0100] {processor.py:925} INFO - DAG(s) 'example_skip_dag' retrieved from /Users/ds2718/Documents/test_python_airflow/airflow/py_venv/lib/python3.12/site-packages/airflow/example_dags/example_skip_dag.py
[2024-09-18T11:58:37.007+0100] {logging_mixin.py:190} INFO - [2024-09-18T11:58:37.007+0100] {dag.py:3229} INFO - Sync 1 DAGs
[2024-09-18T11:58:37.019+0100] {logging_mixin.py:190} INFO - [2024-09-18T11:58:37.019+0100] {dag.py:4156} INFO - Setting next_dagrun for example_skip_dag to 2024-09-17 00:00:00+00:00, run_after=2024-09-18 00:00:00+00:00
[2024-09-18T11:58:37.043+0100] {processor.py:208} INFO - Processing /Users/ds2718/Documents/test_python_airflow/airflow/py_venv/lib/python3.12/site-packages/airflow/example_dags/example_skip_dag.py took 0.094 seconds
[2024-09-18T11:59:12.072+0100] {processor.py:186} INFO - Started process (PID=11063) to work on /Users/ds2718/Documents/test_python_airflow/airflow/py_venv/lib/python3.12/site-packages/airflow/example_dags/example_skip_dag.py
[2024-09-18T11:59:12.073+0100] {processor.py:914} INFO - Processing file /Users/ds2718/Documents/test_python_airflow/airflow/py_venv/lib/python3.12/site-packages/airflow/example_dags/example_skip_dag.py for tasks to queue
[2024-09-18T11:59:12.074+0100] {logging_mixin.py:190} INFO - [2024-09-18T11:59:12.074+0100] {dagbag.py:587} INFO - Filling up the DagBag from /Users/ds2718/Documents/test_python_airflow/airflow/py_venv/lib/python3.12/site-packages/airflow/example_dags/example_skip_dag.py
[2024-09-18T11:59:12.079+0100] {processor.py:925} INFO - DAG(s) 'example_skip_dag' retrieved from /Users/ds2718/Documents/test_python_airflow/airflow/py_venv/lib/python3.12/site-packages/airflow/example_dags/example_skip_dag.py
[2024-09-18T11:59:12.130+0100] {logging_mixin.py:190} INFO - [2024-09-18T11:59:12.130+0100] {dag.py:3229} INFO - Sync 1 DAGs
[2024-09-18T11:59:12.142+0100] {logging_mixin.py:190} INFO - [2024-09-18T11:59:12.142+0100] {dag.py:4156} INFO - Setting next_dagrun for example_skip_dag to 2024-09-17 00:00:00+00:00, run_after=2024-09-18 00:00:00+00:00
[2024-09-18T11:59:12.156+0100] {processor.py:208} INFO - Processing /Users/ds2718/Documents/test_python_airflow/airflow/py_venv/lib/python3.12/site-packages/airflow/example_dags/example_skip_dag.py took 0.087 seconds
[2024-09-18T11:59:45.927+0100] {processor.py:186} INFO - Started process (PID=11236) to work on /Users/ds2718/Documents/test_python_airflow/airflow/py_venv/lib/python3.12/site-packages/airflow/example_dags/example_skip_dag.py
[2024-09-18T11:59:45.928+0100] {processor.py:914} INFO - Processing file /Users/ds2718/Documents/test_python_airflow/airflow/py_venv/lib/python3.12/site-packages/airflow/example_dags/example_skip_dag.py for tasks to queue
[2024-09-18T11:59:45.928+0100] {logging_mixin.py:190} INFO - [2024-09-18T11:59:45.928+0100] {dagbag.py:587} INFO - Filling up the DagBag from /Users/ds2718/Documents/test_python_airflow/airflow/py_venv/lib/python3.12/site-packages/airflow/example_dags/example_skip_dag.py
[2024-09-18T11:59:45.932+0100] {processor.py:925} INFO - DAG(s) 'example_skip_dag' retrieved from /Users/ds2718/Documents/test_python_airflow/airflow/py_venv/lib/python3.12/site-packages/airflow/example_dags/example_skip_dag.py
[2024-09-18T11:59:45.973+0100] {logging_mixin.py:190} INFO - [2024-09-18T11:59:45.973+0100] {dag.py:3229} INFO - Sync 1 DAGs
[2024-09-18T11:59:45.997+0100] {logging_mixin.py:190} INFO - [2024-09-18T11:59:45.997+0100] {dag.py:4156} INFO - Setting next_dagrun for example_skip_dag to 2024-09-17 00:00:00+00:00, run_after=2024-09-18 00:00:00+00:00
[2024-09-18T11:59:46.006+0100] {processor.py:208} INFO - Processing /Users/ds2718/Documents/test_python_airflow/airflow/py_venv/lib/python3.12/site-packages/airflow/example_dags/example_skip_dag.py took 0.081 seconds
[2024-09-18T12:00:19.153+0100] {processor.py:186} INFO - Started process (PID=11447) to work on /Users/ds2718/Documents/test_python_airflow/airflow/py_venv/lib/python3.12/site-packages/airflow/example_dags/example_skip_dag.py
[2024-09-18T12:00:19.153+0100] {processor.py:914} INFO - Processing file /Users/ds2718/Documents/test_python_airflow/airflow/py_venv/lib/python3.12/site-packages/airflow/example_dags/example_skip_dag.py for tasks to queue
[2024-09-18T12:00:19.154+0100] {logging_mixin.py:190} INFO - [2024-09-18T12:00:19.154+0100] {dagbag.py:587} INFO - Filling up the DagBag from /Users/ds2718/Documents/test_python_airflow/airflow/py_venv/lib/python3.12/site-packages/airflow/example_dags/example_skip_dag.py
[2024-09-18T12:00:19.160+0100] {processor.py:925} INFO - DAG(s) 'example_skip_dag' retrieved from /Users/ds2718/Documents/test_python_airflow/airflow/py_venv/lib/python3.12/site-packages/airflow/example_dags/example_skip_dag.py
[2024-09-18T12:00:19.202+0100] {logging_mixin.py:190} INFO - [2024-09-18T12:00:19.202+0100] {dag.py:3229} INFO - Sync 1 DAGs
[2024-09-18T12:00:19.214+0100] {logging_mixin.py:190} INFO - [2024-09-18T12:00:19.214+0100] {dag.py:4156} INFO - Setting next_dagrun for example_skip_dag to 2024-09-17 00:00:00+00:00, run_after=2024-09-18 00:00:00+00:00
[2024-09-18T12:00:19.234+0100] {processor.py:208} INFO - Processing /Users/ds2718/Documents/test_python_airflow/airflow/py_venv/lib/python3.12/site-packages/airflow/example_dags/example_skip_dag.py took 0.083 seconds
[2024-09-18T12:00:51.532+0100] {processor.py:186} INFO - Started process (PID=11619) to work on /Users/ds2718/Documents/test_python_airflow/airflow/py_venv/lib/python3.12/site-packages/airflow/example_dags/example_skip_dag.py
[2024-09-18T12:00:51.533+0100] {processor.py:914} INFO - Processing file /Users/ds2718/Documents/test_python_airflow/airflow/py_venv/lib/python3.12/site-packages/airflow/example_dags/example_skip_dag.py for tasks to queue
[2024-09-18T12:00:51.533+0100] {logging_mixin.py:190} INFO - [2024-09-18T12:00:51.533+0100] {dagbag.py:587} INFO - Filling up the DagBag from /Users/ds2718/Documents/test_python_airflow/airflow/py_venv/lib/python3.12/site-packages/airflow/example_dags/example_skip_dag.py
[2024-09-18T12:00:51.538+0100] {processor.py:925} INFO - DAG(s) 'example_skip_dag' retrieved from /Users/ds2718/Documents/test_python_airflow/airflow/py_venv/lib/python3.12/site-packages/airflow/example_dags/example_skip_dag.py
[2024-09-18T12:00:51.580+0100] {logging_mixin.py:190} INFO - [2024-09-18T12:00:51.580+0100] {dag.py:3229} INFO - Sync 1 DAGs
[2024-09-18T12:00:51.590+0100] {logging_mixin.py:190} INFO - [2024-09-18T12:00:51.590+0100] {dag.py:4156} INFO - Setting next_dagrun for example_skip_dag to 2024-09-17 00:00:00+00:00, run_after=2024-09-18 00:00:00+00:00
[2024-09-18T12:00:51.598+0100] {processor.py:208} INFO - Processing /Users/ds2718/Documents/test_python_airflow/airflow/py_venv/lib/python3.12/site-packages/airflow/example_dags/example_skip_dag.py took 0.071 seconds
[2024-09-18T12:01:34.346+0100] {processor.py:186} INFO - Started process (PID=11828) to work on /Users/ds2718/Documents/test_python_airflow/airflow/py_venv/lib/python3.12/site-packages/airflow/example_dags/example_skip_dag.py
[2024-09-18T12:01:34.350+0100] {processor.py:914} INFO - Processing file /Users/ds2718/Documents/test_python_airflow/airflow/py_venv/lib/python3.12/site-packages/airflow/example_dags/example_skip_dag.py for tasks to queue
[2024-09-18T12:01:34.351+0100] {logging_mixin.py:190} INFO - [2024-09-18T12:01:34.351+0100] {dagbag.py:587} INFO - Filling up the DagBag from /Users/ds2718/Documents/test_python_airflow/airflow/py_venv/lib/python3.12/site-packages/airflow/example_dags/example_skip_dag.py
[2024-09-18T12:01:34.357+0100] {processor.py:925} INFO - DAG(s) 'example_skip_dag' retrieved from /Users/ds2718/Documents/test_python_airflow/airflow/py_venv/lib/python3.12/site-packages/airflow/example_dags/example_skip_dag.py
[2024-09-18T12:01:34.401+0100] {logging_mixin.py:190} INFO - [2024-09-18T12:01:34.401+0100] {dag.py:3229} INFO - Sync 1 DAGs
[2024-09-18T12:01:34.412+0100] {logging_mixin.py:190} INFO - [2024-09-18T12:01:34.412+0100] {dag.py:4156} INFO - Setting next_dagrun for example_skip_dag to 2024-09-17 00:00:00+00:00, run_after=2024-09-18 00:00:00+00:00
[2024-09-18T12:01:34.422+0100] {processor.py:208} INFO - Processing /Users/ds2718/Documents/test_python_airflow/airflow/py_venv/lib/python3.12/site-packages/airflow/example_dags/example_skip_dag.py took 0.080 seconds
[2024-09-18T12:06:31.232+0100] {processor.py:186} INFO - Started process (PID=12016) to work on /Users/ds2718/Documents/test_python_airflow/airflow/py_venv/lib/python3.12/site-packages/airflow/example_dags/example_skip_dag.py
[2024-09-18T12:06:31.233+0100] {processor.py:914} INFO - Processing file /Users/ds2718/Documents/test_python_airflow/airflow/py_venv/lib/python3.12/site-packages/airflow/example_dags/example_skip_dag.py for tasks to queue
[2024-09-18T12:06:31.233+0100] {logging_mixin.py:190} INFO - [2024-09-18T12:06:31.233+0100] {dagbag.py:587} INFO - Filling up the DagBag from /Users/ds2718/Documents/test_python_airflow/airflow/py_venv/lib/python3.12/site-packages/airflow/example_dags/example_skip_dag.py
[2024-09-18T12:06:31.238+0100] {processor.py:925} INFO - DAG(s) 'example_skip_dag' retrieved from /Users/ds2718/Documents/test_python_airflow/airflow/py_venv/lib/python3.12/site-packages/airflow/example_dags/example_skip_dag.py
[2024-09-18T12:06:31.283+0100] {logging_mixin.py:190} INFO - [2024-09-18T12:06:31.283+0100] {dag.py:3229} INFO - Sync 1 DAGs
[2024-09-18T12:06:31.296+0100] {logging_mixin.py:190} INFO - [2024-09-18T12:06:31.296+0100] {dag.py:4156} INFO - Setting next_dagrun for example_skip_dag to 2024-09-17 00:00:00+00:00, run_after=2024-09-18 00:00:00+00:00
[2024-09-18T12:06:31.305+0100] {processor.py:208} INFO - Processing /Users/ds2718/Documents/test_python_airflow/airflow/py_venv/lib/python3.12/site-packages/airflow/example_dags/example_skip_dag.py took 0.077 seconds
[2024-09-18T12:07:05.966+0100] {processor.py:186} INFO - Started process (PID=12167) to work on /Users/ds2718/Documents/test_python_airflow/airflow/py_venv/lib/python3.12/site-packages/airflow/example_dags/example_skip_dag.py
[2024-09-18T12:07:05.967+0100] {processor.py:914} INFO - Processing file /Users/ds2718/Documents/test_python_airflow/airflow/py_venv/lib/python3.12/site-packages/airflow/example_dags/example_skip_dag.py for tasks to queue
[2024-09-18T12:07:05.968+0100] {logging_mixin.py:190} INFO - [2024-09-18T12:07:05.967+0100] {dagbag.py:587} INFO - Filling up the DagBag from /Users/ds2718/Documents/test_python_airflow/airflow/py_venv/lib/python3.12/site-packages/airflow/example_dags/example_skip_dag.py
[2024-09-18T12:07:05.973+0100] {processor.py:925} INFO - DAG(s) 'example_skip_dag' retrieved from /Users/ds2718/Documents/test_python_airflow/airflow/py_venv/lib/python3.12/site-packages/airflow/example_dags/example_skip_dag.py
[2024-09-18T12:07:06.029+0100] {logging_mixin.py:190} INFO - [2024-09-18T12:07:06.029+0100] {dag.py:3229} INFO - Sync 1 DAGs
[2024-09-18T12:07:06.039+0100] {logging_mixin.py:190} INFO - [2024-09-18T12:07:06.039+0100] {dag.py:4156} INFO - Setting next_dagrun for example_skip_dag to 2024-09-17 00:00:00+00:00, run_after=2024-09-18 00:00:00+00:00
[2024-09-18T12:07:06.052+0100] {processor.py:208} INFO - Processing /Users/ds2718/Documents/test_python_airflow/airflow/py_venv/lib/python3.12/site-packages/airflow/example_dags/example_skip_dag.py took 0.092 seconds
[2024-09-18T12:07:41.639+0100] {processor.py:186} INFO - Started process (PID=12364) to work on /Users/ds2718/Documents/test_python_airflow/airflow/py_venv/lib/python3.12/site-packages/airflow/example_dags/example_skip_dag.py
[2024-09-18T12:07:41.639+0100] {processor.py:914} INFO - Processing file /Users/ds2718/Documents/test_python_airflow/airflow/py_venv/lib/python3.12/site-packages/airflow/example_dags/example_skip_dag.py for tasks to queue
[2024-09-18T12:07:41.640+0100] {logging_mixin.py:190} INFO - [2024-09-18T12:07:41.640+0100] {dagbag.py:587} INFO - Filling up the DagBag from /Users/ds2718/Documents/test_python_airflow/airflow/py_venv/lib/python3.12/site-packages/airflow/example_dags/example_skip_dag.py
[2024-09-18T12:07:41.645+0100] {processor.py:925} INFO - DAG(s) 'example_skip_dag' retrieved from /Users/ds2718/Documents/test_python_airflow/airflow/py_venv/lib/python3.12/site-packages/airflow/example_dags/example_skip_dag.py
[2024-09-18T12:07:41.710+0100] {logging_mixin.py:190} INFO - [2024-09-18T12:07:41.710+0100] {dag.py:3229} INFO - Sync 1 DAGs
[2024-09-18T12:07:41.719+0100] {logging_mixin.py:190} INFO - [2024-09-18T12:07:41.718+0100] {dag.py:4156} INFO - Setting next_dagrun for example_skip_dag to 2024-09-17 00:00:00+00:00, run_after=2024-09-18 00:00:00+00:00
[2024-09-18T12:07:41.729+0100] {processor.py:208} INFO - Processing /Users/ds2718/Documents/test_python_airflow/airflow/py_venv/lib/python3.12/site-packages/airflow/example_dags/example_skip_dag.py took 0.094 seconds
[2024-09-18T12:08:27.013+0100] {processor.py:186} INFO - Started process (PID=12517) to work on /Users/ds2718/Documents/test_python_airflow/airflow/py_venv/lib/python3.12/site-packages/airflow/example_dags/example_skip_dag.py
[2024-09-18T12:08:27.013+0100] {processor.py:914} INFO - Processing file /Users/ds2718/Documents/test_python_airflow/airflow/py_venv/lib/python3.12/site-packages/airflow/example_dags/example_skip_dag.py for tasks to queue
[2024-09-18T12:08:27.014+0100] {logging_mixin.py:190} INFO - [2024-09-18T12:08:27.014+0100] {dagbag.py:587} INFO - Filling up the DagBag from /Users/ds2718/Documents/test_python_airflow/airflow/py_venv/lib/python3.12/site-packages/airflow/example_dags/example_skip_dag.py
[2024-09-18T12:08:27.018+0100] {processor.py:925} INFO - DAG(s) 'example_skip_dag' retrieved from /Users/ds2718/Documents/test_python_airflow/airflow/py_venv/lib/python3.12/site-packages/airflow/example_dags/example_skip_dag.py
[2024-09-18T12:08:27.074+0100] {logging_mixin.py:190} INFO - [2024-09-18T12:08:27.074+0100] {dag.py:3229} INFO - Sync 1 DAGs
[2024-09-18T12:08:27.085+0100] {logging_mixin.py:190} INFO - [2024-09-18T12:08:27.085+0100] {dag.py:4156} INFO - Setting next_dagrun for example_skip_dag to 2024-09-17 00:00:00+00:00, run_after=2024-09-18 00:00:00+00:00
[2024-09-18T12:08:27.095+0100] {processor.py:208} INFO - Processing /Users/ds2718/Documents/test_python_airflow/airflow/py_venv/lib/python3.12/site-packages/airflow/example_dags/example_skip_dag.py took 0.085 seconds
[2024-09-18T12:09:00.478+0100] {processor.py:186} INFO - Started process (PID=12716) to work on /Users/ds2718/Documents/test_python_airflow/airflow/py_venv/lib/python3.12/site-packages/airflow/example_dags/example_skip_dag.py
[2024-09-18T12:09:00.478+0100] {processor.py:914} INFO - Processing file /Users/ds2718/Documents/test_python_airflow/airflow/py_venv/lib/python3.12/site-packages/airflow/example_dags/example_skip_dag.py for tasks to queue
[2024-09-18T12:09:00.479+0100] {logging_mixin.py:190} INFO - [2024-09-18T12:09:00.479+0100] {dagbag.py:587} INFO - Filling up the DagBag from /Users/ds2718/Documents/test_python_airflow/airflow/py_venv/lib/python3.12/site-packages/airflow/example_dags/example_skip_dag.py
[2024-09-18T12:09:00.482+0100] {processor.py:925} INFO - DAG(s) 'example_skip_dag' retrieved from /Users/ds2718/Documents/test_python_airflow/airflow/py_venv/lib/python3.12/site-packages/airflow/example_dags/example_skip_dag.py
[2024-09-18T12:09:00.525+0100] {logging_mixin.py:190} INFO - [2024-09-18T12:09:00.525+0100] {dag.py:3229} INFO - Sync 1 DAGs
[2024-09-18T12:09:00.537+0100] {logging_mixin.py:190} INFO - [2024-09-18T12:09:00.537+0100] {dag.py:4156} INFO - Setting next_dagrun for example_skip_dag to 2024-09-17 00:00:00+00:00, run_after=2024-09-18 00:00:00+00:00
[2024-09-18T12:09:00.547+0100] {processor.py:208} INFO - Processing /Users/ds2718/Documents/test_python_airflow/airflow/py_venv/lib/python3.12/site-packages/airflow/example_dags/example_skip_dag.py took 0.071 seconds
[2024-09-18T12:09:35.935+0100] {processor.py:186} INFO - Started process (PID=12883) to work on /Users/ds2718/Documents/test_python_airflow/airflow/py_venv/lib/python3.12/site-packages/airflow/example_dags/example_skip_dag.py
[2024-09-18T12:09:35.936+0100] {processor.py:914} INFO - Processing file /Users/ds2718/Documents/test_python_airflow/airflow/py_venv/lib/python3.12/site-packages/airflow/example_dags/example_skip_dag.py for tasks to queue
[2024-09-18T12:09:35.936+0100] {logging_mixin.py:190} INFO - [2024-09-18T12:09:35.936+0100] {dagbag.py:587} INFO - Filling up the DagBag from /Users/ds2718/Documents/test_python_airflow/airflow/py_venv/lib/python3.12/site-packages/airflow/example_dags/example_skip_dag.py
[2024-09-18T12:09:35.943+0100] {processor.py:925} INFO - DAG(s) 'example_skip_dag' retrieved from /Users/ds2718/Documents/test_python_airflow/airflow/py_venv/lib/python3.12/site-packages/airflow/example_dags/example_skip_dag.py
[2024-09-18T12:09:35.993+0100] {logging_mixin.py:190} INFO - [2024-09-18T12:09:35.993+0100] {dag.py:3229} INFO - Sync 1 DAGs
[2024-09-18T12:09:36.004+0100] {logging_mixin.py:190} INFO - [2024-09-18T12:09:36.004+0100] {dag.py:4156} INFO - Setting next_dagrun for example_skip_dag to 2024-09-17 00:00:00+00:00, run_after=2024-09-18 00:00:00+00:00
[2024-09-18T12:09:36.024+0100] {processor.py:208} INFO - Processing /Users/ds2718/Documents/test_python_airflow/airflow/py_venv/lib/python3.12/site-packages/airflow/example_dags/example_skip_dag.py took 0.097 seconds
[2024-09-18T12:10:08.513+0100] {processor.py:186} INFO - Started process (PID=13065) to work on /Users/ds2718/Documents/test_python_airflow/airflow/py_venv/lib/python3.12/site-packages/airflow/example_dags/example_skip_dag.py
[2024-09-18T12:10:08.513+0100] {processor.py:914} INFO - Processing file /Users/ds2718/Documents/test_python_airflow/airflow/py_venv/lib/python3.12/site-packages/airflow/example_dags/example_skip_dag.py for tasks to queue
[2024-09-18T12:10:08.514+0100] {logging_mixin.py:190} INFO - [2024-09-18T12:10:08.514+0100] {dagbag.py:587} INFO - Filling up the DagBag from /Users/ds2718/Documents/test_python_airflow/airflow/py_venv/lib/python3.12/site-packages/airflow/example_dags/example_skip_dag.py
[2024-09-18T12:10:08.518+0100] {processor.py:925} INFO - DAG(s) 'example_skip_dag' retrieved from /Users/ds2718/Documents/test_python_airflow/airflow/py_venv/lib/python3.12/site-packages/airflow/example_dags/example_skip_dag.py
[2024-09-18T12:10:08.557+0100] {logging_mixin.py:190} INFO - [2024-09-18T12:10:08.557+0100] {dag.py:3229} INFO - Sync 1 DAGs
[2024-09-18T12:10:08.566+0100] {logging_mixin.py:190} INFO - [2024-09-18T12:10:08.566+0100] {dag.py:4156} INFO - Setting next_dagrun for example_skip_dag to 2024-09-17 00:00:00+00:00, run_after=2024-09-18 00:00:00+00:00
[2024-09-18T12:10:08.578+0100] {processor.py:208} INFO - Processing /Users/ds2718/Documents/test_python_airflow/airflow/py_venv/lib/python3.12/site-packages/airflow/example_dags/example_skip_dag.py took 0.071 seconds
[2024-09-18T12:10:42.496+0100] {processor.py:186} INFO - Started process (PID=13207) to work on /Users/ds2718/Documents/test_python_airflow/airflow/py_venv/lib/python3.12/site-packages/airflow/example_dags/example_skip_dag.py
[2024-09-18T12:10:42.497+0100] {processor.py:914} INFO - Processing file /Users/ds2718/Documents/test_python_airflow/airflow/py_venv/lib/python3.12/site-packages/airflow/example_dags/example_skip_dag.py for tasks to queue
[2024-09-18T12:10:42.497+0100] {logging_mixin.py:190} INFO - [2024-09-18T12:10:42.497+0100] {dagbag.py:587} INFO - Filling up the DagBag from /Users/ds2718/Documents/test_python_airflow/airflow/py_venv/lib/python3.12/site-packages/airflow/example_dags/example_skip_dag.py
[2024-09-18T12:10:42.504+0100] {processor.py:925} INFO - DAG(s) 'example_skip_dag' retrieved from /Users/ds2718/Documents/test_python_airflow/airflow/py_venv/lib/python3.12/site-packages/airflow/example_dags/example_skip_dag.py
[2024-09-18T12:10:42.591+0100] {logging_mixin.py:190} INFO - [2024-09-18T12:10:42.590+0100] {dag.py:3229} INFO - Sync 1 DAGs
[2024-09-18T12:10:42.601+0100] {logging_mixin.py:190} INFO - [2024-09-18T12:10:42.601+0100] {dag.py:4156} INFO - Setting next_dagrun for example_skip_dag to 2024-09-17 00:00:00+00:00, run_after=2024-09-18 00:00:00+00:00
[2024-09-18T12:10:42.626+0100] {processor.py:208} INFO - Processing /Users/ds2718/Documents/test_python_airflow/airflow/py_venv/lib/python3.12/site-packages/airflow/example_dags/example_skip_dag.py took 0.133 seconds
[2024-09-18T12:11:15.702+0100] {processor.py:186} INFO - Started process (PID=13368) to work on /Users/ds2718/Documents/test_python_airflow/airflow/py_venv/lib/python3.12/site-packages/airflow/example_dags/example_skip_dag.py
[2024-09-18T12:11:15.703+0100] {processor.py:914} INFO - Processing file /Users/ds2718/Documents/test_python_airflow/airflow/py_venv/lib/python3.12/site-packages/airflow/example_dags/example_skip_dag.py for tasks to queue
[2024-09-18T12:11:15.704+0100] {logging_mixin.py:190} INFO - [2024-09-18T12:11:15.703+0100] {dagbag.py:587} INFO - Filling up the DagBag from /Users/ds2718/Documents/test_python_airflow/airflow/py_venv/lib/python3.12/site-packages/airflow/example_dags/example_skip_dag.py
[2024-09-18T12:11:15.715+0100] {processor.py:925} INFO - DAG(s) 'example_skip_dag' retrieved from /Users/ds2718/Documents/test_python_airflow/airflow/py_venv/lib/python3.12/site-packages/airflow/example_dags/example_skip_dag.py
[2024-09-18T12:11:15.761+0100] {logging_mixin.py:190} INFO - [2024-09-18T12:11:15.761+0100] {dag.py:3229} INFO - Sync 1 DAGs
[2024-09-18T12:11:15.774+0100] {logging_mixin.py:190} INFO - [2024-09-18T12:11:15.774+0100] {dag.py:4156} INFO - Setting next_dagrun for example_skip_dag to 2024-09-17 00:00:00+00:00, run_after=2024-09-18 00:00:00+00:00
[2024-09-18T12:11:15.789+0100] {processor.py:208} INFO - Processing /Users/ds2718/Documents/test_python_airflow/airflow/py_venv/lib/python3.12/site-packages/airflow/example_dags/example_skip_dag.py took 0.096 seconds
[2024-09-18T12:11:49.987+0100] {processor.py:186} INFO - Started process (PID=13551) to work on /Users/ds2718/Documents/test_python_airflow/airflow/py_venv/lib/python3.12/site-packages/airflow/example_dags/example_skip_dag.py
[2024-09-18T12:11:49.989+0100] {processor.py:914} INFO - Processing file /Users/ds2718/Documents/test_python_airflow/airflow/py_venv/lib/python3.12/site-packages/airflow/example_dags/example_skip_dag.py for tasks to queue
[2024-09-18T12:11:49.989+0100] {logging_mixin.py:190} INFO - [2024-09-18T12:11:49.989+0100] {dagbag.py:587} INFO - Filling up the DagBag from /Users/ds2718/Documents/test_python_airflow/airflow/py_venv/lib/python3.12/site-packages/airflow/example_dags/example_skip_dag.py
[2024-09-18T12:11:49.995+0100] {processor.py:925} INFO - DAG(s) 'example_skip_dag' retrieved from /Users/ds2718/Documents/test_python_airflow/airflow/py_venv/lib/python3.12/site-packages/airflow/example_dags/example_skip_dag.py
[2024-09-18T12:11:50.057+0100] {logging_mixin.py:190} INFO - [2024-09-18T12:11:50.056+0100] {dag.py:3229} INFO - Sync 1 DAGs
[2024-09-18T12:11:50.069+0100] {logging_mixin.py:190} INFO - [2024-09-18T12:11:50.069+0100] {dag.py:4156} INFO - Setting next_dagrun for example_skip_dag to 2024-09-17 00:00:00+00:00, run_after=2024-09-18 00:00:00+00:00
[2024-09-18T12:11:50.086+0100] {processor.py:208} INFO - Processing /Users/ds2718/Documents/test_python_airflow/airflow/py_venv/lib/python3.12/site-packages/airflow/example_dags/example_skip_dag.py took 0.108 seconds
[2024-09-18T12:12:22.287+0100] {processor.py:186} INFO - Started process (PID=13670) to work on /Users/ds2718/Documents/test_python_airflow/airflow/py_venv/lib/python3.12/site-packages/airflow/example_dags/example_skip_dag.py
[2024-09-18T12:12:22.287+0100] {processor.py:914} INFO - Processing file /Users/ds2718/Documents/test_python_airflow/airflow/py_venv/lib/python3.12/site-packages/airflow/example_dags/example_skip_dag.py for tasks to queue
[2024-09-18T12:12:22.288+0100] {logging_mixin.py:190} INFO - [2024-09-18T12:12:22.288+0100] {dagbag.py:587} INFO - Filling up the DagBag from /Users/ds2718/Documents/test_python_airflow/airflow/py_venv/lib/python3.12/site-packages/airflow/example_dags/example_skip_dag.py
[2024-09-18T12:12:22.292+0100] {processor.py:925} INFO - DAG(s) 'example_skip_dag' retrieved from /Users/ds2718/Documents/test_python_airflow/airflow/py_venv/lib/python3.12/site-packages/airflow/example_dags/example_skip_dag.py
[2024-09-18T12:12:22.332+0100] {logging_mixin.py:190} INFO - [2024-09-18T12:12:22.332+0100] {dag.py:3229} INFO - Sync 1 DAGs
[2024-09-18T12:12:22.344+0100] {logging_mixin.py:190} INFO - [2024-09-18T12:12:22.344+0100] {dag.py:4156} INFO - Setting next_dagrun for example_skip_dag to 2024-09-17 00:00:00+00:00, run_after=2024-09-18 00:00:00+00:00
[2024-09-18T12:12:22.352+0100] {processor.py:208} INFO - Processing /Users/ds2718/Documents/test_python_airflow/airflow/py_venv/lib/python3.12/site-packages/airflow/example_dags/example_skip_dag.py took 0.070 seconds
[2024-09-18T12:12:55.473+0100] {processor.py:186} INFO - Started process (PID=13844) to work on /Users/ds2718/Documents/test_python_airflow/airflow/py_venv/lib/python3.12/site-packages/airflow/example_dags/example_skip_dag.py
[2024-09-18T12:12:55.474+0100] {processor.py:914} INFO - Processing file /Users/ds2718/Documents/test_python_airflow/airflow/py_venv/lib/python3.12/site-packages/airflow/example_dags/example_skip_dag.py for tasks to queue
[2024-09-18T12:12:55.475+0100] {logging_mixin.py:190} INFO - [2024-09-18T12:12:55.475+0100] {dagbag.py:587} INFO - Filling up the DagBag from /Users/ds2718/Documents/test_python_airflow/airflow/py_venv/lib/python3.12/site-packages/airflow/example_dags/example_skip_dag.py
[2024-09-18T12:12:55.480+0100] {processor.py:925} INFO - DAG(s) 'example_skip_dag' retrieved from /Users/ds2718/Documents/test_python_airflow/airflow/py_venv/lib/python3.12/site-packages/airflow/example_dags/example_skip_dag.py
[2024-09-18T12:12:55.529+0100] {logging_mixin.py:190} INFO - [2024-09-18T12:12:55.529+0100] {dag.py:3229} INFO - Sync 1 DAGs
[2024-09-18T12:12:55.539+0100] {logging_mixin.py:190} INFO - [2024-09-18T12:12:55.539+0100] {dag.py:4156} INFO - Setting next_dagrun for example_skip_dag to 2024-09-17 00:00:00+00:00, run_after=2024-09-18 00:00:00+00:00
[2024-09-18T12:12:55.558+0100] {processor.py:208} INFO - Processing /Users/ds2718/Documents/test_python_airflow/airflow/py_venv/lib/python3.12/site-packages/airflow/example_dags/example_skip_dag.py took 0.092 seconds
[2024-09-18T12:13:31.130+0100] {processor.py:186} INFO - Started process (PID=14010) to work on /Users/ds2718/Documents/test_python_airflow/airflow/py_venv/lib/python3.12/site-packages/airflow/example_dags/example_skip_dag.py
[2024-09-18T12:13:31.130+0100] {processor.py:914} INFO - Processing file /Users/ds2718/Documents/test_python_airflow/airflow/py_venv/lib/python3.12/site-packages/airflow/example_dags/example_skip_dag.py for tasks to queue
[2024-09-18T12:13:31.131+0100] {logging_mixin.py:190} INFO - [2024-09-18T12:13:31.131+0100] {dagbag.py:587} INFO - Filling up the DagBag from /Users/ds2718/Documents/test_python_airflow/airflow/py_venv/lib/python3.12/site-packages/airflow/example_dags/example_skip_dag.py
[2024-09-18T12:13:31.137+0100] {processor.py:925} INFO - DAG(s) 'example_skip_dag' retrieved from /Users/ds2718/Documents/test_python_airflow/airflow/py_venv/lib/python3.12/site-packages/airflow/example_dags/example_skip_dag.py
[2024-09-18T12:13:31.192+0100] {logging_mixin.py:190} INFO - [2024-09-18T12:13:31.192+0100] {dag.py:3229} INFO - Sync 1 DAGs
[2024-09-18T12:13:31.202+0100] {logging_mixin.py:190} INFO - [2024-09-18T12:13:31.202+0100] {dag.py:4156} INFO - Setting next_dagrun for example_skip_dag to 2024-09-17 00:00:00+00:00, run_after=2024-09-18 00:00:00+00:00
[2024-09-18T12:13:31.217+0100] {processor.py:208} INFO - Processing /Users/ds2718/Documents/test_python_airflow/airflow/py_venv/lib/python3.12/site-packages/airflow/example_dags/example_skip_dag.py took 0.097 seconds
[2024-09-18T12:14:06.923+0100] {processor.py:186} INFO - Started process (PID=14210) to work on /Users/ds2718/Documents/test_python_airflow/airflow/py_venv/lib/python3.12/site-packages/airflow/example_dags/example_skip_dag.py
[2024-09-18T12:14:06.924+0100] {processor.py:914} INFO - Processing file /Users/ds2718/Documents/test_python_airflow/airflow/py_venv/lib/python3.12/site-packages/airflow/example_dags/example_skip_dag.py for tasks to queue
[2024-09-18T12:14:06.924+0100] {logging_mixin.py:190} INFO - [2024-09-18T12:14:06.924+0100] {dagbag.py:587} INFO - Filling up the DagBag from /Users/ds2718/Documents/test_python_airflow/airflow/py_venv/lib/python3.12/site-packages/airflow/example_dags/example_skip_dag.py
[2024-09-18T12:14:06.929+0100] {processor.py:925} INFO - DAG(s) 'example_skip_dag' retrieved from /Users/ds2718/Documents/test_python_airflow/airflow/py_venv/lib/python3.12/site-packages/airflow/example_dags/example_skip_dag.py
[2024-09-18T12:14:06.983+0100] {logging_mixin.py:190} INFO - [2024-09-18T12:14:06.982+0100] {dag.py:3229} INFO - Sync 1 DAGs
[2024-09-18T12:14:06.996+0100] {logging_mixin.py:190} INFO - [2024-09-18T12:14:06.996+0100] {dag.py:4156} INFO - Setting next_dagrun for example_skip_dag to 2024-09-17 00:00:00+00:00, run_after=2024-09-18 00:00:00+00:00
[2024-09-18T12:14:07.012+0100] {processor.py:208} INFO - Processing /Users/ds2718/Documents/test_python_airflow/airflow/py_venv/lib/python3.12/site-packages/airflow/example_dags/example_skip_dag.py took 0.096 seconds
