[2024-09-18T11:54:10.368+0100] {processor.py:186} INFO - Started process (PID=9469) to work on /Users/ds2718/Documents/test_python_airflow/airflow/py_venv/lib/python3.12/site-packages/airflow/example_dags/example_python_operator.py
[2024-09-18T11:54:10.369+0100] {processor.py:914} INFO - Processing file /Users/ds2718/Documents/test_python_airflow/airflow/py_venv/lib/python3.12/site-packages/airflow/example_dags/example_python_operator.py for tasks to queue
[2024-09-18T11:54:10.369+0100] {logging_mixin.py:190} INFO - [2024-09-18T11:54:10.369+0100] {dagbag.py:587} INFO - Filling up the DagBag from /Users/ds2718/Documents/test_python_airflow/airflow/py_venv/lib/python3.12/site-packages/airflow/example_dags/example_python_operator.py
[2024-09-18T11:54:10.379+0100] {logging_mixin.py:190} INFO - [2024-09-18T11:54:10.379+0100] {example_python_operator.py:93} WARNING - The virtalenv_python example task requires virtualenv, please install it.
[2024-09-18T11:54:10.381+0100] {processor.py:925} INFO - DAG(s) 'example_python_operator' retrieved from /Users/ds2718/Documents/test_python_airflow/airflow/py_venv/lib/python3.12/site-packages/airflow/example_dags/example_python_operator.py
[2024-09-18T11:54:10.486+0100] {logging_mixin.py:190} INFO - [2024-09-18T11:54:10.485+0100] {override.py:1900} INFO - Created Permission View: can read on DAG:example_python_operator
[2024-09-18T11:54:10.490+0100] {logging_mixin.py:190} INFO - [2024-09-18T11:54:10.490+0100] {override.py:1900} INFO - Created Permission View: can delete on DAG:example_python_operator
[2024-09-18T11:54:10.493+0100] {logging_mixin.py:190} INFO - [2024-09-18T11:54:10.493+0100] {override.py:1900} INFO - Created Permission View: can edit on DAG:example_python_operator
[2024-09-18T11:54:10.495+0100] {logging_mixin.py:190} INFO - [2024-09-18T11:54:10.495+0100] {override.py:1900} INFO - Created Permission View: can create on DAG Run:example_python_operator
[2024-09-18T11:54:10.497+0100] {logging_mixin.py:190} INFO - [2024-09-18T11:54:10.497+0100] {override.py:1900} INFO - Created Permission View: can read on DAG Run:example_python_operator
[2024-09-18T11:54:10.500+0100] {logging_mixin.py:190} INFO - [2024-09-18T11:54:10.500+0100] {override.py:1900} INFO - Created Permission View: can delete on DAG Run:example_python_operator
[2024-09-18T11:54:10.502+0100] {logging_mixin.py:190} INFO - [2024-09-18T11:54:10.502+0100] {override.py:1900} INFO - Created Permission View: menu access on DAG Run:example_python_operator
[2024-09-18T11:54:10.502+0100] {logging_mixin.py:190} INFO - [2024-09-18T11:54:10.502+0100] {dag.py:3229} INFO - Sync 1 DAGs
[2024-09-18T11:54:10.509+0100] {logging_mixin.py:190} INFO - [2024-09-18T11:54:10.509+0100] {dag.py:3252} INFO - Creating ORM DAG for example_python_operator
[2024-09-18T11:54:10.509+0100] {logging_mixin.py:190} INFO - [2024-09-18T11:54:10.509+0100] {dag.py:4156} INFO - Setting next_dagrun for example_python_operator to None, run_after=None
[2024-09-18T11:54:10.519+0100] {processor.py:208} INFO - Processing /Users/ds2718/Documents/test_python_airflow/airflow/py_venv/lib/python3.12/site-packages/airflow/example_dags/example_python_operator.py took 0.157 seconds
[2024-09-18T11:54:44.886+0100] {processor.py:186} INFO - Started process (PID=9678) to work on /Users/ds2718/Documents/test_python_airflow/airflow/py_venv/lib/python3.12/site-packages/airflow/example_dags/example_python_operator.py
[2024-09-18T11:54:44.887+0100] {processor.py:914} INFO - Processing file /Users/ds2718/Documents/test_python_airflow/airflow/py_venv/lib/python3.12/site-packages/airflow/example_dags/example_python_operator.py for tasks to queue
[2024-09-18T11:54:44.887+0100] {logging_mixin.py:190} INFO - [2024-09-18T11:54:44.887+0100] {dagbag.py:587} INFO - Filling up the DagBag from /Users/ds2718/Documents/test_python_airflow/airflow/py_venv/lib/python3.12/site-packages/airflow/example_dags/example_python_operator.py
[2024-09-18T11:54:44.898+0100] {logging_mixin.py:190} INFO - [2024-09-18T11:54:44.898+0100] {example_python_operator.py:93} WARNING - The virtalenv_python example task requires virtualenv, please install it.
[2024-09-18T11:54:44.900+0100] {processor.py:925} INFO - DAG(s) 'example_python_operator' retrieved from /Users/ds2718/Documents/test_python_airflow/airflow/py_venv/lib/python3.12/site-packages/airflow/example_dags/example_python_operator.py
[2024-09-18T11:54:44.944+0100] {logging_mixin.py:190} INFO - [2024-09-18T11:54:44.943+0100] {dag.py:3229} INFO - Sync 1 DAGs
[2024-09-18T11:54:44.950+0100] {logging_mixin.py:190} INFO - [2024-09-18T11:54:44.950+0100] {dag.py:4156} INFO - Setting next_dagrun for example_python_operator to None, run_after=None
[2024-09-18T11:54:44.973+0100] {processor.py:208} INFO - Processing /Users/ds2718/Documents/test_python_airflow/airflow/py_venv/lib/python3.12/site-packages/airflow/example_dags/example_python_operator.py took 0.091 seconds
[2024-09-18T11:55:20.868+0100] {processor.py:186} INFO - Started process (PID=9850) to work on /Users/ds2718/Documents/test_python_airflow/airflow/py_venv/lib/python3.12/site-packages/airflow/example_dags/example_python_operator.py
[2024-09-18T11:55:20.869+0100] {processor.py:914} INFO - Processing file /Users/ds2718/Documents/test_python_airflow/airflow/py_venv/lib/python3.12/site-packages/airflow/example_dags/example_python_operator.py for tasks to queue
[2024-09-18T11:55:20.869+0100] {logging_mixin.py:190} INFO - [2024-09-18T11:55:20.869+0100] {dagbag.py:587} INFO - Filling up the DagBag from /Users/ds2718/Documents/test_python_airflow/airflow/py_venv/lib/python3.12/site-packages/airflow/example_dags/example_python_operator.py
[2024-09-18T11:55:20.879+0100] {logging_mixin.py:190} INFO - [2024-09-18T11:55:20.879+0100] {example_python_operator.py:93} WARNING - The virtalenv_python example task requires virtualenv, please install it.
[2024-09-18T11:55:20.881+0100] {processor.py:925} INFO - DAG(s) 'example_python_operator' retrieved from /Users/ds2718/Documents/test_python_airflow/airflow/py_venv/lib/python3.12/site-packages/airflow/example_dags/example_python_operator.py
[2024-09-18T11:55:20.924+0100] {logging_mixin.py:190} INFO - [2024-09-18T11:55:20.923+0100] {dag.py:3229} INFO - Sync 1 DAGs
[2024-09-18T11:55:20.930+0100] {logging_mixin.py:190} INFO - [2024-09-18T11:55:20.929+0100] {dag.py:4156} INFO - Setting next_dagrun for example_python_operator to None, run_after=None
[2024-09-18T11:55:20.944+0100] {processor.py:208} INFO - Processing /Users/ds2718/Documents/test_python_airflow/airflow/py_venv/lib/python3.12/site-packages/airflow/example_dags/example_python_operator.py took 0.081 seconds
[2024-09-18T11:55:52.666+0100] {processor.py:186} INFO - Started process (PID=10034) to work on /Users/ds2718/Documents/test_python_airflow/airflow/py_venv/lib/python3.12/site-packages/airflow/example_dags/example_python_operator.py
[2024-09-18T11:55:52.667+0100] {processor.py:914} INFO - Processing file /Users/ds2718/Documents/test_python_airflow/airflow/py_venv/lib/python3.12/site-packages/airflow/example_dags/example_python_operator.py for tasks to queue
[2024-09-18T11:55:52.667+0100] {logging_mixin.py:190} INFO - [2024-09-18T11:55:52.667+0100] {dagbag.py:587} INFO - Filling up the DagBag from /Users/ds2718/Documents/test_python_airflow/airflow/py_venv/lib/python3.12/site-packages/airflow/example_dags/example_python_operator.py
[2024-09-18T11:55:52.679+0100] {logging_mixin.py:190} INFO - [2024-09-18T11:55:52.679+0100] {example_python_operator.py:93} WARNING - The virtalenv_python example task requires virtualenv, please install it.
[2024-09-18T11:55:52.683+0100] {processor.py:925} INFO - DAG(s) 'example_python_operator' retrieved from /Users/ds2718/Documents/test_python_airflow/airflow/py_venv/lib/python3.12/site-packages/airflow/example_dags/example_python_operator.py
[2024-09-18T11:55:52.729+0100] {logging_mixin.py:190} INFO - [2024-09-18T11:55:52.728+0100] {dag.py:3229} INFO - Sync 1 DAGs
[2024-09-18T11:55:52.747+0100] {logging_mixin.py:190} INFO - [2024-09-18T11:55:52.747+0100] {dag.py:4156} INFO - Setting next_dagrun for example_python_operator to None, run_after=None
[2024-09-18T11:55:52.757+0100] {processor.py:208} INFO - Processing /Users/ds2718/Documents/test_python_airflow/airflow/py_venv/lib/python3.12/site-packages/airflow/example_dags/example_python_operator.py took 0.093 seconds
[2024-09-18T11:56:27.478+0100] {processor.py:186} INFO - Started process (PID=10166) to work on /Users/ds2718/Documents/test_python_airflow/airflow/py_venv/lib/python3.12/site-packages/airflow/example_dags/example_python_operator.py
[2024-09-18T11:56:27.481+0100] {processor.py:914} INFO - Processing file /Users/ds2718/Documents/test_python_airflow/airflow/py_venv/lib/python3.12/site-packages/airflow/example_dags/example_python_operator.py for tasks to queue
[2024-09-18T11:56:27.481+0100] {logging_mixin.py:190} INFO - [2024-09-18T11:56:27.481+0100] {dagbag.py:587} INFO - Filling up the DagBag from /Users/ds2718/Documents/test_python_airflow/airflow/py_venv/lib/python3.12/site-packages/airflow/example_dags/example_python_operator.py
[2024-09-18T11:56:27.491+0100] {logging_mixin.py:190} INFO - [2024-09-18T11:56:27.491+0100] {example_python_operator.py:93} WARNING - The virtalenv_python example task requires virtualenv, please install it.
[2024-09-18T11:56:27.493+0100] {processor.py:925} INFO - DAG(s) 'example_python_operator' retrieved from /Users/ds2718/Documents/test_python_airflow/airflow/py_venv/lib/python3.12/site-packages/airflow/example_dags/example_python_operator.py
[2024-09-18T11:56:27.532+0100] {logging_mixin.py:190} INFO - [2024-09-18T11:56:27.532+0100] {dag.py:3229} INFO - Sync 1 DAGs
[2024-09-18T11:56:27.549+0100] {logging_mixin.py:190} INFO - [2024-09-18T11:56:27.549+0100] {dag.py:4156} INFO - Setting next_dagrun for example_python_operator to None, run_after=None
[2024-09-18T11:56:27.560+0100] {processor.py:208} INFO - Processing /Users/ds2718/Documents/test_python_airflow/airflow/py_venv/lib/python3.12/site-packages/airflow/example_dags/example_python_operator.py took 0.083 seconds
[2024-09-18T11:56:59.203+0100] {processor.py:186} INFO - Started process (PID=10338) to work on /Users/ds2718/Documents/test_python_airflow/airflow/py_venv/lib/python3.12/site-packages/airflow/example_dags/example_python_operator.py
[2024-09-18T11:56:59.204+0100] {processor.py:914} INFO - Processing file /Users/ds2718/Documents/test_python_airflow/airflow/py_venv/lib/python3.12/site-packages/airflow/example_dags/example_python_operator.py for tasks to queue
[2024-09-18T11:56:59.204+0100] {logging_mixin.py:190} INFO - [2024-09-18T11:56:59.204+0100] {dagbag.py:587} INFO - Filling up the DagBag from /Users/ds2718/Documents/test_python_airflow/airflow/py_venv/lib/python3.12/site-packages/airflow/example_dags/example_python_operator.py
[2024-09-18T11:56:59.215+0100] {logging_mixin.py:190} INFO - [2024-09-18T11:56:59.215+0100] {example_python_operator.py:93} WARNING - The virtalenv_python example task requires virtualenv, please install it.
[2024-09-18T11:56:59.218+0100] {processor.py:925} INFO - DAG(s) 'example_python_operator' retrieved from /Users/ds2718/Documents/test_python_airflow/airflow/py_venv/lib/python3.12/site-packages/airflow/example_dags/example_python_operator.py
[2024-09-18T11:56:59.261+0100] {logging_mixin.py:190} INFO - [2024-09-18T11:56:59.261+0100] {dag.py:3229} INFO - Sync 1 DAGs
[2024-09-18T11:56:59.268+0100] {logging_mixin.py:190} INFO - [2024-09-18T11:56:59.268+0100] {dag.py:4156} INFO - Setting next_dagrun for example_python_operator to None, run_after=None
[2024-09-18T11:56:59.283+0100] {processor.py:208} INFO - Processing /Users/ds2718/Documents/test_python_airflow/airflow/py_venv/lib/python3.12/site-packages/airflow/example_dags/example_python_operator.py took 0.085 seconds
[2024-09-18T11:57:31.928+0100] {processor.py:186} INFO - Started process (PID=10496) to work on /Users/ds2718/Documents/test_python_airflow/airflow/py_venv/lib/python3.12/site-packages/airflow/example_dags/example_python_operator.py
[2024-09-18T11:57:31.929+0100] {processor.py:914} INFO - Processing file /Users/ds2718/Documents/test_python_airflow/airflow/py_venv/lib/python3.12/site-packages/airflow/example_dags/example_python_operator.py for tasks to queue
[2024-09-18T11:57:31.929+0100] {logging_mixin.py:190} INFO - [2024-09-18T11:57:31.929+0100] {dagbag.py:587} INFO - Filling up the DagBag from /Users/ds2718/Documents/test_python_airflow/airflow/py_venv/lib/python3.12/site-packages/airflow/example_dags/example_python_operator.py
[2024-09-18T11:57:31.942+0100] {logging_mixin.py:190} INFO - [2024-09-18T11:57:31.942+0100] {example_python_operator.py:93} WARNING - The virtalenv_python example task requires virtualenv, please install it.
[2024-09-18T11:57:31.944+0100] {processor.py:925} INFO - DAG(s) 'example_python_operator' retrieved from /Users/ds2718/Documents/test_python_airflow/airflow/py_venv/lib/python3.12/site-packages/airflow/example_dags/example_python_operator.py
[2024-09-18T11:57:31.988+0100] {logging_mixin.py:190} INFO - [2024-09-18T11:57:31.988+0100] {dag.py:3229} INFO - Sync 1 DAGs
[2024-09-18T11:57:31.996+0100] {logging_mixin.py:190} INFO - [2024-09-18T11:57:31.996+0100] {dag.py:4156} INFO - Setting next_dagrun for example_python_operator to None, run_after=None
[2024-09-18T11:57:32.011+0100] {processor.py:208} INFO - Processing /Users/ds2718/Documents/test_python_airflow/airflow/py_venv/lib/python3.12/site-packages/airflow/example_dags/example_python_operator.py took 0.091 seconds
[2024-09-18T11:58:06.602+0100] {processor.py:186} INFO - Started process (PID=10703) to work on /Users/ds2718/Documents/test_python_airflow/airflow/py_venv/lib/python3.12/site-packages/airflow/example_dags/example_python_operator.py
[2024-09-18T11:58:06.603+0100] {processor.py:914} INFO - Processing file /Users/ds2718/Documents/test_python_airflow/airflow/py_venv/lib/python3.12/site-packages/airflow/example_dags/example_python_operator.py for tasks to queue
[2024-09-18T11:58:06.603+0100] {logging_mixin.py:190} INFO - [2024-09-18T11:58:06.603+0100] {dagbag.py:587} INFO - Filling up the DagBag from /Users/ds2718/Documents/test_python_airflow/airflow/py_venv/lib/python3.12/site-packages/airflow/example_dags/example_python_operator.py
[2024-09-18T11:58:06.615+0100] {logging_mixin.py:190} INFO - [2024-09-18T11:58:06.615+0100] {example_python_operator.py:93} WARNING - The virtalenv_python example task requires virtualenv, please install it.
[2024-09-18T11:58:06.618+0100] {processor.py:925} INFO - DAG(s) 'example_python_operator' retrieved from /Users/ds2718/Documents/test_python_airflow/airflow/py_venv/lib/python3.12/site-packages/airflow/example_dags/example_python_operator.py
[2024-09-18T11:58:06.666+0100] {logging_mixin.py:190} INFO - [2024-09-18T11:58:06.666+0100] {dag.py:3229} INFO - Sync 1 DAGs
[2024-09-18T11:58:06.674+0100] {logging_mixin.py:190} INFO - [2024-09-18T11:58:06.674+0100] {dag.py:4156} INFO - Setting next_dagrun for example_python_operator to None, run_after=None
[2024-09-18T11:58:06.690+0100] {processor.py:208} INFO - Processing /Users/ds2718/Documents/test_python_airflow/airflow/py_venv/lib/python3.12/site-packages/airflow/example_dags/example_python_operator.py took 0.095 seconds
[2024-09-18T11:58:41.346+0100] {processor.py:186} INFO - Started process (PID=10880) to work on /Users/ds2718/Documents/test_python_airflow/airflow/py_venv/lib/python3.12/site-packages/airflow/example_dags/example_python_operator.py
[2024-09-18T11:58:41.347+0100] {processor.py:914} INFO - Processing file /Users/ds2718/Documents/test_python_airflow/airflow/py_venv/lib/python3.12/site-packages/airflow/example_dags/example_python_operator.py for tasks to queue
[2024-09-18T11:58:41.347+0100] {logging_mixin.py:190} INFO - [2024-09-18T11:58:41.347+0100] {dagbag.py:587} INFO - Filling up the DagBag from /Users/ds2718/Documents/test_python_airflow/airflow/py_venv/lib/python3.12/site-packages/airflow/example_dags/example_python_operator.py
[2024-09-18T11:58:41.358+0100] {logging_mixin.py:190} INFO - [2024-09-18T11:58:41.358+0100] {example_python_operator.py:93} WARNING - The virtalenv_python example task requires virtualenv, please install it.
[2024-09-18T11:58:41.360+0100] {processor.py:925} INFO - DAG(s) 'example_python_operator' retrieved from /Users/ds2718/Documents/test_python_airflow/airflow/py_venv/lib/python3.12/site-packages/airflow/example_dags/example_python_operator.py
[2024-09-18T11:58:41.404+0100] {logging_mixin.py:190} INFO - [2024-09-18T11:58:41.403+0100] {dag.py:3229} INFO - Sync 1 DAGs
[2024-09-18T11:58:41.411+0100] {logging_mixin.py:190} INFO - [2024-09-18T11:58:41.411+0100] {dag.py:4156} INFO - Setting next_dagrun for example_python_operator to None, run_after=None
[2024-09-18T11:58:41.427+0100] {processor.py:208} INFO - Processing /Users/ds2718/Documents/test_python_airflow/airflow/py_venv/lib/python3.12/site-packages/airflow/example_dags/example_python_operator.py took 0.086 seconds
[2024-09-18T11:59:16.920+0100] {processor.py:186} INFO - Started process (PID=11088) to work on /Users/ds2718/Documents/test_python_airflow/airflow/py_venv/lib/python3.12/site-packages/airflow/example_dags/example_python_operator.py
[2024-09-18T11:59:16.923+0100] {processor.py:914} INFO - Processing file /Users/ds2718/Documents/test_python_airflow/airflow/py_venv/lib/python3.12/site-packages/airflow/example_dags/example_python_operator.py for tasks to queue
[2024-09-18T11:59:16.924+0100] {logging_mixin.py:190} INFO - [2024-09-18T11:59:16.924+0100] {dagbag.py:587} INFO - Filling up the DagBag from /Users/ds2718/Documents/test_python_airflow/airflow/py_venv/lib/python3.12/site-packages/airflow/example_dags/example_python_operator.py
[2024-09-18T11:59:16.940+0100] {logging_mixin.py:190} INFO - [2024-09-18T11:59:16.940+0100] {example_python_operator.py:93} WARNING - The virtalenv_python example task requires virtualenv, please install it.
[2024-09-18T11:59:16.943+0100] {processor.py:925} INFO - DAG(s) 'example_python_operator' retrieved from /Users/ds2718/Documents/test_python_airflow/airflow/py_venv/lib/python3.12/site-packages/airflow/example_dags/example_python_operator.py
[2024-09-18T11:59:16.987+0100] {logging_mixin.py:190} INFO - [2024-09-18T11:59:16.987+0100] {dag.py:3229} INFO - Sync 1 DAGs
[2024-09-18T11:59:16.993+0100] {logging_mixin.py:190} INFO - [2024-09-18T11:59:16.993+0100] {dag.py:4156} INFO - Setting next_dagrun for example_python_operator to None, run_after=None
[2024-09-18T11:59:17.010+0100] {processor.py:208} INFO - Processing /Users/ds2718/Documents/test_python_airflow/airflow/py_venv/lib/python3.12/site-packages/airflow/example_dags/example_python_operator.py took 0.096 seconds
[2024-09-18T11:59:50.489+0100] {processor.py:186} INFO - Started process (PID=11268) to work on /Users/ds2718/Documents/test_python_airflow/airflow/py_venv/lib/python3.12/site-packages/airflow/example_dags/example_python_operator.py
[2024-09-18T11:59:50.490+0100] {processor.py:914} INFO - Processing file /Users/ds2718/Documents/test_python_airflow/airflow/py_venv/lib/python3.12/site-packages/airflow/example_dags/example_python_operator.py for tasks to queue
[2024-09-18T11:59:50.490+0100] {logging_mixin.py:190} INFO - [2024-09-18T11:59:50.490+0100] {dagbag.py:587} INFO - Filling up the DagBag from /Users/ds2718/Documents/test_python_airflow/airflow/py_venv/lib/python3.12/site-packages/airflow/example_dags/example_python_operator.py
[2024-09-18T11:59:50.503+0100] {logging_mixin.py:190} INFO - [2024-09-18T11:59:50.503+0100] {example_python_operator.py:93} WARNING - The virtalenv_python example task requires virtualenv, please install it.
[2024-09-18T11:59:50.506+0100] {processor.py:925} INFO - DAG(s) 'example_python_operator' retrieved from /Users/ds2718/Documents/test_python_airflow/airflow/py_venv/lib/python3.12/site-packages/airflow/example_dags/example_python_operator.py
[2024-09-18T11:59:50.548+0100] {logging_mixin.py:190} INFO - [2024-09-18T11:59:50.548+0100] {dag.py:3229} INFO - Sync 1 DAGs
[2024-09-18T11:59:50.556+0100] {logging_mixin.py:190} INFO - [2024-09-18T11:59:50.556+0100] {dag.py:4156} INFO - Setting next_dagrun for example_python_operator to None, run_after=None
[2024-09-18T11:59:50.587+0100] {processor.py:208} INFO - Processing /Users/ds2718/Documents/test_python_airflow/airflow/py_venv/lib/python3.12/site-packages/airflow/example_dags/example_python_operator.py took 0.107 seconds
[2024-09-18T12:00:23.742+0100] {processor.py:186} INFO - Started process (PID=11470) to work on /Users/ds2718/Documents/test_python_airflow/airflow/py_venv/lib/python3.12/site-packages/airflow/example_dags/example_python_operator.py
[2024-09-18T12:00:23.742+0100] {processor.py:914} INFO - Processing file /Users/ds2718/Documents/test_python_airflow/airflow/py_venv/lib/python3.12/site-packages/airflow/example_dags/example_python_operator.py for tasks to queue
[2024-09-18T12:00:23.743+0100] {logging_mixin.py:190} INFO - [2024-09-18T12:00:23.743+0100] {dagbag.py:587} INFO - Filling up the DagBag from /Users/ds2718/Documents/test_python_airflow/airflow/py_venv/lib/python3.12/site-packages/airflow/example_dags/example_python_operator.py
[2024-09-18T12:00:23.753+0100] {logging_mixin.py:190} INFO - [2024-09-18T12:00:23.753+0100] {example_python_operator.py:93} WARNING - The virtalenv_python example task requires virtualenv, please install it.
[2024-09-18T12:00:23.756+0100] {processor.py:925} INFO - DAG(s) 'example_python_operator' retrieved from /Users/ds2718/Documents/test_python_airflow/airflow/py_venv/lib/python3.12/site-packages/airflow/example_dags/example_python_operator.py
[2024-09-18T12:00:23.796+0100] {logging_mixin.py:190} INFO - [2024-09-18T12:00:23.796+0100] {dag.py:3229} INFO - Sync 1 DAGs
[2024-09-18T12:00:23.804+0100] {logging_mixin.py:190} INFO - [2024-09-18T12:00:23.803+0100] {dag.py:4156} INFO - Setting next_dagrun for example_python_operator to None, run_after=None
[2024-09-18T12:00:23.819+0100] {processor.py:208} INFO - Processing /Users/ds2718/Documents/test_python_airflow/airflow/py_venv/lib/python3.12/site-packages/airflow/example_dags/example_python_operator.py took 0.082 seconds
[2024-09-18T12:00:57.040+0100] {processor.py:186} INFO - Started process (PID=11647) to work on /Users/ds2718/Documents/test_python_airflow/airflow/py_venv/lib/python3.12/site-packages/airflow/example_dags/example_python_operator.py
[2024-09-18T12:00:57.041+0100] {processor.py:914} INFO - Processing file /Users/ds2718/Documents/test_python_airflow/airflow/py_venv/lib/python3.12/site-packages/airflow/example_dags/example_python_operator.py for tasks to queue
[2024-09-18T12:00:57.041+0100] {logging_mixin.py:190} INFO - [2024-09-18T12:00:57.041+0100] {dagbag.py:587} INFO - Filling up the DagBag from /Users/ds2718/Documents/test_python_airflow/airflow/py_venv/lib/python3.12/site-packages/airflow/example_dags/example_python_operator.py
[2024-09-18T12:00:57.052+0100] {logging_mixin.py:190} INFO - [2024-09-18T12:00:57.052+0100] {example_python_operator.py:93} WARNING - The virtalenv_python example task requires virtualenv, please install it.
[2024-09-18T12:00:57.054+0100] {processor.py:925} INFO - DAG(s) 'example_python_operator' retrieved from /Users/ds2718/Documents/test_python_airflow/airflow/py_venv/lib/python3.12/site-packages/airflow/example_dags/example_python_operator.py
[2024-09-18T12:00:57.095+0100] {logging_mixin.py:190} INFO - [2024-09-18T12:00:57.095+0100] {dag.py:3229} INFO - Sync 1 DAGs
[2024-09-18T12:00:57.103+0100] {logging_mixin.py:190} INFO - [2024-09-18T12:00:57.103+0100] {dag.py:4156} INFO - Setting next_dagrun for example_python_operator to None, run_after=None
[2024-09-18T12:00:57.119+0100] {processor.py:208} INFO - Processing /Users/ds2718/Documents/test_python_airflow/airflow/py_venv/lib/python3.12/site-packages/airflow/example_dags/example_python_operator.py took 0.087 seconds
[2024-09-18T12:06:11.933+0100] {processor.py:186} INFO - Started process (PID=11897) to work on /Users/ds2718/Documents/test_python_airflow/airflow/py_venv/lib/python3.12/site-packages/airflow/example_dags/example_python_operator.py
[2024-09-18T12:06:11.933+0100] {processor.py:914} INFO - Processing file /Users/ds2718/Documents/test_python_airflow/airflow/py_venv/lib/python3.12/site-packages/airflow/example_dags/example_python_operator.py for tasks to queue
[2024-09-18T12:06:11.934+0100] {logging_mixin.py:190} INFO - [2024-09-18T12:06:11.934+0100] {dagbag.py:587} INFO - Filling up the DagBag from /Users/ds2718/Documents/test_python_airflow/airflow/py_venv/lib/python3.12/site-packages/airflow/example_dags/example_python_operator.py
[2024-09-18T12:06:11.947+0100] {logging_mixin.py:190} INFO - [2024-09-18T12:06:11.946+0100] {example_python_operator.py:93} WARNING - The virtalenv_python example task requires virtualenv, please install it.
[2024-09-18T12:06:11.948+0100] {processor.py:925} INFO - DAG(s) 'example_python_operator' retrieved from /Users/ds2718/Documents/test_python_airflow/airflow/py_venv/lib/python3.12/site-packages/airflow/example_dags/example_python_operator.py
[2024-09-18T12:06:11.994+0100] {logging_mixin.py:190} INFO - [2024-09-18T12:06:11.994+0100] {dag.py:3229} INFO - Sync 1 DAGs
[2024-09-18T12:06:12.003+0100] {logging_mixin.py:190} INFO - [2024-09-18T12:06:12.003+0100] {dag.py:4156} INFO - Setting next_dagrun for example_python_operator to None, run_after=None
[2024-09-18T12:06:12.036+0100] {processor.py:208} INFO - Processing /Users/ds2718/Documents/test_python_airflow/airflow/py_venv/lib/python3.12/site-packages/airflow/example_dags/example_python_operator.py took 0.105 seconds
[2024-09-18T12:06:45.355+0100] {processor.py:186} INFO - Started process (PID=12077) to work on /Users/ds2718/Documents/test_python_airflow/airflow/py_venv/lib/python3.12/site-packages/airflow/example_dags/example_python_operator.py
[2024-09-18T12:06:45.356+0100] {processor.py:914} INFO - Processing file /Users/ds2718/Documents/test_python_airflow/airflow/py_venv/lib/python3.12/site-packages/airflow/example_dags/example_python_operator.py for tasks to queue
[2024-09-18T12:06:45.356+0100] {logging_mixin.py:190} INFO - [2024-09-18T12:06:45.356+0100] {dagbag.py:587} INFO - Filling up the DagBag from /Users/ds2718/Documents/test_python_airflow/airflow/py_venv/lib/python3.12/site-packages/airflow/example_dags/example_python_operator.py
[2024-09-18T12:06:45.366+0100] {logging_mixin.py:190} INFO - [2024-09-18T12:06:45.366+0100] {example_python_operator.py:93} WARNING - The virtalenv_python example task requires virtualenv, please install it.
[2024-09-18T12:06:45.368+0100] {processor.py:925} INFO - DAG(s) 'example_python_operator' retrieved from /Users/ds2718/Documents/test_python_airflow/airflow/py_venv/lib/python3.12/site-packages/airflow/example_dags/example_python_operator.py
[2024-09-18T12:06:45.409+0100] {logging_mixin.py:190} INFO - [2024-09-18T12:06:45.409+0100] {dag.py:3229} INFO - Sync 1 DAGs
[2024-09-18T12:06:45.416+0100] {logging_mixin.py:190} INFO - [2024-09-18T12:06:45.416+0100] {dag.py:4156} INFO - Setting next_dagrun for example_python_operator to None, run_after=None
[2024-09-18T12:06:45.431+0100] {processor.py:208} INFO - Processing /Users/ds2718/Documents/test_python_airflow/airflow/py_venv/lib/python3.12/site-packages/airflow/example_dags/example_python_operator.py took 0.081 seconds
[2024-09-18T12:07:19.270+0100] {processor.py:186} INFO - Started process (PID=12239) to work on /Users/ds2718/Documents/test_python_airflow/airflow/py_venv/lib/python3.12/site-packages/airflow/example_dags/example_python_operator.py
[2024-09-18T12:07:19.272+0100] {processor.py:914} INFO - Processing file /Users/ds2718/Documents/test_python_airflow/airflow/py_venv/lib/python3.12/site-packages/airflow/example_dags/example_python_operator.py for tasks to queue
[2024-09-18T12:07:19.272+0100] {logging_mixin.py:190} INFO - [2024-09-18T12:07:19.272+0100] {dagbag.py:587} INFO - Filling up the DagBag from /Users/ds2718/Documents/test_python_airflow/airflow/py_venv/lib/python3.12/site-packages/airflow/example_dags/example_python_operator.py
[2024-09-18T12:07:19.284+0100] {logging_mixin.py:190} INFO - [2024-09-18T12:07:19.284+0100] {example_python_operator.py:93} WARNING - The virtalenv_python example task requires virtualenv, please install it.
[2024-09-18T12:07:19.286+0100] {processor.py:925} INFO - DAG(s) 'example_python_operator' retrieved from /Users/ds2718/Documents/test_python_airflow/airflow/py_venv/lib/python3.12/site-packages/airflow/example_dags/example_python_operator.py
[2024-09-18T12:07:19.327+0100] {logging_mixin.py:190} INFO - [2024-09-18T12:07:19.327+0100] {dag.py:3229} INFO - Sync 1 DAGs
[2024-09-18T12:07:19.334+0100] {logging_mixin.py:190} INFO - [2024-09-18T12:07:19.334+0100] {dag.py:4156} INFO - Setting next_dagrun for example_python_operator to None, run_after=None
[2024-09-18T12:07:19.349+0100] {processor.py:208} INFO - Processing /Users/ds2718/Documents/test_python_airflow/airflow/py_venv/lib/python3.12/site-packages/airflow/example_dags/example_python_operator.py took 0.085 seconds
[2024-09-18T12:08:01.487+0100] {processor.py:186} INFO - Started process (PID=12424) to work on /Users/ds2718/Documents/test_python_airflow/airflow/py_venv/lib/python3.12/site-packages/airflow/example_dags/example_python_operator.py
[2024-09-18T12:08:01.488+0100] {processor.py:914} INFO - Processing file /Users/ds2718/Documents/test_python_airflow/airflow/py_venv/lib/python3.12/site-packages/airflow/example_dags/example_python_operator.py for tasks to queue
[2024-09-18T12:08:01.489+0100] {logging_mixin.py:190} INFO - [2024-09-18T12:08:01.489+0100] {dagbag.py:587} INFO - Filling up the DagBag from /Users/ds2718/Documents/test_python_airflow/airflow/py_venv/lib/python3.12/site-packages/airflow/example_dags/example_python_operator.py
[2024-09-18T12:08:01.505+0100] {logging_mixin.py:190} INFO - [2024-09-18T12:08:01.505+0100] {example_python_operator.py:93} WARNING - The virtalenv_python example task requires virtualenv, please install it.
[2024-09-18T12:08:01.519+0100] {processor.py:925} INFO - DAG(s) 'example_python_operator' retrieved from /Users/ds2718/Documents/test_python_airflow/airflow/py_venv/lib/python3.12/site-packages/airflow/example_dags/example_python_operator.py
[2024-09-18T12:08:01.609+0100] {logging_mixin.py:190} INFO - [2024-09-18T12:08:01.609+0100] {dag.py:3229} INFO - Sync 1 DAGs
[2024-09-18T12:08:01.618+0100] {logging_mixin.py:190} INFO - [2024-09-18T12:08:01.618+0100] {dag.py:4156} INFO - Setting next_dagrun for example_python_operator to None, run_after=None
[2024-09-18T12:08:01.683+0100] {processor.py:208} INFO - Processing /Users/ds2718/Documents/test_python_airflow/airflow/py_venv/lib/python3.12/site-packages/airflow/example_dags/example_python_operator.py took 0.199 seconds
[2024-09-18T12:08:36.401+0100] {processor.py:186} INFO - Started process (PID=12567) to work on /Users/ds2718/Documents/test_python_airflow/airflow/py_venv/lib/python3.12/site-packages/airflow/example_dags/example_python_operator.py
[2024-09-18T12:08:36.401+0100] {processor.py:914} INFO - Processing file /Users/ds2718/Documents/test_python_airflow/airflow/py_venv/lib/python3.12/site-packages/airflow/example_dags/example_python_operator.py for tasks to queue
[2024-09-18T12:08:36.402+0100] {logging_mixin.py:190} INFO - [2024-09-18T12:08:36.402+0100] {dagbag.py:587} INFO - Filling up the DagBag from /Users/ds2718/Documents/test_python_airflow/airflow/py_venv/lib/python3.12/site-packages/airflow/example_dags/example_python_operator.py
[2024-09-18T12:08:36.412+0100] {logging_mixin.py:190} INFO - [2024-09-18T12:08:36.411+0100] {example_python_operator.py:93} WARNING - The virtalenv_python example task requires virtualenv, please install it.
[2024-09-18T12:08:36.414+0100] {processor.py:925} INFO - DAG(s) 'example_python_operator' retrieved from /Users/ds2718/Documents/test_python_airflow/airflow/py_venv/lib/python3.12/site-packages/airflow/example_dags/example_python_operator.py
[2024-09-18T12:08:36.457+0100] {logging_mixin.py:190} INFO - [2024-09-18T12:08:36.457+0100] {dag.py:3229} INFO - Sync 1 DAGs
[2024-09-18T12:08:36.465+0100] {logging_mixin.py:190} INFO - [2024-09-18T12:08:36.465+0100] {dag.py:4156} INFO - Setting next_dagrun for example_python_operator to None, run_after=None
[2024-09-18T12:08:36.475+0100] {processor.py:208} INFO - Processing /Users/ds2718/Documents/test_python_airflow/airflow/py_venv/lib/python3.12/site-packages/airflow/example_dags/example_python_operator.py took 0.080 seconds
[2024-09-18T12:09:10.425+0100] {processor.py:186} INFO - Started process (PID=12765) to work on /Users/ds2718/Documents/test_python_airflow/airflow/py_venv/lib/python3.12/site-packages/airflow/example_dags/example_python_operator.py
[2024-09-18T12:09:10.426+0100] {processor.py:914} INFO - Processing file /Users/ds2718/Documents/test_python_airflow/airflow/py_venv/lib/python3.12/site-packages/airflow/example_dags/example_python_operator.py for tasks to queue
[2024-09-18T12:09:10.427+0100] {logging_mixin.py:190} INFO - [2024-09-18T12:09:10.426+0100] {dagbag.py:587} INFO - Filling up the DagBag from /Users/ds2718/Documents/test_python_airflow/airflow/py_venv/lib/python3.12/site-packages/airflow/example_dags/example_python_operator.py
[2024-09-18T12:09:10.449+0100] {logging_mixin.py:190} INFO - [2024-09-18T12:09:10.449+0100] {example_python_operator.py:93} WARNING - The virtalenv_python example task requires virtualenv, please install it.
[2024-09-18T12:09:10.451+0100] {processor.py:925} INFO - DAG(s) 'example_python_operator' retrieved from /Users/ds2718/Documents/test_python_airflow/airflow/py_venv/lib/python3.12/site-packages/airflow/example_dags/example_python_operator.py
[2024-09-18T12:09:10.505+0100] {logging_mixin.py:190} INFO - [2024-09-18T12:09:10.505+0100] {dag.py:3229} INFO - Sync 1 DAGs
[2024-09-18T12:09:10.511+0100] {logging_mixin.py:190} INFO - [2024-09-18T12:09:10.510+0100] {dag.py:4156} INFO - Setting next_dagrun for example_python_operator to None, run_after=None
[2024-09-18T12:09:10.561+0100] {processor.py:208} INFO - Processing /Users/ds2718/Documents/test_python_airflow/airflow/py_venv/lib/python3.12/site-packages/airflow/example_dags/example_python_operator.py took 0.140 seconds
[2024-09-18T12:09:43.872+0100] {processor.py:186} INFO - Started process (PID=12966) to work on /Users/ds2718/Documents/test_python_airflow/airflow/py_venv/lib/python3.12/site-packages/airflow/example_dags/example_python_operator.py
[2024-09-18T12:09:43.873+0100] {processor.py:914} INFO - Processing file /Users/ds2718/Documents/test_python_airflow/airflow/py_venv/lib/python3.12/site-packages/airflow/example_dags/example_python_operator.py for tasks to queue
[2024-09-18T12:09:43.873+0100] {logging_mixin.py:190} INFO - [2024-09-18T12:09:43.873+0100] {dagbag.py:587} INFO - Filling up the DagBag from /Users/ds2718/Documents/test_python_airflow/airflow/py_venv/lib/python3.12/site-packages/airflow/example_dags/example_python_operator.py
[2024-09-18T12:09:43.885+0100] {logging_mixin.py:190} INFO - [2024-09-18T12:09:43.885+0100] {example_python_operator.py:93} WARNING - The virtalenv_python example task requires virtualenv, please install it.
[2024-09-18T12:09:43.887+0100] {processor.py:925} INFO - DAG(s) 'example_python_operator' retrieved from /Users/ds2718/Documents/test_python_airflow/airflow/py_venv/lib/python3.12/site-packages/airflow/example_dags/example_python_operator.py
[2024-09-18T12:09:43.931+0100] {logging_mixin.py:190} INFO - [2024-09-18T12:09:43.931+0100] {dag.py:3229} INFO - Sync 1 DAGs
[2024-09-18T12:09:43.938+0100] {logging_mixin.py:190} INFO - [2024-09-18T12:09:43.938+0100] {dag.py:4156} INFO - Setting next_dagrun for example_python_operator to None, run_after=None
[2024-09-18T12:09:43.953+0100] {processor.py:208} INFO - Processing /Users/ds2718/Documents/test_python_airflow/airflow/py_venv/lib/python3.12/site-packages/airflow/example_dags/example_python_operator.py took 0.086 seconds
[2024-09-18T12:10:15.233+0100] {processor.py:186} INFO - Started process (PID=13092) to work on /Users/ds2718/Documents/test_python_airflow/airflow/py_venv/lib/python3.12/site-packages/airflow/example_dags/example_python_operator.py
[2024-09-18T12:10:15.233+0100] {processor.py:914} INFO - Processing file /Users/ds2718/Documents/test_python_airflow/airflow/py_venv/lib/python3.12/site-packages/airflow/example_dags/example_python_operator.py for tasks to queue
[2024-09-18T12:10:15.234+0100] {logging_mixin.py:190} INFO - [2024-09-18T12:10:15.234+0100] {dagbag.py:587} INFO - Filling up the DagBag from /Users/ds2718/Documents/test_python_airflow/airflow/py_venv/lib/python3.12/site-packages/airflow/example_dags/example_python_operator.py
[2024-09-18T12:10:15.244+0100] {logging_mixin.py:190} INFO - [2024-09-18T12:10:15.244+0100] {example_python_operator.py:93} WARNING - The virtalenv_python example task requires virtualenv, please install it.
[2024-09-18T12:10:15.246+0100] {processor.py:925} INFO - DAG(s) 'example_python_operator' retrieved from /Users/ds2718/Documents/test_python_airflow/airflow/py_venv/lib/python3.12/site-packages/airflow/example_dags/example_python_operator.py
[2024-09-18T12:10:15.286+0100] {logging_mixin.py:190} INFO - [2024-09-18T12:10:15.286+0100] {dag.py:3229} INFO - Sync 1 DAGs
[2024-09-18T12:10:15.293+0100] {logging_mixin.py:190} INFO - [2024-09-18T12:10:15.293+0100] {dag.py:4156} INFO - Setting next_dagrun for example_python_operator to None, run_after=None
[2024-09-18T12:10:15.302+0100] {processor.py:208} INFO - Processing /Users/ds2718/Documents/test_python_airflow/airflow/py_venv/lib/python3.12/site-packages/airflow/example_dags/example_python_operator.py took 0.075 seconds
[2024-09-18T12:10:48.740+0100] {processor.py:186} INFO - Started process (PID=13263) to work on /Users/ds2718/Documents/test_python_airflow/airflow/py_venv/lib/python3.12/site-packages/airflow/example_dags/example_python_operator.py
[2024-09-18T12:10:48.741+0100] {processor.py:914} INFO - Processing file /Users/ds2718/Documents/test_python_airflow/airflow/py_venv/lib/python3.12/site-packages/airflow/example_dags/example_python_operator.py for tasks to queue
[2024-09-18T12:10:48.741+0100] {logging_mixin.py:190} INFO - [2024-09-18T12:10:48.741+0100] {dagbag.py:587} INFO - Filling up the DagBag from /Users/ds2718/Documents/test_python_airflow/airflow/py_venv/lib/python3.12/site-packages/airflow/example_dags/example_python_operator.py
[2024-09-18T12:10:48.753+0100] {logging_mixin.py:190} INFO - [2024-09-18T12:10:48.753+0100] {example_python_operator.py:93} WARNING - The virtalenv_python example task requires virtualenv, please install it.
[2024-09-18T12:10:48.756+0100] {processor.py:925} INFO - DAG(s) 'example_python_operator' retrieved from /Users/ds2718/Documents/test_python_airflow/airflow/py_venv/lib/python3.12/site-packages/airflow/example_dags/example_python_operator.py
[2024-09-18T12:10:48.799+0100] {logging_mixin.py:190} INFO - [2024-09-18T12:10:48.799+0100] {dag.py:3229} INFO - Sync 1 DAGs
[2024-09-18T12:10:48.805+0100] {logging_mixin.py:190} INFO - [2024-09-18T12:10:48.805+0100] {dag.py:4156} INFO - Setting next_dagrun for example_python_operator to None, run_after=None
[2024-09-18T12:10:48.815+0100] {processor.py:208} INFO - Processing /Users/ds2718/Documents/test_python_airflow/airflow/py_venv/lib/python3.12/site-packages/airflow/example_dags/example_python_operator.py took 0.082 seconds
[2024-09-18T12:11:22.285+0100] {processor.py:186} INFO - Started process (PID=13390) to work on /Users/ds2718/Documents/test_python_airflow/airflow/py_venv/lib/python3.12/site-packages/airflow/example_dags/example_python_operator.py
[2024-09-18T12:11:22.286+0100] {processor.py:914} INFO - Processing file /Users/ds2718/Documents/test_python_airflow/airflow/py_venv/lib/python3.12/site-packages/airflow/example_dags/example_python_operator.py for tasks to queue
[2024-09-18T12:11:22.286+0100] {logging_mixin.py:190} INFO - [2024-09-18T12:11:22.286+0100] {dagbag.py:587} INFO - Filling up the DagBag from /Users/ds2718/Documents/test_python_airflow/airflow/py_venv/lib/python3.12/site-packages/airflow/example_dags/example_python_operator.py
[2024-09-18T12:11:22.295+0100] {logging_mixin.py:190} INFO - [2024-09-18T12:11:22.295+0100] {example_python_operator.py:93} WARNING - The virtalenv_python example task requires virtualenv, please install it.
[2024-09-18T12:11:22.297+0100] {processor.py:925} INFO - DAG(s) 'example_python_operator' retrieved from /Users/ds2718/Documents/test_python_airflow/airflow/py_venv/lib/python3.12/site-packages/airflow/example_dags/example_python_operator.py
[2024-09-18T12:11:22.338+0100] {logging_mixin.py:190} INFO - [2024-09-18T12:11:22.337+0100] {dag.py:3229} INFO - Sync 1 DAGs
[2024-09-18T12:11:22.345+0100] {logging_mixin.py:190} INFO - [2024-09-18T12:11:22.345+0100] {dag.py:4156} INFO - Setting next_dagrun for example_python_operator to None, run_after=None
[2024-09-18T12:11:22.356+0100] {processor.py:208} INFO - Processing /Users/ds2718/Documents/test_python_airflow/airflow/py_venv/lib/python3.12/site-packages/airflow/example_dags/example_python_operator.py took 0.073 seconds
[2024-09-18T12:11:56.749+0100] {processor.py:186} INFO - Started process (PID=13573) to work on /Users/ds2718/Documents/test_python_airflow/airflow/py_venv/lib/python3.12/site-packages/airflow/example_dags/example_python_operator.py
[2024-09-18T12:11:56.750+0100] {processor.py:914} INFO - Processing file /Users/ds2718/Documents/test_python_airflow/airflow/py_venv/lib/python3.12/site-packages/airflow/example_dags/example_python_operator.py for tasks to queue
[2024-09-18T12:11:56.750+0100] {logging_mixin.py:190} INFO - [2024-09-18T12:11:56.750+0100] {dagbag.py:587} INFO - Filling up the DagBag from /Users/ds2718/Documents/test_python_airflow/airflow/py_venv/lib/python3.12/site-packages/airflow/example_dags/example_python_operator.py
[2024-09-18T12:11:56.762+0100] {logging_mixin.py:190} INFO - [2024-09-18T12:11:56.762+0100] {example_python_operator.py:93} WARNING - The virtalenv_python example task requires virtualenv, please install it.
[2024-09-18T12:11:56.764+0100] {processor.py:925} INFO - DAG(s) 'example_python_operator' retrieved from /Users/ds2718/Documents/test_python_airflow/airflow/py_venv/lib/python3.12/site-packages/airflow/example_dags/example_python_operator.py
[2024-09-18T12:11:56.807+0100] {logging_mixin.py:190} INFO - [2024-09-18T12:11:56.807+0100] {dag.py:3229} INFO - Sync 1 DAGs
[2024-09-18T12:11:56.814+0100] {logging_mixin.py:190} INFO - [2024-09-18T12:11:56.814+0100] {dag.py:4156} INFO - Setting next_dagrun for example_python_operator to None, run_after=None
[2024-09-18T12:11:56.842+0100] {processor.py:208} INFO - Processing /Users/ds2718/Documents/test_python_airflow/airflow/py_venv/lib/python3.12/site-packages/airflow/example_dags/example_python_operator.py took 0.101 seconds
[2024-09-18T12:12:29.888+0100] {processor.py:186} INFO - Started process (PID=13698) to work on /Users/ds2718/Documents/test_python_airflow/airflow/py_venv/lib/python3.12/site-packages/airflow/example_dags/example_python_operator.py
[2024-09-18T12:12:29.888+0100] {processor.py:914} INFO - Processing file /Users/ds2718/Documents/test_python_airflow/airflow/py_venv/lib/python3.12/site-packages/airflow/example_dags/example_python_operator.py for tasks to queue
[2024-09-18T12:12:29.888+0100] {logging_mixin.py:190} INFO - [2024-09-18T12:12:29.888+0100] {dagbag.py:587} INFO - Filling up the DagBag from /Users/ds2718/Documents/test_python_airflow/airflow/py_venv/lib/python3.12/site-packages/airflow/example_dags/example_python_operator.py
[2024-09-18T12:12:29.898+0100] {logging_mixin.py:190} INFO - [2024-09-18T12:12:29.898+0100] {example_python_operator.py:93} WARNING - The virtalenv_python example task requires virtualenv, please install it.
[2024-09-18T12:12:29.900+0100] {processor.py:925} INFO - DAG(s) 'example_python_operator' retrieved from /Users/ds2718/Documents/test_python_airflow/airflow/py_venv/lib/python3.12/site-packages/airflow/example_dags/example_python_operator.py
[2024-09-18T12:12:29.952+0100] {logging_mixin.py:190} INFO - [2024-09-18T12:12:29.952+0100] {dag.py:3229} INFO - Sync 1 DAGs
[2024-09-18T12:12:29.959+0100] {logging_mixin.py:190} INFO - [2024-09-18T12:12:29.959+0100] {dag.py:4156} INFO - Setting next_dagrun for example_python_operator to None, run_after=None
[2024-09-18T12:12:29.969+0100] {processor.py:208} INFO - Processing /Users/ds2718/Documents/test_python_airflow/airflow/py_venv/lib/python3.12/site-packages/airflow/example_dags/example_python_operator.py took 0.084 seconds
[2024-09-18T12:13:02.321+0100] {processor.py:186} INFO - Started process (PID=13889) to work on /Users/ds2718/Documents/test_python_airflow/airflow/py_venv/lib/python3.12/site-packages/airflow/example_dags/example_python_operator.py
[2024-09-18T12:13:02.322+0100] {processor.py:914} INFO - Processing file /Users/ds2718/Documents/test_python_airflow/airflow/py_venv/lib/python3.12/site-packages/airflow/example_dags/example_python_operator.py for tasks to queue
[2024-09-18T12:13:02.322+0100] {logging_mixin.py:190} INFO - [2024-09-18T12:13:02.322+0100] {dagbag.py:587} INFO - Filling up the DagBag from /Users/ds2718/Documents/test_python_airflow/airflow/py_venv/lib/python3.12/site-packages/airflow/example_dags/example_python_operator.py
[2024-09-18T12:13:02.335+0100] {logging_mixin.py:190} INFO - [2024-09-18T12:13:02.335+0100] {example_python_operator.py:93} WARNING - The virtalenv_python example task requires virtualenv, please install it.
[2024-09-18T12:13:02.337+0100] {processor.py:925} INFO - DAG(s) 'example_python_operator' retrieved from /Users/ds2718/Documents/test_python_airflow/airflow/py_venv/lib/python3.12/site-packages/airflow/example_dags/example_python_operator.py
[2024-09-18T12:13:02.380+0100] {logging_mixin.py:190} INFO - [2024-09-18T12:13:02.380+0100] {dag.py:3229} INFO - Sync 1 DAGs
[2024-09-18T12:13:02.398+0100] {logging_mixin.py:190} INFO - [2024-09-18T12:13:02.398+0100] {dag.py:4156} INFO - Setting next_dagrun for example_python_operator to None, run_after=None
[2024-09-18T12:13:02.415+0100] {processor.py:208} INFO - Processing /Users/ds2718/Documents/test_python_airflow/airflow/py_venv/lib/python3.12/site-packages/airflow/example_dags/example_python_operator.py took 0.100 seconds
[2024-09-18T12:13:36.807+0100] {processor.py:186} INFO - Started process (PID=14032) to work on /Users/ds2718/Documents/test_python_airflow/airflow/py_venv/lib/python3.12/site-packages/airflow/example_dags/example_python_operator.py
[2024-09-18T12:13:36.807+0100] {processor.py:914} INFO - Processing file /Users/ds2718/Documents/test_python_airflow/airflow/py_venv/lib/python3.12/site-packages/airflow/example_dags/example_python_operator.py for tasks to queue
[2024-09-18T12:13:36.808+0100] {logging_mixin.py:190} INFO - [2024-09-18T12:13:36.808+0100] {dagbag.py:587} INFO - Filling up the DagBag from /Users/ds2718/Documents/test_python_airflow/airflow/py_venv/lib/python3.12/site-packages/airflow/example_dags/example_python_operator.py
[2024-09-18T12:13:36.817+0100] {logging_mixin.py:190} INFO - [2024-09-18T12:13:36.817+0100] {example_python_operator.py:93} WARNING - The virtalenv_python example task requires virtualenv, please install it.
[2024-09-18T12:13:36.819+0100] {processor.py:925} INFO - DAG(s) 'example_python_operator' retrieved from /Users/ds2718/Documents/test_python_airflow/airflow/py_venv/lib/python3.12/site-packages/airflow/example_dags/example_python_operator.py
[2024-09-18T12:13:36.859+0100] {logging_mixin.py:190} INFO - [2024-09-18T12:13:36.859+0100] {dag.py:3229} INFO - Sync 1 DAGs
[2024-09-18T12:13:36.866+0100] {logging_mixin.py:190} INFO - [2024-09-18T12:13:36.866+0100] {dag.py:4156} INFO - Setting next_dagrun for example_python_operator to None, run_after=None
[2024-09-18T12:13:36.875+0100] {processor.py:208} INFO - Processing /Users/ds2718/Documents/test_python_airflow/airflow/py_venv/lib/python3.12/site-packages/airflow/example_dags/example_python_operator.py took 0.070 seconds
