[2024-09-18T11:54:05.849+0100] {processor.py:186} INFO - Started process (PID=9453) to work on /Users/ds2718/Documents/test_python_airflow/airflow/py_venv/lib/python3.12/site-packages/airflow/example_dags/example_sla_dag.py
[2024-09-18T11:54:05.849+0100] {processor.py:914} INFO - Processing file /Users/ds2718/Documents/test_python_airflow/airflow/py_venv/lib/python3.12/site-packages/airflow/example_dags/example_sla_dag.py for tasks to queue
[2024-09-18T11:54:05.849+0100] {logging_mixin.py:190} INFO - [2024-09-18T11:54:05.849+0100] {dagbag.py:587} INFO - Filling up the DagBag from /Users/ds2718/Documents/test_python_airflow/airflow/py_venv/lib/python3.12/site-packages/airflow/example_dags/example_sla_dag.py
[2024-09-18T11:54:05.868+0100] {processor.py:925} INFO - DAG(s) 'example_sla_dag' retrieved from /Users/ds2718/Documents/test_python_airflow/airflow/py_venv/lib/python3.12/site-packages/airflow/example_dags/example_sla_dag.py
[2024-09-18T11:54:05.983+0100] {logging_mixin.py:190} INFO - [2024-09-18T11:54:05.983+0100] {override.py:1900} INFO - Created Permission View: can edit on DAG:example_sla_dag
[2024-09-18T11:54:05.987+0100] {logging_mixin.py:190} INFO - [2024-09-18T11:54:05.987+0100] {override.py:1900} INFO - Created Permission View: can delete on DAG:example_sla_dag
[2024-09-18T11:54:05.990+0100] {logging_mixin.py:190} INFO - [2024-09-18T11:54:05.990+0100] {override.py:1900} INFO - Created Permission View: can read on DAG:example_sla_dag
[2024-09-18T11:54:05.993+0100] {logging_mixin.py:190} INFO - [2024-09-18T11:54:05.993+0100] {override.py:1900} INFO - Created Permission View: can delete on DAG Run:example_sla_dag
[2024-09-18T11:54:05.995+0100] {logging_mixin.py:190} INFO - [2024-09-18T11:54:05.995+0100] {override.py:1900} INFO - Created Permission View: menu access on DAG Run:example_sla_dag
[2024-09-18T11:54:05.998+0100] {logging_mixin.py:190} INFO - [2024-09-18T11:54:05.997+0100] {override.py:1900} INFO - Created Permission View: can create on DAG Run:example_sla_dag
[2024-09-18T11:54:05.999+0100] {logging_mixin.py:190} INFO - [2024-09-18T11:54:05.999+0100] {override.py:1900} INFO - Created Permission View: can read on DAG Run:example_sla_dag
[2024-09-18T11:54:06.000+0100] {logging_mixin.py:190} INFO - [2024-09-18T11:54:05.999+0100] {dag.py:3229} INFO - Sync 1 DAGs
[2024-09-18T11:54:06.005+0100] {logging_mixin.py:190} INFO - [2024-09-18T11:54:06.005+0100] {dag.py:3252} INFO - Creating ORM DAG for example_sla_dag
[2024-09-18T11:54:06.021+0100] {logging_mixin.py:190} INFO - [2024-09-18T11:54:06.021+0100] {dag.py:4156} INFO - Setting next_dagrun for example_sla_dag to 2024-09-18 10:52:00+00:00, run_after=2024-09-18 10:54:00+00:00
[2024-09-18T11:54:06.026+0100] {processor.py:208} INFO - Processing /Users/ds2718/Documents/test_python_airflow/airflow/py_venv/lib/python3.12/site-packages/airflow/example_dags/example_sla_dag.py took 0.184 seconds
[2024-09-18T11:54:40.277+0100] {processor.py:186} INFO - Started process (PID=9638) to work on /Users/ds2718/Documents/test_python_airflow/airflow/py_venv/lib/python3.12/site-packages/airflow/example_dags/example_sla_dag.py
[2024-09-18T11:54:40.277+0100] {processor.py:914} INFO - Processing file /Users/ds2718/Documents/test_python_airflow/airflow/py_venv/lib/python3.12/site-packages/airflow/example_dags/example_sla_dag.py for tasks to queue
[2024-09-18T11:54:40.278+0100] {logging_mixin.py:190} INFO - [2024-09-18T11:54:40.277+0100] {dagbag.py:587} INFO - Filling up the DagBag from /Users/ds2718/Documents/test_python_airflow/airflow/py_venv/lib/python3.12/site-packages/airflow/example_dags/example_sla_dag.py
[2024-09-18T11:54:40.296+0100] {processor.py:925} INFO - DAG(s) 'example_sla_dag' retrieved from /Users/ds2718/Documents/test_python_airflow/airflow/py_venv/lib/python3.12/site-packages/airflow/example_dags/example_sla_dag.py
[2024-09-18T11:54:40.335+0100] {logging_mixin.py:190} INFO - [2024-09-18T11:54:40.335+0100] {dag.py:3229} INFO - Sync 1 DAGs
[2024-09-18T11:54:40.373+0100] {logging_mixin.py:190} INFO - [2024-09-18T11:54:40.373+0100] {dag.py:4156} INFO - Setting next_dagrun for example_sla_dag to 2024-09-18 10:52:00+00:00, run_after=2024-09-18 10:54:00+00:00
[2024-09-18T11:54:40.382+0100] {processor.py:208} INFO - Processing /Users/ds2718/Documents/test_python_airflow/airflow/py_venv/lib/python3.12/site-packages/airflow/example_dags/example_sla_dag.py took 0.108 seconds
[2024-09-18T11:55:15.324+0100] {processor.py:186} INFO - Started process (PID=9821) to work on /Users/ds2718/Documents/test_python_airflow/airflow/py_venv/lib/python3.12/site-packages/airflow/example_dags/example_sla_dag.py
[2024-09-18T11:55:15.326+0100] {processor.py:914} INFO - Processing file /Users/ds2718/Documents/test_python_airflow/airflow/py_venv/lib/python3.12/site-packages/airflow/example_dags/example_sla_dag.py for tasks to queue
[2024-09-18T11:55:15.326+0100] {logging_mixin.py:190} INFO - [2024-09-18T11:55:15.326+0100] {dagbag.py:587} INFO - Filling up the DagBag from /Users/ds2718/Documents/test_python_airflow/airflow/py_venv/lib/python3.12/site-packages/airflow/example_dags/example_sla_dag.py
[2024-09-18T11:55:15.347+0100] {processor.py:925} INFO - DAG(s) 'example_sla_dag' retrieved from /Users/ds2718/Documents/test_python_airflow/airflow/py_venv/lib/python3.12/site-packages/airflow/example_dags/example_sla_dag.py
[2024-09-18T11:55:15.386+0100] {logging_mixin.py:190} INFO - [2024-09-18T11:55:15.386+0100] {dag.py:3229} INFO - Sync 1 DAGs
[2024-09-18T11:55:15.422+0100] {logging_mixin.py:190} INFO - [2024-09-18T11:55:15.422+0100] {dag.py:4156} INFO - Setting next_dagrun for example_sla_dag to 2024-09-18 10:52:00+00:00, run_after=2024-09-18 10:54:00+00:00
[2024-09-18T11:55:15.439+0100] {processor.py:208} INFO - Processing /Users/ds2718/Documents/test_python_airflow/airflow/py_venv/lib/python3.12/site-packages/airflow/example_dags/example_sla_dag.py took 0.117 seconds
[2024-09-18T11:55:47.961+0100] {processor.py:186} INFO - Started process (PID=10017) to work on /Users/ds2718/Documents/test_python_airflow/airflow/py_venv/lib/python3.12/site-packages/airflow/example_dags/example_sla_dag.py
[2024-09-18T11:55:47.962+0100] {processor.py:914} INFO - Processing file /Users/ds2718/Documents/test_python_airflow/airflow/py_venv/lib/python3.12/site-packages/airflow/example_dags/example_sla_dag.py for tasks to queue
[2024-09-18T11:55:47.962+0100] {logging_mixin.py:190} INFO - [2024-09-18T11:55:47.962+0100] {dagbag.py:587} INFO - Filling up the DagBag from /Users/ds2718/Documents/test_python_airflow/airflow/py_venv/lib/python3.12/site-packages/airflow/example_dags/example_sla_dag.py
[2024-09-18T11:55:47.979+0100] {processor.py:925} INFO - DAG(s) 'example_sla_dag' retrieved from /Users/ds2718/Documents/test_python_airflow/airflow/py_venv/lib/python3.12/site-packages/airflow/example_dags/example_sla_dag.py
[2024-09-18T11:55:48.019+0100] {logging_mixin.py:190} INFO - [2024-09-18T11:55:48.019+0100] {dag.py:3229} INFO - Sync 1 DAGs
[2024-09-18T11:55:48.052+0100] {logging_mixin.py:190} INFO - [2024-09-18T11:55:48.052+0100] {dag.py:4156} INFO - Setting next_dagrun for example_sla_dag to 2024-09-18 10:52:00+00:00, run_after=2024-09-18 10:54:00+00:00
[2024-09-18T11:55:48.062+0100] {processor.py:208} INFO - Processing /Users/ds2718/Documents/test_python_airflow/airflow/py_venv/lib/python3.12/site-packages/airflow/example_dags/example_sla_dag.py took 0.106 seconds
[2024-09-18T11:56:22.768+0100] {processor.py:186} INFO - Started process (PID=10148) to work on /Users/ds2718/Documents/test_python_airflow/airflow/py_venv/lib/python3.12/site-packages/airflow/example_dags/example_sla_dag.py
[2024-09-18T11:56:22.769+0100] {processor.py:914} INFO - Processing file /Users/ds2718/Documents/test_python_airflow/airflow/py_venv/lib/python3.12/site-packages/airflow/example_dags/example_sla_dag.py for tasks to queue
[2024-09-18T11:56:22.769+0100] {logging_mixin.py:190} INFO - [2024-09-18T11:56:22.769+0100] {dagbag.py:587} INFO - Filling up the DagBag from /Users/ds2718/Documents/test_python_airflow/airflow/py_venv/lib/python3.12/site-packages/airflow/example_dags/example_sla_dag.py
[2024-09-18T11:56:22.784+0100] {processor.py:925} INFO - DAG(s) 'example_sla_dag' retrieved from /Users/ds2718/Documents/test_python_airflow/airflow/py_venv/lib/python3.12/site-packages/airflow/example_dags/example_sla_dag.py
[2024-09-18T11:56:22.835+0100] {logging_mixin.py:190} INFO - [2024-09-18T11:56:22.835+0100] {dag.py:3229} INFO - Sync 1 DAGs
[2024-09-18T11:56:22.870+0100] {logging_mixin.py:190} INFO - [2024-09-18T11:56:22.870+0100] {dag.py:4156} INFO - Setting next_dagrun for example_sla_dag to 2024-09-18 10:54:00+00:00, run_after=2024-09-18 10:56:00+00:00
[2024-09-18T11:56:22.878+0100] {processor.py:208} INFO - Processing /Users/ds2718/Documents/test_python_airflow/airflow/py_venv/lib/python3.12/site-packages/airflow/example_dags/example_sla_dag.py took 0.112 seconds
[2024-09-18T11:56:54.873+0100] {processor.py:186} INFO - Started process (PID=10322) to work on /Users/ds2718/Documents/test_python_airflow/airflow/py_venv/lib/python3.12/site-packages/airflow/example_dags/example_sla_dag.py
[2024-09-18T11:56:54.874+0100] {processor.py:914} INFO - Processing file /Users/ds2718/Documents/test_python_airflow/airflow/py_venv/lib/python3.12/site-packages/airflow/example_dags/example_sla_dag.py for tasks to queue
[2024-09-18T11:56:54.874+0100] {logging_mixin.py:190} INFO - [2024-09-18T11:56:54.874+0100] {dagbag.py:587} INFO - Filling up the DagBag from /Users/ds2718/Documents/test_python_airflow/airflow/py_venv/lib/python3.12/site-packages/airflow/example_dags/example_sla_dag.py
[2024-09-18T11:56:54.890+0100] {processor.py:925} INFO - DAG(s) 'example_sla_dag' retrieved from /Users/ds2718/Documents/test_python_airflow/airflow/py_venv/lib/python3.12/site-packages/airflow/example_dags/example_sla_dag.py
[2024-09-18T11:56:54.928+0100] {logging_mixin.py:190} INFO - [2024-09-18T11:56:54.928+0100] {dag.py:3229} INFO - Sync 1 DAGs
[2024-09-18T11:56:54.962+0100] {logging_mixin.py:190} INFO - [2024-09-18T11:56:54.961+0100] {dag.py:4156} INFO - Setting next_dagrun for example_sla_dag to 2024-09-18 10:54:00+00:00, run_after=2024-09-18 10:56:00+00:00
[2024-09-18T11:56:54.971+0100] {processor.py:208} INFO - Processing /Users/ds2718/Documents/test_python_airflow/airflow/py_venv/lib/python3.12/site-packages/airflow/example_dags/example_sla_dag.py took 0.100 seconds
[2024-09-18T11:57:27.691+0100] {processor.py:186} INFO - Started process (PID=10471) to work on /Users/ds2718/Documents/test_python_airflow/airflow/py_venv/lib/python3.12/site-packages/airflow/example_dags/example_sla_dag.py
[2024-09-18T11:57:27.692+0100] {processor.py:914} INFO - Processing file /Users/ds2718/Documents/test_python_airflow/airflow/py_venv/lib/python3.12/site-packages/airflow/example_dags/example_sla_dag.py for tasks to queue
[2024-09-18T11:57:27.692+0100] {logging_mixin.py:190} INFO - [2024-09-18T11:57:27.692+0100] {dagbag.py:587} INFO - Filling up the DagBag from /Users/ds2718/Documents/test_python_airflow/airflow/py_venv/lib/python3.12/site-packages/airflow/example_dags/example_sla_dag.py
[2024-09-18T11:57:27.709+0100] {processor.py:925} INFO - DAG(s) 'example_sla_dag' retrieved from /Users/ds2718/Documents/test_python_airflow/airflow/py_venv/lib/python3.12/site-packages/airflow/example_dags/example_sla_dag.py
[2024-09-18T11:57:27.748+0100] {logging_mixin.py:190} INFO - [2024-09-18T11:57:27.747+0100] {dag.py:3229} INFO - Sync 1 DAGs
[2024-09-18T11:57:27.781+0100] {logging_mixin.py:190} INFO - [2024-09-18T11:57:27.781+0100] {dag.py:4156} INFO - Setting next_dagrun for example_sla_dag to 2024-09-18 10:54:00+00:00, run_after=2024-09-18 10:56:00+00:00
[2024-09-18T11:57:27.793+0100] {processor.py:208} INFO - Processing /Users/ds2718/Documents/test_python_airflow/airflow/py_venv/lib/python3.12/site-packages/airflow/example_dags/example_sla_dag.py took 0.106 seconds
[2024-09-18T11:58:01.831+0100] {processor.py:186} INFO - Started process (PID=10679) to work on /Users/ds2718/Documents/test_python_airflow/airflow/py_venv/lib/python3.12/site-packages/airflow/example_dags/example_sla_dag.py
[2024-09-18T11:58:01.831+0100] {processor.py:914} INFO - Processing file /Users/ds2718/Documents/test_python_airflow/airflow/py_venv/lib/python3.12/site-packages/airflow/example_dags/example_sla_dag.py for tasks to queue
[2024-09-18T11:58:01.832+0100] {logging_mixin.py:190} INFO - [2024-09-18T11:58:01.831+0100] {dagbag.py:587} INFO - Filling up the DagBag from /Users/ds2718/Documents/test_python_airflow/airflow/py_venv/lib/python3.12/site-packages/airflow/example_dags/example_sla_dag.py
[2024-09-18T11:58:01.849+0100] {processor.py:925} INFO - DAG(s) 'example_sla_dag' retrieved from /Users/ds2718/Documents/test_python_airflow/airflow/py_venv/lib/python3.12/site-packages/airflow/example_dags/example_sla_dag.py
[2024-09-18T11:58:01.901+0100] {logging_mixin.py:190} INFO - [2024-09-18T11:58:01.901+0100] {dag.py:3229} INFO - Sync 1 DAGs
[2024-09-18T11:58:01.940+0100] {logging_mixin.py:190} INFO - [2024-09-18T11:58:01.940+0100] {dag.py:4156} INFO - Setting next_dagrun for example_sla_dag to 2024-09-18 10:56:00+00:00, run_after=2024-09-18 10:58:00+00:00
[2024-09-18T11:58:01.962+0100] {processor.py:208} INFO - Processing /Users/ds2718/Documents/test_python_airflow/airflow/py_venv/lib/python3.12/site-packages/airflow/example_dags/example_sla_dag.py took 0.134 seconds
[2024-09-18T11:58:35.933+0100] {processor.py:186} INFO - Started process (PID=10862) to work on /Users/ds2718/Documents/test_python_airflow/airflow/py_venv/lib/python3.12/site-packages/airflow/example_dags/example_sla_dag.py
[2024-09-18T11:58:35.933+0100] {processor.py:914} INFO - Processing file /Users/ds2718/Documents/test_python_airflow/airflow/py_venv/lib/python3.12/site-packages/airflow/example_dags/example_sla_dag.py for tasks to queue
[2024-09-18T11:58:35.933+0100] {logging_mixin.py:190} INFO - [2024-09-18T11:58:35.933+0100] {dagbag.py:587} INFO - Filling up the DagBag from /Users/ds2718/Documents/test_python_airflow/airflow/py_venv/lib/python3.12/site-packages/airflow/example_dags/example_sla_dag.py
[2024-09-18T11:58:35.952+0100] {processor.py:925} INFO - DAG(s) 'example_sla_dag' retrieved from /Users/ds2718/Documents/test_python_airflow/airflow/py_venv/lib/python3.12/site-packages/airflow/example_dags/example_sla_dag.py
[2024-09-18T11:58:35.994+0100] {logging_mixin.py:190} INFO - [2024-09-18T11:58:35.993+0100] {dag.py:3229} INFO - Sync 1 DAGs
[2024-09-18T11:58:36.034+0100] {logging_mixin.py:190} INFO - [2024-09-18T11:58:36.034+0100] {dag.py:4156} INFO - Setting next_dagrun for example_sla_dag to 2024-09-18 10:56:00+00:00, run_after=2024-09-18 10:58:00+00:00
[2024-09-18T11:58:36.050+0100] {processor.py:208} INFO - Processing /Users/ds2718/Documents/test_python_airflow/airflow/py_venv/lib/python3.12/site-packages/airflow/example_dags/example_sla_dag.py took 0.122 seconds
[2024-09-18T11:59:11.097+0100] {processor.py:186} INFO - Started process (PID=11059) to work on /Users/ds2718/Documents/test_python_airflow/airflow/py_venv/lib/python3.12/site-packages/airflow/example_dags/example_sla_dag.py
[2024-09-18T11:59:11.098+0100] {processor.py:914} INFO - Processing file /Users/ds2718/Documents/test_python_airflow/airflow/py_venv/lib/python3.12/site-packages/airflow/example_dags/example_sla_dag.py for tasks to queue
[2024-09-18T11:59:11.098+0100] {logging_mixin.py:190} INFO - [2024-09-18T11:59:11.098+0100] {dagbag.py:587} INFO - Filling up the DagBag from /Users/ds2718/Documents/test_python_airflow/airflow/py_venv/lib/python3.12/site-packages/airflow/example_dags/example_sla_dag.py
[2024-09-18T11:59:11.117+0100] {processor.py:925} INFO - DAG(s) 'example_sla_dag' retrieved from /Users/ds2718/Documents/test_python_airflow/airflow/py_venv/lib/python3.12/site-packages/airflow/example_dags/example_sla_dag.py
[2024-09-18T11:59:11.171+0100] {logging_mixin.py:190} INFO - [2024-09-18T11:59:11.171+0100] {dag.py:3229} INFO - Sync 1 DAGs
[2024-09-18T11:59:11.212+0100] {logging_mixin.py:190} INFO - [2024-09-18T11:59:11.212+0100] {dag.py:4156} INFO - Setting next_dagrun for example_sla_dag to 2024-09-18 10:56:00+00:00, run_after=2024-09-18 10:58:00+00:00
[2024-09-18T11:59:11.221+0100] {processor.py:208} INFO - Processing /Users/ds2718/Documents/test_python_airflow/airflow/py_venv/lib/python3.12/site-packages/airflow/example_dags/example_sla_dag.py took 0.128 seconds
[2024-09-18T11:59:45.222+0100] {processor.py:186} INFO - Started process (PID=11234) to work on /Users/ds2718/Documents/test_python_airflow/airflow/py_venv/lib/python3.12/site-packages/airflow/example_dags/example_sla_dag.py
[2024-09-18T11:59:45.222+0100] {processor.py:914} INFO - Processing file /Users/ds2718/Documents/test_python_airflow/airflow/py_venv/lib/python3.12/site-packages/airflow/example_dags/example_sla_dag.py for tasks to queue
[2024-09-18T11:59:45.223+0100] {logging_mixin.py:190} INFO - [2024-09-18T11:59:45.223+0100] {dagbag.py:587} INFO - Filling up the DagBag from /Users/ds2718/Documents/test_python_airflow/airflow/py_venv/lib/python3.12/site-packages/airflow/example_dags/example_sla_dag.py
[2024-09-18T11:59:45.242+0100] {processor.py:925} INFO - DAG(s) 'example_sla_dag' retrieved from /Users/ds2718/Documents/test_python_airflow/airflow/py_venv/lib/python3.12/site-packages/airflow/example_dags/example_sla_dag.py
[2024-09-18T11:59:45.283+0100] {logging_mixin.py:190} INFO - [2024-09-18T11:59:45.282+0100] {dag.py:3229} INFO - Sync 1 DAGs
[2024-09-18T11:59:45.318+0100] {logging_mixin.py:190} INFO - [2024-09-18T11:59:45.318+0100] {dag.py:4156} INFO - Setting next_dagrun for example_sla_dag to 2024-09-18 10:56:00+00:00, run_after=2024-09-18 10:58:00+00:00
[2024-09-18T11:59:45.326+0100] {processor.py:208} INFO - Processing /Users/ds2718/Documents/test_python_airflow/airflow/py_venv/lib/python3.12/site-packages/airflow/example_dags/example_sla_dag.py took 0.110 seconds
[2024-09-18T12:00:18.189+0100] {processor.py:186} INFO - Started process (PID=11444) to work on /Users/ds2718/Documents/test_python_airflow/airflow/py_venv/lib/python3.12/site-packages/airflow/example_dags/example_sla_dag.py
[2024-09-18T12:00:18.189+0100] {processor.py:914} INFO - Processing file /Users/ds2718/Documents/test_python_airflow/airflow/py_venv/lib/python3.12/site-packages/airflow/example_dags/example_sla_dag.py for tasks to queue
[2024-09-18T12:00:18.190+0100] {logging_mixin.py:190} INFO - [2024-09-18T12:00:18.189+0100] {dagbag.py:587} INFO - Filling up the DagBag from /Users/ds2718/Documents/test_python_airflow/airflow/py_venv/lib/python3.12/site-packages/airflow/example_dags/example_sla_dag.py
[2024-09-18T12:00:18.207+0100] {processor.py:925} INFO - DAG(s) 'example_sla_dag' retrieved from /Users/ds2718/Documents/test_python_airflow/airflow/py_venv/lib/python3.12/site-packages/airflow/example_dags/example_sla_dag.py
[2024-09-18T12:00:18.248+0100] {logging_mixin.py:190} INFO - [2024-09-18T12:00:18.248+0100] {dag.py:3229} INFO - Sync 1 DAGs
[2024-09-18T12:00:18.289+0100] {logging_mixin.py:190} INFO - [2024-09-18T12:00:18.289+0100] {dag.py:4156} INFO - Setting next_dagrun for example_sla_dag to 2024-09-18 10:58:00+00:00, run_after=2024-09-18 11:00:00+00:00
[2024-09-18T12:00:18.298+0100] {processor.py:208} INFO - Processing /Users/ds2718/Documents/test_python_airflow/airflow/py_venv/lib/python3.12/site-packages/airflow/example_dags/example_sla_dag.py took 0.111 seconds
[2024-09-18T12:00:51.344+0100] {processor.py:186} INFO - Started process (PID=11618) to work on /Users/ds2718/Documents/test_python_airflow/airflow/py_venv/lib/python3.12/site-packages/airflow/example_dags/example_sla_dag.py
[2024-09-18T12:00:51.344+0100] {processor.py:914} INFO - Processing file /Users/ds2718/Documents/test_python_airflow/airflow/py_venv/lib/python3.12/site-packages/airflow/example_dags/example_sla_dag.py for tasks to queue
[2024-09-18T12:00:51.344+0100] {logging_mixin.py:190} INFO - [2024-09-18T12:00:51.344+0100] {dagbag.py:587} INFO - Filling up the DagBag from /Users/ds2718/Documents/test_python_airflow/airflow/py_venv/lib/python3.12/site-packages/airflow/example_dags/example_sla_dag.py
[2024-09-18T12:00:51.360+0100] {processor.py:925} INFO - DAG(s) 'example_sla_dag' retrieved from /Users/ds2718/Documents/test_python_airflow/airflow/py_venv/lib/python3.12/site-packages/airflow/example_dags/example_sla_dag.py
[2024-09-18T12:00:51.401+0100] {logging_mixin.py:190} INFO - [2024-09-18T12:00:51.401+0100] {dag.py:3229} INFO - Sync 1 DAGs
[2024-09-18T12:00:51.449+0100] {logging_mixin.py:190} INFO - [2024-09-18T12:00:51.449+0100] {dag.py:4156} INFO - Setting next_dagrun for example_sla_dag to 2024-09-18 10:58:00+00:00, run_after=2024-09-18 11:00:00+00:00
[2024-09-18T12:00:51.460+0100] {processor.py:208} INFO - Processing /Users/ds2718/Documents/test_python_airflow/airflow/py_venv/lib/python3.12/site-packages/airflow/example_dags/example_sla_dag.py took 0.118 seconds
[2024-09-18T12:01:33.607+0100] {processor.py:186} INFO - Started process (PID=11825) to work on /Users/ds2718/Documents/test_python_airflow/airflow/py_venv/lib/python3.12/site-packages/airflow/example_dags/example_sla_dag.py
[2024-09-18T12:01:33.608+0100] {processor.py:914} INFO - Processing file /Users/ds2718/Documents/test_python_airflow/airflow/py_venv/lib/python3.12/site-packages/airflow/example_dags/example_sla_dag.py for tasks to queue
[2024-09-18T12:01:33.608+0100] {logging_mixin.py:190} INFO - [2024-09-18T12:01:33.608+0100] {dagbag.py:587} INFO - Filling up the DagBag from /Users/ds2718/Documents/test_python_airflow/airflow/py_venv/lib/python3.12/site-packages/airflow/example_dags/example_sla_dag.py
[2024-09-18T12:01:33.629+0100] {processor.py:925} INFO - DAG(s) 'example_sla_dag' retrieved from /Users/ds2718/Documents/test_python_airflow/airflow/py_venv/lib/python3.12/site-packages/airflow/example_dags/example_sla_dag.py
[2024-09-18T12:01:33.668+0100] {logging_mixin.py:190} INFO - [2024-09-18T12:01:33.667+0100] {dag.py:3229} INFO - Sync 1 DAGs
[2024-09-18T12:01:33.714+0100] {logging_mixin.py:190} INFO - [2024-09-18T12:01:33.714+0100] {dag.py:4156} INFO - Setting next_dagrun for example_sla_dag to 2024-09-18 10:58:00+00:00, run_after=2024-09-18 11:00:00+00:00
[2024-09-18T12:01:33.726+0100] {processor.py:208} INFO - Processing /Users/ds2718/Documents/test_python_airflow/airflow/py_venv/lib/python3.12/site-packages/airflow/example_dags/example_sla_dag.py took 0.124 seconds
[2024-09-18T12:06:31.022+0100] {processor.py:186} INFO - Started process (PID=12015) to work on /Users/ds2718/Documents/test_python_airflow/airflow/py_venv/lib/python3.12/site-packages/airflow/example_dags/example_sla_dag.py
[2024-09-18T12:06:31.023+0100] {processor.py:914} INFO - Processing file /Users/ds2718/Documents/test_python_airflow/airflow/py_venv/lib/python3.12/site-packages/airflow/example_dags/example_sla_dag.py for tasks to queue
[2024-09-18T12:06:31.023+0100] {logging_mixin.py:190} INFO - [2024-09-18T12:06:31.023+0100] {dagbag.py:587} INFO - Filling up the DagBag from /Users/ds2718/Documents/test_python_airflow/airflow/py_venv/lib/python3.12/site-packages/airflow/example_dags/example_sla_dag.py
[2024-09-18T12:06:31.038+0100] {processor.py:925} INFO - DAG(s) 'example_sla_dag' retrieved from /Users/ds2718/Documents/test_python_airflow/airflow/py_venv/lib/python3.12/site-packages/airflow/example_dags/example_sla_dag.py
[2024-09-18T12:06:31.078+0100] {logging_mixin.py:190} INFO - [2024-09-18T12:06:31.078+0100] {dag.py:3229} INFO - Sync 1 DAGs
[2024-09-18T12:06:31.126+0100] {logging_mixin.py:190} INFO - [2024-09-18T12:06:31.126+0100] {dag.py:4156} INFO - Setting next_dagrun for example_sla_dag to 2024-09-18 11:04:00+00:00, run_after=2024-09-18 11:06:00+00:00
[2024-09-18T12:06:31.135+0100] {processor.py:208} INFO - Processing /Users/ds2718/Documents/test_python_airflow/airflow/py_venv/lib/python3.12/site-packages/airflow/example_dags/example_sla_dag.py took 0.115 seconds
[2024-09-18T12:07:05.392+0100] {processor.py:186} INFO - Started process (PID=12165) to work on /Users/ds2718/Documents/test_python_airflow/airflow/py_venv/lib/python3.12/site-packages/airflow/example_dags/example_sla_dag.py
[2024-09-18T12:07:05.393+0100] {processor.py:914} INFO - Processing file /Users/ds2718/Documents/test_python_airflow/airflow/py_venv/lib/python3.12/site-packages/airflow/example_dags/example_sla_dag.py for tasks to queue
[2024-09-18T12:07:05.393+0100] {logging_mixin.py:190} INFO - [2024-09-18T12:07:05.393+0100] {dagbag.py:587} INFO - Filling up the DagBag from /Users/ds2718/Documents/test_python_airflow/airflow/py_venv/lib/python3.12/site-packages/airflow/example_dags/example_sla_dag.py
[2024-09-18T12:07:05.410+0100] {processor.py:925} INFO - DAG(s) 'example_sla_dag' retrieved from /Users/ds2718/Documents/test_python_airflow/airflow/py_venv/lib/python3.12/site-packages/airflow/example_dags/example_sla_dag.py
[2024-09-18T12:07:05.449+0100] {logging_mixin.py:190} INFO - [2024-09-18T12:07:05.449+0100] {dag.py:3229} INFO - Sync 1 DAGs
[2024-09-18T12:07:05.486+0100] {logging_mixin.py:190} INFO - [2024-09-18T12:07:05.486+0100] {dag.py:4156} INFO - Setting next_dagrun for example_sla_dag to 2024-09-18 11:04:00+00:00, run_after=2024-09-18 11:06:00+00:00
[2024-09-18T12:07:05.496+0100] {processor.py:208} INFO - Processing /Users/ds2718/Documents/test_python_airflow/airflow/py_venv/lib/python3.12/site-packages/airflow/example_dags/example_sla_dag.py took 0.110 seconds
[2024-09-18T12:07:40.544+0100] {processor.py:186} INFO - Started process (PID=12361) to work on /Users/ds2718/Documents/test_python_airflow/airflow/py_venv/lib/python3.12/site-packages/airflow/example_dags/example_sla_dag.py
[2024-09-18T12:07:40.546+0100] {processor.py:914} INFO - Processing file /Users/ds2718/Documents/test_python_airflow/airflow/py_venv/lib/python3.12/site-packages/airflow/example_dags/example_sla_dag.py for tasks to queue
[2024-09-18T12:07:40.546+0100] {logging_mixin.py:190} INFO - [2024-09-18T12:07:40.546+0100] {dagbag.py:587} INFO - Filling up the DagBag from /Users/ds2718/Documents/test_python_airflow/airflow/py_venv/lib/python3.12/site-packages/airflow/example_dags/example_sla_dag.py
[2024-09-18T12:07:40.573+0100] {processor.py:925} INFO - DAG(s) 'example_sla_dag' retrieved from /Users/ds2718/Documents/test_python_airflow/airflow/py_venv/lib/python3.12/site-packages/airflow/example_dags/example_sla_dag.py
[2024-09-18T12:07:40.615+0100] {logging_mixin.py:190} INFO - [2024-09-18T12:07:40.615+0100] {dag.py:3229} INFO - Sync 1 DAGs
[2024-09-18T12:07:40.657+0100] {logging_mixin.py:190} INFO - [2024-09-18T12:07:40.657+0100] {dag.py:4156} INFO - Setting next_dagrun for example_sla_dag to 2024-09-18 11:04:00+00:00, run_after=2024-09-18 11:06:00+00:00
[2024-09-18T12:07:40.673+0100] {processor.py:208} INFO - Processing /Users/ds2718/Documents/test_python_airflow/airflow/py_venv/lib/python3.12/site-packages/airflow/example_dags/example_sla_dag.py took 0.132 seconds
[2024-09-18T12:08:25.748+0100] {processor.py:186} INFO - Started process (PID=12514) to work on /Users/ds2718/Documents/test_python_airflow/airflow/py_venv/lib/python3.12/site-packages/airflow/example_dags/example_sla_dag.py
[2024-09-18T12:08:25.749+0100] {processor.py:914} INFO - Processing file /Users/ds2718/Documents/test_python_airflow/airflow/py_venv/lib/python3.12/site-packages/airflow/example_dags/example_sla_dag.py for tasks to queue
[2024-09-18T12:08:25.750+0100] {logging_mixin.py:190} INFO - [2024-09-18T12:08:25.750+0100] {dagbag.py:587} INFO - Filling up the DagBag from /Users/ds2718/Documents/test_python_airflow/airflow/py_venv/lib/python3.12/site-packages/airflow/example_dags/example_sla_dag.py
[2024-09-18T12:08:25.785+0100] {processor.py:925} INFO - DAG(s) 'example_sla_dag' retrieved from /Users/ds2718/Documents/test_python_airflow/airflow/py_venv/lib/python3.12/site-packages/airflow/example_dags/example_sla_dag.py
[2024-09-18T12:08:25.861+0100] {logging_mixin.py:190} INFO - [2024-09-18T12:08:25.861+0100] {dag.py:3229} INFO - Sync 1 DAGs
[2024-09-18T12:08:25.927+0100] {logging_mixin.py:190} INFO - [2024-09-18T12:08:25.927+0100] {dag.py:4156} INFO - Setting next_dagrun for example_sla_dag to 2024-09-18 11:06:00+00:00, run_after=2024-09-18 11:08:00+00:00
[2024-09-18T12:08:25.972+0100] {processor.py:208} INFO - Processing /Users/ds2718/Documents/test_python_airflow/airflow/py_venv/lib/python3.12/site-packages/airflow/example_dags/example_sla_dag.py took 0.232 seconds
[2024-09-18T12:08:59.404+0100] {processor.py:186} INFO - Started process (PID=12713) to work on /Users/ds2718/Documents/test_python_airflow/airflow/py_venv/lib/python3.12/site-packages/airflow/example_dags/example_sla_dag.py
[2024-09-18T12:08:59.405+0100] {processor.py:914} INFO - Processing file /Users/ds2718/Documents/test_python_airflow/airflow/py_venv/lib/python3.12/site-packages/airflow/example_dags/example_sla_dag.py for tasks to queue
[2024-09-18T12:08:59.405+0100] {logging_mixin.py:190} INFO - [2024-09-18T12:08:59.405+0100] {dagbag.py:587} INFO - Filling up the DagBag from /Users/ds2718/Documents/test_python_airflow/airflow/py_venv/lib/python3.12/site-packages/airflow/example_dags/example_sla_dag.py
[2024-09-18T12:08:59.424+0100] {processor.py:925} INFO - DAG(s) 'example_sla_dag' retrieved from /Users/ds2718/Documents/test_python_airflow/airflow/py_venv/lib/python3.12/site-packages/airflow/example_dags/example_sla_dag.py
[2024-09-18T12:08:59.469+0100] {logging_mixin.py:190} INFO - [2024-09-18T12:08:59.468+0100] {dag.py:3229} INFO - Sync 1 DAGs
[2024-09-18T12:08:59.507+0100] {logging_mixin.py:190} INFO - [2024-09-18T12:08:59.507+0100] {dag.py:4156} INFO - Setting next_dagrun for example_sla_dag to 2024-09-18 11:06:00+00:00, run_after=2024-09-18 11:08:00+00:00
[2024-09-18T12:08:59.520+0100] {processor.py:208} INFO - Processing /Users/ds2718/Documents/test_python_airflow/airflow/py_venv/lib/python3.12/site-packages/airflow/example_dags/example_sla_dag.py took 0.125 seconds
[2024-09-18T12:09:34.782+0100] {processor.py:186} INFO - Started process (PID=12876) to work on /Users/ds2718/Documents/test_python_airflow/airflow/py_venv/lib/python3.12/site-packages/airflow/example_dags/example_sla_dag.py
[2024-09-18T12:09:34.782+0100] {processor.py:914} INFO - Processing file /Users/ds2718/Documents/test_python_airflow/airflow/py_venv/lib/python3.12/site-packages/airflow/example_dags/example_sla_dag.py for tasks to queue
[2024-09-18T12:09:34.783+0100] {logging_mixin.py:190} INFO - [2024-09-18T12:09:34.782+0100] {dagbag.py:587} INFO - Filling up the DagBag from /Users/ds2718/Documents/test_python_airflow/airflow/py_venv/lib/python3.12/site-packages/airflow/example_dags/example_sla_dag.py
[2024-09-18T12:09:34.813+0100] {processor.py:925} INFO - DAG(s) 'example_sla_dag' retrieved from /Users/ds2718/Documents/test_python_airflow/airflow/py_venv/lib/python3.12/site-packages/airflow/example_dags/example_sla_dag.py
[2024-09-18T12:09:34.857+0100] {logging_mixin.py:190} INFO - [2024-09-18T12:09:34.857+0100] {dag.py:3229} INFO - Sync 1 DAGs
[2024-09-18T12:09:34.900+0100] {logging_mixin.py:190} INFO - [2024-09-18T12:09:34.900+0100] {dag.py:4156} INFO - Setting next_dagrun for example_sla_dag to 2024-09-18 11:06:00+00:00, run_after=2024-09-18 11:08:00+00:00
[2024-09-18T12:09:34.908+0100] {processor.py:208} INFO - Processing /Users/ds2718/Documents/test_python_airflow/airflow/py_venv/lib/python3.12/site-packages/airflow/example_dags/example_sla_dag.py took 0.130 seconds
[2024-09-18T12:10:07.919+0100] {processor.py:186} INFO - Started process (PID=13062) to work on /Users/ds2718/Documents/test_python_airflow/airflow/py_venv/lib/python3.12/site-packages/airflow/example_dags/example_sla_dag.py
[2024-09-18T12:10:07.920+0100] {processor.py:914} INFO - Processing file /Users/ds2718/Documents/test_python_airflow/airflow/py_venv/lib/python3.12/site-packages/airflow/example_dags/example_sla_dag.py for tasks to queue
[2024-09-18T12:10:07.920+0100] {logging_mixin.py:190} INFO - [2024-09-18T12:10:07.920+0100] {dagbag.py:587} INFO - Filling up the DagBag from /Users/ds2718/Documents/test_python_airflow/airflow/py_venv/lib/python3.12/site-packages/airflow/example_dags/example_sla_dag.py
[2024-09-18T12:10:07.939+0100] {processor.py:925} INFO - DAG(s) 'example_sla_dag' retrieved from /Users/ds2718/Documents/test_python_airflow/airflow/py_venv/lib/python3.12/site-packages/airflow/example_dags/example_sla_dag.py
[2024-09-18T12:10:07.981+0100] {logging_mixin.py:190} INFO - [2024-09-18T12:10:07.980+0100] {dag.py:3229} INFO - Sync 1 DAGs
[2024-09-18T12:10:08.029+0100] {logging_mixin.py:190} INFO - [2024-09-18T12:10:08.029+0100] {dag.py:4156} INFO - Setting next_dagrun for example_sla_dag to 2024-09-18 11:08:00+00:00, run_after=2024-09-18 11:10:00+00:00
[2024-09-18T12:10:08.038+0100] {processor.py:208} INFO - Processing /Users/ds2718/Documents/test_python_airflow/airflow/py_venv/lib/python3.12/site-packages/airflow/example_dags/example_sla_dag.py took 0.126 seconds
[2024-09-18T12:10:41.289+0100] {processor.py:186} INFO - Started process (PID=13204) to work on /Users/ds2718/Documents/test_python_airflow/airflow/py_venv/lib/python3.12/site-packages/airflow/example_dags/example_sla_dag.py
[2024-09-18T12:10:41.290+0100] {processor.py:914} INFO - Processing file /Users/ds2718/Documents/test_python_airflow/airflow/py_venv/lib/python3.12/site-packages/airflow/example_dags/example_sla_dag.py for tasks to queue
[2024-09-18T12:10:41.290+0100] {logging_mixin.py:190} INFO - [2024-09-18T12:10:41.290+0100] {dagbag.py:587} INFO - Filling up the DagBag from /Users/ds2718/Documents/test_python_airflow/airflow/py_venv/lib/python3.12/site-packages/airflow/example_dags/example_sla_dag.py
[2024-09-18T12:10:41.309+0100] {processor.py:925} INFO - DAG(s) 'example_sla_dag' retrieved from /Users/ds2718/Documents/test_python_airflow/airflow/py_venv/lib/python3.12/site-packages/airflow/example_dags/example_sla_dag.py
[2024-09-18T12:10:41.348+0100] {logging_mixin.py:190} INFO - [2024-09-18T12:10:41.348+0100] {dag.py:3229} INFO - Sync 1 DAGs
[2024-09-18T12:10:41.391+0100] {logging_mixin.py:190} INFO - [2024-09-18T12:10:41.391+0100] {dag.py:4156} INFO - Setting next_dagrun for example_sla_dag to 2024-09-18 11:08:00+00:00, run_after=2024-09-18 11:10:00+00:00
[2024-09-18T12:10:41.404+0100] {processor.py:208} INFO - Processing /Users/ds2718/Documents/test_python_airflow/airflow/py_venv/lib/python3.12/site-packages/airflow/example_dags/example_sla_dag.py took 0.119 seconds
[2024-09-18T12:11:14.554+0100] {processor.py:186} INFO - Started process (PID=13365) to work on /Users/ds2718/Documents/test_python_airflow/airflow/py_venv/lib/python3.12/site-packages/airflow/example_dags/example_sla_dag.py
[2024-09-18T12:11:14.555+0100] {processor.py:914} INFO - Processing file /Users/ds2718/Documents/test_python_airflow/airflow/py_venv/lib/python3.12/site-packages/airflow/example_dags/example_sla_dag.py for tasks to queue
[2024-09-18T12:11:14.555+0100] {logging_mixin.py:190} INFO - [2024-09-18T12:11:14.555+0100] {dagbag.py:587} INFO - Filling up the DagBag from /Users/ds2718/Documents/test_python_airflow/airflow/py_venv/lib/python3.12/site-packages/airflow/example_dags/example_sla_dag.py
[2024-09-18T12:11:14.577+0100] {processor.py:925} INFO - DAG(s) 'example_sla_dag' retrieved from /Users/ds2718/Documents/test_python_airflow/airflow/py_venv/lib/python3.12/site-packages/airflow/example_dags/example_sla_dag.py
[2024-09-18T12:11:14.617+0100] {logging_mixin.py:190} INFO - [2024-09-18T12:11:14.617+0100] {dag.py:3229} INFO - Sync 1 DAGs
[2024-09-18T12:11:14.665+0100] {logging_mixin.py:190} INFO - [2024-09-18T12:11:14.665+0100] {dag.py:4156} INFO - Setting next_dagrun for example_sla_dag to 2024-09-18 11:08:00+00:00, run_after=2024-09-18 11:10:00+00:00
[2024-09-18T12:11:14.681+0100] {processor.py:208} INFO - Processing /Users/ds2718/Documents/test_python_airflow/airflow/py_venv/lib/python3.12/site-packages/airflow/example_dags/example_sla_dag.py took 0.134 seconds
[2024-09-18T12:11:47.576+0100] {processor.py:186} INFO - Started process (PID=13513) to work on /Users/ds2718/Documents/test_python_airflow/airflow/py_venv/lib/python3.12/site-packages/airflow/example_dags/example_sla_dag.py
[2024-09-18T12:11:47.577+0100] {processor.py:914} INFO - Processing file /Users/ds2718/Documents/test_python_airflow/airflow/py_venv/lib/python3.12/site-packages/airflow/example_dags/example_sla_dag.py for tasks to queue
[2024-09-18T12:11:47.577+0100] {logging_mixin.py:190} INFO - [2024-09-18T12:11:47.577+0100] {dagbag.py:587} INFO - Filling up the DagBag from /Users/ds2718/Documents/test_python_airflow/airflow/py_venv/lib/python3.12/site-packages/airflow/example_dags/example_sla_dag.py
[2024-09-18T12:11:47.594+0100] {processor.py:925} INFO - DAG(s) 'example_sla_dag' retrieved from /Users/ds2718/Documents/test_python_airflow/airflow/py_venv/lib/python3.12/site-packages/airflow/example_dags/example_sla_dag.py
[2024-09-18T12:11:47.644+0100] {logging_mixin.py:190} INFO - [2024-09-18T12:11:47.644+0100] {dag.py:3229} INFO - Sync 1 DAGs
[2024-09-18T12:11:47.682+0100] {logging_mixin.py:190} INFO - [2024-09-18T12:11:47.682+0100] {dag.py:4156} INFO - Setting next_dagrun for example_sla_dag to 2024-09-18 11:08:00+00:00, run_after=2024-09-18 11:10:00+00:00
[2024-09-18T12:11:47.692+0100] {processor.py:208} INFO - Processing /Users/ds2718/Documents/test_python_airflow/airflow/py_venv/lib/python3.12/site-packages/airflow/example_dags/example_sla_dag.py took 0.118 seconds
[2024-09-18T12:12:21.088+0100] {processor.py:186} INFO - Started process (PID=13666) to work on /Users/ds2718/Documents/test_python_airflow/airflow/py_venv/lib/python3.12/site-packages/airflow/example_dags/example_sla_dag.py
[2024-09-18T12:12:21.089+0100] {processor.py:914} INFO - Processing file /Users/ds2718/Documents/test_python_airflow/airflow/py_venv/lib/python3.12/site-packages/airflow/example_dags/example_sla_dag.py for tasks to queue
[2024-09-18T12:12:21.090+0100] {logging_mixin.py:190} INFO - [2024-09-18T12:12:21.089+0100] {dagbag.py:587} INFO - Filling up the DagBag from /Users/ds2718/Documents/test_python_airflow/airflow/py_venv/lib/python3.12/site-packages/airflow/example_dags/example_sla_dag.py
[2024-09-18T12:12:21.109+0100] {processor.py:925} INFO - DAG(s) 'example_sla_dag' retrieved from /Users/ds2718/Documents/test_python_airflow/airflow/py_venv/lib/python3.12/site-packages/airflow/example_dags/example_sla_dag.py
[2024-09-18T12:12:21.149+0100] {logging_mixin.py:190} INFO - [2024-09-18T12:12:21.148+0100] {dag.py:3229} INFO - Sync 1 DAGs
[2024-09-18T12:12:21.194+0100] {logging_mixin.py:190} INFO - [2024-09-18T12:12:21.194+0100] {dag.py:4156} INFO - Setting next_dagrun for example_sla_dag to 2024-09-18 11:10:00+00:00, run_after=2024-09-18 11:12:00+00:00
[2024-09-18T12:12:21.209+0100] {processor.py:208} INFO - Processing /Users/ds2718/Documents/test_python_airflow/airflow/py_venv/lib/python3.12/site-packages/airflow/example_dags/example_sla_dag.py took 0.132 seconds
[2024-09-18T12:12:54.331+0100] {processor.py:186} INFO - Started process (PID=13841) to work on /Users/ds2718/Documents/test_python_airflow/airflow/py_venv/lib/python3.12/site-packages/airflow/example_dags/example_sla_dag.py
[2024-09-18T12:12:54.332+0100] {processor.py:914} INFO - Processing file /Users/ds2718/Documents/test_python_airflow/airflow/py_venv/lib/python3.12/site-packages/airflow/example_dags/example_sla_dag.py for tasks to queue
[2024-09-18T12:12:54.332+0100] {logging_mixin.py:190} INFO - [2024-09-18T12:12:54.332+0100] {dagbag.py:587} INFO - Filling up the DagBag from /Users/ds2718/Documents/test_python_airflow/airflow/py_venv/lib/python3.12/site-packages/airflow/example_dags/example_sla_dag.py
[2024-09-18T12:12:54.350+0100] {processor.py:925} INFO - DAG(s) 'example_sla_dag' retrieved from /Users/ds2718/Documents/test_python_airflow/airflow/py_venv/lib/python3.12/site-packages/airflow/example_dags/example_sla_dag.py
[2024-09-18T12:12:54.390+0100] {logging_mixin.py:190} INFO - [2024-09-18T12:12:54.390+0100] {dag.py:3229} INFO - Sync 1 DAGs
[2024-09-18T12:12:54.430+0100] {logging_mixin.py:190} INFO - [2024-09-18T12:12:54.430+0100] {dag.py:4156} INFO - Setting next_dagrun for example_sla_dag to 2024-09-18 11:10:00+00:00, run_after=2024-09-18 11:12:00+00:00
[2024-09-18T12:12:54.438+0100] {processor.py:208} INFO - Processing /Users/ds2718/Documents/test_python_airflow/airflow/py_venv/lib/python3.12/site-packages/airflow/example_dags/example_sla_dag.py took 0.110 seconds
[2024-09-18T12:13:30.016+0100] {processor.py:186} INFO - Started process (PID=14007) to work on /Users/ds2718/Documents/test_python_airflow/airflow/py_venv/lib/python3.12/site-packages/airflow/example_dags/example_sla_dag.py
[2024-09-18T12:13:30.016+0100] {processor.py:914} INFO - Processing file /Users/ds2718/Documents/test_python_airflow/airflow/py_venv/lib/python3.12/site-packages/airflow/example_dags/example_sla_dag.py for tasks to queue
[2024-09-18T12:13:30.016+0100] {logging_mixin.py:190} INFO - [2024-09-18T12:13:30.016+0100] {dagbag.py:587} INFO - Filling up the DagBag from /Users/ds2718/Documents/test_python_airflow/airflow/py_venv/lib/python3.12/site-packages/airflow/example_dags/example_sla_dag.py
[2024-09-18T12:13:30.033+0100] {processor.py:925} INFO - DAG(s) 'example_sla_dag' retrieved from /Users/ds2718/Documents/test_python_airflow/airflow/py_venv/lib/python3.12/site-packages/airflow/example_dags/example_sla_dag.py
[2024-09-18T12:13:30.069+0100] {logging_mixin.py:190} INFO - [2024-09-18T12:13:30.069+0100] {dag.py:3229} INFO - Sync 1 DAGs
[2024-09-18T12:13:30.107+0100] {logging_mixin.py:190} INFO - [2024-09-18T12:13:30.107+0100] {dag.py:4156} INFO - Setting next_dagrun for example_sla_dag to 2024-09-18 11:10:00+00:00, run_after=2024-09-18 11:12:00+00:00
[2024-09-18T12:13:30.115+0100] {processor.py:208} INFO - Processing /Users/ds2718/Documents/test_python_airflow/airflow/py_venv/lib/python3.12/site-packages/airflow/example_dags/example_sla_dag.py took 0.106 seconds
[2024-09-18T12:14:04.534+0100] {processor.py:186} INFO - Started process (PID=14194) to work on /Users/ds2718/Documents/test_python_airflow/airflow/py_venv/lib/python3.12/site-packages/airflow/example_dags/example_sla_dag.py
[2024-09-18T12:14:04.535+0100] {processor.py:914} INFO - Processing file /Users/ds2718/Documents/test_python_airflow/airflow/py_venv/lib/python3.12/site-packages/airflow/example_dags/example_sla_dag.py for tasks to queue
[2024-09-18T12:14:04.535+0100] {logging_mixin.py:190} INFO - [2024-09-18T12:14:04.535+0100] {dagbag.py:587} INFO - Filling up the DagBag from /Users/ds2718/Documents/test_python_airflow/airflow/py_venv/lib/python3.12/site-packages/airflow/example_dags/example_sla_dag.py
[2024-09-18T12:14:04.554+0100] {processor.py:925} INFO - DAG(s) 'example_sla_dag' retrieved from /Users/ds2718/Documents/test_python_airflow/airflow/py_venv/lib/python3.12/site-packages/airflow/example_dags/example_sla_dag.py
[2024-09-18T12:14:04.595+0100] {logging_mixin.py:190} INFO - [2024-09-18T12:14:04.595+0100] {dag.py:3229} INFO - Sync 1 DAGs
[2024-09-18T12:14:04.630+0100] {logging_mixin.py:190} INFO - [2024-09-18T12:14:04.630+0100] {dag.py:4156} INFO - Setting next_dagrun for example_sla_dag to 2024-09-18 11:12:00+00:00, run_after=2024-09-18 11:14:00+00:00
[2024-09-18T12:14:04.644+0100] {processor.py:208} INFO - Processing /Users/ds2718/Documents/test_python_airflow/airflow/py_venv/lib/python3.12/site-packages/airflow/example_dags/example_sla_dag.py took 0.120 seconds
