[2024-09-18T11:54:06.860+0100] {processor.py:186} INFO - Started process (PID=9457) to work on /Users/ds2718/Documents/test_python_airflow/airflow/py_venv/lib/python3.12/site-packages/airflow/example_dags/example_short_circuit_operator.py
[2024-09-18T11:54:06.861+0100] {processor.py:914} INFO - Processing file /Users/ds2718/Documents/test_python_airflow/airflow/py_venv/lib/python3.12/site-packages/airflow/example_dags/example_short_circuit_operator.py for tasks to queue
[2024-09-18T11:54:06.861+0100] {logging_mixin.py:190} INFO - [2024-09-18T11:54:06.861+0100] {dagbag.py:587} INFO - Filling up the DagBag from /Users/ds2718/Documents/test_python_airflow/airflow/py_venv/lib/python3.12/site-packages/airflow/example_dags/example_short_circuit_operator.py
[2024-09-18T11:54:06.875+0100] {processor.py:925} INFO - DAG(s) 'example_short_circuit_operator' retrieved from /Users/ds2718/Documents/test_python_airflow/airflow/py_venv/lib/python3.12/site-packages/airflow/example_dags/example_short_circuit_operator.py
[2024-09-18T11:54:07.002+0100] {logging_mixin.py:190} INFO - [2024-09-18T11:54:07.001+0100] {override.py:1900} INFO - Created Permission View: can edit on DAG:example_short_circuit_operator
[2024-09-18T11:54:07.005+0100] {logging_mixin.py:190} INFO - [2024-09-18T11:54:07.005+0100] {override.py:1900} INFO - Created Permission View: can delete on DAG:example_short_circuit_operator
[2024-09-18T11:54:07.007+0100] {logging_mixin.py:190} INFO - [2024-09-18T11:54:07.007+0100] {override.py:1900} INFO - Created Permission View: can read on DAG:example_short_circuit_operator
[2024-09-18T11:54:07.010+0100] {logging_mixin.py:190} INFO - [2024-09-18T11:54:07.010+0100] {override.py:1900} INFO - Created Permission View: can create on DAG Run:example_short_circuit_operator
[2024-09-18T11:54:07.012+0100] {logging_mixin.py:190} INFO - [2024-09-18T11:54:07.012+0100] {override.py:1900} INFO - Created Permission View: menu access on DAG Run:example_short_circuit_operator
[2024-09-18T11:54:07.014+0100] {logging_mixin.py:190} INFO - [2024-09-18T11:54:07.014+0100] {override.py:1900} INFO - Created Permission View: can delete on DAG Run:example_short_circuit_operator
[2024-09-18T11:54:07.016+0100] {logging_mixin.py:190} INFO - [2024-09-18T11:54:07.016+0100] {override.py:1900} INFO - Created Permission View: can read on DAG Run:example_short_circuit_operator
[2024-09-18T11:54:07.016+0100] {logging_mixin.py:190} INFO - [2024-09-18T11:54:07.016+0100] {dag.py:3229} INFO - Sync 1 DAGs
[2024-09-18T11:54:07.022+0100] {logging_mixin.py:190} INFO - [2024-09-18T11:54:07.022+0100] {dag.py:3252} INFO - Creating ORM DAG for example_short_circuit_operator
[2024-09-18T11:54:07.022+0100] {logging_mixin.py:190} INFO - [2024-09-18T11:54:07.022+0100] {dag.py:4156} INFO - Setting next_dagrun for example_short_circuit_operator to None, run_after=None
[2024-09-18T11:54:07.030+0100] {processor.py:208} INFO - Processing /Users/ds2718/Documents/test_python_airflow/airflow/py_venv/lib/python3.12/site-packages/airflow/example_dags/example_short_circuit_operator.py took 0.174 seconds
[2024-09-18T11:54:41.448+0100] {processor.py:186} INFO - Started process (PID=9646) to work on /Users/ds2718/Documents/test_python_airflow/airflow/py_venv/lib/python3.12/site-packages/airflow/example_dags/example_short_circuit_operator.py
[2024-09-18T11:54:41.448+0100] {processor.py:914} INFO - Processing file /Users/ds2718/Documents/test_python_airflow/airflow/py_venv/lib/python3.12/site-packages/airflow/example_dags/example_short_circuit_operator.py for tasks to queue
[2024-09-18T11:54:41.449+0100] {logging_mixin.py:190} INFO - [2024-09-18T11:54:41.449+0100] {dagbag.py:587} INFO - Filling up the DagBag from /Users/ds2718/Documents/test_python_airflow/airflow/py_venv/lib/python3.12/site-packages/airflow/example_dags/example_short_circuit_operator.py
[2024-09-18T11:54:41.463+0100] {processor.py:925} INFO - DAG(s) 'example_short_circuit_operator' retrieved from /Users/ds2718/Documents/test_python_airflow/airflow/py_venv/lib/python3.12/site-packages/airflow/example_dags/example_short_circuit_operator.py
[2024-09-18T11:54:41.515+0100] {logging_mixin.py:190} INFO - [2024-09-18T11:54:41.515+0100] {dag.py:3229} INFO - Sync 1 DAGs
[2024-09-18T11:54:41.521+0100] {logging_mixin.py:190} INFO - [2024-09-18T11:54:41.521+0100] {dag.py:4156} INFO - Setting next_dagrun for example_short_circuit_operator to None, run_after=None
[2024-09-18T11:54:41.531+0100] {processor.py:208} INFO - Processing /Users/ds2718/Documents/test_python_airflow/airflow/py_venv/lib/python3.12/site-packages/airflow/example_dags/example_short_circuit_operator.py took 0.085 seconds
[2024-09-18T11:55:16.552+0100] {processor.py:186} INFO - Started process (PID=9825) to work on /Users/ds2718/Documents/test_python_airflow/airflow/py_venv/lib/python3.12/site-packages/airflow/example_dags/example_short_circuit_operator.py
[2024-09-18T11:55:16.553+0100] {processor.py:914} INFO - Processing file /Users/ds2718/Documents/test_python_airflow/airflow/py_venv/lib/python3.12/site-packages/airflow/example_dags/example_short_circuit_operator.py for tasks to queue
[2024-09-18T11:55:16.553+0100] {logging_mixin.py:190} INFO - [2024-09-18T11:55:16.553+0100] {dagbag.py:587} INFO - Filling up the DagBag from /Users/ds2718/Documents/test_python_airflow/airflow/py_venv/lib/python3.12/site-packages/airflow/example_dags/example_short_circuit_operator.py
[2024-09-18T11:55:16.567+0100] {processor.py:925} INFO - DAG(s) 'example_short_circuit_operator' retrieved from /Users/ds2718/Documents/test_python_airflow/airflow/py_venv/lib/python3.12/site-packages/airflow/example_dags/example_short_circuit_operator.py
[2024-09-18T11:55:16.607+0100] {logging_mixin.py:190} INFO - [2024-09-18T11:55:16.607+0100] {dag.py:3229} INFO - Sync 1 DAGs
[2024-09-18T11:55:16.614+0100] {logging_mixin.py:190} INFO - [2024-09-18T11:55:16.614+0100] {dag.py:4156} INFO - Setting next_dagrun for example_short_circuit_operator to None, run_after=None
[2024-09-18T11:55:16.632+0100] {processor.py:208} INFO - Processing /Users/ds2718/Documents/test_python_airflow/airflow/py_venv/lib/python3.12/site-packages/airflow/example_dags/example_short_circuit_operator.py took 0.084 seconds
[2024-09-18T11:55:49.264+0100] {processor.py:186} INFO - Started process (PID=10020) to work on /Users/ds2718/Documents/test_python_airflow/airflow/py_venv/lib/python3.12/site-packages/airflow/example_dags/example_short_circuit_operator.py
[2024-09-18T11:55:49.264+0100] {processor.py:914} INFO - Processing file /Users/ds2718/Documents/test_python_airflow/airflow/py_venv/lib/python3.12/site-packages/airflow/example_dags/example_short_circuit_operator.py for tasks to queue
[2024-09-18T11:55:49.265+0100] {logging_mixin.py:190} INFO - [2024-09-18T11:55:49.265+0100] {dagbag.py:587} INFO - Filling up the DagBag from /Users/ds2718/Documents/test_python_airflow/airflow/py_venv/lib/python3.12/site-packages/airflow/example_dags/example_short_circuit_operator.py
[2024-09-18T11:55:49.277+0100] {processor.py:925} INFO - DAG(s) 'example_short_circuit_operator' retrieved from /Users/ds2718/Documents/test_python_airflow/airflow/py_venv/lib/python3.12/site-packages/airflow/example_dags/example_short_circuit_operator.py
[2024-09-18T11:55:49.334+0100] {logging_mixin.py:190} INFO - [2024-09-18T11:55:49.334+0100] {dag.py:3229} INFO - Sync 1 DAGs
[2024-09-18T11:55:49.340+0100] {logging_mixin.py:190} INFO - [2024-09-18T11:55:49.340+0100] {dag.py:4156} INFO - Setting next_dagrun for example_short_circuit_operator to None, run_after=None
[2024-09-18T11:55:49.349+0100] {processor.py:208} INFO - Processing /Users/ds2718/Documents/test_python_airflow/airflow/py_venv/lib/python3.12/site-packages/airflow/example_dags/example_short_circuit_operator.py took 0.092 seconds
[2024-09-18T11:56:23.834+0100] {processor.py:186} INFO - Started process (PID=10153) to work on /Users/ds2718/Documents/test_python_airflow/airflow/py_venv/lib/python3.12/site-packages/airflow/example_dags/example_short_circuit_operator.py
[2024-09-18T11:56:23.836+0100] {processor.py:914} INFO - Processing file /Users/ds2718/Documents/test_python_airflow/airflow/py_venv/lib/python3.12/site-packages/airflow/example_dags/example_short_circuit_operator.py for tasks to queue
[2024-09-18T11:56:23.836+0100] {logging_mixin.py:190} INFO - [2024-09-18T11:56:23.836+0100] {dagbag.py:587} INFO - Filling up the DagBag from /Users/ds2718/Documents/test_python_airflow/airflow/py_venv/lib/python3.12/site-packages/airflow/example_dags/example_short_circuit_operator.py
[2024-09-18T11:56:23.852+0100] {processor.py:925} INFO - DAG(s) 'example_short_circuit_operator' retrieved from /Users/ds2718/Documents/test_python_airflow/airflow/py_venv/lib/python3.12/site-packages/airflow/example_dags/example_short_circuit_operator.py
[2024-09-18T11:56:23.907+0100] {logging_mixin.py:190} INFO - [2024-09-18T11:56:23.907+0100] {dag.py:3229} INFO - Sync 1 DAGs
[2024-09-18T11:56:23.913+0100] {logging_mixin.py:190} INFO - [2024-09-18T11:56:23.913+0100] {dag.py:4156} INFO - Setting next_dagrun for example_short_circuit_operator to None, run_after=None
[2024-09-18T11:56:23.924+0100] {processor.py:208} INFO - Processing /Users/ds2718/Documents/test_python_airflow/airflow/py_venv/lib/python3.12/site-packages/airflow/example_dags/example_short_circuit_operator.py took 0.092 seconds
[2024-09-18T11:56:55.850+0100] {processor.py:186} INFO - Started process (PID=10325) to work on /Users/ds2718/Documents/test_python_airflow/airflow/py_venv/lib/python3.12/site-packages/airflow/example_dags/example_short_circuit_operator.py
[2024-09-18T11:56:55.851+0100] {processor.py:914} INFO - Processing file /Users/ds2718/Documents/test_python_airflow/airflow/py_venv/lib/python3.12/site-packages/airflow/example_dags/example_short_circuit_operator.py for tasks to queue
[2024-09-18T11:56:55.851+0100] {logging_mixin.py:190} INFO - [2024-09-18T11:56:55.851+0100] {dagbag.py:587} INFO - Filling up the DagBag from /Users/ds2718/Documents/test_python_airflow/airflow/py_venv/lib/python3.12/site-packages/airflow/example_dags/example_short_circuit_operator.py
[2024-09-18T11:56:55.862+0100] {processor.py:925} INFO - DAG(s) 'example_short_circuit_operator' retrieved from /Users/ds2718/Documents/test_python_airflow/airflow/py_venv/lib/python3.12/site-packages/airflow/example_dags/example_short_circuit_operator.py
[2024-09-18T11:56:55.903+0100] {logging_mixin.py:190} INFO - [2024-09-18T11:56:55.903+0100] {dag.py:3229} INFO - Sync 1 DAGs
[2024-09-18T11:56:55.919+0100] {logging_mixin.py:190} INFO - [2024-09-18T11:56:55.919+0100] {dag.py:4156} INFO - Setting next_dagrun for example_short_circuit_operator to None, run_after=None
[2024-09-18T11:56:55.928+0100] {processor.py:208} INFO - Processing /Users/ds2718/Documents/test_python_airflow/airflow/py_venv/lib/python3.12/site-packages/airflow/example_dags/example_short_circuit_operator.py took 0.080 seconds
[2024-09-18T11:57:28.681+0100] {processor.py:186} INFO - Started process (PID=10476) to work on /Users/ds2718/Documents/test_python_airflow/airflow/py_venv/lib/python3.12/site-packages/airflow/example_dags/example_short_circuit_operator.py
[2024-09-18T11:57:28.682+0100] {processor.py:914} INFO - Processing file /Users/ds2718/Documents/test_python_airflow/airflow/py_venv/lib/python3.12/site-packages/airflow/example_dags/example_short_circuit_operator.py for tasks to queue
[2024-09-18T11:57:28.682+0100] {logging_mixin.py:190} INFO - [2024-09-18T11:57:28.682+0100] {dagbag.py:587} INFO - Filling up the DagBag from /Users/ds2718/Documents/test_python_airflow/airflow/py_venv/lib/python3.12/site-packages/airflow/example_dags/example_short_circuit_operator.py
[2024-09-18T11:57:28.693+0100] {processor.py:925} INFO - DAG(s) 'example_short_circuit_operator' retrieved from /Users/ds2718/Documents/test_python_airflow/airflow/py_venv/lib/python3.12/site-packages/airflow/example_dags/example_short_circuit_operator.py
[2024-09-18T11:57:28.733+0100] {logging_mixin.py:190} INFO - [2024-09-18T11:57:28.733+0100] {dag.py:3229} INFO - Sync 1 DAGs
[2024-09-18T11:57:28.740+0100] {logging_mixin.py:190} INFO - [2024-09-18T11:57:28.740+0100] {dag.py:4156} INFO - Setting next_dagrun for example_short_circuit_operator to None, run_after=None
[2024-09-18T11:57:28.751+0100] {processor.py:208} INFO - Processing /Users/ds2718/Documents/test_python_airflow/airflow/py_venv/lib/python3.12/site-packages/airflow/example_dags/example_short_circuit_operator.py took 0.074 seconds
[2024-09-18T11:58:02.972+0100] {processor.py:186} INFO - Started process (PID=10683) to work on /Users/ds2718/Documents/test_python_airflow/airflow/py_venv/lib/python3.12/site-packages/airflow/example_dags/example_short_circuit_operator.py
[2024-09-18T11:58:02.973+0100] {processor.py:914} INFO - Processing file /Users/ds2718/Documents/test_python_airflow/airflow/py_venv/lib/python3.12/site-packages/airflow/example_dags/example_short_circuit_operator.py for tasks to queue
[2024-09-18T11:58:02.973+0100] {logging_mixin.py:190} INFO - [2024-09-18T11:58:02.973+0100] {dagbag.py:587} INFO - Filling up the DagBag from /Users/ds2718/Documents/test_python_airflow/airflow/py_venv/lib/python3.12/site-packages/airflow/example_dags/example_short_circuit_operator.py
[2024-09-18T11:58:02.987+0100] {processor.py:925} INFO - DAG(s) 'example_short_circuit_operator' retrieved from /Users/ds2718/Documents/test_python_airflow/airflow/py_venv/lib/python3.12/site-packages/airflow/example_dags/example_short_circuit_operator.py
[2024-09-18T11:58:03.031+0100] {logging_mixin.py:190} INFO - [2024-09-18T11:58:03.031+0100] {dag.py:3229} INFO - Sync 1 DAGs
[2024-09-18T11:58:03.038+0100] {logging_mixin.py:190} INFO - [2024-09-18T11:58:03.038+0100] {dag.py:4156} INFO - Setting next_dagrun for example_short_circuit_operator to None, run_after=None
[2024-09-18T11:58:03.051+0100] {processor.py:208} INFO - Processing /Users/ds2718/Documents/test_python_airflow/airflow/py_venv/lib/python3.12/site-packages/airflow/example_dags/example_short_circuit_operator.py took 0.087 seconds
[2024-09-18T11:58:36.957+0100] {processor.py:186} INFO - Started process (PID=10866) to work on /Users/ds2718/Documents/test_python_airflow/airflow/py_venv/lib/python3.12/site-packages/airflow/example_dags/example_short_circuit_operator.py
[2024-09-18T11:58:36.958+0100] {processor.py:914} INFO - Processing file /Users/ds2718/Documents/test_python_airflow/airflow/py_venv/lib/python3.12/site-packages/airflow/example_dags/example_short_circuit_operator.py for tasks to queue
[2024-09-18T11:58:36.958+0100] {logging_mixin.py:190} INFO - [2024-09-18T11:58:36.958+0100] {dagbag.py:587} INFO - Filling up the DagBag from /Users/ds2718/Documents/test_python_airflow/airflow/py_venv/lib/python3.12/site-packages/airflow/example_dags/example_short_circuit_operator.py
[2024-09-18T11:58:36.972+0100] {processor.py:925} INFO - DAG(s) 'example_short_circuit_operator' retrieved from /Users/ds2718/Documents/test_python_airflow/airflow/py_venv/lib/python3.12/site-packages/airflow/example_dags/example_short_circuit_operator.py
[2024-09-18T11:58:37.011+0100] {logging_mixin.py:190} INFO - [2024-09-18T11:58:37.011+0100] {dag.py:3229} INFO - Sync 1 DAGs
[2024-09-18T11:58:37.017+0100] {logging_mixin.py:190} INFO - [2024-09-18T11:58:37.017+0100] {dag.py:4156} INFO - Setting next_dagrun for example_short_circuit_operator to None, run_after=None
[2024-09-18T11:58:37.053+0100] {processor.py:208} INFO - Processing /Users/ds2718/Documents/test_python_airflow/airflow/py_venv/lib/python3.12/site-packages/airflow/example_dags/example_short_circuit_operator.py took 0.104 seconds
[2024-09-18T11:59:12.071+0100] {processor.py:186} INFO - Started process (PID=11064) to work on /Users/ds2718/Documents/test_python_airflow/airflow/py_venv/lib/python3.12/site-packages/airflow/example_dags/example_short_circuit_operator.py
[2024-09-18T11:59:12.073+0100] {processor.py:914} INFO - Processing file /Users/ds2718/Documents/test_python_airflow/airflow/py_venv/lib/python3.12/site-packages/airflow/example_dags/example_short_circuit_operator.py for tasks to queue
[2024-09-18T11:59:12.074+0100] {logging_mixin.py:190} INFO - [2024-09-18T11:59:12.074+0100] {dagbag.py:587} INFO - Filling up the DagBag from /Users/ds2718/Documents/test_python_airflow/airflow/py_venv/lib/python3.12/site-packages/airflow/example_dags/example_short_circuit_operator.py
[2024-09-18T11:59:12.086+0100] {processor.py:925} INFO - DAG(s) 'example_short_circuit_operator' retrieved from /Users/ds2718/Documents/test_python_airflow/airflow/py_venv/lib/python3.12/site-packages/airflow/example_dags/example_short_circuit_operator.py
[2024-09-18T11:59:12.128+0100] {logging_mixin.py:190} INFO - [2024-09-18T11:59:12.128+0100] {dag.py:3229} INFO - Sync 1 DAGs
[2024-09-18T11:59:12.136+0100] {logging_mixin.py:190} INFO - [2024-09-18T11:59:12.136+0100] {dag.py:4156} INFO - Setting next_dagrun for example_short_circuit_operator to None, run_after=None
[2024-09-18T11:59:12.151+0100] {processor.py:208} INFO - Processing /Users/ds2718/Documents/test_python_airflow/airflow/py_venv/lib/python3.12/site-packages/airflow/example_dags/example_short_circuit_operator.py took 0.086 seconds
[2024-09-18T11:59:46.152+0100] {processor.py:186} INFO - Started process (PID=11238) to work on /Users/ds2718/Documents/test_python_airflow/airflow/py_venv/lib/python3.12/site-packages/airflow/example_dags/example_short_circuit_operator.py
[2024-09-18T11:59:46.153+0100] {processor.py:914} INFO - Processing file /Users/ds2718/Documents/test_python_airflow/airflow/py_venv/lib/python3.12/site-packages/airflow/example_dags/example_short_circuit_operator.py for tasks to queue
[2024-09-18T11:59:46.153+0100] {logging_mixin.py:190} INFO - [2024-09-18T11:59:46.153+0100] {dagbag.py:587} INFO - Filling up the DagBag from /Users/ds2718/Documents/test_python_airflow/airflow/py_venv/lib/python3.12/site-packages/airflow/example_dags/example_short_circuit_operator.py
[2024-09-18T11:59:46.165+0100] {processor.py:925} INFO - DAG(s) 'example_short_circuit_operator' retrieved from /Users/ds2718/Documents/test_python_airflow/airflow/py_venv/lib/python3.12/site-packages/airflow/example_dags/example_short_circuit_operator.py
[2024-09-18T11:59:46.204+0100] {logging_mixin.py:190} INFO - [2024-09-18T11:59:46.204+0100] {dag.py:3229} INFO - Sync 1 DAGs
[2024-09-18T11:59:46.210+0100] {logging_mixin.py:190} INFO - [2024-09-18T11:59:46.210+0100] {dag.py:4156} INFO - Setting next_dagrun for example_short_circuit_operator to None, run_after=None
[2024-09-18T11:59:46.224+0100] {processor.py:208} INFO - Processing /Users/ds2718/Documents/test_python_airflow/airflow/py_venv/lib/python3.12/site-packages/airflow/example_dags/example_short_circuit_operator.py took 0.077 seconds
[2024-09-18T12:00:19.150+0100] {processor.py:186} INFO - Started process (PID=11448) to work on /Users/ds2718/Documents/test_python_airflow/airflow/py_venv/lib/python3.12/site-packages/airflow/example_dags/example_short_circuit_operator.py
[2024-09-18T12:00:19.151+0100] {processor.py:914} INFO - Processing file /Users/ds2718/Documents/test_python_airflow/airflow/py_venv/lib/python3.12/site-packages/airflow/example_dags/example_short_circuit_operator.py for tasks to queue
[2024-09-18T12:00:19.151+0100] {logging_mixin.py:190} INFO - [2024-09-18T12:00:19.151+0100] {dagbag.py:587} INFO - Filling up the DagBag from /Users/ds2718/Documents/test_python_airflow/airflow/py_venv/lib/python3.12/site-packages/airflow/example_dags/example_short_circuit_operator.py
[2024-09-18T12:00:19.167+0100] {processor.py:925} INFO - DAG(s) 'example_short_circuit_operator' retrieved from /Users/ds2718/Documents/test_python_airflow/airflow/py_venv/lib/python3.12/site-packages/airflow/example_dags/example_short_circuit_operator.py
[2024-09-18T12:00:19.205+0100] {logging_mixin.py:190} INFO - [2024-09-18T12:00:19.205+0100] {dag.py:3229} INFO - Sync 1 DAGs
[2024-09-18T12:00:19.211+0100] {logging_mixin.py:190} INFO - [2024-09-18T12:00:19.211+0100] {dag.py:4156} INFO - Setting next_dagrun for example_short_circuit_operator to None, run_after=None
[2024-09-18T12:00:19.231+0100] {processor.py:208} INFO - Processing /Users/ds2718/Documents/test_python_airflow/airflow/py_venv/lib/python3.12/site-packages/airflow/example_dags/example_short_circuit_operator.py took 0.087 seconds
[2024-09-18T12:00:52.435+0100] {processor.py:186} INFO - Started process (PID=11622) to work on /Users/ds2718/Documents/test_python_airflow/airflow/py_venv/lib/python3.12/site-packages/airflow/example_dags/example_short_circuit_operator.py
[2024-09-18T12:00:52.438+0100] {processor.py:914} INFO - Processing file /Users/ds2718/Documents/test_python_airflow/airflow/py_venv/lib/python3.12/site-packages/airflow/example_dags/example_short_circuit_operator.py for tasks to queue
[2024-09-18T12:00:52.438+0100] {logging_mixin.py:190} INFO - [2024-09-18T12:00:52.438+0100] {dagbag.py:587} INFO - Filling up the DagBag from /Users/ds2718/Documents/test_python_airflow/airflow/py_venv/lib/python3.12/site-packages/airflow/example_dags/example_short_circuit_operator.py
[2024-09-18T12:00:52.452+0100] {processor.py:925} INFO - DAG(s) 'example_short_circuit_operator' retrieved from /Users/ds2718/Documents/test_python_airflow/airflow/py_venv/lib/python3.12/site-packages/airflow/example_dags/example_short_circuit_operator.py
[2024-09-18T12:00:52.494+0100] {logging_mixin.py:190} INFO - [2024-09-18T12:00:52.494+0100] {dag.py:3229} INFO - Sync 1 DAGs
[2024-09-18T12:00:52.506+0100] {logging_mixin.py:190} INFO - [2024-09-18T12:00:52.506+0100] {dag.py:4156} INFO - Setting next_dagrun for example_short_circuit_operator to None, run_after=None
[2024-09-18T12:00:52.523+0100] {processor.py:208} INFO - Processing /Users/ds2718/Documents/test_python_airflow/airflow/py_venv/lib/python3.12/site-packages/airflow/example_dags/example_short_circuit_operator.py took 0.093 seconds
[2024-09-18T12:01:34.679+0100] {processor.py:186} INFO - Started process (PID=11830) to work on /Users/ds2718/Documents/test_python_airflow/airflow/py_venv/lib/python3.12/site-packages/airflow/example_dags/example_short_circuit_operator.py
[2024-09-18T12:01:34.680+0100] {processor.py:914} INFO - Processing file /Users/ds2718/Documents/test_python_airflow/airflow/py_venv/lib/python3.12/site-packages/airflow/example_dags/example_short_circuit_operator.py for tasks to queue
[2024-09-18T12:01:34.680+0100] {logging_mixin.py:190} INFO - [2024-09-18T12:01:34.680+0100] {dagbag.py:587} INFO - Filling up the DagBag from /Users/ds2718/Documents/test_python_airflow/airflow/py_venv/lib/python3.12/site-packages/airflow/example_dags/example_short_circuit_operator.py
[2024-09-18T12:01:34.695+0100] {processor.py:925} INFO - DAG(s) 'example_short_circuit_operator' retrieved from /Users/ds2718/Documents/test_python_airflow/airflow/py_venv/lib/python3.12/site-packages/airflow/example_dags/example_short_circuit_operator.py
[2024-09-18T12:01:34.735+0100] {logging_mixin.py:190} INFO - [2024-09-18T12:01:34.735+0100] {dag.py:3229} INFO - Sync 1 DAGs
[2024-09-18T12:01:34.741+0100] {logging_mixin.py:190} INFO - [2024-09-18T12:01:34.741+0100] {dag.py:4156} INFO - Setting next_dagrun for example_short_circuit_operator to None, run_after=None
[2024-09-18T12:01:34.764+0100] {processor.py:208} INFO - Processing /Users/ds2718/Documents/test_python_airflow/airflow/py_venv/lib/python3.12/site-packages/airflow/example_dags/example_short_circuit_operator.py took 0.090 seconds
[2024-09-18T12:06:32.238+0100] {processor.py:186} INFO - Started process (PID=12021) to work on /Users/ds2718/Documents/test_python_airflow/airflow/py_venv/lib/python3.12/site-packages/airflow/example_dags/example_short_circuit_operator.py
[2024-09-18T12:06:32.239+0100] {processor.py:914} INFO - Processing file /Users/ds2718/Documents/test_python_airflow/airflow/py_venv/lib/python3.12/site-packages/airflow/example_dags/example_short_circuit_operator.py for tasks to queue
[2024-09-18T12:06:32.240+0100] {logging_mixin.py:190} INFO - [2024-09-18T12:06:32.240+0100] {dagbag.py:587} INFO - Filling up the DagBag from /Users/ds2718/Documents/test_python_airflow/airflow/py_venv/lib/python3.12/site-packages/airflow/example_dags/example_short_circuit_operator.py
[2024-09-18T12:06:32.255+0100] {processor.py:925} INFO - DAG(s) 'example_short_circuit_operator' retrieved from /Users/ds2718/Documents/test_python_airflow/airflow/py_venv/lib/python3.12/site-packages/airflow/example_dags/example_short_circuit_operator.py
[2024-09-18T12:06:32.331+0100] {logging_mixin.py:190} INFO - [2024-09-18T12:06:32.331+0100] {dag.py:3229} INFO - Sync 1 DAGs
[2024-09-18T12:06:32.352+0100] {logging_mixin.py:190} INFO - [2024-09-18T12:06:32.352+0100] {dag.py:4156} INFO - Setting next_dagrun for example_short_circuit_operator to None, run_after=None
[2024-09-18T12:06:32.366+0100] {processor.py:208} INFO - Processing /Users/ds2718/Documents/test_python_airflow/airflow/py_venv/lib/python3.12/site-packages/airflow/example_dags/example_short_circuit_operator.py took 0.134 seconds
[2024-09-18T12:07:06.670+0100] {processor.py:186} INFO - Started process (PID=12169) to work on /Users/ds2718/Documents/test_python_airflow/airflow/py_venv/lib/python3.12/site-packages/airflow/example_dags/example_short_circuit_operator.py
[2024-09-18T12:07:06.671+0100] {processor.py:914} INFO - Processing file /Users/ds2718/Documents/test_python_airflow/airflow/py_venv/lib/python3.12/site-packages/airflow/example_dags/example_short_circuit_operator.py for tasks to queue
[2024-09-18T12:07:06.671+0100] {logging_mixin.py:190} INFO - [2024-09-18T12:07:06.671+0100] {dagbag.py:587} INFO - Filling up the DagBag from /Users/ds2718/Documents/test_python_airflow/airflow/py_venv/lib/python3.12/site-packages/airflow/example_dags/example_short_circuit_operator.py
[2024-09-18T12:07:06.685+0100] {processor.py:925} INFO - DAG(s) 'example_short_circuit_operator' retrieved from /Users/ds2718/Documents/test_python_airflow/airflow/py_venv/lib/python3.12/site-packages/airflow/example_dags/example_short_circuit_operator.py
[2024-09-18T12:07:06.725+0100] {logging_mixin.py:190} INFO - [2024-09-18T12:07:06.725+0100] {dag.py:3229} INFO - Sync 1 DAGs
[2024-09-18T12:07:06.731+0100] {logging_mixin.py:190} INFO - [2024-09-18T12:07:06.731+0100] {dag.py:4156} INFO - Setting next_dagrun for example_short_circuit_operator to None, run_after=None
[2024-09-18T12:07:06.741+0100] {processor.py:208} INFO - Processing /Users/ds2718/Documents/test_python_airflow/airflow/py_venv/lib/python3.12/site-packages/airflow/example_dags/example_short_circuit_operator.py took 0.072 seconds
[2024-09-18T12:07:41.933+0100] {processor.py:186} INFO - Started process (PID=12365) to work on /Users/ds2718/Documents/test_python_airflow/airflow/py_venv/lib/python3.12/site-packages/airflow/example_dags/example_short_circuit_operator.py
[2024-09-18T12:07:41.933+0100] {processor.py:914} INFO - Processing file /Users/ds2718/Documents/test_python_airflow/airflow/py_venv/lib/python3.12/site-packages/airflow/example_dags/example_short_circuit_operator.py for tasks to queue
[2024-09-18T12:07:41.934+0100] {logging_mixin.py:190} INFO - [2024-09-18T12:07:41.934+0100] {dagbag.py:587} INFO - Filling up the DagBag from /Users/ds2718/Documents/test_python_airflow/airflow/py_venv/lib/python3.12/site-packages/airflow/example_dags/example_short_circuit_operator.py
[2024-09-18T12:07:41.946+0100] {processor.py:925} INFO - DAG(s) 'example_short_circuit_operator' retrieved from /Users/ds2718/Documents/test_python_airflow/airflow/py_venv/lib/python3.12/site-packages/airflow/example_dags/example_short_circuit_operator.py
[2024-09-18T12:07:41.990+0100] {logging_mixin.py:190} INFO - [2024-09-18T12:07:41.990+0100] {dag.py:3229} INFO - Sync 1 DAGs
[2024-09-18T12:07:41.997+0100] {logging_mixin.py:190} INFO - [2024-09-18T12:07:41.997+0100] {dag.py:4156} INFO - Setting next_dagrun for example_short_circuit_operator to None, run_after=None
[2024-09-18T12:07:42.021+0100] {processor.py:208} INFO - Processing /Users/ds2718/Documents/test_python_airflow/airflow/py_venv/lib/python3.12/site-packages/airflow/example_dags/example_short_circuit_operator.py took 0.095 seconds
[2024-09-18T12:08:27.177+0100] {processor.py:186} INFO - Started process (PID=12518) to work on /Users/ds2718/Documents/test_python_airflow/airflow/py_venv/lib/python3.12/site-packages/airflow/example_dags/example_short_circuit_operator.py
[2024-09-18T12:08:27.178+0100] {processor.py:914} INFO - Processing file /Users/ds2718/Documents/test_python_airflow/airflow/py_venv/lib/python3.12/site-packages/airflow/example_dags/example_short_circuit_operator.py for tasks to queue
[2024-09-18T12:08:27.178+0100] {logging_mixin.py:190} INFO - [2024-09-18T12:08:27.178+0100] {dagbag.py:587} INFO - Filling up the DagBag from /Users/ds2718/Documents/test_python_airflow/airflow/py_venv/lib/python3.12/site-packages/airflow/example_dags/example_short_circuit_operator.py
[2024-09-18T12:08:27.190+0100] {processor.py:925} INFO - DAG(s) 'example_short_circuit_operator' retrieved from /Users/ds2718/Documents/test_python_airflow/airflow/py_venv/lib/python3.12/site-packages/airflow/example_dags/example_short_circuit_operator.py
[2024-09-18T12:08:27.228+0100] {logging_mixin.py:190} INFO - [2024-09-18T12:08:27.228+0100] {dag.py:3229} INFO - Sync 1 DAGs
[2024-09-18T12:08:27.236+0100] {logging_mixin.py:190} INFO - [2024-09-18T12:08:27.236+0100] {dag.py:4156} INFO - Setting next_dagrun for example_short_circuit_operator to None, run_after=None
[2024-09-18T12:08:27.245+0100] {processor.py:208} INFO - Processing /Users/ds2718/Documents/test_python_airflow/airflow/py_venv/lib/python3.12/site-packages/airflow/example_dags/example_short_circuit_operator.py took 0.070 seconds
[2024-09-18T12:09:00.653+0100] {processor.py:186} INFO - Started process (PID=12717) to work on /Users/ds2718/Documents/test_python_airflow/airflow/py_venv/lib/python3.12/site-packages/airflow/example_dags/example_short_circuit_operator.py
[2024-09-18T12:09:00.654+0100] {processor.py:914} INFO - Processing file /Users/ds2718/Documents/test_python_airflow/airflow/py_venv/lib/python3.12/site-packages/airflow/example_dags/example_short_circuit_operator.py for tasks to queue
[2024-09-18T12:09:00.654+0100] {logging_mixin.py:190} INFO - [2024-09-18T12:09:00.654+0100] {dagbag.py:587} INFO - Filling up the DagBag from /Users/ds2718/Documents/test_python_airflow/airflow/py_venv/lib/python3.12/site-packages/airflow/example_dags/example_short_circuit_operator.py
[2024-09-18T12:09:00.669+0100] {processor.py:925} INFO - DAG(s) 'example_short_circuit_operator' retrieved from /Users/ds2718/Documents/test_python_airflow/airflow/py_venv/lib/python3.12/site-packages/airflow/example_dags/example_short_circuit_operator.py
[2024-09-18T12:09:00.710+0100] {logging_mixin.py:190} INFO - [2024-09-18T12:09:00.710+0100] {dag.py:3229} INFO - Sync 1 DAGs
[2024-09-18T12:09:00.718+0100] {logging_mixin.py:190} INFO - [2024-09-18T12:09:00.718+0100] {dag.py:4156} INFO - Setting next_dagrun for example_short_circuit_operator to None, run_after=None
[2024-09-18T12:09:00.728+0100] {processor.py:208} INFO - Processing /Users/ds2718/Documents/test_python_airflow/airflow/py_venv/lib/python3.12/site-packages/airflow/example_dags/example_short_circuit_operator.py took 0.079 seconds
[2024-09-18T12:09:35.935+0100] {processor.py:186} INFO - Started process (PID=12886) to work on /Users/ds2718/Documents/test_python_airflow/airflow/py_venv/lib/python3.12/site-packages/airflow/example_dags/example_short_circuit_operator.py
[2024-09-18T12:09:35.936+0100] {processor.py:914} INFO - Processing file /Users/ds2718/Documents/test_python_airflow/airflow/py_venv/lib/python3.12/site-packages/airflow/example_dags/example_short_circuit_operator.py for tasks to queue
[2024-09-18T12:09:35.937+0100] {logging_mixin.py:190} INFO - [2024-09-18T12:09:35.936+0100] {dagbag.py:587} INFO - Filling up the DagBag from /Users/ds2718/Documents/test_python_airflow/airflow/py_venv/lib/python3.12/site-packages/airflow/example_dags/example_short_circuit_operator.py
[2024-09-18T12:09:35.952+0100] {processor.py:925} INFO - DAG(s) 'example_short_circuit_operator' retrieved from /Users/ds2718/Documents/test_python_airflow/airflow/py_venv/lib/python3.12/site-packages/airflow/example_dags/example_short_circuit_operator.py
[2024-09-18T12:09:35.996+0100] {logging_mixin.py:190} INFO - [2024-09-18T12:09:35.996+0100] {dag.py:3229} INFO - Sync 1 DAGs
[2024-09-18T12:09:36.002+0100] {logging_mixin.py:190} INFO - [2024-09-18T12:09:36.001+0100] {dag.py:4156} INFO - Setting next_dagrun for example_short_circuit_operator to None, run_after=None
[2024-09-18T12:09:36.021+0100] {processor.py:208} INFO - Processing /Users/ds2718/Documents/test_python_airflow/airflow/py_venv/lib/python3.12/site-packages/airflow/example_dags/example_short_circuit_operator.py took 0.092 seconds
[2024-09-18T12:10:08.901+0100] {processor.py:186} INFO - Started process (PID=13067) to work on /Users/ds2718/Documents/test_python_airflow/airflow/py_venv/lib/python3.12/site-packages/airflow/example_dags/example_short_circuit_operator.py
[2024-09-18T12:10:08.901+0100] {processor.py:914} INFO - Processing file /Users/ds2718/Documents/test_python_airflow/airflow/py_venv/lib/python3.12/site-packages/airflow/example_dags/example_short_circuit_operator.py for tasks to queue
[2024-09-18T12:10:08.902+0100] {logging_mixin.py:190} INFO - [2024-09-18T12:10:08.902+0100] {dagbag.py:587} INFO - Filling up the DagBag from /Users/ds2718/Documents/test_python_airflow/airflow/py_venv/lib/python3.12/site-packages/airflow/example_dags/example_short_circuit_operator.py
[2024-09-18T12:10:08.914+0100] {processor.py:925} INFO - DAG(s) 'example_short_circuit_operator' retrieved from /Users/ds2718/Documents/test_python_airflow/airflow/py_venv/lib/python3.12/site-packages/airflow/example_dags/example_short_circuit_operator.py
[2024-09-18T12:10:08.955+0100] {logging_mixin.py:190} INFO - [2024-09-18T12:10:08.955+0100] {dag.py:3229} INFO - Sync 1 DAGs
[2024-09-18T12:10:08.961+0100] {logging_mixin.py:190} INFO - [2024-09-18T12:10:08.961+0100] {dag.py:4156} INFO - Setting next_dagrun for example_short_circuit_operator to None, run_after=None
[2024-09-18T12:10:08.974+0100] {processor.py:208} INFO - Processing /Users/ds2718/Documents/test_python_airflow/airflow/py_venv/lib/python3.12/site-packages/airflow/example_dags/example_short_circuit_operator.py took 0.079 seconds
[2024-09-18T12:10:42.820+0100] {processor.py:186} INFO - Started process (PID=13208) to work on /Users/ds2718/Documents/test_python_airflow/airflow/py_venv/lib/python3.12/site-packages/airflow/example_dags/example_short_circuit_operator.py
[2024-09-18T12:10:42.821+0100] {processor.py:914} INFO - Processing file /Users/ds2718/Documents/test_python_airflow/airflow/py_venv/lib/python3.12/site-packages/airflow/example_dags/example_short_circuit_operator.py for tasks to queue
[2024-09-18T12:10:42.822+0100] {logging_mixin.py:190} INFO - [2024-09-18T12:10:42.822+0100] {dagbag.py:587} INFO - Filling up the DagBag from /Users/ds2718/Documents/test_python_airflow/airflow/py_venv/lib/python3.12/site-packages/airflow/example_dags/example_short_circuit_operator.py
[2024-09-18T12:10:42.838+0100] {processor.py:925} INFO - DAG(s) 'example_short_circuit_operator' retrieved from /Users/ds2718/Documents/test_python_airflow/airflow/py_venv/lib/python3.12/site-packages/airflow/example_dags/example_short_circuit_operator.py
[2024-09-18T12:10:42.917+0100] {logging_mixin.py:190} INFO - [2024-09-18T12:10:42.917+0100] {dag.py:3229} INFO - Sync 1 DAGs
[2024-09-18T12:10:42.925+0100] {logging_mixin.py:190} INFO - [2024-09-18T12:10:42.925+0100] {dag.py:4156} INFO - Setting next_dagrun for example_short_circuit_operator to None, run_after=None
[2024-09-18T12:10:42.952+0100] {processor.py:208} INFO - Processing /Users/ds2718/Documents/test_python_airflow/airflow/py_venv/lib/python3.12/site-packages/airflow/example_dags/example_short_circuit_operator.py took 0.139 seconds
[2024-09-18T12:11:15.702+0100] {processor.py:186} INFO - Started process (PID=13369) to work on /Users/ds2718/Documents/test_python_airflow/airflow/py_venv/lib/python3.12/site-packages/airflow/example_dags/example_short_circuit_operator.py
[2024-09-18T12:11:15.703+0100] {processor.py:914} INFO - Processing file /Users/ds2718/Documents/test_python_airflow/airflow/py_venv/lib/python3.12/site-packages/airflow/example_dags/example_short_circuit_operator.py for tasks to queue
[2024-09-18T12:11:15.704+0100] {logging_mixin.py:190} INFO - [2024-09-18T12:11:15.703+0100] {dagbag.py:587} INFO - Filling up the DagBag from /Users/ds2718/Documents/test_python_airflow/airflow/py_venv/lib/python3.12/site-packages/airflow/example_dags/example_short_circuit_operator.py
[2024-09-18T12:11:15.722+0100] {processor.py:925} INFO - DAG(s) 'example_short_circuit_operator' retrieved from /Users/ds2718/Documents/test_python_airflow/airflow/py_venv/lib/python3.12/site-packages/airflow/example_dags/example_short_circuit_operator.py
[2024-09-18T12:11:15.761+0100] {logging_mixin.py:190} INFO - [2024-09-18T12:11:15.761+0100] {dag.py:3229} INFO - Sync 1 DAGs
[2024-09-18T12:11:15.769+0100] {logging_mixin.py:190} INFO - [2024-09-18T12:11:15.769+0100] {dag.py:4156} INFO - Setting next_dagrun for example_short_circuit_operator to None, run_after=None
[2024-09-18T12:11:15.785+0100] {processor.py:208} INFO - Processing /Users/ds2718/Documents/test_python_airflow/airflow/py_venv/lib/python3.12/site-packages/airflow/example_dags/example_short_circuit_operator.py took 0.093 seconds
[2024-09-18T12:11:49.987+0100] {processor.py:186} INFO - Started process (PID=13552) to work on /Users/ds2718/Documents/test_python_airflow/airflow/py_venv/lib/python3.12/site-packages/airflow/example_dags/example_short_circuit_operator.py
[2024-09-18T12:11:49.989+0100] {processor.py:914} INFO - Processing file /Users/ds2718/Documents/test_python_airflow/airflow/py_venv/lib/python3.12/site-packages/airflow/example_dags/example_short_circuit_operator.py for tasks to queue
[2024-09-18T12:11:49.989+0100] {logging_mixin.py:190} INFO - [2024-09-18T12:11:49.989+0100] {dagbag.py:587} INFO - Filling up the DagBag from /Users/ds2718/Documents/test_python_airflow/airflow/py_venv/lib/python3.12/site-packages/airflow/example_dags/example_short_circuit_operator.py
[2024-09-18T12:11:50.003+0100] {processor.py:925} INFO - DAG(s) 'example_short_circuit_operator' retrieved from /Users/ds2718/Documents/test_python_airflow/airflow/py_venv/lib/python3.12/site-packages/airflow/example_dags/example_short_circuit_operator.py
[2024-09-18T12:11:50.057+0100] {logging_mixin.py:190} INFO - [2024-09-18T12:11:50.057+0100] {dag.py:3229} INFO - Sync 1 DAGs
[2024-09-18T12:11:50.064+0100] {logging_mixin.py:190} INFO - [2024-09-18T12:11:50.064+0100] {dag.py:4156} INFO - Setting next_dagrun for example_short_circuit_operator to None, run_after=None
[2024-09-18T12:11:50.082+0100] {processor.py:208} INFO - Processing /Users/ds2718/Documents/test_python_airflow/airflow/py_venv/lib/python3.12/site-packages/airflow/example_dags/example_short_circuit_operator.py took 0.104 seconds
[2024-09-18T12:12:23.328+0100] {processor.py:186} INFO - Started process (PID=13673) to work on /Users/ds2718/Documents/test_python_airflow/airflow/py_venv/lib/python3.12/site-packages/airflow/example_dags/example_short_circuit_operator.py
[2024-09-18T12:12:23.329+0100] {processor.py:914} INFO - Processing file /Users/ds2718/Documents/test_python_airflow/airflow/py_venv/lib/python3.12/site-packages/airflow/example_dags/example_short_circuit_operator.py for tasks to queue
[2024-09-18T12:12:23.330+0100] {logging_mixin.py:190} INFO - [2024-09-18T12:12:23.330+0100] {dagbag.py:587} INFO - Filling up the DagBag from /Users/ds2718/Documents/test_python_airflow/airflow/py_venv/lib/python3.12/site-packages/airflow/example_dags/example_short_circuit_operator.py
[2024-09-18T12:12:23.359+0100] {processor.py:925} INFO - DAG(s) 'example_short_circuit_operator' retrieved from /Users/ds2718/Documents/test_python_airflow/airflow/py_venv/lib/python3.12/site-packages/airflow/example_dags/example_short_circuit_operator.py
[2024-09-18T12:12:23.405+0100] {logging_mixin.py:190} INFO - [2024-09-18T12:12:23.405+0100] {dag.py:3229} INFO - Sync 1 DAGs
[2024-09-18T12:12:23.424+0100] {logging_mixin.py:190} INFO - [2024-09-18T12:12:23.424+0100] {dag.py:4156} INFO - Setting next_dagrun for example_short_circuit_operator to None, run_after=None
[2024-09-18T12:12:23.437+0100] {processor.py:208} INFO - Processing /Users/ds2718/Documents/test_python_airflow/airflow/py_venv/lib/python3.12/site-packages/airflow/example_dags/example_short_circuit_operator.py took 0.117 seconds
[2024-09-18T12:12:57.690+0100] {processor.py:186} INFO - Started process (PID=13859) to work on /Users/ds2718/Documents/test_python_airflow/airflow/py_venv/lib/python3.12/site-packages/airflow/example_dags/example_short_circuit_operator.py
[2024-09-18T12:12:57.691+0100] {processor.py:914} INFO - Processing file /Users/ds2718/Documents/test_python_airflow/airflow/py_venv/lib/python3.12/site-packages/airflow/example_dags/example_short_circuit_operator.py for tasks to queue
[2024-09-18T12:12:57.691+0100] {logging_mixin.py:190} INFO - [2024-09-18T12:12:57.691+0100] {dagbag.py:587} INFO - Filling up the DagBag from /Users/ds2718/Documents/test_python_airflow/airflow/py_venv/lib/python3.12/site-packages/airflow/example_dags/example_short_circuit_operator.py
[2024-09-18T12:12:57.706+0100] {processor.py:925} INFO - DAG(s) 'example_short_circuit_operator' retrieved from /Users/ds2718/Documents/test_python_airflow/airflow/py_venv/lib/python3.12/site-packages/airflow/example_dags/example_short_circuit_operator.py
[2024-09-18T12:12:57.749+0100] {logging_mixin.py:190} INFO - [2024-09-18T12:12:57.749+0100] {dag.py:3229} INFO - Sync 1 DAGs
[2024-09-18T12:12:57.757+0100] {logging_mixin.py:190} INFO - [2024-09-18T12:12:57.757+0100] {dag.py:4156} INFO - Setting next_dagrun for example_short_circuit_operator to None, run_after=None
[2024-09-18T12:12:57.772+0100] {processor.py:208} INFO - Processing /Users/ds2718/Documents/test_python_airflow/airflow/py_venv/lib/python3.12/site-packages/airflow/example_dags/example_short_circuit_operator.py took 0.091 seconds
[2024-09-18T12:13:32.204+0100] {processor.py:186} INFO - Started process (PID=14014) to work on /Users/ds2718/Documents/test_python_airflow/airflow/py_venv/lib/python3.12/site-packages/airflow/example_dags/example_short_circuit_operator.py
[2024-09-18T12:13:32.204+0100] {processor.py:914} INFO - Processing file /Users/ds2718/Documents/test_python_airflow/airflow/py_venv/lib/python3.12/site-packages/airflow/example_dags/example_short_circuit_operator.py for tasks to queue
[2024-09-18T12:13:32.205+0100] {logging_mixin.py:190} INFO - [2024-09-18T12:13:32.205+0100] {dagbag.py:587} INFO - Filling up the DagBag from /Users/ds2718/Documents/test_python_airflow/airflow/py_venv/lib/python3.12/site-packages/airflow/example_dags/example_short_circuit_operator.py
[2024-09-18T12:13:32.219+0100] {processor.py:925} INFO - DAG(s) 'example_short_circuit_operator' retrieved from /Users/ds2718/Documents/test_python_airflow/airflow/py_venv/lib/python3.12/site-packages/airflow/example_dags/example_short_circuit_operator.py
[2024-09-18T12:13:32.274+0100] {logging_mixin.py:190} INFO - [2024-09-18T12:13:32.274+0100] {dag.py:3229} INFO - Sync 1 DAGs
[2024-09-18T12:13:32.281+0100] {logging_mixin.py:190} INFO - [2024-09-18T12:13:32.281+0100] {dag.py:4156} INFO - Setting next_dagrun for example_short_circuit_operator to None, run_after=None
[2024-09-18T12:13:32.297+0100] {processor.py:208} INFO - Processing /Users/ds2718/Documents/test_python_airflow/airflow/py_venv/lib/python3.12/site-packages/airflow/example_dags/example_short_circuit_operator.py took 0.101 seconds
[2024-09-18T12:14:06.923+0100] {processor.py:186} INFO - Started process (PID=14211) to work on /Users/ds2718/Documents/test_python_airflow/airflow/py_venv/lib/python3.12/site-packages/airflow/example_dags/example_short_circuit_operator.py
[2024-09-18T12:14:06.924+0100] {processor.py:914} INFO - Processing file /Users/ds2718/Documents/test_python_airflow/airflow/py_venv/lib/python3.12/site-packages/airflow/example_dags/example_short_circuit_operator.py for tasks to queue
[2024-09-18T12:14:06.924+0100] {logging_mixin.py:190} INFO - [2024-09-18T12:14:06.924+0100] {dagbag.py:587} INFO - Filling up the DagBag from /Users/ds2718/Documents/test_python_airflow/airflow/py_venv/lib/python3.12/site-packages/airflow/example_dags/example_short_circuit_operator.py
[2024-09-18T12:14:06.938+0100] {processor.py:925} INFO - DAG(s) 'example_short_circuit_operator' retrieved from /Users/ds2718/Documents/test_python_airflow/airflow/py_venv/lib/python3.12/site-packages/airflow/example_dags/example_short_circuit_operator.py
[2024-09-18T12:14:06.983+0100] {logging_mixin.py:190} INFO - [2024-09-18T12:14:06.982+0100] {dag.py:3229} INFO - Sync 1 DAGs
[2024-09-18T12:14:06.990+0100] {logging_mixin.py:190} INFO - [2024-09-18T12:14:06.990+0100] {dag.py:4156} INFO - Setting next_dagrun for example_short_circuit_operator to None, run_after=None
[2024-09-18T12:14:07.007+0100] {processor.py:208} INFO - Processing /Users/ds2718/Documents/test_python_airflow/airflow/py_venv/lib/python3.12/site-packages/airflow/example_dags/example_short_circuit_operator.py took 0.093 seconds
