[2024-09-18T11:54:17.336+0100] {processor.py:186} INFO - Started process (PID=9500) to work on /Users/ds2718/Documents/test_python_airflow/airflow/py_venv/lib/python3.12/site-packages/airflow/example_dags/example_inlet_event_extra.py
[2024-09-18T11:54:17.337+0100] {processor.py:914} INFO - Processing file /Users/ds2718/Documents/test_python_airflow/airflow/py_venv/lib/python3.12/site-packages/airflow/example_dags/example_inlet_event_extra.py for tasks to queue
[2024-09-18T11:54:17.337+0100] {logging_mixin.py:190} INFO - [2024-09-18T11:54:17.337+0100] {dagbag.py:587} INFO - Filling up the DagBag from /Users/ds2718/Documents/test_python_airflow/airflow/py_venv/lib/python3.12/site-packages/airflow/example_dags/example_inlet_event_extra.py
[2024-09-18T11:54:17.386+0100] {processor.py:925} INFO - DAG(s) 'read_dataset_event', 'read_dataset_event_from_classic' retrieved from /Users/ds2718/Documents/test_python_airflow/airflow/py_venv/lib/python3.12/site-packages/airflow/example_dags/example_inlet_event_extra.py
[2024-09-18T11:54:17.501+0100] {logging_mixin.py:190} INFO - [2024-09-18T11:54:17.501+0100] {override.py:1900} INFO - Created Permission View: can edit on DAG:read_dataset_event
[2024-09-18T11:54:17.505+0100] {logging_mixin.py:190} INFO - [2024-09-18T11:54:17.505+0100] {override.py:1900} INFO - Created Permission View: can delete on DAG:read_dataset_event
[2024-09-18T11:54:17.507+0100] {logging_mixin.py:190} INFO - [2024-09-18T11:54:17.507+0100] {override.py:1900} INFO - Created Permission View: can read on DAG:read_dataset_event
[2024-09-18T11:54:17.509+0100] {logging_mixin.py:190} INFO - [2024-09-18T11:54:17.509+0100] {override.py:1900} INFO - Created Permission View: can create on DAG Run:read_dataset_event
[2024-09-18T11:54:17.511+0100] {logging_mixin.py:190} INFO - [2024-09-18T11:54:17.511+0100] {override.py:1900} INFO - Created Permission View: can delete on DAG Run:read_dataset_event
[2024-09-18T11:54:17.513+0100] {logging_mixin.py:190} INFO - [2024-09-18T11:54:17.513+0100] {override.py:1900} INFO - Created Permission View: menu access on DAG Run:read_dataset_event
[2024-09-18T11:54:17.515+0100] {logging_mixin.py:190} INFO - [2024-09-18T11:54:17.515+0100] {override.py:1900} INFO - Created Permission View: can read on DAG Run:read_dataset_event
[2024-09-18T11:54:17.519+0100] {logging_mixin.py:190} INFO - [2024-09-18T11:54:17.519+0100] {override.py:1900} INFO - Created Permission View: can edit on DAG:read_dataset_event_from_classic
[2024-09-18T11:54:17.521+0100] {logging_mixin.py:190} INFO - [2024-09-18T11:54:17.521+0100] {override.py:1900} INFO - Created Permission View: can delete on DAG:read_dataset_event_from_classic
[2024-09-18T11:54:17.524+0100] {logging_mixin.py:190} INFO - [2024-09-18T11:54:17.524+0100] {override.py:1900} INFO - Created Permission View: can read on DAG:read_dataset_event_from_classic
[2024-09-18T11:54:17.526+0100] {logging_mixin.py:190} INFO - [2024-09-18T11:54:17.526+0100] {override.py:1900} INFO - Created Permission View: can create on DAG Run:read_dataset_event_from_classic
[2024-09-18T11:54:17.528+0100] {logging_mixin.py:190} INFO - [2024-09-18T11:54:17.528+0100] {override.py:1900} INFO - Created Permission View: can delete on DAG Run:read_dataset_event_from_classic
[2024-09-18T11:54:17.530+0100] {logging_mixin.py:190} INFO - [2024-09-18T11:54:17.530+0100] {override.py:1900} INFO - Created Permission View: menu access on DAG Run:read_dataset_event_from_classic
[2024-09-18T11:54:17.532+0100] {logging_mixin.py:190} INFO - [2024-09-18T11:54:17.532+0100] {override.py:1900} INFO - Created Permission View: can read on DAG Run:read_dataset_event_from_classic
[2024-09-18T11:54:17.532+0100] {logging_mixin.py:190} INFO - [2024-09-18T11:54:17.532+0100] {dag.py:3229} INFO - Sync 2 DAGs
[2024-09-18T11:54:17.538+0100] {logging_mixin.py:190} INFO - [2024-09-18T11:54:17.538+0100] {dag.py:3252} INFO - Creating ORM DAG for read_dataset_event_from_classic
[2024-09-18T11:54:17.538+0100] {logging_mixin.py:190} INFO - [2024-09-18T11:54:17.538+0100] {dag.py:3252} INFO - Creating ORM DAG for read_dataset_event
[2024-09-18T11:54:17.543+0100] {logging_mixin.py:190} INFO - [2024-09-18T11:54:17.543+0100] {dag.py:4156} INFO - Setting next_dagrun for read_dataset_event to 2024-09-17 00:00:00+00:00, run_after=2024-09-18 00:00:00+00:00
[2024-09-18T11:54:17.543+0100] {logging_mixin.py:190} INFO - [2024-09-18T11:54:17.543+0100] {dag.py:4156} INFO - Setting next_dagrun for read_dataset_event_from_classic to 2024-09-17 00:00:00+00:00, run_after=2024-09-18 00:00:00+00:00
[2024-09-18T11:54:17.551+0100] {processor.py:208} INFO - Processing /Users/ds2718/Documents/test_python_airflow/airflow/py_venv/lib/python3.12/site-packages/airflow/example_dags/example_inlet_event_extra.py took 0.220 seconds
[2024-09-18T11:54:51.852+0100] {processor.py:186} INFO - Started process (PID=9703) to work on /Users/ds2718/Documents/test_python_airflow/airflow/py_venv/lib/python3.12/site-packages/airflow/example_dags/example_inlet_event_extra.py
[2024-09-18T11:54:51.853+0100] {processor.py:914} INFO - Processing file /Users/ds2718/Documents/test_python_airflow/airflow/py_venv/lib/python3.12/site-packages/airflow/example_dags/example_inlet_event_extra.py for tasks to queue
[2024-09-18T11:54:51.854+0100] {logging_mixin.py:190} INFO - [2024-09-18T11:54:51.854+0100] {dagbag.py:587} INFO - Filling up the DagBag from /Users/ds2718/Documents/test_python_airflow/airflow/py_venv/lib/python3.12/site-packages/airflow/example_dags/example_inlet_event_extra.py
[2024-09-18T11:54:51.913+0100] {processor.py:925} INFO - DAG(s) 'read_dataset_event_from_classic', 'read_dataset_event' retrieved from /Users/ds2718/Documents/test_python_airflow/airflow/py_venv/lib/python3.12/site-packages/airflow/example_dags/example_inlet_event_extra.py
[2024-09-18T11:54:51.968+0100] {logging_mixin.py:190} INFO - [2024-09-18T11:54:51.968+0100] {dag.py:3229} INFO - Sync 2 DAGs
[2024-09-18T11:54:52.009+0100] {logging_mixin.py:190} INFO - [2024-09-18T11:54:52.009+0100] {dag.py:4156} INFO - Setting next_dagrun for read_dataset_event to 2024-09-17 00:00:00+00:00, run_after=2024-09-18 00:00:00+00:00
[2024-09-18T11:54:52.011+0100] {logging_mixin.py:190} INFO - [2024-09-18T11:54:52.011+0100] {dag.py:4156} INFO - Setting next_dagrun for read_dataset_event_from_classic to 2024-09-17 00:00:00+00:00, run_after=2024-09-18 00:00:00+00:00
[2024-09-18T11:54:52.034+0100] {processor.py:208} INFO - Processing /Users/ds2718/Documents/test_python_airflow/airflow/py_venv/lib/python3.12/site-packages/airflow/example_dags/example_inlet_event_extra.py took 0.184 seconds
[2024-09-18T11:55:26.827+0100] {processor.py:186} INFO - Started process (PID=9881) to work on /Users/ds2718/Documents/test_python_airflow/airflow/py_venv/lib/python3.12/site-packages/airflow/example_dags/example_inlet_event_extra.py
[2024-09-18T11:55:26.827+0100] {processor.py:914} INFO - Processing file /Users/ds2718/Documents/test_python_airflow/airflow/py_venv/lib/python3.12/site-packages/airflow/example_dags/example_inlet_event_extra.py for tasks to queue
[2024-09-18T11:55:26.827+0100] {logging_mixin.py:190} INFO - [2024-09-18T11:55:26.827+0100] {dagbag.py:587} INFO - Filling up the DagBag from /Users/ds2718/Documents/test_python_airflow/airflow/py_venv/lib/python3.12/site-packages/airflow/example_dags/example_inlet_event_extra.py
[2024-09-18T11:55:26.866+0100] {processor.py:925} INFO - DAG(s) 'read_dataset_event_from_classic', 'read_dataset_event' retrieved from /Users/ds2718/Documents/test_python_airflow/airflow/py_venv/lib/python3.12/site-packages/airflow/example_dags/example_inlet_event_extra.py
[2024-09-18T11:55:26.918+0100] {logging_mixin.py:190} INFO - [2024-09-18T11:55:26.918+0100] {dag.py:3229} INFO - Sync 2 DAGs
[2024-09-18T11:55:26.951+0100] {logging_mixin.py:190} INFO - [2024-09-18T11:55:26.951+0100] {dag.py:4156} INFO - Setting next_dagrun for read_dataset_event to 2024-09-17 00:00:00+00:00, run_after=2024-09-18 00:00:00+00:00
[2024-09-18T11:55:26.953+0100] {logging_mixin.py:190} INFO - [2024-09-18T11:55:26.952+0100] {dag.py:4156} INFO - Setting next_dagrun for read_dataset_event_from_classic to 2024-09-17 00:00:00+00:00, run_after=2024-09-18 00:00:00+00:00
[2024-09-18T11:55:26.963+0100] {processor.py:208} INFO - Processing /Users/ds2718/Documents/test_python_airflow/airflow/py_venv/lib/python3.12/site-packages/airflow/example_dags/example_inlet_event_extra.py took 0.138 seconds
[2024-09-18T11:55:59.952+0100] {processor.py:186} INFO - Started process (PID=10058) to work on /Users/ds2718/Documents/test_python_airflow/airflow/py_venv/lib/python3.12/site-packages/airflow/example_dags/example_inlet_event_extra.py
[2024-09-18T11:55:59.953+0100] {processor.py:914} INFO - Processing file /Users/ds2718/Documents/test_python_airflow/airflow/py_venv/lib/python3.12/site-packages/airflow/example_dags/example_inlet_event_extra.py for tasks to queue
[2024-09-18T11:55:59.953+0100] {logging_mixin.py:190} INFO - [2024-09-18T11:55:59.953+0100] {dagbag.py:587} INFO - Filling up the DagBag from /Users/ds2718/Documents/test_python_airflow/airflow/py_venv/lib/python3.12/site-packages/airflow/example_dags/example_inlet_event_extra.py
[2024-09-18T11:56:00.013+0100] {processor.py:925} INFO - DAG(s) 'read_dataset_event', 'read_dataset_event_from_classic' retrieved from /Users/ds2718/Documents/test_python_airflow/airflow/py_venv/lib/python3.12/site-packages/airflow/example_dags/example_inlet_event_extra.py
[2024-09-18T11:56:00.061+0100] {logging_mixin.py:190} INFO - [2024-09-18T11:56:00.061+0100] {dag.py:3229} INFO - Sync 2 DAGs
[2024-09-18T11:56:00.109+0100] {logging_mixin.py:190} INFO - [2024-09-18T11:56:00.108+0100] {dag.py:4156} INFO - Setting next_dagrun for read_dataset_event to 2024-09-17 00:00:00+00:00, run_after=2024-09-18 00:00:00+00:00
[2024-09-18T11:56:00.110+0100] {logging_mixin.py:190} INFO - [2024-09-18T11:56:00.110+0100] {dag.py:4156} INFO - Setting next_dagrun for read_dataset_event_from_classic to 2024-09-17 00:00:00+00:00, run_after=2024-09-18 00:00:00+00:00
[2024-09-18T11:56:00.121+0100] {processor.py:208} INFO - Processing /Users/ds2718/Documents/test_python_airflow/airflow/py_venv/lib/python3.12/site-packages/airflow/example_dags/example_inlet_event_extra.py took 0.172 seconds
[2024-09-18T11:56:33.208+0100] {processor.py:186} INFO - Started process (PID=10196) to work on /Users/ds2718/Documents/test_python_airflow/airflow/py_venv/lib/python3.12/site-packages/airflow/example_dags/example_inlet_event_extra.py
[2024-09-18T11:56:33.209+0100] {processor.py:914} INFO - Processing file /Users/ds2718/Documents/test_python_airflow/airflow/py_venv/lib/python3.12/site-packages/airflow/example_dags/example_inlet_event_extra.py for tasks to queue
[2024-09-18T11:56:33.209+0100] {logging_mixin.py:190} INFO - [2024-09-18T11:56:33.209+0100] {dagbag.py:587} INFO - Filling up the DagBag from /Users/ds2718/Documents/test_python_airflow/airflow/py_venv/lib/python3.12/site-packages/airflow/example_dags/example_inlet_event_extra.py
[2024-09-18T11:56:33.250+0100] {processor.py:925} INFO - DAG(s) 'read_dataset_event_from_classic', 'read_dataset_event' retrieved from /Users/ds2718/Documents/test_python_airflow/airflow/py_venv/lib/python3.12/site-packages/airflow/example_dags/example_inlet_event_extra.py
[2024-09-18T11:56:33.299+0100] {logging_mixin.py:190} INFO - [2024-09-18T11:56:33.299+0100] {dag.py:3229} INFO - Sync 2 DAGs
[2024-09-18T11:56:33.335+0100] {logging_mixin.py:190} INFO - [2024-09-18T11:56:33.334+0100] {dag.py:4156} INFO - Setting next_dagrun for read_dataset_event to 2024-09-17 00:00:00+00:00, run_after=2024-09-18 00:00:00+00:00
[2024-09-18T11:56:33.337+0100] {logging_mixin.py:190} INFO - [2024-09-18T11:56:33.337+0100] {dag.py:4156} INFO - Setting next_dagrun for read_dataset_event_from_classic to 2024-09-17 00:00:00+00:00, run_after=2024-09-18 00:00:00+00:00
[2024-09-18T11:56:33.346+0100] {processor.py:208} INFO - Processing /Users/ds2718/Documents/test_python_airflow/airflow/py_venv/lib/python3.12/site-packages/airflow/example_dags/example_inlet_event_extra.py took 0.141 seconds
[2024-09-18T11:57:05.545+0100] {processor.py:186} INFO - Started process (PID=10361) to work on /Users/ds2718/Documents/test_python_airflow/airflow/py_venv/lib/python3.12/site-packages/airflow/example_dags/example_inlet_event_extra.py
[2024-09-18T11:57:05.546+0100] {processor.py:914} INFO - Processing file /Users/ds2718/Documents/test_python_airflow/airflow/py_venv/lib/python3.12/site-packages/airflow/example_dags/example_inlet_event_extra.py for tasks to queue
[2024-09-18T11:57:05.547+0100] {logging_mixin.py:190} INFO - [2024-09-18T11:57:05.546+0100] {dagbag.py:587} INFO - Filling up the DagBag from /Users/ds2718/Documents/test_python_airflow/airflow/py_venv/lib/python3.12/site-packages/airflow/example_dags/example_inlet_event_extra.py
[2024-09-18T11:57:05.602+0100] {processor.py:925} INFO - DAG(s) 'read_dataset_event', 'read_dataset_event_from_classic' retrieved from /Users/ds2718/Documents/test_python_airflow/airflow/py_venv/lib/python3.12/site-packages/airflow/example_dags/example_inlet_event_extra.py
[2024-09-18T11:57:05.641+0100] {logging_mixin.py:190} INFO - [2024-09-18T11:57:05.641+0100] {dag.py:3229} INFO - Sync 2 DAGs
[2024-09-18T11:57:05.687+0100] {logging_mixin.py:190} INFO - [2024-09-18T11:57:05.687+0100] {dag.py:4156} INFO - Setting next_dagrun for read_dataset_event to 2024-09-17 00:00:00+00:00, run_after=2024-09-18 00:00:00+00:00
[2024-09-18T11:57:05.689+0100] {logging_mixin.py:190} INFO - [2024-09-18T11:57:05.689+0100] {dag.py:4156} INFO - Setting next_dagrun for read_dataset_event_from_classic to 2024-09-17 00:00:00+00:00, run_after=2024-09-18 00:00:00+00:00
[2024-09-18T11:57:05.703+0100] {processor.py:208} INFO - Processing /Users/ds2718/Documents/test_python_airflow/airflow/py_venv/lib/python3.12/site-packages/airflow/example_dags/example_inlet_event_extra.py took 0.165 seconds
[2024-09-18T11:57:38.263+0100] {processor.py:186} INFO - Started process (PID=10525) to work on /Users/ds2718/Documents/test_python_airflow/airflow/py_venv/lib/python3.12/site-packages/airflow/example_dags/example_inlet_event_extra.py
[2024-09-18T11:57:38.265+0100] {processor.py:914} INFO - Processing file /Users/ds2718/Documents/test_python_airflow/airflow/py_venv/lib/python3.12/site-packages/airflow/example_dags/example_inlet_event_extra.py for tasks to queue
[2024-09-18T11:57:38.265+0100] {logging_mixin.py:190} INFO - [2024-09-18T11:57:38.265+0100] {dagbag.py:587} INFO - Filling up the DagBag from /Users/ds2718/Documents/test_python_airflow/airflow/py_venv/lib/python3.12/site-packages/airflow/example_dags/example_inlet_event_extra.py
[2024-09-18T11:57:38.328+0100] {processor.py:925} INFO - DAG(s) 'read_dataset_event', 'read_dataset_event_from_classic' retrieved from /Users/ds2718/Documents/test_python_airflow/airflow/py_venv/lib/python3.12/site-packages/airflow/example_dags/example_inlet_event_extra.py
[2024-09-18T11:57:38.370+0100] {logging_mixin.py:190} INFO - [2024-09-18T11:57:38.370+0100] {dag.py:3229} INFO - Sync 2 DAGs
[2024-09-18T11:57:38.419+0100] {logging_mixin.py:190} INFO - [2024-09-18T11:57:38.419+0100] {dag.py:4156} INFO - Setting next_dagrun for read_dataset_event to 2024-09-17 00:00:00+00:00, run_after=2024-09-18 00:00:00+00:00
[2024-09-18T11:57:38.421+0100] {logging_mixin.py:190} INFO - [2024-09-18T11:57:38.421+0100] {dag.py:4156} INFO - Setting next_dagrun for read_dataset_event_from_classic to 2024-09-17 00:00:00+00:00, run_after=2024-09-18 00:00:00+00:00
[2024-09-18T11:57:38.432+0100] {processor.py:208} INFO - Processing /Users/ds2718/Documents/test_python_airflow/airflow/py_venv/lib/python3.12/site-packages/airflow/example_dags/example_inlet_event_extra.py took 0.171 seconds
[2024-09-18T11:58:13.231+0100] {processor.py:186} INFO - Started process (PID=10737) to work on /Users/ds2718/Documents/test_python_airflow/airflow/py_venv/lib/python3.12/site-packages/airflow/example_dags/example_inlet_event_extra.py
[2024-09-18T11:58:13.236+0100] {processor.py:914} INFO - Processing file /Users/ds2718/Documents/test_python_airflow/airflow/py_venv/lib/python3.12/site-packages/airflow/example_dags/example_inlet_event_extra.py for tasks to queue
[2024-09-18T11:58:13.236+0100] {logging_mixin.py:190} INFO - [2024-09-18T11:58:13.236+0100] {dagbag.py:587} INFO - Filling up the DagBag from /Users/ds2718/Documents/test_python_airflow/airflow/py_venv/lib/python3.12/site-packages/airflow/example_dags/example_inlet_event_extra.py
[2024-09-18T11:58:13.291+0100] {processor.py:925} INFO - DAG(s) 'read_dataset_event', 'read_dataset_event_from_classic' retrieved from /Users/ds2718/Documents/test_python_airflow/airflow/py_venv/lib/python3.12/site-packages/airflow/example_dags/example_inlet_event_extra.py
[2024-09-18T11:58:13.334+0100] {logging_mixin.py:190} INFO - [2024-09-18T11:58:13.334+0100] {dag.py:3229} INFO - Sync 2 DAGs
[2024-09-18T11:58:13.376+0100] {logging_mixin.py:190} INFO - [2024-09-18T11:58:13.376+0100] {dag.py:4156} INFO - Setting next_dagrun for read_dataset_event to 2024-09-17 00:00:00+00:00, run_after=2024-09-18 00:00:00+00:00
[2024-09-18T11:58:13.390+0100] {logging_mixin.py:190} INFO - [2024-09-18T11:58:13.390+0100] {dag.py:4156} INFO - Setting next_dagrun for read_dataset_event_from_classic to 2024-09-17 00:00:00+00:00, run_after=2024-09-18 00:00:00+00:00
[2024-09-18T11:58:13.401+0100] {processor.py:208} INFO - Processing /Users/ds2718/Documents/test_python_airflow/airflow/py_venv/lib/python3.12/site-packages/airflow/example_dags/example_inlet_event_extra.py took 0.178 seconds
[2024-09-18T11:58:48.622+0100] {processor.py:186} INFO - Started process (PID=10906) to work on /Users/ds2718/Documents/test_python_airflow/airflow/py_venv/lib/python3.12/site-packages/airflow/example_dags/example_inlet_event_extra.py
[2024-09-18T11:58:48.623+0100] {processor.py:914} INFO - Processing file /Users/ds2718/Documents/test_python_airflow/airflow/py_venv/lib/python3.12/site-packages/airflow/example_dags/example_inlet_event_extra.py for tasks to queue
[2024-09-18T11:58:48.624+0100] {logging_mixin.py:190} INFO - [2024-09-18T11:58:48.624+0100] {dagbag.py:587} INFO - Filling up the DagBag from /Users/ds2718/Documents/test_python_airflow/airflow/py_venv/lib/python3.12/site-packages/airflow/example_dags/example_inlet_event_extra.py
[2024-09-18T11:58:48.676+0100] {processor.py:925} INFO - DAG(s) 'read_dataset_event', 'read_dataset_event_from_classic' retrieved from /Users/ds2718/Documents/test_python_airflow/airflow/py_venv/lib/python3.12/site-packages/airflow/example_dags/example_inlet_event_extra.py
[2024-09-18T11:58:48.715+0100] {logging_mixin.py:190} INFO - [2024-09-18T11:58:48.715+0100] {dag.py:3229} INFO - Sync 2 DAGs
[2024-09-18T11:58:48.751+0100] {logging_mixin.py:190} INFO - [2024-09-18T11:58:48.751+0100] {dag.py:4156} INFO - Setting next_dagrun for read_dataset_event to 2024-09-17 00:00:00+00:00, run_after=2024-09-18 00:00:00+00:00
[2024-09-18T11:58:48.752+0100] {logging_mixin.py:190} INFO - [2024-09-18T11:58:48.752+0100] {dag.py:4156} INFO - Setting next_dagrun for read_dataset_event_from_classic to 2024-09-17 00:00:00+00:00, run_after=2024-09-18 00:00:00+00:00
[2024-09-18T11:58:48.772+0100] {processor.py:208} INFO - Processing /Users/ds2718/Documents/test_python_airflow/airflow/py_venv/lib/python3.12/site-packages/airflow/example_dags/example_inlet_event_extra.py took 0.158 seconds
[2024-09-18T11:59:23.365+0100] {processor.py:186} INFO - Started process (PID=11117) to work on /Users/ds2718/Documents/test_python_airflow/airflow/py_venv/lib/python3.12/site-packages/airflow/example_dags/example_inlet_event_extra.py
[2024-09-18T11:59:23.366+0100] {processor.py:914} INFO - Processing file /Users/ds2718/Documents/test_python_airflow/airflow/py_venv/lib/python3.12/site-packages/airflow/example_dags/example_inlet_event_extra.py for tasks to queue
[2024-09-18T11:59:23.366+0100] {logging_mixin.py:190} INFO - [2024-09-18T11:59:23.366+0100] {dagbag.py:587} INFO - Filling up the DagBag from /Users/ds2718/Documents/test_python_airflow/airflow/py_venv/lib/python3.12/site-packages/airflow/example_dags/example_inlet_event_extra.py
[2024-09-18T11:59:23.415+0100] {processor.py:925} INFO - DAG(s) 'read_dataset_event', 'read_dataset_event_from_classic' retrieved from /Users/ds2718/Documents/test_python_airflow/airflow/py_venv/lib/python3.12/site-packages/airflow/example_dags/example_inlet_event_extra.py
[2024-09-18T11:59:23.455+0100] {logging_mixin.py:190} INFO - [2024-09-18T11:59:23.455+0100] {dag.py:3229} INFO - Sync 2 DAGs
[2024-09-18T11:59:23.491+0100] {logging_mixin.py:190} INFO - [2024-09-18T11:59:23.491+0100] {dag.py:4156} INFO - Setting next_dagrun for read_dataset_event to 2024-09-17 00:00:00+00:00, run_after=2024-09-18 00:00:00+00:00
[2024-09-18T11:59:23.493+0100] {logging_mixin.py:190} INFO - [2024-09-18T11:59:23.493+0100] {dag.py:4156} INFO - Setting next_dagrun for read_dataset_event_from_classic to 2024-09-17 00:00:00+00:00, run_after=2024-09-18 00:00:00+00:00
[2024-09-18T11:59:23.502+0100] {processor.py:208} INFO - Processing /Users/ds2718/Documents/test_python_airflow/airflow/py_venv/lib/python3.12/site-packages/airflow/example_dags/example_inlet_event_extra.py took 0.141 seconds
[2024-09-18T11:59:56.988+0100] {processor.py:186} INFO - Started process (PID=11331) to work on /Users/ds2718/Documents/test_python_airflow/airflow/py_venv/lib/python3.12/site-packages/airflow/example_dags/example_inlet_event_extra.py
[2024-09-18T11:59:56.992+0100] {processor.py:914} INFO - Processing file /Users/ds2718/Documents/test_python_airflow/airflow/py_venv/lib/python3.12/site-packages/airflow/example_dags/example_inlet_event_extra.py for tasks to queue
[2024-09-18T11:59:56.992+0100] {logging_mixin.py:190} INFO - [2024-09-18T11:59:56.992+0100] {dagbag.py:587} INFO - Filling up the DagBag from /Users/ds2718/Documents/test_python_airflow/airflow/py_venv/lib/python3.12/site-packages/airflow/example_dags/example_inlet_event_extra.py
[2024-09-18T11:59:57.048+0100] {processor.py:925} INFO - DAG(s) 'read_dataset_event', 'read_dataset_event_from_classic' retrieved from /Users/ds2718/Documents/test_python_airflow/airflow/py_venv/lib/python3.12/site-packages/airflow/example_dags/example_inlet_event_extra.py
[2024-09-18T11:59:57.096+0100] {logging_mixin.py:190} INFO - [2024-09-18T11:59:57.096+0100] {dag.py:3229} INFO - Sync 2 DAGs
[2024-09-18T11:59:57.132+0100] {logging_mixin.py:190} INFO - [2024-09-18T11:59:57.132+0100] {dag.py:4156} INFO - Setting next_dagrun for read_dataset_event to 2024-09-17 00:00:00+00:00, run_after=2024-09-18 00:00:00+00:00
[2024-09-18T11:59:57.134+0100] {logging_mixin.py:190} INFO - [2024-09-18T11:59:57.133+0100] {dag.py:4156} INFO - Setting next_dagrun for read_dataset_event_from_classic to 2024-09-17 00:00:00+00:00, run_after=2024-09-18 00:00:00+00:00
[2024-09-18T11:59:57.156+0100] {processor.py:208} INFO - Processing /Users/ds2718/Documents/test_python_airflow/airflow/py_venv/lib/python3.12/site-packages/airflow/example_dags/example_inlet_event_extra.py took 0.174 seconds
[2024-09-18T12:00:29.826+0100] {processor.py:186} INFO - Started process (PID=11499) to work on /Users/ds2718/Documents/test_python_airflow/airflow/py_venv/lib/python3.12/site-packages/airflow/example_dags/example_inlet_event_extra.py
[2024-09-18T12:00:29.829+0100] {processor.py:914} INFO - Processing file /Users/ds2718/Documents/test_python_airflow/airflow/py_venv/lib/python3.12/site-packages/airflow/example_dags/example_inlet_event_extra.py for tasks to queue
[2024-09-18T12:00:29.829+0100] {logging_mixin.py:190} INFO - [2024-09-18T12:00:29.829+0100] {dagbag.py:587} INFO - Filling up the DagBag from /Users/ds2718/Documents/test_python_airflow/airflow/py_venv/lib/python3.12/site-packages/airflow/example_dags/example_inlet_event_extra.py
[2024-09-18T12:00:29.883+0100] {processor.py:925} INFO - DAG(s) 'read_dataset_event_from_classic', 'read_dataset_event' retrieved from /Users/ds2718/Documents/test_python_airflow/airflow/py_venv/lib/python3.12/site-packages/airflow/example_dags/example_inlet_event_extra.py
[2024-09-18T12:00:29.929+0100] {logging_mixin.py:190} INFO - [2024-09-18T12:00:29.929+0100] {dag.py:3229} INFO - Sync 2 DAGs
[2024-09-18T12:00:29.963+0100] {logging_mixin.py:190} INFO - [2024-09-18T12:00:29.963+0100] {dag.py:4156} INFO - Setting next_dagrun for read_dataset_event to 2024-09-17 00:00:00+00:00, run_after=2024-09-18 00:00:00+00:00
[2024-09-18T12:00:29.965+0100] {logging_mixin.py:190} INFO - [2024-09-18T12:00:29.965+0100] {dag.py:4156} INFO - Setting next_dagrun for read_dataset_event_from_classic to 2024-09-17 00:00:00+00:00, run_after=2024-09-18 00:00:00+00:00
[2024-09-18T12:00:29.979+0100] {processor.py:208} INFO - Processing /Users/ds2718/Documents/test_python_airflow/airflow/py_venv/lib/python3.12/site-packages/airflow/example_dags/example_inlet_event_extra.py took 0.159 seconds
[2024-09-18T12:01:03.531+0100] {processor.py:186} INFO - Started process (PID=11709) to work on /Users/ds2718/Documents/test_python_airflow/airflow/py_venv/lib/python3.12/site-packages/airflow/example_dags/example_inlet_event_extra.py
[2024-09-18T12:01:03.534+0100] {processor.py:914} INFO - Processing file /Users/ds2718/Documents/test_python_airflow/airflow/py_venv/lib/python3.12/site-packages/airflow/example_dags/example_inlet_event_extra.py for tasks to queue
[2024-09-18T12:01:03.534+0100] {logging_mixin.py:190} INFO - [2024-09-18T12:01:03.534+0100] {dagbag.py:587} INFO - Filling up the DagBag from /Users/ds2718/Documents/test_python_airflow/airflow/py_venv/lib/python3.12/site-packages/airflow/example_dags/example_inlet_event_extra.py
[2024-09-18T12:01:03.585+0100] {processor.py:925} INFO - DAG(s) 'read_dataset_event', 'read_dataset_event_from_classic' retrieved from /Users/ds2718/Documents/test_python_airflow/airflow/py_venv/lib/python3.12/site-packages/airflow/example_dags/example_inlet_event_extra.py
[2024-09-18T12:01:03.633+0100] {logging_mixin.py:190} INFO - [2024-09-18T12:01:03.633+0100] {dag.py:3229} INFO - Sync 2 DAGs
[2024-09-18T12:01:03.669+0100] {logging_mixin.py:190} INFO - [2024-09-18T12:01:03.669+0100] {dag.py:4156} INFO - Setting next_dagrun for read_dataset_event to 2024-09-17 00:00:00+00:00, run_after=2024-09-18 00:00:00+00:00
[2024-09-18T12:01:03.671+0100] {logging_mixin.py:190} INFO - [2024-09-18T12:01:03.671+0100] {dag.py:4156} INFO - Setting next_dagrun for read_dataset_event_from_classic to 2024-09-17 00:00:00+00:00, run_after=2024-09-18 00:00:00+00:00
[2024-09-18T12:01:03.684+0100] {processor.py:208} INFO - Processing /Users/ds2718/Documents/test_python_airflow/airflow/py_venv/lib/python3.12/site-packages/airflow/example_dags/example_inlet_event_extra.py took 0.158 seconds
[2024-09-18T12:06:18.179+0100] {processor.py:186} INFO - Started process (PID=11930) to work on /Users/ds2718/Documents/test_python_airflow/airflow/py_venv/lib/python3.12/site-packages/airflow/example_dags/example_inlet_event_extra.py
[2024-09-18T12:06:18.179+0100] {processor.py:914} INFO - Processing file /Users/ds2718/Documents/test_python_airflow/airflow/py_venv/lib/python3.12/site-packages/airflow/example_dags/example_inlet_event_extra.py for tasks to queue
[2024-09-18T12:06:18.180+0100] {logging_mixin.py:190} INFO - [2024-09-18T12:06:18.180+0100] {dagbag.py:587} INFO - Filling up the DagBag from /Users/ds2718/Documents/test_python_airflow/airflow/py_venv/lib/python3.12/site-packages/airflow/example_dags/example_inlet_event_extra.py
[2024-09-18T12:06:18.219+0100] {processor.py:925} INFO - DAG(s) 'read_dataset_event_from_classic', 'read_dataset_event' retrieved from /Users/ds2718/Documents/test_python_airflow/airflow/py_venv/lib/python3.12/site-packages/airflow/example_dags/example_inlet_event_extra.py
[2024-09-18T12:06:18.261+0100] {logging_mixin.py:190} INFO - [2024-09-18T12:06:18.261+0100] {dag.py:3229} INFO - Sync 2 DAGs
[2024-09-18T12:06:18.294+0100] {logging_mixin.py:190} INFO - [2024-09-18T12:06:18.294+0100] {dag.py:4156} INFO - Setting next_dagrun for read_dataset_event to 2024-09-17 00:00:00+00:00, run_after=2024-09-18 00:00:00+00:00
[2024-09-18T12:06:18.296+0100] {logging_mixin.py:190} INFO - [2024-09-18T12:06:18.296+0100] {dag.py:4156} INFO - Setting next_dagrun for read_dataset_event_from_classic to 2024-09-17 00:00:00+00:00, run_after=2024-09-18 00:00:00+00:00
[2024-09-18T12:06:18.316+0100] {processor.py:208} INFO - Processing /Users/ds2718/Documents/test_python_airflow/airflow/py_venv/lib/python3.12/site-packages/airflow/example_dags/example_inlet_event_extra.py took 0.138 seconds
[2024-09-18T12:06:53.390+0100] {processor.py:186} INFO - Started process (PID=12105) to work on /Users/ds2718/Documents/test_python_airflow/airflow/py_venv/lib/python3.12/site-packages/airflow/example_dags/example_inlet_event_extra.py
[2024-09-18T12:06:53.390+0100] {processor.py:914} INFO - Processing file /Users/ds2718/Documents/test_python_airflow/airflow/py_venv/lib/python3.12/site-packages/airflow/example_dags/example_inlet_event_extra.py for tasks to queue
[2024-09-18T12:06:53.391+0100] {logging_mixin.py:190} INFO - [2024-09-18T12:06:53.391+0100] {dagbag.py:587} INFO - Filling up the DagBag from /Users/ds2718/Documents/test_python_airflow/airflow/py_venv/lib/python3.12/site-packages/airflow/example_dags/example_inlet_event_extra.py
[2024-09-18T12:06:53.440+0100] {processor.py:925} INFO - DAG(s) 'read_dataset_event_from_classic', 'read_dataset_event' retrieved from /Users/ds2718/Documents/test_python_airflow/airflow/py_venv/lib/python3.12/site-packages/airflow/example_dags/example_inlet_event_extra.py
[2024-09-18T12:06:53.479+0100] {logging_mixin.py:190} INFO - [2024-09-18T12:06:53.478+0100] {dag.py:3229} INFO - Sync 2 DAGs
[2024-09-18T12:06:53.513+0100] {logging_mixin.py:190} INFO - [2024-09-18T12:06:53.513+0100] {dag.py:4156} INFO - Setting next_dagrun for read_dataset_event to 2024-09-17 00:00:00+00:00, run_after=2024-09-18 00:00:00+00:00
[2024-09-18T12:06:53.515+0100] {logging_mixin.py:190} INFO - [2024-09-18T12:06:53.515+0100] {dag.py:4156} INFO - Setting next_dagrun for read_dataset_event_from_classic to 2024-09-17 00:00:00+00:00, run_after=2024-09-18 00:00:00+00:00
[2024-09-18T12:06:53.528+0100] {processor.py:208} INFO - Processing /Users/ds2718/Documents/test_python_airflow/airflow/py_venv/lib/python3.12/site-packages/airflow/example_dags/example_inlet_event_extra.py took 0.143 seconds
[2024-09-18T12:07:28.241+0100] {processor.py:186} INFO - Started process (PID=12286) to work on /Users/ds2718/Documents/test_python_airflow/airflow/py_venv/lib/python3.12/site-packages/airflow/example_dags/example_inlet_event_extra.py
[2024-09-18T12:07:28.242+0100] {processor.py:914} INFO - Processing file /Users/ds2718/Documents/test_python_airflow/airflow/py_venv/lib/python3.12/site-packages/airflow/example_dags/example_inlet_event_extra.py for tasks to queue
[2024-09-18T12:07:28.242+0100] {logging_mixin.py:190} INFO - [2024-09-18T12:07:28.242+0100] {dagbag.py:587} INFO - Filling up the DagBag from /Users/ds2718/Documents/test_python_airflow/airflow/py_venv/lib/python3.12/site-packages/airflow/example_dags/example_inlet_event_extra.py
[2024-09-18T12:07:28.299+0100] {processor.py:925} INFO - DAG(s) 'read_dataset_event', 'read_dataset_event_from_classic' retrieved from /Users/ds2718/Documents/test_python_airflow/airflow/py_venv/lib/python3.12/site-packages/airflow/example_dags/example_inlet_event_extra.py
[2024-09-18T12:07:28.354+0100] {logging_mixin.py:190} INFO - [2024-09-18T12:07:28.354+0100] {dag.py:3229} INFO - Sync 2 DAGs
[2024-09-18T12:07:28.409+0100] {logging_mixin.py:190} INFO - [2024-09-18T12:07:28.408+0100] {dag.py:4156} INFO - Setting next_dagrun for read_dataset_event to 2024-09-17 00:00:00+00:00, run_after=2024-09-18 00:00:00+00:00
[2024-09-18T12:07:28.412+0100] {logging_mixin.py:190} INFO - [2024-09-18T12:07:28.411+0100] {dag.py:4156} INFO - Setting next_dagrun for read_dataset_event_from_classic to 2024-09-17 00:00:00+00:00, run_after=2024-09-18 00:00:00+00:00
[2024-09-18T12:07:28.463+0100] {processor.py:208} INFO - Processing /Users/ds2718/Documents/test_python_airflow/airflow/py_venv/lib/python3.12/site-packages/airflow/example_dags/example_inlet_event_extra.py took 0.224 seconds
[2024-09-18T12:08:22.090+0100] {processor.py:186} INFO - Started process (PID=12500) to work on /Users/ds2718/Documents/test_python_airflow/airflow/py_venv/lib/python3.12/site-packages/airflow/example_dags/example_inlet_event_extra.py
[2024-09-18T12:08:22.092+0100] {processor.py:914} INFO - Processing file /Users/ds2718/Documents/test_python_airflow/airflow/py_venv/lib/python3.12/site-packages/airflow/example_dags/example_inlet_event_extra.py for tasks to queue
[2024-09-18T12:08:22.092+0100] {logging_mixin.py:190} INFO - [2024-09-18T12:08:22.092+0100] {dagbag.py:587} INFO - Filling up the DagBag from /Users/ds2718/Documents/test_python_airflow/airflow/py_venv/lib/python3.12/site-packages/airflow/example_dags/example_inlet_event_extra.py
[2024-09-18T12:08:22.158+0100] {processor.py:925} INFO - DAG(s) 'read_dataset_event_from_classic', 'read_dataset_event' retrieved from /Users/ds2718/Documents/test_python_airflow/airflow/py_venv/lib/python3.12/site-packages/airflow/example_dags/example_inlet_event_extra.py
[2024-09-18T12:08:22.198+0100] {logging_mixin.py:190} INFO - [2024-09-18T12:08:22.198+0100] {dag.py:3229} INFO - Sync 2 DAGs
[2024-09-18T12:08:22.251+0100] {logging_mixin.py:190} INFO - [2024-09-18T12:08:22.251+0100] {dag.py:4156} INFO - Setting next_dagrun for read_dataset_event to 2024-09-17 00:00:00+00:00, run_after=2024-09-18 00:00:00+00:00
[2024-09-18T12:08:22.253+0100] {logging_mixin.py:190} INFO - [2024-09-18T12:08:22.253+0100] {dag.py:4156} INFO - Setting next_dagrun for read_dataset_event_from_classic to 2024-09-17 00:00:00+00:00, run_after=2024-09-18 00:00:00+00:00
[2024-09-18T12:08:22.260+0100] {processor.py:208} INFO - Processing /Users/ds2718/Documents/test_python_airflow/airflow/py_venv/lib/python3.12/site-packages/airflow/example_dags/example_inlet_event_extra.py took 0.173 seconds
[2024-09-18T12:08:56.020+0100] {processor.py:186} INFO - Started process (PID=12699) to work on /Users/ds2718/Documents/test_python_airflow/airflow/py_venv/lib/python3.12/site-packages/airflow/example_dags/example_inlet_event_extra.py
[2024-09-18T12:08:56.021+0100] {processor.py:914} INFO - Processing file /Users/ds2718/Documents/test_python_airflow/airflow/py_venv/lib/python3.12/site-packages/airflow/example_dags/example_inlet_event_extra.py for tasks to queue
[2024-09-18T12:08:56.021+0100] {logging_mixin.py:190} INFO - [2024-09-18T12:08:56.021+0100] {dagbag.py:587} INFO - Filling up the DagBag from /Users/ds2718/Documents/test_python_airflow/airflow/py_venv/lib/python3.12/site-packages/airflow/example_dags/example_inlet_event_extra.py
[2024-09-18T12:08:56.086+0100] {processor.py:925} INFO - DAG(s) 'read_dataset_event', 'read_dataset_event_from_classic' retrieved from /Users/ds2718/Documents/test_python_airflow/airflow/py_venv/lib/python3.12/site-packages/airflow/example_dags/example_inlet_event_extra.py
[2024-09-18T12:08:56.139+0100] {logging_mixin.py:190} INFO - [2024-09-18T12:08:56.139+0100] {dag.py:3229} INFO - Sync 2 DAGs
[2024-09-18T12:08:56.176+0100] {logging_mixin.py:190} INFO - [2024-09-18T12:08:56.176+0100] {dag.py:4156} INFO - Setting next_dagrun for read_dataset_event to 2024-09-17 00:00:00+00:00, run_after=2024-09-18 00:00:00+00:00
[2024-09-18T12:08:56.177+0100] {logging_mixin.py:190} INFO - [2024-09-18T12:08:56.177+0100] {dag.py:4156} INFO - Setting next_dagrun for read_dataset_event_from_classic to 2024-09-17 00:00:00+00:00, run_after=2024-09-18 00:00:00+00:00
[2024-09-18T12:08:56.191+0100] {processor.py:208} INFO - Processing /Users/ds2718/Documents/test_python_airflow/airflow/py_venv/lib/python3.12/site-packages/airflow/example_dags/example_inlet_event_extra.py took 0.172 seconds
[2024-09-18T12:09:30.558+0100] {processor.py:186} INFO - Started process (PID=12859) to work on /Users/ds2718/Documents/test_python_airflow/airflow/py_venv/lib/python3.12/site-packages/airflow/example_dags/example_inlet_event_extra.py
[2024-09-18T12:09:30.558+0100] {processor.py:914} INFO - Processing file /Users/ds2718/Documents/test_python_airflow/airflow/py_venv/lib/python3.12/site-packages/airflow/example_dags/example_inlet_event_extra.py for tasks to queue
[2024-09-18T12:09:30.558+0100] {logging_mixin.py:190} INFO - [2024-09-18T12:09:30.558+0100] {dagbag.py:587} INFO - Filling up the DagBag from /Users/ds2718/Documents/test_python_airflow/airflow/py_venv/lib/python3.12/site-packages/airflow/example_dags/example_inlet_event_extra.py
[2024-09-18T12:09:30.630+0100] {processor.py:925} INFO - DAG(s) 'read_dataset_event_from_classic', 'read_dataset_event' retrieved from /Users/ds2718/Documents/test_python_airflow/airflow/py_venv/lib/python3.12/site-packages/airflow/example_dags/example_inlet_event_extra.py
[2024-09-18T12:09:30.670+0100] {logging_mixin.py:190} INFO - [2024-09-18T12:09:30.670+0100] {dag.py:3229} INFO - Sync 2 DAGs
[2024-09-18T12:09:30.707+0100] {logging_mixin.py:190} INFO - [2024-09-18T12:09:30.707+0100] {dag.py:4156} INFO - Setting next_dagrun for read_dataset_event to 2024-09-17 00:00:00+00:00, run_after=2024-09-18 00:00:00+00:00
[2024-09-18T12:09:30.709+0100] {logging_mixin.py:190} INFO - [2024-09-18T12:09:30.709+0100] {dag.py:4156} INFO - Setting next_dagrun for read_dataset_event_from_classic to 2024-09-17 00:00:00+00:00, run_after=2024-09-18 00:00:00+00:00
[2024-09-18T12:09:30.717+0100] {processor.py:208} INFO - Processing /Users/ds2718/Documents/test_python_airflow/airflow/py_venv/lib/python3.12/site-packages/airflow/example_dags/example_inlet_event_extra.py took 0.161 seconds
[2024-09-18T12:10:04.684+0100] {processor.py:186} INFO - Started process (PID=13049) to work on /Users/ds2718/Documents/test_python_airflow/airflow/py_venv/lib/python3.12/site-packages/airflow/example_dags/example_inlet_event_extra.py
[2024-09-18T12:10:04.685+0100] {processor.py:914} INFO - Processing file /Users/ds2718/Documents/test_python_airflow/airflow/py_venv/lib/python3.12/site-packages/airflow/example_dags/example_inlet_event_extra.py for tasks to queue
[2024-09-18T12:10:04.685+0100] {logging_mixin.py:190} INFO - [2024-09-18T12:10:04.685+0100] {dagbag.py:587} INFO - Filling up the DagBag from /Users/ds2718/Documents/test_python_airflow/airflow/py_venv/lib/python3.12/site-packages/airflow/example_dags/example_inlet_event_extra.py
[2024-09-18T12:10:04.730+0100] {processor.py:925} INFO - DAG(s) 'read_dataset_event', 'read_dataset_event_from_classic' retrieved from /Users/ds2718/Documents/test_python_airflow/airflow/py_venv/lib/python3.12/site-packages/airflow/example_dags/example_inlet_event_extra.py
[2024-09-18T12:10:04.771+0100] {logging_mixin.py:190} INFO - [2024-09-18T12:10:04.770+0100] {dag.py:3229} INFO - Sync 2 DAGs
[2024-09-18T12:10:04.806+0100] {logging_mixin.py:190} INFO - [2024-09-18T12:10:04.806+0100] {dag.py:4156} INFO - Setting next_dagrun for read_dataset_event to 2024-09-17 00:00:00+00:00, run_after=2024-09-18 00:00:00+00:00
[2024-09-18T12:10:04.807+0100] {logging_mixin.py:190} INFO - [2024-09-18T12:10:04.807+0100] {dag.py:4156} INFO - Setting next_dagrun for read_dataset_event_from_classic to 2024-09-17 00:00:00+00:00, run_after=2024-09-18 00:00:00+00:00
[2024-09-18T12:10:04.816+0100] {processor.py:208} INFO - Processing /Users/ds2718/Documents/test_python_airflow/airflow/py_venv/lib/python3.12/site-packages/airflow/example_dags/example_inlet_event_extra.py took 0.134 seconds
[2024-09-18T12:10:38.939+0100] {processor.py:186} INFO - Started process (PID=13195) to work on /Users/ds2718/Documents/test_python_airflow/airflow/py_venv/lib/python3.12/site-packages/airflow/example_dags/example_inlet_event_extra.py
[2024-09-18T12:10:38.948+0100] {processor.py:914} INFO - Processing file /Users/ds2718/Documents/test_python_airflow/airflow/py_venv/lib/python3.12/site-packages/airflow/example_dags/example_inlet_event_extra.py for tasks to queue
[2024-09-18T12:10:38.948+0100] {logging_mixin.py:190} INFO - [2024-09-18T12:10:38.948+0100] {dagbag.py:587} INFO - Filling up the DagBag from /Users/ds2718/Documents/test_python_airflow/airflow/py_venv/lib/python3.12/site-packages/airflow/example_dags/example_inlet_event_extra.py
[2024-09-18T12:10:39.007+0100] {processor.py:925} INFO - DAG(s) 'read_dataset_event_from_classic', 'read_dataset_event' retrieved from /Users/ds2718/Documents/test_python_airflow/airflow/py_venv/lib/python3.12/site-packages/airflow/example_dags/example_inlet_event_extra.py
[2024-09-18T12:10:39.048+0100] {logging_mixin.py:190} INFO - [2024-09-18T12:10:39.048+0100] {dag.py:3229} INFO - Sync 2 DAGs
[2024-09-18T12:10:39.084+0100] {logging_mixin.py:190} INFO - [2024-09-18T12:10:39.083+0100] {dag.py:4156} INFO - Setting next_dagrun for read_dataset_event to 2024-09-17 00:00:00+00:00, run_after=2024-09-18 00:00:00+00:00
[2024-09-18T12:10:39.085+0100] {logging_mixin.py:190} INFO - [2024-09-18T12:10:39.085+0100] {dag.py:4156} INFO - Setting next_dagrun for read_dataset_event_from_classic to 2024-09-17 00:00:00+00:00, run_after=2024-09-18 00:00:00+00:00
[2024-09-18T12:10:39.100+0100] {processor.py:208} INFO - Processing /Users/ds2718/Documents/test_python_airflow/airflow/py_venv/lib/python3.12/site-packages/airflow/example_dags/example_inlet_event_extra.py took 0.170 seconds
[2024-09-18T12:11:12.306+0100] {processor.py:186} INFO - Started process (PID=13357) to work on /Users/ds2718/Documents/test_python_airflow/airflow/py_venv/lib/python3.12/site-packages/airflow/example_dags/example_inlet_event_extra.py
[2024-09-18T12:11:12.307+0100] {processor.py:914} INFO - Processing file /Users/ds2718/Documents/test_python_airflow/airflow/py_venv/lib/python3.12/site-packages/airflow/example_dags/example_inlet_event_extra.py for tasks to queue
[2024-09-18T12:11:12.307+0100] {logging_mixin.py:190} INFO - [2024-09-18T12:11:12.307+0100] {dagbag.py:587} INFO - Filling up the DagBag from /Users/ds2718/Documents/test_python_airflow/airflow/py_venv/lib/python3.12/site-packages/airflow/example_dags/example_inlet_event_extra.py
[2024-09-18T12:11:12.361+0100] {processor.py:925} INFO - DAG(s) 'read_dataset_event_from_classic', 'read_dataset_event' retrieved from /Users/ds2718/Documents/test_python_airflow/airflow/py_venv/lib/python3.12/site-packages/airflow/example_dags/example_inlet_event_extra.py
[2024-09-18T12:11:12.402+0100] {logging_mixin.py:190} INFO - [2024-09-18T12:11:12.402+0100] {dag.py:3229} INFO - Sync 2 DAGs
[2024-09-18T12:11:12.443+0100] {logging_mixin.py:190} INFO - [2024-09-18T12:11:12.443+0100] {dag.py:4156} INFO - Setting next_dagrun for read_dataset_event to 2024-09-17 00:00:00+00:00, run_after=2024-09-18 00:00:00+00:00
[2024-09-18T12:11:12.445+0100] {logging_mixin.py:190} INFO - [2024-09-18T12:11:12.445+0100] {dag.py:4156} INFO - Setting next_dagrun for read_dataset_event_from_classic to 2024-09-17 00:00:00+00:00, run_after=2024-09-18 00:00:00+00:00
[2024-09-18T12:11:12.452+0100] {processor.py:208} INFO - Processing /Users/ds2718/Documents/test_python_airflow/airflow/py_venv/lib/python3.12/site-packages/airflow/example_dags/example_inlet_event_extra.py took 0.153 seconds
[2024-09-18T12:11:47.853+0100] {processor.py:186} INFO - Started process (PID=13533) to work on /Users/ds2718/Documents/test_python_airflow/airflow/py_venv/lib/python3.12/site-packages/airflow/example_dags/example_inlet_event_extra.py
[2024-09-18T12:11:47.853+0100] {processor.py:914} INFO - Processing file /Users/ds2718/Documents/test_python_airflow/airflow/py_venv/lib/python3.12/site-packages/airflow/example_dags/example_inlet_event_extra.py for tasks to queue
[2024-09-18T12:11:47.853+0100] {logging_mixin.py:190} INFO - [2024-09-18T12:11:47.853+0100] {dagbag.py:587} INFO - Filling up the DagBag from /Users/ds2718/Documents/test_python_airflow/airflow/py_venv/lib/python3.12/site-packages/airflow/example_dags/example_inlet_event_extra.py
[2024-09-18T12:11:47.911+0100] {processor.py:925} INFO - DAG(s) 'read_dataset_event', 'read_dataset_event_from_classic' retrieved from /Users/ds2718/Documents/test_python_airflow/airflow/py_venv/lib/python3.12/site-packages/airflow/example_dags/example_inlet_event_extra.py
[2024-09-18T12:11:47.950+0100] {logging_mixin.py:190} INFO - [2024-09-18T12:11:47.950+0100] {dag.py:3229} INFO - Sync 2 DAGs
[2024-09-18T12:11:47.987+0100] {logging_mixin.py:190} INFO - [2024-09-18T12:11:47.987+0100] {dag.py:4156} INFO - Setting next_dagrun for read_dataset_event to 2024-09-17 00:00:00+00:00, run_after=2024-09-18 00:00:00+00:00
[2024-09-18T12:11:47.989+0100] {logging_mixin.py:190} INFO - [2024-09-18T12:11:47.989+0100] {dag.py:4156} INFO - Setting next_dagrun for read_dataset_event_from_classic to 2024-09-17 00:00:00+00:00, run_after=2024-09-18 00:00:00+00:00
[2024-09-18T12:11:47.994+0100] {processor.py:208} INFO - Processing /Users/ds2718/Documents/test_python_airflow/airflow/py_venv/lib/python3.12/site-packages/airflow/example_dags/example_inlet_event_extra.py took 0.146 seconds
[2024-09-18T12:12:22.121+0100] {processor.py:186} INFO - Started process (PID=13669) to work on /Users/ds2718/Documents/test_python_airflow/airflow/py_venv/lib/python3.12/site-packages/airflow/example_dags/example_inlet_event_extra.py
[2024-09-18T12:12:22.121+0100] {processor.py:914} INFO - Processing file /Users/ds2718/Documents/test_python_airflow/airflow/py_venv/lib/python3.12/site-packages/airflow/example_dags/example_inlet_event_extra.py for tasks to queue
[2024-09-18T12:12:22.122+0100] {logging_mixin.py:190} INFO - [2024-09-18T12:12:22.122+0100] {dagbag.py:587} INFO - Filling up the DagBag from /Users/ds2718/Documents/test_python_airflow/airflow/py_venv/lib/python3.12/site-packages/airflow/example_dags/example_inlet_event_extra.py
[2024-09-18T12:12:22.165+0100] {processor.py:925} INFO - DAG(s) 'read_dataset_event', 'read_dataset_event_from_classic' retrieved from /Users/ds2718/Documents/test_python_airflow/airflow/py_venv/lib/python3.12/site-packages/airflow/example_dags/example_inlet_event_extra.py
[2024-09-18T12:12:22.205+0100] {logging_mixin.py:190} INFO - [2024-09-18T12:12:22.205+0100] {dag.py:3229} INFO - Sync 2 DAGs
[2024-09-18T12:12:22.244+0100] {logging_mixin.py:190} INFO - [2024-09-18T12:12:22.244+0100] {dag.py:4156} INFO - Setting next_dagrun for read_dataset_event to 2024-09-17 00:00:00+00:00, run_after=2024-09-18 00:00:00+00:00
[2024-09-18T12:12:22.245+0100] {logging_mixin.py:190} INFO - [2024-09-18T12:12:22.245+0100] {dag.py:4156} INFO - Setting next_dagrun for read_dataset_event_from_classic to 2024-09-17 00:00:00+00:00, run_after=2024-09-18 00:00:00+00:00
[2024-09-18T12:12:22.255+0100] {processor.py:208} INFO - Processing /Users/ds2718/Documents/test_python_airflow/airflow/py_venv/lib/python3.12/site-packages/airflow/example_dags/example_inlet_event_extra.py took 0.136 seconds
[2024-09-18T12:12:55.473+0100] {processor.py:186} INFO - Started process (PID=13845) to work on /Users/ds2718/Documents/test_python_airflow/airflow/py_venv/lib/python3.12/site-packages/airflow/example_dags/example_inlet_event_extra.py
[2024-09-18T12:12:55.474+0100] {processor.py:914} INFO - Processing file /Users/ds2718/Documents/test_python_airflow/airflow/py_venv/lib/python3.12/site-packages/airflow/example_dags/example_inlet_event_extra.py for tasks to queue
[2024-09-18T12:12:55.475+0100] {logging_mixin.py:190} INFO - [2024-09-18T12:12:55.475+0100] {dagbag.py:587} INFO - Filling up the DagBag from /Users/ds2718/Documents/test_python_airflow/airflow/py_venv/lib/python3.12/site-packages/airflow/example_dags/example_inlet_event_extra.py
[2024-09-18T12:12:55.549+0100] {processor.py:925} INFO - DAG(s) 'read_dataset_event', 'read_dataset_event_from_classic' retrieved from /Users/ds2718/Documents/test_python_airflow/airflow/py_venv/lib/python3.12/site-packages/airflow/example_dags/example_inlet_event_extra.py
[2024-09-18T12:12:55.593+0100] {logging_mixin.py:190} INFO - [2024-09-18T12:12:55.593+0100] {dag.py:3229} INFO - Sync 2 DAGs
[2024-09-18T12:12:55.637+0100] {logging_mixin.py:190} INFO - [2024-09-18T12:12:55.637+0100] {dag.py:4156} INFO - Setting next_dagrun for read_dataset_event to 2024-09-17 00:00:00+00:00, run_after=2024-09-18 00:00:00+00:00
[2024-09-18T12:12:55.639+0100] {logging_mixin.py:190} INFO - [2024-09-18T12:12:55.639+0100] {dag.py:4156} INFO - Setting next_dagrun for read_dataset_event_from_classic to 2024-09-17 00:00:00+00:00, run_after=2024-09-18 00:00:00+00:00
[2024-09-18T12:12:55.647+0100] {processor.py:208} INFO - Processing /Users/ds2718/Documents/test_python_airflow/airflow/py_venv/lib/python3.12/site-packages/airflow/example_dags/example_inlet_event_extra.py took 0.182 seconds
[2024-09-18T12:13:31.130+0100] {processor.py:186} INFO - Started process (PID=14011) to work on /Users/ds2718/Documents/test_python_airflow/airflow/py_venv/lib/python3.12/site-packages/airflow/example_dags/example_inlet_event_extra.py
[2024-09-18T12:13:31.130+0100] {processor.py:914} INFO - Processing file /Users/ds2718/Documents/test_python_airflow/airflow/py_venv/lib/python3.12/site-packages/airflow/example_dags/example_inlet_event_extra.py for tasks to queue
[2024-09-18T12:13:31.131+0100] {logging_mixin.py:190} INFO - [2024-09-18T12:13:31.131+0100] {dagbag.py:587} INFO - Filling up the DagBag from /Users/ds2718/Documents/test_python_airflow/airflow/py_venv/lib/python3.12/site-packages/airflow/example_dags/example_inlet_event_extra.py
[2024-09-18T12:13:31.201+0100] {processor.py:925} INFO - DAG(s) 'read_dataset_event_from_classic', 'read_dataset_event' retrieved from /Users/ds2718/Documents/test_python_airflow/airflow/py_venv/lib/python3.12/site-packages/airflow/example_dags/example_inlet_event_extra.py
[2024-09-18T12:13:31.243+0100] {logging_mixin.py:190} INFO - [2024-09-18T12:13:31.243+0100] {dag.py:3229} INFO - Sync 2 DAGs
[2024-09-18T12:13:31.284+0100] {logging_mixin.py:190} INFO - [2024-09-18T12:13:31.283+0100] {dag.py:4156} INFO - Setting next_dagrun for read_dataset_event to 2024-09-17 00:00:00+00:00, run_after=2024-09-18 00:00:00+00:00
[2024-09-18T12:13:31.285+0100] {logging_mixin.py:190} INFO - [2024-09-18T12:13:31.285+0100] {dag.py:4156} INFO - Setting next_dagrun for read_dataset_event_from_classic to 2024-09-17 00:00:00+00:00, run_after=2024-09-18 00:00:00+00:00
[2024-09-18T12:13:31.293+0100] {processor.py:208} INFO - Processing /Users/ds2718/Documents/test_python_airflow/airflow/py_venv/lib/python3.12/site-packages/airflow/example_dags/example_inlet_event_extra.py took 0.173 seconds
