[2024-09-18T11:54:10.049+0100] {processor.py:186} INFO - Started process (PID=9468) to work on /Users/ds2718/Documents/test_python_airflow/airflow/py_venv/lib/python3.12/site-packages/airflow/example_dags/example_sensor_decorator.py
[2024-09-18T11:54:10.050+0100] {processor.py:914} INFO - Processing file /Users/ds2718/Documents/test_python_airflow/airflow/py_venv/lib/python3.12/site-packages/airflow/example_dags/example_sensor_decorator.py for tasks to queue
[2024-09-18T11:54:10.050+0100] {logging_mixin.py:190} INFO - [2024-09-18T11:54:10.050+0100] {dagbag.py:587} INFO - Filling up the DagBag from /Users/ds2718/Documents/test_python_airflow/airflow/py_venv/lib/python3.12/site-packages/airflow/example_dags/example_sensor_decorator.py
[2024-09-18T11:54:10.069+0100] {processor.py:925} INFO - DAG(s) 'example_sensor_decorator' retrieved from /Users/ds2718/Documents/test_python_airflow/airflow/py_venv/lib/python3.12/site-packages/airflow/example_dags/example_sensor_decorator.py
[2024-09-18T11:54:10.400+0100] {logging_mixin.py:190} INFO - [2024-09-18T11:54:10.400+0100] {override.py:1900} INFO - Created Permission View: can delete on DAG:example_sensor_decorator
[2024-09-18T11:54:10.403+0100] {logging_mixin.py:190} INFO - [2024-09-18T11:54:10.403+0100] {override.py:1900} INFO - Created Permission View: can read on DAG:example_sensor_decorator
[2024-09-18T11:54:10.405+0100] {logging_mixin.py:190} INFO - [2024-09-18T11:54:10.405+0100] {override.py:1900} INFO - Created Permission View: can edit on DAG:example_sensor_decorator
[2024-09-18T11:54:10.408+0100] {logging_mixin.py:190} INFO - [2024-09-18T11:54:10.408+0100] {override.py:1900} INFO - Created Permission View: can delete on DAG Run:example_sensor_decorator
[2024-09-18T11:54:10.410+0100] {logging_mixin.py:190} INFO - [2024-09-18T11:54:10.410+0100] {override.py:1900} INFO - Created Permission View: can read on DAG Run:example_sensor_decorator
[2024-09-18T11:54:10.412+0100] {logging_mixin.py:190} INFO - [2024-09-18T11:54:10.412+0100] {override.py:1900} INFO - Created Permission View: menu access on DAG Run:example_sensor_decorator
[2024-09-18T11:54:10.414+0100] {logging_mixin.py:190} INFO - [2024-09-18T11:54:10.414+0100] {override.py:1900} INFO - Created Permission View: can create on DAG Run:example_sensor_decorator
[2024-09-18T11:54:10.414+0100] {logging_mixin.py:190} INFO - [2024-09-18T11:54:10.414+0100] {dag.py:3229} INFO - Sync 1 DAGs
[2024-09-18T11:54:10.419+0100] {logging_mixin.py:190} INFO - [2024-09-18T11:54:10.419+0100] {dag.py:3252} INFO - Creating ORM DAG for example_sensor_decorator
[2024-09-18T11:54:10.419+0100] {logging_mixin.py:190} INFO - [2024-09-18T11:54:10.419+0100] {dag.py:4156} INFO - Setting next_dagrun for example_sensor_decorator to None, run_after=None
[2024-09-18T11:54:10.426+0100] {processor.py:208} INFO - Processing /Users/ds2718/Documents/test_python_airflow/airflow/py_venv/lib/python3.12/site-packages/airflow/example_dags/example_sensor_decorator.py took 0.383 seconds
[2024-09-18T11:54:44.634+0100] {processor.py:186} INFO - Started process (PID=9670) to work on /Users/ds2718/Documents/test_python_airflow/airflow/py_venv/lib/python3.12/site-packages/airflow/example_dags/example_sensor_decorator.py
[2024-09-18T11:54:44.635+0100] {processor.py:914} INFO - Processing file /Users/ds2718/Documents/test_python_airflow/airflow/py_venv/lib/python3.12/site-packages/airflow/example_dags/example_sensor_decorator.py for tasks to queue
[2024-09-18T11:54:44.635+0100] {logging_mixin.py:190} INFO - [2024-09-18T11:54:44.635+0100] {dagbag.py:587} INFO - Filling up the DagBag from /Users/ds2718/Documents/test_python_airflow/airflow/py_venv/lib/python3.12/site-packages/airflow/example_dags/example_sensor_decorator.py
[2024-09-18T11:54:44.655+0100] {processor.py:925} INFO - DAG(s) 'example_sensor_decorator' retrieved from /Users/ds2718/Documents/test_python_airflow/airflow/py_venv/lib/python3.12/site-packages/airflow/example_dags/example_sensor_decorator.py
[2024-09-18T11:54:44.961+0100] {logging_mixin.py:190} INFO - [2024-09-18T11:54:44.961+0100] {dag.py:3229} INFO - Sync 1 DAGs
[2024-09-18T11:54:44.968+0100] {logging_mixin.py:190} INFO - [2024-09-18T11:54:44.967+0100] {dag.py:4156} INFO - Setting next_dagrun for example_sensor_decorator to None, run_after=None
[2024-09-18T11:54:44.980+0100] {processor.py:208} INFO - Processing /Users/ds2718/Documents/test_python_airflow/airflow/py_venv/lib/python3.12/site-packages/airflow/example_dags/example_sensor_decorator.py took 0.348 seconds
[2024-09-18T11:55:20.096+0100] {processor.py:186} INFO - Started process (PID=9848) to work on /Users/ds2718/Documents/test_python_airflow/airflow/py_venv/lib/python3.12/site-packages/airflow/example_dags/example_sensor_decorator.py
[2024-09-18T11:55:20.096+0100] {processor.py:914} INFO - Processing file /Users/ds2718/Documents/test_python_airflow/airflow/py_venv/lib/python3.12/site-packages/airflow/example_dags/example_sensor_decorator.py for tasks to queue
[2024-09-18T11:55:20.097+0100] {logging_mixin.py:190} INFO - [2024-09-18T11:55:20.097+0100] {dagbag.py:587} INFO - Filling up the DagBag from /Users/ds2718/Documents/test_python_airflow/airflow/py_venv/lib/python3.12/site-packages/airflow/example_dags/example_sensor_decorator.py
[2024-09-18T11:55:20.116+0100] {processor.py:925} INFO - DAG(s) 'example_sensor_decorator' retrieved from /Users/ds2718/Documents/test_python_airflow/airflow/py_venv/lib/python3.12/site-packages/airflow/example_dags/example_sensor_decorator.py
[2024-09-18T11:55:20.438+0100] {logging_mixin.py:190} INFO - [2024-09-18T11:55:20.438+0100] {dag.py:3229} INFO - Sync 1 DAGs
[2024-09-18T11:55:20.457+0100] {logging_mixin.py:190} INFO - [2024-09-18T11:55:20.456+0100] {dag.py:4156} INFO - Setting next_dagrun for example_sensor_decorator to None, run_after=None
[2024-09-18T11:55:20.467+0100] {processor.py:208} INFO - Processing /Users/ds2718/Documents/test_python_airflow/airflow/py_venv/lib/python3.12/site-packages/airflow/example_dags/example_sensor_decorator.py took 0.375 seconds
[2024-09-18T11:55:51.466+0100] {processor.py:186} INFO - Started process (PID=10031) to work on /Users/ds2718/Documents/test_python_airflow/airflow/py_venv/lib/python3.12/site-packages/airflow/example_dags/example_sensor_decorator.py
[2024-09-18T11:55:51.466+0100] {processor.py:914} INFO - Processing file /Users/ds2718/Documents/test_python_airflow/airflow/py_venv/lib/python3.12/site-packages/airflow/example_dags/example_sensor_decorator.py for tasks to queue
[2024-09-18T11:55:51.467+0100] {logging_mixin.py:190} INFO - [2024-09-18T11:55:51.467+0100] {dagbag.py:587} INFO - Filling up the DagBag from /Users/ds2718/Documents/test_python_airflow/airflow/py_venv/lib/python3.12/site-packages/airflow/example_dags/example_sensor_decorator.py
[2024-09-18T11:55:51.482+0100] {processor.py:925} INFO - DAG(s) 'example_sensor_decorator' retrieved from /Users/ds2718/Documents/test_python_airflow/airflow/py_venv/lib/python3.12/site-packages/airflow/example_dags/example_sensor_decorator.py
[2024-09-18T11:55:51.776+0100] {logging_mixin.py:190} INFO - [2024-09-18T11:55:51.776+0100] {dag.py:3229} INFO - Sync 1 DAGs
[2024-09-18T11:55:51.784+0100] {logging_mixin.py:190} INFO - [2024-09-18T11:55:51.784+0100] {dag.py:4156} INFO - Setting next_dagrun for example_sensor_decorator to None, run_after=None
[2024-09-18T11:55:51.793+0100] {processor.py:208} INFO - Processing /Users/ds2718/Documents/test_python_airflow/airflow/py_venv/lib/python3.12/site-packages/airflow/example_dags/example_sensor_decorator.py took 0.329 seconds
[2024-09-18T11:56:25.997+0100] {processor.py:186} INFO - Started process (PID=10163) to work on /Users/ds2718/Documents/test_python_airflow/airflow/py_venv/lib/python3.12/site-packages/airflow/example_dags/example_sensor_decorator.py
[2024-09-18T11:56:25.998+0100] {processor.py:914} INFO - Processing file /Users/ds2718/Documents/test_python_airflow/airflow/py_venv/lib/python3.12/site-packages/airflow/example_dags/example_sensor_decorator.py for tasks to queue
[2024-09-18T11:56:25.998+0100] {logging_mixin.py:190} INFO - [2024-09-18T11:56:25.998+0100] {dagbag.py:587} INFO - Filling up the DagBag from /Users/ds2718/Documents/test_python_airflow/airflow/py_venv/lib/python3.12/site-packages/airflow/example_dags/example_sensor_decorator.py
[2024-09-18T11:56:26.016+0100] {processor.py:925} INFO - DAG(s) 'example_sensor_decorator' retrieved from /Users/ds2718/Documents/test_python_airflow/airflow/py_venv/lib/python3.12/site-packages/airflow/example_dags/example_sensor_decorator.py
[2024-09-18T11:56:26.282+0100] {logging_mixin.py:190} INFO - [2024-09-18T11:56:26.282+0100] {dag.py:3229} INFO - Sync 1 DAGs
[2024-09-18T11:56:26.301+0100] {logging_mixin.py:190} INFO - [2024-09-18T11:56:26.301+0100] {dag.py:4156} INFO - Setting next_dagrun for example_sensor_decorator to None, run_after=None
[2024-09-18T11:56:26.337+0100] {processor.py:208} INFO - Processing /Users/ds2718/Documents/test_python_airflow/airflow/py_venv/lib/python3.12/site-packages/airflow/example_dags/example_sensor_decorator.py took 0.349 seconds
[2024-09-18T11:56:57.938+0100] {processor.py:186} INFO - Started process (PID=10335) to work on /Users/ds2718/Documents/test_python_airflow/airflow/py_venv/lib/python3.12/site-packages/airflow/example_dags/example_sensor_decorator.py
[2024-09-18T11:56:57.940+0100] {processor.py:914} INFO - Processing file /Users/ds2718/Documents/test_python_airflow/airflow/py_venv/lib/python3.12/site-packages/airflow/example_dags/example_sensor_decorator.py for tasks to queue
[2024-09-18T11:56:57.941+0100] {logging_mixin.py:190} INFO - [2024-09-18T11:56:57.941+0100] {dagbag.py:587} INFO - Filling up the DagBag from /Users/ds2718/Documents/test_python_airflow/airflow/py_venv/lib/python3.12/site-packages/airflow/example_dags/example_sensor_decorator.py
[2024-09-18T11:56:57.958+0100] {processor.py:925} INFO - DAG(s) 'example_sensor_decorator' retrieved from /Users/ds2718/Documents/test_python_airflow/airflow/py_venv/lib/python3.12/site-packages/airflow/example_dags/example_sensor_decorator.py
[2024-09-18T11:56:58.226+0100] {logging_mixin.py:190} INFO - [2024-09-18T11:56:58.226+0100] {dag.py:3229} INFO - Sync 1 DAGs
[2024-09-18T11:56:58.234+0100] {logging_mixin.py:190} INFO - [2024-09-18T11:56:58.234+0100] {dag.py:4156} INFO - Setting next_dagrun for example_sensor_decorator to None, run_after=None
[2024-09-18T11:56:58.255+0100] {processor.py:208} INFO - Processing /Users/ds2718/Documents/test_python_airflow/airflow/py_venv/lib/python3.12/site-packages/airflow/example_dags/example_sensor_decorator.py took 0.323 seconds
[2024-09-18T11:57:30.803+0100] {processor.py:186} INFO - Started process (PID=10493) to work on /Users/ds2718/Documents/test_python_airflow/airflow/py_venv/lib/python3.12/site-packages/airflow/example_dags/example_sensor_decorator.py
[2024-09-18T11:57:30.803+0100] {processor.py:914} INFO - Processing file /Users/ds2718/Documents/test_python_airflow/airflow/py_venv/lib/python3.12/site-packages/airflow/example_dags/example_sensor_decorator.py for tasks to queue
[2024-09-18T11:57:30.804+0100] {logging_mixin.py:190} INFO - [2024-09-18T11:57:30.804+0100] {dagbag.py:587} INFO - Filling up the DagBag from /Users/ds2718/Documents/test_python_airflow/airflow/py_venv/lib/python3.12/site-packages/airflow/example_dags/example_sensor_decorator.py
[2024-09-18T11:57:30.819+0100] {processor.py:925} INFO - DAG(s) 'example_sensor_decorator' retrieved from /Users/ds2718/Documents/test_python_airflow/airflow/py_venv/lib/python3.12/site-packages/airflow/example_dags/example_sensor_decorator.py
[2024-09-18T11:57:31.070+0100] {logging_mixin.py:190} INFO - [2024-09-18T11:57:31.070+0100] {dag.py:3229} INFO - Sync 1 DAGs
[2024-09-18T11:57:31.078+0100] {logging_mixin.py:190} INFO - [2024-09-18T11:57:31.078+0100] {dag.py:4156} INFO - Setting next_dagrun for example_sensor_decorator to None, run_after=None
[2024-09-18T11:57:31.086+0100] {processor.py:208} INFO - Processing /Users/ds2718/Documents/test_python_airflow/airflow/py_venv/lib/python3.12/site-packages/airflow/example_dags/example_sensor_decorator.py took 0.288 seconds
[2024-09-18T11:58:05.164+0100] {processor.py:186} INFO - Started process (PID=10700) to work on /Users/ds2718/Documents/test_python_airflow/airflow/py_venv/lib/python3.12/site-packages/airflow/example_dags/example_sensor_decorator.py
[2024-09-18T11:58:05.168+0100] {processor.py:914} INFO - Processing file /Users/ds2718/Documents/test_python_airflow/airflow/py_venv/lib/python3.12/site-packages/airflow/example_dags/example_sensor_decorator.py for tasks to queue
[2024-09-18T11:58:05.168+0100] {logging_mixin.py:190} INFO - [2024-09-18T11:58:05.168+0100] {dagbag.py:587} INFO - Filling up the DagBag from /Users/ds2718/Documents/test_python_airflow/airflow/py_venv/lib/python3.12/site-packages/airflow/example_dags/example_sensor_decorator.py
[2024-09-18T11:58:05.200+0100] {processor.py:925} INFO - DAG(s) 'example_sensor_decorator' retrieved from /Users/ds2718/Documents/test_python_airflow/airflow/py_venv/lib/python3.12/site-packages/airflow/example_dags/example_sensor_decorator.py
[2024-09-18T11:58:05.476+0100] {logging_mixin.py:190} INFO - [2024-09-18T11:58:05.476+0100] {dag.py:3229} INFO - Sync 1 DAGs
[2024-09-18T11:58:05.484+0100] {logging_mixin.py:190} INFO - [2024-09-18T11:58:05.484+0100] {dag.py:4156} INFO - Setting next_dagrun for example_sensor_decorator to None, run_after=None
[2024-09-18T11:58:05.513+0100] {processor.py:208} INFO - Processing /Users/ds2718/Documents/test_python_airflow/airflow/py_venv/lib/python3.12/site-packages/airflow/example_dags/example_sensor_decorator.py took 0.356 seconds
[2024-09-18T11:58:40.061+0100] {processor.py:186} INFO - Started process (PID=10876) to work on /Users/ds2718/Documents/test_python_airflow/airflow/py_venv/lib/python3.12/site-packages/airflow/example_dags/example_sensor_decorator.py
[2024-09-18T11:58:40.063+0100] {processor.py:914} INFO - Processing file /Users/ds2718/Documents/test_python_airflow/airflow/py_venv/lib/python3.12/site-packages/airflow/example_dags/example_sensor_decorator.py for tasks to queue
[2024-09-18T11:58:40.063+0100] {logging_mixin.py:190} INFO - [2024-09-18T11:58:40.063+0100] {dagbag.py:587} INFO - Filling up the DagBag from /Users/ds2718/Documents/test_python_airflow/airflow/py_venv/lib/python3.12/site-packages/airflow/example_dags/example_sensor_decorator.py
[2024-09-18T11:58:40.080+0100] {processor.py:925} INFO - DAG(s) 'example_sensor_decorator' retrieved from /Users/ds2718/Documents/test_python_airflow/airflow/py_venv/lib/python3.12/site-packages/airflow/example_dags/example_sensor_decorator.py
[2024-09-18T11:58:40.346+0100] {logging_mixin.py:190} INFO - [2024-09-18T11:58:40.346+0100] {dag.py:3229} INFO - Sync 1 DAGs
[2024-09-18T11:58:40.355+0100] {logging_mixin.py:190} INFO - [2024-09-18T11:58:40.355+0100] {dag.py:4156} INFO - Setting next_dagrun for example_sensor_decorator to None, run_after=None
[2024-09-18T11:58:40.373+0100] {processor.py:208} INFO - Processing /Users/ds2718/Documents/test_python_airflow/airflow/py_venv/lib/python3.12/site-packages/airflow/example_dags/example_sensor_decorator.py took 0.317 seconds
[2024-09-18T11:59:15.451+0100] {processor.py:186} INFO - Started process (PID=11084) to work on /Users/ds2718/Documents/test_python_airflow/airflow/py_venv/lib/python3.12/site-packages/airflow/example_dags/example_sensor_decorator.py
[2024-09-18T11:59:15.451+0100] {processor.py:914} INFO - Processing file /Users/ds2718/Documents/test_python_airflow/airflow/py_venv/lib/python3.12/site-packages/airflow/example_dags/example_sensor_decorator.py for tasks to queue
[2024-09-18T11:59:15.452+0100] {logging_mixin.py:190} INFO - [2024-09-18T11:59:15.452+0100] {dagbag.py:587} INFO - Filling up the DagBag from /Users/ds2718/Documents/test_python_airflow/airflow/py_venv/lib/python3.12/site-packages/airflow/example_dags/example_sensor_decorator.py
[2024-09-18T11:59:15.467+0100] {processor.py:925} INFO - DAG(s) 'example_sensor_decorator' retrieved from /Users/ds2718/Documents/test_python_airflow/airflow/py_venv/lib/python3.12/site-packages/airflow/example_dags/example_sensor_decorator.py
[2024-09-18T11:59:15.716+0100] {logging_mixin.py:190} INFO - [2024-09-18T11:59:15.716+0100] {dag.py:3229} INFO - Sync 1 DAGs
[2024-09-18T11:59:15.722+0100] {logging_mixin.py:190} INFO - [2024-09-18T11:59:15.722+0100] {dag.py:4156} INFO - Setting next_dagrun for example_sensor_decorator to None, run_after=None
[2024-09-18T11:59:15.786+0100] {processor.py:208} INFO - Processing /Users/ds2718/Documents/test_python_airflow/airflow/py_venv/lib/python3.12/site-packages/airflow/example_dags/example_sensor_decorator.py took 0.337 seconds
[2024-09-18T11:59:49.062+0100] {processor.py:186} INFO - Started process (PID=11254) to work on /Users/ds2718/Documents/test_python_airflow/airflow/py_venv/lib/python3.12/site-packages/airflow/example_dags/example_sensor_decorator.py
[2024-09-18T11:59:49.065+0100] {processor.py:914} INFO - Processing file /Users/ds2718/Documents/test_python_airflow/airflow/py_venv/lib/python3.12/site-packages/airflow/example_dags/example_sensor_decorator.py for tasks to queue
[2024-09-18T11:59:49.065+0100] {logging_mixin.py:190} INFO - [2024-09-18T11:59:49.065+0100] {dagbag.py:587} INFO - Filling up the DagBag from /Users/ds2718/Documents/test_python_airflow/airflow/py_venv/lib/python3.12/site-packages/airflow/example_dags/example_sensor_decorator.py
[2024-09-18T11:59:49.091+0100] {processor.py:925} INFO - DAG(s) 'example_sensor_decorator' retrieved from /Users/ds2718/Documents/test_python_airflow/airflow/py_venv/lib/python3.12/site-packages/airflow/example_dags/example_sensor_decorator.py
[2024-09-18T11:59:49.386+0100] {logging_mixin.py:190} INFO - [2024-09-18T11:59:49.385+0100] {dag.py:3229} INFO - Sync 1 DAGs
[2024-09-18T11:59:49.395+0100] {logging_mixin.py:190} INFO - [2024-09-18T11:59:49.395+0100] {dag.py:4156} INFO - Setting next_dagrun for example_sensor_decorator to None, run_after=None
[2024-09-18T11:59:49.406+0100] {processor.py:208} INFO - Processing /Users/ds2718/Documents/test_python_airflow/airflow/py_venv/lib/python3.12/site-packages/airflow/example_dags/example_sensor_decorator.py took 0.360 seconds
[2024-09-18T12:00:22.480+0100] {processor.py:186} INFO - Started process (PID=11467) to work on /Users/ds2718/Documents/test_python_airflow/airflow/py_venv/lib/python3.12/site-packages/airflow/example_dags/example_sensor_decorator.py
[2024-09-18T12:00:22.481+0100] {processor.py:914} INFO - Processing file /Users/ds2718/Documents/test_python_airflow/airflow/py_venv/lib/python3.12/site-packages/airflow/example_dags/example_sensor_decorator.py for tasks to queue
[2024-09-18T12:00:22.481+0100] {logging_mixin.py:190} INFO - [2024-09-18T12:00:22.481+0100] {dagbag.py:587} INFO - Filling up the DagBag from /Users/ds2718/Documents/test_python_airflow/airflow/py_venv/lib/python3.12/site-packages/airflow/example_dags/example_sensor_decorator.py
[2024-09-18T12:00:22.499+0100] {processor.py:925} INFO - DAG(s) 'example_sensor_decorator' retrieved from /Users/ds2718/Documents/test_python_airflow/airflow/py_venv/lib/python3.12/site-packages/airflow/example_dags/example_sensor_decorator.py
[2024-09-18T12:00:22.760+0100] {logging_mixin.py:190} INFO - [2024-09-18T12:00:22.760+0100] {dag.py:3229} INFO - Sync 1 DAGs
[2024-09-18T12:00:22.769+0100] {logging_mixin.py:190} INFO - [2024-09-18T12:00:22.769+0100] {dag.py:4156} INFO - Setting next_dagrun for example_sensor_decorator to None, run_after=None
[2024-09-18T12:00:22.789+0100] {processor.py:208} INFO - Processing /Users/ds2718/Documents/test_python_airflow/airflow/py_venv/lib/python3.12/site-packages/airflow/example_dags/example_sensor_decorator.py took 0.317 seconds
[2024-09-18T12:00:55.656+0100] {processor.py:186} INFO - Started process (PID=11635) to work on /Users/ds2718/Documents/test_python_airflow/airflow/py_venv/lib/python3.12/site-packages/airflow/example_dags/example_sensor_decorator.py
[2024-09-18T12:00:55.657+0100] {processor.py:914} INFO - Processing file /Users/ds2718/Documents/test_python_airflow/airflow/py_venv/lib/python3.12/site-packages/airflow/example_dags/example_sensor_decorator.py for tasks to queue
[2024-09-18T12:00:55.658+0100] {logging_mixin.py:190} INFO - [2024-09-18T12:00:55.658+0100] {dagbag.py:587} INFO - Filling up the DagBag from /Users/ds2718/Documents/test_python_airflow/airflow/py_venv/lib/python3.12/site-packages/airflow/example_dags/example_sensor_decorator.py
[2024-09-18T12:00:55.675+0100] {processor.py:925} INFO - DAG(s) 'example_sensor_decorator' retrieved from /Users/ds2718/Documents/test_python_airflow/airflow/py_venv/lib/python3.12/site-packages/airflow/example_dags/example_sensor_decorator.py
[2024-09-18T12:00:55.952+0100] {logging_mixin.py:190} INFO - [2024-09-18T12:00:55.951+0100] {dag.py:3229} INFO - Sync 1 DAGs
[2024-09-18T12:00:55.960+0100] {logging_mixin.py:190} INFO - [2024-09-18T12:00:55.960+0100] {dag.py:4156} INFO - Setting next_dagrun for example_sensor_decorator to None, run_after=None
[2024-09-18T12:00:55.984+0100] {processor.py:208} INFO - Processing /Users/ds2718/Documents/test_python_airflow/airflow/py_venv/lib/python3.12/site-packages/airflow/example_dags/example_sensor_decorator.py took 0.330 seconds
[2024-09-18T12:06:10.156+0100] {processor.py:186} INFO - Started process (PID=11882) to work on /Users/ds2718/Documents/test_python_airflow/airflow/py_venv/lib/python3.12/site-packages/airflow/example_dags/example_sensor_decorator.py
[2024-09-18T12:06:10.157+0100] {processor.py:914} INFO - Processing file /Users/ds2718/Documents/test_python_airflow/airflow/py_venv/lib/python3.12/site-packages/airflow/example_dags/example_sensor_decorator.py for tasks to queue
[2024-09-18T12:06:10.157+0100] {logging_mixin.py:190} INFO - [2024-09-18T12:06:10.157+0100] {dagbag.py:587} INFO - Filling up the DagBag from /Users/ds2718/Documents/test_python_airflow/airflow/py_venv/lib/python3.12/site-packages/airflow/example_dags/example_sensor_decorator.py
[2024-09-18T12:06:10.177+0100] {processor.py:925} INFO - DAG(s) 'example_sensor_decorator' retrieved from /Users/ds2718/Documents/test_python_airflow/airflow/py_venv/lib/python3.12/site-packages/airflow/example_dags/example_sensor_decorator.py
[2024-09-18T12:06:10.626+0100] {logging_mixin.py:190} INFO - [2024-09-18T12:06:10.626+0100] {dag.py:3229} INFO - Sync 1 DAGs
[2024-09-18T12:06:10.634+0100] {logging_mixin.py:190} INFO - [2024-09-18T12:06:10.634+0100] {dag.py:4156} INFO - Setting next_dagrun for example_sensor_decorator to None, run_after=None
[2024-09-18T12:06:10.645+0100] {processor.py:208} INFO - Processing /Users/ds2718/Documents/test_python_airflow/airflow/py_venv/lib/python3.12/site-packages/airflow/example_dags/example_sensor_decorator.py took 0.497 seconds
[2024-09-18T12:06:44.067+0100] {processor.py:186} INFO - Started process (PID=12074) to work on /Users/ds2718/Documents/test_python_airflow/airflow/py_venv/lib/python3.12/site-packages/airflow/example_dags/example_sensor_decorator.py
[2024-09-18T12:06:44.068+0100] {processor.py:914} INFO - Processing file /Users/ds2718/Documents/test_python_airflow/airflow/py_venv/lib/python3.12/site-packages/airflow/example_dags/example_sensor_decorator.py for tasks to queue
[2024-09-18T12:06:44.068+0100] {logging_mixin.py:190} INFO - [2024-09-18T12:06:44.068+0100] {dagbag.py:587} INFO - Filling up the DagBag from /Users/ds2718/Documents/test_python_airflow/airflow/py_venv/lib/python3.12/site-packages/airflow/example_dags/example_sensor_decorator.py
[2024-09-18T12:06:44.085+0100] {processor.py:925} INFO - DAG(s) 'example_sensor_decorator' retrieved from /Users/ds2718/Documents/test_python_airflow/airflow/py_venv/lib/python3.12/site-packages/airflow/example_dags/example_sensor_decorator.py
[2024-09-18T12:06:44.408+0100] {logging_mixin.py:190} INFO - [2024-09-18T12:06:44.407+0100] {dag.py:3229} INFO - Sync 1 DAGs
[2024-09-18T12:06:44.416+0100] {logging_mixin.py:190} INFO - [2024-09-18T12:06:44.416+0100] {dag.py:4156} INFO - Setting next_dagrun for example_sensor_decorator to None, run_after=None
[2024-09-18T12:06:44.432+0100] {processor.py:208} INFO - Processing /Users/ds2718/Documents/test_python_airflow/airflow/py_venv/lib/python3.12/site-packages/airflow/example_dags/example_sensor_decorator.py took 0.372 seconds
[2024-09-18T12:07:17.872+0100] {processor.py:186} INFO - Started process (PID=12235) to work on /Users/ds2718/Documents/test_python_airflow/airflow/py_venv/lib/python3.12/site-packages/airflow/example_dags/example_sensor_decorator.py
[2024-09-18T12:07:17.874+0100] {processor.py:914} INFO - Processing file /Users/ds2718/Documents/test_python_airflow/airflow/py_venv/lib/python3.12/site-packages/airflow/example_dags/example_sensor_decorator.py for tasks to queue
[2024-09-18T12:07:17.875+0100] {logging_mixin.py:190} INFO - [2024-09-18T12:07:17.875+0100] {dagbag.py:587} INFO - Filling up the DagBag from /Users/ds2718/Documents/test_python_airflow/airflow/py_venv/lib/python3.12/site-packages/airflow/example_dags/example_sensor_decorator.py
[2024-09-18T12:07:17.893+0100] {processor.py:925} INFO - DAG(s) 'example_sensor_decorator' retrieved from /Users/ds2718/Documents/test_python_airflow/airflow/py_venv/lib/python3.12/site-packages/airflow/example_dags/example_sensor_decorator.py
[2024-09-18T12:07:18.211+0100] {logging_mixin.py:190} INFO - [2024-09-18T12:07:18.211+0100] {dag.py:3229} INFO - Sync 1 DAGs
[2024-09-18T12:07:18.219+0100] {logging_mixin.py:190} INFO - [2024-09-18T12:07:18.219+0100] {dag.py:4156} INFO - Setting next_dagrun for example_sensor_decorator to None, run_after=None
[2024-09-18T12:07:18.234+0100] {processor.py:208} INFO - Processing /Users/ds2718/Documents/test_python_airflow/airflow/py_venv/lib/python3.12/site-packages/airflow/example_dags/example_sensor_decorator.py took 0.368 seconds
[2024-09-18T12:07:59.210+0100] {processor.py:186} INFO - Started process (PID=12419) to work on /Users/ds2718/Documents/test_python_airflow/airflow/py_venv/lib/python3.12/site-packages/airflow/example_dags/example_sensor_decorator.py
[2024-09-18T12:07:59.211+0100] {processor.py:914} INFO - Processing file /Users/ds2718/Documents/test_python_airflow/airflow/py_venv/lib/python3.12/site-packages/airflow/example_dags/example_sensor_decorator.py for tasks to queue
[2024-09-18T12:07:59.211+0100] {logging_mixin.py:190} INFO - [2024-09-18T12:07:59.211+0100] {dagbag.py:587} INFO - Filling up the DagBag from /Users/ds2718/Documents/test_python_airflow/airflow/py_venv/lib/python3.12/site-packages/airflow/example_dags/example_sensor_decorator.py
[2024-09-18T12:07:59.230+0100] {processor.py:925} INFO - DAG(s) 'example_sensor_decorator' retrieved from /Users/ds2718/Documents/test_python_airflow/airflow/py_venv/lib/python3.12/site-packages/airflow/example_dags/example_sensor_decorator.py
[2024-09-18T12:07:59.810+0100] {logging_mixin.py:190} INFO - [2024-09-18T12:07:59.809+0100] {dag.py:3229} INFO - Sync 1 DAGs
[2024-09-18T12:07:59.822+0100] {logging_mixin.py:190} INFO - [2024-09-18T12:07:59.822+0100] {dag.py:4156} INFO - Setting next_dagrun for example_sensor_decorator to None, run_after=None
[2024-09-18T12:07:59.846+0100] {processor.py:208} INFO - Processing /Users/ds2718/Documents/test_python_airflow/airflow/py_venv/lib/python3.12/site-packages/airflow/example_dags/example_sensor_decorator.py took 0.649 seconds
[2024-09-18T12:08:36.124+0100] {processor.py:186} INFO - Started process (PID=12566) to work on /Users/ds2718/Documents/test_python_airflow/airflow/py_venv/lib/python3.12/site-packages/airflow/example_dags/example_sensor_decorator.py
[2024-09-18T12:08:36.124+0100] {processor.py:914} INFO - Processing file /Users/ds2718/Documents/test_python_airflow/airflow/py_venv/lib/python3.12/site-packages/airflow/example_dags/example_sensor_decorator.py for tasks to queue
[2024-09-18T12:08:36.125+0100] {logging_mixin.py:190} INFO - [2024-09-18T12:08:36.125+0100] {dagbag.py:587} INFO - Filling up the DagBag from /Users/ds2718/Documents/test_python_airflow/airflow/py_venv/lib/python3.12/site-packages/airflow/example_dags/example_sensor_decorator.py
[2024-09-18T12:08:36.141+0100] {processor.py:925} INFO - DAG(s) 'example_sensor_decorator' retrieved from /Users/ds2718/Documents/test_python_airflow/airflow/py_venv/lib/python3.12/site-packages/airflow/example_dags/example_sensor_decorator.py
[2024-09-18T12:08:36.407+0100] {logging_mixin.py:190} INFO - [2024-09-18T12:08:36.407+0100] {dag.py:3229} INFO - Sync 1 DAGs
[2024-09-18T12:08:36.413+0100] {logging_mixin.py:190} INFO - [2024-09-18T12:08:36.413+0100] {dag.py:4156} INFO - Setting next_dagrun for example_sensor_decorator to None, run_after=None
[2024-09-18T12:08:36.423+0100] {processor.py:208} INFO - Processing /Users/ds2718/Documents/test_python_airflow/airflow/py_venv/lib/python3.12/site-packages/airflow/example_dags/example_sensor_decorator.py took 0.301 seconds
[2024-09-18T12:09:09.378+0100] {processor.py:186} INFO - Started process (PID=12759) to work on /Users/ds2718/Documents/test_python_airflow/airflow/py_venv/lib/python3.12/site-packages/airflow/example_dags/example_sensor_decorator.py
[2024-09-18T12:09:09.379+0100] {processor.py:914} INFO - Processing file /Users/ds2718/Documents/test_python_airflow/airflow/py_venv/lib/python3.12/site-packages/airflow/example_dags/example_sensor_decorator.py for tasks to queue
[2024-09-18T12:09:09.379+0100] {logging_mixin.py:190} INFO - [2024-09-18T12:09:09.379+0100] {dagbag.py:587} INFO - Filling up the DagBag from /Users/ds2718/Documents/test_python_airflow/airflow/py_venv/lib/python3.12/site-packages/airflow/example_dags/example_sensor_decorator.py
[2024-09-18T12:09:09.397+0100] {processor.py:925} INFO - DAG(s) 'example_sensor_decorator' retrieved from /Users/ds2718/Documents/test_python_airflow/airflow/py_venv/lib/python3.12/site-packages/airflow/example_dags/example_sensor_decorator.py
[2024-09-18T12:09:09.686+0100] {logging_mixin.py:190} INFO - [2024-09-18T12:09:09.686+0100] {dag.py:3229} INFO - Sync 1 DAGs
[2024-09-18T12:09:09.692+0100] {logging_mixin.py:190} INFO - [2024-09-18T12:09:09.692+0100] {dag.py:4156} INFO - Setting next_dagrun for example_sensor_decorator to None, run_after=None
[2024-09-18T12:09:09.706+0100] {processor.py:208} INFO - Processing /Users/ds2718/Documents/test_python_airflow/airflow/py_venv/lib/python3.12/site-packages/airflow/example_dags/example_sensor_decorator.py took 0.337 seconds
[2024-09-18T12:09:43.102+0100] {processor.py:186} INFO - Started process (PID=12963) to work on /Users/ds2718/Documents/test_python_airflow/airflow/py_venv/lib/python3.12/site-packages/airflow/example_dags/example_sensor_decorator.py
[2024-09-18T12:09:43.102+0100] {processor.py:914} INFO - Processing file /Users/ds2718/Documents/test_python_airflow/airflow/py_venv/lib/python3.12/site-packages/airflow/example_dags/example_sensor_decorator.py for tasks to queue
[2024-09-18T12:09:43.103+0100] {logging_mixin.py:190} INFO - [2024-09-18T12:09:43.103+0100] {dagbag.py:587} INFO - Filling up the DagBag from /Users/ds2718/Documents/test_python_airflow/airflow/py_venv/lib/python3.12/site-packages/airflow/example_dags/example_sensor_decorator.py
[2024-09-18T12:09:43.122+0100] {processor.py:925} INFO - DAG(s) 'example_sensor_decorator' retrieved from /Users/ds2718/Documents/test_python_airflow/airflow/py_venv/lib/python3.12/site-packages/airflow/example_dags/example_sensor_decorator.py
[2024-09-18T12:09:43.362+0100] {logging_mixin.py:190} INFO - [2024-09-18T12:09:43.362+0100] {dag.py:3229} INFO - Sync 1 DAGs
[2024-09-18T12:09:43.368+0100] {logging_mixin.py:190} INFO - [2024-09-18T12:09:43.368+0100] {dag.py:4156} INFO - Setting next_dagrun for example_sensor_decorator to None, run_after=None
[2024-09-18T12:09:43.375+0100] {processor.py:208} INFO - Processing /Users/ds2718/Documents/test_python_airflow/airflow/py_venv/lib/python3.12/site-packages/airflow/example_dags/example_sensor_decorator.py took 0.280 seconds
[2024-09-18T12:10:14.687+0100] {processor.py:186} INFO - Started process (PID=13090) to work on /Users/ds2718/Documents/test_python_airflow/airflow/py_venv/lib/python3.12/site-packages/airflow/example_dags/example_sensor_decorator.py
[2024-09-18T12:10:14.688+0100] {processor.py:914} INFO - Processing file /Users/ds2718/Documents/test_python_airflow/airflow/py_venv/lib/python3.12/site-packages/airflow/example_dags/example_sensor_decorator.py for tasks to queue
[2024-09-18T12:10:14.688+0100] {logging_mixin.py:190} INFO - [2024-09-18T12:10:14.688+0100] {dagbag.py:587} INFO - Filling up the DagBag from /Users/ds2718/Documents/test_python_airflow/airflow/py_venv/lib/python3.12/site-packages/airflow/example_dags/example_sensor_decorator.py
[2024-09-18T12:10:14.704+0100] {processor.py:925} INFO - DAG(s) 'example_sensor_decorator' retrieved from /Users/ds2718/Documents/test_python_airflow/airflow/py_venv/lib/python3.12/site-packages/airflow/example_dags/example_sensor_decorator.py
[2024-09-18T12:10:14.961+0100] {logging_mixin.py:190} INFO - [2024-09-18T12:10:14.960+0100] {dag.py:3229} INFO - Sync 1 DAGs
[2024-09-18T12:10:14.969+0100] {logging_mixin.py:190} INFO - [2024-09-18T12:10:14.968+0100] {dag.py:4156} INFO - Setting next_dagrun for example_sensor_decorator to None, run_after=None
[2024-09-18T12:10:14.979+0100] {processor.py:208} INFO - Processing /Users/ds2718/Documents/test_python_airflow/airflow/py_venv/lib/python3.12/site-packages/airflow/example_dags/example_sensor_decorator.py took 0.297 seconds
[2024-09-18T12:10:48.385+0100] {processor.py:186} INFO - Started process (PID=13262) to work on /Users/ds2718/Documents/test_python_airflow/airflow/py_venv/lib/python3.12/site-packages/airflow/example_dags/example_sensor_decorator.py
[2024-09-18T12:10:48.386+0100] {processor.py:914} INFO - Processing file /Users/ds2718/Documents/test_python_airflow/airflow/py_venv/lib/python3.12/site-packages/airflow/example_dags/example_sensor_decorator.py for tasks to queue
[2024-09-18T12:10:48.387+0100] {logging_mixin.py:190} INFO - [2024-09-18T12:10:48.387+0100] {dagbag.py:587} INFO - Filling up the DagBag from /Users/ds2718/Documents/test_python_airflow/airflow/py_venv/lib/python3.12/site-packages/airflow/example_dags/example_sensor_decorator.py
[2024-09-18T12:10:48.404+0100] {processor.py:925} INFO - DAG(s) 'example_sensor_decorator' retrieved from /Users/ds2718/Documents/test_python_airflow/airflow/py_venv/lib/python3.12/site-packages/airflow/example_dags/example_sensor_decorator.py
[2024-09-18T12:10:48.629+0100] {logging_mixin.py:190} INFO - [2024-09-18T12:10:48.629+0100] {dag.py:3229} INFO - Sync 1 DAGs
[2024-09-18T12:10:48.635+0100] {logging_mixin.py:190} INFO - [2024-09-18T12:10:48.635+0100] {dag.py:4156} INFO - Setting next_dagrun for example_sensor_decorator to None, run_after=None
[2024-09-18T12:10:48.645+0100] {processor.py:208} INFO - Processing /Users/ds2718/Documents/test_python_airflow/airflow/py_venv/lib/python3.12/site-packages/airflow/example_dags/example_sensor_decorator.py took 0.262 seconds
[2024-09-18T12:11:21.370+0100] {processor.py:186} INFO - Started process (PID=13387) to work on /Users/ds2718/Documents/test_python_airflow/airflow/py_venv/lib/python3.12/site-packages/airflow/example_dags/example_sensor_decorator.py
[2024-09-18T12:11:21.370+0100] {processor.py:914} INFO - Processing file /Users/ds2718/Documents/test_python_airflow/airflow/py_venv/lib/python3.12/site-packages/airflow/example_dags/example_sensor_decorator.py for tasks to queue
[2024-09-18T12:11:21.371+0100] {logging_mixin.py:190} INFO - [2024-09-18T12:11:21.371+0100] {dagbag.py:587} INFO - Filling up the DagBag from /Users/ds2718/Documents/test_python_airflow/airflow/py_venv/lib/python3.12/site-packages/airflow/example_dags/example_sensor_decorator.py
[2024-09-18T12:11:21.387+0100] {processor.py:925} INFO - DAG(s) 'example_sensor_decorator' retrieved from /Users/ds2718/Documents/test_python_airflow/airflow/py_venv/lib/python3.12/site-packages/airflow/example_dags/example_sensor_decorator.py
[2024-09-18T12:11:21.668+0100] {logging_mixin.py:190} INFO - [2024-09-18T12:11:21.668+0100] {dag.py:3229} INFO - Sync 1 DAGs
[2024-09-18T12:11:21.674+0100] {logging_mixin.py:190} INFO - [2024-09-18T12:11:21.674+0100] {dag.py:4156} INFO - Setting next_dagrun for example_sensor_decorator to None, run_after=None
[2024-09-18T12:11:21.683+0100] {processor.py:208} INFO - Processing /Users/ds2718/Documents/test_python_airflow/airflow/py_venv/lib/python3.12/site-packages/airflow/example_dags/example_sensor_decorator.py took 0.320 seconds
[2024-09-18T12:11:54.297+0100] {processor.py:186} INFO - Started process (PID=13565) to work on /Users/ds2718/Documents/test_python_airflow/airflow/py_venv/lib/python3.12/site-packages/airflow/example_dags/example_sensor_decorator.py
[2024-09-18T12:11:54.297+0100] {processor.py:914} INFO - Processing file /Users/ds2718/Documents/test_python_airflow/airflow/py_venv/lib/python3.12/site-packages/airflow/example_dags/example_sensor_decorator.py for tasks to queue
[2024-09-18T12:11:54.298+0100] {logging_mixin.py:190} INFO - [2024-09-18T12:11:54.298+0100] {dagbag.py:587} INFO - Filling up the DagBag from /Users/ds2718/Documents/test_python_airflow/airflow/py_venv/lib/python3.12/site-packages/airflow/example_dags/example_sensor_decorator.py
[2024-09-18T12:11:54.313+0100] {processor.py:925} INFO - DAG(s) 'example_sensor_decorator' retrieved from /Users/ds2718/Documents/test_python_airflow/airflow/py_venv/lib/python3.12/site-packages/airflow/example_dags/example_sensor_decorator.py
[2024-09-18T12:11:54.572+0100] {logging_mixin.py:190} INFO - [2024-09-18T12:11:54.572+0100] {dag.py:3229} INFO - Sync 1 DAGs
[2024-09-18T12:11:54.580+0100] {logging_mixin.py:190} INFO - [2024-09-18T12:11:54.579+0100] {dag.py:4156} INFO - Setting next_dagrun for example_sensor_decorator to None, run_after=None
[2024-09-18T12:11:54.595+0100] {processor.py:208} INFO - Processing /Users/ds2718/Documents/test_python_airflow/airflow/py_venv/lib/python3.12/site-packages/airflow/example_dags/example_sensor_decorator.py took 0.300 seconds
[2024-09-18T12:12:27.702+0100] {processor.py:186} INFO - Started process (PID=13690) to work on /Users/ds2718/Documents/test_python_airflow/airflow/py_venv/lib/python3.12/site-packages/airflow/example_dags/example_sensor_decorator.py
[2024-09-18T12:12:27.704+0100] {processor.py:914} INFO - Processing file /Users/ds2718/Documents/test_python_airflow/airflow/py_venv/lib/python3.12/site-packages/airflow/example_dags/example_sensor_decorator.py for tasks to queue
[2024-09-18T12:12:27.704+0100] {logging_mixin.py:190} INFO - [2024-09-18T12:12:27.704+0100] {dagbag.py:587} INFO - Filling up the DagBag from /Users/ds2718/Documents/test_python_airflow/airflow/py_venv/lib/python3.12/site-packages/airflow/example_dags/example_sensor_decorator.py
[2024-09-18T12:12:27.721+0100] {processor.py:925} INFO - DAG(s) 'example_sensor_decorator' retrieved from /Users/ds2718/Documents/test_python_airflow/airflow/py_venv/lib/python3.12/site-packages/airflow/example_dags/example_sensor_decorator.py
[2024-09-18T12:12:27.958+0100] {logging_mixin.py:190} INFO - [2024-09-18T12:12:27.958+0100] {dag.py:3229} INFO - Sync 1 DAGs
[2024-09-18T12:12:27.966+0100] {logging_mixin.py:190} INFO - [2024-09-18T12:12:27.966+0100] {dag.py:4156} INFO - Setting next_dagrun for example_sensor_decorator to None, run_after=None
[2024-09-18T12:12:27.976+0100] {processor.py:208} INFO - Processing /Users/ds2718/Documents/test_python_airflow/airflow/py_venv/lib/python3.12/site-packages/airflow/example_dags/example_sensor_decorator.py took 0.276 seconds
[2024-09-18T12:13:01.068+0100] {processor.py:186} INFO - Started process (PID=13879) to work on /Users/ds2718/Documents/test_python_airflow/airflow/py_venv/lib/python3.12/site-packages/airflow/example_dags/example_sensor_decorator.py
[2024-09-18T12:13:01.069+0100] {processor.py:914} INFO - Processing file /Users/ds2718/Documents/test_python_airflow/airflow/py_venv/lib/python3.12/site-packages/airflow/example_dags/example_sensor_decorator.py for tasks to queue
[2024-09-18T12:13:01.069+0100] {logging_mixin.py:190} INFO - [2024-09-18T12:13:01.069+0100] {dagbag.py:587} INFO - Filling up the DagBag from /Users/ds2718/Documents/test_python_airflow/airflow/py_venv/lib/python3.12/site-packages/airflow/example_dags/example_sensor_decorator.py
[2024-09-18T12:13:01.090+0100] {processor.py:925} INFO - DAG(s) 'example_sensor_decorator' retrieved from /Users/ds2718/Documents/test_python_airflow/airflow/py_venv/lib/python3.12/site-packages/airflow/example_dags/example_sensor_decorator.py
[2024-09-18T12:13:01.390+0100] {logging_mixin.py:190} INFO - [2024-09-18T12:13:01.390+0100] {dag.py:3229} INFO - Sync 1 DAGs
[2024-09-18T12:13:01.397+0100] {logging_mixin.py:190} INFO - [2024-09-18T12:13:01.397+0100] {dag.py:4156} INFO - Setting next_dagrun for example_sensor_decorator to None, run_after=None
[2024-09-18T12:13:01.406+0100] {processor.py:208} INFO - Processing /Users/ds2718/Documents/test_python_airflow/airflow/py_venv/lib/python3.12/site-packages/airflow/example_dags/example_sensor_decorator.py took 0.340 seconds
[2024-09-18T12:13:36.551+0100] {processor.py:186} INFO - Started process (PID=14031) to work on /Users/ds2718/Documents/test_python_airflow/airflow/py_venv/lib/python3.12/site-packages/airflow/example_dags/example_sensor_decorator.py
[2024-09-18T12:13:36.551+0100] {processor.py:914} INFO - Processing file /Users/ds2718/Documents/test_python_airflow/airflow/py_venv/lib/python3.12/site-packages/airflow/example_dags/example_sensor_decorator.py for tasks to queue
[2024-09-18T12:13:36.552+0100] {logging_mixin.py:190} INFO - [2024-09-18T12:13:36.552+0100] {dagbag.py:587} INFO - Filling up the DagBag from /Users/ds2718/Documents/test_python_airflow/airflow/py_venv/lib/python3.12/site-packages/airflow/example_dags/example_sensor_decorator.py
[2024-09-18T12:13:36.567+0100] {processor.py:925} INFO - DAG(s) 'example_sensor_decorator' retrieved from /Users/ds2718/Documents/test_python_airflow/airflow/py_venv/lib/python3.12/site-packages/airflow/example_dags/example_sensor_decorator.py
[2024-09-18T12:13:36.809+0100] {logging_mixin.py:190} INFO - [2024-09-18T12:13:36.809+0100] {dag.py:3229} INFO - Sync 1 DAGs
[2024-09-18T12:13:36.815+0100] {logging_mixin.py:190} INFO - [2024-09-18T12:13:36.815+0100] {dag.py:4156} INFO - Setting next_dagrun for example_sensor_decorator to None, run_after=None
[2024-09-18T12:13:36.825+0100] {processor.py:208} INFO - Processing /Users/ds2718/Documents/test_python_airflow/airflow/py_venv/lib/python3.12/site-packages/airflow/example_dags/example_sensor_decorator.py took 0.276 seconds
