[2024-09-18T11:54:03.477+0100] {processor.py:186} INFO - Started process (PID=9443) to work on /Users/ds2718/Documents/test_python_airflow/airflow/py_venv/lib/python3.12/site-packages/airflow/example_dags/example_time_delta_sensor_async.py
[2024-09-18T11:54:03.478+0100] {processor.py:914} INFO - Processing file /Users/ds2718/Documents/test_python_airflow/airflow/py_venv/lib/python3.12/site-packages/airflow/example_dags/example_time_delta_sensor_async.py for tasks to queue
[2024-09-18T11:54:03.478+0100] {logging_mixin.py:190} INFO - [2024-09-18T11:54:03.478+0100] {dagbag.py:587} INFO - Filling up the DagBag from /Users/ds2718/Documents/test_python_airflow/airflow/py_venv/lib/python3.12/site-packages/airflow/example_dags/example_time_delta_sensor_async.py
[2024-09-18T11:54:03.483+0100] {processor.py:925} INFO - DAG(s) 'example_time_delta_sensor_async' retrieved from /Users/ds2718/Documents/test_python_airflow/airflow/py_venv/lib/python3.12/site-packages/airflow/example_dags/example_time_delta_sensor_async.py
[2024-09-18T11:54:03.825+0100] {logging_mixin.py:190} INFO - [2024-09-18T11:54:03.825+0100] {override.py:1900} INFO - Created Permission View: can delete on DAG:example_time_delta_sensor_async
[2024-09-18T11:54:03.829+0100] {logging_mixin.py:190} INFO - [2024-09-18T11:54:03.829+0100] {override.py:1900} INFO - Created Permission View: can read on DAG:example_time_delta_sensor_async
[2024-09-18T11:54:03.831+0100] {logging_mixin.py:190} INFO - [2024-09-18T11:54:03.831+0100] {override.py:1900} INFO - Created Permission View: can edit on DAG:example_time_delta_sensor_async
[2024-09-18T11:54:03.835+0100] {logging_mixin.py:190} INFO - [2024-09-18T11:54:03.835+0100] {override.py:1900} INFO - Created Permission View: can create on DAG Run:example_time_delta_sensor_async
[2024-09-18T11:54:03.838+0100] {logging_mixin.py:190} INFO - [2024-09-18T11:54:03.838+0100] {override.py:1900} INFO - Created Permission View: menu access on DAG Run:example_time_delta_sensor_async
[2024-09-18T11:54:03.841+0100] {logging_mixin.py:190} INFO - [2024-09-18T11:54:03.841+0100] {override.py:1900} INFO - Created Permission View: can delete on DAG Run:example_time_delta_sensor_async
[2024-09-18T11:54:03.844+0100] {logging_mixin.py:190} INFO - [2024-09-18T11:54:03.844+0100] {override.py:1900} INFO - Created Permission View: can read on DAG Run:example_time_delta_sensor_async
[2024-09-18T11:54:03.844+0100] {logging_mixin.py:190} INFO - [2024-09-18T11:54:03.844+0100] {dag.py:3229} INFO - Sync 1 DAGs
[2024-09-18T11:54:03.851+0100] {logging_mixin.py:190} INFO - [2024-09-18T11:54:03.851+0100] {dag.py:3252} INFO - Creating ORM DAG for example_time_delta_sensor_async
[2024-09-18T11:54:03.852+0100] {logging_mixin.py:190} INFO - [2024-09-18T11:54:03.852+0100] {dag.py:4156} INFO - Setting next_dagrun for example_time_delta_sensor_async to None, run_after=None
[2024-09-18T11:54:03.861+0100] {processor.py:208} INFO - Processing /Users/ds2718/Documents/test_python_airflow/airflow/py_venv/lib/python3.12/site-packages/airflow/example_dags/example_time_delta_sensor_async.py took 0.388 seconds
[2024-09-18T11:54:37.971+0100] {processor.py:186} INFO - Started process (PID=9594) to work on /Users/ds2718/Documents/test_python_airflow/airflow/py_venv/lib/python3.12/site-packages/airflow/example_dags/example_time_delta_sensor_async.py
[2024-09-18T11:54:37.971+0100] {processor.py:914} INFO - Processing file /Users/ds2718/Documents/test_python_airflow/airflow/py_venv/lib/python3.12/site-packages/airflow/example_dags/example_time_delta_sensor_async.py for tasks to queue
[2024-09-18T11:54:37.972+0100] {logging_mixin.py:190} INFO - [2024-09-18T11:54:37.972+0100] {dagbag.py:587} INFO - Filling up the DagBag from /Users/ds2718/Documents/test_python_airflow/airflow/py_venv/lib/python3.12/site-packages/airflow/example_dags/example_time_delta_sensor_async.py
[2024-09-18T11:54:37.977+0100] {processor.py:925} INFO - DAG(s) 'example_time_delta_sensor_async' retrieved from /Users/ds2718/Documents/test_python_airflow/airflow/py_venv/lib/python3.12/site-packages/airflow/example_dags/example_time_delta_sensor_async.py
[2024-09-18T11:54:38.242+0100] {logging_mixin.py:190} INFO - [2024-09-18T11:54:38.241+0100] {dag.py:3229} INFO - Sync 1 DAGs
[2024-09-18T11:54:38.248+0100] {logging_mixin.py:190} INFO - [2024-09-18T11:54:38.248+0100] {dag.py:4156} INFO - Setting next_dagrun for example_time_delta_sensor_async to None, run_after=None
[2024-09-18T11:54:38.255+0100] {processor.py:208} INFO - Processing /Users/ds2718/Documents/test_python_airflow/airflow/py_venv/lib/python3.12/site-packages/airflow/example_dags/example_time_delta_sensor_async.py took 0.286 seconds
[2024-09-18T11:55:12.919+0100] {processor.py:186} INFO - Started process (PID=9813) to work on /Users/ds2718/Documents/test_python_airflow/airflow/py_venv/lib/python3.12/site-packages/airflow/example_dags/example_time_delta_sensor_async.py
[2024-09-18T11:55:12.920+0100] {processor.py:914} INFO - Processing file /Users/ds2718/Documents/test_python_airflow/airflow/py_venv/lib/python3.12/site-packages/airflow/example_dags/example_time_delta_sensor_async.py for tasks to queue
[2024-09-18T11:55:12.920+0100] {logging_mixin.py:190} INFO - [2024-09-18T11:55:12.920+0100] {dagbag.py:587} INFO - Filling up the DagBag from /Users/ds2718/Documents/test_python_airflow/airflow/py_venv/lib/python3.12/site-packages/airflow/example_dags/example_time_delta_sensor_async.py
[2024-09-18T11:55:12.925+0100] {processor.py:925} INFO - DAG(s) 'example_time_delta_sensor_async' retrieved from /Users/ds2718/Documents/test_python_airflow/airflow/py_venv/lib/python3.12/site-packages/airflow/example_dags/example_time_delta_sensor_async.py
[2024-09-18T11:55:13.256+0100] {logging_mixin.py:190} INFO - [2024-09-18T11:55:13.256+0100] {dag.py:3229} INFO - Sync 1 DAGs
[2024-09-18T11:55:13.263+0100] {logging_mixin.py:190} INFO - [2024-09-18T11:55:13.263+0100] {dag.py:4156} INFO - Setting next_dagrun for example_time_delta_sensor_async to None, run_after=None
[2024-09-18T11:55:13.274+0100] {processor.py:208} INFO - Processing /Users/ds2718/Documents/test_python_airflow/airflow/py_venv/lib/python3.12/site-packages/airflow/example_dags/example_time_delta_sensor_async.py took 0.357 seconds
[2024-09-18T11:55:45.784+0100] {processor.py:186} INFO - Started process (PID=10007) to work on /Users/ds2718/Documents/test_python_airflow/airflow/py_venv/lib/python3.12/site-packages/airflow/example_dags/example_time_delta_sensor_async.py
[2024-09-18T11:55:45.785+0100] {processor.py:914} INFO - Processing file /Users/ds2718/Documents/test_python_airflow/airflow/py_venv/lib/python3.12/site-packages/airflow/example_dags/example_time_delta_sensor_async.py for tasks to queue
[2024-09-18T11:55:45.786+0100] {logging_mixin.py:190} INFO - [2024-09-18T11:55:45.786+0100] {dagbag.py:587} INFO - Filling up the DagBag from /Users/ds2718/Documents/test_python_airflow/airflow/py_venv/lib/python3.12/site-packages/airflow/example_dags/example_time_delta_sensor_async.py
[2024-09-18T11:55:45.790+0100] {processor.py:925} INFO - DAG(s) 'example_time_delta_sensor_async' retrieved from /Users/ds2718/Documents/test_python_airflow/airflow/py_venv/lib/python3.12/site-packages/airflow/example_dags/example_time_delta_sensor_async.py
[2024-09-18T11:55:46.027+0100] {logging_mixin.py:190} INFO - [2024-09-18T11:55:46.026+0100] {dag.py:3229} INFO - Sync 1 DAGs
[2024-09-18T11:55:46.043+0100] {logging_mixin.py:190} INFO - [2024-09-18T11:55:46.043+0100] {dag.py:4156} INFO - Setting next_dagrun for example_time_delta_sensor_async to None, run_after=None
[2024-09-18T11:55:46.053+0100] {processor.py:208} INFO - Processing /Users/ds2718/Documents/test_python_airflow/airflow/py_venv/lib/python3.12/site-packages/airflow/example_dags/example_time_delta_sensor_async.py took 0.270 seconds
[2024-09-18T11:56:20.509+0100] {processor.py:186} INFO - Started process (PID=10139) to work on /Users/ds2718/Documents/test_python_airflow/airflow/py_venv/lib/python3.12/site-packages/airflow/example_dags/example_time_delta_sensor_async.py
[2024-09-18T11:56:20.510+0100] {processor.py:914} INFO - Processing file /Users/ds2718/Documents/test_python_airflow/airflow/py_venv/lib/python3.12/site-packages/airflow/example_dags/example_time_delta_sensor_async.py for tasks to queue
[2024-09-18T11:56:20.510+0100] {logging_mixin.py:190} INFO - [2024-09-18T11:56:20.510+0100] {dagbag.py:587} INFO - Filling up the DagBag from /Users/ds2718/Documents/test_python_airflow/airflow/py_venv/lib/python3.12/site-packages/airflow/example_dags/example_time_delta_sensor_async.py
[2024-09-18T11:56:20.515+0100] {processor.py:925} INFO - DAG(s) 'example_time_delta_sensor_async' retrieved from /Users/ds2718/Documents/test_python_airflow/airflow/py_venv/lib/python3.12/site-packages/airflow/example_dags/example_time_delta_sensor_async.py
[2024-09-18T11:56:20.758+0100] {logging_mixin.py:190} INFO - [2024-09-18T11:56:20.758+0100] {dag.py:3229} INFO - Sync 1 DAGs
[2024-09-18T11:56:20.768+0100] {logging_mixin.py:190} INFO - [2024-09-18T11:56:20.768+0100] {dag.py:4156} INFO - Setting next_dagrun for example_time_delta_sensor_async to None, run_after=None
[2024-09-18T11:56:20.780+0100] {processor.py:208} INFO - Processing /Users/ds2718/Documents/test_python_airflow/airflow/py_venv/lib/python3.12/site-packages/airflow/example_dags/example_time_delta_sensor_async.py took 0.273 seconds
[2024-09-18T11:56:52.470+0100] {processor.py:186} INFO - Started process (PID=10313) to work on /Users/ds2718/Documents/test_python_airflow/airflow/py_venv/lib/python3.12/site-packages/airflow/example_dags/example_time_delta_sensor_async.py
[2024-09-18T11:56:52.470+0100] {processor.py:914} INFO - Processing file /Users/ds2718/Documents/test_python_airflow/airflow/py_venv/lib/python3.12/site-packages/airflow/example_dags/example_time_delta_sensor_async.py for tasks to queue
[2024-09-18T11:56:52.471+0100] {logging_mixin.py:190} INFO - [2024-09-18T11:56:52.470+0100] {dagbag.py:587} INFO - Filling up the DagBag from /Users/ds2718/Documents/test_python_airflow/airflow/py_venv/lib/python3.12/site-packages/airflow/example_dags/example_time_delta_sensor_async.py
[2024-09-18T11:56:52.475+0100] {processor.py:925} INFO - DAG(s) 'example_time_delta_sensor_async' retrieved from /Users/ds2718/Documents/test_python_airflow/airflow/py_venv/lib/python3.12/site-packages/airflow/example_dags/example_time_delta_sensor_async.py
[2024-09-18T11:56:52.705+0100] {logging_mixin.py:190} INFO - [2024-09-18T11:56:52.705+0100] {dag.py:3229} INFO - Sync 1 DAGs
[2024-09-18T11:56:52.711+0100] {logging_mixin.py:190} INFO - [2024-09-18T11:56:52.711+0100] {dag.py:4156} INFO - Setting next_dagrun for example_time_delta_sensor_async to None, run_after=None
[2024-09-18T11:56:52.719+0100] {processor.py:208} INFO - Processing /Users/ds2718/Documents/test_python_airflow/airflow/py_venv/lib/python3.12/site-packages/airflow/example_dags/example_time_delta_sensor_async.py took 0.251 seconds
[2024-09-18T11:57:25.679+0100] {processor.py:186} INFO - Started process (PID=10463) to work on /Users/ds2718/Documents/test_python_airflow/airflow/py_venv/lib/python3.12/site-packages/airflow/example_dags/example_time_delta_sensor_async.py
[2024-09-18T11:57:25.679+0100] {processor.py:914} INFO - Processing file /Users/ds2718/Documents/test_python_airflow/airflow/py_venv/lib/python3.12/site-packages/airflow/example_dags/example_time_delta_sensor_async.py for tasks to queue
[2024-09-18T11:57:25.679+0100] {logging_mixin.py:190} INFO - [2024-09-18T11:57:25.679+0100] {dagbag.py:587} INFO - Filling up the DagBag from /Users/ds2718/Documents/test_python_airflow/airflow/py_venv/lib/python3.12/site-packages/airflow/example_dags/example_time_delta_sensor_async.py
[2024-09-18T11:57:25.686+0100] {processor.py:925} INFO - DAG(s) 'example_time_delta_sensor_async' retrieved from /Users/ds2718/Documents/test_python_airflow/airflow/py_venv/lib/python3.12/site-packages/airflow/example_dags/example_time_delta_sensor_async.py
[2024-09-18T11:57:25.966+0100] {logging_mixin.py:190} INFO - [2024-09-18T11:57:25.966+0100] {dag.py:3229} INFO - Sync 1 DAGs
[2024-09-18T11:57:25.972+0100] {logging_mixin.py:190} INFO - [2024-09-18T11:57:25.972+0100] {dag.py:4156} INFO - Setting next_dagrun for example_time_delta_sensor_async to None, run_after=None
[2024-09-18T11:57:25.981+0100] {processor.py:208} INFO - Processing /Users/ds2718/Documents/test_python_airflow/airflow/py_venv/lib/python3.12/site-packages/airflow/example_dags/example_time_delta_sensor_async.py took 0.304 seconds
[2024-09-18T11:57:59.453+0100] {processor.py:186} INFO - Started process (PID=10670) to work on /Users/ds2718/Documents/test_python_airflow/airflow/py_venv/lib/python3.12/site-packages/airflow/example_dags/example_time_delta_sensor_async.py
[2024-09-18T11:57:59.454+0100] {processor.py:914} INFO - Processing file /Users/ds2718/Documents/test_python_airflow/airflow/py_venv/lib/python3.12/site-packages/airflow/example_dags/example_time_delta_sensor_async.py for tasks to queue
[2024-09-18T11:57:59.454+0100] {logging_mixin.py:190} INFO - [2024-09-18T11:57:59.454+0100] {dagbag.py:587} INFO - Filling up the DagBag from /Users/ds2718/Documents/test_python_airflow/airflow/py_venv/lib/python3.12/site-packages/airflow/example_dags/example_time_delta_sensor_async.py
[2024-09-18T11:57:59.459+0100] {processor.py:925} INFO - DAG(s) 'example_time_delta_sensor_async' retrieved from /Users/ds2718/Documents/test_python_airflow/airflow/py_venv/lib/python3.12/site-packages/airflow/example_dags/example_time_delta_sensor_async.py
[2024-09-18T11:57:59.730+0100] {logging_mixin.py:190} INFO - [2024-09-18T11:57:59.730+0100] {dag.py:3229} INFO - Sync 1 DAGs
[2024-09-18T11:57:59.736+0100] {logging_mixin.py:190} INFO - [2024-09-18T11:57:59.736+0100] {dag.py:4156} INFO - Setting next_dagrun for example_time_delta_sensor_async to None, run_after=None
[2024-09-18T11:57:59.760+0100] {processor.py:208} INFO - Processing /Users/ds2718/Documents/test_python_airflow/airflow/py_venv/lib/python3.12/site-packages/airflow/example_dags/example_time_delta_sensor_async.py took 0.309 seconds
[2024-09-18T11:58:33.751+0100] {processor.py:186} INFO - Started process (PID=10853) to work on /Users/ds2718/Documents/test_python_airflow/airflow/py_venv/lib/python3.12/site-packages/airflow/example_dags/example_time_delta_sensor_async.py
[2024-09-18T11:58:33.751+0100] {processor.py:914} INFO - Processing file /Users/ds2718/Documents/test_python_airflow/airflow/py_venv/lib/python3.12/site-packages/airflow/example_dags/example_time_delta_sensor_async.py for tasks to queue
[2024-09-18T11:58:33.752+0100] {logging_mixin.py:190} INFO - [2024-09-18T11:58:33.752+0100] {dagbag.py:587} INFO - Filling up the DagBag from /Users/ds2718/Documents/test_python_airflow/airflow/py_venv/lib/python3.12/site-packages/airflow/example_dags/example_time_delta_sensor_async.py
[2024-09-18T11:58:33.758+0100] {processor.py:925} INFO - DAG(s) 'example_time_delta_sensor_async' retrieved from /Users/ds2718/Documents/test_python_airflow/airflow/py_venv/lib/python3.12/site-packages/airflow/example_dags/example_time_delta_sensor_async.py
[2024-09-18T11:58:34.073+0100] {logging_mixin.py:190} INFO - [2024-09-18T11:58:34.073+0100] {dag.py:3229} INFO - Sync 1 DAGs
[2024-09-18T11:58:34.079+0100] {logging_mixin.py:190} INFO - [2024-09-18T11:58:34.079+0100] {dag.py:4156} INFO - Setting next_dagrun for example_time_delta_sensor_async to None, run_after=None
[2024-09-18T11:58:34.092+0100] {processor.py:208} INFO - Processing /Users/ds2718/Documents/test_python_airflow/airflow/py_venv/lib/python3.12/site-packages/airflow/example_dags/example_time_delta_sensor_async.py took 0.346 seconds
[2024-09-18T11:59:09.034+0100] {processor.py:186} INFO - Started process (PID=11051) to work on /Users/ds2718/Documents/test_python_airflow/airflow/py_venv/lib/python3.12/site-packages/airflow/example_dags/example_time_delta_sensor_async.py
[2024-09-18T11:59:09.035+0100] {processor.py:914} INFO - Processing file /Users/ds2718/Documents/test_python_airflow/airflow/py_venv/lib/python3.12/site-packages/airflow/example_dags/example_time_delta_sensor_async.py for tasks to queue
[2024-09-18T11:59:09.035+0100] {logging_mixin.py:190} INFO - [2024-09-18T11:59:09.035+0100] {dagbag.py:587} INFO - Filling up the DagBag from /Users/ds2718/Documents/test_python_airflow/airflow/py_venv/lib/python3.12/site-packages/airflow/example_dags/example_time_delta_sensor_async.py
[2024-09-18T11:59:09.041+0100] {processor.py:925} INFO - DAG(s) 'example_time_delta_sensor_async' retrieved from /Users/ds2718/Documents/test_python_airflow/airflow/py_venv/lib/python3.12/site-packages/airflow/example_dags/example_time_delta_sensor_async.py
[2024-09-18T11:59:09.305+0100] {logging_mixin.py:190} INFO - [2024-09-18T11:59:09.304+0100] {dag.py:3229} INFO - Sync 1 DAGs
[2024-09-18T11:59:09.312+0100] {logging_mixin.py:190} INFO - [2024-09-18T11:59:09.312+0100] {dag.py:4156} INFO - Setting next_dagrun for example_time_delta_sensor_async to None, run_after=None
[2024-09-18T11:59:09.325+0100] {processor.py:208} INFO - Processing /Users/ds2718/Documents/test_python_airflow/airflow/py_venv/lib/python3.12/site-packages/airflow/example_dags/example_time_delta_sensor_async.py took 0.295 seconds
[2024-09-18T11:59:42.478+0100] {processor.py:186} INFO - Started process (PID=11217) to work on /Users/ds2718/Documents/test_python_airflow/airflow/py_venv/lib/python3.12/site-packages/airflow/example_dags/example_time_delta_sensor_async.py
[2024-09-18T11:59:42.479+0100] {processor.py:914} INFO - Processing file /Users/ds2718/Documents/test_python_airflow/airflow/py_venv/lib/python3.12/site-packages/airflow/example_dags/example_time_delta_sensor_async.py for tasks to queue
[2024-09-18T11:59:42.479+0100] {logging_mixin.py:190} INFO - [2024-09-18T11:59:42.479+0100] {dagbag.py:587} INFO - Filling up the DagBag from /Users/ds2718/Documents/test_python_airflow/airflow/py_venv/lib/python3.12/site-packages/airflow/example_dags/example_time_delta_sensor_async.py
[2024-09-18T11:59:42.485+0100] {processor.py:925} INFO - DAG(s) 'example_time_delta_sensor_async' retrieved from /Users/ds2718/Documents/test_python_airflow/airflow/py_venv/lib/python3.12/site-packages/airflow/example_dags/example_time_delta_sensor_async.py
[2024-09-18T11:59:42.748+0100] {logging_mixin.py:190} INFO - [2024-09-18T11:59:42.748+0100] {dag.py:3229} INFO - Sync 1 DAGs
[2024-09-18T11:59:42.754+0100] {logging_mixin.py:190} INFO - [2024-09-18T11:59:42.754+0100] {dag.py:4156} INFO - Setting next_dagrun for example_time_delta_sensor_async to None, run_after=None
[2024-09-18T11:59:42.764+0100] {processor.py:208} INFO - Processing /Users/ds2718/Documents/test_python_airflow/airflow/py_venv/lib/python3.12/site-packages/airflow/example_dags/example_time_delta_sensor_async.py took 0.292 seconds
[2024-09-18T12:00:15.764+0100] {processor.py:186} INFO - Started process (PID=11434) to work on /Users/ds2718/Documents/test_python_airflow/airflow/py_venv/lib/python3.12/site-packages/airflow/example_dags/example_time_delta_sensor_async.py
[2024-09-18T12:00:15.765+0100] {processor.py:914} INFO - Processing file /Users/ds2718/Documents/test_python_airflow/airflow/py_venv/lib/python3.12/site-packages/airflow/example_dags/example_time_delta_sensor_async.py for tasks to queue
[2024-09-18T12:00:15.765+0100] {logging_mixin.py:190} INFO - [2024-09-18T12:00:15.765+0100] {dagbag.py:587} INFO - Filling up the DagBag from /Users/ds2718/Documents/test_python_airflow/airflow/py_venv/lib/python3.12/site-packages/airflow/example_dags/example_time_delta_sensor_async.py
[2024-09-18T12:00:15.769+0100] {processor.py:925} INFO - DAG(s) 'example_time_delta_sensor_async' retrieved from /Users/ds2718/Documents/test_python_airflow/airflow/py_venv/lib/python3.12/site-packages/airflow/example_dags/example_time_delta_sensor_async.py
[2024-09-18T12:00:16.006+0100] {logging_mixin.py:190} INFO - [2024-09-18T12:00:16.006+0100] {dag.py:3229} INFO - Sync 1 DAGs
[2024-09-18T12:00:16.011+0100] {logging_mixin.py:190} INFO - [2024-09-18T12:00:16.011+0100] {dag.py:4156} INFO - Setting next_dagrun for example_time_delta_sensor_async to None, run_after=None
[2024-09-18T12:00:16.026+0100] {processor.py:208} INFO - Processing /Users/ds2718/Documents/test_python_airflow/airflow/py_venv/lib/python3.12/site-packages/airflow/example_dags/example_time_delta_sensor_async.py took 0.264 seconds
[2024-09-18T12:00:49.048+0100] {processor.py:186} INFO - Started process (PID=11602) to work on /Users/ds2718/Documents/test_python_airflow/airflow/py_venv/lib/python3.12/site-packages/airflow/example_dags/example_time_delta_sensor_async.py
[2024-09-18T12:00:49.049+0100] {processor.py:914} INFO - Processing file /Users/ds2718/Documents/test_python_airflow/airflow/py_venv/lib/python3.12/site-packages/airflow/example_dags/example_time_delta_sensor_async.py for tasks to queue
[2024-09-18T12:00:49.049+0100] {logging_mixin.py:190} INFO - [2024-09-18T12:00:49.049+0100] {dagbag.py:587} INFO - Filling up the DagBag from /Users/ds2718/Documents/test_python_airflow/airflow/py_venv/lib/python3.12/site-packages/airflow/example_dags/example_time_delta_sensor_async.py
[2024-09-18T12:00:49.054+0100] {processor.py:925} INFO - DAG(s) 'example_time_delta_sensor_async' retrieved from /Users/ds2718/Documents/test_python_airflow/airflow/py_venv/lib/python3.12/site-packages/airflow/example_dags/example_time_delta_sensor_async.py
[2024-09-18T12:00:49.298+0100] {logging_mixin.py:190} INFO - [2024-09-18T12:00:49.298+0100] {dag.py:3229} INFO - Sync 1 DAGs
[2024-09-18T12:00:49.305+0100] {logging_mixin.py:190} INFO - [2024-09-18T12:00:49.305+0100] {dag.py:4156} INFO - Setting next_dagrun for example_time_delta_sensor_async to None, run_after=None
[2024-09-18T12:00:49.315+0100] {processor.py:208} INFO - Processing /Users/ds2718/Documents/test_python_airflow/airflow/py_venv/lib/python3.12/site-packages/airflow/example_dags/example_time_delta_sensor_async.py took 0.269 seconds
[2024-09-18T12:01:31.443+0100] {processor.py:186} INFO - Started process (PID=11811) to work on /Users/ds2718/Documents/test_python_airflow/airflow/py_venv/lib/python3.12/site-packages/airflow/example_dags/example_time_delta_sensor_async.py
[2024-09-18T12:01:31.444+0100] {processor.py:914} INFO - Processing file /Users/ds2718/Documents/test_python_airflow/airflow/py_venv/lib/python3.12/site-packages/airflow/example_dags/example_time_delta_sensor_async.py for tasks to queue
[2024-09-18T12:01:31.444+0100] {logging_mixin.py:190} INFO - [2024-09-18T12:01:31.444+0100] {dagbag.py:587} INFO - Filling up the DagBag from /Users/ds2718/Documents/test_python_airflow/airflow/py_venv/lib/python3.12/site-packages/airflow/example_dags/example_time_delta_sensor_async.py
[2024-09-18T12:01:31.457+0100] {processor.py:925} INFO - DAG(s) 'example_time_delta_sensor_async' retrieved from /Users/ds2718/Documents/test_python_airflow/airflow/py_venv/lib/python3.12/site-packages/airflow/example_dags/example_time_delta_sensor_async.py
[2024-09-18T12:01:31.758+0100] {logging_mixin.py:190} INFO - [2024-09-18T12:01:31.758+0100] {dag.py:3229} INFO - Sync 1 DAGs
[2024-09-18T12:01:31.763+0100] {logging_mixin.py:190} INFO - [2024-09-18T12:01:31.763+0100] {dag.py:4156} INFO - Setting next_dagrun for example_time_delta_sensor_async to None, run_after=None
[2024-09-18T12:01:31.775+0100] {processor.py:208} INFO - Processing /Users/ds2718/Documents/test_python_airflow/airflow/py_venv/lib/python3.12/site-packages/airflow/example_dags/example_time_delta_sensor_async.py took 0.337 seconds
[2024-09-18T12:06:28.760+0100] {processor.py:186} INFO - Started process (PID=11992) to work on /Users/ds2718/Documents/test_python_airflow/airflow/py_venv/lib/python3.12/site-packages/airflow/example_dags/example_time_delta_sensor_async.py
[2024-09-18T12:06:28.761+0100] {processor.py:914} INFO - Processing file /Users/ds2718/Documents/test_python_airflow/airflow/py_venv/lib/python3.12/site-packages/airflow/example_dags/example_time_delta_sensor_async.py for tasks to queue
[2024-09-18T12:06:28.761+0100] {logging_mixin.py:190} INFO - [2024-09-18T12:06:28.761+0100] {dagbag.py:587} INFO - Filling up the DagBag from /Users/ds2718/Documents/test_python_airflow/airflow/py_venv/lib/python3.12/site-packages/airflow/example_dags/example_time_delta_sensor_async.py
[2024-09-18T12:06:28.766+0100] {processor.py:925} INFO - DAG(s) 'example_time_delta_sensor_async' retrieved from /Users/ds2718/Documents/test_python_airflow/airflow/py_venv/lib/python3.12/site-packages/airflow/example_dags/example_time_delta_sensor_async.py
[2024-09-18T12:06:29.032+0100] {logging_mixin.py:190} INFO - [2024-09-18T12:06:29.032+0100] {dag.py:3229} INFO - Sync 1 DAGs
[2024-09-18T12:06:29.038+0100] {logging_mixin.py:190} INFO - [2024-09-18T12:06:29.038+0100] {dag.py:4156} INFO - Setting next_dagrun for example_time_delta_sensor_async to None, run_after=None
[2024-09-18T12:06:29.047+0100] {processor.py:208} INFO - Processing /Users/ds2718/Documents/test_python_airflow/airflow/py_venv/lib/python3.12/site-packages/airflow/example_dags/example_time_delta_sensor_async.py took 0.291 seconds
[2024-09-18T12:07:03.207+0100] {processor.py:186} INFO - Started process (PID=12146) to work on /Users/ds2718/Documents/test_python_airflow/airflow/py_venv/lib/python3.12/site-packages/airflow/example_dags/example_time_delta_sensor_async.py
[2024-09-18T12:07:03.208+0100] {processor.py:914} INFO - Processing file /Users/ds2718/Documents/test_python_airflow/airflow/py_venv/lib/python3.12/site-packages/airflow/example_dags/example_time_delta_sensor_async.py for tasks to queue
[2024-09-18T12:07:03.209+0100] {logging_mixin.py:190} INFO - [2024-09-18T12:07:03.209+0100] {dagbag.py:587} INFO - Filling up the DagBag from /Users/ds2718/Documents/test_python_airflow/airflow/py_venv/lib/python3.12/site-packages/airflow/example_dags/example_time_delta_sensor_async.py
[2024-09-18T12:07:03.214+0100] {processor.py:925} INFO - DAG(s) 'example_time_delta_sensor_async' retrieved from /Users/ds2718/Documents/test_python_airflow/airflow/py_venv/lib/python3.12/site-packages/airflow/example_dags/example_time_delta_sensor_async.py
[2024-09-18T12:07:03.517+0100] {logging_mixin.py:190} INFO - [2024-09-18T12:07:03.517+0100] {dag.py:3229} INFO - Sync 1 DAGs
[2024-09-18T12:07:03.524+0100] {logging_mixin.py:190} INFO - [2024-09-18T12:07:03.524+0100] {dag.py:4156} INFO - Setting next_dagrun for example_time_delta_sensor_async to None, run_after=None
[2024-09-18T12:07:03.532+0100] {processor.py:208} INFO - Processing /Users/ds2718/Documents/test_python_airflow/airflow/py_venv/lib/python3.12/site-packages/airflow/example_dags/example_time_delta_sensor_async.py took 0.334 seconds
[2024-09-18T12:07:38.238+0100] {processor.py:186} INFO - Started process (PID=12351) to work on /Users/ds2718/Documents/test_python_airflow/airflow/py_venv/lib/python3.12/site-packages/airflow/example_dags/example_time_delta_sensor_async.py
[2024-09-18T12:07:38.240+0100] {processor.py:914} INFO - Processing file /Users/ds2718/Documents/test_python_airflow/airflow/py_venv/lib/python3.12/site-packages/airflow/example_dags/example_time_delta_sensor_async.py for tasks to queue
[2024-09-18T12:07:38.241+0100] {logging_mixin.py:190} INFO - [2024-09-18T12:07:38.241+0100] {dagbag.py:587} INFO - Filling up the DagBag from /Users/ds2718/Documents/test_python_airflow/airflow/py_venv/lib/python3.12/site-packages/airflow/example_dags/example_time_delta_sensor_async.py
[2024-09-18T12:07:38.248+0100] {processor.py:925} INFO - DAG(s) 'example_time_delta_sensor_async' retrieved from /Users/ds2718/Documents/test_python_airflow/airflow/py_venv/lib/python3.12/site-packages/airflow/example_dags/example_time_delta_sensor_async.py
[2024-09-18T12:07:38.583+0100] {logging_mixin.py:190} INFO - [2024-09-18T12:07:38.583+0100] {dag.py:3229} INFO - Sync 1 DAGs
[2024-09-18T12:07:38.588+0100] {logging_mixin.py:190} INFO - [2024-09-18T12:07:38.588+0100] {dag.py:4156} INFO - Setting next_dagrun for example_time_delta_sensor_async to None, run_after=None
[2024-09-18T12:07:38.594+0100] {processor.py:208} INFO - Processing /Users/ds2718/Documents/test_python_airflow/airflow/py_venv/lib/python3.12/site-packages/airflow/example_dags/example_time_delta_sensor_async.py took 0.358 seconds
[2024-09-18T12:08:20.826+0100] {processor.py:186} INFO - Started process (PID=12491) to work on /Users/ds2718/Documents/test_python_airflow/airflow/py_venv/lib/python3.12/site-packages/airflow/example_dags/example_time_delta_sensor_async.py
[2024-09-18T12:08:20.827+0100] {processor.py:914} INFO - Processing file /Users/ds2718/Documents/test_python_airflow/airflow/py_venv/lib/python3.12/site-packages/airflow/example_dags/example_time_delta_sensor_async.py for tasks to queue
[2024-09-18T12:08:20.827+0100] {logging_mixin.py:190} INFO - [2024-09-18T12:08:20.827+0100] {dagbag.py:587} INFO - Filling up the DagBag from /Users/ds2718/Documents/test_python_airflow/airflow/py_venv/lib/python3.12/site-packages/airflow/example_dags/example_time_delta_sensor_async.py
[2024-09-18T12:08:20.831+0100] {processor.py:925} INFO - DAG(s) 'example_time_delta_sensor_async' retrieved from /Users/ds2718/Documents/test_python_airflow/airflow/py_venv/lib/python3.12/site-packages/airflow/example_dags/example_time_delta_sensor_async.py
[2024-09-18T12:08:21.097+0100] {logging_mixin.py:190} INFO - [2024-09-18T12:08:21.097+0100] {dag.py:3229} INFO - Sync 1 DAGs
[2024-09-18T12:08:21.105+0100] {logging_mixin.py:190} INFO - [2024-09-18T12:08:21.104+0100] {dag.py:4156} INFO - Setting next_dagrun for example_time_delta_sensor_async to None, run_after=None
[2024-09-18T12:08:21.114+0100] {processor.py:208} INFO - Processing /Users/ds2718/Documents/test_python_airflow/airflow/py_venv/lib/python3.12/site-packages/airflow/example_dags/example_time_delta_sensor_async.py took 0.289 seconds
[2024-09-18T12:08:54.365+0100] {processor.py:186} INFO - Started process (PID=12690) to work on /Users/ds2718/Documents/test_python_airflow/airflow/py_venv/lib/python3.12/site-packages/airflow/example_dags/example_time_delta_sensor_async.py
[2024-09-18T12:08:54.366+0100] {processor.py:914} INFO - Processing file /Users/ds2718/Documents/test_python_airflow/airflow/py_venv/lib/python3.12/site-packages/airflow/example_dags/example_time_delta_sensor_async.py for tasks to queue
[2024-09-18T12:08:54.366+0100] {logging_mixin.py:190} INFO - [2024-09-18T12:08:54.366+0100] {dagbag.py:587} INFO - Filling up the DagBag from /Users/ds2718/Documents/test_python_airflow/airflow/py_venv/lib/python3.12/site-packages/airflow/example_dags/example_time_delta_sensor_async.py
[2024-09-18T12:08:54.375+0100] {processor.py:925} INFO - DAG(s) 'example_time_delta_sensor_async' retrieved from /Users/ds2718/Documents/test_python_airflow/airflow/py_venv/lib/python3.12/site-packages/airflow/example_dags/example_time_delta_sensor_async.py
[2024-09-18T12:08:54.653+0100] {logging_mixin.py:190} INFO - [2024-09-18T12:08:54.653+0100] {dag.py:3229} INFO - Sync 1 DAGs
[2024-09-18T12:08:54.661+0100] {logging_mixin.py:190} INFO - [2024-09-18T12:08:54.661+0100] {dag.py:4156} INFO - Setting next_dagrun for example_time_delta_sensor_async to None, run_after=None
[2024-09-18T12:08:54.671+0100] {processor.py:208} INFO - Processing /Users/ds2718/Documents/test_python_airflow/airflow/py_venv/lib/python3.12/site-packages/airflow/example_dags/example_time_delta_sensor_async.py took 0.313 seconds
[2024-09-18T12:09:29.374+0100] {processor.py:186} INFO - Started process (PID=12846) to work on /Users/ds2718/Documents/test_python_airflow/airflow/py_venv/lib/python3.12/site-packages/airflow/example_dags/example_time_delta_sensor_async.py
[2024-09-18T12:09:29.376+0100] {processor.py:914} INFO - Processing file /Users/ds2718/Documents/test_python_airflow/airflow/py_venv/lib/python3.12/site-packages/airflow/example_dags/example_time_delta_sensor_async.py for tasks to queue
[2024-09-18T12:09:29.378+0100] {logging_mixin.py:190} INFO - [2024-09-18T12:09:29.378+0100] {dagbag.py:587} INFO - Filling up the DagBag from /Users/ds2718/Documents/test_python_airflow/airflow/py_venv/lib/python3.12/site-packages/airflow/example_dags/example_time_delta_sensor_async.py
[2024-09-18T12:09:29.385+0100] {processor.py:925} INFO - DAG(s) 'example_time_delta_sensor_async' retrieved from /Users/ds2718/Documents/test_python_airflow/airflow/py_venv/lib/python3.12/site-packages/airflow/example_dags/example_time_delta_sensor_async.py
[2024-09-18T12:09:29.689+0100] {logging_mixin.py:190} INFO - [2024-09-18T12:09:29.689+0100] {dag.py:3229} INFO - Sync 1 DAGs
[2024-09-18T12:09:29.695+0100] {logging_mixin.py:190} INFO - [2024-09-18T12:09:29.695+0100] {dag.py:4156} INFO - Setting next_dagrun for example_time_delta_sensor_async to None, run_after=None
[2024-09-18T12:09:29.703+0100] {processor.py:208} INFO - Processing /Users/ds2718/Documents/test_python_airflow/airflow/py_venv/lib/python3.12/site-packages/airflow/example_dags/example_time_delta_sensor_async.py took 0.337 seconds
[2024-09-18T12:10:02.860+0100] {processor.py:186} INFO - Started process (PID=13043) to work on /Users/ds2718/Documents/test_python_airflow/airflow/py_venv/lib/python3.12/site-packages/airflow/example_dags/example_time_delta_sensor_async.py
[2024-09-18T12:10:02.861+0100] {processor.py:914} INFO - Processing file /Users/ds2718/Documents/test_python_airflow/airflow/py_venv/lib/python3.12/site-packages/airflow/example_dags/example_time_delta_sensor_async.py for tasks to queue
[2024-09-18T12:10:02.861+0100] {logging_mixin.py:190} INFO - [2024-09-18T12:10:02.861+0100] {dagbag.py:587} INFO - Filling up the DagBag from /Users/ds2718/Documents/test_python_airflow/airflow/py_venv/lib/python3.12/site-packages/airflow/example_dags/example_time_delta_sensor_async.py
[2024-09-18T12:10:02.867+0100] {processor.py:925} INFO - DAG(s) 'example_time_delta_sensor_async' retrieved from /Users/ds2718/Documents/test_python_airflow/airflow/py_venv/lib/python3.12/site-packages/airflow/example_dags/example_time_delta_sensor_async.py
[2024-09-18T12:10:03.129+0100] {logging_mixin.py:190} INFO - [2024-09-18T12:10:03.129+0100] {dag.py:3229} INFO - Sync 1 DAGs
[2024-09-18T12:10:03.134+0100] {logging_mixin.py:190} INFO - [2024-09-18T12:10:03.134+0100] {dag.py:4156} INFO - Setting next_dagrun for example_time_delta_sensor_async to None, run_after=None
[2024-09-18T12:10:03.142+0100] {processor.py:208} INFO - Processing /Users/ds2718/Documents/test_python_airflow/airflow/py_venv/lib/python3.12/site-packages/airflow/example_dags/example_time_delta_sensor_async.py took 0.287 seconds
[2024-09-18T12:10:36.536+0100] {processor.py:186} INFO - Started process (PID=13183) to work on /Users/ds2718/Documents/test_python_airflow/airflow/py_venv/lib/python3.12/site-packages/airflow/example_dags/example_time_delta_sensor_async.py
[2024-09-18T12:10:36.537+0100] {processor.py:914} INFO - Processing file /Users/ds2718/Documents/test_python_airflow/airflow/py_venv/lib/python3.12/site-packages/airflow/example_dags/example_time_delta_sensor_async.py for tasks to queue
[2024-09-18T12:10:36.537+0100] {logging_mixin.py:190} INFO - [2024-09-18T12:10:36.537+0100] {dagbag.py:587} INFO - Filling up the DagBag from /Users/ds2718/Documents/test_python_airflow/airflow/py_venv/lib/python3.12/site-packages/airflow/example_dags/example_time_delta_sensor_async.py
[2024-09-18T12:10:36.542+0100] {processor.py:925} INFO - DAG(s) 'example_time_delta_sensor_async' retrieved from /Users/ds2718/Documents/test_python_airflow/airflow/py_venv/lib/python3.12/site-packages/airflow/example_dags/example_time_delta_sensor_async.py
[2024-09-18T12:10:36.770+0100] {logging_mixin.py:190} INFO - [2024-09-18T12:10:36.770+0100] {dag.py:3229} INFO - Sync 1 DAGs
[2024-09-18T12:10:36.780+0100] {logging_mixin.py:190} INFO - [2024-09-18T12:10:36.780+0100] {dag.py:4156} INFO - Setting next_dagrun for example_time_delta_sensor_async to None, run_after=None
[2024-09-18T12:10:36.789+0100] {processor.py:208} INFO - Processing /Users/ds2718/Documents/test_python_airflow/airflow/py_venv/lib/python3.12/site-packages/airflow/example_dags/example_time_delta_sensor_async.py took 0.255 seconds
[2024-09-18T12:11:10.251+0100] {processor.py:186} INFO - Started process (PID=13349) to work on /Users/ds2718/Documents/test_python_airflow/airflow/py_venv/lib/python3.12/site-packages/airflow/example_dags/example_time_delta_sensor_async.py
[2024-09-18T12:11:10.251+0100] {processor.py:914} INFO - Processing file /Users/ds2718/Documents/test_python_airflow/airflow/py_venv/lib/python3.12/site-packages/airflow/example_dags/example_time_delta_sensor_async.py for tasks to queue
[2024-09-18T12:11:10.252+0100] {logging_mixin.py:190} INFO - [2024-09-18T12:11:10.252+0100] {dagbag.py:587} INFO - Filling up the DagBag from /Users/ds2718/Documents/test_python_airflow/airflow/py_venv/lib/python3.12/site-packages/airflow/example_dags/example_time_delta_sensor_async.py
[2024-09-18T12:11:10.256+0100] {processor.py:925} INFO - DAG(s) 'example_time_delta_sensor_async' retrieved from /Users/ds2718/Documents/test_python_airflow/airflow/py_venv/lib/python3.12/site-packages/airflow/example_dags/example_time_delta_sensor_async.py
[2024-09-18T12:11:10.527+0100] {logging_mixin.py:190} INFO - [2024-09-18T12:11:10.526+0100] {dag.py:3229} INFO - Sync 1 DAGs
[2024-09-18T12:11:10.533+0100] {logging_mixin.py:190} INFO - [2024-09-18T12:11:10.532+0100] {dag.py:4156} INFO - Setting next_dagrun for example_time_delta_sensor_async to None, run_after=None
[2024-09-18T12:11:10.540+0100] {processor.py:208} INFO - Processing /Users/ds2718/Documents/test_python_airflow/airflow/py_venv/lib/python3.12/site-packages/airflow/example_dags/example_time_delta_sensor_async.py took 0.294 seconds
[2024-09-18T12:11:43.427+0100] {processor.py:186} INFO - Started process (PID=13495) to work on /Users/ds2718/Documents/test_python_airflow/airflow/py_venv/lib/python3.12/site-packages/airflow/example_dags/example_time_delta_sensor_async.py
[2024-09-18T12:11:43.428+0100] {processor.py:914} INFO - Processing file /Users/ds2718/Documents/test_python_airflow/airflow/py_venv/lib/python3.12/site-packages/airflow/example_dags/example_time_delta_sensor_async.py for tasks to queue
[2024-09-18T12:11:43.428+0100] {logging_mixin.py:190} INFO - [2024-09-18T12:11:43.428+0100] {dagbag.py:587} INFO - Filling up the DagBag from /Users/ds2718/Documents/test_python_airflow/airflow/py_venv/lib/python3.12/site-packages/airflow/example_dags/example_time_delta_sensor_async.py
[2024-09-18T12:11:43.434+0100] {processor.py:925} INFO - DAG(s) 'example_time_delta_sensor_async' retrieved from /Users/ds2718/Documents/test_python_airflow/airflow/py_venv/lib/python3.12/site-packages/airflow/example_dags/example_time_delta_sensor_async.py
[2024-09-18T12:11:43.725+0100] {logging_mixin.py:190} INFO - [2024-09-18T12:11:43.725+0100] {dag.py:3229} INFO - Sync 1 DAGs
[2024-09-18T12:11:43.731+0100] {logging_mixin.py:190} INFO - [2024-09-18T12:11:43.731+0100] {dag.py:4156} INFO - Setting next_dagrun for example_time_delta_sensor_async to None, run_after=None
[2024-09-18T12:11:43.740+0100] {processor.py:208} INFO - Processing /Users/ds2718/Documents/test_python_airflow/airflow/py_venv/lib/python3.12/site-packages/airflow/example_dags/example_time_delta_sensor_async.py took 0.322 seconds
[2024-09-18T12:12:17.496+0100] {processor.py:186} INFO - Started process (PID=13654) to work on /Users/ds2718/Documents/test_python_airflow/airflow/py_venv/lib/python3.12/site-packages/airflow/example_dags/example_time_delta_sensor_async.py
[2024-09-18T12:12:17.496+0100] {processor.py:914} INFO - Processing file /Users/ds2718/Documents/test_python_airflow/airflow/py_venv/lib/python3.12/site-packages/airflow/example_dags/example_time_delta_sensor_async.py for tasks to queue
[2024-09-18T12:12:17.497+0100] {logging_mixin.py:190} INFO - [2024-09-18T12:12:17.497+0100] {dagbag.py:587} INFO - Filling up the DagBag from /Users/ds2718/Documents/test_python_airflow/airflow/py_venv/lib/python3.12/site-packages/airflow/example_dags/example_time_delta_sensor_async.py
[2024-09-18T12:12:17.501+0100] {processor.py:925} INFO - DAG(s) 'example_time_delta_sensor_async' retrieved from /Users/ds2718/Documents/test_python_airflow/airflow/py_venv/lib/python3.12/site-packages/airflow/example_dags/example_time_delta_sensor_async.py
[2024-09-18T12:12:17.767+0100] {logging_mixin.py:190} INFO - [2024-09-18T12:12:17.767+0100] {dag.py:3229} INFO - Sync 1 DAGs
[2024-09-18T12:12:17.773+0100] {logging_mixin.py:190} INFO - [2024-09-18T12:12:17.773+0100] {dag.py:4156} INFO - Setting next_dagrun for example_time_delta_sensor_async to None, run_after=None
[2024-09-18T12:12:17.785+0100] {processor.py:208} INFO - Processing /Users/ds2718/Documents/test_python_airflow/airflow/py_venv/lib/python3.12/site-packages/airflow/example_dags/example_time_delta_sensor_async.py took 0.291 seconds
[2024-09-18T12:12:52.047+0100] {processor.py:186} INFO - Started process (PID=13821) to work on /Users/ds2718/Documents/test_python_airflow/airflow/py_venv/lib/python3.12/site-packages/airflow/example_dags/example_time_delta_sensor_async.py
[2024-09-18T12:12:52.047+0100] {processor.py:914} INFO - Processing file /Users/ds2718/Documents/test_python_airflow/airflow/py_venv/lib/python3.12/site-packages/airflow/example_dags/example_time_delta_sensor_async.py for tasks to queue
[2024-09-18T12:12:52.048+0100] {logging_mixin.py:190} INFO - [2024-09-18T12:12:52.048+0100] {dagbag.py:587} INFO - Filling up the DagBag from /Users/ds2718/Documents/test_python_airflow/airflow/py_venv/lib/python3.12/site-packages/airflow/example_dags/example_time_delta_sensor_async.py
[2024-09-18T12:12:52.053+0100] {processor.py:925} INFO - DAG(s) 'example_time_delta_sensor_async' retrieved from /Users/ds2718/Documents/test_python_airflow/airflow/py_venv/lib/python3.12/site-packages/airflow/example_dags/example_time_delta_sensor_async.py
[2024-09-18T12:12:52.406+0100] {logging_mixin.py:190} INFO - [2024-09-18T12:12:52.406+0100] {dag.py:3229} INFO - Sync 1 DAGs
[2024-09-18T12:12:52.412+0100] {logging_mixin.py:190} INFO - [2024-09-18T12:12:52.412+0100] {dag.py:4156} INFO - Setting next_dagrun for example_time_delta_sensor_async to None, run_after=None
[2024-09-18T12:12:52.420+0100] {processor.py:208} INFO - Processing /Users/ds2718/Documents/test_python_airflow/airflow/py_venv/lib/python3.12/site-packages/airflow/example_dags/example_time_delta_sensor_async.py took 0.380 seconds
[2024-09-18T12:13:28.799+0100] {processor.py:186} INFO - Started process (PID=14002) to work on /Users/ds2718/Documents/test_python_airflow/airflow/py_venv/lib/python3.12/site-packages/airflow/example_dags/example_time_delta_sensor_async.py
[2024-09-18T12:13:28.800+0100] {processor.py:914} INFO - Processing file /Users/ds2718/Documents/test_python_airflow/airflow/py_venv/lib/python3.12/site-packages/airflow/example_dags/example_time_delta_sensor_async.py for tasks to queue
[2024-09-18T12:13:28.801+0100] {logging_mixin.py:190} INFO - [2024-09-18T12:13:28.801+0100] {dagbag.py:587} INFO - Filling up the DagBag from /Users/ds2718/Documents/test_python_airflow/airflow/py_venv/lib/python3.12/site-packages/airflow/example_dags/example_time_delta_sensor_async.py
[2024-09-18T12:13:28.807+0100] {processor.py:925} INFO - DAG(s) 'example_time_delta_sensor_async' retrieved from /Users/ds2718/Documents/test_python_airflow/airflow/py_venv/lib/python3.12/site-packages/airflow/example_dags/example_time_delta_sensor_async.py
[2024-09-18T12:13:29.099+0100] {logging_mixin.py:190} INFO - [2024-09-18T12:13:29.099+0100] {dag.py:3229} INFO - Sync 1 DAGs
[2024-09-18T12:13:29.105+0100] {logging_mixin.py:190} INFO - [2024-09-18T12:13:29.105+0100] {dag.py:4156} INFO - Setting next_dagrun for example_time_delta_sensor_async to None, run_after=None
[2024-09-18T12:13:29.118+0100] {processor.py:208} INFO - Processing /Users/ds2718/Documents/test_python_airflow/airflow/py_venv/lib/python3.12/site-packages/airflow/example_dags/example_time_delta_sensor_async.py took 0.321 seconds
[2024-09-18T12:14:03.174+0100] {processor.py:186} INFO - Started process (PID=14188) to work on /Users/ds2718/Documents/test_python_airflow/airflow/py_venv/lib/python3.12/site-packages/airflow/example_dags/example_time_delta_sensor_async.py
[2024-09-18T12:14:03.174+0100] {processor.py:914} INFO - Processing file /Users/ds2718/Documents/test_python_airflow/airflow/py_venv/lib/python3.12/site-packages/airflow/example_dags/example_time_delta_sensor_async.py for tasks to queue
[2024-09-18T12:14:03.175+0100] {logging_mixin.py:190} INFO - [2024-09-18T12:14:03.175+0100] {dagbag.py:587} INFO - Filling up the DagBag from /Users/ds2718/Documents/test_python_airflow/airflow/py_venv/lib/python3.12/site-packages/airflow/example_dags/example_time_delta_sensor_async.py
[2024-09-18T12:14:03.180+0100] {processor.py:925} INFO - DAG(s) 'example_time_delta_sensor_async' retrieved from /Users/ds2718/Documents/test_python_airflow/airflow/py_venv/lib/python3.12/site-packages/airflow/example_dags/example_time_delta_sensor_async.py
[2024-09-18T12:14:03.478+0100] {logging_mixin.py:190} INFO - [2024-09-18T12:14:03.478+0100] {dag.py:3229} INFO - Sync 1 DAGs
[2024-09-18T12:14:03.489+0100] {logging_mixin.py:190} INFO - [2024-09-18T12:14:03.489+0100] {dag.py:4156} INFO - Setting next_dagrun for example_time_delta_sensor_async to None, run_after=None
[2024-09-18T12:14:03.501+0100] {processor.py:208} INFO - Processing /Users/ds2718/Documents/test_python_airflow/airflow/py_venv/lib/python3.12/site-packages/airflow/example_dags/example_time_delta_sensor_async.py took 0.332 seconds
