[2024-09-18T11:54:19.418+0100] {processor.py:186} INFO - Started process (PID=9509) to work on /Users/ds2718/Documents/test_python_airflow/airflow/py_venv/lib/python3.12/site-packages/airflow/example_dags/example_display_name.py
[2024-09-18T11:54:19.418+0100] {processor.py:914} INFO - Processing file /Users/ds2718/Documents/test_python_airflow/airflow/py_venv/lib/python3.12/site-packages/airflow/example_dags/example_display_name.py for tasks to queue
[2024-09-18T11:54:19.419+0100] {logging_mixin.py:190} INFO - [2024-09-18T11:54:19.419+0100] {dagbag.py:587} INFO - Filling up the DagBag from /Users/ds2718/Documents/test_python_airflow/airflow/py_venv/lib/python3.12/site-packages/airflow/example_dags/example_display_name.py
[2024-09-18T11:54:19.439+0100] {processor.py:925} INFO - DAG(s) 'example_display_name' retrieved from /Users/ds2718/Documents/test_python_airflow/airflow/py_venv/lib/python3.12/site-packages/airflow/example_dags/example_display_name.py
[2024-09-18T11:54:19.625+0100] {logging_mixin.py:190} INFO - [2024-09-18T11:54:19.624+0100] {override.py:1900} INFO - Created Permission View: can delete on DAG:example_display_name
[2024-09-18T11:54:19.628+0100] {logging_mixin.py:190} INFO - [2024-09-18T11:54:19.628+0100] {override.py:1900} INFO - Created Permission View: can edit on DAG:example_display_name
[2024-09-18T11:54:19.631+0100] {logging_mixin.py:190} INFO - [2024-09-18T11:54:19.631+0100] {override.py:1900} INFO - Created Permission View: can read on DAG:example_display_name
[2024-09-18T11:54:19.634+0100] {logging_mixin.py:190} INFO - [2024-09-18T11:54:19.634+0100] {override.py:1900} INFO - Created Permission View: menu access on DAG Run:example_display_name
[2024-09-18T11:54:19.636+0100] {logging_mixin.py:190} INFO - [2024-09-18T11:54:19.636+0100] {override.py:1900} INFO - Created Permission View: can delete on DAG Run:example_display_name
[2024-09-18T11:54:19.638+0100] {logging_mixin.py:190} INFO - [2024-09-18T11:54:19.638+0100] {override.py:1900} INFO - Created Permission View: can read on DAG Run:example_display_name
[2024-09-18T11:54:19.640+0100] {logging_mixin.py:190} INFO - [2024-09-18T11:54:19.640+0100] {override.py:1900} INFO - Created Permission View: can create on DAG Run:example_display_name
[2024-09-18T11:54:19.640+0100] {logging_mixin.py:190} INFO - [2024-09-18T11:54:19.640+0100] {dag.py:3229} INFO - Sync 1 DAGs
[2024-09-18T11:54:19.645+0100] {logging_mixin.py:190} INFO - [2024-09-18T11:54:19.645+0100] {dag.py:3252} INFO - Creating ORM DAG for example_display_name
[2024-09-18T11:54:19.645+0100] {logging_mixin.py:190} INFO - [2024-09-18T11:54:19.645+0100] {dag.py:4156} INFO - Setting next_dagrun for example_display_name to None, run_after=None
[2024-09-18T11:54:19.651+0100] {processor.py:208} INFO - Processing /Users/ds2718/Documents/test_python_airflow/airflow/py_venv/lib/python3.12/site-packages/airflow/example_dags/example_display_name.py took 0.241 seconds
[2024-09-18T11:54:54.576+0100] {processor.py:186} INFO - Started process (PID=9715) to work on /Users/ds2718/Documents/test_python_airflow/airflow/py_venv/lib/python3.12/site-packages/airflow/example_dags/example_display_name.py
[2024-09-18T11:54:54.577+0100] {processor.py:914} INFO - Processing file /Users/ds2718/Documents/test_python_airflow/airflow/py_venv/lib/python3.12/site-packages/airflow/example_dags/example_display_name.py for tasks to queue
[2024-09-18T11:54:54.577+0100] {logging_mixin.py:190} INFO - [2024-09-18T11:54:54.577+0100] {dagbag.py:587} INFO - Filling up the DagBag from /Users/ds2718/Documents/test_python_airflow/airflow/py_venv/lib/python3.12/site-packages/airflow/example_dags/example_display_name.py
[2024-09-18T11:54:54.603+0100] {processor.py:925} INFO - DAG(s) 'example_display_name' retrieved from /Users/ds2718/Documents/test_python_airflow/airflow/py_venv/lib/python3.12/site-packages/airflow/example_dags/example_display_name.py
[2024-09-18T11:54:54.641+0100] {logging_mixin.py:190} INFO - [2024-09-18T11:54:54.640+0100] {dag.py:3229} INFO - Sync 1 DAGs
[2024-09-18T11:54:54.646+0100] {logging_mixin.py:190} INFO - [2024-09-18T11:54:54.646+0100] {dag.py:4156} INFO - Setting next_dagrun for example_display_name to None, run_after=None
[2024-09-18T11:54:54.684+0100] {processor.py:208} INFO - Processing /Users/ds2718/Documents/test_python_airflow/airflow/py_venv/lib/python3.12/site-packages/airflow/example_dags/example_display_name.py took 0.112 seconds
[2024-09-18T11:55:28.819+0100] {processor.py:186} INFO - Started process (PID=9889) to work on /Users/ds2718/Documents/test_python_airflow/airflow/py_venv/lib/python3.12/site-packages/airflow/example_dags/example_display_name.py
[2024-09-18T11:55:28.820+0100] {processor.py:914} INFO - Processing file /Users/ds2718/Documents/test_python_airflow/airflow/py_venv/lib/python3.12/site-packages/airflow/example_dags/example_display_name.py for tasks to queue
[2024-09-18T11:55:28.820+0100] {logging_mixin.py:190} INFO - [2024-09-18T11:55:28.820+0100] {dagbag.py:587} INFO - Filling up the DagBag from /Users/ds2718/Documents/test_python_airflow/airflow/py_venv/lib/python3.12/site-packages/airflow/example_dags/example_display_name.py
[2024-09-18T11:55:28.835+0100] {processor.py:925} INFO - DAG(s) 'example_display_name' retrieved from /Users/ds2718/Documents/test_python_airflow/airflow/py_venv/lib/python3.12/site-packages/airflow/example_dags/example_display_name.py
[2024-09-18T11:55:28.876+0100] {logging_mixin.py:190} INFO - [2024-09-18T11:55:28.876+0100] {dag.py:3229} INFO - Sync 1 DAGs
[2024-09-18T11:55:28.883+0100] {logging_mixin.py:190} INFO - [2024-09-18T11:55:28.883+0100] {dag.py:4156} INFO - Setting next_dagrun for example_display_name to None, run_after=None
[2024-09-18T11:55:28.915+0100] {processor.py:208} INFO - Processing /Users/ds2718/Documents/test_python_airflow/airflow/py_venv/lib/python3.12/site-packages/airflow/example_dags/example_display_name.py took 0.098 seconds
[2024-09-18T11:56:01.895+0100] {processor.py:186} INFO - Started process (PID=10066) to work on /Users/ds2718/Documents/test_python_airflow/airflow/py_venv/lib/python3.12/site-packages/airflow/example_dags/example_display_name.py
[2024-09-18T11:56:01.896+0100] {processor.py:914} INFO - Processing file /Users/ds2718/Documents/test_python_airflow/airflow/py_venv/lib/python3.12/site-packages/airflow/example_dags/example_display_name.py for tasks to queue
[2024-09-18T11:56:01.896+0100] {logging_mixin.py:190} INFO - [2024-09-18T11:56:01.896+0100] {dagbag.py:587} INFO - Filling up the DagBag from /Users/ds2718/Documents/test_python_airflow/airflow/py_venv/lib/python3.12/site-packages/airflow/example_dags/example_display_name.py
[2024-09-18T11:56:01.909+0100] {processor.py:925} INFO - DAG(s) 'example_display_name' retrieved from /Users/ds2718/Documents/test_python_airflow/airflow/py_venv/lib/python3.12/site-packages/airflow/example_dags/example_display_name.py
[2024-09-18T11:56:01.948+0100] {logging_mixin.py:190} INFO - [2024-09-18T11:56:01.948+0100] {dag.py:3229} INFO - Sync 1 DAGs
[2024-09-18T11:56:01.956+0100] {logging_mixin.py:190} INFO - [2024-09-18T11:56:01.956+0100] {dag.py:4156} INFO - Setting next_dagrun for example_display_name to None, run_after=None
[2024-09-18T11:56:01.995+0100] {processor.py:208} INFO - Processing /Users/ds2718/Documents/test_python_airflow/airflow/py_venv/lib/python3.12/site-packages/airflow/example_dags/example_display_name.py took 0.106 seconds
[2024-09-18T11:56:35.189+0100] {processor.py:186} INFO - Started process (PID=10208) to work on /Users/ds2718/Documents/test_python_airflow/airflow/py_venv/lib/python3.12/site-packages/airflow/example_dags/example_display_name.py
[2024-09-18T11:56:35.189+0100] {processor.py:914} INFO - Processing file /Users/ds2718/Documents/test_python_airflow/airflow/py_venv/lib/python3.12/site-packages/airflow/example_dags/example_display_name.py for tasks to queue
[2024-09-18T11:56:35.190+0100] {logging_mixin.py:190} INFO - [2024-09-18T11:56:35.190+0100] {dagbag.py:587} INFO - Filling up the DagBag from /Users/ds2718/Documents/test_python_airflow/airflow/py_venv/lib/python3.12/site-packages/airflow/example_dags/example_display_name.py
[2024-09-18T11:56:35.207+0100] {processor.py:925} INFO - DAG(s) 'example_display_name' retrieved from /Users/ds2718/Documents/test_python_airflow/airflow/py_venv/lib/python3.12/site-packages/airflow/example_dags/example_display_name.py
[2024-09-18T11:56:35.247+0100] {logging_mixin.py:190} INFO - [2024-09-18T11:56:35.247+0100] {dag.py:3229} INFO - Sync 1 DAGs
[2024-09-18T11:56:35.255+0100] {logging_mixin.py:190} INFO - [2024-09-18T11:56:35.255+0100] {dag.py:4156} INFO - Setting next_dagrun for example_display_name to None, run_after=None
[2024-09-18T11:56:35.295+0100] {processor.py:208} INFO - Processing /Users/ds2718/Documents/test_python_airflow/airflow/py_venv/lib/python3.12/site-packages/airflow/example_dags/example_display_name.py took 0.111 seconds
[2024-09-18T11:57:07.568+0100] {processor.py:186} INFO - Started process (PID=10369) to work on /Users/ds2718/Documents/test_python_airflow/airflow/py_venv/lib/python3.12/site-packages/airflow/example_dags/example_display_name.py
[2024-09-18T11:57:07.569+0100] {processor.py:914} INFO - Processing file /Users/ds2718/Documents/test_python_airflow/airflow/py_venv/lib/python3.12/site-packages/airflow/example_dags/example_display_name.py for tasks to queue
[2024-09-18T11:57:07.569+0100] {logging_mixin.py:190} INFO - [2024-09-18T11:57:07.569+0100] {dagbag.py:587} INFO - Filling up the DagBag from /Users/ds2718/Documents/test_python_airflow/airflow/py_venv/lib/python3.12/site-packages/airflow/example_dags/example_display_name.py
[2024-09-18T11:57:07.584+0100] {processor.py:925} INFO - DAG(s) 'example_display_name' retrieved from /Users/ds2718/Documents/test_python_airflow/airflow/py_venv/lib/python3.12/site-packages/airflow/example_dags/example_display_name.py
[2024-09-18T11:57:07.635+0100] {logging_mixin.py:190} INFO - [2024-09-18T11:57:07.635+0100] {dag.py:3229} INFO - Sync 1 DAGs
[2024-09-18T11:57:07.641+0100] {logging_mixin.py:190} INFO - [2024-09-18T11:57:07.641+0100] {dag.py:4156} INFO - Setting next_dagrun for example_display_name to None, run_after=None
[2024-09-18T11:57:07.673+0100] {processor.py:208} INFO - Processing /Users/ds2718/Documents/test_python_airflow/airflow/py_venv/lib/python3.12/site-packages/airflow/example_dags/example_display_name.py took 0.107 seconds
[2024-09-18T11:57:41.505+0100] {processor.py:186} INFO - Started process (PID=10542) to work on /Users/ds2718/Documents/test_python_airflow/airflow/py_venv/lib/python3.12/site-packages/airflow/example_dags/example_display_name.py
[2024-09-18T11:57:41.507+0100] {processor.py:914} INFO - Processing file /Users/ds2718/Documents/test_python_airflow/airflow/py_venv/lib/python3.12/site-packages/airflow/example_dags/example_display_name.py for tasks to queue
[2024-09-18T11:57:41.508+0100] {logging_mixin.py:190} INFO - [2024-09-18T11:57:41.508+0100] {dagbag.py:587} INFO - Filling up the DagBag from /Users/ds2718/Documents/test_python_airflow/airflow/py_venv/lib/python3.12/site-packages/airflow/example_dags/example_display_name.py
[2024-09-18T11:57:41.581+0100] {processor.py:925} INFO - DAG(s) 'example_display_name' retrieved from /Users/ds2718/Documents/test_python_airflow/airflow/py_venv/lib/python3.12/site-packages/airflow/example_dags/example_display_name.py
[2024-09-18T11:57:41.624+0100] {logging_mixin.py:190} INFO - [2024-09-18T11:57:41.624+0100] {dag.py:3229} INFO - Sync 1 DAGs
[2024-09-18T11:57:41.633+0100] {logging_mixin.py:190} INFO - [2024-09-18T11:57:41.633+0100] {dag.py:4156} INFO - Setting next_dagrun for example_display_name to None, run_after=None
[2024-09-18T11:57:41.679+0100] {processor.py:208} INFO - Processing /Users/ds2718/Documents/test_python_airflow/airflow/py_venv/lib/python3.12/site-packages/airflow/example_dags/example_display_name.py took 0.181 seconds
[2024-09-18T11:58:15.479+0100] {processor.py:186} INFO - Started process (PID=10757) to work on /Users/ds2718/Documents/test_python_airflow/airflow/py_venv/lib/python3.12/site-packages/airflow/example_dags/example_display_name.py
[2024-09-18T11:58:15.480+0100] {processor.py:914} INFO - Processing file /Users/ds2718/Documents/test_python_airflow/airflow/py_venv/lib/python3.12/site-packages/airflow/example_dags/example_display_name.py for tasks to queue
[2024-09-18T11:58:15.481+0100] {logging_mixin.py:190} INFO - [2024-09-18T11:58:15.480+0100] {dagbag.py:587} INFO - Filling up the DagBag from /Users/ds2718/Documents/test_python_airflow/airflow/py_venv/lib/python3.12/site-packages/airflow/example_dags/example_display_name.py
[2024-09-18T11:58:15.505+0100] {processor.py:925} INFO - DAG(s) 'example_display_name' retrieved from /Users/ds2718/Documents/test_python_airflow/airflow/py_venv/lib/python3.12/site-packages/airflow/example_dags/example_display_name.py
[2024-09-18T11:58:15.546+0100] {logging_mixin.py:190} INFO - [2024-09-18T11:58:15.545+0100] {dag.py:3229} INFO - Sync 1 DAGs
[2024-09-18T11:58:15.552+0100] {logging_mixin.py:190} INFO - [2024-09-18T11:58:15.552+0100] {dag.py:4156} INFO - Setting next_dagrun for example_display_name to None, run_after=None
[2024-09-18T11:58:15.583+0100] {processor.py:208} INFO - Processing /Users/ds2718/Documents/test_python_airflow/airflow/py_venv/lib/python3.12/site-packages/airflow/example_dags/example_display_name.py took 0.109 seconds
[2024-09-18T11:58:52.095+0100] {processor.py:186} INFO - Started process (PID=10948) to work on /Users/ds2718/Documents/test_python_airflow/airflow/py_venv/lib/python3.12/site-packages/airflow/example_dags/example_display_name.py
[2024-09-18T11:58:52.097+0100] {processor.py:914} INFO - Processing file /Users/ds2718/Documents/test_python_airflow/airflow/py_venv/lib/python3.12/site-packages/airflow/example_dags/example_display_name.py for tasks to queue
[2024-09-18T11:58:52.097+0100] {logging_mixin.py:190} INFO - [2024-09-18T11:58:52.097+0100] {dagbag.py:587} INFO - Filling up the DagBag from /Users/ds2718/Documents/test_python_airflow/airflow/py_venv/lib/python3.12/site-packages/airflow/example_dags/example_display_name.py
[2024-09-18T11:58:52.153+0100] {processor.py:925} INFO - DAG(s) 'example_display_name' retrieved from /Users/ds2718/Documents/test_python_airflow/airflow/py_venv/lib/python3.12/site-packages/airflow/example_dags/example_display_name.py
[2024-09-18T11:58:52.693+0100] {logging_mixin.py:190} INFO - [2024-09-18T11:58:52.693+0100] {dag.py:3229} INFO - Sync 1 DAGs
[2024-09-18T11:58:52.701+0100] {logging_mixin.py:190} INFO - [2024-09-18T11:58:52.701+0100] {dag.py:4156} INFO - Setting next_dagrun for example_display_name to None, run_after=None
[2024-09-18T11:58:52.769+0100] {processor.py:208} INFO - Processing /Users/ds2718/Documents/test_python_airflow/airflow/py_venv/lib/python3.12/site-packages/airflow/example_dags/example_display_name.py took 0.679 seconds
[2024-09-18T11:59:25.435+0100] {processor.py:186} INFO - Started process (PID=11133) to work on /Users/ds2718/Documents/test_python_airflow/airflow/py_venv/lib/python3.12/site-packages/airflow/example_dags/example_display_name.py
[2024-09-18T11:59:25.436+0100] {processor.py:914} INFO - Processing file /Users/ds2718/Documents/test_python_airflow/airflow/py_venv/lib/python3.12/site-packages/airflow/example_dags/example_display_name.py for tasks to queue
[2024-09-18T11:59:25.436+0100] {logging_mixin.py:190} INFO - [2024-09-18T11:59:25.436+0100] {dagbag.py:587} INFO - Filling up the DagBag from /Users/ds2718/Documents/test_python_airflow/airflow/py_venv/lib/python3.12/site-packages/airflow/example_dags/example_display_name.py
[2024-09-18T11:59:25.459+0100] {processor.py:925} INFO - DAG(s) 'example_display_name' retrieved from /Users/ds2718/Documents/test_python_airflow/airflow/py_venv/lib/python3.12/site-packages/airflow/example_dags/example_display_name.py
[2024-09-18T11:59:25.511+0100] {logging_mixin.py:190} INFO - [2024-09-18T11:59:25.510+0100] {dag.py:3229} INFO - Sync 1 DAGs
[2024-09-18T11:59:25.518+0100] {logging_mixin.py:190} INFO - [2024-09-18T11:59:25.518+0100] {dag.py:4156} INFO - Setting next_dagrun for example_display_name to None, run_after=None
[2024-09-18T11:59:25.567+0100] {processor.py:208} INFO - Processing /Users/ds2718/Documents/test_python_airflow/airflow/py_venv/lib/python3.12/site-packages/airflow/example_dags/example_display_name.py took 0.138 seconds
[2024-09-18T11:59:59.221+0100] {processor.py:186} INFO - Started process (PID=11343) to work on /Users/ds2718/Documents/test_python_airflow/airflow/py_venv/lib/python3.12/site-packages/airflow/example_dags/example_display_name.py
[2024-09-18T11:59:59.223+0100] {processor.py:914} INFO - Processing file /Users/ds2718/Documents/test_python_airflow/airflow/py_venv/lib/python3.12/site-packages/airflow/example_dags/example_display_name.py for tasks to queue
[2024-09-18T11:59:59.224+0100] {logging_mixin.py:190} INFO - [2024-09-18T11:59:59.224+0100] {dagbag.py:587} INFO - Filling up the DagBag from /Users/ds2718/Documents/test_python_airflow/airflow/py_venv/lib/python3.12/site-packages/airflow/example_dags/example_display_name.py
[2024-09-18T11:59:59.245+0100] {processor.py:925} INFO - DAG(s) 'example_display_name' retrieved from /Users/ds2718/Documents/test_python_airflow/airflow/py_venv/lib/python3.12/site-packages/airflow/example_dags/example_display_name.py
[2024-09-18T11:59:59.303+0100] {logging_mixin.py:190} INFO - [2024-09-18T11:59:59.303+0100] {dag.py:3229} INFO - Sync 1 DAGs
[2024-09-18T11:59:59.311+0100] {logging_mixin.py:190} INFO - [2024-09-18T11:59:59.311+0100] {dag.py:4156} INFO - Setting next_dagrun for example_display_name to None, run_after=None
[2024-09-18T11:59:59.370+0100] {processor.py:208} INFO - Processing /Users/ds2718/Documents/test_python_airflow/airflow/py_venv/lib/python3.12/site-packages/airflow/example_dags/example_display_name.py took 0.151 seconds
[2024-09-18T12:00:32.020+0100] {processor.py:186} INFO - Started process (PID=11518) to work on /Users/ds2718/Documents/test_python_airflow/airflow/py_venv/lib/python3.12/site-packages/airflow/example_dags/example_display_name.py
[2024-09-18T12:00:32.030+0100] {processor.py:914} INFO - Processing file /Users/ds2718/Documents/test_python_airflow/airflow/py_venv/lib/python3.12/site-packages/airflow/example_dags/example_display_name.py for tasks to queue
[2024-09-18T12:00:32.030+0100] {logging_mixin.py:190} INFO - [2024-09-18T12:00:32.030+0100] {dagbag.py:587} INFO - Filling up the DagBag from /Users/ds2718/Documents/test_python_airflow/airflow/py_venv/lib/python3.12/site-packages/airflow/example_dags/example_display_name.py
[2024-09-18T12:00:32.051+0100] {processor.py:925} INFO - DAG(s) 'example_display_name' retrieved from /Users/ds2718/Documents/test_python_airflow/airflow/py_venv/lib/python3.12/site-packages/airflow/example_dags/example_display_name.py
[2024-09-18T12:00:32.094+0100] {logging_mixin.py:190} INFO - [2024-09-18T12:00:32.094+0100] {dag.py:3229} INFO - Sync 1 DAGs
[2024-09-18T12:00:32.102+0100] {logging_mixin.py:190} INFO - [2024-09-18T12:00:32.102+0100] {dag.py:4156} INFO - Setting next_dagrun for example_display_name to None, run_after=None
[2024-09-18T12:00:32.156+0100] {processor.py:208} INFO - Processing /Users/ds2718/Documents/test_python_airflow/airflow/py_venv/lib/python3.12/site-packages/airflow/example_dags/example_display_name.py took 0.141 seconds
[2024-09-18T12:01:05.854+0100] {processor.py:186} INFO - Started process (PID=11721) to work on /Users/ds2718/Documents/test_python_airflow/airflow/py_venv/lib/python3.12/site-packages/airflow/example_dags/example_display_name.py
[2024-09-18T12:01:05.854+0100] {processor.py:914} INFO - Processing file /Users/ds2718/Documents/test_python_airflow/airflow/py_venv/lib/python3.12/site-packages/airflow/example_dags/example_display_name.py for tasks to queue
[2024-09-18T12:01:05.855+0100] {logging_mixin.py:190} INFO - [2024-09-18T12:01:05.855+0100] {dagbag.py:587} INFO - Filling up the DagBag from /Users/ds2718/Documents/test_python_airflow/airflow/py_venv/lib/python3.12/site-packages/airflow/example_dags/example_display_name.py
[2024-09-18T12:01:05.873+0100] {processor.py:925} INFO - DAG(s) 'example_display_name' retrieved from /Users/ds2718/Documents/test_python_airflow/airflow/py_venv/lib/python3.12/site-packages/airflow/example_dags/example_display_name.py
[2024-09-18T12:01:05.916+0100] {logging_mixin.py:190} INFO - [2024-09-18T12:01:05.916+0100] {dag.py:3229} INFO - Sync 1 DAGs
[2024-09-18T12:01:05.924+0100] {logging_mixin.py:190} INFO - [2024-09-18T12:01:05.924+0100] {dag.py:4156} INFO - Setting next_dagrun for example_display_name to None, run_after=None
[2024-09-18T12:01:05.959+0100] {processor.py:208} INFO - Processing /Users/ds2718/Documents/test_python_airflow/airflow/py_venv/lib/python3.12/site-packages/airflow/example_dags/example_display_name.py took 0.110 seconds
[2024-09-18T12:06:33.399+0100] {processor.py:186} INFO - Started process (PID=12030) to work on /Users/ds2718/Documents/test_python_airflow/airflow/py_venv/lib/python3.12/site-packages/airflow/example_dags/example_display_name.py
[2024-09-18T12:06:33.400+0100] {processor.py:914} INFO - Processing file /Users/ds2718/Documents/test_python_airflow/airflow/py_venv/lib/python3.12/site-packages/airflow/example_dags/example_display_name.py for tasks to queue
[2024-09-18T12:06:33.400+0100] {logging_mixin.py:190} INFO - [2024-09-18T12:06:33.400+0100] {dagbag.py:587} INFO - Filling up the DagBag from /Users/ds2718/Documents/test_python_airflow/airflow/py_venv/lib/python3.12/site-packages/airflow/example_dags/example_display_name.py
[2024-09-18T12:06:33.426+0100] {processor.py:925} INFO - DAG(s) 'example_display_name' retrieved from /Users/ds2718/Documents/test_python_airflow/airflow/py_venv/lib/python3.12/site-packages/airflow/example_dags/example_display_name.py
[2024-09-18T12:06:33.475+0100] {logging_mixin.py:190} INFO - [2024-09-18T12:06:33.474+0100] {dag.py:3229} INFO - Sync 1 DAGs
[2024-09-18T12:06:33.481+0100] {logging_mixin.py:190} INFO - [2024-09-18T12:06:33.481+0100] {dag.py:4156} INFO - Setting next_dagrun for example_display_name to None, run_after=None
[2024-09-18T12:06:33.519+0100] {processor.py:208} INFO - Processing /Users/ds2718/Documents/test_python_airflow/airflow/py_venv/lib/python3.12/site-packages/airflow/example_dags/example_display_name.py took 0.129 seconds
[2024-09-18T12:07:07.775+0100] {processor.py:186} INFO - Started process (PID=12175) to work on /Users/ds2718/Documents/test_python_airflow/airflow/py_venv/lib/python3.12/site-packages/airflow/example_dags/example_display_name.py
[2024-09-18T12:07:07.775+0100] {processor.py:914} INFO - Processing file /Users/ds2718/Documents/test_python_airflow/airflow/py_venv/lib/python3.12/site-packages/airflow/example_dags/example_display_name.py for tasks to queue
[2024-09-18T12:07:07.776+0100] {logging_mixin.py:190} INFO - [2024-09-18T12:07:07.776+0100] {dagbag.py:587} INFO - Filling up the DagBag from /Users/ds2718/Documents/test_python_airflow/airflow/py_venv/lib/python3.12/site-packages/airflow/example_dags/example_display_name.py
[2024-09-18T12:07:07.794+0100] {processor.py:925} INFO - DAG(s) 'example_display_name' retrieved from /Users/ds2718/Documents/test_python_airflow/airflow/py_venv/lib/python3.12/site-packages/airflow/example_dags/example_display_name.py
[2024-09-18T12:07:07.836+0100] {logging_mixin.py:190} INFO - [2024-09-18T12:07:07.836+0100] {dag.py:3229} INFO - Sync 1 DAGs
[2024-09-18T12:07:07.842+0100] {logging_mixin.py:190} INFO - [2024-09-18T12:07:07.842+0100] {dag.py:4156} INFO - Setting next_dagrun for example_display_name to None, run_after=None
[2024-09-18T12:07:07.889+0100] {processor.py:208} INFO - Processing /Users/ds2718/Documents/test_python_airflow/airflow/py_venv/lib/python3.12/site-packages/airflow/example_dags/example_display_name.py took 0.116 seconds
[2024-09-18T12:07:42.947+0100] {processor.py:186} INFO - Started process (PID=12369) to work on /Users/ds2718/Documents/test_python_airflow/airflow/py_venv/lib/python3.12/site-packages/airflow/example_dags/example_display_name.py
[2024-09-18T12:07:42.950+0100] {processor.py:914} INFO - Processing file /Users/ds2718/Documents/test_python_airflow/airflow/py_venv/lib/python3.12/site-packages/airflow/example_dags/example_display_name.py for tasks to queue
[2024-09-18T12:07:42.951+0100] {logging_mixin.py:190} INFO - [2024-09-18T12:07:42.950+0100] {dagbag.py:587} INFO - Filling up the DagBag from /Users/ds2718/Documents/test_python_airflow/airflow/py_venv/lib/python3.12/site-packages/airflow/example_dags/example_display_name.py
[2024-09-18T12:07:42.969+0100] {processor.py:925} INFO - DAG(s) 'example_display_name' retrieved from /Users/ds2718/Documents/test_python_airflow/airflow/py_venv/lib/python3.12/site-packages/airflow/example_dags/example_display_name.py
[2024-09-18T12:07:43.008+0100] {logging_mixin.py:190} INFO - [2024-09-18T12:07:43.008+0100] {dag.py:3229} INFO - Sync 1 DAGs
[2024-09-18T12:07:43.015+0100] {logging_mixin.py:190} INFO - [2024-09-18T12:07:43.015+0100] {dag.py:4156} INFO - Setting next_dagrun for example_display_name to None, run_after=None
[2024-09-18T12:07:43.047+0100] {processor.py:208} INFO - Processing /Users/ds2718/Documents/test_python_airflow/airflow/py_venv/lib/python3.12/site-packages/airflow/example_dags/example_display_name.py took 0.105 seconds
[2024-09-18T12:08:30.765+0100] {processor.py:186} INFO - Started process (PID=12535) to work on /Users/ds2718/Documents/test_python_airflow/airflow/py_venv/lib/python3.12/site-packages/airflow/example_dags/example_display_name.py
[2024-09-18T12:08:30.766+0100] {processor.py:914} INFO - Processing file /Users/ds2718/Documents/test_python_airflow/airflow/py_venv/lib/python3.12/site-packages/airflow/example_dags/example_display_name.py for tasks to queue
[2024-09-18T12:08:30.766+0100] {logging_mixin.py:190} INFO - [2024-09-18T12:08:30.766+0100] {dagbag.py:587} INFO - Filling up the DagBag from /Users/ds2718/Documents/test_python_airflow/airflow/py_venv/lib/python3.12/site-packages/airflow/example_dags/example_display_name.py
[2024-09-18T12:08:30.782+0100] {processor.py:925} INFO - DAG(s) 'example_display_name' retrieved from /Users/ds2718/Documents/test_python_airflow/airflow/py_venv/lib/python3.12/site-packages/airflow/example_dags/example_display_name.py
[2024-09-18T12:08:30.820+0100] {logging_mixin.py:190} INFO - [2024-09-18T12:08:30.820+0100] {dag.py:3229} INFO - Sync 1 DAGs
[2024-09-18T12:08:30.827+0100] {logging_mixin.py:190} INFO - [2024-09-18T12:08:30.827+0100] {dag.py:4156} INFO - Setting next_dagrun for example_display_name to None, run_after=None
[2024-09-18T12:08:30.859+0100] {processor.py:208} INFO - Processing /Users/ds2718/Documents/test_python_airflow/airflow/py_venv/lib/python3.12/site-packages/airflow/example_dags/example_display_name.py took 0.099 seconds
[2024-09-18T12:09:03.655+0100] {processor.py:186} INFO - Started process (PID=12734) to work on /Users/ds2718/Documents/test_python_airflow/airflow/py_venv/lib/python3.12/site-packages/airflow/example_dags/example_display_name.py
[2024-09-18T12:09:03.657+0100] {processor.py:914} INFO - Processing file /Users/ds2718/Documents/test_python_airflow/airflow/py_venv/lib/python3.12/site-packages/airflow/example_dags/example_display_name.py for tasks to queue
[2024-09-18T12:09:03.657+0100] {logging_mixin.py:190} INFO - [2024-09-18T12:09:03.657+0100] {dagbag.py:587} INFO - Filling up the DagBag from /Users/ds2718/Documents/test_python_airflow/airflow/py_venv/lib/python3.12/site-packages/airflow/example_dags/example_display_name.py
[2024-09-18T12:09:03.681+0100] {processor.py:925} INFO - DAG(s) 'example_display_name' retrieved from /Users/ds2718/Documents/test_python_airflow/airflow/py_venv/lib/python3.12/site-packages/airflow/example_dags/example_display_name.py
[2024-09-18T12:09:03.719+0100] {logging_mixin.py:190} INFO - [2024-09-18T12:09:03.719+0100] {dag.py:3229} INFO - Sync 1 DAGs
[2024-09-18T12:09:03.725+0100] {logging_mixin.py:190} INFO - [2024-09-18T12:09:03.725+0100] {dag.py:4156} INFO - Setting next_dagrun for example_display_name to None, run_after=None
[2024-09-18T12:09:03.778+0100] {processor.py:208} INFO - Processing /Users/ds2718/Documents/test_python_airflow/airflow/py_venv/lib/python3.12/site-packages/airflow/example_dags/example_display_name.py took 0.128 seconds
[2024-09-18T12:09:39.086+0100] {processor.py:186} INFO - Started process (PID=12904) to work on /Users/ds2718/Documents/test_python_airflow/airflow/py_venv/lib/python3.12/site-packages/airflow/example_dags/example_display_name.py
[2024-09-18T12:09:39.087+0100] {processor.py:914} INFO - Processing file /Users/ds2718/Documents/test_python_airflow/airflow/py_venv/lib/python3.12/site-packages/airflow/example_dags/example_display_name.py for tasks to queue
[2024-09-18T12:09:39.087+0100] {logging_mixin.py:190} INFO - [2024-09-18T12:09:39.087+0100] {dagbag.py:587} INFO - Filling up the DagBag from /Users/ds2718/Documents/test_python_airflow/airflow/py_venv/lib/python3.12/site-packages/airflow/example_dags/example_display_name.py
[2024-09-18T12:09:39.119+0100] {processor.py:925} INFO - DAG(s) 'example_display_name' retrieved from /Users/ds2718/Documents/test_python_airflow/airflow/py_venv/lib/python3.12/site-packages/airflow/example_dags/example_display_name.py
[2024-09-18T12:09:39.162+0100] {logging_mixin.py:190} INFO - [2024-09-18T12:09:39.162+0100] {dag.py:3229} INFO - Sync 1 DAGs
[2024-09-18T12:09:39.180+0100] {logging_mixin.py:190} INFO - [2024-09-18T12:09:39.180+0100] {dag.py:4156} INFO - Setting next_dagrun for example_display_name to None, run_after=None
[2024-09-18T12:09:39.221+0100] {processor.py:208} INFO - Processing /Users/ds2718/Documents/test_python_airflow/airflow/py_venv/lib/python3.12/site-packages/airflow/example_dags/example_display_name.py took 0.144 seconds
[2024-09-18T12:10:11.435+0100] {processor.py:186} INFO - Started process (PID=13078) to work on /Users/ds2718/Documents/test_python_airflow/airflow/py_venv/lib/python3.12/site-packages/airflow/example_dags/example_display_name.py
[2024-09-18T12:10:11.436+0100] {processor.py:914} INFO - Processing file /Users/ds2718/Documents/test_python_airflow/airflow/py_venv/lib/python3.12/site-packages/airflow/example_dags/example_display_name.py for tasks to queue
[2024-09-18T12:10:11.436+0100] {logging_mixin.py:190} INFO - [2024-09-18T12:10:11.436+0100] {dagbag.py:587} INFO - Filling up the DagBag from /Users/ds2718/Documents/test_python_airflow/airflow/py_venv/lib/python3.12/site-packages/airflow/example_dags/example_display_name.py
[2024-09-18T12:10:11.454+0100] {processor.py:925} INFO - DAG(s) 'example_display_name' retrieved from /Users/ds2718/Documents/test_python_airflow/airflow/py_venv/lib/python3.12/site-packages/airflow/example_dags/example_display_name.py
[2024-09-18T12:10:11.493+0100] {logging_mixin.py:190} INFO - [2024-09-18T12:10:11.492+0100] {dag.py:3229} INFO - Sync 1 DAGs
[2024-09-18T12:10:11.500+0100] {logging_mixin.py:190} INFO - [2024-09-18T12:10:11.500+0100] {dag.py:4156} INFO - Setting next_dagrun for example_display_name to None, run_after=None
[2024-09-18T12:10:11.537+0100] {processor.py:208} INFO - Processing /Users/ds2718/Documents/test_python_airflow/airflow/py_venv/lib/python3.12/site-packages/airflow/example_dags/example_display_name.py took 0.107 seconds
[2024-09-18T12:10:46.248+0100] {processor.py:186} INFO - Started process (PID=13247) to work on /Users/ds2718/Documents/test_python_airflow/airflow/py_venv/lib/python3.12/site-packages/airflow/example_dags/example_display_name.py
[2024-09-18T12:10:46.249+0100] {processor.py:914} INFO - Processing file /Users/ds2718/Documents/test_python_airflow/airflow/py_venv/lib/python3.12/site-packages/airflow/example_dags/example_display_name.py for tasks to queue
[2024-09-18T12:10:46.249+0100] {logging_mixin.py:190} INFO - [2024-09-18T12:10:46.249+0100] {dagbag.py:587} INFO - Filling up the DagBag from /Users/ds2718/Documents/test_python_airflow/airflow/py_venv/lib/python3.12/site-packages/airflow/example_dags/example_display_name.py
[2024-09-18T12:10:46.271+0100] {processor.py:925} INFO - DAG(s) 'example_display_name' retrieved from /Users/ds2718/Documents/test_python_airflow/airflow/py_venv/lib/python3.12/site-packages/airflow/example_dags/example_display_name.py
[2024-09-18T12:10:46.313+0100] {logging_mixin.py:190} INFO - [2024-09-18T12:10:46.313+0100] {dag.py:3229} INFO - Sync 1 DAGs
[2024-09-18T12:10:46.321+0100] {logging_mixin.py:190} INFO - [2024-09-18T12:10:46.321+0100] {dag.py:4156} INFO - Setting next_dagrun for example_display_name to None, run_after=None
[2024-09-18T12:10:46.368+0100] {processor.py:208} INFO - Processing /Users/ds2718/Documents/test_python_airflow/airflow/py_venv/lib/python3.12/site-packages/airflow/example_dags/example_display_name.py took 0.130 seconds
[2024-09-18T12:11:20.169+0100] {processor.py:186} INFO - Started process (PID=13383) to work on /Users/ds2718/Documents/test_python_airflow/airflow/py_venv/lib/python3.12/site-packages/airflow/example_dags/example_display_name.py
[2024-09-18T12:11:20.170+0100] {processor.py:914} INFO - Processing file /Users/ds2718/Documents/test_python_airflow/airflow/py_venv/lib/python3.12/site-packages/airflow/example_dags/example_display_name.py for tasks to queue
[2024-09-18T12:11:20.171+0100] {logging_mixin.py:190} INFO - [2024-09-18T12:11:20.171+0100] {dagbag.py:587} INFO - Filling up the DagBag from /Users/ds2718/Documents/test_python_airflow/airflow/py_venv/lib/python3.12/site-packages/airflow/example_dags/example_display_name.py
[2024-09-18T12:11:20.190+0100] {processor.py:925} INFO - DAG(s) 'example_display_name' retrieved from /Users/ds2718/Documents/test_python_airflow/airflow/py_venv/lib/python3.12/site-packages/airflow/example_dags/example_display_name.py
[2024-09-18T12:11:20.243+0100] {logging_mixin.py:190} INFO - [2024-09-18T12:11:20.243+0100] {dag.py:3229} INFO - Sync 1 DAGs
[2024-09-18T12:11:20.251+0100] {logging_mixin.py:190} INFO - [2024-09-18T12:11:20.251+0100] {dag.py:4156} INFO - Setting next_dagrun for example_display_name to None, run_after=None
[2024-09-18T12:11:20.298+0100] {processor.py:208} INFO - Processing /Users/ds2718/Documents/test_python_airflow/airflow/py_venv/lib/python3.12/site-packages/airflow/example_dags/example_display_name.py took 0.137 seconds
[2024-09-18T12:11:55.612+0100] {processor.py:186} INFO - Started process (PID=13569) to work on /Users/ds2718/Documents/test_python_airflow/airflow/py_venv/lib/python3.12/site-packages/airflow/example_dags/example_display_name.py
[2024-09-18T12:11:55.614+0100] {processor.py:914} INFO - Processing file /Users/ds2718/Documents/test_python_airflow/airflow/py_venv/lib/python3.12/site-packages/airflow/example_dags/example_display_name.py for tasks to queue
[2024-09-18T12:11:55.615+0100] {logging_mixin.py:190} INFO - [2024-09-18T12:11:55.615+0100] {dagbag.py:587} INFO - Filling up the DagBag from /Users/ds2718/Documents/test_python_airflow/airflow/py_venv/lib/python3.12/site-packages/airflow/example_dags/example_display_name.py
[2024-09-18T12:11:55.633+0100] {processor.py:925} INFO - DAG(s) 'example_display_name' retrieved from /Users/ds2718/Documents/test_python_airflow/airflow/py_venv/lib/python3.12/site-packages/airflow/example_dags/example_display_name.py
[2024-09-18T12:11:55.672+0100] {logging_mixin.py:190} INFO - [2024-09-18T12:11:55.672+0100] {dag.py:3229} INFO - Sync 1 DAGs
[2024-09-18T12:11:55.679+0100] {logging_mixin.py:190} INFO - [2024-09-18T12:11:55.679+0100] {dag.py:4156} INFO - Setting next_dagrun for example_display_name to None, run_after=None
[2024-09-18T12:11:55.715+0100] {processor.py:208} INFO - Processing /Users/ds2718/Documents/test_python_airflow/airflow/py_venv/lib/python3.12/site-packages/airflow/example_dags/example_display_name.py took 0.105 seconds
[2024-09-18T12:12:28.888+0100] {processor.py:186} INFO - Started process (PID=13694) to work on /Users/ds2718/Documents/test_python_airflow/airflow/py_venv/lib/python3.12/site-packages/airflow/example_dags/example_display_name.py
[2024-09-18T12:12:28.889+0100] {processor.py:914} INFO - Processing file /Users/ds2718/Documents/test_python_airflow/airflow/py_venv/lib/python3.12/site-packages/airflow/example_dags/example_display_name.py for tasks to queue
[2024-09-18T12:12:28.889+0100] {logging_mixin.py:190} INFO - [2024-09-18T12:12:28.889+0100] {dagbag.py:587} INFO - Filling up the DagBag from /Users/ds2718/Documents/test_python_airflow/airflow/py_venv/lib/python3.12/site-packages/airflow/example_dags/example_display_name.py
[2024-09-18T12:12:28.905+0100] {processor.py:925} INFO - DAG(s) 'example_display_name' retrieved from /Users/ds2718/Documents/test_python_airflow/airflow/py_venv/lib/python3.12/site-packages/airflow/example_dags/example_display_name.py
[2024-09-18T12:12:28.956+0100] {logging_mixin.py:190} INFO - [2024-09-18T12:12:28.956+0100] {dag.py:3229} INFO - Sync 1 DAGs
[2024-09-18T12:12:28.964+0100] {logging_mixin.py:190} INFO - [2024-09-18T12:12:28.964+0100] {dag.py:4156} INFO - Setting next_dagrun for example_display_name to None, run_after=None
[2024-09-18T12:12:28.997+0100] {processor.py:208} INFO - Processing /Users/ds2718/Documents/test_python_airflow/airflow/py_venv/lib/python3.12/site-packages/airflow/example_dags/example_display_name.py took 0.110 seconds
[2024-09-18T12:13:04.747+0100] {processor.py:186} INFO - Started process (PID=13897) to work on /Users/ds2718/Documents/test_python_airflow/airflow/py_venv/lib/python3.12/site-packages/airflow/example_dags/example_display_name.py
[2024-09-18T12:13:04.748+0100] {processor.py:914} INFO - Processing file /Users/ds2718/Documents/test_python_airflow/airflow/py_venv/lib/python3.12/site-packages/airflow/example_dags/example_display_name.py for tasks to queue
[2024-09-18T12:13:04.748+0100] {logging_mixin.py:190} INFO - [2024-09-18T12:13:04.748+0100] {dagbag.py:587} INFO - Filling up the DagBag from /Users/ds2718/Documents/test_python_airflow/airflow/py_venv/lib/python3.12/site-packages/airflow/example_dags/example_display_name.py
[2024-09-18T12:13:04.766+0100] {processor.py:925} INFO - DAG(s) 'example_display_name' retrieved from /Users/ds2718/Documents/test_python_airflow/airflow/py_venv/lib/python3.12/site-packages/airflow/example_dags/example_display_name.py
[2024-09-18T12:13:04.807+0100] {logging_mixin.py:190} INFO - [2024-09-18T12:13:04.807+0100] {dag.py:3229} INFO - Sync 1 DAGs
[2024-09-18T12:13:04.814+0100] {logging_mixin.py:190} INFO - [2024-09-18T12:13:04.814+0100] {dag.py:4156} INFO - Setting next_dagrun for example_display_name to None, run_after=None
[2024-09-18T12:13:04.851+0100] {processor.py:208} INFO - Processing /Users/ds2718/Documents/test_python_airflow/airflow/py_venv/lib/python3.12/site-packages/airflow/example_dags/example_display_name.py took 0.107 seconds
[2024-09-18T12:13:41.058+0100] {processor.py:186} INFO - Started process (PID=14045) to work on /Users/ds2718/Documents/test_python_airflow/airflow/py_venv/lib/python3.12/site-packages/airflow/example_dags/example_display_name.py
[2024-09-18T12:13:41.059+0100] {processor.py:914} INFO - Processing file /Users/ds2718/Documents/test_python_airflow/airflow/py_venv/lib/python3.12/site-packages/airflow/example_dags/example_display_name.py for tasks to queue
[2024-09-18T12:13:41.059+0100] {logging_mixin.py:190} INFO - [2024-09-18T12:13:41.059+0100] {dagbag.py:587} INFO - Filling up the DagBag from /Users/ds2718/Documents/test_python_airflow/airflow/py_venv/lib/python3.12/site-packages/airflow/example_dags/example_display_name.py
[2024-09-18T12:13:41.079+0100] {processor.py:925} INFO - DAG(s) 'example_display_name' retrieved from /Users/ds2718/Documents/test_python_airflow/airflow/py_venv/lib/python3.12/site-packages/airflow/example_dags/example_display_name.py
[2024-09-18T12:13:41.118+0100] {logging_mixin.py:190} INFO - [2024-09-18T12:13:41.118+0100] {dag.py:3229} INFO - Sync 1 DAGs
[2024-09-18T12:13:41.125+0100] {logging_mixin.py:190} INFO - [2024-09-18T12:13:41.125+0100] {dag.py:4156} INFO - Setting next_dagrun for example_display_name to None, run_after=None
[2024-09-18T12:13:41.179+0100] {processor.py:208} INFO - Processing /Users/ds2718/Documents/test_python_airflow/airflow/py_venv/lib/python3.12/site-packages/airflow/example_dags/example_display_name.py took 0.128 seconds
