[2024-09-18T11:54:23.616+0100] {processor.py:186} INFO - Started process (PID=9519) to work on /Users/ds2718/Documents/test_python_airflow/airflow/py_venv/lib/python3.12/site-packages/airflow/example_dags/example_complex.py
[2024-09-18T11:54:23.617+0100] {processor.py:914} INFO - Processing file /Users/ds2718/Documents/test_python_airflow/airflow/py_venv/lib/python3.12/site-packages/airflow/example_dags/example_complex.py for tasks to queue
[2024-09-18T11:54:23.617+0100] {logging_mixin.py:190} INFO - [2024-09-18T11:54:23.617+0100] {dagbag.py:587} INFO - Filling up the DagBag from /Users/ds2718/Documents/test_python_airflow/airflow/py_venv/lib/python3.12/site-packages/airflow/example_dags/example_complex.py
[2024-09-18T11:54:23.623+0100] {processor.py:925} INFO - DAG(s) 'example_complex' retrieved from /Users/ds2718/Documents/test_python_airflow/airflow/py_venv/lib/python3.12/site-packages/airflow/example_dags/example_complex.py
[2024-09-18T11:54:23.748+0100] {logging_mixin.py:190} INFO - [2024-09-18T11:54:23.748+0100] {override.py:1900} INFO - Created Permission View: can read on DAG:example_complex
[2024-09-18T11:54:23.752+0100] {logging_mixin.py:190} INFO - [2024-09-18T11:54:23.752+0100] {override.py:1900} INFO - Created Permission View: can delete on DAG:example_complex
[2024-09-18T11:54:23.755+0100] {logging_mixin.py:190} INFO - [2024-09-18T11:54:23.755+0100] {override.py:1900} INFO - Created Permission View: can edit on DAG:example_complex
[2024-09-18T11:54:23.757+0100] {logging_mixin.py:190} INFO - [2024-09-18T11:54:23.757+0100] {override.py:1900} INFO - Created Permission View: can read on DAG Run:example_complex
[2024-09-18T11:54:23.760+0100] {logging_mixin.py:190} INFO - [2024-09-18T11:54:23.759+0100] {override.py:1900} INFO - Created Permission View: can delete on DAG Run:example_complex
[2024-09-18T11:54:23.762+0100] {logging_mixin.py:190} INFO - [2024-09-18T11:54:23.762+0100] {override.py:1900} INFO - Created Permission View: can create on DAG Run:example_complex
[2024-09-18T11:54:23.765+0100] {logging_mixin.py:190} INFO - [2024-09-18T11:54:23.764+0100] {override.py:1900} INFO - Created Permission View: menu access on DAG Run:example_complex
[2024-09-18T11:54:23.765+0100] {logging_mixin.py:190} INFO - [2024-09-18T11:54:23.765+0100] {dag.py:3229} INFO - Sync 1 DAGs
[2024-09-18T11:54:23.771+0100] {logging_mixin.py:190} INFO - [2024-09-18T11:54:23.771+0100] {dag.py:3252} INFO - Creating ORM DAG for example_complex
[2024-09-18T11:54:23.771+0100] {logging_mixin.py:190} INFO - [2024-09-18T11:54:23.771+0100] {dag.py:4156} INFO - Setting next_dagrun for example_complex to None, run_after=None
[2024-09-18T11:54:23.782+0100] {processor.py:208} INFO - Processing /Users/ds2718/Documents/test_python_airflow/airflow/py_venv/lib/python3.12/site-packages/airflow/example_dags/example_complex.py took 0.170 seconds
[2024-09-18T11:54:57.725+0100] {processor.py:186} INFO - Started process (PID=9732) to work on /Users/ds2718/Documents/test_python_airflow/airflow/py_venv/lib/python3.12/site-packages/airflow/example_dags/example_complex.py
[2024-09-18T11:54:57.726+0100] {processor.py:914} INFO - Processing file /Users/ds2718/Documents/test_python_airflow/airflow/py_venv/lib/python3.12/site-packages/airflow/example_dags/example_complex.py for tasks to queue
[2024-09-18T11:54:57.727+0100] {logging_mixin.py:190} INFO - [2024-09-18T11:54:57.727+0100] {dagbag.py:587} INFO - Filling up the DagBag from /Users/ds2718/Documents/test_python_airflow/airflow/py_venv/lib/python3.12/site-packages/airflow/example_dags/example_complex.py
[2024-09-18T11:54:57.744+0100] {processor.py:925} INFO - DAG(s) 'example_complex' retrieved from /Users/ds2718/Documents/test_python_airflow/airflow/py_venv/lib/python3.12/site-packages/airflow/example_dags/example_complex.py
[2024-09-18T11:54:57.804+0100] {logging_mixin.py:190} INFO - [2024-09-18T11:54:57.804+0100] {dag.py:3229} INFO - Sync 1 DAGs
[2024-09-18T11:54:57.818+0100] {logging_mixin.py:190} INFO - [2024-09-18T11:54:57.817+0100] {dag.py:4156} INFO - Setting next_dagrun for example_complex to None, run_after=None
[2024-09-18T11:54:57.834+0100] {processor.py:208} INFO - Processing /Users/ds2718/Documents/test_python_airflow/airflow/py_venv/lib/python3.12/site-packages/airflow/example_dags/example_complex.py took 0.111 seconds
[2024-09-18T11:55:31.004+0100] {processor.py:186} INFO - Started process (PID=9899) to work on /Users/ds2718/Documents/test_python_airflow/airflow/py_venv/lib/python3.12/site-packages/airflow/example_dags/example_complex.py
[2024-09-18T11:55:31.005+0100] {processor.py:914} INFO - Processing file /Users/ds2718/Documents/test_python_airflow/airflow/py_venv/lib/python3.12/site-packages/airflow/example_dags/example_complex.py for tasks to queue
[2024-09-18T11:55:31.005+0100] {logging_mixin.py:190} INFO - [2024-09-18T11:55:31.005+0100] {dagbag.py:587} INFO - Filling up the DagBag from /Users/ds2718/Documents/test_python_airflow/airflow/py_venv/lib/python3.12/site-packages/airflow/example_dags/example_complex.py
[2024-09-18T11:55:31.010+0100] {processor.py:925} INFO - DAG(s) 'example_complex' retrieved from /Users/ds2718/Documents/test_python_airflow/airflow/py_venv/lib/python3.12/site-packages/airflow/example_dags/example_complex.py
[2024-09-18T11:55:31.054+0100] {logging_mixin.py:190} INFO - [2024-09-18T11:55:31.054+0100] {dag.py:3229} INFO - Sync 1 DAGs
[2024-09-18T11:55:31.061+0100] {logging_mixin.py:190} INFO - [2024-09-18T11:55:31.061+0100] {dag.py:4156} INFO - Setting next_dagrun for example_complex to None, run_after=None
[2024-09-18T11:55:31.070+0100] {processor.py:208} INFO - Processing /Users/ds2718/Documents/test_python_airflow/airflow/py_venv/lib/python3.12/site-packages/airflow/example_dags/example_complex.py took 0.071 seconds
[2024-09-18T11:56:06.128+0100] {processor.py:186} INFO - Started process (PID=10081) to work on /Users/ds2718/Documents/test_python_airflow/airflow/py_venv/lib/python3.12/site-packages/airflow/example_dags/example_complex.py
[2024-09-18T11:56:06.129+0100] {processor.py:914} INFO - Processing file /Users/ds2718/Documents/test_python_airflow/airflow/py_venv/lib/python3.12/site-packages/airflow/example_dags/example_complex.py for tasks to queue
[2024-09-18T11:56:06.130+0100] {logging_mixin.py:190} INFO - [2024-09-18T11:56:06.130+0100] {dagbag.py:587} INFO - Filling up the DagBag from /Users/ds2718/Documents/test_python_airflow/airflow/py_venv/lib/python3.12/site-packages/airflow/example_dags/example_complex.py
[2024-09-18T11:56:06.138+0100] {processor.py:925} INFO - DAG(s) 'example_complex' retrieved from /Users/ds2718/Documents/test_python_airflow/airflow/py_venv/lib/python3.12/site-packages/airflow/example_dags/example_complex.py
[2024-09-18T11:56:06.186+0100] {logging_mixin.py:190} INFO - [2024-09-18T11:56:06.186+0100] {dag.py:3229} INFO - Sync 1 DAGs
[2024-09-18T11:56:06.193+0100] {logging_mixin.py:190} INFO - [2024-09-18T11:56:06.193+0100] {dag.py:4156} INFO - Setting next_dagrun for example_complex to None, run_after=None
[2024-09-18T11:56:06.208+0100] {processor.py:208} INFO - Processing /Users/ds2718/Documents/test_python_airflow/airflow/py_venv/lib/python3.12/site-packages/airflow/example_dags/example_complex.py took 0.086 seconds
[2024-09-18T11:56:39.125+0100] {processor.py:186} INFO - Started process (PID=10221) to work on /Users/ds2718/Documents/test_python_airflow/airflow/py_venv/lib/python3.12/site-packages/airflow/example_dags/example_complex.py
[2024-09-18T11:56:39.126+0100] {processor.py:914} INFO - Processing file /Users/ds2718/Documents/test_python_airflow/airflow/py_venv/lib/python3.12/site-packages/airflow/example_dags/example_complex.py for tasks to queue
[2024-09-18T11:56:39.126+0100] {logging_mixin.py:190} INFO - [2024-09-18T11:56:39.126+0100] {dagbag.py:587} INFO - Filling up the DagBag from /Users/ds2718/Documents/test_python_airflow/airflow/py_venv/lib/python3.12/site-packages/airflow/example_dags/example_complex.py
[2024-09-18T11:56:39.131+0100] {processor.py:925} INFO - DAG(s) 'example_complex' retrieved from /Users/ds2718/Documents/test_python_airflow/airflow/py_venv/lib/python3.12/site-packages/airflow/example_dags/example_complex.py
[2024-09-18T11:56:39.178+0100] {logging_mixin.py:190} INFO - [2024-09-18T11:56:39.178+0100] {dag.py:3229} INFO - Sync 1 DAGs
[2024-09-18T11:56:39.184+0100] {logging_mixin.py:190} INFO - [2024-09-18T11:56:39.184+0100] {dag.py:4156} INFO - Setting next_dagrun for example_complex to None, run_after=None
[2024-09-18T11:56:39.192+0100] {processor.py:208} INFO - Processing /Users/ds2718/Documents/test_python_airflow/airflow/py_venv/lib/python3.12/site-packages/airflow/example_dags/example_complex.py took 0.068 seconds
[2024-09-18T11:57:11.139+0100] {processor.py:186} INFO - Started process (PID=10381) to work on /Users/ds2718/Documents/test_python_airflow/airflow/py_venv/lib/python3.12/site-packages/airflow/example_dags/example_complex.py
[2024-09-18T11:57:11.140+0100] {processor.py:914} INFO - Processing file /Users/ds2718/Documents/test_python_airflow/airflow/py_venv/lib/python3.12/site-packages/airflow/example_dags/example_complex.py for tasks to queue
[2024-09-18T11:57:11.140+0100] {logging_mixin.py:190} INFO - [2024-09-18T11:57:11.140+0100] {dagbag.py:587} INFO - Filling up the DagBag from /Users/ds2718/Documents/test_python_airflow/airflow/py_venv/lib/python3.12/site-packages/airflow/example_dags/example_complex.py
[2024-09-18T11:57:11.148+0100] {processor.py:925} INFO - DAG(s) 'example_complex' retrieved from /Users/ds2718/Documents/test_python_airflow/airflow/py_venv/lib/python3.12/site-packages/airflow/example_dags/example_complex.py
[2024-09-18T11:57:11.208+0100] {logging_mixin.py:190} INFO - [2024-09-18T11:57:11.208+0100] {dag.py:3229} INFO - Sync 1 DAGs
[2024-09-18T11:57:11.215+0100] {logging_mixin.py:190} INFO - [2024-09-18T11:57:11.215+0100] {dag.py:4156} INFO - Setting next_dagrun for example_complex to None, run_after=None
[2024-09-18T11:57:11.233+0100] {processor.py:208} INFO - Processing /Users/ds2718/Documents/test_python_airflow/airflow/py_venv/lib/python3.12/site-packages/airflow/example_dags/example_complex.py took 0.097 seconds
[2024-09-18T11:57:44.994+0100] {processor.py:186} INFO - Started process (PID=10563) to work on /Users/ds2718/Documents/test_python_airflow/airflow/py_venv/lib/python3.12/site-packages/airflow/example_dags/example_complex.py
[2024-09-18T11:57:44.996+0100] {processor.py:914} INFO - Processing file /Users/ds2718/Documents/test_python_airflow/airflow/py_venv/lib/python3.12/site-packages/airflow/example_dags/example_complex.py for tasks to queue
[2024-09-18T11:57:44.997+0100] {logging_mixin.py:190} INFO - [2024-09-18T11:57:44.997+0100] {dagbag.py:587} INFO - Filling up the DagBag from /Users/ds2718/Documents/test_python_airflow/airflow/py_venv/lib/python3.12/site-packages/airflow/example_dags/example_complex.py
[2024-09-18T11:57:45.004+0100] {processor.py:925} INFO - DAG(s) 'example_complex' retrieved from /Users/ds2718/Documents/test_python_airflow/airflow/py_venv/lib/python3.12/site-packages/airflow/example_dags/example_complex.py
[2024-09-18T11:57:45.049+0100] {logging_mixin.py:190} INFO - [2024-09-18T11:57:45.048+0100] {dag.py:3229} INFO - Sync 1 DAGs
[2024-09-18T11:57:45.056+0100] {logging_mixin.py:190} INFO - [2024-09-18T11:57:45.056+0100] {dag.py:4156} INFO - Setting next_dagrun for example_complex to None, run_after=None
[2024-09-18T11:57:45.071+0100] {processor.py:208} INFO - Processing /Users/ds2718/Documents/test_python_airflow/airflow/py_venv/lib/python3.12/site-packages/airflow/example_dags/example_complex.py took 0.083 seconds
[2024-09-18T11:58:19.693+0100] {processor.py:186} INFO - Started process (PID=10780) to work on /Users/ds2718/Documents/test_python_airflow/airflow/py_venv/lib/python3.12/site-packages/airflow/example_dags/example_complex.py
[2024-09-18T11:58:19.694+0100] {processor.py:914} INFO - Processing file /Users/ds2718/Documents/test_python_airflow/airflow/py_venv/lib/python3.12/site-packages/airflow/example_dags/example_complex.py for tasks to queue
[2024-09-18T11:58:19.695+0100] {logging_mixin.py:190} INFO - [2024-09-18T11:58:19.694+0100] {dagbag.py:587} INFO - Filling up the DagBag from /Users/ds2718/Documents/test_python_airflow/airflow/py_venv/lib/python3.12/site-packages/airflow/example_dags/example_complex.py
[2024-09-18T11:58:19.702+0100] {processor.py:925} INFO - DAG(s) 'example_complex' retrieved from /Users/ds2718/Documents/test_python_airflow/airflow/py_venv/lib/python3.12/site-packages/airflow/example_dags/example_complex.py
[2024-09-18T11:58:19.750+0100] {logging_mixin.py:190} INFO - [2024-09-18T11:58:19.750+0100] {dag.py:3229} INFO - Sync 1 DAGs
[2024-09-18T11:58:19.757+0100] {logging_mixin.py:190} INFO - [2024-09-18T11:58:19.757+0100] {dag.py:4156} INFO - Setting next_dagrun for example_complex to None, run_after=None
[2024-09-18T11:58:19.771+0100] {processor.py:208} INFO - Processing /Users/ds2718/Documents/test_python_airflow/airflow/py_venv/lib/python3.12/site-packages/airflow/example_dags/example_complex.py took 0.080 seconds
[2024-09-18T11:58:56.361+0100] {processor.py:186} INFO - Started process (PID=10979) to work on /Users/ds2718/Documents/test_python_airflow/airflow/py_venv/lib/python3.12/site-packages/airflow/example_dags/example_complex.py
[2024-09-18T11:58:56.364+0100] {processor.py:914} INFO - Processing file /Users/ds2718/Documents/test_python_airflow/airflow/py_venv/lib/python3.12/site-packages/airflow/example_dags/example_complex.py for tasks to queue
[2024-09-18T11:58:56.365+0100] {logging_mixin.py:190} INFO - [2024-09-18T11:58:56.364+0100] {dagbag.py:587} INFO - Filling up the DagBag from /Users/ds2718/Documents/test_python_airflow/airflow/py_venv/lib/python3.12/site-packages/airflow/example_dags/example_complex.py
[2024-09-18T11:58:56.371+0100] {processor.py:925} INFO - DAG(s) 'example_complex' retrieved from /Users/ds2718/Documents/test_python_airflow/airflow/py_venv/lib/python3.12/site-packages/airflow/example_dags/example_complex.py
[2024-09-18T11:58:56.421+0100] {logging_mixin.py:190} INFO - [2024-09-18T11:58:56.421+0100] {dag.py:3229} INFO - Sync 1 DAGs
[2024-09-18T11:58:56.430+0100] {logging_mixin.py:190} INFO - [2024-09-18T11:58:56.430+0100] {dag.py:4156} INFO - Setting next_dagrun for example_complex to None, run_after=None
[2024-09-18T11:58:56.448+0100] {processor.py:208} INFO - Processing /Users/ds2718/Documents/test_python_airflow/airflow/py_venv/lib/python3.12/site-packages/airflow/example_dags/example_complex.py took 0.089 seconds
[2024-09-18T11:59:28.676+0100] {processor.py:186} INFO - Started process (PID=11146) to work on /Users/ds2718/Documents/test_python_airflow/airflow/py_venv/lib/python3.12/site-packages/airflow/example_dags/example_complex.py
[2024-09-18T11:59:28.676+0100] {processor.py:914} INFO - Processing file /Users/ds2718/Documents/test_python_airflow/airflow/py_venv/lib/python3.12/site-packages/airflow/example_dags/example_complex.py for tasks to queue
[2024-09-18T11:59:28.677+0100] {logging_mixin.py:190} INFO - [2024-09-18T11:59:28.677+0100] {dagbag.py:587} INFO - Filling up the DagBag from /Users/ds2718/Documents/test_python_airflow/airflow/py_venv/lib/python3.12/site-packages/airflow/example_dags/example_complex.py
[2024-09-18T11:59:28.683+0100] {processor.py:925} INFO - DAG(s) 'example_complex' retrieved from /Users/ds2718/Documents/test_python_airflow/airflow/py_venv/lib/python3.12/site-packages/airflow/example_dags/example_complex.py
[2024-09-18T11:59:28.740+0100] {logging_mixin.py:190} INFO - [2024-09-18T11:59:28.740+0100] {dag.py:3229} INFO - Sync 1 DAGs
[2024-09-18T11:59:28.747+0100] {logging_mixin.py:190} INFO - [2024-09-18T11:59:28.747+0100] {dag.py:4156} INFO - Setting next_dagrun for example_complex to None, run_after=None
[2024-09-18T11:59:28.761+0100] {processor.py:208} INFO - Processing /Users/ds2718/Documents/test_python_airflow/airflow/py_venv/lib/python3.12/site-packages/airflow/example_dags/example_complex.py took 0.088 seconds
[2024-09-18T12:00:02.568+0100] {processor.py:186} INFO - Started process (PID=11367) to work on /Users/ds2718/Documents/test_python_airflow/airflow/py_venv/lib/python3.12/site-packages/airflow/example_dags/example_complex.py
[2024-09-18T12:00:02.569+0100] {processor.py:914} INFO - Processing file /Users/ds2718/Documents/test_python_airflow/airflow/py_venv/lib/python3.12/site-packages/airflow/example_dags/example_complex.py for tasks to queue
[2024-09-18T12:00:02.570+0100] {logging_mixin.py:190} INFO - [2024-09-18T12:00:02.570+0100] {dagbag.py:587} INFO - Filling up the DagBag from /Users/ds2718/Documents/test_python_airflow/airflow/py_venv/lib/python3.12/site-packages/airflow/example_dags/example_complex.py
[2024-09-18T12:00:02.577+0100] {processor.py:925} INFO - DAG(s) 'example_complex' retrieved from /Users/ds2718/Documents/test_python_airflow/airflow/py_venv/lib/python3.12/site-packages/airflow/example_dags/example_complex.py
[2024-09-18T12:00:02.622+0100] {logging_mixin.py:190} INFO - [2024-09-18T12:00:02.622+0100] {dag.py:3229} INFO - Sync 1 DAGs
[2024-09-18T12:00:02.639+0100] {logging_mixin.py:190} INFO - [2024-09-18T12:00:02.639+0100] {dag.py:4156} INFO - Setting next_dagrun for example_complex to None, run_after=None
[2024-09-18T12:00:02.663+0100] {processor.py:208} INFO - Processing /Users/ds2718/Documents/test_python_airflow/airflow/py_venv/lib/python3.12/site-packages/airflow/example_dags/example_complex.py took 0.102 seconds
[2024-09-18T12:00:35.242+0100] {processor.py:186} INFO - Started process (PID=11536) to work on /Users/ds2718/Documents/test_python_airflow/airflow/py_venv/lib/python3.12/site-packages/airflow/example_dags/example_complex.py
[2024-09-18T12:00:35.243+0100] {processor.py:914} INFO - Processing file /Users/ds2718/Documents/test_python_airflow/airflow/py_venv/lib/python3.12/site-packages/airflow/example_dags/example_complex.py for tasks to queue
[2024-09-18T12:00:35.243+0100] {logging_mixin.py:190} INFO - [2024-09-18T12:00:35.243+0100] {dagbag.py:587} INFO - Filling up the DagBag from /Users/ds2718/Documents/test_python_airflow/airflow/py_venv/lib/python3.12/site-packages/airflow/example_dags/example_complex.py
[2024-09-18T12:00:35.250+0100] {processor.py:925} INFO - DAG(s) 'example_complex' retrieved from /Users/ds2718/Documents/test_python_airflow/airflow/py_venv/lib/python3.12/site-packages/airflow/example_dags/example_complex.py
[2024-09-18T12:00:35.296+0100] {logging_mixin.py:190} INFO - [2024-09-18T12:00:35.296+0100] {dag.py:3229} INFO - Sync 1 DAGs
[2024-09-18T12:00:35.303+0100] {logging_mixin.py:190} INFO - [2024-09-18T12:00:35.303+0100] {dag.py:4156} INFO - Setting next_dagrun for example_complex to None, run_after=None
[2024-09-18T12:00:35.334+0100] {processor.py:208} INFO - Processing /Users/ds2718/Documents/test_python_airflow/airflow/py_venv/lib/python3.12/site-packages/airflow/example_dags/example_complex.py took 0.097 seconds
[2024-09-18T12:01:08.800+0100] {processor.py:186} INFO - Started process (PID=11740) to work on /Users/ds2718/Documents/test_python_airflow/airflow/py_venv/lib/python3.12/site-packages/airflow/example_dags/example_complex.py
[2024-09-18T12:01:08.801+0100] {processor.py:914} INFO - Processing file /Users/ds2718/Documents/test_python_airflow/airflow/py_venv/lib/python3.12/site-packages/airflow/example_dags/example_complex.py for tasks to queue
[2024-09-18T12:01:08.801+0100] {logging_mixin.py:190} INFO - [2024-09-18T12:01:08.801+0100] {dagbag.py:587} INFO - Filling up the DagBag from /Users/ds2718/Documents/test_python_airflow/airflow/py_venv/lib/python3.12/site-packages/airflow/example_dags/example_complex.py
[2024-09-18T12:01:08.806+0100] {processor.py:925} INFO - DAG(s) 'example_complex' retrieved from /Users/ds2718/Documents/test_python_airflow/airflow/py_venv/lib/python3.12/site-packages/airflow/example_dags/example_complex.py
[2024-09-18T12:01:08.847+0100] {logging_mixin.py:190} INFO - [2024-09-18T12:01:08.847+0100] {dag.py:3229} INFO - Sync 1 DAGs
[2024-09-18T12:01:08.852+0100] {logging_mixin.py:190} INFO - [2024-09-18T12:01:08.852+0100] {dag.py:4156} INFO - Setting next_dagrun for example_complex to None, run_after=None
[2024-09-18T12:01:08.860+0100] {processor.py:208} INFO - Processing /Users/ds2718/Documents/test_python_airflow/airflow/py_venv/lib/python3.12/site-packages/airflow/example_dags/example_complex.py took 0.061 seconds
[2024-09-18T12:06:36.545+0100] {processor.py:186} INFO - Started process (PID=12040) to work on /Users/ds2718/Documents/test_python_airflow/airflow/py_venv/lib/python3.12/site-packages/airflow/example_dags/example_complex.py
[2024-09-18T12:06:36.546+0100] {processor.py:914} INFO - Processing file /Users/ds2718/Documents/test_python_airflow/airflow/py_venv/lib/python3.12/site-packages/airflow/example_dags/example_complex.py for tasks to queue
[2024-09-18T12:06:36.546+0100] {logging_mixin.py:190} INFO - [2024-09-18T12:06:36.546+0100] {dagbag.py:587} INFO - Filling up the DagBag from /Users/ds2718/Documents/test_python_airflow/airflow/py_venv/lib/python3.12/site-packages/airflow/example_dags/example_complex.py
[2024-09-18T12:06:36.552+0100] {processor.py:925} INFO - DAG(s) 'example_complex' retrieved from /Users/ds2718/Documents/test_python_airflow/airflow/py_venv/lib/python3.12/site-packages/airflow/example_dags/example_complex.py
[2024-09-18T12:06:36.599+0100] {logging_mixin.py:190} INFO - [2024-09-18T12:06:36.599+0100] {dag.py:3229} INFO - Sync 1 DAGs
[2024-09-18T12:06:36.604+0100] {logging_mixin.py:190} INFO - [2024-09-18T12:06:36.604+0100] {dag.py:4156} INFO - Setting next_dagrun for example_complex to None, run_after=None
[2024-09-18T12:06:36.627+0100] {processor.py:208} INFO - Processing /Users/ds2718/Documents/test_python_airflow/airflow/py_venv/lib/python3.12/site-packages/airflow/example_dags/example_complex.py took 0.087 seconds
[2024-09-18T12:07:10.774+0100] {processor.py:186} INFO - Started process (PID=12196) to work on /Users/ds2718/Documents/test_python_airflow/airflow/py_venv/lib/python3.12/site-packages/airflow/example_dags/example_complex.py
[2024-09-18T12:07:10.775+0100] {processor.py:914} INFO - Processing file /Users/ds2718/Documents/test_python_airflow/airflow/py_venv/lib/python3.12/site-packages/airflow/example_dags/example_complex.py for tasks to queue
[2024-09-18T12:07:10.775+0100] {logging_mixin.py:190} INFO - [2024-09-18T12:07:10.775+0100] {dagbag.py:587} INFO - Filling up the DagBag from /Users/ds2718/Documents/test_python_airflow/airflow/py_venv/lib/python3.12/site-packages/airflow/example_dags/example_complex.py
[2024-09-18T12:07:10.781+0100] {processor.py:925} INFO - DAG(s) 'example_complex' retrieved from /Users/ds2718/Documents/test_python_airflow/airflow/py_venv/lib/python3.12/site-packages/airflow/example_dags/example_complex.py
[2024-09-18T12:07:10.827+0100] {logging_mixin.py:190} INFO - [2024-09-18T12:07:10.827+0100] {dag.py:3229} INFO - Sync 1 DAGs
[2024-09-18T12:07:10.844+0100] {logging_mixin.py:190} INFO - [2024-09-18T12:07:10.844+0100] {dag.py:4156} INFO - Setting next_dagrun for example_complex to None, run_after=None
[2024-09-18T12:07:10.853+0100] {processor.py:208} INFO - Processing /Users/ds2718/Documents/test_python_airflow/airflow/py_venv/lib/python3.12/site-packages/airflow/example_dags/example_complex.py took 0.082 seconds
[2024-09-18T12:07:47.917+0100] {processor.py:186} INFO - Started process (PID=12381) to work on /Users/ds2718/Documents/test_python_airflow/airflow/py_venv/lib/python3.12/site-packages/airflow/example_dags/example_complex.py
[2024-09-18T12:07:47.919+0100] {processor.py:914} INFO - Processing file /Users/ds2718/Documents/test_python_airflow/airflow/py_venv/lib/python3.12/site-packages/airflow/example_dags/example_complex.py for tasks to queue
[2024-09-18T12:07:47.920+0100] {logging_mixin.py:190} INFO - [2024-09-18T12:07:47.919+0100] {dagbag.py:587} INFO - Filling up the DagBag from /Users/ds2718/Documents/test_python_airflow/airflow/py_venv/lib/python3.12/site-packages/airflow/example_dags/example_complex.py
[2024-09-18T12:07:47.929+0100] {processor.py:925} INFO - DAG(s) 'example_complex' retrieved from /Users/ds2718/Documents/test_python_airflow/airflow/py_venv/lib/python3.12/site-packages/airflow/example_dags/example_complex.py
[2024-09-18T12:07:47.991+0100] {logging_mixin.py:190} INFO - [2024-09-18T12:07:47.991+0100] {dag.py:3229} INFO - Sync 1 DAGs
[2024-09-18T12:07:47.998+0100] {logging_mixin.py:190} INFO - [2024-09-18T12:07:47.998+0100] {dag.py:4156} INFO - Setting next_dagrun for example_complex to None, run_after=None
[2024-09-18T12:07:48.028+0100] {processor.py:208} INFO - Processing /Users/ds2718/Documents/test_python_airflow/airflow/py_venv/lib/python3.12/site-packages/airflow/example_dags/example_complex.py took 0.117 seconds
[2024-09-18T12:08:33.044+0100] {processor.py:186} INFO - Started process (PID=12546) to work on /Users/ds2718/Documents/test_python_airflow/airflow/py_venv/lib/python3.12/site-packages/airflow/example_dags/example_complex.py
[2024-09-18T12:08:33.045+0100] {processor.py:914} INFO - Processing file /Users/ds2718/Documents/test_python_airflow/airflow/py_venv/lib/python3.12/site-packages/airflow/example_dags/example_complex.py for tasks to queue
[2024-09-18T12:08:33.046+0100] {logging_mixin.py:190} INFO - [2024-09-18T12:08:33.045+0100] {dagbag.py:587} INFO - Filling up the DagBag from /Users/ds2718/Documents/test_python_airflow/airflow/py_venv/lib/python3.12/site-packages/airflow/example_dags/example_complex.py
[2024-09-18T12:08:33.051+0100] {processor.py:925} INFO - DAG(s) 'example_complex' retrieved from /Users/ds2718/Documents/test_python_airflow/airflow/py_venv/lib/python3.12/site-packages/airflow/example_dags/example_complex.py
[2024-09-18T12:08:33.096+0100] {logging_mixin.py:190} INFO - [2024-09-18T12:08:33.096+0100] {dag.py:3229} INFO - Sync 1 DAGs
[2024-09-18T12:08:33.103+0100] {logging_mixin.py:190} INFO - [2024-09-18T12:08:33.103+0100] {dag.py:4156} INFO - Setting next_dagrun for example_complex to None, run_after=None
[2024-09-18T12:08:33.112+0100] {processor.py:208} INFO - Processing /Users/ds2718/Documents/test_python_airflow/airflow/py_venv/lib/python3.12/site-packages/airflow/example_dags/example_complex.py took 0.071 seconds
[2024-09-18T12:09:06.882+0100] {processor.py:186} INFO - Started process (PID=12745) to work on /Users/ds2718/Documents/test_python_airflow/airflow/py_venv/lib/python3.12/site-packages/airflow/example_dags/example_complex.py
[2024-09-18T12:09:06.884+0100] {processor.py:914} INFO - Processing file /Users/ds2718/Documents/test_python_airflow/airflow/py_venv/lib/python3.12/site-packages/airflow/example_dags/example_complex.py for tasks to queue
[2024-09-18T12:09:06.884+0100] {logging_mixin.py:190} INFO - [2024-09-18T12:09:06.884+0100] {dagbag.py:587} INFO - Filling up the DagBag from /Users/ds2718/Documents/test_python_airflow/airflow/py_venv/lib/python3.12/site-packages/airflow/example_dags/example_complex.py
[2024-09-18T12:09:06.891+0100] {processor.py:925} INFO - DAG(s) 'example_complex' retrieved from /Users/ds2718/Documents/test_python_airflow/airflow/py_venv/lib/python3.12/site-packages/airflow/example_dags/example_complex.py
[2024-09-18T12:09:06.936+0100] {logging_mixin.py:190} INFO - [2024-09-18T12:09:06.936+0100] {dag.py:3229} INFO - Sync 1 DAGs
[2024-09-18T12:09:06.942+0100] {logging_mixin.py:190} INFO - [2024-09-18T12:09:06.942+0100] {dag.py:4156} INFO - Setting next_dagrun for example_complex to None, run_after=None
[2024-09-18T12:09:06.965+0100] {processor.py:208} INFO - Processing /Users/ds2718/Documents/test_python_airflow/airflow/py_venv/lib/python3.12/site-packages/airflow/example_dags/example_complex.py took 0.094 seconds
[2024-09-18T12:09:45.668+0100] {processor.py:186} INFO - Started process (PID=12973) to work on /Users/ds2718/Documents/test_python_airflow/airflow/py_venv/lib/python3.12/site-packages/airflow/example_dags/example_complex.py
[2024-09-18T12:09:45.671+0100] {processor.py:914} INFO - Processing file /Users/ds2718/Documents/test_python_airflow/airflow/py_venv/lib/python3.12/site-packages/airflow/example_dags/example_complex.py for tasks to queue
[2024-09-18T12:09:45.671+0100] {logging_mixin.py:190} INFO - [2024-09-18T12:09:45.671+0100] {dagbag.py:587} INFO - Filling up the DagBag from /Users/ds2718/Documents/test_python_airflow/airflow/py_venv/lib/python3.12/site-packages/airflow/example_dags/example_complex.py
[2024-09-18T12:09:45.677+0100] {processor.py:925} INFO - DAG(s) 'example_complex' retrieved from /Users/ds2718/Documents/test_python_airflow/airflow/py_venv/lib/python3.12/site-packages/airflow/example_dags/example_complex.py
[2024-09-18T12:09:45.722+0100] {logging_mixin.py:190} INFO - [2024-09-18T12:09:45.722+0100] {dag.py:3229} INFO - Sync 1 DAGs
[2024-09-18T12:09:45.730+0100] {logging_mixin.py:190} INFO - [2024-09-18T12:09:45.729+0100] {dag.py:4156} INFO - Setting next_dagrun for example_complex to None, run_after=None
[2024-09-18T12:09:45.742+0100] {processor.py:208} INFO - Processing /Users/ds2718/Documents/test_python_airflow/airflow/py_venv/lib/python3.12/site-packages/airflow/example_dags/example_complex.py took 0.076 seconds
[2024-09-18T12:10:17.342+0100] {processor.py:186} INFO - Started process (PID=13099) to work on /Users/ds2718/Documents/test_python_airflow/airflow/py_venv/lib/python3.12/site-packages/airflow/example_dags/example_complex.py
[2024-09-18T12:10:17.343+0100] {processor.py:914} INFO - Processing file /Users/ds2718/Documents/test_python_airflow/airflow/py_venv/lib/python3.12/site-packages/airflow/example_dags/example_complex.py for tasks to queue
[2024-09-18T12:10:17.344+0100] {logging_mixin.py:190} INFO - [2024-09-18T12:10:17.344+0100] {dagbag.py:587} INFO - Filling up the DagBag from /Users/ds2718/Documents/test_python_airflow/airflow/py_venv/lib/python3.12/site-packages/airflow/example_dags/example_complex.py
[2024-09-18T12:10:17.352+0100] {processor.py:925} INFO - DAG(s) 'example_complex' retrieved from /Users/ds2718/Documents/test_python_airflow/airflow/py_venv/lib/python3.12/site-packages/airflow/example_dags/example_complex.py
[2024-09-18T12:10:17.403+0100] {logging_mixin.py:190} INFO - [2024-09-18T12:10:17.403+0100] {dag.py:3229} INFO - Sync 1 DAGs
[2024-09-18T12:10:17.411+0100] {logging_mixin.py:190} INFO - [2024-09-18T12:10:17.411+0100] {dag.py:4156} INFO - Setting next_dagrun for example_complex to None, run_after=None
[2024-09-18T12:10:17.425+0100] {processor.py:208} INFO - Processing /Users/ds2718/Documents/test_python_airflow/airflow/py_venv/lib/python3.12/site-packages/airflow/example_dags/example_complex.py took 0.092 seconds
[2024-09-18T12:10:54.012+0100] {processor.py:186} INFO - Started process (PID=13281) to work on /Users/ds2718/Documents/test_python_airflow/airflow/py_venv/lib/python3.12/site-packages/airflow/example_dags/example_complex.py
[2024-09-18T12:10:54.012+0100] {processor.py:914} INFO - Processing file /Users/ds2718/Documents/test_python_airflow/airflow/py_venv/lib/python3.12/site-packages/airflow/example_dags/example_complex.py for tasks to queue
[2024-09-18T12:10:54.013+0100] {logging_mixin.py:190} INFO - [2024-09-18T12:10:54.013+0100] {dagbag.py:587} INFO - Filling up the DagBag from /Users/ds2718/Documents/test_python_airflow/airflow/py_venv/lib/python3.12/site-packages/airflow/example_dags/example_complex.py
[2024-09-18T12:10:54.018+0100] {processor.py:925} INFO - DAG(s) 'example_complex' retrieved from /Users/ds2718/Documents/test_python_airflow/airflow/py_venv/lib/python3.12/site-packages/airflow/example_dags/example_complex.py
[2024-09-18T12:10:54.070+0100] {logging_mixin.py:190} INFO - [2024-09-18T12:10:54.070+0100] {dag.py:3229} INFO - Sync 1 DAGs
[2024-09-18T12:10:54.077+0100] {logging_mixin.py:190} INFO - [2024-09-18T12:10:54.077+0100] {dag.py:4156} INFO - Setting next_dagrun for example_complex to None, run_after=None
[2024-09-18T12:10:54.087+0100] {processor.py:208} INFO - Processing /Users/ds2718/Documents/test_python_airflow/airflow/py_venv/lib/python3.12/site-packages/airflow/example_dags/example_complex.py took 0.077 seconds
[2024-09-18T12:11:28.260+0100] {processor.py:186} INFO - Started process (PID=13413) to work on /Users/ds2718/Documents/test_python_airflow/airflow/py_venv/lib/python3.12/site-packages/airflow/example_dags/example_complex.py
[2024-09-18T12:11:28.266+0100] {processor.py:914} INFO - Processing file /Users/ds2718/Documents/test_python_airflow/airflow/py_venv/lib/python3.12/site-packages/airflow/example_dags/example_complex.py for tasks to queue
[2024-09-18T12:11:28.269+0100] {logging_mixin.py:190} INFO - [2024-09-18T12:11:28.269+0100] {dagbag.py:587} INFO - Filling up the DagBag from /Users/ds2718/Documents/test_python_airflow/airflow/py_venv/lib/python3.12/site-packages/airflow/example_dags/example_complex.py
[2024-09-18T12:11:28.284+0100] {processor.py:925} INFO - DAG(s) 'example_complex' retrieved from /Users/ds2718/Documents/test_python_airflow/airflow/py_venv/lib/python3.12/site-packages/airflow/example_dags/example_complex.py
[2024-09-18T12:11:28.393+0100] {logging_mixin.py:190} INFO - [2024-09-18T12:11:28.393+0100] {dag.py:3229} INFO - Sync 1 DAGs
[2024-09-18T12:11:28.400+0100] {logging_mixin.py:190} INFO - [2024-09-18T12:11:28.400+0100] {dag.py:4156} INFO - Setting next_dagrun for example_complex to None, run_after=None
[2024-09-18T12:11:28.430+0100] {processor.py:208} INFO - Processing /Users/ds2718/Documents/test_python_airflow/airflow/py_venv/lib/python3.12/site-packages/airflow/example_dags/example_complex.py took 0.175 seconds
[2024-09-18T12:12:00.977+0100] {processor.py:186} INFO - Started process (PID=13588) to work on /Users/ds2718/Documents/test_python_airflow/airflow/py_venv/lib/python3.12/site-packages/airflow/example_dags/example_complex.py
[2024-09-18T12:12:00.979+0100] {processor.py:914} INFO - Processing file /Users/ds2718/Documents/test_python_airflow/airflow/py_venv/lib/python3.12/site-packages/airflow/example_dags/example_complex.py for tasks to queue
[2024-09-18T12:12:00.979+0100] {logging_mixin.py:190} INFO - [2024-09-18T12:12:00.979+0100] {dagbag.py:587} INFO - Filling up the DagBag from /Users/ds2718/Documents/test_python_airflow/airflow/py_venv/lib/python3.12/site-packages/airflow/example_dags/example_complex.py
[2024-09-18T12:12:00.988+0100] {processor.py:925} INFO - DAG(s) 'example_complex' retrieved from /Users/ds2718/Documents/test_python_airflow/airflow/py_venv/lib/python3.12/site-packages/airflow/example_dags/example_complex.py
[2024-09-18T12:12:01.033+0100] {logging_mixin.py:190} INFO - [2024-09-18T12:12:01.033+0100] {dag.py:3229} INFO - Sync 1 DAGs
[2024-09-18T12:12:01.041+0100] {logging_mixin.py:190} INFO - [2024-09-18T12:12:01.041+0100] {dag.py:4156} INFO - Setting next_dagrun for example_complex to None, run_after=None
[2024-09-18T12:12:01.083+0100] {processor.py:208} INFO - Processing /Users/ds2718/Documents/test_python_airflow/airflow/py_venv/lib/python3.12/site-packages/airflow/example_dags/example_complex.py took 0.115 seconds
[2024-09-18T12:12:34.470+0100] {processor.py:186} INFO - Started process (PID=13716) to work on /Users/ds2718/Documents/test_python_airflow/airflow/py_venv/lib/python3.12/site-packages/airflow/example_dags/example_complex.py
[2024-09-18T12:12:34.471+0100] {processor.py:914} INFO - Processing file /Users/ds2718/Documents/test_python_airflow/airflow/py_venv/lib/python3.12/site-packages/airflow/example_dags/example_complex.py for tasks to queue
[2024-09-18T12:12:34.471+0100] {logging_mixin.py:190} INFO - [2024-09-18T12:12:34.471+0100] {dagbag.py:587} INFO - Filling up the DagBag from /Users/ds2718/Documents/test_python_airflow/airflow/py_venv/lib/python3.12/site-packages/airflow/example_dags/example_complex.py
[2024-09-18T12:12:34.479+0100] {processor.py:925} INFO - DAG(s) 'example_complex' retrieved from /Users/ds2718/Documents/test_python_airflow/airflow/py_venv/lib/python3.12/site-packages/airflow/example_dags/example_complex.py
[2024-09-18T12:12:34.578+0100] {logging_mixin.py:190} INFO - [2024-09-18T12:12:34.578+0100] {dag.py:3229} INFO - Sync 1 DAGs
[2024-09-18T12:12:34.584+0100] {logging_mixin.py:190} INFO - [2024-09-18T12:12:34.584+0100] {dag.py:4156} INFO - Setting next_dagrun for example_complex to None, run_after=None
[2024-09-18T12:12:34.596+0100] {processor.py:208} INFO - Processing /Users/ds2718/Documents/test_python_airflow/airflow/py_venv/lib/python3.12/site-packages/airflow/example_dags/example_complex.py took 0.136 seconds
[2024-09-18T12:13:09.222+0100] {processor.py:186} INFO - Started process (PID=13916) to work on /Users/ds2718/Documents/test_python_airflow/airflow/py_venv/lib/python3.12/site-packages/airflow/example_dags/example_complex.py
[2024-09-18T12:13:09.222+0100] {processor.py:914} INFO - Processing file /Users/ds2718/Documents/test_python_airflow/airflow/py_venv/lib/python3.12/site-packages/airflow/example_dags/example_complex.py for tasks to queue
[2024-09-18T12:13:09.223+0100] {logging_mixin.py:190} INFO - [2024-09-18T12:13:09.223+0100] {dagbag.py:587} INFO - Filling up the DagBag from /Users/ds2718/Documents/test_python_airflow/airflow/py_venv/lib/python3.12/site-packages/airflow/example_dags/example_complex.py
[2024-09-18T12:13:09.229+0100] {processor.py:925} INFO - DAG(s) 'example_complex' retrieved from /Users/ds2718/Documents/test_python_airflow/airflow/py_venv/lib/python3.12/site-packages/airflow/example_dags/example_complex.py
[2024-09-18T12:13:09.273+0100] {logging_mixin.py:190} INFO - [2024-09-18T12:13:09.273+0100] {dag.py:3229} INFO - Sync 1 DAGs
[2024-09-18T12:13:09.279+0100] {logging_mixin.py:190} INFO - [2024-09-18T12:13:09.279+0100] {dag.py:4156} INFO - Setting next_dagrun for example_complex to None, run_after=None
[2024-09-18T12:13:09.287+0100] {processor.py:208} INFO - Processing /Users/ds2718/Documents/test_python_airflow/airflow/py_venv/lib/python3.12/site-packages/airflow/example_dags/example_complex.py took 0.071 seconds
[2024-09-18T12:13:45.628+0100] {processor.py:186} INFO - Started process (PID=14059) to work on /Users/ds2718/Documents/test_python_airflow/airflow/py_venv/lib/python3.12/site-packages/airflow/example_dags/example_complex.py
[2024-09-18T12:13:45.629+0100] {processor.py:914} INFO - Processing file /Users/ds2718/Documents/test_python_airflow/airflow/py_venv/lib/python3.12/site-packages/airflow/example_dags/example_complex.py for tasks to queue
[2024-09-18T12:13:45.629+0100] {logging_mixin.py:190} INFO - [2024-09-18T12:13:45.629+0100] {dagbag.py:587} INFO - Filling up the DagBag from /Users/ds2718/Documents/test_python_airflow/airflow/py_venv/lib/python3.12/site-packages/airflow/example_dags/example_complex.py
[2024-09-18T12:13:45.637+0100] {processor.py:925} INFO - DAG(s) 'example_complex' retrieved from /Users/ds2718/Documents/test_python_airflow/airflow/py_venv/lib/python3.12/site-packages/airflow/example_dags/example_complex.py
[2024-09-18T12:13:45.682+0100] {logging_mixin.py:190} INFO - [2024-09-18T12:13:45.682+0100] {dag.py:3229} INFO - Sync 1 DAGs
[2024-09-18T12:13:45.688+0100] {logging_mixin.py:190} INFO - [2024-09-18T12:13:45.688+0100] {dag.py:4156} INFO - Setting next_dagrun for example_complex to None, run_after=None
[2024-09-18T12:13:45.705+0100] {processor.py:208} INFO - Processing /Users/ds2718/Documents/test_python_airflow/airflow/py_venv/lib/python3.12/site-packages/airflow/example_dags/example_complex.py took 0.085 seconds
