[2024-09-18T11:54:08.772+0100] {processor.py:186} INFO - Started process (PID=9464) to work on /Users/ds2718/Documents/test_python_airflow/airflow/py_venv/lib/python3.12/site-packages/airflow/example_dags/example_setup_teardown.py
[2024-09-18T11:54:08.773+0100] {processor.py:914} INFO - Processing file /Users/ds2718/Documents/test_python_airflow/airflow/py_venv/lib/python3.12/site-packages/airflow/example_dags/example_setup_teardown.py for tasks to queue
[2024-09-18T11:54:08.773+0100] {logging_mixin.py:190} INFO - [2024-09-18T11:54:08.773+0100] {dagbag.py:587} INFO - Filling up the DagBag from /Users/ds2718/Documents/test_python_airflow/airflow/py_venv/lib/python3.12/site-packages/airflow/example_dags/example_setup_teardown.py
[2024-09-18T11:54:08.777+0100] {processor.py:925} INFO - DAG(s) 'example_setup_teardown' retrieved from /Users/ds2718/Documents/test_python_airflow/airflow/py_venv/lib/python3.12/site-packages/airflow/example_dags/example_setup_teardown.py
[2024-09-18T11:54:08.900+0100] {logging_mixin.py:190} INFO - [2024-09-18T11:54:08.900+0100] {override.py:1900} INFO - Created Permission View: can edit on DAG:example_setup_teardown
[2024-09-18T11:54:08.908+0100] {logging_mixin.py:190} INFO - [2024-09-18T11:54:08.908+0100] {override.py:1900} INFO - Created Permission View: can delete on DAG:example_setup_teardown
[2024-09-18T11:54:08.910+0100] {logging_mixin.py:190} INFO - [2024-09-18T11:54:08.910+0100] {override.py:1900} INFO - Created Permission View: can read on DAG:example_setup_teardown
[2024-09-18T11:54:08.912+0100] {logging_mixin.py:190} INFO - [2024-09-18T11:54:08.912+0100] {override.py:1900} INFO - Created Permission View: can create on DAG Run:example_setup_teardown
[2024-09-18T11:54:08.914+0100] {logging_mixin.py:190} INFO - [2024-09-18T11:54:08.914+0100] {override.py:1900} INFO - Created Permission View: menu access on DAG Run:example_setup_teardown
[2024-09-18T11:54:08.927+0100] {logging_mixin.py:190} INFO - [2024-09-18T11:54:08.927+0100] {override.py:1900} INFO - Created Permission View: can delete on DAG Run:example_setup_teardown
[2024-09-18T11:54:08.929+0100] {logging_mixin.py:190} INFO - [2024-09-18T11:54:08.929+0100] {override.py:1900} INFO - Created Permission View: can read on DAG Run:example_setup_teardown
[2024-09-18T11:54:08.930+0100] {logging_mixin.py:190} INFO - [2024-09-18T11:54:08.929+0100] {dag.py:3229} INFO - Sync 1 DAGs
[2024-09-18T11:54:08.934+0100] {logging_mixin.py:190} INFO - [2024-09-18T11:54:08.934+0100] {dag.py:3252} INFO - Creating ORM DAG for example_setup_teardown
[2024-09-18T11:54:08.934+0100] {logging_mixin.py:190} INFO - [2024-09-18T11:54:08.934+0100] {dag.py:4156} INFO - Setting next_dagrun for example_setup_teardown to None, run_after=None
[2024-09-18T11:54:08.941+0100] {processor.py:208} INFO - Processing /Users/ds2718/Documents/test_python_airflow/airflow/py_venv/lib/python3.12/site-packages/airflow/example_dags/example_setup_teardown.py took 0.172 seconds
[2024-09-18T11:54:43.620+0100] {processor.py:186} INFO - Started process (PID=9664) to work on /Users/ds2718/Documents/test_python_airflow/airflow/py_venv/lib/python3.12/site-packages/airflow/example_dags/example_setup_teardown.py
[2024-09-18T11:54:43.622+0100] {processor.py:914} INFO - Processing file /Users/ds2718/Documents/test_python_airflow/airflow/py_venv/lib/python3.12/site-packages/airflow/example_dags/example_setup_teardown.py for tasks to queue
[2024-09-18T11:54:43.622+0100] {logging_mixin.py:190} INFO - [2024-09-18T11:54:43.622+0100] {dagbag.py:587} INFO - Filling up the DagBag from /Users/ds2718/Documents/test_python_airflow/airflow/py_venv/lib/python3.12/site-packages/airflow/example_dags/example_setup_teardown.py
[2024-09-18T11:54:43.627+0100] {processor.py:925} INFO - DAG(s) 'example_setup_teardown' retrieved from /Users/ds2718/Documents/test_python_airflow/airflow/py_venv/lib/python3.12/site-packages/airflow/example_dags/example_setup_teardown.py
[2024-09-18T11:54:43.667+0100] {logging_mixin.py:190} INFO - [2024-09-18T11:54:43.667+0100] {dag.py:3229} INFO - Sync 1 DAGs
[2024-09-18T11:54:43.674+0100] {logging_mixin.py:190} INFO - [2024-09-18T11:54:43.674+0100] {dag.py:4156} INFO - Setting next_dagrun for example_setup_teardown to None, run_after=None
[2024-09-18T11:54:43.701+0100] {processor.py:208} INFO - Processing /Users/ds2718/Documents/test_python_airflow/airflow/py_venv/lib/python3.12/site-packages/airflow/example_dags/example_setup_teardown.py took 0.087 seconds
[2024-09-18T11:55:19.106+0100] {processor.py:186} INFO - Started process (PID=9845) to work on /Users/ds2718/Documents/test_python_airflow/airflow/py_venv/lib/python3.12/site-packages/airflow/example_dags/example_setup_teardown.py
[2024-09-18T11:55:19.112+0100] {processor.py:914} INFO - Processing file /Users/ds2718/Documents/test_python_airflow/airflow/py_venv/lib/python3.12/site-packages/airflow/example_dags/example_setup_teardown.py for tasks to queue
[2024-09-18T11:55:19.113+0100] {logging_mixin.py:190} INFO - [2024-09-18T11:55:19.113+0100] {dagbag.py:587} INFO - Filling up the DagBag from /Users/ds2718/Documents/test_python_airflow/airflow/py_venv/lib/python3.12/site-packages/airflow/example_dags/example_setup_teardown.py
[2024-09-18T11:55:19.117+0100] {processor.py:925} INFO - DAG(s) 'example_setup_teardown' retrieved from /Users/ds2718/Documents/test_python_airflow/airflow/py_venv/lib/python3.12/site-packages/airflow/example_dags/example_setup_teardown.py
[2024-09-18T11:55:19.171+0100] {logging_mixin.py:190} INFO - [2024-09-18T11:55:19.171+0100] {dag.py:3229} INFO - Sync 1 DAGs
[2024-09-18T11:55:19.178+0100] {logging_mixin.py:190} INFO - [2024-09-18T11:55:19.178+0100] {dag.py:4156} INFO - Setting next_dagrun for example_setup_teardown to None, run_after=None
[2024-09-18T11:55:19.192+0100] {processor.py:208} INFO - Processing /Users/ds2718/Documents/test_python_airflow/airflow/py_venv/lib/python3.12/site-packages/airflow/example_dags/example_setup_teardown.py took 0.088 seconds
[2024-09-18T11:55:50.555+0100] {processor.py:186} INFO - Started process (PID=10026) to work on /Users/ds2718/Documents/test_python_airflow/airflow/py_venv/lib/python3.12/site-packages/airflow/example_dags/example_setup_teardown.py
[2024-09-18T11:55:50.556+0100] {processor.py:914} INFO - Processing file /Users/ds2718/Documents/test_python_airflow/airflow/py_venv/lib/python3.12/site-packages/airflow/example_dags/example_setup_teardown.py for tasks to queue
[2024-09-18T11:55:50.556+0100] {logging_mixin.py:190} INFO - [2024-09-18T11:55:50.556+0100] {dagbag.py:587} INFO - Filling up the DagBag from /Users/ds2718/Documents/test_python_airflow/airflow/py_venv/lib/python3.12/site-packages/airflow/example_dags/example_setup_teardown.py
[2024-09-18T11:55:50.561+0100] {processor.py:925} INFO - DAG(s) 'example_setup_teardown' retrieved from /Users/ds2718/Documents/test_python_airflow/airflow/py_venv/lib/python3.12/site-packages/airflow/example_dags/example_setup_teardown.py
[2024-09-18T11:55:50.608+0100] {logging_mixin.py:190} INFO - [2024-09-18T11:55:50.607+0100] {dag.py:3229} INFO - Sync 1 DAGs
[2024-09-18T11:55:50.615+0100] {logging_mixin.py:190} INFO - [2024-09-18T11:55:50.615+0100] {dag.py:4156} INFO - Setting next_dagrun for example_setup_teardown to None, run_after=None
[2024-09-18T11:55:50.625+0100] {processor.py:208} INFO - Processing /Users/ds2718/Documents/test_python_airflow/airflow/py_venv/lib/python3.12/site-packages/airflow/example_dags/example_setup_teardown.py took 0.074 seconds
[2024-09-18T11:56:24.921+0100] {processor.py:186} INFO - Started process (PID=10158) to work on /Users/ds2718/Documents/test_python_airflow/airflow/py_venv/lib/python3.12/site-packages/airflow/example_dags/example_setup_teardown.py
[2024-09-18T11:56:24.922+0100] {processor.py:914} INFO - Processing file /Users/ds2718/Documents/test_python_airflow/airflow/py_venv/lib/python3.12/site-packages/airflow/example_dags/example_setup_teardown.py for tasks to queue
[2024-09-18T11:56:24.923+0100] {logging_mixin.py:190} INFO - [2024-09-18T11:56:24.923+0100] {dagbag.py:587} INFO - Filling up the DagBag from /Users/ds2718/Documents/test_python_airflow/airflow/py_venv/lib/python3.12/site-packages/airflow/example_dags/example_setup_teardown.py
[2024-09-18T11:56:24.929+0100] {processor.py:925} INFO - DAG(s) 'example_setup_teardown' retrieved from /Users/ds2718/Documents/test_python_airflow/airflow/py_venv/lib/python3.12/site-packages/airflow/example_dags/example_setup_teardown.py
[2024-09-18T11:56:24.973+0100] {logging_mixin.py:190} INFO - [2024-09-18T11:56:24.972+0100] {dag.py:3229} INFO - Sync 1 DAGs
[2024-09-18T11:56:24.979+0100] {logging_mixin.py:190} INFO - [2024-09-18T11:56:24.979+0100] {dag.py:4156} INFO - Setting next_dagrun for example_setup_teardown to None, run_after=None
[2024-09-18T11:56:24.994+0100] {processor.py:208} INFO - Processing /Users/ds2718/Documents/test_python_airflow/airflow/py_venv/lib/python3.12/site-packages/airflow/example_dags/example_setup_teardown.py took 0.075 seconds
[2024-09-18T11:56:56.884+0100] {processor.py:186} INFO - Started process (PID=10331) to work on /Users/ds2718/Documents/test_python_airflow/airflow/py_venv/lib/python3.12/site-packages/airflow/example_dags/example_setup_teardown.py
[2024-09-18T11:56:56.885+0100] {processor.py:914} INFO - Processing file /Users/ds2718/Documents/test_python_airflow/airflow/py_venv/lib/python3.12/site-packages/airflow/example_dags/example_setup_teardown.py for tasks to queue
[2024-09-18T11:56:56.885+0100] {logging_mixin.py:190} INFO - [2024-09-18T11:56:56.885+0100] {dagbag.py:587} INFO - Filling up the DagBag from /Users/ds2718/Documents/test_python_airflow/airflow/py_venv/lib/python3.12/site-packages/airflow/example_dags/example_setup_teardown.py
[2024-09-18T11:56:56.893+0100] {processor.py:925} INFO - DAG(s) 'example_setup_teardown' retrieved from /Users/ds2718/Documents/test_python_airflow/airflow/py_venv/lib/python3.12/site-packages/airflow/example_dags/example_setup_teardown.py
[2024-09-18T11:56:56.933+0100] {logging_mixin.py:190} INFO - [2024-09-18T11:56:56.933+0100] {dag.py:3229} INFO - Sync 1 DAGs
[2024-09-18T11:56:56.939+0100] {logging_mixin.py:190} INFO - [2024-09-18T11:56:56.939+0100] {dag.py:4156} INFO - Setting next_dagrun for example_setup_teardown to None, run_after=None
[2024-09-18T11:56:56.956+0100] {processor.py:208} INFO - Processing /Users/ds2718/Documents/test_python_airflow/airflow/py_venv/lib/python3.12/site-packages/airflow/example_dags/example_setup_teardown.py took 0.078 seconds
[2024-09-18T11:57:29.920+0100] {processor.py:186} INFO - Started process (PID=10489) to work on /Users/ds2718/Documents/test_python_airflow/airflow/py_venv/lib/python3.12/site-packages/airflow/example_dags/example_setup_teardown.py
[2024-09-18T11:57:29.920+0100] {processor.py:914} INFO - Processing file /Users/ds2718/Documents/test_python_airflow/airflow/py_venv/lib/python3.12/site-packages/airflow/example_dags/example_setup_teardown.py for tasks to queue
[2024-09-18T11:57:29.920+0100] {logging_mixin.py:190} INFO - [2024-09-18T11:57:29.920+0100] {dagbag.py:587} INFO - Filling up the DagBag from /Users/ds2718/Documents/test_python_airflow/airflow/py_venv/lib/python3.12/site-packages/airflow/example_dags/example_setup_teardown.py
[2024-09-18T11:57:29.925+0100] {processor.py:925} INFO - DAG(s) 'example_setup_teardown' retrieved from /Users/ds2718/Documents/test_python_airflow/airflow/py_venv/lib/python3.12/site-packages/airflow/example_dags/example_setup_teardown.py
[2024-09-18T11:57:29.966+0100] {logging_mixin.py:190} INFO - [2024-09-18T11:57:29.966+0100] {dag.py:3229} INFO - Sync 1 DAGs
[2024-09-18T11:57:29.973+0100] {logging_mixin.py:190} INFO - [2024-09-18T11:57:29.973+0100] {dag.py:4156} INFO - Setting next_dagrun for example_setup_teardown to None, run_after=None
[2024-09-18T11:57:29.981+0100] {processor.py:208} INFO - Processing /Users/ds2718/Documents/test_python_airflow/airflow/py_venv/lib/python3.12/site-packages/airflow/example_dags/example_setup_teardown.py took 0.066 seconds
[2024-09-18T11:58:04.080+0100] {processor.py:186} INFO - Started process (PID=10689) to work on /Users/ds2718/Documents/test_python_airflow/airflow/py_venv/lib/python3.12/site-packages/airflow/example_dags/example_setup_teardown.py
[2024-09-18T11:58:04.081+0100] {processor.py:914} INFO - Processing file /Users/ds2718/Documents/test_python_airflow/airflow/py_venv/lib/python3.12/site-packages/airflow/example_dags/example_setup_teardown.py for tasks to queue
[2024-09-18T11:58:04.082+0100] {logging_mixin.py:190} INFO - [2024-09-18T11:58:04.082+0100] {dagbag.py:587} INFO - Filling up the DagBag from /Users/ds2718/Documents/test_python_airflow/airflow/py_venv/lib/python3.12/site-packages/airflow/example_dags/example_setup_teardown.py
[2024-09-18T11:58:04.088+0100] {processor.py:925} INFO - DAG(s) 'example_setup_teardown' retrieved from /Users/ds2718/Documents/test_python_airflow/airflow/py_venv/lib/python3.12/site-packages/airflow/example_dags/example_setup_teardown.py
[2024-09-18T11:58:04.131+0100] {logging_mixin.py:190} INFO - [2024-09-18T11:58:04.131+0100] {dag.py:3229} INFO - Sync 1 DAGs
[2024-09-18T11:58:04.138+0100] {logging_mixin.py:190} INFO - [2024-09-18T11:58:04.138+0100] {dag.py:4156} INFO - Setting next_dagrun for example_setup_teardown to None, run_after=None
[2024-09-18T11:58:04.154+0100] {processor.py:208} INFO - Processing /Users/ds2718/Documents/test_python_airflow/airflow/py_venv/lib/python3.12/site-packages/airflow/example_dags/example_setup_teardown.py took 0.082 seconds
[2024-09-18T11:58:39.155+0100] {processor.py:186} INFO - Started process (PID=10873) to work on /Users/ds2718/Documents/test_python_airflow/airflow/py_venv/lib/python3.12/site-packages/airflow/example_dags/example_setup_teardown.py
[2024-09-18T11:58:39.156+0100] {processor.py:914} INFO - Processing file /Users/ds2718/Documents/test_python_airflow/airflow/py_venv/lib/python3.12/site-packages/airflow/example_dags/example_setup_teardown.py for tasks to queue
[2024-09-18T11:58:39.156+0100] {logging_mixin.py:190} INFO - [2024-09-18T11:58:39.156+0100] {dagbag.py:587} INFO - Filling up the DagBag from /Users/ds2718/Documents/test_python_airflow/airflow/py_venv/lib/python3.12/site-packages/airflow/example_dags/example_setup_teardown.py
[2024-09-18T11:58:39.161+0100] {processor.py:925} INFO - DAG(s) 'example_setup_teardown' retrieved from /Users/ds2718/Documents/test_python_airflow/airflow/py_venv/lib/python3.12/site-packages/airflow/example_dags/example_setup_teardown.py
[2024-09-18T11:58:39.207+0100] {logging_mixin.py:190} INFO - [2024-09-18T11:58:39.206+0100] {dag.py:3229} INFO - Sync 1 DAGs
[2024-09-18T11:58:39.214+0100] {logging_mixin.py:190} INFO - [2024-09-18T11:58:39.214+0100] {dag.py:4156} INFO - Setting next_dagrun for example_setup_teardown to None, run_after=None
[2024-09-18T11:58:39.229+0100] {processor.py:208} INFO - Processing /Users/ds2718/Documents/test_python_airflow/airflow/py_venv/lib/python3.12/site-packages/airflow/example_dags/example_setup_teardown.py took 0.080 seconds
[2024-09-18T11:59:14.418+0100] {processor.py:186} INFO - Started process (PID=11079) to work on /Users/ds2718/Documents/test_python_airflow/airflow/py_venv/lib/python3.12/site-packages/airflow/example_dags/example_setup_teardown.py
[2024-09-18T11:59:14.420+0100] {processor.py:914} INFO - Processing file /Users/ds2718/Documents/test_python_airflow/airflow/py_venv/lib/python3.12/site-packages/airflow/example_dags/example_setup_teardown.py for tasks to queue
[2024-09-18T11:59:14.421+0100] {logging_mixin.py:190} INFO - [2024-09-18T11:59:14.420+0100] {dagbag.py:587} INFO - Filling up the DagBag from /Users/ds2718/Documents/test_python_airflow/airflow/py_venv/lib/python3.12/site-packages/airflow/example_dags/example_setup_teardown.py
[2024-09-18T11:59:14.426+0100] {processor.py:925} INFO - DAG(s) 'example_setup_teardown' retrieved from /Users/ds2718/Documents/test_python_airflow/airflow/py_venv/lib/python3.12/site-packages/airflow/example_dags/example_setup_teardown.py
[2024-09-18T11:59:14.495+0100] {logging_mixin.py:190} INFO - [2024-09-18T11:59:14.495+0100] {dag.py:3229} INFO - Sync 1 DAGs
[2024-09-18T11:59:14.504+0100] {logging_mixin.py:190} INFO - [2024-09-18T11:59:14.504+0100] {dag.py:4156} INFO - Setting next_dagrun for example_setup_teardown to None, run_after=None
[2024-09-18T11:59:14.543+0100] {processor.py:208} INFO - Processing /Users/ds2718/Documents/test_python_airflow/airflow/py_venv/lib/python3.12/site-packages/airflow/example_dags/example_setup_teardown.py took 0.131 seconds
[2024-09-18T11:59:47.963+0100] {processor.py:186} INFO - Started process (PID=11248) to work on /Users/ds2718/Documents/test_python_airflow/airflow/py_venv/lib/python3.12/site-packages/airflow/example_dags/example_setup_teardown.py
[2024-09-18T11:59:47.964+0100] {processor.py:914} INFO - Processing file /Users/ds2718/Documents/test_python_airflow/airflow/py_venv/lib/python3.12/site-packages/airflow/example_dags/example_setup_teardown.py for tasks to queue
[2024-09-18T11:59:47.964+0100] {logging_mixin.py:190} INFO - [2024-09-18T11:59:47.964+0100] {dagbag.py:587} INFO - Filling up the DagBag from /Users/ds2718/Documents/test_python_airflow/airflow/py_venv/lib/python3.12/site-packages/airflow/example_dags/example_setup_teardown.py
[2024-09-18T11:59:47.970+0100] {processor.py:925} INFO - DAG(s) 'example_setup_teardown' retrieved from /Users/ds2718/Documents/test_python_airflow/airflow/py_venv/lib/python3.12/site-packages/airflow/example_dags/example_setup_teardown.py
[2024-09-18T11:59:48.011+0100] {logging_mixin.py:190} INFO - [2024-09-18T11:59:48.011+0100] {dag.py:3229} INFO - Sync 1 DAGs
[2024-09-18T11:59:48.030+0100] {logging_mixin.py:190} INFO - [2024-09-18T11:59:48.030+0100] {dag.py:4156} INFO - Setting next_dagrun for example_setup_teardown to None, run_after=None
[2024-09-18T11:59:48.042+0100] {processor.py:208} INFO - Processing /Users/ds2718/Documents/test_python_airflow/airflow/py_venv/lib/python3.12/site-packages/airflow/example_dags/example_setup_teardown.py took 0.086 seconds
[2024-09-18T12:00:21.396+0100] {processor.py:186} INFO - Started process (PID=11463) to work on /Users/ds2718/Documents/test_python_airflow/airflow/py_venv/lib/python3.12/site-packages/airflow/example_dags/example_setup_teardown.py
[2024-09-18T12:00:21.397+0100] {processor.py:914} INFO - Processing file /Users/ds2718/Documents/test_python_airflow/airflow/py_venv/lib/python3.12/site-packages/airflow/example_dags/example_setup_teardown.py for tasks to queue
[2024-09-18T12:00:21.397+0100] {logging_mixin.py:190} INFO - [2024-09-18T12:00:21.397+0100] {dagbag.py:587} INFO - Filling up the DagBag from /Users/ds2718/Documents/test_python_airflow/airflow/py_venv/lib/python3.12/site-packages/airflow/example_dags/example_setup_teardown.py
[2024-09-18T12:00:21.402+0100] {processor.py:925} INFO - DAG(s) 'example_setup_teardown' retrieved from /Users/ds2718/Documents/test_python_airflow/airflow/py_venv/lib/python3.12/site-packages/airflow/example_dags/example_setup_teardown.py
[2024-09-18T12:00:21.446+0100] {logging_mixin.py:190} INFO - [2024-09-18T12:00:21.446+0100] {dag.py:3229} INFO - Sync 1 DAGs
[2024-09-18T12:00:21.452+0100] {logging_mixin.py:190} INFO - [2024-09-18T12:00:21.452+0100] {dag.py:4156} INFO - Setting next_dagrun for example_setup_teardown to None, run_after=None
[2024-09-18T12:00:21.478+0100] {processor.py:208} INFO - Processing /Users/ds2718/Documents/test_python_airflow/airflow/py_venv/lib/python3.12/site-packages/airflow/example_dags/example_setup_teardown.py took 0.087 seconds
[2024-09-18T12:00:54.599+0100] {processor.py:186} INFO - Started process (PID=11631) to work on /Users/ds2718/Documents/test_python_airflow/airflow/py_venv/lib/python3.12/site-packages/airflow/example_dags/example_setup_teardown.py
[2024-09-18T12:00:54.600+0100] {processor.py:914} INFO - Processing file /Users/ds2718/Documents/test_python_airflow/airflow/py_venv/lib/python3.12/site-packages/airflow/example_dags/example_setup_teardown.py for tasks to queue
[2024-09-18T12:00:54.601+0100] {logging_mixin.py:190} INFO - [2024-09-18T12:00:54.600+0100] {dagbag.py:587} INFO - Filling up the DagBag from /Users/ds2718/Documents/test_python_airflow/airflow/py_venv/lib/python3.12/site-packages/airflow/example_dags/example_setup_teardown.py
[2024-09-18T12:00:54.606+0100] {processor.py:925} INFO - DAG(s) 'example_setup_teardown' retrieved from /Users/ds2718/Documents/test_python_airflow/airflow/py_venv/lib/python3.12/site-packages/airflow/example_dags/example_setup_teardown.py
[2024-09-18T12:00:54.648+0100] {logging_mixin.py:190} INFO - [2024-09-18T12:00:54.648+0100] {dag.py:3229} INFO - Sync 1 DAGs
[2024-09-18T12:00:54.655+0100] {logging_mixin.py:190} INFO - [2024-09-18T12:00:54.655+0100] {dag.py:4156} INFO - Setting next_dagrun for example_setup_teardown to None, run_after=None
[2024-09-18T12:00:54.668+0100] {processor.py:208} INFO - Processing /Users/ds2718/Documents/test_python_airflow/airflow/py_venv/lib/python3.12/site-packages/airflow/example_dags/example_setup_teardown.py took 0.076 seconds
[2024-09-18T12:06:09.056+0100] {processor.py:186} INFO - Started process (PID=11873) to work on /Users/ds2718/Documents/test_python_airflow/airflow/py_venv/lib/python3.12/site-packages/airflow/example_dags/example_setup_teardown.py
[2024-09-18T12:06:09.057+0100] {processor.py:914} INFO - Processing file /Users/ds2718/Documents/test_python_airflow/airflow/py_venv/lib/python3.12/site-packages/airflow/example_dags/example_setup_teardown.py for tasks to queue
[2024-09-18T12:06:09.057+0100] {logging_mixin.py:190} INFO - [2024-09-18T12:06:09.057+0100] {dagbag.py:587} INFO - Filling up the DagBag from /Users/ds2718/Documents/test_python_airflow/airflow/py_venv/lib/python3.12/site-packages/airflow/example_dags/example_setup_teardown.py
[2024-09-18T12:06:09.063+0100] {processor.py:925} INFO - DAG(s) 'example_setup_teardown' retrieved from /Users/ds2718/Documents/test_python_airflow/airflow/py_venv/lib/python3.12/site-packages/airflow/example_dags/example_setup_teardown.py
[2024-09-18T12:06:09.108+0100] {logging_mixin.py:190} INFO - [2024-09-18T12:06:09.108+0100] {dag.py:3229} INFO - Sync 1 DAGs
[2024-09-18T12:06:09.114+0100] {logging_mixin.py:190} INFO - [2024-09-18T12:06:09.114+0100] {dag.py:4156} INFO - Setting next_dagrun for example_setup_teardown to None, run_after=None
[2024-09-18T12:06:09.126+0100] {processor.py:208} INFO - Processing /Users/ds2718/Documents/test_python_airflow/airflow/py_venv/lib/python3.12/site-packages/airflow/example_dags/example_setup_teardown.py took 0.072 seconds
[2024-09-18T12:06:43.023+0100] {processor.py:186} INFO - Started process (PID=12069) to work on /Users/ds2718/Documents/test_python_airflow/airflow/py_venv/lib/python3.12/site-packages/airflow/example_dags/example_setup_teardown.py
[2024-09-18T12:06:43.023+0100] {processor.py:914} INFO - Processing file /Users/ds2718/Documents/test_python_airflow/airflow/py_venv/lib/python3.12/site-packages/airflow/example_dags/example_setup_teardown.py for tasks to queue
[2024-09-18T12:06:43.023+0100] {logging_mixin.py:190} INFO - [2024-09-18T12:06:43.023+0100] {dagbag.py:587} INFO - Filling up the DagBag from /Users/ds2718/Documents/test_python_airflow/airflow/py_venv/lib/python3.12/site-packages/airflow/example_dags/example_setup_teardown.py
[2024-09-18T12:06:43.028+0100] {processor.py:925} INFO - DAG(s) 'example_setup_teardown' retrieved from /Users/ds2718/Documents/test_python_airflow/airflow/py_venv/lib/python3.12/site-packages/airflow/example_dags/example_setup_teardown.py
[2024-09-18T12:06:43.070+0100] {logging_mixin.py:190} INFO - [2024-09-18T12:06:43.070+0100] {dag.py:3229} INFO - Sync 1 DAGs
[2024-09-18T12:06:43.077+0100] {logging_mixin.py:190} INFO - [2024-09-18T12:06:43.077+0100] {dag.py:4156} INFO - Setting next_dagrun for example_setup_teardown to None, run_after=None
[2024-09-18T12:06:43.091+0100] {processor.py:208} INFO - Processing /Users/ds2718/Documents/test_python_airflow/airflow/py_venv/lib/python3.12/site-packages/airflow/example_dags/example_setup_teardown.py took 0.070 seconds
[2024-09-18T12:07:16.744+0100] {processor.py:186} INFO - Started process (PID=12224) to work on /Users/ds2718/Documents/test_python_airflow/airflow/py_venv/lib/python3.12/site-packages/airflow/example_dags/example_setup_teardown.py
[2024-09-18T12:07:16.745+0100] {processor.py:914} INFO - Processing file /Users/ds2718/Documents/test_python_airflow/airflow/py_venv/lib/python3.12/site-packages/airflow/example_dags/example_setup_teardown.py for tasks to queue
[2024-09-18T12:07:16.746+0100] {logging_mixin.py:190} INFO - [2024-09-18T12:07:16.746+0100] {dagbag.py:587} INFO - Filling up the DagBag from /Users/ds2718/Documents/test_python_airflow/airflow/py_venv/lib/python3.12/site-packages/airflow/example_dags/example_setup_teardown.py
[2024-09-18T12:07:16.751+0100] {processor.py:925} INFO - DAG(s) 'example_setup_teardown' retrieved from /Users/ds2718/Documents/test_python_airflow/airflow/py_venv/lib/python3.12/site-packages/airflow/example_dags/example_setup_teardown.py
[2024-09-18T12:07:16.822+0100] {logging_mixin.py:190} INFO - [2024-09-18T12:07:16.821+0100] {dag.py:3229} INFO - Sync 1 DAGs
[2024-09-18T12:07:16.828+0100] {logging_mixin.py:190} INFO - [2024-09-18T12:07:16.828+0100] {dag.py:4156} INFO - Setting next_dagrun for example_setup_teardown to None, run_after=None
[2024-09-18T12:07:16.839+0100] {processor.py:208} INFO - Processing /Users/ds2718/Documents/test_python_airflow/airflow/py_venv/lib/python3.12/site-packages/airflow/example_dags/example_setup_teardown.py took 0.104 seconds
[2024-09-18T12:07:52.535+0100] {processor.py:186} INFO - Started process (PID=12402) to work on /Users/ds2718/Documents/test_python_airflow/airflow/py_venv/lib/python3.12/site-packages/airflow/example_dags/example_setup_teardown.py
[2024-09-18T12:07:52.537+0100] {processor.py:914} INFO - Processing file /Users/ds2718/Documents/test_python_airflow/airflow/py_venv/lib/python3.12/site-packages/airflow/example_dags/example_setup_teardown.py for tasks to queue
[2024-09-18T12:07:52.537+0100] {logging_mixin.py:190} INFO - [2024-09-18T12:07:52.537+0100] {dagbag.py:587} INFO - Filling up the DagBag from /Users/ds2718/Documents/test_python_airflow/airflow/py_venv/lib/python3.12/site-packages/airflow/example_dags/example_setup_teardown.py
[2024-09-18T12:07:52.544+0100] {processor.py:925} INFO - DAG(s) 'example_setup_teardown' retrieved from /Users/ds2718/Documents/test_python_airflow/airflow/py_venv/lib/python3.12/site-packages/airflow/example_dags/example_setup_teardown.py
[2024-09-18T12:07:52.627+0100] {logging_mixin.py:190} INFO - [2024-09-18T12:07:52.627+0100] {dag.py:3229} INFO - Sync 1 DAGs
[2024-09-18T12:07:52.636+0100] {logging_mixin.py:190} INFO - [2024-09-18T12:07:52.636+0100] {dag.py:4156} INFO - Setting next_dagrun for example_setup_teardown to None, run_after=None
[2024-09-18T12:07:52.664+0100] {processor.py:208} INFO - Processing /Users/ds2718/Documents/test_python_airflow/airflow/py_venv/lib/python3.12/site-packages/airflow/example_dags/example_setup_teardown.py took 0.149 seconds
[2024-09-18T12:08:29.818+0100] {processor.py:186} INFO - Started process (PID=12532) to work on /Users/ds2718/Documents/test_python_airflow/airflow/py_venv/lib/python3.12/site-packages/airflow/example_dags/example_setup_teardown.py
[2024-09-18T12:08:29.820+0100] {processor.py:914} INFO - Processing file /Users/ds2718/Documents/test_python_airflow/airflow/py_venv/lib/python3.12/site-packages/airflow/example_dags/example_setup_teardown.py for tasks to queue
[2024-09-18T12:08:29.821+0100] {logging_mixin.py:190} INFO - [2024-09-18T12:08:29.820+0100] {dagbag.py:587} INFO - Filling up the DagBag from /Users/ds2718/Documents/test_python_airflow/airflow/py_venv/lib/python3.12/site-packages/airflow/example_dags/example_setup_teardown.py
[2024-09-18T12:08:29.825+0100] {processor.py:925} INFO - DAG(s) 'example_setup_teardown' retrieved from /Users/ds2718/Documents/test_python_airflow/airflow/py_venv/lib/python3.12/site-packages/airflow/example_dags/example_setup_teardown.py
[2024-09-18T12:08:29.879+0100] {logging_mixin.py:190} INFO - [2024-09-18T12:08:29.879+0100] {dag.py:3229} INFO - Sync 1 DAGs
[2024-09-18T12:08:29.887+0100] {logging_mixin.py:190} INFO - [2024-09-18T12:08:29.887+0100] {dag.py:4156} INFO - Setting next_dagrun for example_setup_teardown to None, run_after=None
[2024-09-18T12:08:29.897+0100] {processor.py:208} INFO - Processing /Users/ds2718/Documents/test_python_airflow/airflow/py_venv/lib/python3.12/site-packages/airflow/example_dags/example_setup_teardown.py took 0.081 seconds
[2024-09-18T12:09:02.557+0100] {processor.py:186} INFO - Started process (PID=12730) to work on /Users/ds2718/Documents/test_python_airflow/airflow/py_venv/lib/python3.12/site-packages/airflow/example_dags/example_setup_teardown.py
[2024-09-18T12:09:02.558+0100] {processor.py:914} INFO - Processing file /Users/ds2718/Documents/test_python_airflow/airflow/py_venv/lib/python3.12/site-packages/airflow/example_dags/example_setup_teardown.py for tasks to queue
[2024-09-18T12:09:02.559+0100] {logging_mixin.py:190} INFO - [2024-09-18T12:09:02.559+0100] {dagbag.py:587} INFO - Filling up the DagBag from /Users/ds2718/Documents/test_python_airflow/airflow/py_venv/lib/python3.12/site-packages/airflow/example_dags/example_setup_teardown.py
[2024-09-18T12:09:02.564+0100] {processor.py:925} INFO - DAG(s) 'example_setup_teardown' retrieved from /Users/ds2718/Documents/test_python_airflow/airflow/py_venv/lib/python3.12/site-packages/airflow/example_dags/example_setup_teardown.py
[2024-09-18T12:09:02.605+0100] {logging_mixin.py:190} INFO - [2024-09-18T12:09:02.605+0100] {dag.py:3229} INFO - Sync 1 DAGs
[2024-09-18T12:09:02.612+0100] {logging_mixin.py:190} INFO - [2024-09-18T12:09:02.612+0100] {dag.py:4156} INFO - Setting next_dagrun for example_setup_teardown to None, run_after=None
[2024-09-18T12:09:02.627+0100] {processor.py:208} INFO - Processing /Users/ds2718/Documents/test_python_airflow/airflow/py_venv/lib/python3.12/site-packages/airflow/example_dags/example_setup_teardown.py took 0.079 seconds
[2024-09-18T12:09:37.899+0100] {processor.py:186} INFO - Started process (PID=12896) to work on /Users/ds2718/Documents/test_python_airflow/airflow/py_venv/lib/python3.12/site-packages/airflow/example_dags/example_setup_teardown.py
[2024-09-18T12:09:37.900+0100] {processor.py:914} INFO - Processing file /Users/ds2718/Documents/test_python_airflow/airflow/py_venv/lib/python3.12/site-packages/airflow/example_dags/example_setup_teardown.py for tasks to queue
[2024-09-18T12:09:37.900+0100] {logging_mixin.py:190} INFO - [2024-09-18T12:09:37.900+0100] {dagbag.py:587} INFO - Filling up the DagBag from /Users/ds2718/Documents/test_python_airflow/airflow/py_venv/lib/python3.12/site-packages/airflow/example_dags/example_setup_teardown.py
[2024-09-18T12:09:37.906+0100] {processor.py:925} INFO - DAG(s) 'example_setup_teardown' retrieved from /Users/ds2718/Documents/test_python_airflow/airflow/py_venv/lib/python3.12/site-packages/airflow/example_dags/example_setup_teardown.py
[2024-09-18T12:09:37.950+0100] {logging_mixin.py:190} INFO - [2024-09-18T12:09:37.950+0100] {dag.py:3229} INFO - Sync 1 DAGs
[2024-09-18T12:09:37.956+0100] {logging_mixin.py:190} INFO - [2024-09-18T12:09:37.956+0100] {dag.py:4156} INFO - Setting next_dagrun for example_setup_teardown to None, run_after=None
[2024-09-18T12:09:37.967+0100] {processor.py:208} INFO - Processing /Users/ds2718/Documents/test_python_airflow/airflow/py_venv/lib/python3.12/site-packages/airflow/example_dags/example_setup_teardown.py took 0.076 seconds
[2024-09-18T12:10:10.469+0100] {processor.py:186} INFO - Started process (PID=13073) to work on /Users/ds2718/Documents/test_python_airflow/airflow/py_venv/lib/python3.12/site-packages/airflow/example_dags/example_setup_teardown.py
[2024-09-18T12:10:10.471+0100] {processor.py:914} INFO - Processing file /Users/ds2718/Documents/test_python_airflow/airflow/py_venv/lib/python3.12/site-packages/airflow/example_dags/example_setup_teardown.py for tasks to queue
[2024-09-18T12:10:10.472+0100] {logging_mixin.py:190} INFO - [2024-09-18T12:10:10.472+0100] {dagbag.py:587} INFO - Filling up the DagBag from /Users/ds2718/Documents/test_python_airflow/airflow/py_venv/lib/python3.12/site-packages/airflow/example_dags/example_setup_teardown.py
[2024-09-18T12:10:10.476+0100] {processor.py:925} INFO - DAG(s) 'example_setup_teardown' retrieved from /Users/ds2718/Documents/test_python_airflow/airflow/py_venv/lib/python3.12/site-packages/airflow/example_dags/example_setup_teardown.py
[2024-09-18T12:10:10.515+0100] {logging_mixin.py:190} INFO - [2024-09-18T12:10:10.514+0100] {dag.py:3229} INFO - Sync 1 DAGs
[2024-09-18T12:10:10.520+0100] {logging_mixin.py:190} INFO - [2024-09-18T12:10:10.520+0100] {dag.py:4156} INFO - Setting next_dagrun for example_setup_teardown to None, run_after=None
[2024-09-18T12:10:10.529+0100] {processor.py:208} INFO - Processing /Users/ds2718/Documents/test_python_airflow/airflow/py_venv/lib/python3.12/site-packages/airflow/example_dags/example_setup_teardown.py took 0.061 seconds
[2024-09-18T12:10:44.900+0100] {processor.py:186} INFO - Started process (PID=13217) to work on /Users/ds2718/Documents/test_python_airflow/airflow/py_venv/lib/python3.12/site-packages/airflow/example_dags/example_setup_teardown.py
[2024-09-18T12:10:44.901+0100] {processor.py:914} INFO - Processing file /Users/ds2718/Documents/test_python_airflow/airflow/py_venv/lib/python3.12/site-packages/airflow/example_dags/example_setup_teardown.py for tasks to queue
[2024-09-18T12:10:44.901+0100] {logging_mixin.py:190} INFO - [2024-09-18T12:10:44.901+0100] {dagbag.py:587} INFO - Filling up the DagBag from /Users/ds2718/Documents/test_python_airflow/airflow/py_venv/lib/python3.12/site-packages/airflow/example_dags/example_setup_teardown.py
[2024-09-18T12:10:44.908+0100] {processor.py:925} INFO - DAG(s) 'example_setup_teardown' retrieved from /Users/ds2718/Documents/test_python_airflow/airflow/py_venv/lib/python3.12/site-packages/airflow/example_dags/example_setup_teardown.py
[2024-09-18T12:10:44.951+0100] {logging_mixin.py:190} INFO - [2024-09-18T12:10:44.951+0100] {dag.py:3229} INFO - Sync 1 DAGs
[2024-09-18T12:10:44.958+0100] {logging_mixin.py:190} INFO - [2024-09-18T12:10:44.958+0100] {dag.py:4156} INFO - Setting next_dagrun for example_setup_teardown to None, run_after=None
[2024-09-18T12:10:44.973+0100] {processor.py:208} INFO - Processing /Users/ds2718/Documents/test_python_airflow/airflow/py_venv/lib/python3.12/site-packages/airflow/example_dags/example_setup_teardown.py took 0.079 seconds
[2024-09-18T12:11:17.777+0100] {processor.py:186} INFO - Started process (PID=13375) to work on /Users/ds2718/Documents/test_python_airflow/airflow/py_venv/lib/python3.12/site-packages/airflow/example_dags/example_setup_teardown.py
[2024-09-18T12:11:17.778+0100] {processor.py:914} INFO - Processing file /Users/ds2718/Documents/test_python_airflow/airflow/py_venv/lib/python3.12/site-packages/airflow/example_dags/example_setup_teardown.py for tasks to queue
[2024-09-18T12:11:17.779+0100] {logging_mixin.py:190} INFO - [2024-09-18T12:11:17.779+0100] {dagbag.py:587} INFO - Filling up the DagBag from /Users/ds2718/Documents/test_python_airflow/airflow/py_venv/lib/python3.12/site-packages/airflow/example_dags/example_setup_teardown.py
[2024-09-18T12:11:17.784+0100] {processor.py:925} INFO - DAG(s) 'example_setup_teardown' retrieved from /Users/ds2718/Documents/test_python_airflow/airflow/py_venv/lib/python3.12/site-packages/airflow/example_dags/example_setup_teardown.py
[2024-09-18T12:11:17.842+0100] {logging_mixin.py:190} INFO - [2024-09-18T12:11:17.842+0100] {dag.py:3229} INFO - Sync 1 DAGs
[2024-09-18T12:11:17.848+0100] {logging_mixin.py:190} INFO - [2024-09-18T12:11:17.848+0100] {dag.py:4156} INFO - Setting next_dagrun for example_setup_teardown to None, run_after=None
[2024-09-18T12:11:17.872+0100] {processor.py:208} INFO - Processing /Users/ds2718/Documents/test_python_airflow/airflow/py_venv/lib/python3.12/site-packages/airflow/example_dags/example_setup_teardown.py took 0.103 seconds
[2024-09-18T12:11:52.368+0100] {processor.py:186} INFO - Started process (PID=13558) to work on /Users/ds2718/Documents/test_python_airflow/airflow/py_venv/lib/python3.12/site-packages/airflow/example_dags/example_setup_teardown.py
[2024-09-18T12:11:52.369+0100] {processor.py:914} INFO - Processing file /Users/ds2718/Documents/test_python_airflow/airflow/py_venv/lib/python3.12/site-packages/airflow/example_dags/example_setup_teardown.py for tasks to queue
[2024-09-18T12:11:52.370+0100] {logging_mixin.py:190} INFO - [2024-09-18T12:11:52.369+0100] {dagbag.py:587} INFO - Filling up the DagBag from /Users/ds2718/Documents/test_python_airflow/airflow/py_venv/lib/python3.12/site-packages/airflow/example_dags/example_setup_teardown.py
[2024-09-18T12:11:52.374+0100] {processor.py:925} INFO - DAG(s) 'example_setup_teardown' retrieved from /Users/ds2718/Documents/test_python_airflow/airflow/py_venv/lib/python3.12/site-packages/airflow/example_dags/example_setup_teardown.py
[2024-09-18T12:11:52.420+0100] {logging_mixin.py:190} INFO - [2024-09-18T12:11:52.420+0100] {dag.py:3229} INFO - Sync 1 DAGs
[2024-09-18T12:11:52.426+0100] {logging_mixin.py:190} INFO - [2024-09-18T12:11:52.426+0100] {dag.py:4156} INFO - Setting next_dagrun for example_setup_teardown to None, run_after=None
[2024-09-18T12:11:52.433+0100] {processor.py:208} INFO - Processing /Users/ds2718/Documents/test_python_airflow/airflow/py_venv/lib/python3.12/site-packages/airflow/example_dags/example_setup_teardown.py took 0.070 seconds
[2024-09-18T12:12:26.625+0100] {processor.py:186} INFO - Started process (PID=13686) to work on /Users/ds2718/Documents/test_python_airflow/airflow/py_venv/lib/python3.12/site-packages/airflow/example_dags/example_setup_teardown.py
[2024-09-18T12:12:26.626+0100] {processor.py:914} INFO - Processing file /Users/ds2718/Documents/test_python_airflow/airflow/py_venv/lib/python3.12/site-packages/airflow/example_dags/example_setup_teardown.py for tasks to queue
[2024-09-18T12:12:26.626+0100] {logging_mixin.py:190} INFO - [2024-09-18T12:12:26.626+0100] {dagbag.py:587} INFO - Filling up the DagBag from /Users/ds2718/Documents/test_python_airflow/airflow/py_venv/lib/python3.12/site-packages/airflow/example_dags/example_setup_teardown.py
[2024-09-18T12:12:26.630+0100] {processor.py:925} INFO - DAG(s) 'example_setup_teardown' retrieved from /Users/ds2718/Documents/test_python_airflow/airflow/py_venv/lib/python3.12/site-packages/airflow/example_dags/example_setup_teardown.py
[2024-09-18T12:12:26.678+0100] {logging_mixin.py:190} INFO - [2024-09-18T12:12:26.678+0100] {dag.py:3229} INFO - Sync 1 DAGs
[2024-09-18T12:12:26.684+0100] {logging_mixin.py:190} INFO - [2024-09-18T12:12:26.684+0100] {dag.py:4156} INFO - Setting next_dagrun for example_setup_teardown to None, run_after=None
[2024-09-18T12:12:26.693+0100] {processor.py:208} INFO - Processing /Users/ds2718/Documents/test_python_airflow/airflow/py_venv/lib/python3.12/site-packages/airflow/example_dags/example_setup_teardown.py took 0.070 seconds
[2024-09-18T12:13:00.143+0100] {processor.py:186} INFO - Started process (PID=13868) to work on /Users/ds2718/Documents/test_python_airflow/airflow/py_venv/lib/python3.12/site-packages/airflow/example_dags/example_setup_teardown.py
[2024-09-18T12:13:00.143+0100] {processor.py:914} INFO - Processing file /Users/ds2718/Documents/test_python_airflow/airflow/py_venv/lib/python3.12/site-packages/airflow/example_dags/example_setup_teardown.py for tasks to queue
[2024-09-18T12:13:00.144+0100] {logging_mixin.py:190} INFO - [2024-09-18T12:13:00.143+0100] {dagbag.py:587} INFO - Filling up the DagBag from /Users/ds2718/Documents/test_python_airflow/airflow/py_venv/lib/python3.12/site-packages/airflow/example_dags/example_setup_teardown.py
[2024-09-18T12:13:00.148+0100] {processor.py:925} INFO - DAG(s) 'example_setup_teardown' retrieved from /Users/ds2718/Documents/test_python_airflow/airflow/py_venv/lib/python3.12/site-packages/airflow/example_dags/example_setup_teardown.py
[2024-09-18T12:13:00.187+0100] {logging_mixin.py:190} INFO - [2024-09-18T12:13:00.187+0100] {dag.py:3229} INFO - Sync 1 DAGs
[2024-09-18T12:13:00.193+0100] {logging_mixin.py:190} INFO - [2024-09-18T12:13:00.193+0100] {dag.py:4156} INFO - Setting next_dagrun for example_setup_teardown to None, run_after=None
[2024-09-18T12:13:00.200+0100] {processor.py:208} INFO - Processing /Users/ds2718/Documents/test_python_airflow/airflow/py_venv/lib/python3.12/site-packages/airflow/example_dags/example_setup_teardown.py took 0.062 seconds
[2024-09-18T12:13:33.330+0100] {processor.py:186} INFO - Started process (PID=14020) to work on /Users/ds2718/Documents/test_python_airflow/airflow/py_venv/lib/python3.12/site-packages/airflow/example_dags/example_setup_teardown.py
[2024-09-18T12:13:33.333+0100] {processor.py:914} INFO - Processing file /Users/ds2718/Documents/test_python_airflow/airflow/py_venv/lib/python3.12/site-packages/airflow/example_dags/example_setup_teardown.py for tasks to queue
[2024-09-18T12:13:33.333+0100] {logging_mixin.py:190} INFO - [2024-09-18T12:13:33.333+0100] {dagbag.py:587} INFO - Filling up the DagBag from /Users/ds2718/Documents/test_python_airflow/airflow/py_venv/lib/python3.12/site-packages/airflow/example_dags/example_setup_teardown.py
[2024-09-18T12:13:33.339+0100] {processor.py:925} INFO - DAG(s) 'example_setup_teardown' retrieved from /Users/ds2718/Documents/test_python_airflow/airflow/py_venv/lib/python3.12/site-packages/airflow/example_dags/example_setup_teardown.py
[2024-09-18T12:13:33.381+0100] {logging_mixin.py:190} INFO - [2024-09-18T12:13:33.380+0100] {dag.py:3229} INFO - Sync 1 DAGs
[2024-09-18T12:13:33.386+0100] {logging_mixin.py:190} INFO - [2024-09-18T12:13:33.386+0100] {dag.py:4156} INFO - Setting next_dagrun for example_setup_teardown to None, run_after=None
[2024-09-18T12:13:33.401+0100] {processor.py:208} INFO - Processing /Users/ds2718/Documents/test_python_airflow/airflow/py_venv/lib/python3.12/site-packages/airflow/example_dags/example_setup_teardown.py took 0.078 seconds
[2024-09-18T12:14:09.088+0100] {processor.py:186} INFO - Started process (PID=14218) to work on /Users/ds2718/Documents/test_python_airflow/airflow/py_venv/lib/python3.12/site-packages/airflow/example_dags/example_setup_teardown.py
[2024-09-18T12:14:09.089+0100] {processor.py:914} INFO - Processing file /Users/ds2718/Documents/test_python_airflow/airflow/py_venv/lib/python3.12/site-packages/airflow/example_dags/example_setup_teardown.py for tasks to queue
[2024-09-18T12:14:09.089+0100] {logging_mixin.py:190} INFO - [2024-09-18T12:14:09.089+0100] {dagbag.py:587} INFO - Filling up the DagBag from /Users/ds2718/Documents/test_python_airflow/airflow/py_venv/lib/python3.12/site-packages/airflow/example_dags/example_setup_teardown.py
[2024-09-18T12:14:09.093+0100] {processor.py:925} INFO - DAG(s) 'example_setup_teardown' retrieved from /Users/ds2718/Documents/test_python_airflow/airflow/py_venv/lib/python3.12/site-packages/airflow/example_dags/example_setup_teardown.py
[2024-09-18T12:14:09.132+0100] {logging_mixin.py:190} INFO - [2024-09-18T12:14:09.132+0100] {dag.py:3229} INFO - Sync 1 DAGs
[2024-09-18T12:14:09.140+0100] {logging_mixin.py:190} INFO - [2024-09-18T12:14:09.140+0100] {dag.py:4156} INFO - Setting next_dagrun for example_setup_teardown to None, run_after=None
[2024-09-18T12:14:09.178+0100] {processor.py:208} INFO - Processing /Users/ds2718/Documents/test_python_airflow/airflow/py_venv/lib/python3.12/site-packages/airflow/example_dags/example_setup_teardown.py took 0.096 seconds
