[2024-09-18T11:54:08.906+0100] {processor.py:186} INFO - Started process (PID=9465) to work on /Users/ds2718/Documents/test_python_airflow/airflow/py_venv/lib/python3.12/site-packages/airflow/example_dags/example_sensors.py
[2024-09-18T11:54:08.907+0100] {processor.py:914} INFO - Processing file /Users/ds2718/Documents/test_python_airflow/airflow/py_venv/lib/python3.12/site-packages/airflow/example_dags/example_sensors.py for tasks to queue
[2024-09-18T11:54:08.907+0100] {logging_mixin.py:190} INFO - [2024-09-18T11:54:08.907+0100] {dagbag.py:587} INFO - Filling up the DagBag from /Users/ds2718/Documents/test_python_airflow/airflow/py_venv/lib/python3.12/site-packages/airflow/example_dags/example_sensors.py
[2024-09-18T11:54:08.914+0100] {processor.py:925} INFO - DAG(s) 'example_sensors' retrieved from /Users/ds2718/Documents/test_python_airflow/airflow/py_venv/lib/python3.12/site-packages/airflow/example_dags/example_sensors.py
[2024-09-18T11:54:09.249+0100] {logging_mixin.py:190} INFO - [2024-09-18T11:54:09.248+0100] {override.py:1900} INFO - Created Permission View: can delete on DAG:example_sensors
[2024-09-18T11:54:09.252+0100] {logging_mixin.py:190} INFO - [2024-09-18T11:54:09.252+0100] {override.py:1900} INFO - Created Permission View: can edit on DAG:example_sensors
[2024-09-18T11:54:09.254+0100] {logging_mixin.py:190} INFO - [2024-09-18T11:54:09.253+0100] {override.py:1900} INFO - Created Permission View: can read on DAG:example_sensors
[2024-09-18T11:54:09.256+0100] {logging_mixin.py:190} INFO - [2024-09-18T11:54:09.255+0100] {override.py:1900} INFO - Created Permission View: can create on DAG Run:example_sensors
[2024-09-18T11:54:09.257+0100] {logging_mixin.py:190} INFO - [2024-09-18T11:54:09.257+0100] {override.py:1900} INFO - Created Permission View: can delete on DAG Run:example_sensors
[2024-09-18T11:54:09.259+0100] {logging_mixin.py:190} INFO - [2024-09-18T11:54:09.259+0100] {override.py:1900} INFO - Created Permission View: menu access on DAG Run:example_sensors
[2024-09-18T11:54:09.261+0100] {logging_mixin.py:190} INFO - [2024-09-18T11:54:09.261+0100] {override.py:1900} INFO - Created Permission View: can read on DAG Run:example_sensors
[2024-09-18T11:54:09.261+0100] {logging_mixin.py:190} INFO - [2024-09-18T11:54:09.261+0100] {dag.py:3229} INFO - Sync 1 DAGs
[2024-09-18T11:54:09.267+0100] {logging_mixin.py:190} INFO - [2024-09-18T11:54:09.267+0100] {dag.py:3252} INFO - Creating ORM DAG for example_sensors
[2024-09-18T11:54:09.267+0100] {logging_mixin.py:190} INFO - [2024-09-18T11:54:09.267+0100] {dag.py:4156} INFO - Setting next_dagrun for example_sensors to None, run_after=None
[2024-09-18T11:54:09.274+0100] {processor.py:208} INFO - Processing /Users/ds2718/Documents/test_python_airflow/airflow/py_venv/lib/python3.12/site-packages/airflow/example_dags/example_sensors.py took 0.374 seconds
[2024-09-18T11:54:43.620+0100] {processor.py:186} INFO - Started process (PID=9665) to work on /Users/ds2718/Documents/test_python_airflow/airflow/py_venv/lib/python3.12/site-packages/airflow/example_dags/example_sensors.py
[2024-09-18T11:54:43.622+0100] {processor.py:914} INFO - Processing file /Users/ds2718/Documents/test_python_airflow/airflow/py_venv/lib/python3.12/site-packages/airflow/example_dags/example_sensors.py for tasks to queue
[2024-09-18T11:54:43.622+0100] {logging_mixin.py:190} INFO - [2024-09-18T11:54:43.622+0100] {dagbag.py:587} INFO - Filling up the DagBag from /Users/ds2718/Documents/test_python_airflow/airflow/py_venv/lib/python3.12/site-packages/airflow/example_dags/example_sensors.py
[2024-09-18T11:54:43.630+0100] {processor.py:925} INFO - DAG(s) 'example_sensors' retrieved from /Users/ds2718/Documents/test_python_airflow/airflow/py_venv/lib/python3.12/site-packages/airflow/example_dags/example_sensors.py
[2024-09-18T11:54:43.904+0100] {logging_mixin.py:190} INFO - [2024-09-18T11:54:43.904+0100] {dag.py:3229} INFO - Sync 1 DAGs
[2024-09-18T11:54:43.910+0100] {logging_mixin.py:190} INFO - [2024-09-18T11:54:43.910+0100] {dag.py:4156} INFO - Setting next_dagrun for example_sensors to None, run_after=None
[2024-09-18T11:54:43.918+0100] {processor.py:208} INFO - Processing /Users/ds2718/Documents/test_python_airflow/airflow/py_venv/lib/python3.12/site-packages/airflow/example_dags/example_sensors.py took 0.299 seconds
[2024-09-18T11:55:19.582+0100] {processor.py:186} INFO - Started process (PID=9846) to work on /Users/ds2718/Documents/test_python_airflow/airflow/py_venv/lib/python3.12/site-packages/airflow/example_dags/example_sensors.py
[2024-09-18T11:55:19.583+0100] {processor.py:914} INFO - Processing file /Users/ds2718/Documents/test_python_airflow/airflow/py_venv/lib/python3.12/site-packages/airflow/example_dags/example_sensors.py for tasks to queue
[2024-09-18T11:55:19.583+0100] {logging_mixin.py:190} INFO - [2024-09-18T11:55:19.583+0100] {dagbag.py:587} INFO - Filling up the DagBag from /Users/ds2718/Documents/test_python_airflow/airflow/py_venv/lib/python3.12/site-packages/airflow/example_dags/example_sensors.py
[2024-09-18T11:55:19.591+0100] {processor.py:925} INFO - DAG(s) 'example_sensors' retrieved from /Users/ds2718/Documents/test_python_airflow/airflow/py_venv/lib/python3.12/site-packages/airflow/example_dags/example_sensors.py
[2024-09-18T11:55:19.846+0100] {logging_mixin.py:190} INFO - [2024-09-18T11:55:19.846+0100] {dag.py:3229} INFO - Sync 1 DAGs
[2024-09-18T11:55:19.853+0100] {logging_mixin.py:190} INFO - [2024-09-18T11:55:19.853+0100] {dag.py:4156} INFO - Setting next_dagrun for example_sensors to None, run_after=None
[2024-09-18T11:55:19.864+0100] {processor.py:208} INFO - Processing /Users/ds2718/Documents/test_python_airflow/airflow/py_venv/lib/python3.12/site-packages/airflow/example_dags/example_sensors.py took 0.288 seconds
[2024-09-18T11:55:51.302+0100] {processor.py:186} INFO - Started process (PID=10029) to work on /Users/ds2718/Documents/test_python_airflow/airflow/py_venv/lib/python3.12/site-packages/airflow/example_dags/example_sensors.py
[2024-09-18T11:55:51.303+0100] {processor.py:914} INFO - Processing file /Users/ds2718/Documents/test_python_airflow/airflow/py_venv/lib/python3.12/site-packages/airflow/example_dags/example_sensors.py for tasks to queue
[2024-09-18T11:55:51.303+0100] {logging_mixin.py:190} INFO - [2024-09-18T11:55:51.303+0100] {dagbag.py:587} INFO - Filling up the DagBag from /Users/ds2718/Documents/test_python_airflow/airflow/py_venv/lib/python3.12/site-packages/airflow/example_dags/example_sensors.py
[2024-09-18T11:55:51.310+0100] {processor.py:925} INFO - DAG(s) 'example_sensors' retrieved from /Users/ds2718/Documents/test_python_airflow/airflow/py_venv/lib/python3.12/site-packages/airflow/example_dags/example_sensors.py
[2024-09-18T11:55:51.558+0100] {logging_mixin.py:190} INFO - [2024-09-18T11:55:51.558+0100] {dag.py:3229} INFO - Sync 1 DAGs
[2024-09-18T11:55:51.564+0100] {logging_mixin.py:190} INFO - [2024-09-18T11:55:51.563+0100] {dag.py:4156} INFO - Setting next_dagrun for example_sensors to None, run_after=None
[2024-09-18T11:55:51.576+0100] {processor.py:208} INFO - Processing /Users/ds2718/Documents/test_python_airflow/airflow/py_venv/lib/python3.12/site-packages/airflow/example_dags/example_sensors.py took 0.275 seconds
[2024-09-18T11:56:25.997+0100] {processor.py:186} INFO - Started process (PID=10162) to work on /Users/ds2718/Documents/test_python_airflow/airflow/py_venv/lib/python3.12/site-packages/airflow/example_dags/example_sensors.py
[2024-09-18T11:56:25.998+0100] {processor.py:914} INFO - Processing file /Users/ds2718/Documents/test_python_airflow/airflow/py_venv/lib/python3.12/site-packages/airflow/example_dags/example_sensors.py for tasks to queue
[2024-09-18T11:56:25.998+0100] {logging_mixin.py:190} INFO - [2024-09-18T11:56:25.998+0100] {dagbag.py:587} INFO - Filling up the DagBag from /Users/ds2718/Documents/test_python_airflow/airflow/py_venv/lib/python3.12/site-packages/airflow/example_dags/example_sensors.py
[2024-09-18T11:56:26.007+0100] {processor.py:925} INFO - DAG(s) 'example_sensors' retrieved from /Users/ds2718/Documents/test_python_airflow/airflow/py_venv/lib/python3.12/site-packages/airflow/example_dags/example_sensors.py
[2024-09-18T11:56:26.283+0100] {logging_mixin.py:190} INFO - [2024-09-18T11:56:26.282+0100] {dag.py:3229} INFO - Sync 1 DAGs
[2024-09-18T11:56:26.301+0100] {logging_mixin.py:190} INFO - [2024-09-18T11:56:26.301+0100] {dag.py:4156} INFO - Setting next_dagrun for example_sensors to None, run_after=None
[2024-09-18T11:56:26.338+0100] {processor.py:208} INFO - Processing /Users/ds2718/Documents/test_python_airflow/airflow/py_venv/lib/python3.12/site-packages/airflow/example_dags/example_sensors.py took 0.349 seconds
[2024-09-18T11:56:57.938+0100] {processor.py:186} INFO - Started process (PID=10334) to work on /Users/ds2718/Documents/test_python_airflow/airflow/py_venv/lib/python3.12/site-packages/airflow/example_dags/example_sensors.py
[2024-09-18T11:56:57.940+0100] {processor.py:914} INFO - Processing file /Users/ds2718/Documents/test_python_airflow/airflow/py_venv/lib/python3.12/site-packages/airflow/example_dags/example_sensors.py for tasks to queue
[2024-09-18T11:56:57.941+0100] {logging_mixin.py:190} INFO - [2024-09-18T11:56:57.941+0100] {dagbag.py:587} INFO - Filling up the DagBag from /Users/ds2718/Documents/test_python_airflow/airflow/py_venv/lib/python3.12/site-packages/airflow/example_dags/example_sensors.py
[2024-09-18T11:56:57.950+0100] {processor.py:925} INFO - DAG(s) 'example_sensors' retrieved from /Users/ds2718/Documents/test_python_airflow/airflow/py_venv/lib/python3.12/site-packages/airflow/example_dags/example_sensors.py
[2024-09-18T11:56:58.226+0100] {logging_mixin.py:190} INFO - [2024-09-18T11:56:58.226+0100] {dag.py:3229} INFO - Sync 1 DAGs
[2024-09-18T11:56:58.234+0100] {logging_mixin.py:190} INFO - [2024-09-18T11:56:58.234+0100] {dag.py:4156} INFO - Setting next_dagrun for example_sensors to None, run_after=None
[2024-09-18T11:56:58.255+0100] {processor.py:208} INFO - Processing /Users/ds2718/Documents/test_python_airflow/airflow/py_venv/lib/python3.12/site-packages/airflow/example_dags/example_sensors.py took 0.318 seconds
[2024-09-18T11:57:30.654+0100] {processor.py:186} INFO - Started process (PID=10491) to work on /Users/ds2718/Documents/test_python_airflow/airflow/py_venv/lib/python3.12/site-packages/airflow/example_dags/example_sensors.py
[2024-09-18T11:57:30.654+0100] {processor.py:914} INFO - Processing file /Users/ds2718/Documents/test_python_airflow/airflow/py_venv/lib/python3.12/site-packages/airflow/example_dags/example_sensors.py for tasks to queue
[2024-09-18T11:57:30.655+0100] {logging_mixin.py:190} INFO - [2024-09-18T11:57:30.655+0100] {dagbag.py:587} INFO - Filling up the DagBag from /Users/ds2718/Documents/test_python_airflow/airflow/py_venv/lib/python3.12/site-packages/airflow/example_dags/example_sensors.py
[2024-09-18T11:57:30.661+0100] {processor.py:925} INFO - DAG(s) 'example_sensors' retrieved from /Users/ds2718/Documents/test_python_airflow/airflow/py_venv/lib/python3.12/site-packages/airflow/example_dags/example_sensors.py
[2024-09-18T11:57:30.904+0100] {logging_mixin.py:190} INFO - [2024-09-18T11:57:30.904+0100] {dag.py:3229} INFO - Sync 1 DAGs
[2024-09-18T11:57:30.920+0100] {logging_mixin.py:190} INFO - [2024-09-18T11:57:30.920+0100] {dag.py:4156} INFO - Setting next_dagrun for example_sensors to None, run_after=None
[2024-09-18T11:57:30.931+0100] {processor.py:208} INFO - Processing /Users/ds2718/Documents/test_python_airflow/airflow/py_venv/lib/python3.12/site-packages/airflow/example_dags/example_sensors.py took 0.279 seconds
[2024-09-18T11:58:05.165+0100] {processor.py:186} INFO - Started process (PID=10699) to work on /Users/ds2718/Documents/test_python_airflow/airflow/py_venv/lib/python3.12/site-packages/airflow/example_dags/example_sensors.py
[2024-09-18T11:58:05.168+0100] {processor.py:914} INFO - Processing file /Users/ds2718/Documents/test_python_airflow/airflow/py_venv/lib/python3.12/site-packages/airflow/example_dags/example_sensors.py for tasks to queue
[2024-09-18T11:58:05.168+0100] {logging_mixin.py:190} INFO - [2024-09-18T11:58:05.168+0100] {dagbag.py:587} INFO - Filling up the DagBag from /Users/ds2718/Documents/test_python_airflow/airflow/py_venv/lib/python3.12/site-packages/airflow/example_dags/example_sensors.py
[2024-09-18T11:58:05.178+0100] {processor.py:925} INFO - DAG(s) 'example_sensors' retrieved from /Users/ds2718/Documents/test_python_airflow/airflow/py_venv/lib/python3.12/site-packages/airflow/example_dags/example_sensors.py
[2024-09-18T11:58:05.476+0100] {logging_mixin.py:190} INFO - [2024-09-18T11:58:05.476+0100] {dag.py:3229} INFO - Sync 1 DAGs
[2024-09-18T11:58:05.484+0100] {logging_mixin.py:190} INFO - [2024-09-18T11:58:05.484+0100] {dag.py:4156} INFO - Setting next_dagrun for example_sensors to None, run_after=None
[2024-09-18T11:58:05.529+0100] {processor.py:208} INFO - Processing /Users/ds2718/Documents/test_python_airflow/airflow/py_venv/lib/python3.12/site-packages/airflow/example_dags/example_sensors.py took 0.366 seconds
[2024-09-18T11:58:40.062+0100] {processor.py:186} INFO - Started process (PID=10875) to work on /Users/ds2718/Documents/test_python_airflow/airflow/py_venv/lib/python3.12/site-packages/airflow/example_dags/example_sensors.py
[2024-09-18T11:58:40.063+0100] {processor.py:914} INFO - Processing file /Users/ds2718/Documents/test_python_airflow/airflow/py_venv/lib/python3.12/site-packages/airflow/example_dags/example_sensors.py for tasks to queue
[2024-09-18T11:58:40.063+0100] {logging_mixin.py:190} INFO - [2024-09-18T11:58:40.063+0100] {dagbag.py:587} INFO - Filling up the DagBag from /Users/ds2718/Documents/test_python_airflow/airflow/py_venv/lib/python3.12/site-packages/airflow/example_dags/example_sensors.py
[2024-09-18T11:58:40.072+0100] {processor.py:925} INFO - DAG(s) 'example_sensors' retrieved from /Users/ds2718/Documents/test_python_airflow/airflow/py_venv/lib/python3.12/site-packages/airflow/example_dags/example_sensors.py
[2024-09-18T11:58:40.347+0100] {logging_mixin.py:190} INFO - [2024-09-18T11:58:40.347+0100] {dag.py:3229} INFO - Sync 1 DAGs
[2024-09-18T11:58:40.355+0100] {logging_mixin.py:190} INFO - [2024-09-18T11:58:40.355+0100] {dag.py:4156} INFO - Setting next_dagrun for example_sensors to None, run_after=None
[2024-09-18T11:58:40.380+0100] {processor.py:208} INFO - Processing /Users/ds2718/Documents/test_python_airflow/airflow/py_venv/lib/python3.12/site-packages/airflow/example_dags/example_sensors.py took 0.320 seconds
[2024-09-18T11:59:14.419+0100] {processor.py:186} INFO - Started process (PID=11080) to work on /Users/ds2718/Documents/test_python_airflow/airflow/py_venv/lib/python3.12/site-packages/airflow/example_dags/example_sensors.py
[2024-09-18T11:59:14.420+0100] {processor.py:914} INFO - Processing file /Users/ds2718/Documents/test_python_airflow/airflow/py_venv/lib/python3.12/site-packages/airflow/example_dags/example_sensors.py for tasks to queue
[2024-09-18T11:59:14.421+0100] {logging_mixin.py:190} INFO - [2024-09-18T11:59:14.420+0100] {dagbag.py:587} INFO - Filling up the DagBag from /Users/ds2718/Documents/test_python_airflow/airflow/py_venv/lib/python3.12/site-packages/airflow/example_dags/example_sensors.py
[2024-09-18T11:59:14.432+0100] {processor.py:925} INFO - DAG(s) 'example_sensors' retrieved from /Users/ds2718/Documents/test_python_airflow/airflow/py_venv/lib/python3.12/site-packages/airflow/example_dags/example_sensors.py
[2024-09-18T11:59:14.755+0100] {logging_mixin.py:190} INFO - [2024-09-18T11:59:14.755+0100] {dag.py:3229} INFO - Sync 1 DAGs
[2024-09-18T11:59:14.761+0100] {logging_mixin.py:190} INFO - [2024-09-18T11:59:14.761+0100] {dag.py:4156} INFO - Setting next_dagrun for example_sensors to None, run_after=None
[2024-09-18T11:59:14.769+0100] {processor.py:208} INFO - Processing /Users/ds2718/Documents/test_python_airflow/airflow/py_venv/lib/python3.12/site-packages/airflow/example_dags/example_sensors.py took 0.353 seconds
[2024-09-18T11:59:49.062+0100] {processor.py:186} INFO - Started process (PID=11253) to work on /Users/ds2718/Documents/test_python_airflow/airflow/py_venv/lib/python3.12/site-packages/airflow/example_dags/example_sensors.py
[2024-09-18T11:59:49.065+0100] {processor.py:914} INFO - Processing file /Users/ds2718/Documents/test_python_airflow/airflow/py_venv/lib/python3.12/site-packages/airflow/example_dags/example_sensors.py for tasks to queue
[2024-09-18T11:59:49.065+0100] {logging_mixin.py:190} INFO - [2024-09-18T11:59:49.065+0100] {dagbag.py:587} INFO - Filling up the DagBag from /Users/ds2718/Documents/test_python_airflow/airflow/py_venv/lib/python3.12/site-packages/airflow/example_dags/example_sensors.py
[2024-09-18T11:59:49.083+0100] {processor.py:925} INFO - DAG(s) 'example_sensors' retrieved from /Users/ds2718/Documents/test_python_airflow/airflow/py_venv/lib/python3.12/site-packages/airflow/example_dags/example_sensors.py
[2024-09-18T11:59:49.386+0100] {logging_mixin.py:190} INFO - [2024-09-18T11:59:49.386+0100] {dag.py:3229} INFO - Sync 1 DAGs
[2024-09-18T11:59:49.395+0100] {logging_mixin.py:190} INFO - [2024-09-18T11:59:49.395+0100] {dag.py:4156} INFO - Setting next_dagrun for example_sensors to None, run_after=None
[2024-09-18T11:59:49.409+0100] {processor.py:208} INFO - Processing /Users/ds2718/Documents/test_python_airflow/airflow/py_venv/lib/python3.12/site-packages/airflow/example_dags/example_sensors.py took 0.363 seconds
[2024-09-18T12:00:22.480+0100] {processor.py:186} INFO - Started process (PID=11466) to work on /Users/ds2718/Documents/test_python_airflow/airflow/py_venv/lib/python3.12/site-packages/airflow/example_dags/example_sensors.py
[2024-09-18T12:00:22.481+0100] {processor.py:914} INFO - Processing file /Users/ds2718/Documents/test_python_airflow/airflow/py_venv/lib/python3.12/site-packages/airflow/example_dags/example_sensors.py for tasks to queue
[2024-09-18T12:00:22.481+0100] {logging_mixin.py:190} INFO - [2024-09-18T12:00:22.481+0100] {dagbag.py:587} INFO - Filling up the DagBag from /Users/ds2718/Documents/test_python_airflow/airflow/py_venv/lib/python3.12/site-packages/airflow/example_dags/example_sensors.py
[2024-09-18T12:00:22.491+0100] {processor.py:925} INFO - DAG(s) 'example_sensors' retrieved from /Users/ds2718/Documents/test_python_airflow/airflow/py_venv/lib/python3.12/site-packages/airflow/example_dags/example_sensors.py
[2024-09-18T12:00:22.772+0100] {logging_mixin.py:190} INFO - [2024-09-18T12:00:22.771+0100] {dag.py:3229} INFO - Sync 1 DAGs
[2024-09-18T12:00:22.779+0100] {logging_mixin.py:190} INFO - [2024-09-18T12:00:22.779+0100] {dag.py:4156} INFO - Setting next_dagrun for example_sensors to None, run_after=None
[2024-09-18T12:00:22.795+0100] {processor.py:208} INFO - Processing /Users/ds2718/Documents/test_python_airflow/airflow/py_venv/lib/python3.12/site-packages/airflow/example_dags/example_sensors.py took 0.323 seconds
[2024-09-18T12:00:55.655+0100] {processor.py:186} INFO - Started process (PID=11634) to work on /Users/ds2718/Documents/test_python_airflow/airflow/py_venv/lib/python3.12/site-packages/airflow/example_dags/example_sensors.py
[2024-09-18T12:00:55.657+0100] {processor.py:914} INFO - Processing file /Users/ds2718/Documents/test_python_airflow/airflow/py_venv/lib/python3.12/site-packages/airflow/example_dags/example_sensors.py for tasks to queue
[2024-09-18T12:00:55.658+0100] {logging_mixin.py:190} INFO - [2024-09-18T12:00:55.658+0100] {dagbag.py:587} INFO - Filling up the DagBag from /Users/ds2718/Documents/test_python_airflow/airflow/py_venv/lib/python3.12/site-packages/airflow/example_dags/example_sensors.py
[2024-09-18T12:00:55.667+0100] {processor.py:925} INFO - DAG(s) 'example_sensors' retrieved from /Users/ds2718/Documents/test_python_airflow/airflow/py_venv/lib/python3.12/site-packages/airflow/example_dags/example_sensors.py
[2024-09-18T12:00:55.952+0100] {logging_mixin.py:190} INFO - [2024-09-18T12:00:55.952+0100] {dag.py:3229} INFO - Sync 1 DAGs
[2024-09-18T12:00:55.960+0100] {logging_mixin.py:190} INFO - [2024-09-18T12:00:55.960+0100] {dag.py:4156} INFO - Setting next_dagrun for example_sensors to None, run_after=None
[2024-09-18T12:00:55.988+0100] {processor.py:208} INFO - Processing /Users/ds2718/Documents/test_python_airflow/airflow/py_venv/lib/python3.12/site-packages/airflow/example_dags/example_sensors.py took 0.339 seconds
[2024-09-18T12:06:10.156+0100] {processor.py:186} INFO - Started process (PID=11881) to work on /Users/ds2718/Documents/test_python_airflow/airflow/py_venv/lib/python3.12/site-packages/airflow/example_dags/example_sensors.py
[2024-09-18T12:06:10.157+0100] {processor.py:914} INFO - Processing file /Users/ds2718/Documents/test_python_airflow/airflow/py_venv/lib/python3.12/site-packages/airflow/example_dags/example_sensors.py for tasks to queue
[2024-09-18T12:06:10.157+0100] {logging_mixin.py:190} INFO - [2024-09-18T12:06:10.157+0100] {dagbag.py:587} INFO - Filling up the DagBag from /Users/ds2718/Documents/test_python_airflow/airflow/py_venv/lib/python3.12/site-packages/airflow/example_dags/example_sensors.py
[2024-09-18T12:06:10.188+0100] {processor.py:925} INFO - DAG(s) 'example_sensors' retrieved from /Users/ds2718/Documents/test_python_airflow/airflow/py_venv/lib/python3.12/site-packages/airflow/example_dags/example_sensors.py
[2024-09-18T12:06:10.627+0100] {logging_mixin.py:190} INFO - [2024-09-18T12:06:10.626+0100] {dag.py:3229} INFO - Sync 1 DAGs
[2024-09-18T12:06:10.634+0100] {logging_mixin.py:190} INFO - [2024-09-18T12:06:10.634+0100] {dag.py:4156} INFO - Setting next_dagrun for example_sensors to None, run_after=None
[2024-09-18T12:06:10.649+0100] {processor.py:208} INFO - Processing /Users/ds2718/Documents/test_python_airflow/airflow/py_venv/lib/python3.12/site-packages/airflow/example_dags/example_sensors.py took 0.501 seconds
[2024-09-18T12:06:44.067+0100] {processor.py:186} INFO - Started process (PID=12073) to work on /Users/ds2718/Documents/test_python_airflow/airflow/py_venv/lib/python3.12/site-packages/airflow/example_dags/example_sensors.py
[2024-09-18T12:06:44.068+0100] {processor.py:914} INFO - Processing file /Users/ds2718/Documents/test_python_airflow/airflow/py_venv/lib/python3.12/site-packages/airflow/example_dags/example_sensors.py for tasks to queue
[2024-09-18T12:06:44.068+0100] {logging_mixin.py:190} INFO - [2024-09-18T12:06:44.068+0100] {dagbag.py:587} INFO - Filling up the DagBag from /Users/ds2718/Documents/test_python_airflow/airflow/py_venv/lib/python3.12/site-packages/airflow/example_dags/example_sensors.py
[2024-09-18T12:06:44.077+0100] {processor.py:925} INFO - DAG(s) 'example_sensors' retrieved from /Users/ds2718/Documents/test_python_airflow/airflow/py_venv/lib/python3.12/site-packages/airflow/example_dags/example_sensors.py
[2024-09-18T12:06:44.408+0100] {logging_mixin.py:190} INFO - [2024-09-18T12:06:44.407+0100] {dag.py:3229} INFO - Sync 1 DAGs
[2024-09-18T12:06:44.416+0100] {logging_mixin.py:190} INFO - [2024-09-18T12:06:44.416+0100] {dag.py:4156} INFO - Setting next_dagrun for example_sensors to None, run_after=None
[2024-09-18T12:06:44.432+0100] {processor.py:208} INFO - Processing /Users/ds2718/Documents/test_python_airflow/airflow/py_venv/lib/python3.12/site-packages/airflow/example_dags/example_sensors.py took 0.372 seconds
[2024-09-18T12:07:17.873+0100] {processor.py:186} INFO - Started process (PID=12234) to work on /Users/ds2718/Documents/test_python_airflow/airflow/py_venv/lib/python3.12/site-packages/airflow/example_dags/example_sensors.py
[2024-09-18T12:07:17.874+0100] {processor.py:914} INFO - Processing file /Users/ds2718/Documents/test_python_airflow/airflow/py_venv/lib/python3.12/site-packages/airflow/example_dags/example_sensors.py for tasks to queue
[2024-09-18T12:07:17.875+0100] {logging_mixin.py:190} INFO - [2024-09-18T12:07:17.875+0100] {dagbag.py:587} INFO - Filling up the DagBag from /Users/ds2718/Documents/test_python_airflow/airflow/py_venv/lib/python3.12/site-packages/airflow/example_dags/example_sensors.py
[2024-09-18T12:07:17.884+0100] {processor.py:925} INFO - DAG(s) 'example_sensors' retrieved from /Users/ds2718/Documents/test_python_airflow/airflow/py_venv/lib/python3.12/site-packages/airflow/example_dags/example_sensors.py
[2024-09-18T12:07:18.211+0100] {logging_mixin.py:190} INFO - [2024-09-18T12:07:18.211+0100] {dag.py:3229} INFO - Sync 1 DAGs
[2024-09-18T12:07:18.219+0100] {logging_mixin.py:190} INFO - [2024-09-18T12:07:18.219+0100] {dag.py:4156} INFO - Setting next_dagrun for example_sensors to None, run_after=None
[2024-09-18T12:07:18.239+0100] {processor.py:208} INFO - Processing /Users/ds2718/Documents/test_python_airflow/airflow/py_venv/lib/python3.12/site-packages/airflow/example_dags/example_sensors.py took 0.369 seconds
[2024-09-18T12:07:59.210+0100] {processor.py:186} INFO - Started process (PID=12418) to work on /Users/ds2718/Documents/test_python_airflow/airflow/py_venv/lib/python3.12/site-packages/airflow/example_dags/example_sensors.py
[2024-09-18T12:07:59.211+0100] {processor.py:914} INFO - Processing file /Users/ds2718/Documents/test_python_airflow/airflow/py_venv/lib/python3.12/site-packages/airflow/example_dags/example_sensors.py for tasks to queue
[2024-09-18T12:07:59.211+0100] {logging_mixin.py:190} INFO - [2024-09-18T12:07:59.211+0100] {dagbag.py:587} INFO - Filling up the DagBag from /Users/ds2718/Documents/test_python_airflow/airflow/py_venv/lib/python3.12/site-packages/airflow/example_dags/example_sensors.py
[2024-09-18T12:07:59.221+0100] {processor.py:925} INFO - DAG(s) 'example_sensors' retrieved from /Users/ds2718/Documents/test_python_airflow/airflow/py_venv/lib/python3.12/site-packages/airflow/example_dags/example_sensors.py
[2024-09-18T12:07:59.809+0100] {logging_mixin.py:190} INFO - [2024-09-18T12:07:59.807+0100] {dag.py:3229} INFO - Sync 1 DAGs
[2024-09-18T12:07:59.820+0100] {logging_mixin.py:190} INFO - [2024-09-18T12:07:59.820+0100] {dag.py:4156} INFO - Setting next_dagrun for example_sensors to None, run_after=None
[2024-09-18T12:07:59.841+0100] {processor.py:208} INFO - Processing /Users/ds2718/Documents/test_python_airflow/airflow/py_venv/lib/python3.12/site-packages/airflow/example_dags/example_sensors.py took 0.642 seconds
[2024-09-18T12:08:35.050+0100] {processor.py:186} INFO - Started process (PID=12561) to work on /Users/ds2718/Documents/test_python_airflow/airflow/py_venv/lib/python3.12/site-packages/airflow/example_dags/example_sensors.py
[2024-09-18T12:08:35.051+0100] {processor.py:914} INFO - Processing file /Users/ds2718/Documents/test_python_airflow/airflow/py_venv/lib/python3.12/site-packages/airflow/example_dags/example_sensors.py for tasks to queue
[2024-09-18T12:08:35.051+0100] {logging_mixin.py:190} INFO - [2024-09-18T12:08:35.051+0100] {dagbag.py:587} INFO - Filling up the DagBag from /Users/ds2718/Documents/test_python_airflow/airflow/py_venv/lib/python3.12/site-packages/airflow/example_dags/example_sensors.py
[2024-09-18T12:08:35.060+0100] {processor.py:925} INFO - DAG(s) 'example_sensors' retrieved from /Users/ds2718/Documents/test_python_airflow/airflow/py_venv/lib/python3.12/site-packages/airflow/example_dags/example_sensors.py
[2024-09-18T12:08:35.390+0100] {logging_mixin.py:190} INFO - [2024-09-18T12:08:35.390+0100] {dag.py:3229} INFO - Sync 1 DAGs
[2024-09-18T12:08:35.396+0100] {logging_mixin.py:190} INFO - [2024-09-18T12:08:35.396+0100] {dag.py:4156} INFO - Setting next_dagrun for example_sensors to None, run_after=None
[2024-09-18T12:08:35.409+0100] {processor.py:208} INFO - Processing /Users/ds2718/Documents/test_python_airflow/airflow/py_venv/lib/python3.12/site-packages/airflow/example_dags/example_sensors.py took 0.367 seconds
[2024-09-18T12:09:07.921+0100] {processor.py:186} INFO - Started process (PID=12749) to work on /Users/ds2718/Documents/test_python_airflow/airflow/py_venv/lib/python3.12/site-packages/airflow/example_dags/example_sensors.py
[2024-09-18T12:09:07.922+0100] {processor.py:914} INFO - Processing file /Users/ds2718/Documents/test_python_airflow/airflow/py_venv/lib/python3.12/site-packages/airflow/example_dags/example_sensors.py for tasks to queue
[2024-09-18T12:09:07.922+0100] {logging_mixin.py:190} INFO - [2024-09-18T12:09:07.922+0100] {dagbag.py:587} INFO - Filling up the DagBag from /Users/ds2718/Documents/test_python_airflow/airflow/py_venv/lib/python3.12/site-packages/airflow/example_dags/example_sensors.py
[2024-09-18T12:09:07.932+0100] {processor.py:925} INFO - DAG(s) 'example_sensors' retrieved from /Users/ds2718/Documents/test_python_airflow/airflow/py_venv/lib/python3.12/site-packages/airflow/example_dags/example_sensors.py
[2024-09-18T12:09:08.219+0100] {logging_mixin.py:190} INFO - [2024-09-18T12:09:08.219+0100] {dag.py:3229} INFO - Sync 1 DAGs
[2024-09-18T12:09:08.225+0100] {logging_mixin.py:190} INFO - [2024-09-18T12:09:08.225+0100] {dag.py:4156} INFO - Setting next_dagrun for example_sensors to None, run_after=None
[2024-09-18T12:09:08.236+0100] {processor.py:208} INFO - Processing /Users/ds2718/Documents/test_python_airflow/airflow/py_venv/lib/python3.12/site-packages/airflow/example_dags/example_sensors.py took 0.317 seconds
[2024-09-18T12:09:42.384+0100] {processor.py:186} INFO - Started process (PID=12941) to work on /Users/ds2718/Documents/test_python_airflow/airflow/py_venv/lib/python3.12/site-packages/airflow/example_dags/example_sensors.py
[2024-09-18T12:09:42.385+0100] {processor.py:914} INFO - Processing file /Users/ds2718/Documents/test_python_airflow/airflow/py_venv/lib/python3.12/site-packages/airflow/example_dags/example_sensors.py for tasks to queue
[2024-09-18T12:09:42.385+0100] {logging_mixin.py:190} INFO - [2024-09-18T12:09:42.385+0100] {dagbag.py:587} INFO - Filling up the DagBag from /Users/ds2718/Documents/test_python_airflow/airflow/py_venv/lib/python3.12/site-packages/airflow/example_dags/example_sensors.py
[2024-09-18T12:09:42.393+0100] {processor.py:925} INFO - DAG(s) 'example_sensors' retrieved from /Users/ds2718/Documents/test_python_airflow/airflow/py_venv/lib/python3.12/site-packages/airflow/example_dags/example_sensors.py
[2024-09-18T12:09:42.799+0100] {logging_mixin.py:190} INFO - [2024-09-18T12:09:42.798+0100] {dag.py:3229} INFO - Sync 1 DAGs
[2024-09-18T12:09:42.817+0100] {logging_mixin.py:190} INFO - [2024-09-18T12:09:42.817+0100] {dag.py:4156} INFO - Setting next_dagrun for example_sensors to None, run_after=None
[2024-09-18T12:09:42.827+0100] {processor.py:208} INFO - Processing /Users/ds2718/Documents/test_python_airflow/airflow/py_venv/lib/python3.12/site-packages/airflow/example_dags/example_sensors.py took 0.449 seconds
[2024-09-18T12:10:13.988+0100] {processor.py:186} INFO - Started process (PID=13088) to work on /Users/ds2718/Documents/test_python_airflow/airflow/py_venv/lib/python3.12/site-packages/airflow/example_dags/example_sensors.py
[2024-09-18T12:10:13.989+0100] {processor.py:914} INFO - Processing file /Users/ds2718/Documents/test_python_airflow/airflow/py_venv/lib/python3.12/site-packages/airflow/example_dags/example_sensors.py for tasks to queue
[2024-09-18T12:10:13.989+0100] {logging_mixin.py:190} INFO - [2024-09-18T12:10:13.989+0100] {dagbag.py:587} INFO - Filling up the DagBag from /Users/ds2718/Documents/test_python_airflow/airflow/py_venv/lib/python3.12/site-packages/airflow/example_dags/example_sensors.py
[2024-09-18T12:10:13.997+0100] {processor.py:925} INFO - DAG(s) 'example_sensors' retrieved from /Users/ds2718/Documents/test_python_airflow/airflow/py_venv/lib/python3.12/site-packages/airflow/example_dags/example_sensors.py
[2024-09-18T12:10:14.271+0100] {logging_mixin.py:190} INFO - [2024-09-18T12:10:14.271+0100] {dag.py:3229} INFO - Sync 1 DAGs
[2024-09-18T12:10:14.297+0100] {logging_mixin.py:190} INFO - [2024-09-18T12:10:14.297+0100] {dag.py:4156} INFO - Setting next_dagrun for example_sensors to None, run_after=None
[2024-09-18T12:10:14.307+0100] {processor.py:208} INFO - Processing /Users/ds2718/Documents/test_python_airflow/airflow/py_venv/lib/python3.12/site-packages/airflow/example_dags/example_sensors.py took 0.325 seconds
[2024-09-18T12:10:47.404+0100] {processor.py:186} INFO - Started process (PID=13259) to work on /Users/ds2718/Documents/test_python_airflow/airflow/py_venv/lib/python3.12/site-packages/airflow/example_dags/example_sensors.py
[2024-09-18T12:10:47.404+0100] {processor.py:914} INFO - Processing file /Users/ds2718/Documents/test_python_airflow/airflow/py_venv/lib/python3.12/site-packages/airflow/example_dags/example_sensors.py for tasks to queue
[2024-09-18T12:10:47.405+0100] {logging_mixin.py:190} INFO - [2024-09-18T12:10:47.405+0100] {dagbag.py:587} INFO - Filling up the DagBag from /Users/ds2718/Documents/test_python_airflow/airflow/py_venv/lib/python3.12/site-packages/airflow/example_dags/example_sensors.py
[2024-09-18T12:10:47.415+0100] {processor.py:925} INFO - DAG(s) 'example_sensors' retrieved from /Users/ds2718/Documents/test_python_airflow/airflow/py_venv/lib/python3.12/site-packages/airflow/example_dags/example_sensors.py
[2024-09-18T12:10:47.821+0100] {logging_mixin.py:190} INFO - [2024-09-18T12:10:47.821+0100] {dag.py:3229} INFO - Sync 1 DAGs
[2024-09-18T12:10:47.828+0100] {logging_mixin.py:190} INFO - [2024-09-18T12:10:47.828+0100] {dag.py:4156} INFO - Setting next_dagrun for example_sensors to None, run_after=None
[2024-09-18T12:10:47.843+0100] {processor.py:208} INFO - Processing /Users/ds2718/Documents/test_python_airflow/airflow/py_venv/lib/python3.12/site-packages/airflow/example_dags/example_sensors.py took 0.450 seconds
[2024-09-18T12:11:20.169+0100] {processor.py:186} INFO - Started process (PID=13382) to work on /Users/ds2718/Documents/test_python_airflow/airflow/py_venv/lib/python3.12/site-packages/airflow/example_dags/example_sensors.py
[2024-09-18T12:11:20.170+0100] {processor.py:914} INFO - Processing file /Users/ds2718/Documents/test_python_airflow/airflow/py_venv/lib/python3.12/site-packages/airflow/example_dags/example_sensors.py for tasks to queue
[2024-09-18T12:11:20.171+0100] {logging_mixin.py:190} INFO - [2024-09-18T12:11:20.171+0100] {dagbag.py:587} INFO - Filling up the DagBag from /Users/ds2718/Documents/test_python_airflow/airflow/py_venv/lib/python3.12/site-packages/airflow/example_dags/example_sensors.py
[2024-09-18T12:11:20.182+0100] {processor.py:925} INFO - DAG(s) 'example_sensors' retrieved from /Users/ds2718/Documents/test_python_airflow/airflow/py_venv/lib/python3.12/site-packages/airflow/example_dags/example_sensors.py
[2024-09-18T12:11:20.490+0100] {logging_mixin.py:190} INFO - [2024-09-18T12:11:20.490+0100] {dag.py:3229} INFO - Sync 1 DAGs
[2024-09-18T12:11:20.497+0100] {logging_mixin.py:190} INFO - [2024-09-18T12:11:20.497+0100] {dag.py:4156} INFO - Setting next_dagrun for example_sensors to None, run_after=None
[2024-09-18T12:11:20.506+0100] {processor.py:208} INFO - Processing /Users/ds2718/Documents/test_python_airflow/airflow/py_venv/lib/python3.12/site-packages/airflow/example_dags/example_sensors.py took 0.346 seconds
[2024-09-18T12:11:53.333+0100] {processor.py:186} INFO - Started process (PID=13562) to work on /Users/ds2718/Documents/test_python_airflow/airflow/py_venv/lib/python3.12/site-packages/airflow/example_dags/example_sensors.py
[2024-09-18T12:11:53.333+0100] {processor.py:914} INFO - Processing file /Users/ds2718/Documents/test_python_airflow/airflow/py_venv/lib/python3.12/site-packages/airflow/example_dags/example_sensors.py for tasks to queue
[2024-09-18T12:11:53.334+0100] {logging_mixin.py:190} INFO - [2024-09-18T12:11:53.334+0100] {dagbag.py:587} INFO - Filling up the DagBag from /Users/ds2718/Documents/test_python_airflow/airflow/py_venv/lib/python3.12/site-packages/airflow/example_dags/example_sensors.py
[2024-09-18T12:11:53.343+0100] {processor.py:925} INFO - DAG(s) 'example_sensors' retrieved from /Users/ds2718/Documents/test_python_airflow/airflow/py_venv/lib/python3.12/site-packages/airflow/example_dags/example_sensors.py
[2024-09-18T12:11:53.635+0100] {logging_mixin.py:190} INFO - [2024-09-18T12:11:53.635+0100] {dag.py:3229} INFO - Sync 1 DAGs
[2024-09-18T12:11:53.641+0100] {logging_mixin.py:190} INFO - [2024-09-18T12:11:53.641+0100] {dag.py:4156} INFO - Setting next_dagrun for example_sensors to None, run_after=None
[2024-09-18T12:11:53.654+0100] {processor.py:208} INFO - Processing /Users/ds2718/Documents/test_python_airflow/airflow/py_venv/lib/python3.12/site-packages/airflow/example_dags/example_sensors.py took 0.329 seconds
[2024-09-18T12:12:26.869+0100] {processor.py:186} INFO - Started process (PID=13688) to work on /Users/ds2718/Documents/test_python_airflow/airflow/py_venv/lib/python3.12/site-packages/airflow/example_dags/example_sensors.py
[2024-09-18T12:12:26.870+0100] {processor.py:914} INFO - Processing file /Users/ds2718/Documents/test_python_airflow/airflow/py_venv/lib/python3.12/site-packages/airflow/example_dags/example_sensors.py for tasks to queue
[2024-09-18T12:12:26.870+0100] {logging_mixin.py:190} INFO - [2024-09-18T12:12:26.870+0100] {dagbag.py:587} INFO - Filling up the DagBag from /Users/ds2718/Documents/test_python_airflow/airflow/py_venv/lib/python3.12/site-packages/airflow/example_dags/example_sensors.py
[2024-09-18T12:12:26.881+0100] {processor.py:925} INFO - DAG(s) 'example_sensors' retrieved from /Users/ds2718/Documents/test_python_airflow/airflow/py_venv/lib/python3.12/site-packages/airflow/example_dags/example_sensors.py
[2024-09-18T12:12:27.177+0100] {logging_mixin.py:190} INFO - [2024-09-18T12:12:27.177+0100] {dag.py:3229} INFO - Sync 1 DAGs
[2024-09-18T12:12:27.196+0100] {logging_mixin.py:190} INFO - [2024-09-18T12:12:27.195+0100] {dag.py:4156} INFO - Setting next_dagrun for example_sensors to None, run_after=None
[2024-09-18T12:12:27.205+0100] {processor.py:208} INFO - Processing /Users/ds2718/Documents/test_python_airflow/airflow/py_venv/lib/python3.12/site-packages/airflow/example_dags/example_sensors.py took 0.342 seconds
[2024-09-18T12:13:00.918+0100] {processor.py:186} INFO - Started process (PID=13877) to work on /Users/ds2718/Documents/test_python_airflow/airflow/py_venv/lib/python3.12/site-packages/airflow/example_dags/example_sensors.py
[2024-09-18T12:13:00.919+0100] {processor.py:914} INFO - Processing file /Users/ds2718/Documents/test_python_airflow/airflow/py_venv/lib/python3.12/site-packages/airflow/example_dags/example_sensors.py for tasks to queue
[2024-09-18T12:13:00.919+0100] {logging_mixin.py:190} INFO - [2024-09-18T12:13:00.919+0100] {dagbag.py:587} INFO - Filling up the DagBag from /Users/ds2718/Documents/test_python_airflow/airflow/py_venv/lib/python3.12/site-packages/airflow/example_dags/example_sensors.py
[2024-09-18T12:13:00.926+0100] {processor.py:925} INFO - DAG(s) 'example_sensors' retrieved from /Users/ds2718/Documents/test_python_airflow/airflow/py_venv/lib/python3.12/site-packages/airflow/example_dags/example_sensors.py
[2024-09-18T12:13:01.215+0100] {logging_mixin.py:190} INFO - [2024-09-18T12:13:01.215+0100] {dag.py:3229} INFO - Sync 1 DAGs
[2024-09-18T12:13:01.222+0100] {logging_mixin.py:190} INFO - [2024-09-18T12:13:01.222+0100] {dag.py:4156} INFO - Setting next_dagrun for example_sensors to None, run_after=None
[2024-09-18T12:13:01.233+0100] {processor.py:208} INFO - Processing /Users/ds2718/Documents/test_python_airflow/airflow/py_venv/lib/python3.12/site-packages/airflow/example_dags/example_sensors.py took 0.317 seconds
[2024-09-18T12:13:35.618+0100] {processor.py:186} INFO - Started process (PID=14028) to work on /Users/ds2718/Documents/test_python_airflow/airflow/py_venv/lib/python3.12/site-packages/airflow/example_dags/example_sensors.py
[2024-09-18T12:13:35.619+0100] {processor.py:914} INFO - Processing file /Users/ds2718/Documents/test_python_airflow/airflow/py_venv/lib/python3.12/site-packages/airflow/example_dags/example_sensors.py for tasks to queue
[2024-09-18T12:13:35.619+0100] {logging_mixin.py:190} INFO - [2024-09-18T12:13:35.619+0100] {dagbag.py:587} INFO - Filling up the DagBag from /Users/ds2718/Documents/test_python_airflow/airflow/py_venv/lib/python3.12/site-packages/airflow/example_dags/example_sensors.py
[2024-09-18T12:13:35.627+0100] {processor.py:925} INFO - DAG(s) 'example_sensors' retrieved from /Users/ds2718/Documents/test_python_airflow/airflow/py_venv/lib/python3.12/site-packages/airflow/example_dags/example_sensors.py
[2024-09-18T12:13:35.907+0100] {logging_mixin.py:190} INFO - [2024-09-18T12:13:35.907+0100] {dag.py:3229} INFO - Sync 1 DAGs
[2024-09-18T12:13:35.914+0100] {logging_mixin.py:190} INFO - [2024-09-18T12:13:35.914+0100] {dag.py:4156} INFO - Setting next_dagrun for example_sensors to None, run_after=None
[2024-09-18T12:13:35.929+0100] {processor.py:208} INFO - Processing /Users/ds2718/Documents/test_python_airflow/airflow/py_venv/lib/python3.12/site-packages/airflow/example_dags/example_sensors.py took 0.316 seconds
