[2024-09-18T11:54:12.645+0100] {processor.py:186} INFO - Started process (PID=9478) to work on /Users/ds2718/Documents/test_python_airflow/airflow/py_venv/lib/python3.12/site-packages/airflow/example_dags/example_params_ui_tutorial.py
[2024-09-18T11:54:12.646+0100] {processor.py:914} INFO - Processing file /Users/ds2718/Documents/test_python_airflow/airflow/py_venv/lib/python3.12/site-packages/airflow/example_dags/example_params_ui_tutorial.py for tasks to queue
[2024-09-18T11:54:12.646+0100] {logging_mixin.py:190} INFO - [2024-09-18T11:54:12.646+0100] {dagbag.py:587} INFO - Filling up the DagBag from /Users/ds2718/Documents/test_python_airflow/airflow/py_venv/lib/python3.12/site-packages/airflow/example_dags/example_params_ui_tutorial.py
[2024-09-18T11:54:12.666+0100] {processor.py:925} INFO - DAG(s) 'example_params_ui_tutorial' retrieved from /Users/ds2718/Documents/test_python_airflow/airflow/py_venv/lib/python3.12/site-packages/airflow/example_dags/example_params_ui_tutorial.py
[2024-09-18T11:54:12.799+0100] {logging_mixin.py:190} INFO - [2024-09-18T11:54:12.799+0100] {override.py:1900} INFO - Created Permission View: can read on DAG:example_params_ui_tutorial
[2024-09-18T11:54:12.802+0100] {logging_mixin.py:190} INFO - [2024-09-18T11:54:12.802+0100] {override.py:1900} INFO - Created Permission View: can delete on DAG:example_params_ui_tutorial
[2024-09-18T11:54:12.804+0100] {logging_mixin.py:190} INFO - [2024-09-18T11:54:12.804+0100] {override.py:1900} INFO - Created Permission View: can edit on DAG:example_params_ui_tutorial
[2024-09-18T11:54:12.806+0100] {logging_mixin.py:190} INFO - [2024-09-18T11:54:12.806+0100] {override.py:1900} INFO - Created Permission View: can read on DAG Run:example_params_ui_tutorial
[2024-09-18T11:54:12.808+0100] {logging_mixin.py:190} INFO - [2024-09-18T11:54:12.808+0100] {override.py:1900} INFO - Created Permission View: can delete on DAG Run:example_params_ui_tutorial
[2024-09-18T11:54:12.810+0100] {logging_mixin.py:190} INFO - [2024-09-18T11:54:12.810+0100] {override.py:1900} INFO - Created Permission View: can create on DAG Run:example_params_ui_tutorial
[2024-09-18T11:54:12.811+0100] {logging_mixin.py:190} INFO - [2024-09-18T11:54:12.811+0100] {override.py:1900} INFO - Created Permission View: menu access on DAG Run:example_params_ui_tutorial
[2024-09-18T11:54:12.811+0100] {logging_mixin.py:190} INFO - [2024-09-18T11:54:12.811+0100] {dag.py:3229} INFO - Sync 1 DAGs
[2024-09-18T11:54:12.817+0100] {logging_mixin.py:190} INFO - [2024-09-18T11:54:12.817+0100] {dag.py:3252} INFO - Creating ORM DAG for example_params_ui_tutorial
[2024-09-18T11:54:12.817+0100] {logging_mixin.py:190} INFO - [2024-09-18T11:54:12.817+0100] {dag.py:4156} INFO - Setting next_dagrun for example_params_ui_tutorial to None, run_after=None
[2024-09-18T11:54:12.826+0100] {processor.py:208} INFO - Processing /Users/ds2718/Documents/test_python_airflow/airflow/py_venv/lib/python3.12/site-packages/airflow/example_dags/example_params_ui_tutorial.py took 0.183 seconds
[2024-09-18T11:54:47.160+0100] {processor.py:186} INFO - Started process (PID=9686) to work on /Users/ds2718/Documents/test_python_airflow/airflow/py_venv/lib/python3.12/site-packages/airflow/example_dags/example_params_ui_tutorial.py
[2024-09-18T11:54:47.162+0100] {processor.py:914} INFO - Processing file /Users/ds2718/Documents/test_python_airflow/airflow/py_venv/lib/python3.12/site-packages/airflow/example_dags/example_params_ui_tutorial.py for tasks to queue
[2024-09-18T11:54:47.162+0100] {logging_mixin.py:190} INFO - [2024-09-18T11:54:47.162+0100] {dagbag.py:587} INFO - Filling up the DagBag from /Users/ds2718/Documents/test_python_airflow/airflow/py_venv/lib/python3.12/site-packages/airflow/example_dags/example_params_ui_tutorial.py
[2024-09-18T11:54:47.189+0100] {processor.py:925} INFO - DAG(s) 'example_params_ui_tutorial' retrieved from /Users/ds2718/Documents/test_python_airflow/airflow/py_venv/lib/python3.12/site-packages/airflow/example_dags/example_params_ui_tutorial.py
[2024-09-18T11:54:47.242+0100] {logging_mixin.py:190} INFO - [2024-09-18T11:54:47.241+0100] {dag.py:3229} INFO - Sync 1 DAGs
[2024-09-18T11:54:47.248+0100] {logging_mixin.py:190} INFO - [2024-09-18T11:54:47.248+0100] {dag.py:4156} INFO - Setting next_dagrun for example_params_ui_tutorial to None, run_after=None
[2024-09-18T11:54:47.291+0100] {processor.py:208} INFO - Processing /Users/ds2718/Documents/test_python_airflow/airflow/py_venv/lib/python3.12/site-packages/airflow/example_dags/example_params_ui_tutorial.py took 0.137 seconds
[2024-09-18T11:55:22.501+0100] {processor.py:186} INFO - Started process (PID=9856) to work on /Users/ds2718/Documents/test_python_airflow/airflow/py_venv/lib/python3.12/site-packages/airflow/example_dags/example_params_ui_tutorial.py
[2024-09-18T11:55:22.503+0100] {processor.py:914} INFO - Processing file /Users/ds2718/Documents/test_python_airflow/airflow/py_venv/lib/python3.12/site-packages/airflow/example_dags/example_params_ui_tutorial.py for tasks to queue
[2024-09-18T11:55:22.503+0100] {logging_mixin.py:190} INFO - [2024-09-18T11:55:22.503+0100] {dagbag.py:587} INFO - Filling up the DagBag from /Users/ds2718/Documents/test_python_airflow/airflow/py_venv/lib/python3.12/site-packages/airflow/example_dags/example_params_ui_tutorial.py
[2024-09-18T11:55:22.522+0100] {processor.py:925} INFO - DAG(s) 'example_params_ui_tutorial' retrieved from /Users/ds2718/Documents/test_python_airflow/airflow/py_venv/lib/python3.12/site-packages/airflow/example_dags/example_params_ui_tutorial.py
[2024-09-18T11:55:22.570+0100] {logging_mixin.py:190} INFO - [2024-09-18T11:55:22.570+0100] {dag.py:3229} INFO - Sync 1 DAGs
[2024-09-18T11:55:22.577+0100] {logging_mixin.py:190} INFO - [2024-09-18T11:55:22.577+0100] {dag.py:4156} INFO - Setting next_dagrun for example_params_ui_tutorial to None, run_after=None
[2024-09-18T11:55:22.619+0100] {processor.py:208} INFO - Processing /Users/ds2718/Documents/test_python_airflow/airflow/py_venv/lib/python3.12/site-packages/airflow/example_dags/example_params_ui_tutorial.py took 0.120 seconds
[2024-09-18T11:55:53.771+0100] {processor.py:186} INFO - Started process (PID=10040) to work on /Users/ds2718/Documents/test_python_airflow/airflow/py_venv/lib/python3.12/site-packages/airflow/example_dags/example_params_ui_tutorial.py
[2024-09-18T11:55:53.775+0100] {processor.py:914} INFO - Processing file /Users/ds2718/Documents/test_python_airflow/airflow/py_venv/lib/python3.12/site-packages/airflow/example_dags/example_params_ui_tutorial.py for tasks to queue
[2024-09-18T11:55:53.775+0100] {logging_mixin.py:190} INFO - [2024-09-18T11:55:53.775+0100] {dagbag.py:587} INFO - Filling up the DagBag from /Users/ds2718/Documents/test_python_airflow/airflow/py_venv/lib/python3.12/site-packages/airflow/example_dags/example_params_ui_tutorial.py
[2024-09-18T11:55:53.799+0100] {processor.py:925} INFO - DAG(s) 'example_params_ui_tutorial' retrieved from /Users/ds2718/Documents/test_python_airflow/airflow/py_venv/lib/python3.12/site-packages/airflow/example_dags/example_params_ui_tutorial.py
[2024-09-18T11:55:53.851+0100] {logging_mixin.py:190} INFO - [2024-09-18T11:55:53.851+0100] {dag.py:3229} INFO - Sync 1 DAGs
[2024-09-18T11:55:53.893+0100] {logging_mixin.py:190} INFO - [2024-09-18T11:55:53.893+0100] {dag.py:4156} INFO - Setting next_dagrun for example_params_ui_tutorial to None, run_after=None
[2024-09-18T11:55:53.938+0100] {processor.py:208} INFO - Processing /Users/ds2718/Documents/test_python_airflow/airflow/py_venv/lib/python3.12/site-packages/airflow/example_dags/example_params_ui_tutorial.py took 0.174 seconds
[2024-09-18T11:56:29.061+0100] {processor.py:186} INFO - Started process (PID=10171) to work on /Users/ds2718/Documents/test_python_airflow/airflow/py_venv/lib/python3.12/site-packages/airflow/example_dags/example_params_ui_tutorial.py
[2024-09-18T11:56:29.062+0100] {processor.py:914} INFO - Processing file /Users/ds2718/Documents/test_python_airflow/airflow/py_venv/lib/python3.12/site-packages/airflow/example_dags/example_params_ui_tutorial.py for tasks to queue
[2024-09-18T11:56:29.062+0100] {logging_mixin.py:190} INFO - [2024-09-18T11:56:29.062+0100] {dagbag.py:587} INFO - Filling up the DagBag from /Users/ds2718/Documents/test_python_airflow/airflow/py_venv/lib/python3.12/site-packages/airflow/example_dags/example_params_ui_tutorial.py
[2024-09-18T11:56:29.081+0100] {processor.py:925} INFO - DAG(s) 'example_params_ui_tutorial' retrieved from /Users/ds2718/Documents/test_python_airflow/airflow/py_venv/lib/python3.12/site-packages/airflow/example_dags/example_params_ui_tutorial.py
[2024-09-18T11:56:29.125+0100] {logging_mixin.py:190} INFO - [2024-09-18T11:56:29.125+0100] {dag.py:3229} INFO - Sync 1 DAGs
[2024-09-18T11:56:29.132+0100] {logging_mixin.py:190} INFO - [2024-09-18T11:56:29.132+0100] {dag.py:4156} INFO - Setting next_dagrun for example_params_ui_tutorial to None, run_after=None
[2024-09-18T11:56:29.169+0100] {processor.py:208} INFO - Processing /Users/ds2718/Documents/test_python_airflow/airflow/py_venv/lib/python3.12/site-packages/airflow/example_dags/example_params_ui_tutorial.py took 0.114 seconds
[2024-09-18T11:57:00.935+0100] {processor.py:186} INFO - Started process (PID=10343) to work on /Users/ds2718/Documents/test_python_airflow/airflow/py_venv/lib/python3.12/site-packages/airflow/example_dags/example_params_ui_tutorial.py
[2024-09-18T11:57:00.936+0100] {processor.py:914} INFO - Processing file /Users/ds2718/Documents/test_python_airflow/airflow/py_venv/lib/python3.12/site-packages/airflow/example_dags/example_params_ui_tutorial.py for tasks to queue
[2024-09-18T11:57:00.937+0100] {logging_mixin.py:190} INFO - [2024-09-18T11:57:00.937+0100] {dagbag.py:587} INFO - Filling up the DagBag from /Users/ds2718/Documents/test_python_airflow/airflow/py_venv/lib/python3.12/site-packages/airflow/example_dags/example_params_ui_tutorial.py
[2024-09-18T11:57:00.956+0100] {processor.py:925} INFO - DAG(s) 'example_params_ui_tutorial' retrieved from /Users/ds2718/Documents/test_python_airflow/airflow/py_venv/lib/python3.12/site-packages/airflow/example_dags/example_params_ui_tutorial.py
[2024-09-18T11:57:01.008+0100] {logging_mixin.py:190} INFO - [2024-09-18T11:57:01.007+0100] {dag.py:3229} INFO - Sync 1 DAGs
[2024-09-18T11:57:01.014+0100] {logging_mixin.py:190} INFO - [2024-09-18T11:57:01.014+0100] {dag.py:4156} INFO - Setting next_dagrun for example_params_ui_tutorial to None, run_after=None
[2024-09-18T11:57:01.062+0100] {processor.py:208} INFO - Processing /Users/ds2718/Documents/test_python_airflow/airflow/py_venv/lib/python3.12/site-packages/airflow/example_dags/example_params_ui_tutorial.py took 0.130 seconds
[2024-09-18T11:57:33.017+0100] {processor.py:186} INFO - Started process (PID=10501) to work on /Users/ds2718/Documents/test_python_airflow/airflow/py_venv/lib/python3.12/site-packages/airflow/example_dags/example_params_ui_tutorial.py
[2024-09-18T11:57:33.018+0100] {processor.py:914} INFO - Processing file /Users/ds2718/Documents/test_python_airflow/airflow/py_venv/lib/python3.12/site-packages/airflow/example_dags/example_params_ui_tutorial.py for tasks to queue
[2024-09-18T11:57:33.019+0100] {logging_mixin.py:190} INFO - [2024-09-18T11:57:33.019+0100] {dagbag.py:587} INFO - Filling up the DagBag from /Users/ds2718/Documents/test_python_airflow/airflow/py_venv/lib/python3.12/site-packages/airflow/example_dags/example_params_ui_tutorial.py
[2024-09-18T11:57:33.042+0100] {processor.py:925} INFO - DAG(s) 'example_params_ui_tutorial' retrieved from /Users/ds2718/Documents/test_python_airflow/airflow/py_venv/lib/python3.12/site-packages/airflow/example_dags/example_params_ui_tutorial.py
[2024-09-18T11:57:33.105+0100] {logging_mixin.py:190} INFO - [2024-09-18T11:57:33.105+0100] {dag.py:3229} INFO - Sync 1 DAGs
[2024-09-18T11:57:33.112+0100] {logging_mixin.py:190} INFO - [2024-09-18T11:57:33.112+0100] {dag.py:4156} INFO - Setting next_dagrun for example_params_ui_tutorial to None, run_after=None
[2024-09-18T11:57:33.162+0100] {processor.py:208} INFO - Processing /Users/ds2718/Documents/test_python_airflow/airflow/py_venv/lib/python3.12/site-packages/airflow/example_dags/example_params_ui_tutorial.py took 0.153 seconds
[2024-09-18T11:58:07.718+0100] {processor.py:186} INFO - Started process (PID=10708) to work on /Users/ds2718/Documents/test_python_airflow/airflow/py_venv/lib/python3.12/site-packages/airflow/example_dags/example_params_ui_tutorial.py
[2024-09-18T11:58:07.718+0100] {processor.py:914} INFO - Processing file /Users/ds2718/Documents/test_python_airflow/airflow/py_venv/lib/python3.12/site-packages/airflow/example_dags/example_params_ui_tutorial.py for tasks to queue
[2024-09-18T11:58:07.718+0100] {logging_mixin.py:190} INFO - [2024-09-18T11:58:07.718+0100] {dagbag.py:587} INFO - Filling up the DagBag from /Users/ds2718/Documents/test_python_airflow/airflow/py_venv/lib/python3.12/site-packages/airflow/example_dags/example_params_ui_tutorial.py
[2024-09-18T11:58:07.738+0100] {processor.py:925} INFO - DAG(s) 'example_params_ui_tutorial' retrieved from /Users/ds2718/Documents/test_python_airflow/airflow/py_venv/lib/python3.12/site-packages/airflow/example_dags/example_params_ui_tutorial.py
[2024-09-18T11:58:07.787+0100] {logging_mixin.py:190} INFO - [2024-09-18T11:58:07.787+0100] {dag.py:3229} INFO - Sync 1 DAGs
[2024-09-18T11:58:07.794+0100] {logging_mixin.py:190} INFO - [2024-09-18T11:58:07.794+0100] {dag.py:4156} INFO - Setting next_dagrun for example_params_ui_tutorial to None, run_after=None
[2024-09-18T11:58:07.848+0100] {processor.py:208} INFO - Processing /Users/ds2718/Documents/test_python_airflow/airflow/py_venv/lib/python3.12/site-packages/airflow/example_dags/example_params_ui_tutorial.py took 0.132 seconds
[2024-09-18T11:58:43.193+0100] {processor.py:186} INFO - Started process (PID=10886) to work on /Users/ds2718/Documents/test_python_airflow/airflow/py_venv/lib/python3.12/site-packages/airflow/example_dags/example_params_ui_tutorial.py
[2024-09-18T11:58:43.194+0100] {processor.py:914} INFO - Processing file /Users/ds2718/Documents/test_python_airflow/airflow/py_venv/lib/python3.12/site-packages/airflow/example_dags/example_params_ui_tutorial.py for tasks to queue
[2024-09-18T11:58:43.195+0100] {logging_mixin.py:190} INFO - [2024-09-18T11:58:43.194+0100] {dagbag.py:587} INFO - Filling up the DagBag from /Users/ds2718/Documents/test_python_airflow/airflow/py_venv/lib/python3.12/site-packages/airflow/example_dags/example_params_ui_tutorial.py
[2024-09-18T11:58:43.216+0100] {processor.py:925} INFO - DAG(s) 'example_params_ui_tutorial' retrieved from /Users/ds2718/Documents/test_python_airflow/airflow/py_venv/lib/python3.12/site-packages/airflow/example_dags/example_params_ui_tutorial.py
[2024-09-18T11:58:43.265+0100] {logging_mixin.py:190} INFO - [2024-09-18T11:58:43.265+0100] {dag.py:3229} INFO - Sync 1 DAGs
[2024-09-18T11:58:43.276+0100] {logging_mixin.py:190} INFO - [2024-09-18T11:58:43.276+0100] {dag.py:4156} INFO - Setting next_dagrun for example_params_ui_tutorial to None, run_after=None
[2024-09-18T11:58:43.325+0100] {processor.py:208} INFO - Processing /Users/ds2718/Documents/test_python_airflow/airflow/py_venv/lib/python3.12/site-packages/airflow/example_dags/example_params_ui_tutorial.py took 0.140 seconds
[2024-09-18T11:59:18.030+0100] {processor.py:186} INFO - Started process (PID=11093) to work on /Users/ds2718/Documents/test_python_airflow/airflow/py_venv/lib/python3.12/site-packages/airflow/example_dags/example_params_ui_tutorial.py
[2024-09-18T11:59:18.033+0100] {processor.py:914} INFO - Processing file /Users/ds2718/Documents/test_python_airflow/airflow/py_venv/lib/python3.12/site-packages/airflow/example_dags/example_params_ui_tutorial.py for tasks to queue
[2024-09-18T11:59:18.033+0100] {logging_mixin.py:190} INFO - [2024-09-18T11:59:18.033+0100] {dagbag.py:587} INFO - Filling up the DagBag from /Users/ds2718/Documents/test_python_airflow/airflow/py_venv/lib/python3.12/site-packages/airflow/example_dags/example_params_ui_tutorial.py
[2024-09-18T11:59:18.054+0100] {processor.py:925} INFO - DAG(s) 'example_params_ui_tutorial' retrieved from /Users/ds2718/Documents/test_python_airflow/airflow/py_venv/lib/python3.12/site-packages/airflow/example_dags/example_params_ui_tutorial.py
[2024-09-18T11:59:18.115+0100] {logging_mixin.py:190} INFO - [2024-09-18T11:59:18.115+0100] {dag.py:3229} INFO - Sync 1 DAGs
[2024-09-18T11:59:18.123+0100] {logging_mixin.py:190} INFO - [2024-09-18T11:59:18.123+0100] {dag.py:4156} INFO - Setting next_dagrun for example_params_ui_tutorial to None, run_after=None
[2024-09-18T11:59:18.163+0100] {processor.py:208} INFO - Processing /Users/ds2718/Documents/test_python_airflow/airflow/py_venv/lib/python3.12/site-packages/airflow/example_dags/example_params_ui_tutorial.py took 0.138 seconds
[2024-09-18T11:59:51.608+0100] {processor.py:186} INFO - Started process (PID=11273) to work on /Users/ds2718/Documents/test_python_airflow/airflow/py_venv/lib/python3.12/site-packages/airflow/example_dags/example_params_ui_tutorial.py
[2024-09-18T11:59:51.611+0100] {processor.py:914} INFO - Processing file /Users/ds2718/Documents/test_python_airflow/airflow/py_venv/lib/python3.12/site-packages/airflow/example_dags/example_params_ui_tutorial.py for tasks to queue
[2024-09-18T11:59:51.612+0100] {logging_mixin.py:190} INFO - [2024-09-18T11:59:51.612+0100] {dagbag.py:587} INFO - Filling up the DagBag from /Users/ds2718/Documents/test_python_airflow/airflow/py_venv/lib/python3.12/site-packages/airflow/example_dags/example_params_ui_tutorial.py
[2024-09-18T11:59:51.632+0100] {processor.py:925} INFO - DAG(s) 'example_params_ui_tutorial' retrieved from /Users/ds2718/Documents/test_python_airflow/airflow/py_venv/lib/python3.12/site-packages/airflow/example_dags/example_params_ui_tutorial.py
[2024-09-18T11:59:51.677+0100] {logging_mixin.py:190} INFO - [2024-09-18T11:59:51.677+0100] {dag.py:3229} INFO - Sync 1 DAGs
[2024-09-18T11:59:51.683+0100] {logging_mixin.py:190} INFO - [2024-09-18T11:59:51.683+0100] {dag.py:4156} INFO - Setting next_dagrun for example_params_ui_tutorial to None, run_after=None
[2024-09-18T11:59:51.723+0100] {processor.py:208} INFO - Processing /Users/ds2718/Documents/test_python_airflow/airflow/py_venv/lib/python3.12/site-packages/airflow/example_dags/example_params_ui_tutorial.py took 0.121 seconds
[2024-09-18T12:00:25.437+0100] {processor.py:186} INFO - Started process (PID=11476) to work on /Users/ds2718/Documents/test_python_airflow/airflow/py_venv/lib/python3.12/site-packages/airflow/example_dags/example_params_ui_tutorial.py
[2024-09-18T12:00:25.438+0100] {processor.py:914} INFO - Processing file /Users/ds2718/Documents/test_python_airflow/airflow/py_venv/lib/python3.12/site-packages/airflow/example_dags/example_params_ui_tutorial.py for tasks to queue
[2024-09-18T12:00:25.438+0100] {logging_mixin.py:190} INFO - [2024-09-18T12:00:25.438+0100] {dagbag.py:587} INFO - Filling up the DagBag from /Users/ds2718/Documents/test_python_airflow/airflow/py_venv/lib/python3.12/site-packages/airflow/example_dags/example_params_ui_tutorial.py
[2024-09-18T12:00:25.454+0100] {processor.py:925} INFO - DAG(s) 'example_params_ui_tutorial' retrieved from /Users/ds2718/Documents/test_python_airflow/airflow/py_venv/lib/python3.12/site-packages/airflow/example_dags/example_params_ui_tutorial.py
[2024-09-18T12:00:25.504+0100] {logging_mixin.py:190} INFO - [2024-09-18T12:00:25.504+0100] {dag.py:3229} INFO - Sync 1 DAGs
[2024-09-18T12:00:25.512+0100] {logging_mixin.py:190} INFO - [2024-09-18T12:00:25.511+0100] {dag.py:4156} INFO - Setting next_dagrun for example_params_ui_tutorial to None, run_after=None
[2024-09-18T12:00:25.546+0100] {processor.py:208} INFO - Processing /Users/ds2718/Documents/test_python_airflow/airflow/py_venv/lib/python3.12/site-packages/airflow/example_dags/example_params_ui_tutorial.py took 0.110 seconds
[2024-09-18T12:00:58.165+0100] {processor.py:186} INFO - Started process (PID=11677) to work on /Users/ds2718/Documents/test_python_airflow/airflow/py_venv/lib/python3.12/site-packages/airflow/example_dags/example_params_ui_tutorial.py
[2024-09-18T12:00:58.166+0100] {processor.py:914} INFO - Processing file /Users/ds2718/Documents/test_python_airflow/airflow/py_venv/lib/python3.12/site-packages/airflow/example_dags/example_params_ui_tutorial.py for tasks to queue
[2024-09-18T12:00:58.166+0100] {logging_mixin.py:190} INFO - [2024-09-18T12:00:58.166+0100] {dagbag.py:587} INFO - Filling up the DagBag from /Users/ds2718/Documents/test_python_airflow/airflow/py_venv/lib/python3.12/site-packages/airflow/example_dags/example_params_ui_tutorial.py
[2024-09-18T12:00:58.189+0100] {processor.py:925} INFO - DAG(s) 'example_params_ui_tutorial' retrieved from /Users/ds2718/Documents/test_python_airflow/airflow/py_venv/lib/python3.12/site-packages/airflow/example_dags/example_params_ui_tutorial.py
[2024-09-18T12:00:58.239+0100] {logging_mixin.py:190} INFO - [2024-09-18T12:00:58.239+0100] {dag.py:3229} INFO - Sync 1 DAGs
[2024-09-18T12:00:58.246+0100] {logging_mixin.py:190} INFO - [2024-09-18T12:00:58.246+0100] {dag.py:4156} INFO - Setting next_dagrun for example_params_ui_tutorial to None, run_after=None
[2024-09-18T12:00:58.288+0100] {processor.py:208} INFO - Processing /Users/ds2718/Documents/test_python_airflow/airflow/py_venv/lib/python3.12/site-packages/airflow/example_dags/example_params_ui_tutorial.py took 0.131 seconds
[2024-09-18T12:06:13.016+0100] {processor.py:186} INFO - Started process (PID=11906) to work on /Users/ds2718/Documents/test_python_airflow/airflow/py_venv/lib/python3.12/site-packages/airflow/example_dags/example_params_ui_tutorial.py
[2024-09-18T12:06:13.017+0100] {processor.py:914} INFO - Processing file /Users/ds2718/Documents/test_python_airflow/airflow/py_venv/lib/python3.12/site-packages/airflow/example_dags/example_params_ui_tutorial.py for tasks to queue
[2024-09-18T12:06:13.018+0100] {logging_mixin.py:190} INFO - [2024-09-18T12:06:13.017+0100] {dagbag.py:587} INFO - Filling up the DagBag from /Users/ds2718/Documents/test_python_airflow/airflow/py_venv/lib/python3.12/site-packages/airflow/example_dags/example_params_ui_tutorial.py
[2024-09-18T12:06:13.049+0100] {processor.py:925} INFO - DAG(s) 'example_params_ui_tutorial' retrieved from /Users/ds2718/Documents/test_python_airflow/airflow/py_venv/lib/python3.12/site-packages/airflow/example_dags/example_params_ui_tutorial.py
[2024-09-18T12:06:13.097+0100] {logging_mixin.py:190} INFO - [2024-09-18T12:06:13.097+0100] {dag.py:3229} INFO - Sync 1 DAGs
[2024-09-18T12:06:13.103+0100] {logging_mixin.py:190} INFO - [2024-09-18T12:06:13.102+0100] {dag.py:4156} INFO - Setting next_dagrun for example_params_ui_tutorial to None, run_after=None
[2024-09-18T12:06:13.141+0100] {processor.py:208} INFO - Processing /Users/ds2718/Documents/test_python_airflow/airflow/py_venv/lib/python3.12/site-packages/airflow/example_dags/example_params_ui_tutorial.py took 0.129 seconds
[2024-09-18T12:06:47.154+0100] {processor.py:186} INFO - Started process (PID=12083) to work on /Users/ds2718/Documents/test_python_airflow/airflow/py_venv/lib/python3.12/site-packages/airflow/example_dags/example_params_ui_tutorial.py
[2024-09-18T12:06:47.156+0100] {processor.py:914} INFO - Processing file /Users/ds2718/Documents/test_python_airflow/airflow/py_venv/lib/python3.12/site-packages/airflow/example_dags/example_params_ui_tutorial.py for tasks to queue
[2024-09-18T12:06:47.156+0100] {logging_mixin.py:190} INFO - [2024-09-18T12:06:47.156+0100] {dagbag.py:587} INFO - Filling up the DagBag from /Users/ds2718/Documents/test_python_airflow/airflow/py_venv/lib/python3.12/site-packages/airflow/example_dags/example_params_ui_tutorial.py
[2024-09-18T12:06:47.179+0100] {processor.py:925} INFO - DAG(s) 'example_params_ui_tutorial' retrieved from /Users/ds2718/Documents/test_python_airflow/airflow/py_venv/lib/python3.12/site-packages/airflow/example_dags/example_params_ui_tutorial.py
[2024-09-18T12:06:47.228+0100] {logging_mixin.py:190} INFO - [2024-09-18T12:06:47.228+0100] {dag.py:3229} INFO - Sync 1 DAGs
[2024-09-18T12:06:47.236+0100] {logging_mixin.py:190} INFO - [2024-09-18T12:06:47.236+0100] {dag.py:4156} INFO - Setting next_dagrun for example_params_ui_tutorial to None, run_after=None
[2024-09-18T12:06:47.290+0100] {processor.py:208} INFO - Processing /Users/ds2718/Documents/test_python_airflow/airflow/py_venv/lib/python3.12/site-packages/airflow/example_dags/example_params_ui_tutorial.py took 0.144 seconds
[2024-09-18T12:07:21.550+0100] {processor.py:186} INFO - Started process (PID=12246) to work on /Users/ds2718/Documents/test_python_airflow/airflow/py_venv/lib/python3.12/site-packages/airflow/example_dags/example_params_ui_tutorial.py
[2024-09-18T12:07:21.550+0100] {processor.py:914} INFO - Processing file /Users/ds2718/Documents/test_python_airflow/airflow/py_venv/lib/python3.12/site-packages/airflow/example_dags/example_params_ui_tutorial.py for tasks to queue
[2024-09-18T12:07:21.550+0100] {logging_mixin.py:190} INFO - [2024-09-18T12:07:21.550+0100] {dagbag.py:587} INFO - Filling up the DagBag from /Users/ds2718/Documents/test_python_airflow/airflow/py_venv/lib/python3.12/site-packages/airflow/example_dags/example_params_ui_tutorial.py
[2024-09-18T12:07:21.570+0100] {processor.py:925} INFO - DAG(s) 'example_params_ui_tutorial' retrieved from /Users/ds2718/Documents/test_python_airflow/airflow/py_venv/lib/python3.12/site-packages/airflow/example_dags/example_params_ui_tutorial.py
[2024-09-18T12:07:21.635+0100] {logging_mixin.py:190} INFO - [2024-09-18T12:07:21.635+0100] {dag.py:3229} INFO - Sync 1 DAGs
[2024-09-18T12:07:21.644+0100] {logging_mixin.py:190} INFO - [2024-09-18T12:07:21.644+0100] {dag.py:4156} INFO - Setting next_dagrun for example_params_ui_tutorial to None, run_after=None
[2024-09-18T12:07:21.697+0100] {processor.py:208} INFO - Processing /Users/ds2718/Documents/test_python_airflow/airflow/py_venv/lib/python3.12/site-packages/airflow/example_dags/example_params_ui_tutorial.py took 0.149 seconds
[2024-09-18T12:08:04.166+0100] {processor.py:186} INFO - Started process (PID=12433) to work on /Users/ds2718/Documents/test_python_airflow/airflow/py_venv/lib/python3.12/site-packages/airflow/example_dags/example_params_ui_tutorial.py
[2024-09-18T12:08:04.167+0100] {processor.py:914} INFO - Processing file /Users/ds2718/Documents/test_python_airflow/airflow/py_venv/lib/python3.12/site-packages/airflow/example_dags/example_params_ui_tutorial.py for tasks to queue
[2024-09-18T12:08:04.168+0100] {logging_mixin.py:190} INFO - [2024-09-18T12:08:04.168+0100] {dagbag.py:587} INFO - Filling up the DagBag from /Users/ds2718/Documents/test_python_airflow/airflow/py_venv/lib/python3.12/site-packages/airflow/example_dags/example_params_ui_tutorial.py
[2024-09-18T12:08:04.202+0100] {processor.py:925} INFO - DAG(s) 'example_params_ui_tutorial' retrieved from /Users/ds2718/Documents/test_python_airflow/airflow/py_venv/lib/python3.12/site-packages/airflow/example_dags/example_params_ui_tutorial.py
[2024-09-18T12:08:04.261+0100] {logging_mixin.py:190} INFO - [2024-09-18T12:08:04.261+0100] {dag.py:3229} INFO - Sync 1 DAGs
[2024-09-18T12:08:04.275+0100] {logging_mixin.py:190} INFO - [2024-09-18T12:08:04.274+0100] {dag.py:4156} INFO - Setting next_dagrun for example_params_ui_tutorial to None, run_after=None
[2024-09-18T12:08:04.375+0100] {processor.py:208} INFO - Processing /Users/ds2718/Documents/test_python_airflow/airflow/py_venv/lib/python3.12/site-packages/airflow/example_dags/example_params_ui_tutorial.py took 0.212 seconds
[2024-09-18T12:08:41.745+0100] {processor.py:186} INFO - Started process (PID=12633) to work on /Users/ds2718/Documents/test_python_airflow/airflow/py_venv/lib/python3.12/site-packages/airflow/example_dags/example_params_ui_tutorial.py
[2024-09-18T12:08:41.746+0100] {processor.py:914} INFO - Processing file /Users/ds2718/Documents/test_python_airflow/airflow/py_venv/lib/python3.12/site-packages/airflow/example_dags/example_params_ui_tutorial.py for tasks to queue
[2024-09-18T12:08:41.746+0100] {logging_mixin.py:190} INFO - [2024-09-18T12:08:41.746+0100] {dagbag.py:587} INFO - Filling up the DagBag from /Users/ds2718/Documents/test_python_airflow/airflow/py_venv/lib/python3.12/site-packages/airflow/example_dags/example_params_ui_tutorial.py
[2024-09-18T12:08:41.767+0100] {processor.py:925} INFO - DAG(s) 'example_params_ui_tutorial' retrieved from /Users/ds2718/Documents/test_python_airflow/airflow/py_venv/lib/python3.12/site-packages/airflow/example_dags/example_params_ui_tutorial.py
[2024-09-18T12:08:41.828+0100] {logging_mixin.py:190} INFO - [2024-09-18T12:08:41.827+0100] {dag.py:3229} INFO - Sync 1 DAGs
[2024-09-18T12:08:41.835+0100] {logging_mixin.py:190} INFO - [2024-09-18T12:08:41.835+0100] {dag.py:4156} INFO - Setting next_dagrun for example_params_ui_tutorial to None, run_after=None
[2024-09-18T12:08:41.934+0100] {processor.py:208} INFO - Processing /Users/ds2718/Documents/test_python_airflow/airflow/py_venv/lib/python3.12/site-packages/airflow/example_dags/example_params_ui_tutorial.py took 0.197 seconds
[2024-09-18T12:09:15.004+0100] {processor.py:186} INFO - Started process (PID=12783) to work on /Users/ds2718/Documents/test_python_airflow/airflow/py_venv/lib/python3.12/site-packages/airflow/example_dags/example_params_ui_tutorial.py
[2024-09-18T12:09:15.005+0100] {processor.py:914} INFO - Processing file /Users/ds2718/Documents/test_python_airflow/airflow/py_venv/lib/python3.12/site-packages/airflow/example_dags/example_params_ui_tutorial.py for tasks to queue
[2024-09-18T12:09:15.005+0100] {logging_mixin.py:190} INFO - [2024-09-18T12:09:15.005+0100] {dagbag.py:587} INFO - Filling up the DagBag from /Users/ds2718/Documents/test_python_airflow/airflow/py_venv/lib/python3.12/site-packages/airflow/example_dags/example_params_ui_tutorial.py
[2024-09-18T12:09:15.022+0100] {processor.py:925} INFO - DAG(s) 'example_params_ui_tutorial' retrieved from /Users/ds2718/Documents/test_python_airflow/airflow/py_venv/lib/python3.12/site-packages/airflow/example_dags/example_params_ui_tutorial.py
[2024-09-18T12:09:15.078+0100] {logging_mixin.py:190} INFO - [2024-09-18T12:09:15.078+0100] {dag.py:3229} INFO - Sync 1 DAGs
[2024-09-18T12:09:15.084+0100] {logging_mixin.py:190} INFO - [2024-09-18T12:09:15.084+0100] {dag.py:4156} INFO - Setting next_dagrun for example_params_ui_tutorial to None, run_after=None
[2024-09-18T12:09:15.116+0100] {processor.py:208} INFO - Processing /Users/ds2718/Documents/test_python_airflow/airflow/py_venv/lib/python3.12/site-packages/airflow/example_dags/example_params_ui_tutorial.py took 0.113 seconds
[2024-09-18T12:09:47.544+0100] {processor.py:186} INFO - Started process (PID=12981) to work on /Users/ds2718/Documents/test_python_airflow/airflow/py_venv/lib/python3.12/site-packages/airflow/example_dags/example_params_ui_tutorial.py
[2024-09-18T12:09:47.545+0100] {processor.py:914} INFO - Processing file /Users/ds2718/Documents/test_python_airflow/airflow/py_venv/lib/python3.12/site-packages/airflow/example_dags/example_params_ui_tutorial.py for tasks to queue
[2024-09-18T12:09:47.545+0100] {logging_mixin.py:190} INFO - [2024-09-18T12:09:47.545+0100] {dagbag.py:587} INFO - Filling up the DagBag from /Users/ds2718/Documents/test_python_airflow/airflow/py_venv/lib/python3.12/site-packages/airflow/example_dags/example_params_ui_tutorial.py
[2024-09-18T12:09:47.563+0100] {processor.py:925} INFO - DAG(s) 'example_params_ui_tutorial' retrieved from /Users/ds2718/Documents/test_python_airflow/airflow/py_venv/lib/python3.12/site-packages/airflow/example_dags/example_params_ui_tutorial.py
[2024-09-18T12:09:47.607+0100] {logging_mixin.py:190} INFO - [2024-09-18T12:09:47.607+0100] {dag.py:3229} INFO - Sync 1 DAGs
[2024-09-18T12:09:47.613+0100] {logging_mixin.py:190} INFO - [2024-09-18T12:09:47.613+0100] {dag.py:4156} INFO - Setting next_dagrun for example_params_ui_tutorial to None, run_after=None
[2024-09-18T12:09:47.663+0100] {processor.py:208} INFO - Processing /Users/ds2718/Documents/test_python_airflow/airflow/py_venv/lib/python3.12/site-packages/airflow/example_dags/example_params_ui_tutorial.py took 0.125 seconds
[2024-09-18T12:10:19.533+0100] {processor.py:186} INFO - Started process (PID=13107) to work on /Users/ds2718/Documents/test_python_airflow/airflow/py_venv/lib/python3.12/site-packages/airflow/example_dags/example_params_ui_tutorial.py
[2024-09-18T12:10:19.534+0100] {processor.py:914} INFO - Processing file /Users/ds2718/Documents/test_python_airflow/airflow/py_venv/lib/python3.12/site-packages/airflow/example_dags/example_params_ui_tutorial.py for tasks to queue
[2024-09-18T12:10:19.534+0100] {logging_mixin.py:190} INFO - [2024-09-18T12:10:19.534+0100] {dagbag.py:587} INFO - Filling up the DagBag from /Users/ds2718/Documents/test_python_airflow/airflow/py_venv/lib/python3.12/site-packages/airflow/example_dags/example_params_ui_tutorial.py
[2024-09-18T12:10:19.558+0100] {processor.py:925} INFO - DAG(s) 'example_params_ui_tutorial' retrieved from /Users/ds2718/Documents/test_python_airflow/airflow/py_venv/lib/python3.12/site-packages/airflow/example_dags/example_params_ui_tutorial.py
[2024-09-18T12:10:19.612+0100] {logging_mixin.py:190} INFO - [2024-09-18T12:10:19.612+0100] {dag.py:3229} INFO - Sync 1 DAGs
[2024-09-18T12:10:19.621+0100] {logging_mixin.py:190} INFO - [2024-09-18T12:10:19.621+0100] {dag.py:4156} INFO - Setting next_dagrun for example_params_ui_tutorial to None, run_after=None
[2024-09-18T12:10:19.666+0100] {processor.py:208} INFO - Processing /Users/ds2718/Documents/test_python_airflow/airflow/py_venv/lib/python3.12/site-packages/airflow/example_dags/example_params_ui_tutorial.py took 0.143 seconds
[2024-09-18T12:10:51.990+0100] {processor.py:186} INFO - Started process (PID=13274) to work on /Users/ds2718/Documents/test_python_airflow/airflow/py_venv/lib/python3.12/site-packages/airflow/example_dags/example_params_ui_tutorial.py
[2024-09-18T12:10:51.991+0100] {processor.py:914} INFO - Processing file /Users/ds2718/Documents/test_python_airflow/airflow/py_venv/lib/python3.12/site-packages/airflow/example_dags/example_params_ui_tutorial.py for tasks to queue
[2024-09-18T12:10:51.991+0100] {logging_mixin.py:190} INFO - [2024-09-18T12:10:51.991+0100] {dagbag.py:587} INFO - Filling up the DagBag from /Users/ds2718/Documents/test_python_airflow/airflow/py_venv/lib/python3.12/site-packages/airflow/example_dags/example_params_ui_tutorial.py
[2024-09-18T12:10:52.013+0100] {processor.py:925} INFO - DAG(s) 'example_params_ui_tutorial' retrieved from /Users/ds2718/Documents/test_python_airflow/airflow/py_venv/lib/python3.12/site-packages/airflow/example_dags/example_params_ui_tutorial.py
[2024-09-18T12:10:52.062+0100] {logging_mixin.py:190} INFO - [2024-09-18T12:10:52.062+0100] {dag.py:3229} INFO - Sync 1 DAGs
[2024-09-18T12:10:52.070+0100] {logging_mixin.py:190} INFO - [2024-09-18T12:10:52.070+0100] {dag.py:4156} INFO - Setting next_dagrun for example_params_ui_tutorial to None, run_after=None
[2024-09-18T12:10:52.126+0100] {processor.py:208} INFO - Processing /Users/ds2718/Documents/test_python_airflow/airflow/py_venv/lib/python3.12/site-packages/airflow/example_dags/example_params_ui_tutorial.py took 0.147 seconds
[2024-09-18T12:11:24.584+0100] {processor.py:186} INFO - Started process (PID=13398) to work on /Users/ds2718/Documents/test_python_airflow/airflow/py_venv/lib/python3.12/site-packages/airflow/example_dags/example_params_ui_tutorial.py
[2024-09-18T12:11:24.589+0100] {processor.py:914} INFO - Processing file /Users/ds2718/Documents/test_python_airflow/airflow/py_venv/lib/python3.12/site-packages/airflow/example_dags/example_params_ui_tutorial.py for tasks to queue
[2024-09-18T12:11:24.590+0100] {logging_mixin.py:190} INFO - [2024-09-18T12:11:24.589+0100] {dagbag.py:587} INFO - Filling up the DagBag from /Users/ds2718/Documents/test_python_airflow/airflow/py_venv/lib/python3.12/site-packages/airflow/example_dags/example_params_ui_tutorial.py
[2024-09-18T12:11:24.621+0100] {processor.py:925} INFO - DAG(s) 'example_params_ui_tutorial' retrieved from /Users/ds2718/Documents/test_python_airflow/airflow/py_venv/lib/python3.12/site-packages/airflow/example_dags/example_params_ui_tutorial.py
[2024-09-18T12:11:24.684+0100] {logging_mixin.py:190} INFO - [2024-09-18T12:11:24.684+0100] {dag.py:3229} INFO - Sync 1 DAGs
[2024-09-18T12:11:24.692+0100] {logging_mixin.py:190} INFO - [2024-09-18T12:11:24.692+0100] {dag.py:4156} INFO - Setting next_dagrun for example_params_ui_tutorial to None, run_after=None
[2024-09-18T12:11:24.742+0100] {processor.py:208} INFO - Processing /Users/ds2718/Documents/test_python_airflow/airflow/py_venv/lib/python3.12/site-packages/airflow/example_dags/example_params_ui_tutorial.py took 0.187 seconds
[2024-09-18T12:11:57.910+0100] {processor.py:186} INFO - Started process (PID=13578) to work on /Users/ds2718/Documents/test_python_airflow/airflow/py_venv/lib/python3.12/site-packages/airflow/example_dags/example_params_ui_tutorial.py
[2024-09-18T12:11:57.911+0100] {processor.py:914} INFO - Processing file /Users/ds2718/Documents/test_python_airflow/airflow/py_venv/lib/python3.12/site-packages/airflow/example_dags/example_params_ui_tutorial.py for tasks to queue
[2024-09-18T12:11:57.912+0100] {logging_mixin.py:190} INFO - [2024-09-18T12:11:57.912+0100] {dagbag.py:587} INFO - Filling up the DagBag from /Users/ds2718/Documents/test_python_airflow/airflow/py_venv/lib/python3.12/site-packages/airflow/example_dags/example_params_ui_tutorial.py
[2024-09-18T12:11:57.935+0100] {processor.py:925} INFO - DAG(s) 'example_params_ui_tutorial' retrieved from /Users/ds2718/Documents/test_python_airflow/airflow/py_venv/lib/python3.12/site-packages/airflow/example_dags/example_params_ui_tutorial.py
[2024-09-18T12:11:57.985+0100] {logging_mixin.py:190} INFO - [2024-09-18T12:11:57.985+0100] {dag.py:3229} INFO - Sync 1 DAGs
[2024-09-18T12:11:58.004+0100] {logging_mixin.py:190} INFO - [2024-09-18T12:11:58.004+0100] {dag.py:4156} INFO - Setting next_dagrun for example_params_ui_tutorial to None, run_after=None
[2024-09-18T12:11:58.057+0100] {processor.py:208} INFO - Processing /Users/ds2718/Documents/test_python_airflow/airflow/py_venv/lib/python3.12/site-packages/airflow/example_dags/example_params_ui_tutorial.py took 0.154 seconds
[2024-09-18T12:12:31.033+0100] {processor.py:186} INFO - Started process (PID=13704) to work on /Users/ds2718/Documents/test_python_airflow/airflow/py_venv/lib/python3.12/site-packages/airflow/example_dags/example_params_ui_tutorial.py
[2024-09-18T12:12:31.034+0100] {processor.py:914} INFO - Processing file /Users/ds2718/Documents/test_python_airflow/airflow/py_venv/lib/python3.12/site-packages/airflow/example_dags/example_params_ui_tutorial.py for tasks to queue
[2024-09-18T12:12:31.034+0100] {logging_mixin.py:190} INFO - [2024-09-18T12:12:31.034+0100] {dagbag.py:587} INFO - Filling up the DagBag from /Users/ds2718/Documents/test_python_airflow/airflow/py_venv/lib/python3.12/site-packages/airflow/example_dags/example_params_ui_tutorial.py
[2024-09-18T12:12:31.054+0100] {processor.py:925} INFO - DAG(s) 'example_params_ui_tutorial' retrieved from /Users/ds2718/Documents/test_python_airflow/airflow/py_venv/lib/python3.12/site-packages/airflow/example_dags/example_params_ui_tutorial.py
[2024-09-18T12:12:31.101+0100] {logging_mixin.py:190} INFO - [2024-09-18T12:12:31.101+0100] {dag.py:3229} INFO - Sync 1 DAGs
[2024-09-18T12:12:31.107+0100] {logging_mixin.py:190} INFO - [2024-09-18T12:12:31.107+0100] {dag.py:4156} INFO - Setting next_dagrun for example_params_ui_tutorial to None, run_after=None
[2024-09-18T12:12:31.139+0100] {processor.py:208} INFO - Processing /Users/ds2718/Documents/test_python_airflow/airflow/py_venv/lib/python3.12/site-packages/airflow/example_dags/example_params_ui_tutorial.py took 0.112 seconds
[2024-09-18T12:13:04.747+0100] {processor.py:186} INFO - Started process (PID=13896) to work on /Users/ds2718/Documents/test_python_airflow/airflow/py_venv/lib/python3.12/site-packages/airflow/example_dags/example_params_ui_tutorial.py
[2024-09-18T12:13:04.748+0100] {processor.py:914} INFO - Processing file /Users/ds2718/Documents/test_python_airflow/airflow/py_venv/lib/python3.12/site-packages/airflow/example_dags/example_params_ui_tutorial.py for tasks to queue
[2024-09-18T12:13:04.748+0100] {logging_mixin.py:190} INFO - [2024-09-18T12:13:04.748+0100] {dagbag.py:587} INFO - Filling up the DagBag from /Users/ds2718/Documents/test_python_airflow/airflow/py_venv/lib/python3.12/site-packages/airflow/example_dags/example_params_ui_tutorial.py
[2024-09-18T12:13:04.766+0100] {processor.py:925} INFO - DAG(s) 'example_params_ui_tutorial' retrieved from /Users/ds2718/Documents/test_python_airflow/airflow/py_venv/lib/python3.12/site-packages/airflow/example_dags/example_params_ui_tutorial.py
[2024-09-18T12:13:04.812+0100] {logging_mixin.py:190} INFO - [2024-09-18T12:13:04.812+0100] {dag.py:3229} INFO - Sync 1 DAGs
[2024-09-18T12:13:04.831+0100] {logging_mixin.py:190} INFO - [2024-09-18T12:13:04.831+0100] {dag.py:4156} INFO - Setting next_dagrun for example_params_ui_tutorial to None, run_after=None
[2024-09-18T12:13:04.865+0100] {processor.py:208} INFO - Processing /Users/ds2718/Documents/test_python_airflow/airflow/py_venv/lib/python3.12/site-packages/airflow/example_dags/example_params_ui_tutorial.py took 0.121 seconds
[2024-09-18T12:13:39.901+0100] {processor.py:186} INFO - Started process (PID=14041) to work on /Users/ds2718/Documents/test_python_airflow/airflow/py_venv/lib/python3.12/site-packages/airflow/example_dags/example_params_ui_tutorial.py
[2024-09-18T12:13:39.901+0100] {processor.py:914} INFO - Processing file /Users/ds2718/Documents/test_python_airflow/airflow/py_venv/lib/python3.12/site-packages/airflow/example_dags/example_params_ui_tutorial.py for tasks to queue
[2024-09-18T12:13:39.901+0100] {logging_mixin.py:190} INFO - [2024-09-18T12:13:39.901+0100] {dagbag.py:587} INFO - Filling up the DagBag from /Users/ds2718/Documents/test_python_airflow/airflow/py_venv/lib/python3.12/site-packages/airflow/example_dags/example_params_ui_tutorial.py
[2024-09-18T12:13:39.921+0100] {processor.py:925} INFO - DAG(s) 'example_params_ui_tutorial' retrieved from /Users/ds2718/Documents/test_python_airflow/airflow/py_venv/lib/python3.12/site-packages/airflow/example_dags/example_params_ui_tutorial.py
[2024-09-18T12:13:39.969+0100] {logging_mixin.py:190} INFO - [2024-09-18T12:13:39.969+0100] {dag.py:3229} INFO - Sync 1 DAGs
[2024-09-18T12:13:39.978+0100] {logging_mixin.py:190} INFO - [2024-09-18T12:13:39.978+0100] {dag.py:4156} INFO - Setting next_dagrun for example_params_ui_tutorial to None, run_after=None
[2024-09-18T12:13:40.025+0100] {processor.py:208} INFO - Processing /Users/ds2718/Documents/test_python_airflow/airflow/py_venv/lib/python3.12/site-packages/airflow/example_dags/example_params_ui_tutorial.py took 0.127 seconds
