[2024-09-18T11:54:14.678+0100] {processor.py:186} INFO - Started process (PID=9487) to work on /Users/ds2718/Documents/test_python_airflow/airflow/py_venv/lib/python3.12/site-packages/airflow/example_dags/example_nested_branch_dag.py
[2024-09-18T11:54:14.678+0100] {processor.py:914} INFO - Processing file /Users/ds2718/Documents/test_python_airflow/airflow/py_venv/lib/python3.12/site-packages/airflow/example_dags/example_nested_branch_dag.py for tasks to queue
[2024-09-18T11:54:14.679+0100] {logging_mixin.py:190} INFO - [2024-09-18T11:54:14.679+0100] {dagbag.py:587} INFO - Filling up the DagBag from /Users/ds2718/Documents/test_python_airflow/airflow/py_venv/lib/python3.12/site-packages/airflow/example_dags/example_nested_branch_dag.py
[2024-09-18T11:54:14.697+0100] {processor.py:925} INFO - DAG(s) 'example_nested_branch_dag' retrieved from /Users/ds2718/Documents/test_python_airflow/airflow/py_venv/lib/python3.12/site-packages/airflow/example_dags/example_nested_branch_dag.py
[2024-09-18T11:54:14.821+0100] {logging_mixin.py:190} INFO - [2024-09-18T11:54:14.820+0100] {override.py:1900} INFO - Created Permission View: can delete on DAG:example_nested_branch_dag
[2024-09-18T11:54:14.825+0100] {logging_mixin.py:190} INFO - [2024-09-18T11:54:14.825+0100] {override.py:1900} INFO - Created Permission View: can edit on DAG:example_nested_branch_dag
[2024-09-18T11:54:14.827+0100] {logging_mixin.py:190} INFO - [2024-09-18T11:54:14.827+0100] {override.py:1900} INFO - Created Permission View: can read on DAG:example_nested_branch_dag
[2024-09-18T11:54:14.830+0100] {logging_mixin.py:190} INFO - [2024-09-18T11:54:14.830+0100] {override.py:1900} INFO - Created Permission View: can delete on DAG Run:example_nested_branch_dag
[2024-09-18T11:54:14.836+0100] {logging_mixin.py:190} INFO - [2024-09-18T11:54:14.836+0100] {override.py:1900} INFO - Created Permission View: menu access on DAG Run:example_nested_branch_dag
[2024-09-18T11:54:14.839+0100] {logging_mixin.py:190} INFO - [2024-09-18T11:54:14.839+0100] {override.py:1900} INFO - Created Permission View: can read on DAG Run:example_nested_branch_dag
[2024-09-18T11:54:14.842+0100] {logging_mixin.py:190} INFO - [2024-09-18T11:54:14.842+0100] {override.py:1900} INFO - Created Permission View: can create on DAG Run:example_nested_branch_dag
[2024-09-18T11:54:14.842+0100] {logging_mixin.py:190} INFO - [2024-09-18T11:54:14.842+0100] {dag.py:3229} INFO - Sync 1 DAGs
[2024-09-18T11:54:14.849+0100] {logging_mixin.py:190} INFO - [2024-09-18T11:54:14.849+0100] {dag.py:3252} INFO - Creating ORM DAG for example_nested_branch_dag
[2024-09-18T11:54:14.853+0100] {logging_mixin.py:190} INFO - [2024-09-18T11:54:14.853+0100] {dag.py:4156} INFO - Setting next_dagrun for example_nested_branch_dag to 2024-09-17 00:00:00+00:00, run_after=2024-09-18 00:00:00+00:00
[2024-09-18T11:54:14.861+0100] {processor.py:208} INFO - Processing /Users/ds2718/Documents/test_python_airflow/airflow/py_venv/lib/python3.12/site-packages/airflow/example_dags/example_nested_branch_dag.py took 0.191 seconds
[2024-09-18T11:54:49.343+0100] {processor.py:186} INFO - Started process (PID=9692) to work on /Users/ds2718/Documents/test_python_airflow/airflow/py_venv/lib/python3.12/site-packages/airflow/example_dags/example_nested_branch_dag.py
[2024-09-18T11:54:49.344+0100] {processor.py:914} INFO - Processing file /Users/ds2718/Documents/test_python_airflow/airflow/py_venv/lib/python3.12/site-packages/airflow/example_dags/example_nested_branch_dag.py for tasks to queue
[2024-09-18T11:54:49.344+0100] {logging_mixin.py:190} INFO - [2024-09-18T11:54:49.344+0100] {dagbag.py:587} INFO - Filling up the DagBag from /Users/ds2718/Documents/test_python_airflow/airflow/py_venv/lib/python3.12/site-packages/airflow/example_dags/example_nested_branch_dag.py
[2024-09-18T11:54:49.373+0100] {processor.py:925} INFO - DAG(s) 'example_nested_branch_dag' retrieved from /Users/ds2718/Documents/test_python_airflow/airflow/py_venv/lib/python3.12/site-packages/airflow/example_dags/example_nested_branch_dag.py
[2024-09-18T11:54:49.523+0100] {logging_mixin.py:190} INFO - [2024-09-18T11:54:49.523+0100] {dag.py:3229} INFO - Sync 1 DAGs
[2024-09-18T11:54:49.579+0100] {logging_mixin.py:190} INFO - [2024-09-18T11:54:49.579+0100] {dag.py:4156} INFO - Setting next_dagrun for example_nested_branch_dag to 2024-09-17 00:00:00+00:00, run_after=2024-09-18 00:00:00+00:00
[2024-09-18T11:54:49.645+0100] {processor.py:208} INFO - Processing /Users/ds2718/Documents/test_python_airflow/airflow/py_venv/lib/python3.12/site-packages/airflow/example_dags/example_nested_branch_dag.py took 0.308 seconds
[2024-09-18T11:55:24.039+0100] {processor.py:186} INFO - Started process (PID=9871) to work on /Users/ds2718/Documents/test_python_airflow/airflow/py_venv/lib/python3.12/site-packages/airflow/example_dags/example_nested_branch_dag.py
[2024-09-18T11:55:24.039+0100] {processor.py:914} INFO - Processing file /Users/ds2718/Documents/test_python_airflow/airflow/py_venv/lib/python3.12/site-packages/airflow/example_dags/example_nested_branch_dag.py for tasks to queue
[2024-09-18T11:55:24.040+0100] {logging_mixin.py:190} INFO - [2024-09-18T11:55:24.040+0100] {dagbag.py:587} INFO - Filling up the DagBag from /Users/ds2718/Documents/test_python_airflow/airflow/py_venv/lib/python3.12/site-packages/airflow/example_dags/example_nested_branch_dag.py
[2024-09-18T11:55:24.059+0100] {processor.py:925} INFO - DAG(s) 'example_nested_branch_dag' retrieved from /Users/ds2718/Documents/test_python_airflow/airflow/py_venv/lib/python3.12/site-packages/airflow/example_dags/example_nested_branch_dag.py
[2024-09-18T11:55:24.102+0100] {logging_mixin.py:190} INFO - [2024-09-18T11:55:24.102+0100] {dag.py:3229} INFO - Sync 1 DAGs
[2024-09-18T11:55:24.140+0100] {logging_mixin.py:190} INFO - [2024-09-18T11:55:24.140+0100] {dag.py:4156} INFO - Setting next_dagrun for example_nested_branch_dag to 2024-09-17 00:00:00+00:00, run_after=2024-09-18 00:00:00+00:00
[2024-09-18T11:55:24.154+0100] {processor.py:208} INFO - Processing /Users/ds2718/Documents/test_python_airflow/airflow/py_venv/lib/python3.12/site-packages/airflow/example_dags/example_nested_branch_dag.py took 0.120 seconds
[2024-09-18T11:55:56.443+0100] {processor.py:186} INFO - Started process (PID=10047) to work on /Users/ds2718/Documents/test_python_airflow/airflow/py_venv/lib/python3.12/site-packages/airflow/example_dags/example_nested_branch_dag.py
[2024-09-18T11:55:56.443+0100] {processor.py:914} INFO - Processing file /Users/ds2718/Documents/test_python_airflow/airflow/py_venv/lib/python3.12/site-packages/airflow/example_dags/example_nested_branch_dag.py for tasks to queue
[2024-09-18T11:55:56.444+0100] {logging_mixin.py:190} INFO - [2024-09-18T11:55:56.444+0100] {dagbag.py:587} INFO - Filling up the DagBag from /Users/ds2718/Documents/test_python_airflow/airflow/py_venv/lib/python3.12/site-packages/airflow/example_dags/example_nested_branch_dag.py
[2024-09-18T11:55:56.477+0100] {processor.py:925} INFO - DAG(s) 'example_nested_branch_dag' retrieved from /Users/ds2718/Documents/test_python_airflow/airflow/py_venv/lib/python3.12/site-packages/airflow/example_dags/example_nested_branch_dag.py
[2024-09-18T11:55:56.580+0100] {logging_mixin.py:190} INFO - [2024-09-18T11:55:56.580+0100] {dag.py:3229} INFO - Sync 1 DAGs
[2024-09-18T11:55:56.634+0100] {logging_mixin.py:190} INFO - [2024-09-18T11:55:56.634+0100] {dag.py:4156} INFO - Setting next_dagrun for example_nested_branch_dag to 2024-09-17 00:00:00+00:00, run_after=2024-09-18 00:00:00+00:00
[2024-09-18T11:55:56.645+0100] {processor.py:208} INFO - Processing /Users/ds2718/Documents/test_python_airflow/airflow/py_venv/lib/python3.12/site-packages/airflow/example_dags/example_nested_branch_dag.py took 0.206 seconds
[2024-09-18T11:56:30.535+0100] {processor.py:186} INFO - Started process (PID=10177) to work on /Users/ds2718/Documents/test_python_airflow/airflow/py_venv/lib/python3.12/site-packages/airflow/example_dags/example_nested_branch_dag.py
[2024-09-18T11:56:30.535+0100] {processor.py:914} INFO - Processing file /Users/ds2718/Documents/test_python_airflow/airflow/py_venv/lib/python3.12/site-packages/airflow/example_dags/example_nested_branch_dag.py for tasks to queue
[2024-09-18T11:56:30.536+0100] {logging_mixin.py:190} INFO - [2024-09-18T11:56:30.536+0100] {dagbag.py:587} INFO - Filling up the DagBag from /Users/ds2718/Documents/test_python_airflow/airflow/py_venv/lib/python3.12/site-packages/airflow/example_dags/example_nested_branch_dag.py
[2024-09-18T11:56:30.564+0100] {processor.py:925} INFO - DAG(s) 'example_nested_branch_dag' retrieved from /Users/ds2718/Documents/test_python_airflow/airflow/py_venv/lib/python3.12/site-packages/airflow/example_dags/example_nested_branch_dag.py
[2024-09-18T11:56:30.611+0100] {logging_mixin.py:190} INFO - [2024-09-18T11:56:30.611+0100] {dag.py:3229} INFO - Sync 1 DAGs
[2024-09-18T11:56:30.654+0100] {logging_mixin.py:190} INFO - [2024-09-18T11:56:30.654+0100] {dag.py:4156} INFO - Setting next_dagrun for example_nested_branch_dag to 2024-09-17 00:00:00+00:00, run_after=2024-09-18 00:00:00+00:00
[2024-09-18T11:56:30.686+0100] {processor.py:208} INFO - Processing /Users/ds2718/Documents/test_python_airflow/airflow/py_venv/lib/python3.12/site-packages/airflow/example_dags/example_nested_branch_dag.py took 0.158 seconds
[2024-09-18T11:57:02.113+0100] {processor.py:186} INFO - Started process (PID=10349) to work on /Users/ds2718/Documents/test_python_airflow/airflow/py_venv/lib/python3.12/site-packages/airflow/example_dags/example_nested_branch_dag.py
[2024-09-18T11:57:02.115+0100] {processor.py:914} INFO - Processing file /Users/ds2718/Documents/test_python_airflow/airflow/py_venv/lib/python3.12/site-packages/airflow/example_dags/example_nested_branch_dag.py for tasks to queue
[2024-09-18T11:57:02.115+0100] {logging_mixin.py:190} INFO - [2024-09-18T11:57:02.115+0100] {dagbag.py:587} INFO - Filling up the DagBag from /Users/ds2718/Documents/test_python_airflow/airflow/py_venv/lib/python3.12/site-packages/airflow/example_dags/example_nested_branch_dag.py
[2024-09-18T11:57:02.155+0100] {processor.py:925} INFO - DAG(s) 'example_nested_branch_dag' retrieved from /Users/ds2718/Documents/test_python_airflow/airflow/py_venv/lib/python3.12/site-packages/airflow/example_dags/example_nested_branch_dag.py
[2024-09-18T11:57:02.196+0100] {logging_mixin.py:190} INFO - [2024-09-18T11:57:02.196+0100] {dag.py:3229} INFO - Sync 1 DAGs
[2024-09-18T11:57:02.239+0100] {logging_mixin.py:190} INFO - [2024-09-18T11:57:02.239+0100] {dag.py:4156} INFO - Setting next_dagrun for example_nested_branch_dag to 2024-09-17 00:00:00+00:00, run_after=2024-09-18 00:00:00+00:00
[2024-09-18T11:57:02.252+0100] {processor.py:208} INFO - Processing /Users/ds2718/Documents/test_python_airflow/airflow/py_venv/lib/python3.12/site-packages/airflow/example_dags/example_nested_branch_dag.py took 0.141 seconds
[2024-09-18T11:57:35.035+0100] {processor.py:186} INFO - Started process (PID=10515) to work on /Users/ds2718/Documents/test_python_airflow/airflow/py_venv/lib/python3.12/site-packages/airflow/example_dags/example_nested_branch_dag.py
[2024-09-18T11:57:35.036+0100] {processor.py:914} INFO - Processing file /Users/ds2718/Documents/test_python_airflow/airflow/py_venv/lib/python3.12/site-packages/airflow/example_dags/example_nested_branch_dag.py for tasks to queue
[2024-09-18T11:57:35.036+0100] {logging_mixin.py:190} INFO - [2024-09-18T11:57:35.036+0100] {dagbag.py:587} INFO - Filling up the DagBag from /Users/ds2718/Documents/test_python_airflow/airflow/py_venv/lib/python3.12/site-packages/airflow/example_dags/example_nested_branch_dag.py
[2024-09-18T11:57:35.059+0100] {processor.py:925} INFO - DAG(s) 'example_nested_branch_dag' retrieved from /Users/ds2718/Documents/test_python_airflow/airflow/py_venv/lib/python3.12/site-packages/airflow/example_dags/example_nested_branch_dag.py
[2024-09-18T11:57:35.100+0100] {logging_mixin.py:190} INFO - [2024-09-18T11:57:35.100+0100] {dag.py:3229} INFO - Sync 1 DAGs
[2024-09-18T11:57:35.133+0100] {logging_mixin.py:190} INFO - [2024-09-18T11:57:35.133+0100] {dag.py:4156} INFO - Setting next_dagrun for example_nested_branch_dag to 2024-09-17 00:00:00+00:00, run_after=2024-09-18 00:00:00+00:00
[2024-09-18T11:57:35.147+0100] {processor.py:208} INFO - Processing /Users/ds2718/Documents/test_python_airflow/airflow/py_venv/lib/python3.12/site-packages/airflow/example_dags/example_nested_branch_dag.py took 0.119 seconds
[2024-09-18T11:58:09.746+0100] {processor.py:186} INFO - Started process (PID=10723) to work on /Users/ds2718/Documents/test_python_airflow/airflow/py_venv/lib/python3.12/site-packages/airflow/example_dags/example_nested_branch_dag.py
[2024-09-18T11:58:09.747+0100] {processor.py:914} INFO - Processing file /Users/ds2718/Documents/test_python_airflow/airflow/py_venv/lib/python3.12/site-packages/airflow/example_dags/example_nested_branch_dag.py for tasks to queue
[2024-09-18T11:58:09.747+0100] {logging_mixin.py:190} INFO - [2024-09-18T11:58:09.747+0100] {dagbag.py:587} INFO - Filling up the DagBag from /Users/ds2718/Documents/test_python_airflow/airflow/py_venv/lib/python3.12/site-packages/airflow/example_dags/example_nested_branch_dag.py
[2024-09-18T11:58:09.770+0100] {processor.py:925} INFO - DAG(s) 'example_nested_branch_dag' retrieved from /Users/ds2718/Documents/test_python_airflow/airflow/py_venv/lib/python3.12/site-packages/airflow/example_dags/example_nested_branch_dag.py
[2024-09-18T11:58:09.814+0100] {logging_mixin.py:190} INFO - [2024-09-18T11:58:09.813+0100] {dag.py:3229} INFO - Sync 1 DAGs
[2024-09-18T11:58:09.848+0100] {logging_mixin.py:190} INFO - [2024-09-18T11:58:09.848+0100] {dag.py:4156} INFO - Setting next_dagrun for example_nested_branch_dag to 2024-09-17 00:00:00+00:00, run_after=2024-09-18 00:00:00+00:00
[2024-09-18T11:58:09.862+0100] {processor.py:208} INFO - Processing /Users/ds2718/Documents/test_python_airflow/airflow/py_venv/lib/python3.12/site-packages/airflow/example_dags/example_nested_branch_dag.py took 0.128 seconds
[2024-09-18T11:58:45.259+0100] {processor.py:186} INFO - Started process (PID=10893) to work on /Users/ds2718/Documents/test_python_airflow/airflow/py_venv/lib/python3.12/site-packages/airflow/example_dags/example_nested_branch_dag.py
[2024-09-18T11:58:45.260+0100] {processor.py:914} INFO - Processing file /Users/ds2718/Documents/test_python_airflow/airflow/py_venv/lib/python3.12/site-packages/airflow/example_dags/example_nested_branch_dag.py for tasks to queue
[2024-09-18T11:58:45.260+0100] {logging_mixin.py:190} INFO - [2024-09-18T11:58:45.260+0100] {dagbag.py:587} INFO - Filling up the DagBag from /Users/ds2718/Documents/test_python_airflow/airflow/py_venv/lib/python3.12/site-packages/airflow/example_dags/example_nested_branch_dag.py
[2024-09-18T11:58:45.277+0100] {processor.py:925} INFO - DAG(s) 'example_nested_branch_dag' retrieved from /Users/ds2718/Documents/test_python_airflow/airflow/py_venv/lib/python3.12/site-packages/airflow/example_dags/example_nested_branch_dag.py
[2024-09-18T11:58:45.316+0100] {logging_mixin.py:190} INFO - [2024-09-18T11:58:45.316+0100] {dag.py:3229} INFO - Sync 1 DAGs
[2024-09-18T11:58:45.357+0100] {logging_mixin.py:190} INFO - [2024-09-18T11:58:45.357+0100] {dag.py:4156} INFO - Setting next_dagrun for example_nested_branch_dag to 2024-09-17 00:00:00+00:00, run_after=2024-09-18 00:00:00+00:00
[2024-09-18T11:58:45.367+0100] {processor.py:208} INFO - Processing /Users/ds2718/Documents/test_python_airflow/airflow/py_venv/lib/python3.12/site-packages/airflow/example_dags/example_nested_branch_dag.py took 0.110 seconds
[2024-09-18T11:59:20.289+0100] {processor.py:186} INFO - Started process (PID=11107) to work on /Users/ds2718/Documents/test_python_airflow/airflow/py_venv/lib/python3.12/site-packages/airflow/example_dags/example_nested_branch_dag.py
[2024-09-18T11:59:20.290+0100] {processor.py:914} INFO - Processing file /Users/ds2718/Documents/test_python_airflow/airflow/py_venv/lib/python3.12/site-packages/airflow/example_dags/example_nested_branch_dag.py for tasks to queue
[2024-09-18T11:59:20.291+0100] {logging_mixin.py:190} INFO - [2024-09-18T11:59:20.291+0100] {dagbag.py:587} INFO - Filling up the DagBag from /Users/ds2718/Documents/test_python_airflow/airflow/py_venv/lib/python3.12/site-packages/airflow/example_dags/example_nested_branch_dag.py
[2024-09-18T11:59:20.314+0100] {processor.py:925} INFO - DAG(s) 'example_nested_branch_dag' retrieved from /Users/ds2718/Documents/test_python_airflow/airflow/py_venv/lib/python3.12/site-packages/airflow/example_dags/example_nested_branch_dag.py
[2024-09-18T11:59:20.356+0100] {logging_mixin.py:190} INFO - [2024-09-18T11:59:20.356+0100] {dag.py:3229} INFO - Sync 1 DAGs
[2024-09-18T11:59:20.397+0100] {logging_mixin.py:190} INFO - [2024-09-18T11:59:20.397+0100] {dag.py:4156} INFO - Setting next_dagrun for example_nested_branch_dag to 2024-09-17 00:00:00+00:00, run_after=2024-09-18 00:00:00+00:00
[2024-09-18T11:59:20.423+0100] {processor.py:208} INFO - Processing /Users/ds2718/Documents/test_python_airflow/airflow/py_venv/lib/python3.12/site-packages/airflow/example_dags/example_nested_branch_dag.py took 0.146 seconds
[2024-09-18T11:59:53.851+0100] {processor.py:186} INFO - Started process (PID=11281) to work on /Users/ds2718/Documents/test_python_airflow/airflow/py_venv/lib/python3.12/site-packages/airflow/example_dags/example_nested_branch_dag.py
[2024-09-18T11:59:53.852+0100] {processor.py:914} INFO - Processing file /Users/ds2718/Documents/test_python_airflow/airflow/py_venv/lib/python3.12/site-packages/airflow/example_dags/example_nested_branch_dag.py for tasks to queue
[2024-09-18T11:59:53.853+0100] {logging_mixin.py:190} INFO - [2024-09-18T11:59:53.853+0100] {dagbag.py:587} INFO - Filling up the DagBag from /Users/ds2718/Documents/test_python_airflow/airflow/py_venv/lib/python3.12/site-packages/airflow/example_dags/example_nested_branch_dag.py
[2024-09-18T11:59:53.874+0100] {processor.py:925} INFO - DAG(s) 'example_nested_branch_dag' retrieved from /Users/ds2718/Documents/test_python_airflow/airflow/py_venv/lib/python3.12/site-packages/airflow/example_dags/example_nested_branch_dag.py
[2024-09-18T11:59:53.915+0100] {logging_mixin.py:190} INFO - [2024-09-18T11:59:53.915+0100] {dag.py:3229} INFO - Sync 1 DAGs
[2024-09-18T11:59:53.957+0100] {logging_mixin.py:190} INFO - [2024-09-18T11:59:53.957+0100] {dag.py:4156} INFO - Setting next_dagrun for example_nested_branch_dag to 2024-09-17 00:00:00+00:00, run_after=2024-09-18 00:00:00+00:00
[2024-09-18T11:59:53.972+0100] {processor.py:208} INFO - Processing /Users/ds2718/Documents/test_python_airflow/airflow/py_venv/lib/python3.12/site-packages/airflow/example_dags/example_nested_branch_dag.py took 0.123 seconds
[2024-09-18T12:00:26.514+0100] {processor.py:186} INFO - Started process (PID=11488) to work on /Users/ds2718/Documents/test_python_airflow/airflow/py_venv/lib/python3.12/site-packages/airflow/example_dags/example_nested_branch_dag.py
[2024-09-18T12:00:26.515+0100] {processor.py:914} INFO - Processing file /Users/ds2718/Documents/test_python_airflow/airflow/py_venv/lib/python3.12/site-packages/airflow/example_dags/example_nested_branch_dag.py for tasks to queue
[2024-09-18T12:00:26.515+0100] {logging_mixin.py:190} INFO - [2024-09-18T12:00:26.515+0100] {dagbag.py:587} INFO - Filling up the DagBag from /Users/ds2718/Documents/test_python_airflow/airflow/py_venv/lib/python3.12/site-packages/airflow/example_dags/example_nested_branch_dag.py
[2024-09-18T12:00:26.539+0100] {processor.py:925} INFO - DAG(s) 'example_nested_branch_dag' retrieved from /Users/ds2718/Documents/test_python_airflow/airflow/py_venv/lib/python3.12/site-packages/airflow/example_dags/example_nested_branch_dag.py
[2024-09-18T12:00:26.581+0100] {logging_mixin.py:190} INFO - [2024-09-18T12:00:26.581+0100] {dag.py:3229} INFO - Sync 1 DAGs
[2024-09-18T12:00:26.616+0100] {logging_mixin.py:190} INFO - [2024-09-18T12:00:26.616+0100] {dag.py:4156} INFO - Setting next_dagrun for example_nested_branch_dag to 2024-09-17 00:00:00+00:00, run_after=2024-09-18 00:00:00+00:00
[2024-09-18T12:00:26.644+0100] {processor.py:208} INFO - Processing /Users/ds2718/Documents/test_python_airflow/airflow/py_venv/lib/python3.12/site-packages/airflow/example_dags/example_nested_branch_dag.py took 0.136 seconds
[2024-09-18T12:01:00.409+0100] {processor.py:186} INFO - Started process (PID=11691) to work on /Users/ds2718/Documents/test_python_airflow/airflow/py_venv/lib/python3.12/site-packages/airflow/example_dags/example_nested_branch_dag.py
[2024-09-18T12:01:00.412+0100] {processor.py:914} INFO - Processing file /Users/ds2718/Documents/test_python_airflow/airflow/py_venv/lib/python3.12/site-packages/airflow/example_dags/example_nested_branch_dag.py for tasks to queue
[2024-09-18T12:01:00.412+0100] {logging_mixin.py:190} INFO - [2024-09-18T12:01:00.412+0100] {dagbag.py:587} INFO - Filling up the DagBag from /Users/ds2718/Documents/test_python_airflow/airflow/py_venv/lib/python3.12/site-packages/airflow/example_dags/example_nested_branch_dag.py
[2024-09-18T12:01:00.434+0100] {processor.py:925} INFO - DAG(s) 'example_nested_branch_dag' retrieved from /Users/ds2718/Documents/test_python_airflow/airflow/py_venv/lib/python3.12/site-packages/airflow/example_dags/example_nested_branch_dag.py
[2024-09-18T12:01:00.486+0100] {logging_mixin.py:190} INFO - [2024-09-18T12:01:00.486+0100] {dag.py:3229} INFO - Sync 1 DAGs
[2024-09-18T12:01:00.531+0100] {logging_mixin.py:190} INFO - [2024-09-18T12:01:00.531+0100] {dag.py:4156} INFO - Setting next_dagrun for example_nested_branch_dag to 2024-09-17 00:00:00+00:00, run_after=2024-09-18 00:00:00+00:00
[2024-09-18T12:01:00.546+0100] {processor.py:208} INFO - Processing /Users/ds2718/Documents/test_python_airflow/airflow/py_venv/lib/python3.12/site-packages/airflow/example_dags/example_nested_branch_dag.py took 0.144 seconds
[2024-09-18T12:06:15.198+0100] {processor.py:186} INFO - Started process (PID=11915) to work on /Users/ds2718/Documents/test_python_airflow/airflow/py_venv/lib/python3.12/site-packages/airflow/example_dags/example_nested_branch_dag.py
[2024-09-18T12:06:15.200+0100] {processor.py:914} INFO - Processing file /Users/ds2718/Documents/test_python_airflow/airflow/py_venv/lib/python3.12/site-packages/airflow/example_dags/example_nested_branch_dag.py for tasks to queue
[2024-09-18T12:06:15.200+0100] {logging_mixin.py:190} INFO - [2024-09-18T12:06:15.200+0100] {dagbag.py:587} INFO - Filling up the DagBag from /Users/ds2718/Documents/test_python_airflow/airflow/py_venv/lib/python3.12/site-packages/airflow/example_dags/example_nested_branch_dag.py
[2024-09-18T12:06:15.231+0100] {processor.py:925} INFO - DAG(s) 'example_nested_branch_dag' retrieved from /Users/ds2718/Documents/test_python_airflow/airflow/py_venv/lib/python3.12/site-packages/airflow/example_dags/example_nested_branch_dag.py
[2024-09-18T12:06:15.278+0100] {logging_mixin.py:190} INFO - [2024-09-18T12:06:15.278+0100] {dag.py:3229} INFO - Sync 1 DAGs
[2024-09-18T12:06:15.318+0100] {logging_mixin.py:190} INFO - [2024-09-18T12:06:15.318+0100] {dag.py:4156} INFO - Setting next_dagrun for example_nested_branch_dag to 2024-09-17 00:00:00+00:00, run_after=2024-09-18 00:00:00+00:00
[2024-09-18T12:06:15.347+0100] {processor.py:208} INFO - Processing /Users/ds2718/Documents/test_python_airflow/airflow/py_venv/lib/python3.12/site-packages/airflow/example_dags/example_nested_branch_dag.py took 0.153 seconds
[2024-09-18T12:06:48.190+0100] {processor.py:186} INFO - Started process (PID=12087) to work on /Users/ds2718/Documents/test_python_airflow/airflow/py_venv/lib/python3.12/site-packages/airflow/example_dags/example_nested_branch_dag.py
[2024-09-18T12:06:48.191+0100] {processor.py:914} INFO - Processing file /Users/ds2718/Documents/test_python_airflow/airflow/py_venv/lib/python3.12/site-packages/airflow/example_dags/example_nested_branch_dag.py for tasks to queue
[2024-09-18T12:06:48.192+0100] {logging_mixin.py:190} INFO - [2024-09-18T12:06:48.192+0100] {dagbag.py:587} INFO - Filling up the DagBag from /Users/ds2718/Documents/test_python_airflow/airflow/py_venv/lib/python3.12/site-packages/airflow/example_dags/example_nested_branch_dag.py
[2024-09-18T12:06:48.215+0100] {processor.py:925} INFO - DAG(s) 'example_nested_branch_dag' retrieved from /Users/ds2718/Documents/test_python_airflow/airflow/py_venv/lib/python3.12/site-packages/airflow/example_dags/example_nested_branch_dag.py
[2024-09-18T12:06:48.260+0100] {logging_mixin.py:190} INFO - [2024-09-18T12:06:48.260+0100] {dag.py:3229} INFO - Sync 1 DAGs
[2024-09-18T12:06:48.291+0100] {logging_mixin.py:190} INFO - [2024-09-18T12:06:48.291+0100] {dag.py:4156} INFO - Setting next_dagrun for example_nested_branch_dag to 2024-09-17 00:00:00+00:00, run_after=2024-09-18 00:00:00+00:00
[2024-09-18T12:06:48.306+0100] {processor.py:208} INFO - Processing /Users/ds2718/Documents/test_python_airflow/airflow/py_venv/lib/python3.12/site-packages/airflow/example_dags/example_nested_branch_dag.py took 0.121 seconds
[2024-09-18T12:07:23.462+0100] {processor.py:186} INFO - Started process (PID=12258) to work on /Users/ds2718/Documents/test_python_airflow/airflow/py_venv/lib/python3.12/site-packages/airflow/example_dags/example_nested_branch_dag.py
[2024-09-18T12:07:23.463+0100] {processor.py:914} INFO - Processing file /Users/ds2718/Documents/test_python_airflow/airflow/py_venv/lib/python3.12/site-packages/airflow/example_dags/example_nested_branch_dag.py for tasks to queue
[2024-09-18T12:07:23.463+0100] {logging_mixin.py:190} INFO - [2024-09-18T12:07:23.463+0100] {dagbag.py:587} INFO - Filling up the DagBag from /Users/ds2718/Documents/test_python_airflow/airflow/py_venv/lib/python3.12/site-packages/airflow/example_dags/example_nested_branch_dag.py
[2024-09-18T12:07:23.481+0100] {processor.py:925} INFO - DAG(s) 'example_nested_branch_dag' retrieved from /Users/ds2718/Documents/test_python_airflow/airflow/py_venv/lib/python3.12/site-packages/airflow/example_dags/example_nested_branch_dag.py
[2024-09-18T12:07:23.523+0100] {logging_mixin.py:190} INFO - [2024-09-18T12:07:23.522+0100] {dag.py:3229} INFO - Sync 1 DAGs
[2024-09-18T12:07:23.558+0100] {logging_mixin.py:190} INFO - [2024-09-18T12:07:23.558+0100] {dag.py:4156} INFO - Setting next_dagrun for example_nested_branch_dag to 2024-09-17 00:00:00+00:00, run_after=2024-09-18 00:00:00+00:00
[2024-09-18T12:07:23.572+0100] {processor.py:208} INFO - Processing /Users/ds2718/Documents/test_python_airflow/airflow/py_venv/lib/python3.12/site-packages/airflow/example_dags/example_nested_branch_dag.py took 0.112 seconds
[2024-09-18T12:08:06.881+0100] {processor.py:186} INFO - Started process (PID=12443) to work on /Users/ds2718/Documents/test_python_airflow/airflow/py_venv/lib/python3.12/site-packages/airflow/example_dags/example_nested_branch_dag.py
[2024-09-18T12:08:06.884+0100] {processor.py:914} INFO - Processing file /Users/ds2718/Documents/test_python_airflow/airflow/py_venv/lib/python3.12/site-packages/airflow/example_dags/example_nested_branch_dag.py for tasks to queue
[2024-09-18T12:08:06.885+0100] {logging_mixin.py:190} INFO - [2024-09-18T12:08:06.885+0100] {dagbag.py:587} INFO - Filling up the DagBag from /Users/ds2718/Documents/test_python_airflow/airflow/py_venv/lib/python3.12/site-packages/airflow/example_dags/example_nested_branch_dag.py
[2024-09-18T12:08:06.909+0100] {processor.py:925} INFO - DAG(s) 'example_nested_branch_dag' retrieved from /Users/ds2718/Documents/test_python_airflow/airflow/py_venv/lib/python3.12/site-packages/airflow/example_dags/example_nested_branch_dag.py
[2024-09-18T12:08:06.970+0100] {logging_mixin.py:190} INFO - [2024-09-18T12:08:06.970+0100] {dag.py:3229} INFO - Sync 1 DAGs
[2024-09-18T12:08:07.068+0100] {logging_mixin.py:190} INFO - [2024-09-18T12:08:07.068+0100] {dag.py:4156} INFO - Setting next_dagrun for example_nested_branch_dag to 2024-09-17 00:00:00+00:00, run_after=2024-09-18 00:00:00+00:00
[2024-09-18T12:08:07.098+0100] {processor.py:208} INFO - Processing /Users/ds2718/Documents/test_python_airflow/airflow/py_venv/lib/python3.12/site-packages/airflow/example_dags/example_nested_branch_dag.py took 0.228 seconds
[2024-09-18T12:08:43.852+0100] {processor.py:186} INFO - Started process (PID=12643) to work on /Users/ds2718/Documents/test_python_airflow/airflow/py_venv/lib/python3.12/site-packages/airflow/example_dags/example_nested_branch_dag.py
[2024-09-18T12:08:43.853+0100] {processor.py:914} INFO - Processing file /Users/ds2718/Documents/test_python_airflow/airflow/py_venv/lib/python3.12/site-packages/airflow/example_dags/example_nested_branch_dag.py for tasks to queue
[2024-09-18T12:08:43.853+0100] {logging_mixin.py:190} INFO - [2024-09-18T12:08:43.853+0100] {dagbag.py:587} INFO - Filling up the DagBag from /Users/ds2718/Documents/test_python_airflow/airflow/py_venv/lib/python3.12/site-packages/airflow/example_dags/example_nested_branch_dag.py
[2024-09-18T12:08:43.871+0100] {processor.py:925} INFO - DAG(s) 'example_nested_branch_dag' retrieved from /Users/ds2718/Documents/test_python_airflow/airflow/py_venv/lib/python3.12/site-packages/airflow/example_dags/example_nested_branch_dag.py
[2024-09-18T12:08:43.914+0100] {logging_mixin.py:190} INFO - [2024-09-18T12:08:43.914+0100] {dag.py:3229} INFO - Sync 1 DAGs
[2024-09-18T12:08:43.952+0100] {logging_mixin.py:190} INFO - [2024-09-18T12:08:43.951+0100] {dag.py:4156} INFO - Setting next_dagrun for example_nested_branch_dag to 2024-09-17 00:00:00+00:00, run_after=2024-09-18 00:00:00+00:00
[2024-09-18T12:08:43.962+0100] {processor.py:208} INFO - Processing /Users/ds2718/Documents/test_python_airflow/airflow/py_venv/lib/python3.12/site-packages/airflow/example_dags/example_nested_branch_dag.py took 0.113 seconds
[2024-09-18T12:09:17.050+0100] {processor.py:186} INFO - Started process (PID=12790) to work on /Users/ds2718/Documents/test_python_airflow/airflow/py_venv/lib/python3.12/site-packages/airflow/example_dags/example_nested_branch_dag.py
[2024-09-18T12:09:17.051+0100] {processor.py:914} INFO - Processing file /Users/ds2718/Documents/test_python_airflow/airflow/py_venv/lib/python3.12/site-packages/airflow/example_dags/example_nested_branch_dag.py for tasks to queue
[2024-09-18T12:09:17.051+0100] {logging_mixin.py:190} INFO - [2024-09-18T12:09:17.051+0100] {dagbag.py:587} INFO - Filling up the DagBag from /Users/ds2718/Documents/test_python_airflow/airflow/py_venv/lib/python3.12/site-packages/airflow/example_dags/example_nested_branch_dag.py
[2024-09-18T12:09:17.080+0100] {processor.py:925} INFO - DAG(s) 'example_nested_branch_dag' retrieved from /Users/ds2718/Documents/test_python_airflow/airflow/py_venv/lib/python3.12/site-packages/airflow/example_dags/example_nested_branch_dag.py
[2024-09-18T12:09:17.123+0100] {logging_mixin.py:190} INFO - [2024-09-18T12:09:17.123+0100] {dag.py:3229} INFO - Sync 1 DAGs
[2024-09-18T12:09:17.162+0100] {logging_mixin.py:190} INFO - [2024-09-18T12:09:17.162+0100] {dag.py:4156} INFO - Setting next_dagrun for example_nested_branch_dag to 2024-09-17 00:00:00+00:00, run_after=2024-09-18 00:00:00+00:00
[2024-09-18T12:09:17.175+0100] {processor.py:208} INFO - Processing /Users/ds2718/Documents/test_python_airflow/airflow/py_venv/lib/python3.12/site-packages/airflow/example_dags/example_nested_branch_dag.py took 0.130 seconds
[2024-09-18T12:09:52.540+0100] {processor.py:186} INFO - Started process (PID=13001) to work on /Users/ds2718/Documents/test_python_airflow/airflow/py_venv/lib/python3.12/site-packages/airflow/example_dags/example_nested_branch_dag.py
[2024-09-18T12:09:52.541+0100] {processor.py:914} INFO - Processing file /Users/ds2718/Documents/test_python_airflow/airflow/py_venv/lib/python3.12/site-packages/airflow/example_dags/example_nested_branch_dag.py for tasks to queue
[2024-09-18T12:09:52.541+0100] {logging_mixin.py:190} INFO - [2024-09-18T12:09:52.541+0100] {dagbag.py:587} INFO - Filling up the DagBag from /Users/ds2718/Documents/test_python_airflow/airflow/py_venv/lib/python3.12/site-packages/airflow/example_dags/example_nested_branch_dag.py
[2024-09-18T12:09:52.564+0100] {processor.py:925} INFO - DAG(s) 'example_nested_branch_dag' retrieved from /Users/ds2718/Documents/test_python_airflow/airflow/py_venv/lib/python3.12/site-packages/airflow/example_dags/example_nested_branch_dag.py
[2024-09-18T12:09:52.605+0100] {logging_mixin.py:190} INFO - [2024-09-18T12:09:52.605+0100] {dag.py:3229} INFO - Sync 1 DAGs
[2024-09-18T12:09:52.651+0100] {logging_mixin.py:190} INFO - [2024-09-18T12:09:52.651+0100] {dag.py:4156} INFO - Setting next_dagrun for example_nested_branch_dag to 2024-09-17 00:00:00+00:00, run_after=2024-09-18 00:00:00+00:00
[2024-09-18T12:09:52.663+0100] {processor.py:208} INFO - Processing /Users/ds2718/Documents/test_python_airflow/airflow/py_venv/lib/python3.12/site-packages/airflow/example_dags/example_nested_branch_dag.py took 0.131 seconds
[2024-09-18T12:10:25.276+0100] {processor.py:186} INFO - Started process (PID=13127) to work on /Users/ds2718/Documents/test_python_airflow/airflow/py_venv/lib/python3.12/site-packages/airflow/example_dags/example_nested_branch_dag.py
[2024-09-18T12:10:25.276+0100] {processor.py:914} INFO - Processing file /Users/ds2718/Documents/test_python_airflow/airflow/py_venv/lib/python3.12/site-packages/airflow/example_dags/example_nested_branch_dag.py for tasks to queue
[2024-09-18T12:10:25.277+0100] {logging_mixin.py:190} INFO - [2024-09-18T12:10:25.277+0100] {dagbag.py:587} INFO - Filling up the DagBag from /Users/ds2718/Documents/test_python_airflow/airflow/py_venv/lib/python3.12/site-packages/airflow/example_dags/example_nested_branch_dag.py
[2024-09-18T12:10:25.307+0100] {processor.py:925} INFO - DAG(s) 'example_nested_branch_dag' retrieved from /Users/ds2718/Documents/test_python_airflow/airflow/py_venv/lib/python3.12/site-packages/airflow/example_dags/example_nested_branch_dag.py
[2024-09-18T12:10:25.346+0100] {logging_mixin.py:190} INFO - [2024-09-18T12:10:25.346+0100] {dag.py:3229} INFO - Sync 1 DAGs
[2024-09-18T12:10:25.384+0100] {logging_mixin.py:190} INFO - [2024-09-18T12:10:25.384+0100] {dag.py:4156} INFO - Setting next_dagrun for example_nested_branch_dag to 2024-09-17 00:00:00+00:00, run_after=2024-09-18 00:00:00+00:00
[2024-09-18T12:10:25.394+0100] {processor.py:208} INFO - Processing /Users/ds2718/Documents/test_python_airflow/airflow/py_venv/lib/python3.12/site-packages/airflow/example_dags/example_nested_branch_dag.py took 0.124 seconds
[2024-09-18T12:11:00.493+0100] {processor.py:186} INFO - Started process (PID=13304) to work on /Users/ds2718/Documents/test_python_airflow/airflow/py_venv/lib/python3.12/site-packages/airflow/example_dags/example_nested_branch_dag.py
[2024-09-18T12:11:00.494+0100] {processor.py:914} INFO - Processing file /Users/ds2718/Documents/test_python_airflow/airflow/py_venv/lib/python3.12/site-packages/airflow/example_dags/example_nested_branch_dag.py for tasks to queue
[2024-09-18T12:11:00.494+0100] {logging_mixin.py:190} INFO - [2024-09-18T12:11:00.494+0100] {dagbag.py:587} INFO - Filling up the DagBag from /Users/ds2718/Documents/test_python_airflow/airflow/py_venv/lib/python3.12/site-packages/airflow/example_dags/example_nested_branch_dag.py
[2024-09-18T12:11:00.514+0100] {processor.py:925} INFO - DAG(s) 'example_nested_branch_dag' retrieved from /Users/ds2718/Documents/test_python_airflow/airflow/py_venv/lib/python3.12/site-packages/airflow/example_dags/example_nested_branch_dag.py
[2024-09-18T12:11:00.555+0100] {logging_mixin.py:190} INFO - [2024-09-18T12:11:00.555+0100] {dag.py:3229} INFO - Sync 1 DAGs
[2024-09-18T12:11:00.590+0100] {logging_mixin.py:190} INFO - [2024-09-18T12:11:00.590+0100] {dag.py:4156} INFO - Setting next_dagrun for example_nested_branch_dag to 2024-09-17 00:00:00+00:00, run_after=2024-09-18 00:00:00+00:00
[2024-09-18T12:11:00.604+0100] {processor.py:208} INFO - Processing /Users/ds2718/Documents/test_python_airflow/airflow/py_venv/lib/python3.12/site-packages/airflow/example_dags/example_nested_branch_dag.py took 0.118 seconds
[2024-09-18T12:11:34.647+0100] {processor.py:186} INFO - Started process (PID=13455) to work on /Users/ds2718/Documents/test_python_airflow/airflow/py_venv/lib/python3.12/site-packages/airflow/example_dags/example_nested_branch_dag.py
[2024-09-18T12:11:34.647+0100] {processor.py:914} INFO - Processing file /Users/ds2718/Documents/test_python_airflow/airflow/py_venv/lib/python3.12/site-packages/airflow/example_dags/example_nested_branch_dag.py for tasks to queue
[2024-09-18T12:11:34.648+0100] {logging_mixin.py:190} INFO - [2024-09-18T12:11:34.648+0100] {dagbag.py:587} INFO - Filling up the DagBag from /Users/ds2718/Documents/test_python_airflow/airflow/py_venv/lib/python3.12/site-packages/airflow/example_dags/example_nested_branch_dag.py
[2024-09-18T12:11:34.666+0100] {processor.py:925} INFO - DAG(s) 'example_nested_branch_dag' retrieved from /Users/ds2718/Documents/test_python_airflow/airflow/py_venv/lib/python3.12/site-packages/airflow/example_dags/example_nested_branch_dag.py
[2024-09-18T12:11:34.713+0100] {logging_mixin.py:190} INFO - [2024-09-18T12:11:34.713+0100] {dag.py:3229} INFO - Sync 1 DAGs
[2024-09-18T12:11:34.749+0100] {logging_mixin.py:190} INFO - [2024-09-18T12:11:34.748+0100] {dag.py:4156} INFO - Setting next_dagrun for example_nested_branch_dag to 2024-09-17 00:00:00+00:00, run_after=2024-09-18 00:00:00+00:00
[2024-09-18T12:11:34.760+0100] {processor.py:208} INFO - Processing /Users/ds2718/Documents/test_python_airflow/airflow/py_venv/lib/python3.12/site-packages/airflow/example_dags/example_nested_branch_dag.py took 0.116 seconds
[2024-09-18T12:12:07.448+0100] {processor.py:186} INFO - Started process (PID=13611) to work on /Users/ds2718/Documents/test_python_airflow/airflow/py_venv/lib/python3.12/site-packages/airflow/example_dags/example_nested_branch_dag.py
[2024-09-18T12:12:07.448+0100] {processor.py:914} INFO - Processing file /Users/ds2718/Documents/test_python_airflow/airflow/py_venv/lib/python3.12/site-packages/airflow/example_dags/example_nested_branch_dag.py for tasks to queue
[2024-09-18T12:12:07.449+0100] {logging_mixin.py:190} INFO - [2024-09-18T12:12:07.449+0100] {dagbag.py:587} INFO - Filling up the DagBag from /Users/ds2718/Documents/test_python_airflow/airflow/py_venv/lib/python3.12/site-packages/airflow/example_dags/example_nested_branch_dag.py
[2024-09-18T12:12:07.466+0100] {processor.py:925} INFO - DAG(s) 'example_nested_branch_dag' retrieved from /Users/ds2718/Documents/test_python_airflow/airflow/py_venv/lib/python3.12/site-packages/airflow/example_dags/example_nested_branch_dag.py
[2024-09-18T12:12:07.506+0100] {logging_mixin.py:190} INFO - [2024-09-18T12:12:07.506+0100] {dag.py:3229} INFO - Sync 1 DAGs
[2024-09-18T12:12:07.541+0100] {logging_mixin.py:190} INFO - [2024-09-18T12:12:07.541+0100] {dag.py:4156} INFO - Setting next_dagrun for example_nested_branch_dag to 2024-09-17 00:00:00+00:00, run_after=2024-09-18 00:00:00+00:00
[2024-09-18T12:12:07.551+0100] {processor.py:208} INFO - Processing /Users/ds2718/Documents/test_python_airflow/airflow/py_venv/lib/python3.12/site-packages/airflow/example_dags/example_nested_branch_dag.py took 0.106 seconds
[2024-09-18T12:12:41.203+0100] {processor.py:186} INFO - Started process (PID=13747) to work on /Users/ds2718/Documents/test_python_airflow/airflow/py_venv/lib/python3.12/site-packages/airflow/example_dags/example_nested_branch_dag.py
[2024-09-18T12:12:41.203+0100] {processor.py:914} INFO - Processing file /Users/ds2718/Documents/test_python_airflow/airflow/py_venv/lib/python3.12/site-packages/airflow/example_dags/example_nested_branch_dag.py for tasks to queue
[2024-09-18T12:12:41.204+0100] {logging_mixin.py:190} INFO - [2024-09-18T12:12:41.203+0100] {dagbag.py:587} INFO - Filling up the DagBag from /Users/ds2718/Documents/test_python_airflow/airflow/py_venv/lib/python3.12/site-packages/airflow/example_dags/example_nested_branch_dag.py
[2024-09-18T12:12:41.220+0100] {processor.py:925} INFO - DAG(s) 'example_nested_branch_dag' retrieved from /Users/ds2718/Documents/test_python_airflow/airflow/py_venv/lib/python3.12/site-packages/airflow/example_dags/example_nested_branch_dag.py
[2024-09-18T12:12:41.268+0100] {logging_mixin.py:190} INFO - [2024-09-18T12:12:41.268+0100] {dag.py:3229} INFO - Sync 1 DAGs
[2024-09-18T12:12:41.304+0100] {logging_mixin.py:190} INFO - [2024-09-18T12:12:41.304+0100] {dag.py:4156} INFO - Setting next_dagrun for example_nested_branch_dag to 2024-09-17 00:00:00+00:00, run_after=2024-09-18 00:00:00+00:00
[2024-09-18T12:12:41.314+0100] {processor.py:208} INFO - Processing /Users/ds2718/Documents/test_python_airflow/airflow/py_venv/lib/python3.12/site-packages/airflow/example_dags/example_nested_branch_dag.py took 0.114 seconds
[2024-09-18T12:13:16.236+0100] {processor.py:186} INFO - Started process (PID=13954) to work on /Users/ds2718/Documents/test_python_airflow/airflow/py_venv/lib/python3.12/site-packages/airflow/example_dags/example_nested_branch_dag.py
[2024-09-18T12:13:16.237+0100] {processor.py:914} INFO - Processing file /Users/ds2718/Documents/test_python_airflow/airflow/py_venv/lib/python3.12/site-packages/airflow/example_dags/example_nested_branch_dag.py for tasks to queue
[2024-09-18T12:13:16.238+0100] {logging_mixin.py:190} INFO - [2024-09-18T12:13:16.238+0100] {dagbag.py:587} INFO - Filling up the DagBag from /Users/ds2718/Documents/test_python_airflow/airflow/py_venv/lib/python3.12/site-packages/airflow/example_dags/example_nested_branch_dag.py
[2024-09-18T12:13:16.261+0100] {processor.py:925} INFO - DAG(s) 'example_nested_branch_dag' retrieved from /Users/ds2718/Documents/test_python_airflow/airflow/py_venv/lib/python3.12/site-packages/airflow/example_dags/example_nested_branch_dag.py
[2024-09-18T12:13:16.319+0100] {logging_mixin.py:190} INFO - [2024-09-18T12:13:16.318+0100] {dag.py:3229} INFO - Sync 1 DAGs
[2024-09-18T12:13:16.352+0100] {logging_mixin.py:190} INFO - [2024-09-18T12:13:16.352+0100] {dag.py:4156} INFO - Setting next_dagrun for example_nested_branch_dag to 2024-09-17 00:00:00+00:00, run_after=2024-09-18 00:00:00+00:00
[2024-09-18T12:13:16.365+0100] {processor.py:208} INFO - Processing /Users/ds2718/Documents/test_python_airflow/airflow/py_venv/lib/python3.12/site-packages/airflow/example_dags/example_nested_branch_dag.py took 0.136 seconds
[2024-09-18T12:13:51.194+0100] {processor.py:186} INFO - Started process (PID=14080) to work on /Users/ds2718/Documents/test_python_airflow/airflow/py_venv/lib/python3.12/site-packages/airflow/example_dags/example_nested_branch_dag.py
[2024-09-18T12:13:51.195+0100] {processor.py:914} INFO - Processing file /Users/ds2718/Documents/test_python_airflow/airflow/py_venv/lib/python3.12/site-packages/airflow/example_dags/example_nested_branch_dag.py for tasks to queue
[2024-09-18T12:13:51.195+0100] {logging_mixin.py:190} INFO - [2024-09-18T12:13:51.195+0100] {dagbag.py:587} INFO - Filling up the DagBag from /Users/ds2718/Documents/test_python_airflow/airflow/py_venv/lib/python3.12/site-packages/airflow/example_dags/example_nested_branch_dag.py
[2024-09-18T12:13:51.212+0100] {processor.py:925} INFO - DAG(s) 'example_nested_branch_dag' retrieved from /Users/ds2718/Documents/test_python_airflow/airflow/py_venv/lib/python3.12/site-packages/airflow/example_dags/example_nested_branch_dag.py
[2024-09-18T12:13:51.276+0100] {logging_mixin.py:190} INFO - [2024-09-18T12:13:51.276+0100] {dag.py:3229} INFO - Sync 1 DAGs
[2024-09-18T12:13:51.320+0100] {logging_mixin.py:190} INFO - [2024-09-18T12:13:51.320+0100] {dag.py:4156} INFO - Setting next_dagrun for example_nested_branch_dag to 2024-09-17 00:00:00+00:00, run_after=2024-09-18 00:00:00+00:00
[2024-09-18T12:13:51.340+0100] {processor.py:208} INFO - Processing /Users/ds2718/Documents/test_python_airflow/airflow/py_venv/lib/python3.12/site-packages/airflow/example_dags/example_nested_branch_dag.py took 0.148 seconds
