[2024-09-18T11:54:00.188+0100] {processor.py:186} INFO - Started process (PID=9428) to work on /Users/ds2718/Documents/test_python_airflow/airflow/py_venv/lib/python3.12/site-packages/airflow/example_dags/example_xcom.py
[2024-09-18T11:54:00.189+0100] {processor.py:914} INFO - Processing file /Users/ds2718/Documents/test_python_airflow/airflow/py_venv/lib/python3.12/site-packages/airflow/example_dags/example_xcom.py for tasks to queue
[2024-09-18T11:54:00.189+0100] {logging_mixin.py:190} INFO - [2024-09-18T11:54:00.189+0100] {dagbag.py:587} INFO - Filling up the DagBag from /Users/ds2718/Documents/test_python_airflow/airflow/py_venv/lib/python3.12/site-packages/airflow/example_dags/example_xcom.py
[2024-09-18T11:54:00.209+0100] {processor.py:925} INFO - DAG(s) 'example_xcom' retrieved from /Users/ds2718/Documents/test_python_airflow/airflow/py_venv/lib/python3.12/site-packages/airflow/example_dags/example_xcom.py
[2024-09-18T11:54:00.451+0100] {logging_mixin.py:190} INFO - [2024-09-18T11:54:00.450+0100] {override.py:1900} INFO - Created Permission View: can delete on DAG:example_xcom
[2024-09-18T11:54:00.455+0100] {logging_mixin.py:190} INFO - [2024-09-18T11:54:00.455+0100] {override.py:1900} INFO - Created Permission View: can edit on DAG:example_xcom
[2024-09-18T11:54:00.458+0100] {logging_mixin.py:190} INFO - [2024-09-18T11:54:00.458+0100] {override.py:1900} INFO - Created Permission View: can read on DAG:example_xcom
[2024-09-18T11:54:00.460+0100] {logging_mixin.py:190} INFO - [2024-09-18T11:54:00.460+0100] {override.py:1900} INFO - Created Permission View: can delete on DAG Run:example_xcom
[2024-09-18T11:54:00.462+0100] {logging_mixin.py:190} INFO - [2024-09-18T11:54:00.462+0100] {override.py:1900} INFO - Created Permission View: can create on DAG Run:example_xcom
[2024-09-18T11:54:00.464+0100] {logging_mixin.py:190} INFO - [2024-09-18T11:54:00.464+0100] {override.py:1900} INFO - Created Permission View: can read on DAG Run:example_xcom
[2024-09-18T11:54:00.466+0100] {logging_mixin.py:190} INFO - [2024-09-18T11:54:00.466+0100] {override.py:1900} INFO - Created Permission View: menu access on DAG Run:example_xcom
[2024-09-18T11:54:00.466+0100] {logging_mixin.py:190} INFO - [2024-09-18T11:54:00.466+0100] {dag.py:3229} INFO - Sync 1 DAGs
[2024-09-18T11:54:00.471+0100] {logging_mixin.py:190} INFO - [2024-09-18T11:54:00.471+0100] {dag.py:3252} INFO - Creating ORM DAG for example_xcom
[2024-09-18T11:54:00.475+0100] {logging_mixin.py:190} INFO - [2024-09-18T11:54:00.475+0100] {dag.py:4156} INFO - Setting next_dagrun for example_xcom to 2021-01-01 00:00:00+00:00, run_after=2021-01-01 00:00:00+00:00
[2024-09-18T11:54:00.481+0100] {processor.py:208} INFO - Processing /Users/ds2718/Documents/test_python_airflow/airflow/py_venv/lib/python3.12/site-packages/airflow/example_dags/example_xcom.py took 0.301 seconds
[2024-09-18T11:54:35.827+0100] {processor.py:186} INFO - Started process (PID=9584) to work on /Users/ds2718/Documents/test_python_airflow/airflow/py_venv/lib/python3.12/site-packages/airflow/example_dags/example_xcom.py
[2024-09-18T11:54:35.830+0100] {processor.py:914} INFO - Processing file /Users/ds2718/Documents/test_python_airflow/airflow/py_venv/lib/python3.12/site-packages/airflow/example_dags/example_xcom.py for tasks to queue
[2024-09-18T11:54:35.830+0100] {logging_mixin.py:190} INFO - [2024-09-18T11:54:35.830+0100] {dagbag.py:587} INFO - Filling up the DagBag from /Users/ds2718/Documents/test_python_airflow/airflow/py_venv/lib/python3.12/site-packages/airflow/example_dags/example_xcom.py
[2024-09-18T11:54:35.848+0100] {processor.py:925} INFO - DAG(s) 'example_xcom' retrieved from /Users/ds2718/Documents/test_python_airflow/airflow/py_venv/lib/python3.12/site-packages/airflow/example_dags/example_xcom.py
[2024-09-18T11:54:35.887+0100] {logging_mixin.py:190} INFO - [2024-09-18T11:54:35.887+0100] {dag.py:3229} INFO - Sync 1 DAGs
[2024-09-18T11:54:35.924+0100] {logging_mixin.py:190} INFO - [2024-09-18T11:54:35.924+0100] {dag.py:4156} INFO - Setting next_dagrun for example_xcom to 2021-01-01 00:00:00+00:00, run_after=2021-01-01 00:00:00+00:00
[2024-09-18T11:54:35.939+0100] {processor.py:208} INFO - Processing /Users/ds2718/Documents/test_python_airflow/airflow/py_venv/lib/python3.12/site-packages/airflow/example_dags/example_xcom.py took 0.117 seconds
[2024-09-18T11:55:10.609+0100] {processor.py:186} INFO - Started process (PID=9798) to work on /Users/ds2718/Documents/test_python_airflow/airflow/py_venv/lib/python3.12/site-packages/airflow/example_dags/example_xcom.py
[2024-09-18T11:55:10.613+0100] {processor.py:914} INFO - Processing file /Users/ds2718/Documents/test_python_airflow/airflow/py_venv/lib/python3.12/site-packages/airflow/example_dags/example_xcom.py for tasks to queue
[2024-09-18T11:55:10.613+0100] {logging_mixin.py:190} INFO - [2024-09-18T11:55:10.613+0100] {dagbag.py:587} INFO - Filling up the DagBag from /Users/ds2718/Documents/test_python_airflow/airflow/py_venv/lib/python3.12/site-packages/airflow/example_dags/example_xcom.py
[2024-09-18T11:55:10.650+0100] {processor.py:925} INFO - DAG(s) 'example_xcom' retrieved from /Users/ds2718/Documents/test_python_airflow/airflow/py_venv/lib/python3.12/site-packages/airflow/example_dags/example_xcom.py
[2024-09-18T11:55:10.697+0100] {logging_mixin.py:190} INFO - [2024-09-18T11:55:10.697+0100] {dag.py:3229} INFO - Sync 1 DAGs
[2024-09-18T11:55:10.734+0100] {logging_mixin.py:190} INFO - [2024-09-18T11:55:10.734+0100] {dag.py:4156} INFO - Setting next_dagrun for example_xcom to 2021-01-01 00:00:00+00:00, run_after=2021-01-01 00:00:00+00:00
[2024-09-18T11:55:10.744+0100] {processor.py:208} INFO - Processing /Users/ds2718/Documents/test_python_airflow/airflow/py_venv/lib/python3.12/site-packages/airflow/example_dags/example_xcom.py took 0.140 seconds
[2024-09-18T11:55:43.829+0100] {processor.py:186} INFO - Started process (PID=9990) to work on /Users/ds2718/Documents/test_python_airflow/airflow/py_venv/lib/python3.12/site-packages/airflow/example_dags/example_xcom.py
[2024-09-18T11:55:43.830+0100] {processor.py:914} INFO - Processing file /Users/ds2718/Documents/test_python_airflow/airflow/py_venv/lib/python3.12/site-packages/airflow/example_dags/example_xcom.py for tasks to queue
[2024-09-18T11:55:43.830+0100] {logging_mixin.py:190} INFO - [2024-09-18T11:55:43.830+0100] {dagbag.py:587} INFO - Filling up the DagBag from /Users/ds2718/Documents/test_python_airflow/airflow/py_venv/lib/python3.12/site-packages/airflow/example_dags/example_xcom.py
[2024-09-18T11:55:43.845+0100] {processor.py:925} INFO - DAG(s) 'example_xcom' retrieved from /Users/ds2718/Documents/test_python_airflow/airflow/py_venv/lib/python3.12/site-packages/airflow/example_dags/example_xcom.py
[2024-09-18T11:55:43.887+0100] {logging_mixin.py:190} INFO - [2024-09-18T11:55:43.887+0100] {dag.py:3229} INFO - Sync 1 DAGs
[2024-09-18T11:55:43.918+0100] {logging_mixin.py:190} INFO - [2024-09-18T11:55:43.918+0100] {dag.py:4156} INFO - Setting next_dagrun for example_xcom to 2021-01-01 00:00:00+00:00, run_after=2021-01-01 00:00:00+00:00
[2024-09-18T11:55:43.926+0100] {processor.py:208} INFO - Processing /Users/ds2718/Documents/test_python_airflow/airflow/py_venv/lib/python3.12/site-packages/airflow/example_dags/example_xcom.py took 0.099 seconds
[2024-09-18T11:56:18.506+0100] {processor.py:186} INFO - Started process (PID=10132) to work on /Users/ds2718/Documents/test_python_airflow/airflow/py_venv/lib/python3.12/site-packages/airflow/example_dags/example_xcom.py
[2024-09-18T11:56:18.507+0100] {processor.py:914} INFO - Processing file /Users/ds2718/Documents/test_python_airflow/airflow/py_venv/lib/python3.12/site-packages/airflow/example_dags/example_xcom.py for tasks to queue
[2024-09-18T11:56:18.507+0100] {logging_mixin.py:190} INFO - [2024-09-18T11:56:18.507+0100] {dagbag.py:587} INFO - Filling up the DagBag from /Users/ds2718/Documents/test_python_airflow/airflow/py_venv/lib/python3.12/site-packages/airflow/example_dags/example_xcom.py
[2024-09-18T11:56:18.523+0100] {processor.py:925} INFO - DAG(s) 'example_xcom' retrieved from /Users/ds2718/Documents/test_python_airflow/airflow/py_venv/lib/python3.12/site-packages/airflow/example_dags/example_xcom.py
[2024-09-18T11:56:18.566+0100] {logging_mixin.py:190} INFO - [2024-09-18T11:56:18.566+0100] {dag.py:3229} INFO - Sync 1 DAGs
[2024-09-18T11:56:18.603+0100] {logging_mixin.py:190} INFO - [2024-09-18T11:56:18.602+0100] {dag.py:4156} INFO - Setting next_dagrun for example_xcom to 2021-01-01 00:00:00+00:00, run_after=2021-01-01 00:00:00+00:00
[2024-09-18T11:56:18.615+0100] {processor.py:208} INFO - Processing /Users/ds2718/Documents/test_python_airflow/airflow/py_venv/lib/python3.12/site-packages/airflow/example_dags/example_xcom.py took 0.111 seconds
[2024-09-18T11:56:50.496+0100] {processor.py:186} INFO - Started process (PID=10306) to work on /Users/ds2718/Documents/test_python_airflow/airflow/py_venv/lib/python3.12/site-packages/airflow/example_dags/example_xcom.py
[2024-09-18T11:56:50.497+0100] {processor.py:914} INFO - Processing file /Users/ds2718/Documents/test_python_airflow/airflow/py_venv/lib/python3.12/site-packages/airflow/example_dags/example_xcom.py for tasks to queue
[2024-09-18T11:56:50.498+0100] {logging_mixin.py:190} INFO - [2024-09-18T11:56:50.498+0100] {dagbag.py:587} INFO - Filling up the DagBag from /Users/ds2718/Documents/test_python_airflow/airflow/py_venv/lib/python3.12/site-packages/airflow/example_dags/example_xcom.py
[2024-09-18T11:56:50.518+0100] {processor.py:925} INFO - DAG(s) 'example_xcom' retrieved from /Users/ds2718/Documents/test_python_airflow/airflow/py_venv/lib/python3.12/site-packages/airflow/example_dags/example_xcom.py
[2024-09-18T11:56:50.573+0100] {logging_mixin.py:190} INFO - [2024-09-18T11:56:50.572+0100] {dag.py:3229} INFO - Sync 1 DAGs
[2024-09-18T11:56:50.607+0100] {logging_mixin.py:190} INFO - [2024-09-18T11:56:50.607+0100] {dag.py:4156} INFO - Setting next_dagrun for example_xcom to 2021-01-01 00:00:00+00:00, run_after=2021-01-01 00:00:00+00:00
[2024-09-18T11:56:50.624+0100] {processor.py:208} INFO - Processing /Users/ds2718/Documents/test_python_airflow/airflow/py_venv/lib/python3.12/site-packages/airflow/example_dags/example_xcom.py took 0.136 seconds
[2024-09-18T11:57:23.575+0100] {processor.py:186} INFO - Started process (PID=10448) to work on /Users/ds2718/Documents/test_python_airflow/airflow/py_venv/lib/python3.12/site-packages/airflow/example_dags/example_xcom.py
[2024-09-18T11:57:23.575+0100] {processor.py:914} INFO - Processing file /Users/ds2718/Documents/test_python_airflow/airflow/py_venv/lib/python3.12/site-packages/airflow/example_dags/example_xcom.py for tasks to queue
[2024-09-18T11:57:23.575+0100] {logging_mixin.py:190} INFO - [2024-09-18T11:57:23.575+0100] {dagbag.py:587} INFO - Filling up the DagBag from /Users/ds2718/Documents/test_python_airflow/airflow/py_venv/lib/python3.12/site-packages/airflow/example_dags/example_xcom.py
[2024-09-18T11:57:23.594+0100] {processor.py:925} INFO - DAG(s) 'example_xcom' retrieved from /Users/ds2718/Documents/test_python_airflow/airflow/py_venv/lib/python3.12/site-packages/airflow/example_dags/example_xcom.py
[2024-09-18T11:57:23.635+0100] {logging_mixin.py:190} INFO - [2024-09-18T11:57:23.635+0100] {dag.py:3229} INFO - Sync 1 DAGs
[2024-09-18T11:57:23.670+0100] {logging_mixin.py:190} INFO - [2024-09-18T11:57:23.670+0100] {dag.py:4156} INFO - Setting next_dagrun for example_xcom to 2021-01-01 00:00:00+00:00, run_after=2021-01-01 00:00:00+00:00
[2024-09-18T11:57:23.683+0100] {processor.py:208} INFO - Processing /Users/ds2718/Documents/test_python_airflow/airflow/py_venv/lib/python3.12/site-packages/airflow/example_dags/example_xcom.py took 0.111 seconds
[2024-09-18T11:57:56.400+0100] {processor.py:186} INFO - Started process (PID=10655) to work on /Users/ds2718/Documents/test_python_airflow/airflow/py_venv/lib/python3.12/site-packages/airflow/example_dags/example_xcom.py
[2024-09-18T11:57:56.401+0100] {processor.py:914} INFO - Processing file /Users/ds2718/Documents/test_python_airflow/airflow/py_venv/lib/python3.12/site-packages/airflow/example_dags/example_xcom.py for tasks to queue
[2024-09-18T11:57:56.401+0100] {logging_mixin.py:190} INFO - [2024-09-18T11:57:56.401+0100] {dagbag.py:587} INFO - Filling up the DagBag from /Users/ds2718/Documents/test_python_airflow/airflow/py_venv/lib/python3.12/site-packages/airflow/example_dags/example_xcom.py
[2024-09-18T11:57:56.422+0100] {processor.py:925} INFO - DAG(s) 'example_xcom' retrieved from /Users/ds2718/Documents/test_python_airflow/airflow/py_venv/lib/python3.12/site-packages/airflow/example_dags/example_xcom.py
[2024-09-18T11:57:56.481+0100] {logging_mixin.py:190} INFO - [2024-09-18T11:57:56.481+0100] {dag.py:3229} INFO - Sync 1 DAGs
[2024-09-18T11:57:56.521+0100] {logging_mixin.py:190} INFO - [2024-09-18T11:57:56.520+0100] {dag.py:4156} INFO - Setting next_dagrun for example_xcom to 2021-01-01 00:00:00+00:00, run_after=2021-01-01 00:00:00+00:00
[2024-09-18T11:57:56.543+0100] {processor.py:208} INFO - Processing /Users/ds2718/Documents/test_python_airflow/airflow/py_venv/lib/python3.12/site-packages/airflow/example_dags/example_xcom.py took 0.146 seconds
[2024-09-18T11:58:30.385+0100] {processor.py:186} INFO - Started process (PID=10837) to work on /Users/ds2718/Documents/test_python_airflow/airflow/py_venv/lib/python3.12/site-packages/airflow/example_dags/example_xcom.py
[2024-09-18T11:58:30.386+0100] {processor.py:914} INFO - Processing file /Users/ds2718/Documents/test_python_airflow/airflow/py_venv/lib/python3.12/site-packages/airflow/example_dags/example_xcom.py for tasks to queue
[2024-09-18T11:58:30.387+0100] {logging_mixin.py:190} INFO - [2024-09-18T11:58:30.386+0100] {dagbag.py:587} INFO - Filling up the DagBag from /Users/ds2718/Documents/test_python_airflow/airflow/py_venv/lib/python3.12/site-packages/airflow/example_dags/example_xcom.py
[2024-09-18T11:58:30.411+0100] {processor.py:925} INFO - DAG(s) 'example_xcom' retrieved from /Users/ds2718/Documents/test_python_airflow/airflow/py_venv/lib/python3.12/site-packages/airflow/example_dags/example_xcom.py
[2024-09-18T11:58:30.526+0100] {logging_mixin.py:190} INFO - [2024-09-18T11:58:30.526+0100] {dag.py:3229} INFO - Sync 1 DAGs
[2024-09-18T11:58:30.581+0100] {logging_mixin.py:190} INFO - [2024-09-18T11:58:30.581+0100] {dag.py:4156} INFO - Setting next_dagrun for example_xcom to 2021-01-01 00:00:00+00:00, run_after=2021-01-01 00:00:00+00:00
[2024-09-18T11:58:30.613+0100] {processor.py:208} INFO - Processing /Users/ds2718/Documents/test_python_airflow/airflow/py_venv/lib/python3.12/site-packages/airflow/example_dags/example_xcom.py took 0.239 seconds
[2024-09-18T11:59:05.780+0100] {processor.py:186} INFO - Started process (PID=11034) to work on /Users/ds2718/Documents/test_python_airflow/airflow/py_venv/lib/python3.12/site-packages/airflow/example_dags/example_xcom.py
[2024-09-18T11:59:05.781+0100] {processor.py:914} INFO - Processing file /Users/ds2718/Documents/test_python_airflow/airflow/py_venv/lib/python3.12/site-packages/airflow/example_dags/example_xcom.py for tasks to queue
[2024-09-18T11:59:05.782+0100] {logging_mixin.py:190} INFO - [2024-09-18T11:59:05.782+0100] {dagbag.py:587} INFO - Filling up the DagBag from /Users/ds2718/Documents/test_python_airflow/airflow/py_venv/lib/python3.12/site-packages/airflow/example_dags/example_xcom.py
[2024-09-18T11:59:05.804+0100] {processor.py:925} INFO - DAG(s) 'example_xcom' retrieved from /Users/ds2718/Documents/test_python_airflow/airflow/py_venv/lib/python3.12/site-packages/airflow/example_dags/example_xcom.py
[2024-09-18T11:59:05.848+0100] {logging_mixin.py:190} INFO - [2024-09-18T11:59:05.848+0100] {dag.py:3229} INFO - Sync 1 DAGs
[2024-09-18T11:59:05.897+0100] {logging_mixin.py:190} INFO - [2024-09-18T11:59:05.897+0100] {dag.py:4156} INFO - Setting next_dagrun for example_xcom to 2021-01-01 00:00:00+00:00, run_after=2021-01-01 00:00:00+00:00
[2024-09-18T11:59:05.919+0100] {processor.py:208} INFO - Processing /Users/ds2718/Documents/test_python_airflow/airflow/py_venv/lib/python3.12/site-packages/airflow/example_dags/example_xcom.py took 0.143 seconds
[2024-09-18T11:59:40.093+0100] {processor.py:186} INFO - Started process (PID=11209) to work on /Users/ds2718/Documents/test_python_airflow/airflow/py_venv/lib/python3.12/site-packages/airflow/example_dags/example_xcom.py
[2024-09-18T11:59:40.096+0100] {processor.py:914} INFO - Processing file /Users/ds2718/Documents/test_python_airflow/airflow/py_venv/lib/python3.12/site-packages/airflow/example_dags/example_xcom.py for tasks to queue
[2024-09-18T11:59:40.096+0100] {logging_mixin.py:190} INFO - [2024-09-18T11:59:40.096+0100] {dagbag.py:587} INFO - Filling up the DagBag from /Users/ds2718/Documents/test_python_airflow/airflow/py_venv/lib/python3.12/site-packages/airflow/example_dags/example_xcom.py
[2024-09-18T11:59:40.121+0100] {processor.py:925} INFO - DAG(s) 'example_xcom' retrieved from /Users/ds2718/Documents/test_python_airflow/airflow/py_venv/lib/python3.12/site-packages/airflow/example_dags/example_xcom.py
[2024-09-18T11:59:40.165+0100] {logging_mixin.py:190} INFO - [2024-09-18T11:59:40.165+0100] {dag.py:3229} INFO - Sync 1 DAGs
[2024-09-18T11:59:40.206+0100] {logging_mixin.py:190} INFO - [2024-09-18T11:59:40.205+0100] {dag.py:4156} INFO - Setting next_dagrun for example_xcom to 2021-01-01 00:00:00+00:00, run_after=2021-01-01 00:00:00+00:00
[2024-09-18T11:59:40.222+0100] {processor.py:208} INFO - Processing /Users/ds2718/Documents/test_python_airflow/airflow/py_venv/lib/python3.12/site-packages/airflow/example_dags/example_xcom.py took 0.135 seconds
[2024-09-18T12:00:12.812+0100] {processor.py:186} INFO - Started process (PID=11419) to work on /Users/ds2718/Documents/test_python_airflow/airflow/py_venv/lib/python3.12/site-packages/airflow/example_dags/example_xcom.py
[2024-09-18T12:00:12.813+0100] {processor.py:914} INFO - Processing file /Users/ds2718/Documents/test_python_airflow/airflow/py_venv/lib/python3.12/site-packages/airflow/example_dags/example_xcom.py for tasks to queue
[2024-09-18T12:00:12.814+0100] {logging_mixin.py:190} INFO - [2024-09-18T12:00:12.814+0100] {dagbag.py:587} INFO - Filling up the DagBag from /Users/ds2718/Documents/test_python_airflow/airflow/py_venv/lib/python3.12/site-packages/airflow/example_dags/example_xcom.py
[2024-09-18T12:00:12.836+0100] {processor.py:925} INFO - DAG(s) 'example_xcom' retrieved from /Users/ds2718/Documents/test_python_airflow/airflow/py_venv/lib/python3.12/site-packages/airflow/example_dags/example_xcom.py
[2024-09-18T12:00:12.880+0100] {logging_mixin.py:190} INFO - [2024-09-18T12:00:12.879+0100] {dag.py:3229} INFO - Sync 1 DAGs
[2024-09-18T12:00:12.916+0100] {logging_mixin.py:190} INFO - [2024-09-18T12:00:12.916+0100] {dag.py:4156} INFO - Setting next_dagrun for example_xcom to 2021-01-01 00:00:00+00:00, run_after=2021-01-01 00:00:00+00:00
[2024-09-18T12:00:12.941+0100] {processor.py:208} INFO - Processing /Users/ds2718/Documents/test_python_airflow/airflow/py_venv/lib/python3.12/site-packages/airflow/example_dags/example_xcom.py took 0.131 seconds
[2024-09-18T12:00:46.042+0100] {processor.py:186} INFO - Started process (PID=11586) to work on /Users/ds2718/Documents/test_python_airflow/airflow/py_venv/lib/python3.12/site-packages/airflow/example_dags/example_xcom.py
[2024-09-18T12:00:46.045+0100] {processor.py:914} INFO - Processing file /Users/ds2718/Documents/test_python_airflow/airflow/py_venv/lib/python3.12/site-packages/airflow/example_dags/example_xcom.py for tasks to queue
[2024-09-18T12:00:46.045+0100] {logging_mixin.py:190} INFO - [2024-09-18T12:00:46.045+0100] {dagbag.py:587} INFO - Filling up the DagBag from /Users/ds2718/Documents/test_python_airflow/airflow/py_venv/lib/python3.12/site-packages/airflow/example_dags/example_xcom.py
[2024-09-18T12:00:46.070+0100] {processor.py:925} INFO - DAG(s) 'example_xcom' retrieved from /Users/ds2718/Documents/test_python_airflow/airflow/py_venv/lib/python3.12/site-packages/airflow/example_dags/example_xcom.py
[2024-09-18T12:00:46.139+0100] {logging_mixin.py:190} INFO - [2024-09-18T12:00:46.139+0100] {dag.py:3229} INFO - Sync 1 DAGs
[2024-09-18T12:00:46.189+0100] {logging_mixin.py:190} INFO - [2024-09-18T12:00:46.189+0100] {dag.py:4156} INFO - Setting next_dagrun for example_xcom to 2021-01-01 00:00:00+00:00, run_after=2021-01-01 00:00:00+00:00
[2024-09-18T12:00:46.204+0100] {processor.py:208} INFO - Processing /Users/ds2718/Documents/test_python_airflow/airflow/py_venv/lib/python3.12/site-packages/airflow/example_dags/example_xcom.py took 0.168 seconds
[2024-09-18T12:01:27.054+0100] {processor.py:186} INFO - Started process (PID=11798) to work on /Users/ds2718/Documents/test_python_airflow/airflow/py_venv/lib/python3.12/site-packages/airflow/example_dags/example_xcom.py
[2024-09-18T12:01:27.055+0100] {processor.py:914} INFO - Processing file /Users/ds2718/Documents/test_python_airflow/airflow/py_venv/lib/python3.12/site-packages/airflow/example_dags/example_xcom.py for tasks to queue
[2024-09-18T12:01:27.056+0100] {logging_mixin.py:190} INFO - [2024-09-18T12:01:27.056+0100] {dagbag.py:587} INFO - Filling up the DagBag from /Users/ds2718/Documents/test_python_airflow/airflow/py_venv/lib/python3.12/site-packages/airflow/example_dags/example_xcom.py
[2024-09-18T12:01:27.077+0100] {processor.py:925} INFO - DAG(s) 'example_xcom' retrieved from /Users/ds2718/Documents/test_python_airflow/airflow/py_venv/lib/python3.12/site-packages/airflow/example_dags/example_xcom.py
[2024-09-18T12:01:27.118+0100] {logging_mixin.py:190} INFO - [2024-09-18T12:01:27.118+0100] {dag.py:3229} INFO - Sync 1 DAGs
[2024-09-18T12:01:27.152+0100] {logging_mixin.py:190} INFO - [2024-09-18T12:01:27.151+0100] {dag.py:4156} INFO - Setting next_dagrun for example_xcom to 2021-01-01 00:00:00+00:00, run_after=2021-01-01 00:00:00+00:00
[2024-09-18T12:01:27.165+0100] {processor.py:208} INFO - Processing /Users/ds2718/Documents/test_python_airflow/airflow/py_venv/lib/python3.12/site-packages/airflow/example_dags/example_xcom.py took 0.115 seconds
[2024-09-18T12:06:26.627+0100] {processor.py:186} INFO - Started process (PID=11960) to work on /Users/ds2718/Documents/test_python_airflow/airflow/py_venv/lib/python3.12/site-packages/airflow/example_dags/example_xcom.py
[2024-09-18T12:06:26.628+0100] {processor.py:914} INFO - Processing file /Users/ds2718/Documents/test_python_airflow/airflow/py_venv/lib/python3.12/site-packages/airflow/example_dags/example_xcom.py for tasks to queue
[2024-09-18T12:06:26.628+0100] {logging_mixin.py:190} INFO - [2024-09-18T12:06:26.628+0100] {dagbag.py:587} INFO - Filling up the DagBag from /Users/ds2718/Documents/test_python_airflow/airflow/py_venv/lib/python3.12/site-packages/airflow/example_dags/example_xcom.py
[2024-09-18T12:06:26.644+0100] {processor.py:925} INFO - DAG(s) 'example_xcom' retrieved from /Users/ds2718/Documents/test_python_airflow/airflow/py_venv/lib/python3.12/site-packages/airflow/example_dags/example_xcom.py
[2024-09-18T12:06:26.693+0100] {logging_mixin.py:190} INFO - [2024-09-18T12:06:26.693+0100] {dag.py:3229} INFO - Sync 1 DAGs
[2024-09-18T12:06:26.727+0100] {logging_mixin.py:190} INFO - [2024-09-18T12:06:26.727+0100] {dag.py:4156} INFO - Setting next_dagrun for example_xcom to 2021-01-01 00:00:00+00:00, run_after=2021-01-01 00:00:00+00:00
[2024-09-18T12:06:26.736+0100] {processor.py:208} INFO - Processing /Users/ds2718/Documents/test_python_airflow/airflow/py_venv/lib/python3.12/site-packages/airflow/example_dags/example_xcom.py took 0.111 seconds
[2024-09-18T12:07:00.709+0100] {processor.py:186} INFO - Started process (PID=12131) to work on /Users/ds2718/Documents/test_python_airflow/airflow/py_venv/lib/python3.12/site-packages/airflow/example_dags/example_xcom.py
[2024-09-18T12:07:00.709+0100] {processor.py:914} INFO - Processing file /Users/ds2718/Documents/test_python_airflow/airflow/py_venv/lib/python3.12/site-packages/airflow/example_dags/example_xcom.py for tasks to queue
[2024-09-18T12:07:00.710+0100] {logging_mixin.py:190} INFO - [2024-09-18T12:07:00.710+0100] {dagbag.py:587} INFO - Filling up the DagBag from /Users/ds2718/Documents/test_python_airflow/airflow/py_venv/lib/python3.12/site-packages/airflow/example_dags/example_xcom.py
[2024-09-18T12:07:00.731+0100] {processor.py:925} INFO - DAG(s) 'example_xcom' retrieved from /Users/ds2718/Documents/test_python_airflow/airflow/py_venv/lib/python3.12/site-packages/airflow/example_dags/example_xcom.py
[2024-09-18T12:07:00.782+0100] {logging_mixin.py:190} INFO - [2024-09-18T12:07:00.782+0100] {dag.py:3229} INFO - Sync 1 DAGs
[2024-09-18T12:07:00.828+0100] {logging_mixin.py:190} INFO - [2024-09-18T12:07:00.828+0100] {dag.py:4156} INFO - Setting next_dagrun for example_xcom to 2021-01-01 00:00:00+00:00, run_after=2021-01-01 00:00:00+00:00
[2024-09-18T12:07:00.841+0100] {processor.py:208} INFO - Processing /Users/ds2718/Documents/test_python_airflow/airflow/py_venv/lib/python3.12/site-packages/airflow/example_dags/example_xcom.py took 0.141 seconds
[2024-09-18T12:07:34.912+0100] {processor.py:186} INFO - Started process (PID=12342) to work on /Users/ds2718/Documents/test_python_airflow/airflow/py_venv/lib/python3.12/site-packages/airflow/example_dags/example_xcom.py
[2024-09-18T12:07:34.914+0100] {processor.py:914} INFO - Processing file /Users/ds2718/Documents/test_python_airflow/airflow/py_venv/lib/python3.12/site-packages/airflow/example_dags/example_xcom.py for tasks to queue
[2024-09-18T12:07:34.915+0100] {logging_mixin.py:190} INFO - [2024-09-18T12:07:34.915+0100] {dagbag.py:587} INFO - Filling up the DagBag from /Users/ds2718/Documents/test_python_airflow/airflow/py_venv/lib/python3.12/site-packages/airflow/example_dags/example_xcom.py
[2024-09-18T12:07:34.935+0100] {processor.py:925} INFO - DAG(s) 'example_xcom' retrieved from /Users/ds2718/Documents/test_python_airflow/airflow/py_venv/lib/python3.12/site-packages/airflow/example_dags/example_xcom.py
[2024-09-18T12:07:35.042+0100] {logging_mixin.py:190} INFO - [2024-09-18T12:07:35.042+0100] {dag.py:3229} INFO - Sync 1 DAGs
[2024-09-18T12:07:35.115+0100] {logging_mixin.py:190} INFO - [2024-09-18T12:07:35.115+0100] {dag.py:4156} INFO - Setting next_dagrun for example_xcom to 2021-01-01 00:00:00+00:00, run_after=2021-01-01 00:00:00+00:00
[2024-09-18T12:07:35.157+0100] {processor.py:208} INFO - Processing /Users/ds2718/Documents/test_python_airflow/airflow/py_venv/lib/python3.12/site-packages/airflow/example_dags/example_xcom.py took 0.251 seconds
[2024-09-18T12:08:18.643+0100] {processor.py:186} INFO - Started process (PID=12483) to work on /Users/ds2718/Documents/test_python_airflow/airflow/py_venv/lib/python3.12/site-packages/airflow/example_dags/example_xcom.py
[2024-09-18T12:08:18.643+0100] {processor.py:914} INFO - Processing file /Users/ds2718/Documents/test_python_airflow/airflow/py_venv/lib/python3.12/site-packages/airflow/example_dags/example_xcom.py for tasks to queue
[2024-09-18T12:08:18.644+0100] {logging_mixin.py:190} INFO - [2024-09-18T12:08:18.644+0100] {dagbag.py:587} INFO - Filling up the DagBag from /Users/ds2718/Documents/test_python_airflow/airflow/py_venv/lib/python3.12/site-packages/airflow/example_dags/example_xcom.py
[2024-09-18T12:08:18.667+0100] {processor.py:925} INFO - DAG(s) 'example_xcom' retrieved from /Users/ds2718/Documents/test_python_airflow/airflow/py_venv/lib/python3.12/site-packages/airflow/example_dags/example_xcom.py
[2024-09-18T12:08:18.707+0100] {logging_mixin.py:190} INFO - [2024-09-18T12:08:18.707+0100] {dag.py:3229} INFO - Sync 1 DAGs
[2024-09-18T12:08:18.745+0100] {logging_mixin.py:190} INFO - [2024-09-18T12:08:18.745+0100] {dag.py:4156} INFO - Setting next_dagrun for example_xcom to 2021-01-01 00:00:00+00:00, run_after=2021-01-01 00:00:00+00:00
[2024-09-18T12:08:18.762+0100] {processor.py:208} INFO - Processing /Users/ds2718/Documents/test_python_airflow/airflow/py_venv/lib/python3.12/site-packages/airflow/example_dags/example_xcom.py took 0.126 seconds
[2024-09-18T12:08:52.294+0100] {processor.py:186} INFO - Started process (PID=12682) to work on /Users/ds2718/Documents/test_python_airflow/airflow/py_venv/lib/python3.12/site-packages/airflow/example_dags/example_xcom.py
[2024-09-18T12:08:52.294+0100] {processor.py:914} INFO - Processing file /Users/ds2718/Documents/test_python_airflow/airflow/py_venv/lib/python3.12/site-packages/airflow/example_dags/example_xcom.py for tasks to queue
[2024-09-18T12:08:52.295+0100] {logging_mixin.py:190} INFO - [2024-09-18T12:08:52.295+0100] {dagbag.py:587} INFO - Filling up the DagBag from /Users/ds2718/Documents/test_python_airflow/airflow/py_venv/lib/python3.12/site-packages/airflow/example_dags/example_xcom.py
[2024-09-18T12:08:52.312+0100] {processor.py:925} INFO - DAG(s) 'example_xcom' retrieved from /Users/ds2718/Documents/test_python_airflow/airflow/py_venv/lib/python3.12/site-packages/airflow/example_dags/example_xcom.py
[2024-09-18T12:08:52.354+0100] {logging_mixin.py:190} INFO - [2024-09-18T12:08:52.354+0100] {dag.py:3229} INFO - Sync 1 DAGs
[2024-09-18T12:08:52.391+0100] {logging_mixin.py:190} INFO - [2024-09-18T12:08:52.390+0100] {dag.py:4156} INFO - Setting next_dagrun for example_xcom to 2021-01-01 00:00:00+00:00, run_after=2021-01-01 00:00:00+00:00
[2024-09-18T12:08:52.401+0100] {processor.py:208} INFO - Processing /Users/ds2718/Documents/test_python_airflow/airflow/py_venv/lib/python3.12/site-packages/airflow/example_dags/example_xcom.py took 0.116 seconds
[2024-09-18T12:09:27.144+0100] {processor.py:186} INFO - Started process (PID=12835) to work on /Users/ds2718/Documents/test_python_airflow/airflow/py_venv/lib/python3.12/site-packages/airflow/example_dags/example_xcom.py
[2024-09-18T12:09:27.145+0100] {processor.py:914} INFO - Processing file /Users/ds2718/Documents/test_python_airflow/airflow/py_venv/lib/python3.12/site-packages/airflow/example_dags/example_xcom.py for tasks to queue
[2024-09-18T12:09:27.146+0100] {logging_mixin.py:190} INFO - [2024-09-18T12:09:27.146+0100] {dagbag.py:587} INFO - Filling up the DagBag from /Users/ds2718/Documents/test_python_airflow/airflow/py_venv/lib/python3.12/site-packages/airflow/example_dags/example_xcom.py
[2024-09-18T12:09:27.166+0100] {processor.py:925} INFO - DAG(s) 'example_xcom' retrieved from /Users/ds2718/Documents/test_python_airflow/airflow/py_venv/lib/python3.12/site-packages/airflow/example_dags/example_xcom.py
[2024-09-18T12:09:27.216+0100] {logging_mixin.py:190} INFO - [2024-09-18T12:09:27.216+0100] {dag.py:3229} INFO - Sync 1 DAGs
[2024-09-18T12:09:27.249+0100] {logging_mixin.py:190} INFO - [2024-09-18T12:09:27.249+0100] {dag.py:4156} INFO - Setting next_dagrun for example_xcom to 2021-01-01 00:00:00+00:00, run_after=2021-01-01 00:00:00+00:00
[2024-09-18T12:09:27.275+0100] {processor.py:208} INFO - Processing /Users/ds2718/Documents/test_python_airflow/airflow/py_venv/lib/python3.12/site-packages/airflow/example_dags/example_xcom.py took 0.139 seconds
[2024-09-18T12:10:00.496+0100] {processor.py:186} INFO - Started process (PID=13034) to work on /Users/ds2718/Documents/test_python_airflow/airflow/py_venv/lib/python3.12/site-packages/airflow/example_dags/example_xcom.py
[2024-09-18T12:10:00.497+0100] {processor.py:914} INFO - Processing file /Users/ds2718/Documents/test_python_airflow/airflow/py_venv/lib/python3.12/site-packages/airflow/example_dags/example_xcom.py for tasks to queue
[2024-09-18T12:10:00.498+0100] {logging_mixin.py:190} INFO - [2024-09-18T12:10:00.497+0100] {dagbag.py:587} INFO - Filling up the DagBag from /Users/ds2718/Documents/test_python_airflow/airflow/py_venv/lib/python3.12/site-packages/airflow/example_dags/example_xcom.py
[2024-09-18T12:10:00.521+0100] {processor.py:925} INFO - DAG(s) 'example_xcom' retrieved from /Users/ds2718/Documents/test_python_airflow/airflow/py_venv/lib/python3.12/site-packages/airflow/example_dags/example_xcom.py
[2024-09-18T12:10:00.568+0100] {logging_mixin.py:190} INFO - [2024-09-18T12:10:00.568+0100] {dag.py:3229} INFO - Sync 1 DAGs
[2024-09-18T12:10:00.607+0100] {logging_mixin.py:190} INFO - [2024-09-18T12:10:00.607+0100] {dag.py:4156} INFO - Setting next_dagrun for example_xcom to 2021-01-01 00:00:00+00:00, run_after=2021-01-01 00:00:00+00:00
[2024-09-18T12:10:00.620+0100] {processor.py:208} INFO - Processing /Users/ds2718/Documents/test_python_airflow/airflow/py_venv/lib/python3.12/site-packages/airflow/example_dags/example_xcom.py took 0.133 seconds
[2024-09-18T12:10:33.074+0100] {processor.py:186} INFO - Started process (PID=13164) to work on /Users/ds2718/Documents/test_python_airflow/airflow/py_venv/lib/python3.12/site-packages/airflow/example_dags/example_xcom.py
[2024-09-18T12:10:33.076+0100] {processor.py:914} INFO - Processing file /Users/ds2718/Documents/test_python_airflow/airflow/py_venv/lib/python3.12/site-packages/airflow/example_dags/example_xcom.py for tasks to queue
[2024-09-18T12:10:33.076+0100] {logging_mixin.py:190} INFO - [2024-09-18T12:10:33.076+0100] {dagbag.py:587} INFO - Filling up the DagBag from /Users/ds2718/Documents/test_python_airflow/airflow/py_venv/lib/python3.12/site-packages/airflow/example_dags/example_xcom.py
[2024-09-18T12:10:33.101+0100] {processor.py:925} INFO - DAG(s) 'example_xcom' retrieved from /Users/ds2718/Documents/test_python_airflow/airflow/py_venv/lib/python3.12/site-packages/airflow/example_dags/example_xcom.py
[2024-09-18T12:10:33.198+0100] {logging_mixin.py:190} INFO - [2024-09-18T12:10:33.197+0100] {dag.py:3229} INFO - Sync 1 DAGs
[2024-09-18T12:10:33.255+0100] {logging_mixin.py:190} INFO - [2024-09-18T12:10:33.254+0100] {dag.py:4156} INFO - Setting next_dagrun for example_xcom to 2021-01-01 00:00:00+00:00, run_after=2021-01-01 00:00:00+00:00
[2024-09-18T12:10:33.290+0100] {processor.py:208} INFO - Processing /Users/ds2718/Documents/test_python_airflow/airflow/py_venv/lib/python3.12/site-packages/airflow/example_dags/example_xcom.py took 0.223 seconds
[2024-09-18T12:11:06.849+0100] {processor.py:186} INFO - Started process (PID=13336) to work on /Users/ds2718/Documents/test_python_airflow/airflow/py_venv/lib/python3.12/site-packages/airflow/example_dags/example_xcom.py
[2024-09-18T12:11:06.850+0100] {processor.py:914} INFO - Processing file /Users/ds2718/Documents/test_python_airflow/airflow/py_venv/lib/python3.12/site-packages/airflow/example_dags/example_xcom.py for tasks to queue
[2024-09-18T12:11:06.850+0100] {logging_mixin.py:190} INFO - [2024-09-18T12:11:06.850+0100] {dagbag.py:587} INFO - Filling up the DagBag from /Users/ds2718/Documents/test_python_airflow/airflow/py_venv/lib/python3.12/site-packages/airflow/example_dags/example_xcom.py
[2024-09-18T12:11:06.883+0100] {processor.py:925} INFO - DAG(s) 'example_xcom' retrieved from /Users/ds2718/Documents/test_python_airflow/airflow/py_venv/lib/python3.12/site-packages/airflow/example_dags/example_xcom.py
[2024-09-18T12:11:06.934+0100] {logging_mixin.py:190} INFO - [2024-09-18T12:11:06.934+0100] {dag.py:3229} INFO - Sync 1 DAGs
[2024-09-18T12:11:06.984+0100] {logging_mixin.py:190} INFO - [2024-09-18T12:11:06.984+0100] {dag.py:4156} INFO - Setting next_dagrun for example_xcom to 2021-01-01 00:00:00+00:00, run_after=2021-01-01 00:00:00+00:00
[2024-09-18T12:11:06.997+0100] {processor.py:208} INFO - Processing /Users/ds2718/Documents/test_python_airflow/airflow/py_venv/lib/python3.12/site-packages/airflow/example_dags/example_xcom.py took 0.157 seconds
[2024-09-18T12:11:40.319+0100] {processor.py:186} INFO - Started process (PID=13482) to work on /Users/ds2718/Documents/test_python_airflow/airflow/py_venv/lib/python3.12/site-packages/airflow/example_dags/example_xcom.py
[2024-09-18T12:11:40.319+0100] {processor.py:914} INFO - Processing file /Users/ds2718/Documents/test_python_airflow/airflow/py_venv/lib/python3.12/site-packages/airflow/example_dags/example_xcom.py for tasks to queue
[2024-09-18T12:11:40.320+0100] {logging_mixin.py:190} INFO - [2024-09-18T12:11:40.320+0100] {dagbag.py:587} INFO - Filling up the DagBag from /Users/ds2718/Documents/test_python_airflow/airflow/py_venv/lib/python3.12/site-packages/airflow/example_dags/example_xcom.py
[2024-09-18T12:11:40.339+0100] {processor.py:925} INFO - DAG(s) 'example_xcom' retrieved from /Users/ds2718/Documents/test_python_airflow/airflow/py_venv/lib/python3.12/site-packages/airflow/example_dags/example_xcom.py
[2024-09-18T12:11:40.390+0100] {logging_mixin.py:190} INFO - [2024-09-18T12:11:40.389+0100] {dag.py:3229} INFO - Sync 1 DAGs
[2024-09-18T12:11:40.424+0100] {logging_mixin.py:190} INFO - [2024-09-18T12:11:40.424+0100] {dag.py:4156} INFO - Setting next_dagrun for example_xcom to 2021-01-01 00:00:00+00:00, run_after=2021-01-01 00:00:00+00:00
[2024-09-18T12:11:40.438+0100] {processor.py:208} INFO - Processing /Users/ds2718/Documents/test_python_airflow/airflow/py_venv/lib/python3.12/site-packages/airflow/example_dags/example_xcom.py took 0.125 seconds
[2024-09-18T12:12:15.357+0100] {processor.py:186} INFO - Started process (PID=13642) to work on /Users/ds2718/Documents/test_python_airflow/airflow/py_venv/lib/python3.12/site-packages/airflow/example_dags/example_xcom.py
[2024-09-18T12:12:15.361+0100] {processor.py:914} INFO - Processing file /Users/ds2718/Documents/test_python_airflow/airflow/py_venv/lib/python3.12/site-packages/airflow/example_dags/example_xcom.py for tasks to queue
[2024-09-18T12:12:15.362+0100] {logging_mixin.py:190} INFO - [2024-09-18T12:12:15.361+0100] {dagbag.py:587} INFO - Filling up the DagBag from /Users/ds2718/Documents/test_python_airflow/airflow/py_venv/lib/python3.12/site-packages/airflow/example_dags/example_xcom.py
[2024-09-18T12:12:15.385+0100] {processor.py:925} INFO - DAG(s) 'example_xcom' retrieved from /Users/ds2718/Documents/test_python_airflow/airflow/py_venv/lib/python3.12/site-packages/airflow/example_dags/example_xcom.py
[2024-09-18T12:12:15.425+0100] {logging_mixin.py:190} INFO - [2024-09-18T12:12:15.425+0100] {dag.py:3229} INFO - Sync 1 DAGs
[2024-09-18T12:12:15.464+0100] {logging_mixin.py:190} INFO - [2024-09-18T12:12:15.463+0100] {dag.py:4156} INFO - Setting next_dagrun for example_xcom to 2021-01-01 00:00:00+00:00, run_after=2021-01-01 00:00:00+00:00
[2024-09-18T12:12:15.478+0100] {processor.py:208} INFO - Processing /Users/ds2718/Documents/test_python_airflow/airflow/py_venv/lib/python3.12/site-packages/airflow/example_dags/example_xcom.py took 0.137 seconds
[2024-09-18T12:12:47.754+0100] {processor.py:186} INFO - Started process (PID=13775) to work on /Users/ds2718/Documents/test_python_airflow/airflow/py_venv/lib/python3.12/site-packages/airflow/example_dags/example_xcom.py
[2024-09-18T12:12:47.755+0100] {processor.py:914} INFO - Processing file /Users/ds2718/Documents/test_python_airflow/airflow/py_venv/lib/python3.12/site-packages/airflow/example_dags/example_xcom.py for tasks to queue
[2024-09-18T12:12:47.755+0100] {logging_mixin.py:190} INFO - [2024-09-18T12:12:47.755+0100] {dagbag.py:587} INFO - Filling up the DagBag from /Users/ds2718/Documents/test_python_airflow/airflow/py_venv/lib/python3.12/site-packages/airflow/example_dags/example_xcom.py
[2024-09-18T12:12:47.774+0100] {processor.py:925} INFO - DAG(s) 'example_xcom' retrieved from /Users/ds2718/Documents/test_python_airflow/airflow/py_venv/lib/python3.12/site-packages/airflow/example_dags/example_xcom.py
[2024-09-18T12:12:47.813+0100] {logging_mixin.py:190} INFO - [2024-09-18T12:12:47.813+0100] {dag.py:3229} INFO - Sync 1 DAGs
[2024-09-18T12:12:47.853+0100] {logging_mixin.py:190} INFO - [2024-09-18T12:12:47.852+0100] {dag.py:4156} INFO - Setting next_dagrun for example_xcom to 2021-01-01 00:00:00+00:00, run_after=2021-01-01 00:00:00+00:00
[2024-09-18T12:12:47.861+0100] {processor.py:208} INFO - Processing /Users/ds2718/Documents/test_python_airflow/airflow/py_venv/lib/python3.12/site-packages/airflow/example_dags/example_xcom.py took 0.114 seconds
[2024-09-18T12:13:23.272+0100] {processor.py:186} INFO - Started process (PID=13983) to work on /Users/ds2718/Documents/test_python_airflow/airflow/py_venv/lib/python3.12/site-packages/airflow/example_dags/example_xcom.py
[2024-09-18T12:13:23.273+0100] {processor.py:914} INFO - Processing file /Users/ds2718/Documents/test_python_airflow/airflow/py_venv/lib/python3.12/site-packages/airflow/example_dags/example_xcom.py for tasks to queue
[2024-09-18T12:13:23.273+0100] {logging_mixin.py:190} INFO - [2024-09-18T12:13:23.273+0100] {dagbag.py:587} INFO - Filling up the DagBag from /Users/ds2718/Documents/test_python_airflow/airflow/py_venv/lib/python3.12/site-packages/airflow/example_dags/example_xcom.py
[2024-09-18T12:13:23.291+0100] {processor.py:925} INFO - DAG(s) 'example_xcom' retrieved from /Users/ds2718/Documents/test_python_airflow/airflow/py_venv/lib/python3.12/site-packages/airflow/example_dags/example_xcom.py
[2024-09-18T12:13:23.335+0100] {logging_mixin.py:190} INFO - [2024-09-18T12:13:23.335+0100] {dag.py:3229} INFO - Sync 1 DAGs
[2024-09-18T12:13:23.367+0100] {logging_mixin.py:190} INFO - [2024-09-18T12:13:23.367+0100] {dag.py:4156} INFO - Setting next_dagrun for example_xcom to 2021-01-01 00:00:00+00:00, run_after=2021-01-01 00:00:00+00:00
[2024-09-18T12:13:23.384+0100] {processor.py:208} INFO - Processing /Users/ds2718/Documents/test_python_airflow/airflow/py_venv/lib/python3.12/site-packages/airflow/example_dags/example_xcom.py took 0.117 seconds
[2024-09-18T12:13:57.582+0100] {processor.py:186} INFO - Started process (PID=14158) to work on /Users/ds2718/Documents/test_python_airflow/airflow/py_venv/lib/python3.12/site-packages/airflow/example_dags/example_xcom.py
[2024-09-18T12:13:57.583+0100] {processor.py:914} INFO - Processing file /Users/ds2718/Documents/test_python_airflow/airflow/py_venv/lib/python3.12/site-packages/airflow/example_dags/example_xcom.py for tasks to queue
[2024-09-18T12:13:57.584+0100] {logging_mixin.py:190} INFO - [2024-09-18T12:13:57.584+0100] {dagbag.py:587} INFO - Filling up the DagBag from /Users/ds2718/Documents/test_python_airflow/airflow/py_venv/lib/python3.12/site-packages/airflow/example_dags/example_xcom.py
[2024-09-18T12:13:57.607+0100] {processor.py:925} INFO - DAG(s) 'example_xcom' retrieved from /Users/ds2718/Documents/test_python_airflow/airflow/py_venv/lib/python3.12/site-packages/airflow/example_dags/example_xcom.py
[2024-09-18T12:13:57.650+0100] {logging_mixin.py:190} INFO - [2024-09-18T12:13:57.650+0100] {dag.py:3229} INFO - Sync 1 DAGs
[2024-09-18T12:13:57.699+0100] {logging_mixin.py:190} INFO - [2024-09-18T12:13:57.699+0100] {dag.py:4156} INFO - Setting next_dagrun for example_xcom to 2021-01-01 00:00:00+00:00, run_after=2021-01-01 00:00:00+00:00
[2024-09-18T12:13:57.715+0100] {processor.py:208} INFO - Processing /Users/ds2718/Documents/test_python_airflow/airflow/py_venv/lib/python3.12/site-packages/airflow/example_dags/example_xcom.py took 0.140 seconds
