[2024-09-18T11:54:27.404+0100] {processor.py:186} INFO - Started process (PID=9534) to work on /Users/ds2718/Documents/test_python_airflow/airflow/py_venv/lib/python3.12/site-packages/airflow/example_dags/example_bash_operator.py
[2024-09-18T11:54:27.404+0100] {processor.py:914} INFO - Processing file /Users/ds2718/Documents/test_python_airflow/airflow/py_venv/lib/python3.12/site-packages/airflow/example_dags/example_bash_operator.py for tasks to queue
[2024-09-18T11:54:27.405+0100] {logging_mixin.py:190} INFO - [2024-09-18T11:54:27.405+0100] {dagbag.py:587} INFO - Filling up the DagBag from /Users/ds2718/Documents/test_python_airflow/airflow/py_venv/lib/python3.12/site-packages/airflow/example_dags/example_bash_operator.py
[2024-09-18T11:54:27.412+0100] {processor.py:925} INFO - DAG(s) 'example_bash_operator' retrieved from /Users/ds2718/Documents/test_python_airflow/airflow/py_venv/lib/python3.12/site-packages/airflow/example_dags/example_bash_operator.py
[2024-09-18T11:54:27.526+0100] {logging_mixin.py:190} INFO - [2024-09-18T11:54:27.525+0100] {override.py:1900} INFO - Created Permission View: can edit on DAG:example_bash_operator
[2024-09-18T11:54:27.530+0100] {logging_mixin.py:190} INFO - [2024-09-18T11:54:27.530+0100] {override.py:1900} INFO - Created Permission View: can delete on DAG:example_bash_operator
[2024-09-18T11:54:27.532+0100] {logging_mixin.py:190} INFO - [2024-09-18T11:54:27.532+0100] {override.py:1900} INFO - Created Permission View: can read on DAG:example_bash_operator
[2024-09-18T11:54:27.535+0100] {logging_mixin.py:190} INFO - [2024-09-18T11:54:27.535+0100] {override.py:1900} INFO - Created Permission View: menu access on DAG Run:example_bash_operator
[2024-09-18T11:54:27.551+0100] {logging_mixin.py:190} INFO - [2024-09-18T11:54:27.550+0100] {override.py:1900} INFO - Created Permission View: can create on DAG Run:example_bash_operator
[2024-09-18T11:54:27.554+0100] {logging_mixin.py:190} INFO - [2024-09-18T11:54:27.554+0100] {override.py:1900} INFO - Created Permission View: can delete on DAG Run:example_bash_operator
[2024-09-18T11:54:27.556+0100] {logging_mixin.py:190} INFO - [2024-09-18T11:54:27.556+0100] {override.py:1900} INFO - Created Permission View: can read on DAG Run:example_bash_operator
[2024-09-18T11:54:27.556+0100] {logging_mixin.py:190} INFO - [2024-09-18T11:54:27.556+0100] {dag.py:3229} INFO - Sync 1 DAGs
[2024-09-18T11:54:27.561+0100] {logging_mixin.py:190} INFO - [2024-09-18T11:54:27.561+0100] {dag.py:3252} INFO - Creating ORM DAG for example_bash_operator
[2024-09-18T11:54:27.566+0100] {logging_mixin.py:190} INFO - [2024-09-18T11:54:27.566+0100] {dag.py:4156} INFO - Setting next_dagrun for example_bash_operator to 2024-09-17 00:00:00+00:00, run_after=2024-09-18 00:00:00+00:00
[2024-09-18T11:54:27.574+0100] {processor.py:208} INFO - Processing /Users/ds2718/Documents/test_python_airflow/airflow/py_venv/lib/python3.12/site-packages/airflow/example_dags/example_bash_operator.py took 0.172 seconds
[2024-09-18T11:55:02.526+0100] {processor.py:186} INFO - Started process (PID=9754) to work on /Users/ds2718/Documents/test_python_airflow/airflow/py_venv/lib/python3.12/site-packages/airflow/example_dags/example_bash_operator.py
[2024-09-18T11:55:02.527+0100] {processor.py:914} INFO - Processing file /Users/ds2718/Documents/test_python_airflow/airflow/py_venv/lib/python3.12/site-packages/airflow/example_dags/example_bash_operator.py for tasks to queue
[2024-09-18T11:55:02.527+0100] {logging_mixin.py:190} INFO - [2024-09-18T11:55:02.527+0100] {dagbag.py:587} INFO - Filling up the DagBag from /Users/ds2718/Documents/test_python_airflow/airflow/py_venv/lib/python3.12/site-packages/airflow/example_dags/example_bash_operator.py
[2024-09-18T11:55:02.534+0100] {processor.py:925} INFO - DAG(s) 'example_bash_operator' retrieved from /Users/ds2718/Documents/test_python_airflow/airflow/py_venv/lib/python3.12/site-packages/airflow/example_dags/example_bash_operator.py
[2024-09-18T11:55:02.589+0100] {logging_mixin.py:190} INFO - [2024-09-18T11:55:02.588+0100] {dag.py:3229} INFO - Sync 1 DAGs
[2024-09-18T11:55:02.600+0100] {logging_mixin.py:190} INFO - [2024-09-18T11:55:02.600+0100] {dag.py:4156} INFO - Setting next_dagrun for example_bash_operator to 2024-09-17 00:00:00+00:00, run_after=2024-09-18 00:00:00+00:00
[2024-09-18T11:55:02.622+0100] {processor.py:208} INFO - Processing /Users/ds2718/Documents/test_python_airflow/airflow/py_venv/lib/python3.12/site-packages/airflow/example_dags/example_bash_operator.py took 0.098 seconds
[2024-09-18T11:55:36.337+0100] {processor.py:186} INFO - Started process (PID=9926) to work on /Users/ds2718/Documents/test_python_airflow/airflow/py_venv/lib/python3.12/site-packages/airflow/example_dags/example_bash_operator.py
[2024-09-18T11:55:36.338+0100] {processor.py:914} INFO - Processing file /Users/ds2718/Documents/test_python_airflow/airflow/py_venv/lib/python3.12/site-packages/airflow/example_dags/example_bash_operator.py for tasks to queue
[2024-09-18T11:55:36.338+0100] {logging_mixin.py:190} INFO - [2024-09-18T11:55:36.338+0100] {dagbag.py:587} INFO - Filling up the DagBag from /Users/ds2718/Documents/test_python_airflow/airflow/py_venv/lib/python3.12/site-packages/airflow/example_dags/example_bash_operator.py
[2024-09-18T11:55:36.345+0100] {processor.py:925} INFO - DAG(s) 'example_bash_operator' retrieved from /Users/ds2718/Documents/test_python_airflow/airflow/py_venv/lib/python3.12/site-packages/airflow/example_dags/example_bash_operator.py
[2024-09-18T11:55:36.401+0100] {logging_mixin.py:190} INFO - [2024-09-18T11:55:36.400+0100] {dag.py:3229} INFO - Sync 1 DAGs
[2024-09-18T11:55:36.412+0100] {logging_mixin.py:190} INFO - [2024-09-18T11:55:36.412+0100] {dag.py:4156} INFO - Setting next_dagrun for example_bash_operator to 2024-09-17 00:00:00+00:00, run_after=2024-09-18 00:00:00+00:00
[2024-09-18T11:55:36.426+0100] {processor.py:208} INFO - Processing /Users/ds2718/Documents/test_python_airflow/airflow/py_venv/lib/python3.12/site-packages/airflow/example_dags/example_bash_operator.py took 0.097 seconds
[2024-09-18T11:56:10.381+0100] {processor.py:186} INFO - Started process (PID=10102) to work on /Users/ds2718/Documents/test_python_airflow/airflow/py_venv/lib/python3.12/site-packages/airflow/example_dags/example_bash_operator.py
[2024-09-18T11:56:10.384+0100] {processor.py:914} INFO - Processing file /Users/ds2718/Documents/test_python_airflow/airflow/py_venv/lib/python3.12/site-packages/airflow/example_dags/example_bash_operator.py for tasks to queue
[2024-09-18T11:56:10.384+0100] {logging_mixin.py:190} INFO - [2024-09-18T11:56:10.384+0100] {dagbag.py:587} INFO - Filling up the DagBag from /Users/ds2718/Documents/test_python_airflow/airflow/py_venv/lib/python3.12/site-packages/airflow/example_dags/example_bash_operator.py
[2024-09-18T11:56:10.404+0100] {processor.py:925} INFO - DAG(s) 'example_bash_operator' retrieved from /Users/ds2718/Documents/test_python_airflow/airflow/py_venv/lib/python3.12/site-packages/airflow/example_dags/example_bash_operator.py
[2024-09-18T11:56:10.453+0100] {logging_mixin.py:190} INFO - [2024-09-18T11:56:10.453+0100] {dag.py:3229} INFO - Sync 1 DAGs
[2024-09-18T11:56:10.465+0100] {logging_mixin.py:190} INFO - [2024-09-18T11:56:10.465+0100] {dag.py:4156} INFO - Setting next_dagrun for example_bash_operator to 2024-09-17 00:00:00+00:00, run_after=2024-09-18 00:00:00+00:00
[2024-09-18T11:56:10.480+0100] {processor.py:208} INFO - Processing /Users/ds2718/Documents/test_python_airflow/airflow/py_venv/lib/python3.12/site-packages/airflow/example_dags/example_bash_operator.py took 0.104 seconds
[2024-09-18T11:56:43.252+0100] {processor.py:186} INFO - Started process (PID=10240) to work on /Users/ds2718/Documents/test_python_airflow/airflow/py_venv/lib/python3.12/site-packages/airflow/example_dags/example_bash_operator.py
[2024-09-18T11:56:43.254+0100] {processor.py:914} INFO - Processing file /Users/ds2718/Documents/test_python_airflow/airflow/py_venv/lib/python3.12/site-packages/airflow/example_dags/example_bash_operator.py for tasks to queue
[2024-09-18T11:56:43.254+0100] {logging_mixin.py:190} INFO - [2024-09-18T11:56:43.254+0100] {dagbag.py:587} INFO - Filling up the DagBag from /Users/ds2718/Documents/test_python_airflow/airflow/py_venv/lib/python3.12/site-packages/airflow/example_dags/example_bash_operator.py
[2024-09-18T11:56:43.260+0100] {processor.py:925} INFO - DAG(s) 'example_bash_operator' retrieved from /Users/ds2718/Documents/test_python_airflow/airflow/py_venv/lib/python3.12/site-packages/airflow/example_dags/example_bash_operator.py
[2024-09-18T11:56:43.307+0100] {logging_mixin.py:190} INFO - [2024-09-18T11:56:43.307+0100] {dag.py:3229} INFO - Sync 1 DAGs
[2024-09-18T11:56:43.319+0100] {logging_mixin.py:190} INFO - [2024-09-18T11:56:43.319+0100] {dag.py:4156} INFO - Setting next_dagrun for example_bash_operator to 2024-09-17 00:00:00+00:00, run_after=2024-09-18 00:00:00+00:00
[2024-09-18T11:56:43.337+0100] {processor.py:208} INFO - Processing /Users/ds2718/Documents/test_python_airflow/airflow/py_venv/lib/python3.12/site-packages/airflow/example_dags/example_bash_operator.py took 0.091 seconds
[2024-09-18T11:57:15.961+0100] {processor.py:186} INFO - Started process (PID=10403) to work on /Users/ds2718/Documents/test_python_airflow/airflow/py_venv/lib/python3.12/site-packages/airflow/example_dags/example_bash_operator.py
[2024-09-18T11:57:15.962+0100] {processor.py:914} INFO - Processing file /Users/ds2718/Documents/test_python_airflow/airflow/py_venv/lib/python3.12/site-packages/airflow/example_dags/example_bash_operator.py for tasks to queue
[2024-09-18T11:57:15.962+0100] {logging_mixin.py:190} INFO - [2024-09-18T11:57:15.962+0100] {dagbag.py:587} INFO - Filling up the DagBag from /Users/ds2718/Documents/test_python_airflow/airflow/py_venv/lib/python3.12/site-packages/airflow/example_dags/example_bash_operator.py
[2024-09-18T11:57:15.968+0100] {processor.py:925} INFO - DAG(s) 'example_bash_operator' retrieved from /Users/ds2718/Documents/test_python_airflow/airflow/py_venv/lib/python3.12/site-packages/airflow/example_dags/example_bash_operator.py
[2024-09-18T11:57:16.009+0100] {logging_mixin.py:190} INFO - [2024-09-18T11:57:16.009+0100] {dag.py:3229} INFO - Sync 1 DAGs
[2024-09-18T11:57:16.020+0100] {logging_mixin.py:190} INFO - [2024-09-18T11:57:16.020+0100] {dag.py:4156} INFO - Setting next_dagrun for example_bash_operator to 2024-09-17 00:00:00+00:00, run_after=2024-09-18 00:00:00+00:00
[2024-09-18T11:57:16.027+0100] {processor.py:208} INFO - Processing /Users/ds2718/Documents/test_python_airflow/airflow/py_venv/lib/python3.12/site-packages/airflow/example_dags/example_bash_operator.py took 0.069 seconds
[2024-09-18T11:57:49.262+0100] {processor.py:186} INFO - Started process (PID=10622) to work on /Users/ds2718/Documents/test_python_airflow/airflow/py_venv/lib/python3.12/site-packages/airflow/example_dags/example_bash_operator.py
[2024-09-18T11:57:49.265+0100] {processor.py:914} INFO - Processing file /Users/ds2718/Documents/test_python_airflow/airflow/py_venv/lib/python3.12/site-packages/airflow/example_dags/example_bash_operator.py for tasks to queue
[2024-09-18T11:57:49.265+0100] {logging_mixin.py:190} INFO - [2024-09-18T11:57:49.265+0100] {dagbag.py:587} INFO - Filling up the DagBag from /Users/ds2718/Documents/test_python_airflow/airflow/py_venv/lib/python3.12/site-packages/airflow/example_dags/example_bash_operator.py
[2024-09-18T11:57:49.272+0100] {processor.py:925} INFO - DAG(s) 'example_bash_operator' retrieved from /Users/ds2718/Documents/test_python_airflow/airflow/py_venv/lib/python3.12/site-packages/airflow/example_dags/example_bash_operator.py
[2024-09-18T11:57:49.317+0100] {logging_mixin.py:190} INFO - [2024-09-18T11:57:49.316+0100] {dag.py:3229} INFO - Sync 1 DAGs
[2024-09-18T11:57:49.328+0100] {logging_mixin.py:190} INFO - [2024-09-18T11:57:49.328+0100] {dag.py:4156} INFO - Setting next_dagrun for example_bash_operator to 2024-09-17 00:00:00+00:00, run_after=2024-09-18 00:00:00+00:00
[2024-09-18T11:57:49.341+0100] {processor.py:208} INFO - Processing /Users/ds2718/Documents/test_python_airflow/airflow/py_venv/lib/python3.12/site-packages/airflow/example_dags/example_bash_operator.py took 0.085 seconds
[2024-09-18T11:58:23.821+0100] {processor.py:186} INFO - Started process (PID=10799) to work on /Users/ds2718/Documents/test_python_airflow/airflow/py_venv/lib/python3.12/site-packages/airflow/example_dags/example_bash_operator.py
[2024-09-18T11:58:23.822+0100] {processor.py:914} INFO - Processing file /Users/ds2718/Documents/test_python_airflow/airflow/py_venv/lib/python3.12/site-packages/airflow/example_dags/example_bash_operator.py for tasks to queue
[2024-09-18T11:58:23.823+0100] {logging_mixin.py:190} INFO - [2024-09-18T11:58:23.823+0100] {dagbag.py:587} INFO - Filling up the DagBag from /Users/ds2718/Documents/test_python_airflow/airflow/py_venv/lib/python3.12/site-packages/airflow/example_dags/example_bash_operator.py
[2024-09-18T11:58:23.829+0100] {processor.py:925} INFO - DAG(s) 'example_bash_operator' retrieved from /Users/ds2718/Documents/test_python_airflow/airflow/py_venv/lib/python3.12/site-packages/airflow/example_dags/example_bash_operator.py
[2024-09-18T11:58:23.883+0100] {logging_mixin.py:190} INFO - [2024-09-18T11:58:23.883+0100] {dag.py:3229} INFO - Sync 1 DAGs
[2024-09-18T11:58:23.895+0100] {logging_mixin.py:190} INFO - [2024-09-18T11:58:23.895+0100] {dag.py:4156} INFO - Setting next_dagrun for example_bash_operator to 2024-09-17 00:00:00+00:00, run_after=2024-09-18 00:00:00+00:00
[2024-09-18T11:58:23.907+0100] {processor.py:208} INFO - Processing /Users/ds2718/Documents/test_python_airflow/airflow/py_venv/lib/python3.12/site-packages/airflow/example_dags/example_bash_operator.py took 0.087 seconds
[2024-09-18T11:59:03.006+0100] {processor.py:186} INFO - Started process (PID=11018) to work on /Users/ds2718/Documents/test_python_airflow/airflow/py_venv/lib/python3.12/site-packages/airflow/example_dags/example_bash_operator.py
[2024-09-18T11:59:03.007+0100] {processor.py:914} INFO - Processing file /Users/ds2718/Documents/test_python_airflow/airflow/py_venv/lib/python3.12/site-packages/airflow/example_dags/example_bash_operator.py for tasks to queue
[2024-09-18T11:59:03.007+0100] {logging_mixin.py:190} INFO - [2024-09-18T11:59:03.007+0100] {dagbag.py:587} INFO - Filling up the DagBag from /Users/ds2718/Documents/test_python_airflow/airflow/py_venv/lib/python3.12/site-packages/airflow/example_dags/example_bash_operator.py
[2024-09-18T11:59:03.025+0100] {processor.py:925} INFO - DAG(s) 'example_bash_operator' retrieved from /Users/ds2718/Documents/test_python_airflow/airflow/py_venv/lib/python3.12/site-packages/airflow/example_dags/example_bash_operator.py
[2024-09-18T11:59:03.069+0100] {logging_mixin.py:190} INFO - [2024-09-18T11:59:03.068+0100] {dag.py:3229} INFO - Sync 1 DAGs
[2024-09-18T11:59:03.078+0100] {logging_mixin.py:190} INFO - [2024-09-18T11:59:03.077+0100] {dag.py:4156} INFO - Setting next_dagrun for example_bash_operator to 2024-09-17 00:00:00+00:00, run_after=2024-09-18 00:00:00+00:00
[2024-09-18T11:59:03.087+0100] {processor.py:208} INFO - Processing /Users/ds2718/Documents/test_python_airflow/airflow/py_venv/lib/python3.12/site-packages/airflow/example_dags/example_bash_operator.py took 0.086 seconds
[2024-09-18T11:59:38.000+0100] {processor.py:186} INFO - Started process (PID=11195) to work on /Users/ds2718/Documents/test_python_airflow/airflow/py_venv/lib/python3.12/site-packages/airflow/example_dags/example_bash_operator.py
[2024-09-18T11:59:38.001+0100] {processor.py:914} INFO - Processing file /Users/ds2718/Documents/test_python_airflow/airflow/py_venv/lib/python3.12/site-packages/airflow/example_dags/example_bash_operator.py for tasks to queue
[2024-09-18T11:59:38.002+0100] {logging_mixin.py:190} INFO - [2024-09-18T11:59:38.002+0100] {dagbag.py:587} INFO - Filling up the DagBag from /Users/ds2718/Documents/test_python_airflow/airflow/py_venv/lib/python3.12/site-packages/airflow/example_dags/example_bash_operator.py
[2024-09-18T11:59:38.021+0100] {processor.py:925} INFO - DAG(s) 'example_bash_operator' retrieved from /Users/ds2718/Documents/test_python_airflow/airflow/py_venv/lib/python3.12/site-packages/airflow/example_dags/example_bash_operator.py
[2024-09-18T11:59:38.065+0100] {logging_mixin.py:190} INFO - [2024-09-18T11:59:38.065+0100] {dag.py:3229} INFO - Sync 1 DAGs
[2024-09-18T11:59:38.077+0100] {logging_mixin.py:190} INFO - [2024-09-18T11:59:38.076+0100] {dag.py:4156} INFO - Setting next_dagrun for example_bash_operator to 2024-09-17 00:00:00+00:00, run_after=2024-09-18 00:00:00+00:00
[2024-09-18T11:59:38.092+0100] {processor.py:208} INFO - Processing /Users/ds2718/Documents/test_python_airflow/airflow/py_venv/lib/python3.12/site-packages/airflow/example_dags/example_bash_operator.py took 0.100 seconds
[2024-09-18T12:00:11.719+0100] {processor.py:186} INFO - Started process (PID=11414) to work on /Users/ds2718/Documents/test_python_airflow/airflow/py_venv/lib/python3.12/site-packages/airflow/example_dags/example_bash_operator.py
[2024-09-18T12:00:11.720+0100] {processor.py:914} INFO - Processing file /Users/ds2718/Documents/test_python_airflow/airflow/py_venv/lib/python3.12/site-packages/airflow/example_dags/example_bash_operator.py for tasks to queue
[2024-09-18T12:00:11.720+0100] {logging_mixin.py:190} INFO - [2024-09-18T12:00:11.720+0100] {dagbag.py:587} INFO - Filling up the DagBag from /Users/ds2718/Documents/test_python_airflow/airflow/py_venv/lib/python3.12/site-packages/airflow/example_dags/example_bash_operator.py
[2024-09-18T12:00:11.727+0100] {processor.py:925} INFO - DAG(s) 'example_bash_operator' retrieved from /Users/ds2718/Documents/test_python_airflow/airflow/py_venv/lib/python3.12/site-packages/airflow/example_dags/example_bash_operator.py
[2024-09-18T12:00:11.779+0100] {logging_mixin.py:190} INFO - [2024-09-18T12:00:11.779+0100] {dag.py:3229} INFO - Sync 1 DAGs
[2024-09-18T12:00:11.792+0100] {logging_mixin.py:190} INFO - [2024-09-18T12:00:11.792+0100] {dag.py:4156} INFO - Setting next_dagrun for example_bash_operator to 2024-09-17 00:00:00+00:00, run_after=2024-09-18 00:00:00+00:00
[2024-09-18T12:00:11.807+0100] {processor.py:208} INFO - Processing /Users/ds2718/Documents/test_python_airflow/airflow/py_venv/lib/python3.12/site-packages/airflow/example_dags/example_bash_operator.py took 0.104 seconds
[2024-09-18T12:00:45.038+0100] {processor.py:186} INFO - Started process (PID=11583) to work on /Users/ds2718/Documents/test_python_airflow/airflow/py_venv/lib/python3.12/site-packages/airflow/example_dags/example_bash_operator.py
[2024-09-18T12:00:45.039+0100] {processor.py:914} INFO - Processing file /Users/ds2718/Documents/test_python_airflow/airflow/py_venv/lib/python3.12/site-packages/airflow/example_dags/example_bash_operator.py for tasks to queue
[2024-09-18T12:00:45.039+0100] {logging_mixin.py:190} INFO - [2024-09-18T12:00:45.039+0100] {dagbag.py:587} INFO - Filling up the DagBag from /Users/ds2718/Documents/test_python_airflow/airflow/py_venv/lib/python3.12/site-packages/airflow/example_dags/example_bash_operator.py
[2024-09-18T12:00:45.046+0100] {processor.py:925} INFO - DAG(s) 'example_bash_operator' retrieved from /Users/ds2718/Documents/test_python_airflow/airflow/py_venv/lib/python3.12/site-packages/airflow/example_dags/example_bash_operator.py
[2024-09-18T12:00:45.090+0100] {logging_mixin.py:190} INFO - [2024-09-18T12:00:45.089+0100] {dag.py:3229} INFO - Sync 1 DAGs
[2024-09-18T12:00:45.119+0100] {logging_mixin.py:190} INFO - [2024-09-18T12:00:45.118+0100] {dag.py:4156} INFO - Setting next_dagrun for example_bash_operator to 2024-09-17 00:00:00+00:00, run_after=2024-09-18 00:00:00+00:00
[2024-09-18T12:00:45.133+0100] {processor.py:208} INFO - Processing /Users/ds2718/Documents/test_python_airflow/airflow/py_venv/lib/python3.12/site-packages/airflow/example_dags/example_bash_operator.py took 0.100 seconds
[2024-09-18T12:01:35.338+0100] {processor.py:186} INFO - Started process (PID=11835) to work on /Users/ds2718/Documents/test_python_airflow/airflow/py_venv/lib/python3.12/site-packages/airflow/example_dags/example_bash_operator.py
[2024-09-18T12:01:35.338+0100] {processor.py:914} INFO - Processing file /Users/ds2718/Documents/test_python_airflow/airflow/py_venv/lib/python3.12/site-packages/airflow/example_dags/example_bash_operator.py for tasks to queue
[2024-09-18T12:01:35.339+0100] {logging_mixin.py:190} INFO - [2024-09-18T12:01:35.338+0100] {dagbag.py:587} INFO - Filling up the DagBag from /Users/ds2718/Documents/test_python_airflow/airflow/py_venv/lib/python3.12/site-packages/airflow/example_dags/example_bash_operator.py
[2024-09-18T12:01:35.345+0100] {processor.py:925} INFO - DAG(s) 'example_bash_operator' retrieved from /Users/ds2718/Documents/test_python_airflow/airflow/py_venv/lib/python3.12/site-packages/airflow/example_dags/example_bash_operator.py
[2024-09-18T12:01:35.389+0100] {logging_mixin.py:190} INFO - [2024-09-18T12:01:35.389+0100] {dag.py:3229} INFO - Sync 1 DAGs
[2024-09-18T12:01:35.399+0100] {logging_mixin.py:190} INFO - [2024-09-18T12:01:35.399+0100] {dag.py:4156} INFO - Setting next_dagrun for example_bash_operator to 2024-09-17 00:00:00+00:00, run_after=2024-09-18 00:00:00+00:00
[2024-09-18T12:01:35.406+0100] {processor.py:208} INFO - Processing /Users/ds2718/Documents/test_python_airflow/airflow/py_venv/lib/python3.12/site-packages/airflow/example_dags/example_bash_operator.py took 0.070 seconds
[2024-09-18T12:06:40.041+0100] {processor.py:186} INFO - Started process (PID=12055) to work on /Users/ds2718/Documents/test_python_airflow/airflow/py_venv/lib/python3.12/site-packages/airflow/example_dags/example_bash_operator.py
[2024-09-18T12:06:40.041+0100] {processor.py:914} INFO - Processing file /Users/ds2718/Documents/test_python_airflow/airflow/py_venv/lib/python3.12/site-packages/airflow/example_dags/example_bash_operator.py for tasks to queue
[2024-09-18T12:06:40.041+0100] {logging_mixin.py:190} INFO - [2024-09-18T12:06:40.041+0100] {dagbag.py:587} INFO - Filling up the DagBag from /Users/ds2718/Documents/test_python_airflow/airflow/py_venv/lib/python3.12/site-packages/airflow/example_dags/example_bash_operator.py
[2024-09-18T12:06:40.048+0100] {processor.py:925} INFO - DAG(s) 'example_bash_operator' retrieved from /Users/ds2718/Documents/test_python_airflow/airflow/py_venv/lib/python3.12/site-packages/airflow/example_dags/example_bash_operator.py
[2024-09-18T12:06:40.090+0100] {logging_mixin.py:190} INFO - [2024-09-18T12:06:40.090+0100] {dag.py:3229} INFO - Sync 1 DAGs
[2024-09-18T12:06:40.099+0100] {logging_mixin.py:190} INFO - [2024-09-18T12:06:40.099+0100] {dag.py:4156} INFO - Setting next_dagrun for example_bash_operator to 2024-09-17 00:00:00+00:00, run_after=2024-09-18 00:00:00+00:00
[2024-09-18T12:06:40.108+0100] {processor.py:208} INFO - Processing /Users/ds2718/Documents/test_python_airflow/airflow/py_venv/lib/python3.12/site-packages/airflow/example_dags/example_bash_operator.py took 0.069 seconds
[2024-09-18T12:07:15.452+0100] {processor.py:186} INFO - Started process (PID=12218) to work on /Users/ds2718/Documents/test_python_airflow/airflow/py_venv/lib/python3.12/site-packages/airflow/example_dags/example_bash_operator.py
[2024-09-18T12:07:15.453+0100] {processor.py:914} INFO - Processing file /Users/ds2718/Documents/test_python_airflow/airflow/py_venv/lib/python3.12/site-packages/airflow/example_dags/example_bash_operator.py for tasks to queue
[2024-09-18T12:07:15.453+0100] {logging_mixin.py:190} INFO - [2024-09-18T12:07:15.453+0100] {dagbag.py:587} INFO - Filling up the DagBag from /Users/ds2718/Documents/test_python_airflow/airflow/py_venv/lib/python3.12/site-packages/airflow/example_dags/example_bash_operator.py
[2024-09-18T12:07:15.460+0100] {processor.py:925} INFO - DAG(s) 'example_bash_operator' retrieved from /Users/ds2718/Documents/test_python_airflow/airflow/py_venv/lib/python3.12/site-packages/airflow/example_dags/example_bash_operator.py
[2024-09-18T12:07:15.511+0100] {logging_mixin.py:190} INFO - [2024-09-18T12:07:15.511+0100] {dag.py:3229} INFO - Sync 1 DAGs
[2024-09-18T12:07:15.522+0100] {logging_mixin.py:190} INFO - [2024-09-18T12:07:15.522+0100] {dag.py:4156} INFO - Setting next_dagrun for example_bash_operator to 2024-09-17 00:00:00+00:00, run_after=2024-09-18 00:00:00+00:00
[2024-09-18T12:07:15.556+0100] {processor.py:208} INFO - Processing /Users/ds2718/Documents/test_python_airflow/airflow/py_venv/lib/python3.12/site-packages/airflow/example_dags/example_bash_operator.py took 0.112 seconds
[2024-09-18T12:07:57.572+0100] {processor.py:186} INFO - Started process (PID=12414) to work on /Users/ds2718/Documents/test_python_airflow/airflow/py_venv/lib/python3.12/site-packages/airflow/example_dags/example_bash_operator.py
[2024-09-18T12:07:57.573+0100] {processor.py:914} INFO - Processing file /Users/ds2718/Documents/test_python_airflow/airflow/py_venv/lib/python3.12/site-packages/airflow/example_dags/example_bash_operator.py for tasks to queue
[2024-09-18T12:07:57.574+0100] {logging_mixin.py:190} INFO - [2024-09-18T12:07:57.574+0100] {dagbag.py:587} INFO - Filling up the DagBag from /Users/ds2718/Documents/test_python_airflow/airflow/py_venv/lib/python3.12/site-packages/airflow/example_dags/example_bash_operator.py
[2024-09-18T12:07:57.583+0100] {processor.py:925} INFO - DAG(s) 'example_bash_operator' retrieved from /Users/ds2718/Documents/test_python_airflow/airflow/py_venv/lib/python3.12/site-packages/airflow/example_dags/example_bash_operator.py
[2024-09-18T12:07:57.646+0100] {logging_mixin.py:190} INFO - [2024-09-18T12:07:57.646+0100] {dag.py:3229} INFO - Sync 1 DAGs
[2024-09-18T12:07:57.660+0100] {logging_mixin.py:190} INFO - [2024-09-18T12:07:57.660+0100] {dag.py:4156} INFO - Setting next_dagrun for example_bash_operator to 2024-09-17 00:00:00+00:00, run_after=2024-09-18 00:00:00+00:00
[2024-09-18T12:07:57.676+0100] {processor.py:208} INFO - Processing /Users/ds2718/Documents/test_python_airflow/airflow/py_venv/lib/python3.12/site-packages/airflow/example_dags/example_bash_operator.py took 0.119 seconds
[2024-09-18T12:08:40.711+0100] {processor.py:186} INFO - Started process (PID=12630) to work on /Users/ds2718/Documents/test_python_airflow/airflow/py_venv/lib/python3.12/site-packages/airflow/example_dags/example_bash_operator.py
[2024-09-18T12:08:40.712+0100] {processor.py:914} INFO - Processing file /Users/ds2718/Documents/test_python_airflow/airflow/py_venv/lib/python3.12/site-packages/airflow/example_dags/example_bash_operator.py for tasks to queue
[2024-09-18T12:08:40.713+0100] {logging_mixin.py:190} INFO - [2024-09-18T12:08:40.713+0100] {dagbag.py:587} INFO - Filling up the DagBag from /Users/ds2718/Documents/test_python_airflow/airflow/py_venv/lib/python3.12/site-packages/airflow/example_dags/example_bash_operator.py
[2024-09-18T12:08:40.719+0100] {processor.py:925} INFO - DAG(s) 'example_bash_operator' retrieved from /Users/ds2718/Documents/test_python_airflow/airflow/py_venv/lib/python3.12/site-packages/airflow/example_dags/example_bash_operator.py
[2024-09-18T12:08:40.779+0100] {logging_mixin.py:190} INFO - [2024-09-18T12:08:40.778+0100] {dag.py:3229} INFO - Sync 1 DAGs
[2024-09-18T12:08:40.791+0100] {logging_mixin.py:190} INFO - [2024-09-18T12:08:40.791+0100] {dag.py:4156} INFO - Setting next_dagrun for example_bash_operator to 2024-09-17 00:00:00+00:00, run_after=2024-09-18 00:00:00+00:00
[2024-09-18T12:08:40.800+0100] {processor.py:208} INFO - Processing /Users/ds2718/Documents/test_python_airflow/airflow/py_venv/lib/python3.12/site-packages/airflow/example_dags/example_bash_operator.py took 0.092 seconds
[2024-09-18T12:09:14.869+0100] {processor.py:186} INFO - Started process (PID=12781) to work on /Users/ds2718/Documents/test_python_airflow/airflow/py_venv/lib/python3.12/site-packages/airflow/example_dags/example_bash_operator.py
[2024-09-18T12:09:14.870+0100] {processor.py:914} INFO - Processing file /Users/ds2718/Documents/test_python_airflow/airflow/py_venv/lib/python3.12/site-packages/airflow/example_dags/example_bash_operator.py for tasks to queue
[2024-09-18T12:09:14.870+0100] {logging_mixin.py:190} INFO - [2024-09-18T12:09:14.870+0100] {dagbag.py:587} INFO - Filling up the DagBag from /Users/ds2718/Documents/test_python_airflow/airflow/py_venv/lib/python3.12/site-packages/airflow/example_dags/example_bash_operator.py
[2024-09-18T12:09:14.876+0100] {processor.py:925} INFO - DAG(s) 'example_bash_operator' retrieved from /Users/ds2718/Documents/test_python_airflow/airflow/py_venv/lib/python3.12/site-packages/airflow/example_dags/example_bash_operator.py
[2024-09-18T12:09:14.919+0100] {logging_mixin.py:190} INFO - [2024-09-18T12:09:14.919+0100] {dag.py:3229} INFO - Sync 1 DAGs
[2024-09-18T12:09:14.941+0100] {logging_mixin.py:190} INFO - [2024-09-18T12:09:14.941+0100] {dag.py:4156} INFO - Setting next_dagrun for example_bash_operator to 2024-09-17 00:00:00+00:00, run_after=2024-09-18 00:00:00+00:00
[2024-09-18T12:09:14.951+0100] {processor.py:208} INFO - Processing /Users/ds2718/Documents/test_python_airflow/airflow/py_venv/lib/python3.12/site-packages/airflow/example_dags/example_bash_operator.py took 0.083 seconds
[2024-09-18T12:09:50.606+0100] {processor.py:186} INFO - Started process (PID=12993) to work on /Users/ds2718/Documents/test_python_airflow/airflow/py_venv/lib/python3.12/site-packages/airflow/example_dags/example_bash_operator.py
[2024-09-18T12:09:50.607+0100] {processor.py:914} INFO - Processing file /Users/ds2718/Documents/test_python_airflow/airflow/py_venv/lib/python3.12/site-packages/airflow/example_dags/example_bash_operator.py for tasks to queue
[2024-09-18T12:09:50.607+0100] {logging_mixin.py:190} INFO - [2024-09-18T12:09:50.607+0100] {dagbag.py:587} INFO - Filling up the DagBag from /Users/ds2718/Documents/test_python_airflow/airflow/py_venv/lib/python3.12/site-packages/airflow/example_dags/example_bash_operator.py
[2024-09-18T12:09:50.613+0100] {processor.py:925} INFO - DAG(s) 'example_bash_operator' retrieved from /Users/ds2718/Documents/test_python_airflow/airflow/py_venv/lib/python3.12/site-packages/airflow/example_dags/example_bash_operator.py
[2024-09-18T12:09:50.656+0100] {logging_mixin.py:190} INFO - [2024-09-18T12:09:50.656+0100] {dag.py:3229} INFO - Sync 1 DAGs
[2024-09-18T12:09:50.666+0100] {logging_mixin.py:190} INFO - [2024-09-18T12:09:50.666+0100] {dag.py:4156} INFO - Setting next_dagrun for example_bash_operator to 2024-09-17 00:00:00+00:00, run_after=2024-09-18 00:00:00+00:00
[2024-09-18T12:09:50.681+0100] {processor.py:208} INFO - Processing /Users/ds2718/Documents/test_python_airflow/airflow/py_venv/lib/python3.12/site-packages/airflow/example_dags/example_bash_operator.py took 0.080 seconds
[2024-09-18T12:10:22.780+0100] {processor.py:186} INFO - Started process (PID=13120) to work on /Users/ds2718/Documents/test_python_airflow/airflow/py_venv/lib/python3.12/site-packages/airflow/example_dags/example_bash_operator.py
[2024-09-18T12:10:22.781+0100] {processor.py:914} INFO - Processing file /Users/ds2718/Documents/test_python_airflow/airflow/py_venv/lib/python3.12/site-packages/airflow/example_dags/example_bash_operator.py for tasks to queue
[2024-09-18T12:10:22.781+0100] {logging_mixin.py:190} INFO - [2024-09-18T12:10:22.781+0100] {dagbag.py:587} INFO - Filling up the DagBag from /Users/ds2718/Documents/test_python_airflow/airflow/py_venv/lib/python3.12/site-packages/airflow/example_dags/example_bash_operator.py
[2024-09-18T12:10:22.788+0100] {processor.py:925} INFO - DAG(s) 'example_bash_operator' retrieved from /Users/ds2718/Documents/test_python_airflow/airflow/py_venv/lib/python3.12/site-packages/airflow/example_dags/example_bash_operator.py
[2024-09-18T12:10:22.859+0100] {logging_mixin.py:190} INFO - [2024-09-18T12:10:22.859+0100] {dag.py:3229} INFO - Sync 1 DAGs
[2024-09-18T12:10:22.871+0100] {logging_mixin.py:190} INFO - [2024-09-18T12:10:22.871+0100] {dag.py:4156} INFO - Setting next_dagrun for example_bash_operator to 2024-09-17 00:00:00+00:00, run_after=2024-09-18 00:00:00+00:00
[2024-09-18T12:10:22.886+0100] {processor.py:208} INFO - Processing /Users/ds2718/Documents/test_python_airflow/airflow/py_venv/lib/python3.12/site-packages/airflow/example_dags/example_bash_operator.py took 0.112 seconds
[2024-09-18T12:10:58.134+0100] {processor.py:186} INFO - Started process (PID=13297) to work on /Users/ds2718/Documents/test_python_airflow/airflow/py_venv/lib/python3.12/site-packages/airflow/example_dags/example_bash_operator.py
[2024-09-18T12:10:58.135+0100] {processor.py:914} INFO - Processing file /Users/ds2718/Documents/test_python_airflow/airflow/py_venv/lib/python3.12/site-packages/airflow/example_dags/example_bash_operator.py for tasks to queue
[2024-09-18T12:10:58.135+0100] {logging_mixin.py:190} INFO - [2024-09-18T12:10:58.135+0100] {dagbag.py:587} INFO - Filling up the DagBag from /Users/ds2718/Documents/test_python_airflow/airflow/py_venv/lib/python3.12/site-packages/airflow/example_dags/example_bash_operator.py
[2024-09-18T12:10:58.142+0100] {processor.py:925} INFO - DAG(s) 'example_bash_operator' retrieved from /Users/ds2718/Documents/test_python_airflow/airflow/py_venv/lib/python3.12/site-packages/airflow/example_dags/example_bash_operator.py
[2024-09-18T12:10:58.189+0100] {logging_mixin.py:190} INFO - [2024-09-18T12:10:58.189+0100] {dag.py:3229} INFO - Sync 1 DAGs
[2024-09-18T12:10:58.201+0100] {logging_mixin.py:190} INFO - [2024-09-18T12:10:58.201+0100] {dag.py:4156} INFO - Setting next_dagrun for example_bash_operator to 2024-09-17 00:00:00+00:00, run_after=2024-09-18 00:00:00+00:00
[2024-09-18T12:10:58.218+0100] {processor.py:208} INFO - Processing /Users/ds2718/Documents/test_python_airflow/airflow/py_venv/lib/python3.12/site-packages/airflow/example_dags/example_bash_operator.py took 0.090 seconds
[2024-09-18T12:11:36.147+0100] {processor.py:186} INFO - Started process (PID=13461) to work on /Users/ds2718/Documents/test_python_airflow/airflow/py_venv/lib/python3.12/site-packages/airflow/example_dags/example_bash_operator.py
[2024-09-18T12:11:36.164+0100] {processor.py:914} INFO - Processing file /Users/ds2718/Documents/test_python_airflow/airflow/py_venv/lib/python3.12/site-packages/airflow/example_dags/example_bash_operator.py for tasks to queue
[2024-09-18T12:11:36.165+0100] {logging_mixin.py:190} INFO - [2024-09-18T12:11:36.165+0100] {dagbag.py:587} INFO - Filling up the DagBag from /Users/ds2718/Documents/test_python_airflow/airflow/py_venv/lib/python3.12/site-packages/airflow/example_dags/example_bash_operator.py
[2024-09-18T12:11:36.171+0100] {processor.py:925} INFO - DAG(s) 'example_bash_operator' retrieved from /Users/ds2718/Documents/test_python_airflow/airflow/py_venv/lib/python3.12/site-packages/airflow/example_dags/example_bash_operator.py
[2024-09-18T12:11:36.215+0100] {logging_mixin.py:190} INFO - [2024-09-18T12:11:36.214+0100] {dag.py:3229} INFO - Sync 1 DAGs
[2024-09-18T12:11:36.224+0100] {logging_mixin.py:190} INFO - [2024-09-18T12:11:36.224+0100] {dag.py:4156} INFO - Setting next_dagrun for example_bash_operator to 2024-09-17 00:00:00+00:00, run_after=2024-09-18 00:00:00+00:00
[2024-09-18T12:11:36.251+0100] {processor.py:208} INFO - Processing /Users/ds2718/Documents/test_python_airflow/airflow/py_venv/lib/python3.12/site-packages/airflow/example_dags/example_bash_operator.py took 0.105 seconds
[2024-09-18T12:12:11.067+0100] {processor.py:186} INFO - Started process (PID=13625) to work on /Users/ds2718/Documents/test_python_airflow/airflow/py_venv/lib/python3.12/site-packages/airflow/example_dags/example_bash_operator.py
[2024-09-18T12:12:11.067+0100] {processor.py:914} INFO - Processing file /Users/ds2718/Documents/test_python_airflow/airflow/py_venv/lib/python3.12/site-packages/airflow/example_dags/example_bash_operator.py for tasks to queue
[2024-09-18T12:12:11.068+0100] {logging_mixin.py:190} INFO - [2024-09-18T12:12:11.068+0100] {dagbag.py:587} INFO - Filling up the DagBag from /Users/ds2718/Documents/test_python_airflow/airflow/py_venv/lib/python3.12/site-packages/airflow/example_dags/example_bash_operator.py
[2024-09-18T12:12:11.075+0100] {processor.py:925} INFO - DAG(s) 'example_bash_operator' retrieved from /Users/ds2718/Documents/test_python_airflow/airflow/py_venv/lib/python3.12/site-packages/airflow/example_dags/example_bash_operator.py
[2024-09-18T12:12:11.123+0100] {logging_mixin.py:190} INFO - [2024-09-18T12:12:11.123+0100] {dag.py:3229} INFO - Sync 1 DAGs
[2024-09-18T12:12:11.136+0100] {logging_mixin.py:190} INFO - [2024-09-18T12:12:11.136+0100] {dag.py:4156} INFO - Setting next_dagrun for example_bash_operator to 2024-09-17 00:00:00+00:00, run_after=2024-09-18 00:00:00+00:00
[2024-09-18T12:12:11.149+0100] {processor.py:208} INFO - Processing /Users/ds2718/Documents/test_python_airflow/airflow/py_venv/lib/python3.12/site-packages/airflow/example_dags/example_bash_operator.py took 0.094 seconds
[2024-09-18T12:12:44.472+0100] {processor.py:186} INFO - Started process (PID=13764) to work on /Users/ds2718/Documents/test_python_airflow/airflow/py_venv/lib/python3.12/site-packages/airflow/example_dags/example_bash_operator.py
[2024-09-18T12:12:44.473+0100] {processor.py:914} INFO - Processing file /Users/ds2718/Documents/test_python_airflow/airflow/py_venv/lib/python3.12/site-packages/airflow/example_dags/example_bash_operator.py for tasks to queue
[2024-09-18T12:12:44.473+0100] {logging_mixin.py:190} INFO - [2024-09-18T12:12:44.473+0100] {dagbag.py:587} INFO - Filling up the DagBag from /Users/ds2718/Documents/test_python_airflow/airflow/py_venv/lib/python3.12/site-packages/airflow/example_dags/example_bash_operator.py
[2024-09-18T12:12:44.481+0100] {processor.py:925} INFO - DAG(s) 'example_bash_operator' retrieved from /Users/ds2718/Documents/test_python_airflow/airflow/py_venv/lib/python3.12/site-packages/airflow/example_dags/example_bash_operator.py
[2024-09-18T12:12:44.543+0100] {logging_mixin.py:190} INFO - [2024-09-18T12:12:44.543+0100] {dag.py:3229} INFO - Sync 1 DAGs
[2024-09-18T12:12:44.554+0100] {logging_mixin.py:190} INFO - [2024-09-18T12:12:44.554+0100] {dag.py:4156} INFO - Setting next_dagrun for example_bash_operator to 2024-09-17 00:00:00+00:00, run_after=2024-09-18 00:00:00+00:00
[2024-09-18T12:12:44.568+0100] {processor.py:208} INFO - Processing /Users/ds2718/Documents/test_python_airflow/airflow/py_venv/lib/python3.12/site-packages/airflow/example_dags/example_bash_operator.py took 0.105 seconds
[2024-09-18T12:13:23.025+0100] {processor.py:186} INFO - Started process (PID=13981) to work on /Users/ds2718/Documents/test_python_airflow/airflow/py_venv/lib/python3.12/site-packages/airflow/example_dags/example_bash_operator.py
[2024-09-18T12:13:23.026+0100] {processor.py:914} INFO - Processing file /Users/ds2718/Documents/test_python_airflow/airflow/py_venv/lib/python3.12/site-packages/airflow/example_dags/example_bash_operator.py for tasks to queue
[2024-09-18T12:13:23.026+0100] {logging_mixin.py:190} INFO - [2024-09-18T12:13:23.026+0100] {dagbag.py:587} INFO - Filling up the DagBag from /Users/ds2718/Documents/test_python_airflow/airflow/py_venv/lib/python3.12/site-packages/airflow/example_dags/example_bash_operator.py
[2024-09-18T12:13:23.031+0100] {processor.py:925} INFO - DAG(s) 'example_bash_operator' retrieved from /Users/ds2718/Documents/test_python_airflow/airflow/py_venv/lib/python3.12/site-packages/airflow/example_dags/example_bash_operator.py
[2024-09-18T12:13:23.075+0100] {logging_mixin.py:190} INFO - [2024-09-18T12:13:23.075+0100] {dag.py:3229} INFO - Sync 1 DAGs
[2024-09-18T12:13:23.087+0100] {logging_mixin.py:190} INFO - [2024-09-18T12:13:23.087+0100] {dag.py:4156} INFO - Setting next_dagrun for example_bash_operator to 2024-09-17 00:00:00+00:00, run_after=2024-09-18 00:00:00+00:00
[2024-09-18T12:13:23.097+0100] {processor.py:208} INFO - Processing /Users/ds2718/Documents/test_python_airflow/airflow/py_venv/lib/python3.12/site-packages/airflow/example_dags/example_bash_operator.py took 0.074 seconds
[2024-09-18T12:14:01.395+0100] {processor.py:186} INFO - Started process (PID=14177) to work on /Users/ds2718/Documents/test_python_airflow/airflow/py_venv/lib/python3.12/site-packages/airflow/example_dags/example_bash_operator.py
[2024-09-18T12:14:01.396+0100] {processor.py:914} INFO - Processing file /Users/ds2718/Documents/test_python_airflow/airflow/py_venv/lib/python3.12/site-packages/airflow/example_dags/example_bash_operator.py for tasks to queue
[2024-09-18T12:14:01.396+0100] {logging_mixin.py:190} INFO - [2024-09-18T12:14:01.396+0100] {dagbag.py:587} INFO - Filling up the DagBag from /Users/ds2718/Documents/test_python_airflow/airflow/py_venv/lib/python3.12/site-packages/airflow/example_dags/example_bash_operator.py
[2024-09-18T12:14:01.403+0100] {processor.py:925} INFO - DAG(s) 'example_bash_operator' retrieved from /Users/ds2718/Documents/test_python_airflow/airflow/py_venv/lib/python3.12/site-packages/airflow/example_dags/example_bash_operator.py
[2024-09-18T12:14:01.458+0100] {logging_mixin.py:190} INFO - [2024-09-18T12:14:01.457+0100] {dag.py:3229} INFO - Sync 1 DAGs
[2024-09-18T12:14:01.468+0100] {logging_mixin.py:190} INFO - [2024-09-18T12:14:01.468+0100] {dag.py:4156} INFO - Setting next_dagrun for example_bash_operator to 2024-09-17 00:00:00+00:00, run_after=2024-09-18 00:00:00+00:00
[2024-09-18T12:14:01.482+0100] {processor.py:208} INFO - Processing /Users/ds2718/Documents/test_python_airflow/airflow/py_venv/lib/python3.12/site-packages/airflow/example_dags/example_bash_operator.py took 0.092 seconds
