[2024-09-18T11:54:07.722+0100] {processor.py:186} INFO - Started process (PID=9460) to work on /Users/ds2718/Documents/test_python_airflow/airflow/py_venv/lib/python3.12/site-packages/airflow/example_dags/example_short_circuit_decorator.py
[2024-09-18T11:54:07.723+0100] {processor.py:914} INFO - Processing file /Users/ds2718/Documents/test_python_airflow/airflow/py_venv/lib/python3.12/site-packages/airflow/example_dags/example_short_circuit_decorator.py for tasks to queue
[2024-09-18T11:54:07.723+0100] {logging_mixin.py:190} INFO - [2024-09-18T11:54:07.723+0100] {dagbag.py:587} INFO - Filling up the DagBag from /Users/ds2718/Documents/test_python_airflow/airflow/py_venv/lib/python3.12/site-packages/airflow/example_dags/example_short_circuit_decorator.py
[2024-09-18T11:54:07.740+0100] {processor.py:925} INFO - DAG(s) 'example_short_circuit_decorator' retrieved from /Users/ds2718/Documents/test_python_airflow/airflow/py_venv/lib/python3.12/site-packages/airflow/example_dags/example_short_circuit_decorator.py
[2024-09-18T11:54:07.858+0100] {logging_mixin.py:190} INFO - [2024-09-18T11:54:07.857+0100] {override.py:1900} INFO - Created Permission View: can edit on DAG:example_short_circuit_decorator
[2024-09-18T11:54:07.862+0100] {logging_mixin.py:190} INFO - [2024-09-18T11:54:07.862+0100] {override.py:1900} INFO - Created Permission View: can read on DAG:example_short_circuit_decorator
[2024-09-18T11:54:07.864+0100] {logging_mixin.py:190} INFO - [2024-09-18T11:54:07.864+0100] {override.py:1900} INFO - Created Permission View: can delete on DAG:example_short_circuit_decorator
[2024-09-18T11:54:07.866+0100] {logging_mixin.py:190} INFO - [2024-09-18T11:54:07.866+0100] {override.py:1900} INFO - Created Permission View: menu access on DAG Run:example_short_circuit_decorator
[2024-09-18T11:54:07.867+0100] {logging_mixin.py:190} INFO - [2024-09-18T11:54:07.867+0100] {override.py:1900} INFO - Created Permission View: can create on DAG Run:example_short_circuit_decorator
[2024-09-18T11:54:07.869+0100] {logging_mixin.py:190} INFO - [2024-09-18T11:54:07.869+0100] {override.py:1900} INFO - Created Permission View: can read on DAG Run:example_short_circuit_decorator
[2024-09-18T11:54:07.870+0100] {logging_mixin.py:190} INFO - [2024-09-18T11:54:07.870+0100] {override.py:1900} INFO - Created Permission View: can delete on DAG Run:example_short_circuit_decorator
[2024-09-18T11:54:07.870+0100] {logging_mixin.py:190} INFO - [2024-09-18T11:54:07.870+0100] {dag.py:3229} INFO - Sync 1 DAGs
[2024-09-18T11:54:07.890+0100] {logging_mixin.py:190} INFO - [2024-09-18T11:54:07.890+0100] {dag.py:3252} INFO - Creating ORM DAG for example_short_circuit_decorator
[2024-09-18T11:54:07.890+0100] {logging_mixin.py:190} INFO - [2024-09-18T11:54:07.890+0100] {dag.py:4156} INFO - Setting next_dagrun for example_short_circuit_decorator to None, run_after=None
[2024-09-18T11:54:07.896+0100] {processor.py:208} INFO - Processing /Users/ds2718/Documents/test_python_airflow/airflow/py_venv/lib/python3.12/site-packages/airflow/example_dags/example_short_circuit_decorator.py took 0.178 seconds
[2024-09-18T11:54:42.485+0100] {processor.py:186} INFO - Started process (PID=9656) to work on /Users/ds2718/Documents/test_python_airflow/airflow/py_venv/lib/python3.12/site-packages/airflow/example_dags/example_short_circuit_decorator.py
[2024-09-18T11:54:42.487+0100] {processor.py:914} INFO - Processing file /Users/ds2718/Documents/test_python_airflow/airflow/py_venv/lib/python3.12/site-packages/airflow/example_dags/example_short_circuit_decorator.py for tasks to queue
[2024-09-18T11:54:42.487+0100] {logging_mixin.py:190} INFO - [2024-09-18T11:54:42.487+0100] {dagbag.py:587} INFO - Filling up the DagBag from /Users/ds2718/Documents/test_python_airflow/airflow/py_venv/lib/python3.12/site-packages/airflow/example_dags/example_short_circuit_decorator.py
[2024-09-18T11:54:42.509+0100] {processor.py:925} INFO - DAG(s) 'example_short_circuit_decorator' retrieved from /Users/ds2718/Documents/test_python_airflow/airflow/py_venv/lib/python3.12/site-packages/airflow/example_dags/example_short_circuit_decorator.py
[2024-09-18T11:54:42.566+0100] {logging_mixin.py:190} INFO - [2024-09-18T11:54:42.565+0100] {dag.py:3229} INFO - Sync 1 DAGs
[2024-09-18T11:54:42.572+0100] {logging_mixin.py:190} INFO - [2024-09-18T11:54:42.572+0100] {dag.py:4156} INFO - Setting next_dagrun for example_short_circuit_decorator to None, run_after=None
[2024-09-18T11:54:42.615+0100] {processor.py:208} INFO - Processing /Users/ds2718/Documents/test_python_airflow/airflow/py_venv/lib/python3.12/site-packages/airflow/example_dags/example_short_circuit_decorator.py took 0.132 seconds
[2024-09-18T11:55:17.984+0100] {processor.py:186} INFO - Started process (PID=9833) to work on /Users/ds2718/Documents/test_python_airflow/airflow/py_venv/lib/python3.12/site-packages/airflow/example_dags/example_short_circuit_decorator.py
[2024-09-18T11:55:17.985+0100] {processor.py:914} INFO - Processing file /Users/ds2718/Documents/test_python_airflow/airflow/py_venv/lib/python3.12/site-packages/airflow/example_dags/example_short_circuit_decorator.py for tasks to queue
[2024-09-18T11:55:17.986+0100] {logging_mixin.py:190} INFO - [2024-09-18T11:55:17.985+0100] {dagbag.py:587} INFO - Filling up the DagBag from /Users/ds2718/Documents/test_python_airflow/airflow/py_venv/lib/python3.12/site-packages/airflow/example_dags/example_short_circuit_decorator.py
[2024-09-18T11:55:18.019+0100] {processor.py:925} INFO - DAG(s) 'example_short_circuit_decorator' retrieved from /Users/ds2718/Documents/test_python_airflow/airflow/py_venv/lib/python3.12/site-packages/airflow/example_dags/example_short_circuit_decorator.py
[2024-09-18T11:55:18.064+0100] {logging_mixin.py:190} INFO - [2024-09-18T11:55:18.064+0100] {dag.py:3229} INFO - Sync 1 DAGs
[2024-09-18T11:55:18.073+0100] {logging_mixin.py:190} INFO - [2024-09-18T11:55:18.073+0100] {dag.py:4156} INFO - Setting next_dagrun for example_short_circuit_decorator to None, run_after=None
[2024-09-18T11:55:18.126+0100] {processor.py:208} INFO - Processing /Users/ds2718/Documents/test_python_airflow/airflow/py_venv/lib/python3.12/site-packages/airflow/example_dags/example_short_circuit_decorator.py took 0.149 seconds
[2024-09-18T11:55:49.547+0100] {processor.py:186} INFO - Started process (PID=10022) to work on /Users/ds2718/Documents/test_python_airflow/airflow/py_venv/lib/python3.12/site-packages/airflow/example_dags/example_short_circuit_decorator.py
[2024-09-18T11:55:49.548+0100] {processor.py:914} INFO - Processing file /Users/ds2718/Documents/test_python_airflow/airflow/py_venv/lib/python3.12/site-packages/airflow/example_dags/example_short_circuit_decorator.py for tasks to queue
[2024-09-18T11:55:49.549+0100] {logging_mixin.py:190} INFO - [2024-09-18T11:55:49.548+0100] {dagbag.py:587} INFO - Filling up the DagBag from /Users/ds2718/Documents/test_python_airflow/airflow/py_venv/lib/python3.12/site-packages/airflow/example_dags/example_short_circuit_decorator.py
[2024-09-18T11:55:49.573+0100] {processor.py:925} INFO - DAG(s) 'example_short_circuit_decorator' retrieved from /Users/ds2718/Documents/test_python_airflow/airflow/py_venv/lib/python3.12/site-packages/airflow/example_dags/example_short_circuit_decorator.py
[2024-09-18T11:55:49.638+0100] {logging_mixin.py:190} INFO - [2024-09-18T11:55:49.638+0100] {dag.py:3229} INFO - Sync 1 DAGs
[2024-09-18T11:55:49.645+0100] {logging_mixin.py:190} INFO - [2024-09-18T11:55:49.645+0100] {dag.py:4156} INFO - Setting next_dagrun for example_short_circuit_decorator to None, run_after=None
[2024-09-18T11:55:49.682+0100] {processor.py:208} INFO - Processing /Users/ds2718/Documents/test_python_airflow/airflow/py_venv/lib/python3.12/site-packages/airflow/example_dags/example_short_circuit_decorator.py took 0.141 seconds
[2024-09-18T11:56:23.833+0100] {processor.py:186} INFO - Started process (PID=10154) to work on /Users/ds2718/Documents/test_python_airflow/airflow/py_venv/lib/python3.12/site-packages/airflow/example_dags/example_short_circuit_decorator.py
[2024-09-18T11:56:23.836+0100] {processor.py:914} INFO - Processing file /Users/ds2718/Documents/test_python_airflow/airflow/py_venv/lib/python3.12/site-packages/airflow/example_dags/example_short_circuit_decorator.py for tasks to queue
[2024-09-18T11:56:23.836+0100] {logging_mixin.py:190} INFO - [2024-09-18T11:56:23.836+0100] {dagbag.py:587} INFO - Filling up the DagBag from /Users/ds2718/Documents/test_python_airflow/airflow/py_venv/lib/python3.12/site-packages/airflow/example_dags/example_short_circuit_decorator.py
[2024-09-18T11:56:23.855+0100] {processor.py:925} INFO - DAG(s) 'example_short_circuit_decorator' retrieved from /Users/ds2718/Documents/test_python_airflow/airflow/py_venv/lib/python3.12/site-packages/airflow/example_dags/example_short_circuit_decorator.py
[2024-09-18T11:56:23.896+0100] {logging_mixin.py:190} INFO - [2024-09-18T11:56:23.896+0100] {dag.py:3229} INFO - Sync 1 DAGs
[2024-09-18T11:56:23.905+0100] {logging_mixin.py:190} INFO - [2024-09-18T11:56:23.905+0100] {dag.py:4156} INFO - Setting next_dagrun for example_short_circuit_decorator to None, run_after=None
[2024-09-18T11:56:23.942+0100] {processor.py:208} INFO - Processing /Users/ds2718/Documents/test_python_airflow/airflow/py_venv/lib/python3.12/site-packages/airflow/example_dags/example_short_circuit_decorator.py took 0.115 seconds
[2024-09-18T11:56:55.973+0100] {processor.py:186} INFO - Started process (PID=10327) to work on /Users/ds2718/Documents/test_python_airflow/airflow/py_venv/lib/python3.12/site-packages/airflow/example_dags/example_short_circuit_decorator.py
[2024-09-18T11:56:55.974+0100] {processor.py:914} INFO - Processing file /Users/ds2718/Documents/test_python_airflow/airflow/py_venv/lib/python3.12/site-packages/airflow/example_dags/example_short_circuit_decorator.py for tasks to queue
[2024-09-18T11:56:55.974+0100] {logging_mixin.py:190} INFO - [2024-09-18T11:56:55.974+0100] {dagbag.py:587} INFO - Filling up the DagBag from /Users/ds2718/Documents/test_python_airflow/airflow/py_venv/lib/python3.12/site-packages/airflow/example_dags/example_short_circuit_decorator.py
[2024-09-18T11:56:55.989+0100] {processor.py:925} INFO - DAG(s) 'example_short_circuit_decorator' retrieved from /Users/ds2718/Documents/test_python_airflow/airflow/py_venv/lib/python3.12/site-packages/airflow/example_dags/example_short_circuit_decorator.py
[2024-09-18T11:56:56.029+0100] {logging_mixin.py:190} INFO - [2024-09-18T11:56:56.029+0100] {dag.py:3229} INFO - Sync 1 DAGs
[2024-09-18T11:56:56.037+0100] {logging_mixin.py:190} INFO - [2024-09-18T11:56:56.037+0100] {dag.py:4156} INFO - Setting next_dagrun for example_short_circuit_decorator to None, run_after=None
[2024-09-18T11:56:56.071+0100] {processor.py:208} INFO - Processing /Users/ds2718/Documents/test_python_airflow/airflow/py_venv/lib/python3.12/site-packages/airflow/example_dags/example_short_circuit_decorator.py took 0.100 seconds
[2024-09-18T11:57:28.992+0100] {processor.py:186} INFO - Started process (PID=10485) to work on /Users/ds2718/Documents/test_python_airflow/airflow/py_venv/lib/python3.12/site-packages/airflow/example_dags/example_short_circuit_decorator.py
[2024-09-18T11:57:28.993+0100] {processor.py:914} INFO - Processing file /Users/ds2718/Documents/test_python_airflow/airflow/py_venv/lib/python3.12/site-packages/airflow/example_dags/example_short_circuit_decorator.py for tasks to queue
[2024-09-18T11:57:28.993+0100] {logging_mixin.py:190} INFO - [2024-09-18T11:57:28.993+0100] {dagbag.py:587} INFO - Filling up the DagBag from /Users/ds2718/Documents/test_python_airflow/airflow/py_venv/lib/python3.12/site-packages/airflow/example_dags/example_short_circuit_decorator.py
[2024-09-18T11:57:29.010+0100] {processor.py:925} INFO - DAG(s) 'example_short_circuit_decorator' retrieved from /Users/ds2718/Documents/test_python_airflow/airflow/py_venv/lib/python3.12/site-packages/airflow/example_dags/example_short_circuit_decorator.py
[2024-09-18T11:57:29.050+0100] {logging_mixin.py:190} INFO - [2024-09-18T11:57:29.050+0100] {dag.py:3229} INFO - Sync 1 DAGs
[2024-09-18T11:57:29.056+0100] {logging_mixin.py:190} INFO - [2024-09-18T11:57:29.056+0100] {dag.py:4156} INFO - Setting next_dagrun for example_short_circuit_decorator to None, run_after=None
[2024-09-18T11:57:29.087+0100] {processor.py:208} INFO - Processing /Users/ds2718/Documents/test_python_airflow/airflow/py_venv/lib/python3.12/site-packages/airflow/example_dags/example_short_circuit_decorator.py took 0.100 seconds
[2024-09-18T11:58:02.972+0100] {processor.py:186} INFO - Started process (PID=10684) to work on /Users/ds2718/Documents/test_python_airflow/airflow/py_venv/lib/python3.12/site-packages/airflow/example_dags/example_short_circuit_decorator.py
[2024-09-18T11:58:02.973+0100] {processor.py:914} INFO - Processing file /Users/ds2718/Documents/test_python_airflow/airflow/py_venv/lib/python3.12/site-packages/airflow/example_dags/example_short_circuit_decorator.py for tasks to queue
[2024-09-18T11:58:02.973+0100] {logging_mixin.py:190} INFO - [2024-09-18T11:58:02.973+0100] {dagbag.py:587} INFO - Filling up the DagBag from /Users/ds2718/Documents/test_python_airflow/airflow/py_venv/lib/python3.12/site-packages/airflow/example_dags/example_short_circuit_decorator.py
[2024-09-18T11:58:02.991+0100] {processor.py:925} INFO - DAG(s) 'example_short_circuit_decorator' retrieved from /Users/ds2718/Documents/test_python_airflow/airflow/py_venv/lib/python3.12/site-packages/airflow/example_dags/example_short_circuit_decorator.py
[2024-09-18T11:58:03.031+0100] {logging_mixin.py:190} INFO - [2024-09-18T11:58:03.031+0100] {dag.py:3229} INFO - Sync 1 DAGs
[2024-09-18T11:58:03.038+0100] {logging_mixin.py:190} INFO - [2024-09-18T11:58:03.038+0100] {dag.py:4156} INFO - Setting next_dagrun for example_short_circuit_decorator to None, run_after=None
[2024-09-18T11:58:03.078+0100] {processor.py:208} INFO - Processing /Users/ds2718/Documents/test_python_airflow/airflow/py_venv/lib/python3.12/site-packages/airflow/example_dags/example_short_circuit_decorator.py took 0.114 seconds
[2024-09-18T11:58:38.105+0100] {processor.py:186} INFO - Started process (PID=10869) to work on /Users/ds2718/Documents/test_python_airflow/airflow/py_venv/lib/python3.12/site-packages/airflow/example_dags/example_short_circuit_decorator.py
[2024-09-18T11:58:38.106+0100] {processor.py:914} INFO - Processing file /Users/ds2718/Documents/test_python_airflow/airflow/py_venv/lib/python3.12/site-packages/airflow/example_dags/example_short_circuit_decorator.py for tasks to queue
[2024-09-18T11:58:38.106+0100] {logging_mixin.py:190} INFO - [2024-09-18T11:58:38.106+0100] {dagbag.py:587} INFO - Filling up the DagBag from /Users/ds2718/Documents/test_python_airflow/airflow/py_venv/lib/python3.12/site-packages/airflow/example_dags/example_short_circuit_decorator.py
[2024-09-18T11:58:38.128+0100] {processor.py:925} INFO - DAG(s) 'example_short_circuit_decorator' retrieved from /Users/ds2718/Documents/test_python_airflow/airflow/py_venv/lib/python3.12/site-packages/airflow/example_dags/example_short_circuit_decorator.py
[2024-09-18T11:58:38.185+0100] {logging_mixin.py:190} INFO - [2024-09-18T11:58:38.185+0100] {dag.py:3229} INFO - Sync 1 DAGs
[2024-09-18T11:58:38.193+0100] {logging_mixin.py:190} INFO - [2024-09-18T11:58:38.193+0100] {dag.py:4156} INFO - Setting next_dagrun for example_short_circuit_decorator to None, run_after=None
[2024-09-18T11:58:38.241+0100] {processor.py:208} INFO - Processing /Users/ds2718/Documents/test_python_airflow/airflow/py_venv/lib/python3.12/site-packages/airflow/example_dags/example_short_circuit_decorator.py took 0.143 seconds
[2024-09-18T11:59:13.188+0100] {processor.py:186} INFO - Started process (PID=11067) to work on /Users/ds2718/Documents/test_python_airflow/airflow/py_venv/lib/python3.12/site-packages/airflow/example_dags/example_short_circuit_decorator.py
[2024-09-18T11:59:13.190+0100] {processor.py:914} INFO - Processing file /Users/ds2718/Documents/test_python_airflow/airflow/py_venv/lib/python3.12/site-packages/airflow/example_dags/example_short_circuit_decorator.py for tasks to queue
[2024-09-18T11:59:13.190+0100] {logging_mixin.py:190} INFO - [2024-09-18T11:59:13.190+0100] {dagbag.py:587} INFO - Filling up the DagBag from /Users/ds2718/Documents/test_python_airflow/airflow/py_venv/lib/python3.12/site-packages/airflow/example_dags/example_short_circuit_decorator.py
[2024-09-18T11:59:13.211+0100] {processor.py:925} INFO - DAG(s) 'example_short_circuit_decorator' retrieved from /Users/ds2718/Documents/test_python_airflow/airflow/py_venv/lib/python3.12/site-packages/airflow/example_dags/example_short_circuit_decorator.py
[2024-09-18T11:59:13.287+0100] {logging_mixin.py:190} INFO - [2024-09-18T11:59:13.287+0100] {dag.py:3229} INFO - Sync 1 DAGs
[2024-09-18T11:59:13.293+0100] {logging_mixin.py:190} INFO - [2024-09-18T11:59:13.293+0100] {dag.py:4156} INFO - Setting next_dagrun for example_short_circuit_decorator to None, run_after=None
[2024-09-18T11:59:13.344+0100] {processor.py:208} INFO - Processing /Users/ds2718/Documents/test_python_airflow/airflow/py_venv/lib/python3.12/site-packages/airflow/example_dags/example_short_circuit_decorator.py took 0.158 seconds
[2024-09-18T11:59:46.883+0100] {processor.py:186} INFO - Started process (PID=11240) to work on /Users/ds2718/Documents/test_python_airflow/airflow/py_venv/lib/python3.12/site-packages/airflow/example_dags/example_short_circuit_decorator.py
[2024-09-18T11:59:46.884+0100] {processor.py:914} INFO - Processing file /Users/ds2718/Documents/test_python_airflow/airflow/py_venv/lib/python3.12/site-packages/airflow/example_dags/example_short_circuit_decorator.py for tasks to queue
[2024-09-18T11:59:46.884+0100] {logging_mixin.py:190} INFO - [2024-09-18T11:59:46.884+0100] {dagbag.py:587} INFO - Filling up the DagBag from /Users/ds2718/Documents/test_python_airflow/airflow/py_venv/lib/python3.12/site-packages/airflow/example_dags/example_short_circuit_decorator.py
[2024-09-18T11:59:46.900+0100] {processor.py:925} INFO - DAG(s) 'example_short_circuit_decorator' retrieved from /Users/ds2718/Documents/test_python_airflow/airflow/py_venv/lib/python3.12/site-packages/airflow/example_dags/example_short_circuit_decorator.py
[2024-09-18T11:59:46.945+0100] {logging_mixin.py:190} INFO - [2024-09-18T11:59:46.945+0100] {dag.py:3229} INFO - Sync 1 DAGs
[2024-09-18T11:59:46.951+0100] {logging_mixin.py:190} INFO - [2024-09-18T11:59:46.951+0100] {dag.py:4156} INFO - Setting next_dagrun for example_short_circuit_decorator to None, run_after=None
[2024-09-18T11:59:46.988+0100] {processor.py:208} INFO - Processing /Users/ds2718/Documents/test_python_airflow/airflow/py_venv/lib/python3.12/site-packages/airflow/example_dags/example_short_circuit_decorator.py took 0.107 seconds
[2024-09-18T12:00:20.226+0100] {processor.py:186} INFO - Started process (PID=11451) to work on /Users/ds2718/Documents/test_python_airflow/airflow/py_venv/lib/python3.12/site-packages/airflow/example_dags/example_short_circuit_decorator.py
[2024-09-18T12:00:20.227+0100] {processor.py:914} INFO - Processing file /Users/ds2718/Documents/test_python_airflow/airflow/py_venv/lib/python3.12/site-packages/airflow/example_dags/example_short_circuit_decorator.py for tasks to queue
[2024-09-18T12:00:20.227+0100] {logging_mixin.py:190} INFO - [2024-09-18T12:00:20.227+0100] {dagbag.py:587} INFO - Filling up the DagBag from /Users/ds2718/Documents/test_python_airflow/airflow/py_venv/lib/python3.12/site-packages/airflow/example_dags/example_short_circuit_decorator.py
[2024-09-18T12:00:20.250+0100] {processor.py:925} INFO - DAG(s) 'example_short_circuit_decorator' retrieved from /Users/ds2718/Documents/test_python_airflow/airflow/py_venv/lib/python3.12/site-packages/airflow/example_dags/example_short_circuit_decorator.py
[2024-09-18T12:00:20.295+0100] {logging_mixin.py:190} INFO - [2024-09-18T12:00:20.295+0100] {dag.py:3229} INFO - Sync 1 DAGs
[2024-09-18T12:00:20.304+0100] {logging_mixin.py:190} INFO - [2024-09-18T12:00:20.304+0100] {dag.py:4156} INFO - Setting next_dagrun for example_short_circuit_decorator to None, run_after=None
[2024-09-18T12:00:20.354+0100] {processor.py:208} INFO - Processing /Users/ds2718/Documents/test_python_airflow/airflow/py_venv/lib/python3.12/site-packages/airflow/example_dags/example_short_circuit_decorator.py took 0.130 seconds
[2024-09-18T12:00:53.498+0100] {processor.py:186} INFO - Started process (PID=11627) to work on /Users/ds2718/Documents/test_python_airflow/airflow/py_venv/lib/python3.12/site-packages/airflow/example_dags/example_short_circuit_decorator.py
[2024-09-18T12:00:53.499+0100] {processor.py:914} INFO - Processing file /Users/ds2718/Documents/test_python_airflow/airflow/py_venv/lib/python3.12/site-packages/airflow/example_dags/example_short_circuit_decorator.py for tasks to queue
[2024-09-18T12:00:53.499+0100] {logging_mixin.py:190} INFO - [2024-09-18T12:00:53.499+0100] {dagbag.py:587} INFO - Filling up the DagBag from /Users/ds2718/Documents/test_python_airflow/airflow/py_venv/lib/python3.12/site-packages/airflow/example_dags/example_short_circuit_decorator.py
[2024-09-18T12:00:53.523+0100] {processor.py:925} INFO - DAG(s) 'example_short_circuit_decorator' retrieved from /Users/ds2718/Documents/test_python_airflow/airflow/py_venv/lib/python3.12/site-packages/airflow/example_dags/example_short_circuit_decorator.py
[2024-09-18T12:00:53.563+0100] {logging_mixin.py:190} INFO - [2024-09-18T12:00:53.563+0100] {dag.py:3229} INFO - Sync 1 DAGs
[2024-09-18T12:00:53.570+0100] {logging_mixin.py:190} INFO - [2024-09-18T12:00:53.570+0100] {dag.py:4156} INFO - Setting next_dagrun for example_short_circuit_decorator to None, run_after=None
[2024-09-18T12:00:53.606+0100] {processor.py:208} INFO - Processing /Users/ds2718/Documents/test_python_airflow/airflow/py_venv/lib/python3.12/site-packages/airflow/example_dags/example_short_circuit_decorator.py took 0.113 seconds
[2024-09-18T12:06:07.810+0100] {processor.py:186} INFO - Started process (PID=11866) to work on /Users/ds2718/Documents/test_python_airflow/airflow/py_venv/lib/python3.12/site-packages/airflow/example_dags/example_short_circuit_decorator.py
[2024-09-18T12:06:07.811+0100] {processor.py:914} INFO - Processing file /Users/ds2718/Documents/test_python_airflow/airflow/py_venv/lib/python3.12/site-packages/airflow/example_dags/example_short_circuit_decorator.py for tasks to queue
[2024-09-18T12:06:07.811+0100] {logging_mixin.py:190} INFO - [2024-09-18T12:06:07.811+0100] {dagbag.py:587} INFO - Filling up the DagBag from /Users/ds2718/Documents/test_python_airflow/airflow/py_venv/lib/python3.12/site-packages/airflow/example_dags/example_short_circuit_decorator.py
[2024-09-18T12:06:07.838+0100] {processor.py:925} INFO - DAG(s) 'example_short_circuit_decorator' retrieved from /Users/ds2718/Documents/test_python_airflow/airflow/py_venv/lib/python3.12/site-packages/airflow/example_dags/example_short_circuit_decorator.py
[2024-09-18T12:06:07.936+0100] {logging_mixin.py:190} INFO - [2024-09-18T12:06:07.936+0100] {dag.py:3229} INFO - Sync 1 DAGs
[2024-09-18T12:06:07.942+0100] {logging_mixin.py:190} INFO - [2024-09-18T12:06:07.942+0100] {dag.py:4156} INFO - Setting next_dagrun for example_short_circuit_decorator to None, run_after=None
[2024-09-18T12:06:07.996+0100] {processor.py:208} INFO - Processing /Users/ds2718/Documents/test_python_airflow/airflow/py_venv/lib/python3.12/site-packages/airflow/example_dags/example_short_circuit_decorator.py took 0.196 seconds
[2024-09-18T12:06:41.966+0100] {processor.py:186} INFO - Started process (PID=12065) to work on /Users/ds2718/Documents/test_python_airflow/airflow/py_venv/lib/python3.12/site-packages/airflow/example_dags/example_short_circuit_decorator.py
[2024-09-18T12:06:41.967+0100] {processor.py:914} INFO - Processing file /Users/ds2718/Documents/test_python_airflow/airflow/py_venv/lib/python3.12/site-packages/airflow/example_dags/example_short_circuit_decorator.py for tasks to queue
[2024-09-18T12:06:41.967+0100] {logging_mixin.py:190} INFO - [2024-09-18T12:06:41.967+0100] {dagbag.py:587} INFO - Filling up the DagBag from /Users/ds2718/Documents/test_python_airflow/airflow/py_venv/lib/python3.12/site-packages/airflow/example_dags/example_short_circuit_decorator.py
[2024-09-18T12:06:41.983+0100] {processor.py:925} INFO - DAG(s) 'example_short_circuit_decorator' retrieved from /Users/ds2718/Documents/test_python_airflow/airflow/py_venv/lib/python3.12/site-packages/airflow/example_dags/example_short_circuit_decorator.py
[2024-09-18T12:06:42.024+0100] {logging_mixin.py:190} INFO - [2024-09-18T12:06:42.024+0100] {dag.py:3229} INFO - Sync 1 DAGs
[2024-09-18T12:06:42.032+0100] {logging_mixin.py:190} INFO - [2024-09-18T12:06:42.032+0100] {dag.py:4156} INFO - Setting next_dagrun for example_short_circuit_decorator to None, run_after=None
[2024-09-18T12:06:42.066+0100] {processor.py:208} INFO - Processing /Users/ds2718/Documents/test_python_airflow/airflow/py_venv/lib/python3.12/site-packages/airflow/example_dags/example_short_circuit_decorator.py took 0.101 seconds
[2024-09-18T12:07:15.452+0100] {processor.py:186} INFO - Started process (PID=12219) to work on /Users/ds2718/Documents/test_python_airflow/airflow/py_venv/lib/python3.12/site-packages/airflow/example_dags/example_short_circuit_decorator.py
[2024-09-18T12:07:15.453+0100] {processor.py:914} INFO - Processing file /Users/ds2718/Documents/test_python_airflow/airflow/py_venv/lib/python3.12/site-packages/airflow/example_dags/example_short_circuit_decorator.py for tasks to queue
[2024-09-18T12:07:15.453+0100] {logging_mixin.py:190} INFO - [2024-09-18T12:07:15.453+0100] {dagbag.py:587} INFO - Filling up the DagBag from /Users/ds2718/Documents/test_python_airflow/airflow/py_venv/lib/python3.12/site-packages/airflow/example_dags/example_short_circuit_decorator.py
[2024-09-18T12:07:15.473+0100] {processor.py:925} INFO - DAG(s) 'example_short_circuit_decorator' retrieved from /Users/ds2718/Documents/test_python_airflow/airflow/py_venv/lib/python3.12/site-packages/airflow/example_dags/example_short_circuit_decorator.py
[2024-09-18T12:07:15.511+0100] {logging_mixin.py:190} INFO - [2024-09-18T12:07:15.511+0100] {dag.py:3229} INFO - Sync 1 DAGs
[2024-09-18T12:07:15.518+0100] {logging_mixin.py:190} INFO - [2024-09-18T12:07:15.518+0100] {dag.py:4156} INFO - Setting next_dagrun for example_short_circuit_decorator to None, run_after=None
[2024-09-18T12:07:15.635+0100] {processor.py:208} INFO - Processing /Users/ds2718/Documents/test_python_airflow/airflow/py_venv/lib/python3.12/site-packages/airflow/example_dags/example_short_circuit_decorator.py took 0.190 seconds
[2024-09-18T12:07:50.918+0100] {processor.py:186} INFO - Started process (PID=12398) to work on /Users/ds2718/Documents/test_python_airflow/airflow/py_venv/lib/python3.12/site-packages/airflow/example_dags/example_short_circuit_decorator.py
[2024-09-18T12:07:50.922+0100] {processor.py:914} INFO - Processing file /Users/ds2718/Documents/test_python_airflow/airflow/py_venv/lib/python3.12/site-packages/airflow/example_dags/example_short_circuit_decorator.py for tasks to queue
[2024-09-18T12:07:50.924+0100] {logging_mixin.py:190} INFO - [2024-09-18T12:07:50.924+0100] {dagbag.py:587} INFO - Filling up the DagBag from /Users/ds2718/Documents/test_python_airflow/airflow/py_venv/lib/python3.12/site-packages/airflow/example_dags/example_short_circuit_decorator.py
[2024-09-18T12:07:50.962+0100] {processor.py:925} INFO - DAG(s) 'example_short_circuit_decorator' retrieved from /Users/ds2718/Documents/test_python_airflow/airflow/py_venv/lib/python3.12/site-packages/airflow/example_dags/example_short_circuit_decorator.py
[2024-09-18T12:07:51.047+0100] {logging_mixin.py:190} INFO - [2024-09-18T12:07:51.047+0100] {dag.py:3229} INFO - Sync 1 DAGs
[2024-09-18T12:07:51.055+0100] {logging_mixin.py:190} INFO - [2024-09-18T12:07:51.055+0100] {dag.py:4156} INFO - Setting next_dagrun for example_short_circuit_decorator to None, run_after=None
[2024-09-18T12:07:51.128+0100] {processor.py:208} INFO - Processing /Users/ds2718/Documents/test_python_airflow/airflow/py_venv/lib/python3.12/site-packages/airflow/example_dags/example_short_circuit_decorator.py took 0.238 seconds
[2024-09-18T12:08:28.655+0100] {processor.py:186} INFO - Started process (PID=12521) to work on /Users/ds2718/Documents/test_python_airflow/airflow/py_venv/lib/python3.12/site-packages/airflow/example_dags/example_short_circuit_decorator.py
[2024-09-18T12:08:28.668+0100] {processor.py:914} INFO - Processing file /Users/ds2718/Documents/test_python_airflow/airflow/py_venv/lib/python3.12/site-packages/airflow/example_dags/example_short_circuit_decorator.py for tasks to queue
[2024-09-18T12:08:28.668+0100] {logging_mixin.py:190} INFO - [2024-09-18T12:08:28.668+0100] {dagbag.py:587} INFO - Filling up the DagBag from /Users/ds2718/Documents/test_python_airflow/airflow/py_venv/lib/python3.12/site-packages/airflow/example_dags/example_short_circuit_decorator.py
[2024-09-18T12:08:28.703+0100] {processor.py:925} INFO - DAG(s) 'example_short_circuit_decorator' retrieved from /Users/ds2718/Documents/test_python_airflow/airflow/py_venv/lib/python3.12/site-packages/airflow/example_dags/example_short_circuit_decorator.py
[2024-09-18T12:08:28.764+0100] {logging_mixin.py:190} INFO - [2024-09-18T12:08:28.764+0100] {dag.py:3229} INFO - Sync 1 DAGs
[2024-09-18T12:08:28.773+0100] {logging_mixin.py:190} INFO - [2024-09-18T12:08:28.773+0100] {dag.py:4156} INFO - Setting next_dagrun for example_short_circuit_decorator to None, run_after=None
[2024-09-18T12:08:28.832+0100] {processor.py:208} INFO - Processing /Users/ds2718/Documents/test_python_airflow/airflow/py_venv/lib/python3.12/site-packages/airflow/example_dags/example_short_circuit_decorator.py took 0.180 seconds
[2024-09-18T12:09:01.414+0100] {processor.py:186} INFO - Started process (PID=12720) to work on /Users/ds2718/Documents/test_python_airflow/airflow/py_venv/lib/python3.12/site-packages/airflow/example_dags/example_short_circuit_decorator.py
[2024-09-18T12:09:01.414+0100] {processor.py:914} INFO - Processing file /Users/ds2718/Documents/test_python_airflow/airflow/py_venv/lib/python3.12/site-packages/airflow/example_dags/example_short_circuit_decorator.py for tasks to queue
[2024-09-18T12:09:01.415+0100] {logging_mixin.py:190} INFO - [2024-09-18T12:09:01.415+0100] {dagbag.py:587} INFO - Filling up the DagBag from /Users/ds2718/Documents/test_python_airflow/airflow/py_venv/lib/python3.12/site-packages/airflow/example_dags/example_short_circuit_decorator.py
[2024-09-18T12:09:01.431+0100] {processor.py:925} INFO - DAG(s) 'example_short_circuit_decorator' retrieved from /Users/ds2718/Documents/test_python_airflow/airflow/py_venv/lib/python3.12/site-packages/airflow/example_dags/example_short_circuit_decorator.py
[2024-09-18T12:09:01.471+0100] {logging_mixin.py:190} INFO - [2024-09-18T12:09:01.471+0100] {dag.py:3229} INFO - Sync 1 DAGs
[2024-09-18T12:09:01.480+0100] {logging_mixin.py:190} INFO - [2024-09-18T12:09:01.480+0100] {dag.py:4156} INFO - Setting next_dagrun for example_short_circuit_decorator to None, run_after=None
[2024-09-18T12:09:01.536+0100] {processor.py:208} INFO - Processing /Users/ds2718/Documents/test_python_airflow/airflow/py_venv/lib/python3.12/site-packages/airflow/example_dags/example_short_circuit_decorator.py took 0.124 seconds
[2024-09-18T12:09:36.957+0100] {processor.py:186} INFO - Started process (PID=12893) to work on /Users/ds2718/Documents/test_python_airflow/airflow/py_venv/lib/python3.12/site-packages/airflow/example_dags/example_short_circuit_decorator.py
[2024-09-18T12:09:36.957+0100] {processor.py:914} INFO - Processing file /Users/ds2718/Documents/test_python_airflow/airflow/py_venv/lib/python3.12/site-packages/airflow/example_dags/example_short_circuit_decorator.py for tasks to queue
[2024-09-18T12:09:36.958+0100] {logging_mixin.py:190} INFO - [2024-09-18T12:09:36.957+0100] {dagbag.py:587} INFO - Filling up the DagBag from /Users/ds2718/Documents/test_python_airflow/airflow/py_venv/lib/python3.12/site-packages/airflow/example_dags/example_short_circuit_decorator.py
[2024-09-18T12:09:36.976+0100] {processor.py:925} INFO - DAG(s) 'example_short_circuit_decorator' retrieved from /Users/ds2718/Documents/test_python_airflow/airflow/py_venv/lib/python3.12/site-packages/airflow/example_dags/example_short_circuit_decorator.py
[2024-09-18T12:09:37.016+0100] {logging_mixin.py:190} INFO - [2024-09-18T12:09:37.016+0100] {dag.py:3229} INFO - Sync 1 DAGs
[2024-09-18T12:09:37.022+0100] {logging_mixin.py:190} INFO - [2024-09-18T12:09:37.021+0100] {dag.py:4156} INFO - Setting next_dagrun for example_short_circuit_decorator to None, run_after=None
[2024-09-18T12:09:37.053+0100] {processor.py:208} INFO - Processing /Users/ds2718/Documents/test_python_airflow/airflow/py_venv/lib/python3.12/site-packages/airflow/example_dags/example_short_circuit_decorator.py took 0.101 seconds
[2024-09-18T12:10:09.466+0100] {processor.py:186} INFO - Started process (PID=13069) to work on /Users/ds2718/Documents/test_python_airflow/airflow/py_venv/lib/python3.12/site-packages/airflow/example_dags/example_short_circuit_decorator.py
[2024-09-18T12:10:09.466+0100] {processor.py:914} INFO - Processing file /Users/ds2718/Documents/test_python_airflow/airflow/py_venv/lib/python3.12/site-packages/airflow/example_dags/example_short_circuit_decorator.py for tasks to queue
[2024-09-18T12:10:09.467+0100] {logging_mixin.py:190} INFO - [2024-09-18T12:10:09.467+0100] {dagbag.py:587} INFO - Filling up the DagBag from /Users/ds2718/Documents/test_python_airflow/airflow/py_venv/lib/python3.12/site-packages/airflow/example_dags/example_short_circuit_decorator.py
[2024-09-18T12:10:09.485+0100] {processor.py:925} INFO - DAG(s) 'example_short_circuit_decorator' retrieved from /Users/ds2718/Documents/test_python_airflow/airflow/py_venv/lib/python3.12/site-packages/airflow/example_dags/example_short_circuit_decorator.py
[2024-09-18T12:10:09.529+0100] {logging_mixin.py:190} INFO - [2024-09-18T12:10:09.529+0100] {dag.py:3229} INFO - Sync 1 DAGs
[2024-09-18T12:10:09.535+0100] {logging_mixin.py:190} INFO - [2024-09-18T12:10:09.535+0100] {dag.py:4156} INFO - Setting next_dagrun for example_short_circuit_decorator to None, run_after=None
[2024-09-18T12:10:09.571+0100] {processor.py:208} INFO - Processing /Users/ds2718/Documents/test_python_airflow/airflow/py_venv/lib/python3.12/site-packages/airflow/example_dags/example_short_circuit_decorator.py took 0.110 seconds
[2024-09-18T12:10:43.746+0100] {processor.py:186} INFO - Started process (PID=13210) to work on /Users/ds2718/Documents/test_python_airflow/airflow/py_venv/lib/python3.12/site-packages/airflow/example_dags/example_short_circuit_decorator.py
[2024-09-18T12:10:43.747+0100] {processor.py:914} INFO - Processing file /Users/ds2718/Documents/test_python_airflow/airflow/py_venv/lib/python3.12/site-packages/airflow/example_dags/example_short_circuit_decorator.py for tasks to queue
[2024-09-18T12:10:43.747+0100] {logging_mixin.py:190} INFO - [2024-09-18T12:10:43.747+0100] {dagbag.py:587} INFO - Filling up the DagBag from /Users/ds2718/Documents/test_python_airflow/airflow/py_venv/lib/python3.12/site-packages/airflow/example_dags/example_short_circuit_decorator.py
[2024-09-18T12:10:43.765+0100] {processor.py:925} INFO - DAG(s) 'example_short_circuit_decorator' retrieved from /Users/ds2718/Documents/test_python_airflow/airflow/py_venv/lib/python3.12/site-packages/airflow/example_dags/example_short_circuit_decorator.py
[2024-09-18T12:10:43.821+0100] {logging_mixin.py:190} INFO - [2024-09-18T12:10:43.821+0100] {dag.py:3229} INFO - Sync 1 DAGs
[2024-09-18T12:10:43.845+0100] {logging_mixin.py:190} INFO - [2024-09-18T12:10:43.845+0100] {dag.py:4156} INFO - Setting next_dagrun for example_short_circuit_decorator to None, run_after=None
[2024-09-18T12:10:43.887+0100] {processor.py:208} INFO - Processing /Users/ds2718/Documents/test_python_airflow/airflow/py_venv/lib/python3.12/site-packages/airflow/example_dags/example_short_circuit_decorator.py took 0.143 seconds
[2024-09-18T12:11:16.748+0100] {processor.py:186} INFO - Started process (PID=13372) to work on /Users/ds2718/Documents/test_python_airflow/airflow/py_venv/lib/python3.12/site-packages/airflow/example_dags/example_short_circuit_decorator.py
[2024-09-18T12:11:16.748+0100] {processor.py:914} INFO - Processing file /Users/ds2718/Documents/test_python_airflow/airflow/py_venv/lib/python3.12/site-packages/airflow/example_dags/example_short_circuit_decorator.py for tasks to queue
[2024-09-18T12:11:16.749+0100] {logging_mixin.py:190} INFO - [2024-09-18T12:11:16.749+0100] {dagbag.py:587} INFO - Filling up the DagBag from /Users/ds2718/Documents/test_python_airflow/airflow/py_venv/lib/python3.12/site-packages/airflow/example_dags/example_short_circuit_decorator.py
[2024-09-18T12:11:16.769+0100] {processor.py:925} INFO - DAG(s) 'example_short_circuit_decorator' retrieved from /Users/ds2718/Documents/test_python_airflow/airflow/py_venv/lib/python3.12/site-packages/airflow/example_dags/example_short_circuit_decorator.py
[2024-09-18T12:11:16.826+0100] {logging_mixin.py:190} INFO - [2024-09-18T12:11:16.825+0100] {dag.py:3229} INFO - Sync 1 DAGs
[2024-09-18T12:11:16.834+0100] {logging_mixin.py:190} INFO - [2024-09-18T12:11:16.834+0100] {dag.py:4156} INFO - Setting next_dagrun for example_short_circuit_decorator to None, run_after=None
[2024-09-18T12:11:16.878+0100] {processor.py:208} INFO - Processing /Users/ds2718/Documents/test_python_airflow/airflow/py_venv/lib/python3.12/site-packages/airflow/example_dags/example_short_circuit_decorator.py took 0.136 seconds
[2024-09-18T12:11:51.025+0100] {processor.py:186} INFO - Started process (PID=13555) to work on /Users/ds2718/Documents/test_python_airflow/airflow/py_venv/lib/python3.12/site-packages/airflow/example_dags/example_short_circuit_decorator.py
[2024-09-18T12:11:51.026+0100] {processor.py:914} INFO - Processing file /Users/ds2718/Documents/test_python_airflow/airflow/py_venv/lib/python3.12/site-packages/airflow/example_dags/example_short_circuit_decorator.py for tasks to queue
[2024-09-18T12:11:51.026+0100] {logging_mixin.py:190} INFO - [2024-09-18T12:11:51.026+0100] {dagbag.py:587} INFO - Filling up the DagBag from /Users/ds2718/Documents/test_python_airflow/airflow/py_venv/lib/python3.12/site-packages/airflow/example_dags/example_short_circuit_decorator.py
[2024-09-18T12:11:51.048+0100] {processor.py:925} INFO - DAG(s) 'example_short_circuit_decorator' retrieved from /Users/ds2718/Documents/test_python_airflow/airflow/py_venv/lib/python3.12/site-packages/airflow/example_dags/example_short_circuit_decorator.py
[2024-09-18T12:11:51.091+0100] {logging_mixin.py:190} INFO - [2024-09-18T12:11:51.091+0100] {dag.py:3229} INFO - Sync 1 DAGs
[2024-09-18T12:11:51.099+0100] {logging_mixin.py:190} INFO - [2024-09-18T12:11:51.099+0100] {dag.py:4156} INFO - Setting next_dagrun for example_short_circuit_decorator to None, run_after=None
[2024-09-18T12:11:51.136+0100] {processor.py:208} INFO - Processing /Users/ds2718/Documents/test_python_airflow/airflow/py_venv/lib/python3.12/site-packages/airflow/example_dags/example_short_circuit_decorator.py took 0.117 seconds
[2024-09-18T12:12:23.328+0100] {processor.py:186} INFO - Started process (PID=13674) to work on /Users/ds2718/Documents/test_python_airflow/airflow/py_venv/lib/python3.12/site-packages/airflow/example_dags/example_short_circuit_decorator.py
[2024-09-18T12:12:23.329+0100] {processor.py:914} INFO - Processing file /Users/ds2718/Documents/test_python_airflow/airflow/py_venv/lib/python3.12/site-packages/airflow/example_dags/example_short_circuit_decorator.py for tasks to queue
[2024-09-18T12:12:23.330+0100] {logging_mixin.py:190} INFO - [2024-09-18T12:12:23.330+0100] {dagbag.py:587} INFO - Filling up the DagBag from /Users/ds2718/Documents/test_python_airflow/airflow/py_venv/lib/python3.12/site-packages/airflow/example_dags/example_short_circuit_decorator.py
[2024-09-18T12:12:23.363+0100] {processor.py:925} INFO - DAG(s) 'example_short_circuit_decorator' retrieved from /Users/ds2718/Documents/test_python_airflow/airflow/py_venv/lib/python3.12/site-packages/airflow/example_dags/example_short_circuit_decorator.py
[2024-09-18T12:12:23.405+0100] {logging_mixin.py:190} INFO - [2024-09-18T12:12:23.405+0100] {dag.py:3229} INFO - Sync 1 DAGs
[2024-09-18T12:12:23.425+0100] {logging_mixin.py:190} INFO - [2024-09-18T12:12:23.425+0100] {dag.py:4156} INFO - Setting next_dagrun for example_short_circuit_decorator to None, run_after=None
[2024-09-18T12:12:23.465+0100] {processor.py:208} INFO - Processing /Users/ds2718/Documents/test_python_airflow/airflow/py_venv/lib/python3.12/site-packages/airflow/example_dags/example_short_circuit_decorator.py took 0.144 seconds
[2024-09-18T12:12:57.690+0100] {processor.py:186} INFO - Started process (PID=13860) to work on /Users/ds2718/Documents/test_python_airflow/airflow/py_venv/lib/python3.12/site-packages/airflow/example_dags/example_short_circuit_decorator.py
[2024-09-18T12:12:57.691+0100] {processor.py:914} INFO - Processing file /Users/ds2718/Documents/test_python_airflow/airflow/py_venv/lib/python3.12/site-packages/airflow/example_dags/example_short_circuit_decorator.py for tasks to queue
[2024-09-18T12:12:57.691+0100] {logging_mixin.py:190} INFO - [2024-09-18T12:12:57.691+0100] {dagbag.py:587} INFO - Filling up the DagBag from /Users/ds2718/Documents/test_python_airflow/airflow/py_venv/lib/python3.12/site-packages/airflow/example_dags/example_short_circuit_decorator.py
[2024-09-18T12:12:57.709+0100] {processor.py:925} INFO - DAG(s) 'example_short_circuit_decorator' retrieved from /Users/ds2718/Documents/test_python_airflow/airflow/py_venv/lib/python3.12/site-packages/airflow/example_dags/example_short_circuit_decorator.py
[2024-09-18T12:12:57.749+0100] {logging_mixin.py:190} INFO - [2024-09-18T12:12:57.749+0100] {dag.py:3229} INFO - Sync 1 DAGs
[2024-09-18T12:12:57.757+0100] {logging_mixin.py:190} INFO - [2024-09-18T12:12:57.757+0100] {dag.py:4156} INFO - Setting next_dagrun for example_short_circuit_decorator to None, run_after=None
[2024-09-18T12:12:57.793+0100] {processor.py:208} INFO - Processing /Users/ds2718/Documents/test_python_airflow/airflow/py_venv/lib/python3.12/site-packages/airflow/example_dags/example_short_circuit_decorator.py took 0.111 seconds
[2024-09-18T12:13:32.204+0100] {processor.py:186} INFO - Started process (PID=14015) to work on /Users/ds2718/Documents/test_python_airflow/airflow/py_venv/lib/python3.12/site-packages/airflow/example_dags/example_short_circuit_decorator.py
[2024-09-18T12:13:32.204+0100] {processor.py:914} INFO - Processing file /Users/ds2718/Documents/test_python_airflow/airflow/py_venv/lib/python3.12/site-packages/airflow/example_dags/example_short_circuit_decorator.py for tasks to queue
[2024-09-18T12:13:32.205+0100] {logging_mixin.py:190} INFO - [2024-09-18T12:13:32.205+0100] {dagbag.py:587} INFO - Filling up the DagBag from /Users/ds2718/Documents/test_python_airflow/airflow/py_venv/lib/python3.12/site-packages/airflow/example_dags/example_short_circuit_decorator.py
[2024-09-18T12:13:32.223+0100] {processor.py:925} INFO - DAG(s) 'example_short_circuit_decorator' retrieved from /Users/ds2718/Documents/test_python_airflow/airflow/py_venv/lib/python3.12/site-packages/airflow/example_dags/example_short_circuit_decorator.py
[2024-09-18T12:13:32.274+0100] {logging_mixin.py:190} INFO - [2024-09-18T12:13:32.274+0100] {dag.py:3229} INFO - Sync 1 DAGs
[2024-09-18T12:13:32.282+0100] {logging_mixin.py:190} INFO - [2024-09-18T12:13:32.282+0100] {dag.py:4156} INFO - Setting next_dagrun for example_short_circuit_decorator to None, run_after=None
[2024-09-18T12:13:32.317+0100] {processor.py:208} INFO - Processing /Users/ds2718/Documents/test_python_airflow/airflow/py_venv/lib/python3.12/site-packages/airflow/example_dags/example_short_circuit_decorator.py took 0.122 seconds
[2024-09-18T12:14:07.960+0100] {processor.py:186} INFO - Started process (PID=14214) to work on /Users/ds2718/Documents/test_python_airflow/airflow/py_venv/lib/python3.12/site-packages/airflow/example_dags/example_short_circuit_decorator.py
[2024-09-18T12:14:07.961+0100] {processor.py:914} INFO - Processing file /Users/ds2718/Documents/test_python_airflow/airflow/py_venv/lib/python3.12/site-packages/airflow/example_dags/example_short_circuit_decorator.py for tasks to queue
[2024-09-18T12:14:07.961+0100] {logging_mixin.py:190} INFO - [2024-09-18T12:14:07.961+0100] {dagbag.py:587} INFO - Filling up the DagBag from /Users/ds2718/Documents/test_python_airflow/airflow/py_venv/lib/python3.12/site-packages/airflow/example_dags/example_short_circuit_decorator.py
[2024-09-18T12:14:07.982+0100] {processor.py:925} INFO - DAG(s) 'example_short_circuit_decorator' retrieved from /Users/ds2718/Documents/test_python_airflow/airflow/py_venv/lib/python3.12/site-packages/airflow/example_dags/example_short_circuit_decorator.py
[2024-09-18T12:14:08.036+0100] {logging_mixin.py:190} INFO - [2024-09-18T12:14:08.036+0100] {dag.py:3229} INFO - Sync 1 DAGs
[2024-09-18T12:14:08.043+0100] {logging_mixin.py:190} INFO - [2024-09-18T12:14:08.043+0100] {dag.py:4156} INFO - Setting next_dagrun for example_short_circuit_decorator to None, run_after=None
[2024-09-18T12:14:08.079+0100] {processor.py:208} INFO - Processing /Users/ds2718/Documents/test_python_airflow/airflow/py_venv/lib/python3.12/site-packages/airflow/example_dags/example_short_circuit_decorator.py took 0.125 seconds
