[2024-09-18T11:54:04.774+0100] {processor.py:186} INFO - Started process (PID=9448) to work on /Users/ds2718/Documents/test_python_airflow/airflow/py_venv/lib/python3.12/site-packages/airflow/example_dags/example_task_group.py
[2024-09-18T11:54:04.775+0100] {processor.py:914} INFO - Processing file /Users/ds2718/Documents/test_python_airflow/airflow/py_venv/lib/python3.12/site-packages/airflow/example_dags/example_task_group.py for tasks to queue
[2024-09-18T11:54:04.775+0100] {logging_mixin.py:190} INFO - [2024-09-18T11:54:04.775+0100] {dagbag.py:587} INFO - Filling up the DagBag from /Users/ds2718/Documents/test_python_airflow/airflow/py_venv/lib/python3.12/site-packages/airflow/example_dags/example_task_group.py
[2024-09-18T11:54:04.780+0100] {processor.py:925} INFO - DAG(s) 'example_task_group' retrieved from /Users/ds2718/Documents/test_python_airflow/airflow/py_venv/lib/python3.12/site-packages/airflow/example_dags/example_task_group.py
[2024-09-18T11:54:04.899+0100] {logging_mixin.py:190} INFO - [2024-09-18T11:54:04.898+0100] {override.py:1900} INFO - Created Permission View: can read on DAG:example_task_group
[2024-09-18T11:54:04.902+0100] {logging_mixin.py:190} INFO - [2024-09-18T11:54:04.902+0100] {override.py:1900} INFO - Created Permission View: can edit on DAG:example_task_group
[2024-09-18T11:54:04.904+0100] {logging_mixin.py:190} INFO - [2024-09-18T11:54:04.904+0100] {override.py:1900} INFO - Created Permission View: can delete on DAG:example_task_group
[2024-09-18T11:54:04.906+0100] {logging_mixin.py:190} INFO - [2024-09-18T11:54:04.906+0100] {override.py:1900} INFO - Created Permission View: can read on DAG Run:example_task_group
[2024-09-18T11:54:04.909+0100] {logging_mixin.py:190} INFO - [2024-09-18T11:54:04.909+0100] {override.py:1900} INFO - Created Permission View: can create on DAG Run:example_task_group
[2024-09-18T11:54:04.911+0100] {logging_mixin.py:190} INFO - [2024-09-18T11:54:04.911+0100] {override.py:1900} INFO - Created Permission View: menu access on DAG Run:example_task_group
[2024-09-18T11:54:04.913+0100] {logging_mixin.py:190} INFO - [2024-09-18T11:54:04.913+0100] {override.py:1900} INFO - Created Permission View: can delete on DAG Run:example_task_group
[2024-09-18T11:54:04.913+0100] {logging_mixin.py:190} INFO - [2024-09-18T11:54:04.913+0100] {dag.py:3229} INFO - Sync 1 DAGs
[2024-09-18T11:54:04.918+0100] {logging_mixin.py:190} INFO - [2024-09-18T11:54:04.918+0100] {dag.py:3252} INFO - Creating ORM DAG for example_task_group
[2024-09-18T11:54:04.918+0100] {logging_mixin.py:190} INFO - [2024-09-18T11:54:04.918+0100] {dag.py:4156} INFO - Setting next_dagrun for example_task_group to None, run_after=None
[2024-09-18T11:54:04.926+0100] {processor.py:208} INFO - Processing /Users/ds2718/Documents/test_python_airflow/airflow/py_venv/lib/python3.12/site-packages/airflow/example_dags/example_task_group.py took 0.159 seconds
[2024-09-18T11:54:39.325+0100] {processor.py:186} INFO - Started process (PID=9601) to work on /Users/ds2718/Documents/test_python_airflow/airflow/py_venv/lib/python3.12/site-packages/airflow/example_dags/example_task_group.py
[2024-09-18T11:54:39.326+0100] {processor.py:914} INFO - Processing file /Users/ds2718/Documents/test_python_airflow/airflow/py_venv/lib/python3.12/site-packages/airflow/example_dags/example_task_group.py for tasks to queue
[2024-09-18T11:54:39.326+0100] {logging_mixin.py:190} INFO - [2024-09-18T11:54:39.326+0100] {dagbag.py:587} INFO - Filling up the DagBag from /Users/ds2718/Documents/test_python_airflow/airflow/py_venv/lib/python3.12/site-packages/airflow/example_dags/example_task_group.py
[2024-09-18T11:54:39.331+0100] {processor.py:925} INFO - DAG(s) 'example_task_group' retrieved from /Users/ds2718/Documents/test_python_airflow/airflow/py_venv/lib/python3.12/site-packages/airflow/example_dags/example_task_group.py
[2024-09-18T11:54:39.385+0100] {logging_mixin.py:190} INFO - [2024-09-18T11:54:39.385+0100] {dag.py:3229} INFO - Sync 1 DAGs
[2024-09-18T11:54:39.392+0100] {logging_mixin.py:190} INFO - [2024-09-18T11:54:39.392+0100] {dag.py:4156} INFO - Setting next_dagrun for example_task_group to None, run_after=None
[2024-09-18T11:54:39.411+0100] {processor.py:208} INFO - Processing /Users/ds2718/Documents/test_python_airflow/airflow/py_venv/lib/python3.12/site-packages/airflow/example_dags/example_task_group.py took 0.091 seconds
[2024-09-18T11:55:14.246+0100] {processor.py:186} INFO - Started process (PID=9817) to work on /Users/ds2718/Documents/test_python_airflow/airflow/py_venv/lib/python3.12/site-packages/airflow/example_dags/example_task_group.py
[2024-09-18T11:55:14.247+0100] {processor.py:914} INFO - Processing file /Users/ds2718/Documents/test_python_airflow/airflow/py_venv/lib/python3.12/site-packages/airflow/example_dags/example_task_group.py for tasks to queue
[2024-09-18T11:55:14.248+0100] {logging_mixin.py:190} INFO - [2024-09-18T11:55:14.247+0100] {dagbag.py:587} INFO - Filling up the DagBag from /Users/ds2718/Documents/test_python_airflow/airflow/py_venv/lib/python3.12/site-packages/airflow/example_dags/example_task_group.py
[2024-09-18T11:55:14.253+0100] {processor.py:925} INFO - DAG(s) 'example_task_group' retrieved from /Users/ds2718/Documents/test_python_airflow/airflow/py_venv/lib/python3.12/site-packages/airflow/example_dags/example_task_group.py
[2024-09-18T11:55:14.299+0100] {logging_mixin.py:190} INFO - [2024-09-18T11:55:14.298+0100] {dag.py:3229} INFO - Sync 1 DAGs
[2024-09-18T11:55:14.305+0100] {logging_mixin.py:190} INFO - [2024-09-18T11:55:14.305+0100] {dag.py:4156} INFO - Setting next_dagrun for example_task_group to None, run_after=None
[2024-09-18T11:55:14.320+0100] {processor.py:208} INFO - Processing /Users/ds2718/Documents/test_python_airflow/airflow/py_venv/lib/python3.12/site-packages/airflow/example_dags/example_task_group.py took 0.079 seconds
[2024-09-18T11:55:46.973+0100] {processor.py:186} INFO - Started process (PID=10011) to work on /Users/ds2718/Documents/test_python_airflow/airflow/py_venv/lib/python3.12/site-packages/airflow/example_dags/example_task_group.py
[2024-09-18T11:55:46.973+0100] {processor.py:914} INFO - Processing file /Users/ds2718/Documents/test_python_airflow/airflow/py_venv/lib/python3.12/site-packages/airflow/example_dags/example_task_group.py for tasks to queue
[2024-09-18T11:55:46.974+0100] {logging_mixin.py:190} INFO - [2024-09-18T11:55:46.974+0100] {dagbag.py:587} INFO - Filling up the DagBag from /Users/ds2718/Documents/test_python_airflow/airflow/py_venv/lib/python3.12/site-packages/airflow/example_dags/example_task_group.py
[2024-09-18T11:55:46.978+0100] {processor.py:925} INFO - DAG(s) 'example_task_group' retrieved from /Users/ds2718/Documents/test_python_airflow/airflow/py_venv/lib/python3.12/site-packages/airflow/example_dags/example_task_group.py
[2024-09-18T11:55:47.032+0100] {logging_mixin.py:190} INFO - [2024-09-18T11:55:47.031+0100] {dag.py:3229} INFO - Sync 1 DAGs
[2024-09-18T11:55:47.043+0100] {logging_mixin.py:190} INFO - [2024-09-18T11:55:47.042+0100] {dag.py:4156} INFO - Setting next_dagrun for example_task_group to None, run_after=None
[2024-09-18T11:55:47.051+0100] {processor.py:208} INFO - Processing /Users/ds2718/Documents/test_python_airflow/airflow/py_venv/lib/python3.12/site-packages/airflow/example_dags/example_task_group.py took 0.080 seconds
[2024-09-18T11:56:21.793+0100] {processor.py:186} INFO - Started process (PID=10144) to work on /Users/ds2718/Documents/test_python_airflow/airflow/py_venv/lib/python3.12/site-packages/airflow/example_dags/example_task_group.py
[2024-09-18T11:56:21.795+0100] {processor.py:914} INFO - Processing file /Users/ds2718/Documents/test_python_airflow/airflow/py_venv/lib/python3.12/site-packages/airflow/example_dags/example_task_group.py for tasks to queue
[2024-09-18T11:56:21.795+0100] {logging_mixin.py:190} INFO - [2024-09-18T11:56:21.795+0100] {dagbag.py:587} INFO - Filling up the DagBag from /Users/ds2718/Documents/test_python_airflow/airflow/py_venv/lib/python3.12/site-packages/airflow/example_dags/example_task_group.py
[2024-09-18T11:56:21.801+0100] {processor.py:925} INFO - DAG(s) 'example_task_group' retrieved from /Users/ds2718/Documents/test_python_airflow/airflow/py_venv/lib/python3.12/site-packages/airflow/example_dags/example_task_group.py
[2024-09-18T11:56:21.846+0100] {logging_mixin.py:190} INFO - [2024-09-18T11:56:21.846+0100] {dag.py:3229} INFO - Sync 1 DAGs
[2024-09-18T11:56:21.859+0100] {logging_mixin.py:190} INFO - [2024-09-18T11:56:21.859+0100] {dag.py:4156} INFO - Setting next_dagrun for example_task_group to None, run_after=None
[2024-09-18T11:56:21.876+0100] {processor.py:208} INFO - Processing /Users/ds2718/Documents/test_python_airflow/airflow/py_venv/lib/python3.12/site-packages/airflow/example_dags/example_task_group.py took 0.085 seconds
[2024-09-18T11:56:53.878+0100] {processor.py:186} INFO - Started process (PID=10318) to work on /Users/ds2718/Documents/test_python_airflow/airflow/py_venv/lib/python3.12/site-packages/airflow/example_dags/example_task_group.py
[2024-09-18T11:56:53.881+0100] {processor.py:914} INFO - Processing file /Users/ds2718/Documents/test_python_airflow/airflow/py_venv/lib/python3.12/site-packages/airflow/example_dags/example_task_group.py for tasks to queue
[2024-09-18T11:56:53.881+0100] {logging_mixin.py:190} INFO - [2024-09-18T11:56:53.881+0100] {dagbag.py:587} INFO - Filling up the DagBag from /Users/ds2718/Documents/test_python_airflow/airflow/py_venv/lib/python3.12/site-packages/airflow/example_dags/example_task_group.py
[2024-09-18T11:56:53.887+0100] {processor.py:925} INFO - DAG(s) 'example_task_group' retrieved from /Users/ds2718/Documents/test_python_airflow/airflow/py_venv/lib/python3.12/site-packages/airflow/example_dags/example_task_group.py
[2024-09-18T11:56:53.935+0100] {logging_mixin.py:190} INFO - [2024-09-18T11:56:53.935+0100] {dag.py:3229} INFO - Sync 1 DAGs
[2024-09-18T11:56:53.943+0100] {logging_mixin.py:190} INFO - [2024-09-18T11:56:53.943+0100] {dag.py:4156} INFO - Setting next_dagrun for example_task_group to None, run_after=None
[2024-09-18T11:56:53.957+0100] {processor.py:208} INFO - Processing /Users/ds2718/Documents/test_python_airflow/airflow/py_venv/lib/python3.12/site-packages/airflow/example_dags/example_task_group.py took 0.086 seconds
[2024-09-18T11:57:26.715+0100] {processor.py:186} INFO - Started process (PID=10467) to work on /Users/ds2718/Documents/test_python_airflow/airflow/py_venv/lib/python3.12/site-packages/airflow/example_dags/example_task_group.py
[2024-09-18T11:57:26.716+0100] {processor.py:914} INFO - Processing file /Users/ds2718/Documents/test_python_airflow/airflow/py_venv/lib/python3.12/site-packages/airflow/example_dags/example_task_group.py for tasks to queue
[2024-09-18T11:57:26.716+0100] {logging_mixin.py:190} INFO - [2024-09-18T11:57:26.716+0100] {dagbag.py:587} INFO - Filling up the DagBag from /Users/ds2718/Documents/test_python_airflow/airflow/py_venv/lib/python3.12/site-packages/airflow/example_dags/example_task_group.py
[2024-09-18T11:57:26.720+0100] {processor.py:925} INFO - DAG(s) 'example_task_group' retrieved from /Users/ds2718/Documents/test_python_airflow/airflow/py_venv/lib/python3.12/site-packages/airflow/example_dags/example_task_group.py
[2024-09-18T11:57:26.760+0100] {logging_mixin.py:190} INFO - [2024-09-18T11:57:26.760+0100] {dag.py:3229} INFO - Sync 1 DAGs
[2024-09-18T11:57:26.766+0100] {logging_mixin.py:190} INFO - [2024-09-18T11:57:26.766+0100] {dag.py:4156} INFO - Setting next_dagrun for example_task_group to None, run_after=None
[2024-09-18T11:57:26.775+0100] {processor.py:208} INFO - Processing /Users/ds2718/Documents/test_python_airflow/airflow/py_venv/lib/python3.12/site-packages/airflow/example_dags/example_task_group.py took 0.062 seconds
[2024-09-18T11:58:00.835+0100] {processor.py:186} INFO - Started process (PID=10675) to work on /Users/ds2718/Documents/test_python_airflow/airflow/py_venv/lib/python3.12/site-packages/airflow/example_dags/example_task_group.py
[2024-09-18T11:58:00.836+0100] {processor.py:914} INFO - Processing file /Users/ds2718/Documents/test_python_airflow/airflow/py_venv/lib/python3.12/site-packages/airflow/example_dags/example_task_group.py for tasks to queue
[2024-09-18T11:58:00.836+0100] {logging_mixin.py:190} INFO - [2024-09-18T11:58:00.836+0100] {dagbag.py:587} INFO - Filling up the DagBag from /Users/ds2718/Documents/test_python_airflow/airflow/py_venv/lib/python3.12/site-packages/airflow/example_dags/example_task_group.py
[2024-09-18T11:58:00.844+0100] {processor.py:925} INFO - DAG(s) 'example_task_group' retrieved from /Users/ds2718/Documents/test_python_airflow/airflow/py_venv/lib/python3.12/site-packages/airflow/example_dags/example_task_group.py
[2024-09-18T11:58:00.887+0100] {logging_mixin.py:190} INFO - [2024-09-18T11:58:00.886+0100] {dag.py:3229} INFO - Sync 1 DAGs
[2024-09-18T11:58:00.894+0100] {logging_mixin.py:190} INFO - [2024-09-18T11:58:00.894+0100] {dag.py:4156} INFO - Setting next_dagrun for example_task_group to None, run_after=None
[2024-09-18T11:58:00.911+0100] {processor.py:208} INFO - Processing /Users/ds2718/Documents/test_python_airflow/airflow/py_venv/lib/python3.12/site-packages/airflow/example_dags/example_task_group.py took 0.082 seconds
[2024-09-18T11:58:35.003+0100] {processor.py:186} INFO - Started process (PID=10858) to work on /Users/ds2718/Documents/test_python_airflow/airflow/py_venv/lib/python3.12/site-packages/airflow/example_dags/example_task_group.py
[2024-09-18T11:58:35.004+0100] {processor.py:914} INFO - Processing file /Users/ds2718/Documents/test_python_airflow/airflow/py_venv/lib/python3.12/site-packages/airflow/example_dags/example_task_group.py for tasks to queue
[2024-09-18T11:58:35.004+0100] {logging_mixin.py:190} INFO - [2024-09-18T11:58:35.004+0100] {dagbag.py:587} INFO - Filling up the DagBag from /Users/ds2718/Documents/test_python_airflow/airflow/py_venv/lib/python3.12/site-packages/airflow/example_dags/example_task_group.py
[2024-09-18T11:58:35.009+0100] {processor.py:925} INFO - DAG(s) 'example_task_group' retrieved from /Users/ds2718/Documents/test_python_airflow/airflow/py_venv/lib/python3.12/site-packages/airflow/example_dags/example_task_group.py
[2024-09-18T11:58:35.050+0100] {logging_mixin.py:190} INFO - [2024-09-18T11:58:35.050+0100] {dag.py:3229} INFO - Sync 1 DAGs
[2024-09-18T11:58:35.057+0100] {logging_mixin.py:190} INFO - [2024-09-18T11:58:35.057+0100] {dag.py:4156} INFO - Setting next_dagrun for example_task_group to None, run_after=None
[2024-09-18T11:58:35.069+0100] {processor.py:208} INFO - Processing /Users/ds2718/Documents/test_python_airflow/airflow/py_venv/lib/python3.12/site-packages/airflow/example_dags/example_task_group.py took 0.071 seconds
[2024-09-18T11:59:10.185+0100] {processor.py:186} INFO - Started process (PID=11055) to work on /Users/ds2718/Documents/test_python_airflow/airflow/py_venv/lib/python3.12/site-packages/airflow/example_dags/example_task_group.py
[2024-09-18T11:59:10.186+0100] {processor.py:914} INFO - Processing file /Users/ds2718/Documents/test_python_airflow/airflow/py_venv/lib/python3.12/site-packages/airflow/example_dags/example_task_group.py for tasks to queue
[2024-09-18T11:59:10.186+0100] {logging_mixin.py:190} INFO - [2024-09-18T11:59:10.186+0100] {dagbag.py:587} INFO - Filling up the DagBag from /Users/ds2718/Documents/test_python_airflow/airflow/py_venv/lib/python3.12/site-packages/airflow/example_dags/example_task_group.py
[2024-09-18T11:59:10.191+0100] {processor.py:925} INFO - DAG(s) 'example_task_group' retrieved from /Users/ds2718/Documents/test_python_airflow/airflow/py_venv/lib/python3.12/site-packages/airflow/example_dags/example_task_group.py
[2024-09-18T11:59:10.233+0100] {logging_mixin.py:190} INFO - [2024-09-18T11:59:10.233+0100] {dag.py:3229} INFO - Sync 1 DAGs
[2024-09-18T11:59:10.241+0100] {logging_mixin.py:190} INFO - [2024-09-18T11:59:10.241+0100] {dag.py:4156} INFO - Setting next_dagrun for example_task_group to None, run_after=None
[2024-09-18T11:59:10.253+0100] {processor.py:208} INFO - Processing /Users/ds2718/Documents/test_python_airflow/airflow/py_venv/lib/python3.12/site-packages/airflow/example_dags/example_task_group.py took 0.073 seconds
[2024-09-18T11:59:44.277+0100] {processor.py:186} INFO - Started process (PID=11230) to work on /Users/ds2718/Documents/test_python_airflow/airflow/py_venv/lib/python3.12/site-packages/airflow/example_dags/example_task_group.py
[2024-09-18T11:59:44.279+0100] {processor.py:914} INFO - Processing file /Users/ds2718/Documents/test_python_airflow/airflow/py_venv/lib/python3.12/site-packages/airflow/example_dags/example_task_group.py for tasks to queue
[2024-09-18T11:59:44.279+0100] {logging_mixin.py:190} INFO - [2024-09-18T11:59:44.279+0100] {dagbag.py:587} INFO - Filling up the DagBag from /Users/ds2718/Documents/test_python_airflow/airflow/py_venv/lib/python3.12/site-packages/airflow/example_dags/example_task_group.py
[2024-09-18T11:59:44.284+0100] {processor.py:925} INFO - DAG(s) 'example_task_group' retrieved from /Users/ds2718/Documents/test_python_airflow/airflow/py_venv/lib/python3.12/site-packages/airflow/example_dags/example_task_group.py
[2024-09-18T11:59:44.322+0100] {logging_mixin.py:190} INFO - [2024-09-18T11:59:44.322+0100] {dag.py:3229} INFO - Sync 1 DAGs
[2024-09-18T11:59:44.328+0100] {logging_mixin.py:190} INFO - [2024-09-18T11:59:44.328+0100] {dag.py:4156} INFO - Setting next_dagrun for example_task_group to None, run_after=None
[2024-09-18T11:59:44.347+0100] {processor.py:208} INFO - Processing /Users/ds2718/Documents/test_python_airflow/airflow/py_venv/lib/python3.12/site-packages/airflow/example_dags/example_task_group.py took 0.072 seconds
[2024-09-18T12:00:17.049+0100] {processor.py:186} INFO - Started process (PID=11439) to work on /Users/ds2718/Documents/test_python_airflow/airflow/py_venv/lib/python3.12/site-packages/airflow/example_dags/example_task_group.py
[2024-09-18T12:00:17.051+0100] {processor.py:914} INFO - Processing file /Users/ds2718/Documents/test_python_airflow/airflow/py_venv/lib/python3.12/site-packages/airflow/example_dags/example_task_group.py for tasks to queue
[2024-09-18T12:00:17.052+0100] {logging_mixin.py:190} INFO - [2024-09-18T12:00:17.052+0100] {dagbag.py:587} INFO - Filling up the DagBag from /Users/ds2718/Documents/test_python_airflow/airflow/py_venv/lib/python3.12/site-packages/airflow/example_dags/example_task_group.py
[2024-09-18T12:00:17.057+0100] {processor.py:925} INFO - DAG(s) 'example_task_group' retrieved from /Users/ds2718/Documents/test_python_airflow/airflow/py_venv/lib/python3.12/site-packages/airflow/example_dags/example_task_group.py
[2024-09-18T12:00:17.100+0100] {logging_mixin.py:190} INFO - [2024-09-18T12:00:17.100+0100] {dag.py:3229} INFO - Sync 1 DAGs
[2024-09-18T12:00:17.107+0100] {logging_mixin.py:190} INFO - [2024-09-18T12:00:17.107+0100] {dag.py:4156} INFO - Setting next_dagrun for example_task_group to None, run_after=None
[2024-09-18T12:00:17.117+0100] {processor.py:208} INFO - Processing /Users/ds2718/Documents/test_python_airflow/airflow/py_venv/lib/python3.12/site-packages/airflow/example_dags/example_task_group.py took 0.075 seconds
[2024-09-18T12:00:50.331+0100] {processor.py:186} INFO - Started process (PID=11607) to work on /Users/ds2718/Documents/test_python_airflow/airflow/py_venv/lib/python3.12/site-packages/airflow/example_dags/example_task_group.py
[2024-09-18T12:00:50.332+0100] {processor.py:914} INFO - Processing file /Users/ds2718/Documents/test_python_airflow/airflow/py_venv/lib/python3.12/site-packages/airflow/example_dags/example_task_group.py for tasks to queue
[2024-09-18T12:00:50.333+0100] {logging_mixin.py:190} INFO - [2024-09-18T12:00:50.333+0100] {dagbag.py:587} INFO - Filling up the DagBag from /Users/ds2718/Documents/test_python_airflow/airflow/py_venv/lib/python3.12/site-packages/airflow/example_dags/example_task_group.py
[2024-09-18T12:00:50.338+0100] {processor.py:925} INFO - DAG(s) 'example_task_group' retrieved from /Users/ds2718/Documents/test_python_airflow/airflow/py_venv/lib/python3.12/site-packages/airflow/example_dags/example_task_group.py
[2024-09-18T12:00:50.382+0100] {logging_mixin.py:190} INFO - [2024-09-18T12:00:50.382+0100] {dag.py:3229} INFO - Sync 1 DAGs
[2024-09-18T12:00:50.390+0100] {logging_mixin.py:190} INFO - [2024-09-18T12:00:50.390+0100] {dag.py:4156} INFO - Setting next_dagrun for example_task_group to None, run_after=None
[2024-09-18T12:00:50.404+0100] {processor.py:208} INFO - Processing /Users/ds2718/Documents/test_python_airflow/airflow/py_venv/lib/python3.12/site-packages/airflow/example_dags/example_task_group.py took 0.075 seconds
[2024-09-18T12:01:32.666+0100] {processor.py:186} INFO - Started process (PID=11820) to work on /Users/ds2718/Documents/test_python_airflow/airflow/py_venv/lib/python3.12/site-packages/airflow/example_dags/example_task_group.py
[2024-09-18T12:01:32.667+0100] {processor.py:914} INFO - Processing file /Users/ds2718/Documents/test_python_airflow/airflow/py_venv/lib/python3.12/site-packages/airflow/example_dags/example_task_group.py for tasks to queue
[2024-09-18T12:01:32.667+0100] {logging_mixin.py:190} INFO - [2024-09-18T12:01:32.667+0100] {dagbag.py:587} INFO - Filling up the DagBag from /Users/ds2718/Documents/test_python_airflow/airflow/py_venv/lib/python3.12/site-packages/airflow/example_dags/example_task_group.py
[2024-09-18T12:01:32.674+0100] {processor.py:925} INFO - DAG(s) 'example_task_group' retrieved from /Users/ds2718/Documents/test_python_airflow/airflow/py_venv/lib/python3.12/site-packages/airflow/example_dags/example_task_group.py
[2024-09-18T12:01:32.728+0100] {logging_mixin.py:190} INFO - [2024-09-18T12:01:32.728+0100] {dag.py:3229} INFO - Sync 1 DAGs
[2024-09-18T12:01:32.734+0100] {logging_mixin.py:190} INFO - [2024-09-18T12:01:32.734+0100] {dag.py:4156} INFO - Setting next_dagrun for example_task_group to None, run_after=None
[2024-09-18T12:01:32.745+0100] {processor.py:208} INFO - Processing /Users/ds2718/Documents/test_python_airflow/airflow/py_venv/lib/python3.12/site-packages/airflow/example_dags/example_task_group.py took 0.085 seconds
[2024-09-18T12:06:30.062+0100] {processor.py:186} INFO - Started process (PID=12009) to work on /Users/ds2718/Documents/test_python_airflow/airflow/py_venv/lib/python3.12/site-packages/airflow/example_dags/example_task_group.py
[2024-09-18T12:06:30.063+0100] {processor.py:914} INFO - Processing file /Users/ds2718/Documents/test_python_airflow/airflow/py_venv/lib/python3.12/site-packages/airflow/example_dags/example_task_group.py for tasks to queue
[2024-09-18T12:06:30.064+0100] {logging_mixin.py:190} INFO - [2024-09-18T12:06:30.064+0100] {dagbag.py:587} INFO - Filling up the DagBag from /Users/ds2718/Documents/test_python_airflow/airflow/py_venv/lib/python3.12/site-packages/airflow/example_dags/example_task_group.py
[2024-09-18T12:06:30.068+0100] {processor.py:925} INFO - DAG(s) 'example_task_group' retrieved from /Users/ds2718/Documents/test_python_airflow/airflow/py_venv/lib/python3.12/site-packages/airflow/example_dags/example_task_group.py
[2024-09-18T12:06:30.109+0100] {logging_mixin.py:190} INFO - [2024-09-18T12:06:30.109+0100] {dag.py:3229} INFO - Sync 1 DAGs
[2024-09-18T12:06:30.115+0100] {logging_mixin.py:190} INFO - [2024-09-18T12:06:30.115+0100] {dag.py:4156} INFO - Setting next_dagrun for example_task_group to None, run_after=None
[2024-09-18T12:06:30.129+0100] {processor.py:208} INFO - Processing /Users/ds2718/Documents/test_python_airflow/airflow/py_venv/lib/python3.12/site-packages/airflow/example_dags/example_task_group.py took 0.075 seconds
[2024-09-18T12:07:04.386+0100] {processor.py:186} INFO - Started process (PID=12159) to work on /Users/ds2718/Documents/test_python_airflow/airflow/py_venv/lib/python3.12/site-packages/airflow/example_dags/example_task_group.py
[2024-09-18T12:07:04.387+0100] {processor.py:914} INFO - Processing file /Users/ds2718/Documents/test_python_airflow/airflow/py_venv/lib/python3.12/site-packages/airflow/example_dags/example_task_group.py for tasks to queue
[2024-09-18T12:07:04.387+0100] {logging_mixin.py:190} INFO - [2024-09-18T12:07:04.387+0100] {dagbag.py:587} INFO - Filling up the DagBag from /Users/ds2718/Documents/test_python_airflow/airflow/py_venv/lib/python3.12/site-packages/airflow/example_dags/example_task_group.py
[2024-09-18T12:07:04.392+0100] {processor.py:925} INFO - DAG(s) 'example_task_group' retrieved from /Users/ds2718/Documents/test_python_airflow/airflow/py_venv/lib/python3.12/site-packages/airflow/example_dags/example_task_group.py
[2024-09-18T12:07:04.434+0100] {logging_mixin.py:190} INFO - [2024-09-18T12:07:04.434+0100] {dag.py:3229} INFO - Sync 1 DAGs
[2024-09-18T12:07:04.440+0100] {logging_mixin.py:190} INFO - [2024-09-18T12:07:04.440+0100] {dag.py:4156} INFO - Setting next_dagrun for example_task_group to None, run_after=None
[2024-09-18T12:07:04.450+0100] {processor.py:208} INFO - Processing /Users/ds2718/Documents/test_python_airflow/airflow/py_venv/lib/python3.12/site-packages/airflow/example_dags/example_task_group.py took 0.070 seconds
[2024-09-18T12:07:39.597+0100] {processor.py:186} INFO - Started process (PID=12357) to work on /Users/ds2718/Documents/test_python_airflow/airflow/py_venv/lib/python3.12/site-packages/airflow/example_dags/example_task_group.py
[2024-09-18T12:07:39.598+0100] {processor.py:914} INFO - Processing file /Users/ds2718/Documents/test_python_airflow/airflow/py_venv/lib/python3.12/site-packages/airflow/example_dags/example_task_group.py for tasks to queue
[2024-09-18T12:07:39.598+0100] {logging_mixin.py:190} INFO - [2024-09-18T12:07:39.598+0100] {dagbag.py:587} INFO - Filling up the DagBag from /Users/ds2718/Documents/test_python_airflow/airflow/py_venv/lib/python3.12/site-packages/airflow/example_dags/example_task_group.py
[2024-09-18T12:07:39.603+0100] {processor.py:925} INFO - DAG(s) 'example_task_group' retrieved from /Users/ds2718/Documents/test_python_airflow/airflow/py_venv/lib/python3.12/site-packages/airflow/example_dags/example_task_group.py
[2024-09-18T12:07:39.647+0100] {logging_mixin.py:190} INFO - [2024-09-18T12:07:39.647+0100] {dag.py:3229} INFO - Sync 1 DAGs
[2024-09-18T12:07:39.653+0100] {logging_mixin.py:190} INFO - [2024-09-18T12:07:39.653+0100] {dag.py:4156} INFO - Setting next_dagrun for example_task_group to None, run_after=None
[2024-09-18T12:07:39.675+0100] {processor.py:208} INFO - Processing /Users/ds2718/Documents/test_python_airflow/airflow/py_venv/lib/python3.12/site-packages/airflow/example_dags/example_task_group.py took 0.081 seconds
[2024-09-18T12:08:22.089+0100] {processor.py:186} INFO - Started process (PID=12499) to work on /Users/ds2718/Documents/test_python_airflow/airflow/py_venv/lib/python3.12/site-packages/airflow/example_dags/example_task_group.py
[2024-09-18T12:08:22.092+0100] {processor.py:914} INFO - Processing file /Users/ds2718/Documents/test_python_airflow/airflow/py_venv/lib/python3.12/site-packages/airflow/example_dags/example_task_group.py for tasks to queue
[2024-09-18T12:08:22.092+0100] {logging_mixin.py:190} INFO - [2024-09-18T12:08:22.092+0100] {dagbag.py:587} INFO - Filling up the DagBag from /Users/ds2718/Documents/test_python_airflow/airflow/py_venv/lib/python3.12/site-packages/airflow/example_dags/example_task_group.py
[2024-09-18T12:08:22.099+0100] {processor.py:925} INFO - DAG(s) 'example_task_group' retrieved from /Users/ds2718/Documents/test_python_airflow/airflow/py_venv/lib/python3.12/site-packages/airflow/example_dags/example_task_group.py
[2024-09-18T12:08:22.149+0100] {logging_mixin.py:190} INFO - [2024-09-18T12:08:22.149+0100] {dag.py:3229} INFO - Sync 1 DAGs
[2024-09-18T12:08:22.155+0100] {logging_mixin.py:190} INFO - [2024-09-18T12:08:22.155+0100] {dag.py:4156} INFO - Setting next_dagrun for example_task_group to None, run_after=None
[2024-09-18T12:08:22.168+0100] {processor.py:208} INFO - Processing /Users/ds2718/Documents/test_python_airflow/airflow/py_venv/lib/python3.12/site-packages/airflow/example_dags/example_task_group.py took 0.085 seconds
[2024-09-18T12:08:55.808+0100] {processor.py:186} INFO - Started process (PID=12697) to work on /Users/ds2718/Documents/test_python_airflow/airflow/py_venv/lib/python3.12/site-packages/airflow/example_dags/example_task_group.py
[2024-09-18T12:08:55.809+0100] {processor.py:914} INFO - Processing file /Users/ds2718/Documents/test_python_airflow/airflow/py_venv/lib/python3.12/site-packages/airflow/example_dags/example_task_group.py for tasks to queue
[2024-09-18T12:08:55.810+0100] {logging_mixin.py:190} INFO - [2024-09-18T12:08:55.810+0100] {dagbag.py:587} INFO - Filling up the DagBag from /Users/ds2718/Documents/test_python_airflow/airflow/py_venv/lib/python3.12/site-packages/airflow/example_dags/example_task_group.py
[2024-09-18T12:08:55.820+0100] {processor.py:925} INFO - DAG(s) 'example_task_group' retrieved from /Users/ds2718/Documents/test_python_airflow/airflow/py_venv/lib/python3.12/site-packages/airflow/example_dags/example_task_group.py
[2024-09-18T12:08:55.863+0100] {logging_mixin.py:190} INFO - [2024-09-18T12:08:55.863+0100] {dag.py:3229} INFO - Sync 1 DAGs
[2024-09-18T12:08:55.871+0100] {logging_mixin.py:190} INFO - [2024-09-18T12:08:55.871+0100] {dag.py:4156} INFO - Setting next_dagrun for example_task_group to None, run_after=None
[2024-09-18T12:08:55.909+0100] {processor.py:208} INFO - Processing /Users/ds2718/Documents/test_python_airflow/airflow/py_venv/lib/python3.12/site-packages/airflow/example_dags/example_task_group.py took 0.107 seconds
[2024-09-18T12:09:30.416+0100] {processor.py:186} INFO - Started process (PID=12858) to work on /Users/ds2718/Documents/test_python_airflow/airflow/py_venv/lib/python3.12/site-packages/airflow/example_dags/example_task_group.py
[2024-09-18T12:09:30.417+0100] {processor.py:914} INFO - Processing file /Users/ds2718/Documents/test_python_airflow/airflow/py_venv/lib/python3.12/site-packages/airflow/example_dags/example_task_group.py for tasks to queue
[2024-09-18T12:09:30.417+0100] {logging_mixin.py:190} INFO - [2024-09-18T12:09:30.417+0100] {dagbag.py:587} INFO - Filling up the DagBag from /Users/ds2718/Documents/test_python_airflow/airflow/py_venv/lib/python3.12/site-packages/airflow/example_dags/example_task_group.py
[2024-09-18T12:09:30.421+0100] {processor.py:925} INFO - DAG(s) 'example_task_group' retrieved from /Users/ds2718/Documents/test_python_airflow/airflow/py_venv/lib/python3.12/site-packages/airflow/example_dags/example_task_group.py
[2024-09-18T12:09:30.462+0100] {logging_mixin.py:190} INFO - [2024-09-18T12:09:30.462+0100] {dag.py:3229} INFO - Sync 1 DAGs
[2024-09-18T12:09:30.467+0100] {logging_mixin.py:190} INFO - [2024-09-18T12:09:30.467+0100] {dag.py:4156} INFO - Setting next_dagrun for example_task_group to None, run_after=None
[2024-09-18T12:09:30.476+0100] {processor.py:208} INFO - Processing /Users/ds2718/Documents/test_python_airflow/airflow/py_venv/lib/python3.12/site-packages/airflow/example_dags/example_task_group.py took 0.062 seconds
[2024-09-18T12:10:04.027+0100] {processor.py:186} INFO - Started process (PID=13047) to work on /Users/ds2718/Documents/test_python_airflow/airflow/py_venv/lib/python3.12/site-packages/airflow/example_dags/example_task_group.py
[2024-09-18T12:10:04.027+0100] {processor.py:914} INFO - Processing file /Users/ds2718/Documents/test_python_airflow/airflow/py_venv/lib/python3.12/site-packages/airflow/example_dags/example_task_group.py for tasks to queue
[2024-09-18T12:10:04.028+0100] {logging_mixin.py:190} INFO - [2024-09-18T12:10:04.028+0100] {dagbag.py:587} INFO - Filling up the DagBag from /Users/ds2718/Documents/test_python_airflow/airflow/py_venv/lib/python3.12/site-packages/airflow/example_dags/example_task_group.py
[2024-09-18T12:10:04.033+0100] {processor.py:925} INFO - DAG(s) 'example_task_group' retrieved from /Users/ds2718/Documents/test_python_airflow/airflow/py_venv/lib/python3.12/site-packages/airflow/example_dags/example_task_group.py
[2024-09-18T12:10:04.076+0100] {logging_mixin.py:190} INFO - [2024-09-18T12:10:04.076+0100] {dag.py:3229} INFO - Sync 1 DAGs
[2024-09-18T12:10:04.084+0100] {logging_mixin.py:190} INFO - [2024-09-18T12:10:04.084+0100] {dag.py:4156} INFO - Setting next_dagrun for example_task_group to None, run_after=None
[2024-09-18T12:10:04.099+0100] {processor.py:208} INFO - Processing /Users/ds2718/Documents/test_python_airflow/airflow/py_venv/lib/python3.12/site-packages/airflow/example_dags/example_task_group.py took 0.077 seconds
[2024-09-18T12:10:37.837+0100] {processor.py:186} INFO - Started process (PID=13190) to work on /Users/ds2718/Documents/test_python_airflow/airflow/py_venv/lib/python3.12/site-packages/airflow/example_dags/example_task_group.py
[2024-09-18T12:10:37.838+0100] {processor.py:914} INFO - Processing file /Users/ds2718/Documents/test_python_airflow/airflow/py_venv/lib/python3.12/site-packages/airflow/example_dags/example_task_group.py for tasks to queue
[2024-09-18T12:10:37.838+0100] {logging_mixin.py:190} INFO - [2024-09-18T12:10:37.838+0100] {dagbag.py:587} INFO - Filling up the DagBag from /Users/ds2718/Documents/test_python_airflow/airflow/py_venv/lib/python3.12/site-packages/airflow/example_dags/example_task_group.py
[2024-09-18T12:10:37.844+0100] {processor.py:925} INFO - DAG(s) 'example_task_group' retrieved from /Users/ds2718/Documents/test_python_airflow/airflow/py_venv/lib/python3.12/site-packages/airflow/example_dags/example_task_group.py
[2024-09-18T12:10:37.904+0100] {logging_mixin.py:190} INFO - [2024-09-18T12:10:37.904+0100] {dag.py:3229} INFO - Sync 1 DAGs
[2024-09-18T12:10:37.912+0100] {logging_mixin.py:190} INFO - [2024-09-18T12:10:37.912+0100] {dag.py:4156} INFO - Setting next_dagrun for example_task_group to None, run_after=None
[2024-09-18T12:10:37.927+0100] {processor.py:208} INFO - Processing /Users/ds2718/Documents/test_python_airflow/airflow/py_venv/lib/python3.12/site-packages/airflow/example_dags/example_task_group.py took 0.096 seconds
[2024-09-18T12:11:11.397+0100] {processor.py:186} INFO - Started process (PID=13353) to work on /Users/ds2718/Documents/test_python_airflow/airflow/py_venv/lib/python3.12/site-packages/airflow/example_dags/example_task_group.py
[2024-09-18T12:11:11.398+0100] {processor.py:914} INFO - Processing file /Users/ds2718/Documents/test_python_airflow/airflow/py_venv/lib/python3.12/site-packages/airflow/example_dags/example_task_group.py for tasks to queue
[2024-09-18T12:11:11.398+0100] {logging_mixin.py:190} INFO - [2024-09-18T12:11:11.398+0100] {dagbag.py:587} INFO - Filling up the DagBag from /Users/ds2718/Documents/test_python_airflow/airflow/py_venv/lib/python3.12/site-packages/airflow/example_dags/example_task_group.py
[2024-09-18T12:11:11.403+0100] {processor.py:925} INFO - DAG(s) 'example_task_group' retrieved from /Users/ds2718/Documents/test_python_airflow/airflow/py_venv/lib/python3.12/site-packages/airflow/example_dags/example_task_group.py
[2024-09-18T12:11:11.445+0100] {logging_mixin.py:190} INFO - [2024-09-18T12:11:11.445+0100] {dag.py:3229} INFO - Sync 1 DAGs
[2024-09-18T12:11:11.453+0100] {logging_mixin.py:190} INFO - [2024-09-18T12:11:11.453+0100] {dag.py:4156} INFO - Setting next_dagrun for example_task_group to None, run_after=None
[2024-09-18T12:11:11.462+0100] {processor.py:208} INFO - Processing /Users/ds2718/Documents/test_python_airflow/airflow/py_venv/lib/python3.12/site-packages/airflow/example_dags/example_task_group.py took 0.071 seconds
[2024-09-18T12:11:44.602+0100] {processor.py:186} INFO - Started process (PID=13499) to work on /Users/ds2718/Documents/test_python_airflow/airflow/py_venv/lib/python3.12/site-packages/airflow/example_dags/example_task_group.py
[2024-09-18T12:11:44.603+0100] {processor.py:914} INFO - Processing file /Users/ds2718/Documents/test_python_airflow/airflow/py_venv/lib/python3.12/site-packages/airflow/example_dags/example_task_group.py for tasks to queue
[2024-09-18T12:11:44.603+0100] {logging_mixin.py:190} INFO - [2024-09-18T12:11:44.603+0100] {dagbag.py:587} INFO - Filling up the DagBag from /Users/ds2718/Documents/test_python_airflow/airflow/py_venv/lib/python3.12/site-packages/airflow/example_dags/example_task_group.py
[2024-09-18T12:11:44.608+0100] {processor.py:925} INFO - DAG(s) 'example_task_group' retrieved from /Users/ds2718/Documents/test_python_airflow/airflow/py_venv/lib/python3.12/site-packages/airflow/example_dags/example_task_group.py
[2024-09-18T12:11:44.649+0100] {logging_mixin.py:190} INFO - [2024-09-18T12:11:44.649+0100] {dag.py:3229} INFO - Sync 1 DAGs
[2024-09-18T12:11:44.656+0100] {logging_mixin.py:190} INFO - [2024-09-18T12:11:44.656+0100] {dag.py:4156} INFO - Setting next_dagrun for example_task_group to None, run_after=None
[2024-09-18T12:11:44.666+0100] {processor.py:208} INFO - Processing /Users/ds2718/Documents/test_python_airflow/airflow/py_venv/lib/python3.12/site-packages/airflow/example_dags/example_task_group.py took 0.069 seconds
[2024-09-18T12:12:18.675+0100] {processor.py:186} INFO - Started process (PID=13658) to work on /Users/ds2718/Documents/test_python_airflow/airflow/py_venv/lib/python3.12/site-packages/airflow/example_dags/example_task_group.py
[2024-09-18T12:12:18.676+0100] {processor.py:914} INFO - Processing file /Users/ds2718/Documents/test_python_airflow/airflow/py_venv/lib/python3.12/site-packages/airflow/example_dags/example_task_group.py for tasks to queue
[2024-09-18T12:12:18.676+0100] {logging_mixin.py:190} INFO - [2024-09-18T12:12:18.676+0100] {dagbag.py:587} INFO - Filling up the DagBag from /Users/ds2718/Documents/test_python_airflow/airflow/py_venv/lib/python3.12/site-packages/airflow/example_dags/example_task_group.py
[2024-09-18T12:12:18.681+0100] {processor.py:925} INFO - DAG(s) 'example_task_group' retrieved from /Users/ds2718/Documents/test_python_airflow/airflow/py_venv/lib/python3.12/site-packages/airflow/example_dags/example_task_group.py
[2024-09-18T12:12:18.723+0100] {logging_mixin.py:190} INFO - [2024-09-18T12:12:18.723+0100] {dag.py:3229} INFO - Sync 1 DAGs
[2024-09-18T12:12:18.730+0100] {logging_mixin.py:190} INFO - [2024-09-18T12:12:18.730+0100] {dag.py:4156} INFO - Setting next_dagrun for example_task_group to None, run_after=None
[2024-09-18T12:12:18.744+0100] {processor.py:208} INFO - Processing /Users/ds2718/Documents/test_python_airflow/airflow/py_venv/lib/python3.12/site-packages/airflow/example_dags/example_task_group.py took 0.073 seconds
[2024-09-18T12:12:53.150+0100] {processor.py:186} INFO - Started process (PID=13836) to work on /Users/ds2718/Documents/test_python_airflow/airflow/py_venv/lib/python3.12/site-packages/airflow/example_dags/example_task_group.py
[2024-09-18T12:12:53.151+0100] {processor.py:914} INFO - Processing file /Users/ds2718/Documents/test_python_airflow/airflow/py_venv/lib/python3.12/site-packages/airflow/example_dags/example_task_group.py for tasks to queue
[2024-09-18T12:12:53.151+0100] {logging_mixin.py:190} INFO - [2024-09-18T12:12:53.151+0100] {dagbag.py:587} INFO - Filling up the DagBag from /Users/ds2718/Documents/test_python_airflow/airflow/py_venv/lib/python3.12/site-packages/airflow/example_dags/example_task_group.py
[2024-09-18T12:12:53.156+0100] {processor.py:925} INFO - DAG(s) 'example_task_group' retrieved from /Users/ds2718/Documents/test_python_airflow/airflow/py_venv/lib/python3.12/site-packages/airflow/example_dags/example_task_group.py
[2024-09-18T12:12:53.197+0100] {logging_mixin.py:190} INFO - [2024-09-18T12:12:53.197+0100] {dag.py:3229} INFO - Sync 1 DAGs
[2024-09-18T12:12:53.204+0100] {logging_mixin.py:190} INFO - [2024-09-18T12:12:53.204+0100] {dag.py:4156} INFO - Setting next_dagrun for example_task_group to None, run_after=None
[2024-09-18T12:12:53.213+0100] {processor.py:208} INFO - Processing /Users/ds2718/Documents/test_python_airflow/airflow/py_venv/lib/python3.12/site-packages/airflow/example_dags/example_task_group.py took 0.064 seconds
[2024-09-18T12:13:28.798+0100] {processor.py:186} INFO - Started process (PID=14003) to work on /Users/ds2718/Documents/test_python_airflow/airflow/py_venv/lib/python3.12/site-packages/airflow/example_dags/example_task_group.py
[2024-09-18T12:13:28.800+0100] {processor.py:914} INFO - Processing file /Users/ds2718/Documents/test_python_airflow/airflow/py_venv/lib/python3.12/site-packages/airflow/example_dags/example_task_group.py for tasks to queue
[2024-09-18T12:13:28.801+0100] {logging_mixin.py:190} INFO - [2024-09-18T12:13:28.801+0100] {dagbag.py:587} INFO - Filling up the DagBag from /Users/ds2718/Documents/test_python_airflow/airflow/py_venv/lib/python3.12/site-packages/airflow/example_dags/example_task_group.py
[2024-09-18T12:13:28.807+0100] {processor.py:925} INFO - DAG(s) 'example_task_group' retrieved from /Users/ds2718/Documents/test_python_airflow/airflow/py_venv/lib/python3.12/site-packages/airflow/example_dags/example_task_group.py
[2024-09-18T12:13:28.857+0100] {logging_mixin.py:190} INFO - [2024-09-18T12:13:28.857+0100] {dag.py:3229} INFO - Sync 1 DAGs
[2024-09-18T12:13:28.864+0100] {logging_mixin.py:190} INFO - [2024-09-18T12:13:28.864+0100] {dag.py:4156} INFO - Setting next_dagrun for example_task_group to None, run_after=None
[2024-09-18T12:13:28.880+0100] {processor.py:208} INFO - Processing /Users/ds2718/Documents/test_python_airflow/airflow/py_venv/lib/python3.12/site-packages/airflow/example_dags/example_task_group.py took 0.088 seconds
[2024-09-18T12:14:03.509+0100] {processor.py:186} INFO - Started process (PID=14190) to work on /Users/ds2718/Documents/test_python_airflow/airflow/py_venv/lib/python3.12/site-packages/airflow/example_dags/example_task_group.py
[2024-09-18T12:14:03.509+0100] {processor.py:914} INFO - Processing file /Users/ds2718/Documents/test_python_airflow/airflow/py_venv/lib/python3.12/site-packages/airflow/example_dags/example_task_group.py for tasks to queue
[2024-09-18T12:14:03.510+0100] {logging_mixin.py:190} INFO - [2024-09-18T12:14:03.510+0100] {dagbag.py:587} INFO - Filling up the DagBag from /Users/ds2718/Documents/test_python_airflow/airflow/py_venv/lib/python3.12/site-packages/airflow/example_dags/example_task_group.py
[2024-09-18T12:14:03.515+0100] {processor.py:925} INFO - DAG(s) 'example_task_group' retrieved from /Users/ds2718/Documents/test_python_airflow/airflow/py_venv/lib/python3.12/site-packages/airflow/example_dags/example_task_group.py
[2024-09-18T12:14:03.557+0100] {logging_mixin.py:190} INFO - [2024-09-18T12:14:03.557+0100] {dag.py:3229} INFO - Sync 1 DAGs
[2024-09-18T12:14:03.564+0100] {logging_mixin.py:190} INFO - [2024-09-18T12:14:03.564+0100] {dag.py:4156} INFO - Setting next_dagrun for example_task_group to None, run_after=None
[2024-09-18T12:14:03.573+0100] {processor.py:208} INFO - Processing /Users/ds2718/Documents/test_python_airflow/airflow/py_venv/lib/python3.12/site-packages/airflow/example_dags/example_task_group.py took 0.070 seconds
