[2024-09-18T11:53:59.142+0100] {processor.py:186} INFO - Started process (PID=9423) to work on /Users/ds2718/Documents/test_python_airflow/airflow/py_venv/lib/python3.12/site-packages/airflow/example_dags/tutorial_dag.py
[2024-09-18T11:53:59.143+0100] {processor.py:914} INFO - Processing file /Users/ds2718/Documents/test_python_airflow/airflow/py_venv/lib/python3.12/site-packages/airflow/example_dags/tutorial_dag.py for tasks to queue
[2024-09-18T11:53:59.143+0100] {logging_mixin.py:190} INFO - [2024-09-18T11:53:59.143+0100] {dagbag.py:587} INFO - Filling up the DagBag from /Users/ds2718/Documents/test_python_airflow/airflow/py_venv/lib/python3.12/site-packages/airflow/example_dags/tutorial_dag.py
[2024-09-18T11:53:59.154+0100] {processor.py:925} INFO - DAG(s) 'tutorial_dag' retrieved from /Users/ds2718/Documents/test_python_airflow/airflow/py_venv/lib/python3.12/site-packages/airflow/example_dags/tutorial_dag.py
[2024-09-18T11:53:59.257+0100] {logging_mixin.py:190} INFO - [2024-09-18T11:53:59.256+0100] {override.py:1900} INFO - Created Permission View: can read on DAG:tutorial_dag
[2024-09-18T11:53:59.261+0100] {logging_mixin.py:190} INFO - [2024-09-18T11:53:59.261+0100] {override.py:1900} INFO - Created Permission View: can delete on DAG:tutorial_dag
[2024-09-18T11:53:59.263+0100] {logging_mixin.py:190} INFO - [2024-09-18T11:53:59.263+0100] {override.py:1900} INFO - Created Permission View: can edit on DAG:tutorial_dag
[2024-09-18T11:53:59.265+0100] {logging_mixin.py:190} INFO - [2024-09-18T11:53:59.265+0100] {override.py:1900} INFO - Created Permission View: menu access on DAG Run:tutorial_dag
[2024-09-18T11:53:59.267+0100] {logging_mixin.py:190} INFO - [2024-09-18T11:53:59.267+0100] {override.py:1900} INFO - Created Permission View: can read on DAG Run:tutorial_dag
[2024-09-18T11:53:59.269+0100] {logging_mixin.py:190} INFO - [2024-09-18T11:53:59.269+0100] {override.py:1900} INFO - Created Permission View: can delete on DAG Run:tutorial_dag
[2024-09-18T11:53:59.271+0100] {logging_mixin.py:190} INFO - [2024-09-18T11:53:59.271+0100] {override.py:1900} INFO - Created Permission View: can create on DAG Run:tutorial_dag
[2024-09-18T11:53:59.271+0100] {logging_mixin.py:190} INFO - [2024-09-18T11:53:59.271+0100] {dag.py:3229} INFO - Sync 1 DAGs
[2024-09-18T11:53:59.276+0100] {logging_mixin.py:190} INFO - [2024-09-18T11:53:59.276+0100] {dag.py:3252} INFO - Creating ORM DAG for tutorial_dag
[2024-09-18T11:53:59.276+0100] {logging_mixin.py:190} INFO - [2024-09-18T11:53:59.276+0100] {dag.py:4156} INFO - Setting next_dagrun for tutorial_dag to None, run_after=None
[2024-09-18T11:53:59.282+0100] {processor.py:208} INFO - Processing /Users/ds2718/Documents/test_python_airflow/airflow/py_venv/lib/python3.12/site-packages/airflow/example_dags/tutorial_dag.py took 0.141 seconds
[2024-09-18T11:54:33.810+0100] {processor.py:186} INFO - Started process (PID=9568) to work on /Users/ds2718/Documents/test_python_airflow/airflow/py_venv/lib/python3.12/site-packages/airflow/example_dags/tutorial_dag.py
[2024-09-18T11:54:33.811+0100] {processor.py:914} INFO - Processing file /Users/ds2718/Documents/test_python_airflow/airflow/py_venv/lib/python3.12/site-packages/airflow/example_dags/tutorial_dag.py for tasks to queue
[2024-09-18T11:54:33.811+0100] {logging_mixin.py:190} INFO - [2024-09-18T11:54:33.811+0100] {dagbag.py:587} INFO - Filling up the DagBag from /Users/ds2718/Documents/test_python_airflow/airflow/py_venv/lib/python3.12/site-packages/airflow/example_dags/tutorial_dag.py
[2024-09-18T11:54:33.826+0100] {processor.py:925} INFO - DAG(s) 'tutorial_dag' retrieved from /Users/ds2718/Documents/test_python_airflow/airflow/py_venv/lib/python3.12/site-packages/airflow/example_dags/tutorial_dag.py
[2024-09-18T11:54:33.863+0100] {logging_mixin.py:190} INFO - [2024-09-18T11:54:33.863+0100] {dag.py:3229} INFO - Sync 1 DAGs
[2024-09-18T11:54:33.870+0100] {logging_mixin.py:190} INFO - [2024-09-18T11:54:33.870+0100] {dag.py:4156} INFO - Setting next_dagrun for tutorial_dag to None, run_after=None
[2024-09-18T11:54:33.882+0100] {processor.py:208} INFO - Processing /Users/ds2718/Documents/test_python_airflow/airflow/py_venv/lib/python3.12/site-packages/airflow/example_dags/tutorial_dag.py took 0.091 seconds
[2024-09-18T11:55:08.473+0100] {processor.py:186} INFO - Started process (PID=9790) to work on /Users/ds2718/Documents/test_python_airflow/airflow/py_venv/lib/python3.12/site-packages/airflow/example_dags/tutorial_dag.py
[2024-09-18T11:55:08.474+0100] {processor.py:914} INFO - Processing file /Users/ds2718/Documents/test_python_airflow/airflow/py_venv/lib/python3.12/site-packages/airflow/example_dags/tutorial_dag.py for tasks to queue
[2024-09-18T11:55:08.474+0100] {logging_mixin.py:190} INFO - [2024-09-18T11:55:08.474+0100] {dagbag.py:587} INFO - Filling up the DagBag from /Users/ds2718/Documents/test_python_airflow/airflow/py_venv/lib/python3.12/site-packages/airflow/example_dags/tutorial_dag.py
[2024-09-18T11:55:08.488+0100] {processor.py:925} INFO - DAG(s) 'tutorial_dag' retrieved from /Users/ds2718/Documents/test_python_airflow/airflow/py_venv/lib/python3.12/site-packages/airflow/example_dags/tutorial_dag.py
[2024-09-18T11:55:08.549+0100] {logging_mixin.py:190} INFO - [2024-09-18T11:55:08.549+0100] {dag.py:3229} INFO - Sync 1 DAGs
[2024-09-18T11:55:08.556+0100] {logging_mixin.py:190} INFO - [2024-09-18T11:55:08.556+0100] {dag.py:4156} INFO - Setting next_dagrun for tutorial_dag to None, run_after=None
[2024-09-18T11:55:08.571+0100] {processor.py:208} INFO - Processing /Users/ds2718/Documents/test_python_airflow/airflow/py_venv/lib/python3.12/site-packages/airflow/example_dags/tutorial_dag.py took 0.103 seconds
[2024-09-18T11:55:42.125+0100] {processor.py:186} INFO - Started process (PID=9957) to work on /Users/ds2718/Documents/test_python_airflow/airflow/py_venv/lib/python3.12/site-packages/airflow/example_dags/tutorial_dag.py
[2024-09-18T11:55:42.125+0100] {processor.py:914} INFO - Processing file /Users/ds2718/Documents/test_python_airflow/airflow/py_venv/lib/python3.12/site-packages/airflow/example_dags/tutorial_dag.py for tasks to queue
[2024-09-18T11:55:42.126+0100] {logging_mixin.py:190} INFO - [2024-09-18T11:55:42.126+0100] {dagbag.py:587} INFO - Filling up the DagBag from /Users/ds2718/Documents/test_python_airflow/airflow/py_venv/lib/python3.12/site-packages/airflow/example_dags/tutorial_dag.py
[2024-09-18T11:55:42.137+0100] {processor.py:925} INFO - DAG(s) 'tutorial_dag' retrieved from /Users/ds2718/Documents/test_python_airflow/airflow/py_venv/lib/python3.12/site-packages/airflow/example_dags/tutorial_dag.py
[2024-09-18T11:55:42.177+0100] {logging_mixin.py:190} INFO - [2024-09-18T11:55:42.177+0100] {dag.py:3229} INFO - Sync 1 DAGs
[2024-09-18T11:55:42.185+0100] {logging_mixin.py:190} INFO - [2024-09-18T11:55:42.185+0100] {dag.py:4156} INFO - Setting next_dagrun for tutorial_dag to None, run_after=None
[2024-09-18T11:55:42.197+0100] {processor.py:208} INFO - Processing /Users/ds2718/Documents/test_python_airflow/airflow/py_venv/lib/python3.12/site-packages/airflow/example_dags/tutorial_dag.py took 0.075 seconds
[2024-09-18T11:56:16.789+0100] {processor.py:186} INFO - Started process (PID=10125) to work on /Users/ds2718/Documents/test_python_airflow/airflow/py_venv/lib/python3.12/site-packages/airflow/example_dags/tutorial_dag.py
[2024-09-18T11:56:16.790+0100] {processor.py:914} INFO - Processing file /Users/ds2718/Documents/test_python_airflow/airflow/py_venv/lib/python3.12/site-packages/airflow/example_dags/tutorial_dag.py for tasks to queue
[2024-09-18T11:56:16.790+0100] {logging_mixin.py:190} INFO - [2024-09-18T11:56:16.790+0100] {dagbag.py:587} INFO - Filling up the DagBag from /Users/ds2718/Documents/test_python_airflow/airflow/py_venv/lib/python3.12/site-packages/airflow/example_dags/tutorial_dag.py
[2024-09-18T11:56:16.803+0100] {processor.py:925} INFO - DAG(s) 'tutorial_dag' retrieved from /Users/ds2718/Documents/test_python_airflow/airflow/py_venv/lib/python3.12/site-packages/airflow/example_dags/tutorial_dag.py
[2024-09-18T11:56:16.845+0100] {logging_mixin.py:190} INFO - [2024-09-18T11:56:16.845+0100] {dag.py:3229} INFO - Sync 1 DAGs
[2024-09-18T11:56:16.850+0100] {logging_mixin.py:190} INFO - [2024-09-18T11:56:16.850+0100] {dag.py:4156} INFO - Setting next_dagrun for tutorial_dag to None, run_after=None
[2024-09-18T11:56:16.864+0100] {processor.py:208} INFO - Processing /Users/ds2718/Documents/test_python_airflow/airflow/py_venv/lib/python3.12/site-packages/airflow/example_dags/tutorial_dag.py took 0.080 seconds
[2024-09-18T11:56:48.313+0100] {processor.py:186} INFO - Started process (PID=10299) to work on /Users/ds2718/Documents/test_python_airflow/airflow/py_venv/lib/python3.12/site-packages/airflow/example_dags/tutorial_dag.py
[2024-09-18T11:56:48.313+0100] {processor.py:914} INFO - Processing file /Users/ds2718/Documents/test_python_airflow/airflow/py_venv/lib/python3.12/site-packages/airflow/example_dags/tutorial_dag.py for tasks to queue
[2024-09-18T11:56:48.313+0100] {logging_mixin.py:190} INFO - [2024-09-18T11:56:48.313+0100] {dagbag.py:587} INFO - Filling up the DagBag from /Users/ds2718/Documents/test_python_airflow/airflow/py_venv/lib/python3.12/site-packages/airflow/example_dags/tutorial_dag.py
[2024-09-18T11:56:48.327+0100] {processor.py:925} INFO - DAG(s) 'tutorial_dag' retrieved from /Users/ds2718/Documents/test_python_airflow/airflow/py_venv/lib/python3.12/site-packages/airflow/example_dags/tutorial_dag.py
[2024-09-18T11:56:48.379+0100] {logging_mixin.py:190} INFO - [2024-09-18T11:56:48.379+0100] {dag.py:3229} INFO - Sync 1 DAGs
[2024-09-18T11:56:48.386+0100] {logging_mixin.py:190} INFO - [2024-09-18T11:56:48.386+0100] {dag.py:4156} INFO - Setting next_dagrun for tutorial_dag to None, run_after=None
[2024-09-18T11:56:48.401+0100] {processor.py:208} INFO - Processing /Users/ds2718/Documents/test_python_airflow/airflow/py_venv/lib/python3.12/site-packages/airflow/example_dags/tutorial_dag.py took 0.090 seconds
[2024-09-18T11:57:21.402+0100] {processor.py:186} INFO - Started process (PID=10440) to work on /Users/ds2718/Documents/test_python_airflow/airflow/py_venv/lib/python3.12/site-packages/airflow/example_dags/tutorial_dag.py
[2024-09-18T11:57:21.403+0100] {processor.py:914} INFO - Processing file /Users/ds2718/Documents/test_python_airflow/airflow/py_venv/lib/python3.12/site-packages/airflow/example_dags/tutorial_dag.py for tasks to queue
[2024-09-18T11:57:21.403+0100] {logging_mixin.py:190} INFO - [2024-09-18T11:57:21.403+0100] {dagbag.py:587} INFO - Filling up the DagBag from /Users/ds2718/Documents/test_python_airflow/airflow/py_venv/lib/python3.12/site-packages/airflow/example_dags/tutorial_dag.py
[2024-09-18T11:57:21.417+0100] {processor.py:925} INFO - DAG(s) 'tutorial_dag' retrieved from /Users/ds2718/Documents/test_python_airflow/airflow/py_venv/lib/python3.12/site-packages/airflow/example_dags/tutorial_dag.py
[2024-09-18T11:57:21.472+0100] {logging_mixin.py:190} INFO - [2024-09-18T11:57:21.471+0100] {dag.py:3229} INFO - Sync 1 DAGs
[2024-09-18T11:57:21.479+0100] {logging_mixin.py:190} INFO - [2024-09-18T11:57:21.479+0100] {dag.py:4156} INFO - Setting next_dagrun for tutorial_dag to None, run_after=None
[2024-09-18T11:57:21.493+0100] {processor.py:208} INFO - Processing /Users/ds2718/Documents/test_python_airflow/airflow/py_venv/lib/python3.12/site-packages/airflow/example_dags/tutorial_dag.py took 0.099 seconds
[2024-09-18T11:57:54.297+0100] {processor.py:186} INFO - Started process (PID=10647) to work on /Users/ds2718/Documents/test_python_airflow/airflow/py_venv/lib/python3.12/site-packages/airflow/example_dags/tutorial_dag.py
[2024-09-18T11:57:54.298+0100] {processor.py:914} INFO - Processing file /Users/ds2718/Documents/test_python_airflow/airflow/py_venv/lib/python3.12/site-packages/airflow/example_dags/tutorial_dag.py for tasks to queue
[2024-09-18T11:57:54.298+0100] {logging_mixin.py:190} INFO - [2024-09-18T11:57:54.298+0100] {dagbag.py:587} INFO - Filling up the DagBag from /Users/ds2718/Documents/test_python_airflow/airflow/py_venv/lib/python3.12/site-packages/airflow/example_dags/tutorial_dag.py
[2024-09-18T11:57:54.312+0100] {processor.py:925} INFO - DAG(s) 'tutorial_dag' retrieved from /Users/ds2718/Documents/test_python_airflow/airflow/py_venv/lib/python3.12/site-packages/airflow/example_dags/tutorial_dag.py
[2024-09-18T11:57:54.354+0100] {logging_mixin.py:190} INFO - [2024-09-18T11:57:54.354+0100] {dag.py:3229} INFO - Sync 1 DAGs
[2024-09-18T11:57:54.360+0100] {logging_mixin.py:190} INFO - [2024-09-18T11:57:54.360+0100] {dag.py:4156} INFO - Setting next_dagrun for tutorial_dag to None, run_after=None
[2024-09-18T11:57:54.369+0100] {processor.py:208} INFO - Processing /Users/ds2718/Documents/test_python_airflow/airflow/py_venv/lib/python3.12/site-packages/airflow/example_dags/tutorial_dag.py took 0.076 seconds
[2024-09-18T11:58:29.060+0100] {processor.py:186} INFO - Started process (PID=10824) to work on /Users/ds2718/Documents/test_python_airflow/airflow/py_venv/lib/python3.12/site-packages/airflow/example_dags/tutorial_dag.py
[2024-09-18T11:58:29.062+0100] {processor.py:914} INFO - Processing file /Users/ds2718/Documents/test_python_airflow/airflow/py_venv/lib/python3.12/site-packages/airflow/example_dags/tutorial_dag.py for tasks to queue
[2024-09-18T11:58:29.062+0100] {logging_mixin.py:190} INFO - [2024-09-18T11:58:29.062+0100] {dagbag.py:587} INFO - Filling up the DagBag from /Users/ds2718/Documents/test_python_airflow/airflow/py_venv/lib/python3.12/site-packages/airflow/example_dags/tutorial_dag.py
[2024-09-18T11:58:29.076+0100] {processor.py:925} INFO - DAG(s) 'tutorial_dag' retrieved from /Users/ds2718/Documents/test_python_airflow/airflow/py_venv/lib/python3.12/site-packages/airflow/example_dags/tutorial_dag.py
[2024-09-18T11:58:29.127+0100] {logging_mixin.py:190} INFO - [2024-09-18T11:58:29.127+0100] {dag.py:3229} INFO - Sync 1 DAGs
[2024-09-18T11:58:29.134+0100] {logging_mixin.py:190} INFO - [2024-09-18T11:58:29.134+0100] {dag.py:4156} INFO - Setting next_dagrun for tutorial_dag to None, run_after=None
[2024-09-18T11:58:29.148+0100] {processor.py:208} INFO - Processing /Users/ds2718/Documents/test_python_airflow/airflow/py_venv/lib/python3.12/site-packages/airflow/example_dags/tutorial_dag.py took 0.094 seconds
[2024-09-18T11:59:04.742+0100] {processor.py:186} INFO - Started process (PID=11028) to work on /Users/ds2718/Documents/test_python_airflow/airflow/py_venv/lib/python3.12/site-packages/airflow/example_dags/tutorial_dag.py
[2024-09-18T11:59:04.743+0100] {processor.py:914} INFO - Processing file /Users/ds2718/Documents/test_python_airflow/airflow/py_venv/lib/python3.12/site-packages/airflow/example_dags/tutorial_dag.py for tasks to queue
[2024-09-18T11:59:04.743+0100] {logging_mixin.py:190} INFO - [2024-09-18T11:59:04.743+0100] {dagbag.py:587} INFO - Filling up the DagBag from /Users/ds2718/Documents/test_python_airflow/airflow/py_venv/lib/python3.12/site-packages/airflow/example_dags/tutorial_dag.py
[2024-09-18T11:59:04.753+0100] {processor.py:925} INFO - DAG(s) 'tutorial_dag' retrieved from /Users/ds2718/Documents/test_python_airflow/airflow/py_venv/lib/python3.12/site-packages/airflow/example_dags/tutorial_dag.py
[2024-09-18T11:59:04.794+0100] {logging_mixin.py:190} INFO - [2024-09-18T11:59:04.794+0100] {dag.py:3229} INFO - Sync 1 DAGs
[2024-09-18T11:59:04.801+0100] {logging_mixin.py:190} INFO - [2024-09-18T11:59:04.801+0100] {dag.py:4156} INFO - Setting next_dagrun for tutorial_dag to None, run_after=None
[2024-09-18T11:59:04.811+0100] {processor.py:208} INFO - Processing /Users/ds2718/Documents/test_python_airflow/airflow/py_venv/lib/python3.12/site-packages/airflow/example_dags/tutorial_dag.py took 0.070 seconds
[2024-09-18T11:59:38.000+0100] {processor.py:186} INFO - Started process (PID=11196) to work on /Users/ds2718/Documents/test_python_airflow/airflow/py_venv/lib/python3.12/site-packages/airflow/example_dags/tutorial_dag.py
[2024-09-18T11:59:38.001+0100] {processor.py:914} INFO - Processing file /Users/ds2718/Documents/test_python_airflow/airflow/py_venv/lib/python3.12/site-packages/airflow/example_dags/tutorial_dag.py for tasks to queue
[2024-09-18T11:59:38.002+0100] {logging_mixin.py:190} INFO - [2024-09-18T11:59:38.002+0100] {dagbag.py:587} INFO - Filling up the DagBag from /Users/ds2718/Documents/test_python_airflow/airflow/py_venv/lib/python3.12/site-packages/airflow/example_dags/tutorial_dag.py
[2024-09-18T11:59:38.026+0100] {processor.py:925} INFO - DAG(s) 'tutorial_dag' retrieved from /Users/ds2718/Documents/test_python_airflow/airflow/py_venv/lib/python3.12/site-packages/airflow/example_dags/tutorial_dag.py
[2024-09-18T11:59:38.065+0100] {logging_mixin.py:190} INFO - [2024-09-18T11:59:38.065+0100] {dag.py:3229} INFO - Sync 1 DAGs
[2024-09-18T11:59:38.072+0100] {logging_mixin.py:190} INFO - [2024-09-18T11:59:38.072+0100] {dag.py:4156} INFO - Setting next_dagrun for tutorial_dag to None, run_after=None
[2024-09-18T11:59:38.088+0100] {processor.py:208} INFO - Processing /Users/ds2718/Documents/test_python_airflow/airflow/py_venv/lib/python3.12/site-packages/airflow/example_dags/tutorial_dag.py took 0.095 seconds
[2024-09-18T12:00:09.587+0100] {processor.py:186} INFO - Started process (PID=11402) to work on /Users/ds2718/Documents/test_python_airflow/airflow/py_venv/lib/python3.12/site-packages/airflow/example_dags/tutorial_dag.py
[2024-09-18T12:00:09.587+0100] {processor.py:914} INFO - Processing file /Users/ds2718/Documents/test_python_airflow/airflow/py_venv/lib/python3.12/site-packages/airflow/example_dags/tutorial_dag.py for tasks to queue
[2024-09-18T12:00:09.588+0100] {logging_mixin.py:190} INFO - [2024-09-18T12:00:09.588+0100] {dagbag.py:587} INFO - Filling up the DagBag from /Users/ds2718/Documents/test_python_airflow/airflow/py_venv/lib/python3.12/site-packages/airflow/example_dags/tutorial_dag.py
[2024-09-18T12:00:09.603+0100] {processor.py:925} INFO - DAG(s) 'tutorial_dag' retrieved from /Users/ds2718/Documents/test_python_airflow/airflow/py_venv/lib/python3.12/site-packages/airflow/example_dags/tutorial_dag.py
[2024-09-18T12:00:09.655+0100] {logging_mixin.py:190} INFO - [2024-09-18T12:00:09.655+0100] {dag.py:3229} INFO - Sync 1 DAGs
[2024-09-18T12:00:09.663+0100] {logging_mixin.py:190} INFO - [2024-09-18T12:00:09.663+0100] {dag.py:4156} INFO - Setting next_dagrun for tutorial_dag to None, run_after=None
[2024-09-18T12:00:09.695+0100] {processor.py:208} INFO - Processing /Users/ds2718/Documents/test_python_airflow/airflow/py_venv/lib/python3.12/site-packages/airflow/example_dags/tutorial_dag.py took 0.115 seconds
[2024-09-18T12:00:41.831+0100] {processor.py:186} INFO - Started process (PID=11572) to work on /Users/ds2718/Documents/test_python_airflow/airflow/py_venv/lib/python3.12/site-packages/airflow/example_dags/tutorial_dag.py
[2024-09-18T12:00:41.831+0100] {processor.py:914} INFO - Processing file /Users/ds2718/Documents/test_python_airflow/airflow/py_venv/lib/python3.12/site-packages/airflow/example_dags/tutorial_dag.py for tasks to queue
[2024-09-18T12:00:41.831+0100] {logging_mixin.py:190} INFO - [2024-09-18T12:00:41.831+0100] {dagbag.py:587} INFO - Filling up the DagBag from /Users/ds2718/Documents/test_python_airflow/airflow/py_venv/lib/python3.12/site-packages/airflow/example_dags/tutorial_dag.py
[2024-09-18T12:00:41.845+0100] {processor.py:925} INFO - DAG(s) 'tutorial_dag' retrieved from /Users/ds2718/Documents/test_python_airflow/airflow/py_venv/lib/python3.12/site-packages/airflow/example_dags/tutorial_dag.py
[2024-09-18T12:00:41.900+0100] {logging_mixin.py:190} INFO - [2024-09-18T12:00:41.900+0100] {dag.py:3229} INFO - Sync 1 DAGs
[2024-09-18T12:00:41.907+0100] {logging_mixin.py:190} INFO - [2024-09-18T12:00:41.907+0100] {dag.py:4156} INFO - Setting next_dagrun for tutorial_dag to None, run_after=None
[2024-09-18T12:00:41.922+0100] {processor.py:208} INFO - Processing /Users/ds2718/Documents/test_python_airflow/airflow/py_venv/lib/python3.12/site-packages/airflow/example_dags/tutorial_dag.py took 0.095 seconds
[2024-09-18T12:01:14.993+0100] {processor.py:186} INFO - Started process (PID=11769) to work on /Users/ds2718/Documents/test_python_airflow/airflow/py_venv/lib/python3.12/site-packages/airflow/example_dags/tutorial_dag.py
[2024-09-18T12:01:14.994+0100] {processor.py:914} INFO - Processing file /Users/ds2718/Documents/test_python_airflow/airflow/py_venv/lib/python3.12/site-packages/airflow/example_dags/tutorial_dag.py for tasks to queue
[2024-09-18T12:01:14.995+0100] {logging_mixin.py:190} INFO - [2024-09-18T12:01:14.995+0100] {dagbag.py:587} INFO - Filling up the DagBag from /Users/ds2718/Documents/test_python_airflow/airflow/py_venv/lib/python3.12/site-packages/airflow/example_dags/tutorial_dag.py
[2024-09-18T12:01:15.010+0100] {processor.py:925} INFO - DAG(s) 'tutorial_dag' retrieved from /Users/ds2718/Documents/test_python_airflow/airflow/py_venv/lib/python3.12/site-packages/airflow/example_dags/tutorial_dag.py
[2024-09-18T12:01:15.054+0100] {logging_mixin.py:190} INFO - [2024-09-18T12:01:15.054+0100] {dag.py:3229} INFO - Sync 1 DAGs
[2024-09-18T12:01:15.062+0100] {logging_mixin.py:190} INFO - [2024-09-18T12:01:15.062+0100] {dag.py:4156} INFO - Setting next_dagrun for tutorial_dag to None, run_after=None
[2024-09-18T12:01:15.092+0100] {processor.py:208} INFO - Processing /Users/ds2718/Documents/test_python_airflow/airflow/py_venv/lib/python3.12/site-packages/airflow/example_dags/tutorial_dag.py took 0.100 seconds
[2024-09-18T12:06:24.723+0100] {processor.py:186} INFO - Started process (PID=11953) to work on /Users/ds2718/Documents/test_python_airflow/airflow/py_venv/lib/python3.12/site-packages/airflow/example_dags/tutorial_dag.py
[2024-09-18T12:06:24.724+0100] {processor.py:914} INFO - Processing file /Users/ds2718/Documents/test_python_airflow/airflow/py_venv/lib/python3.12/site-packages/airflow/example_dags/tutorial_dag.py for tasks to queue
[2024-09-18T12:06:24.724+0100] {logging_mixin.py:190} INFO - [2024-09-18T12:06:24.724+0100] {dagbag.py:587} INFO - Filling up the DagBag from /Users/ds2718/Documents/test_python_airflow/airflow/py_venv/lib/python3.12/site-packages/airflow/example_dags/tutorial_dag.py
[2024-09-18T12:06:24.740+0100] {processor.py:925} INFO - DAG(s) 'tutorial_dag' retrieved from /Users/ds2718/Documents/test_python_airflow/airflow/py_venv/lib/python3.12/site-packages/airflow/example_dags/tutorial_dag.py
[2024-09-18T12:06:24.783+0100] {logging_mixin.py:190} INFO - [2024-09-18T12:06:24.783+0100] {dag.py:3229} INFO - Sync 1 DAGs
[2024-09-18T12:06:24.789+0100] {logging_mixin.py:190} INFO - [2024-09-18T12:06:24.789+0100] {dag.py:4156} INFO - Setting next_dagrun for tutorial_dag to None, run_after=None
[2024-09-18T12:06:24.806+0100] {processor.py:208} INFO - Processing /Users/ds2718/Documents/test_python_airflow/airflow/py_venv/lib/python3.12/site-packages/airflow/example_dags/tutorial_dag.py took 0.091 seconds
[2024-09-18T12:06:58.524+0100] {processor.py:186} INFO - Started process (PID=12125) to work on /Users/ds2718/Documents/test_python_airflow/airflow/py_venv/lib/python3.12/site-packages/airflow/example_dags/tutorial_dag.py
[2024-09-18T12:06:58.525+0100] {processor.py:914} INFO - Processing file /Users/ds2718/Documents/test_python_airflow/airflow/py_venv/lib/python3.12/site-packages/airflow/example_dags/tutorial_dag.py for tasks to queue
[2024-09-18T12:06:58.525+0100] {logging_mixin.py:190} INFO - [2024-09-18T12:06:58.525+0100] {dagbag.py:587} INFO - Filling up the DagBag from /Users/ds2718/Documents/test_python_airflow/airflow/py_venv/lib/python3.12/site-packages/airflow/example_dags/tutorial_dag.py
[2024-09-18T12:06:58.539+0100] {processor.py:925} INFO - DAG(s) 'tutorial_dag' retrieved from /Users/ds2718/Documents/test_python_airflow/airflow/py_venv/lib/python3.12/site-packages/airflow/example_dags/tutorial_dag.py
[2024-09-18T12:06:58.582+0100] {logging_mixin.py:190} INFO - [2024-09-18T12:06:58.581+0100] {dag.py:3229} INFO - Sync 1 DAGs
[2024-09-18T12:06:58.589+0100] {logging_mixin.py:190} INFO - [2024-09-18T12:06:58.588+0100] {dag.py:4156} INFO - Setting next_dagrun for tutorial_dag to None, run_after=None
[2024-09-18T12:06:58.604+0100] {processor.py:208} INFO - Processing /Users/ds2718/Documents/test_python_airflow/airflow/py_venv/lib/python3.12/site-packages/airflow/example_dags/tutorial_dag.py took 0.086 seconds
[2024-09-18T12:07:33.567+0100] {processor.py:186} INFO - Started process (PID=12330) to work on /Users/ds2718/Documents/test_python_airflow/airflow/py_venv/lib/python3.12/site-packages/airflow/example_dags/tutorial_dag.py
[2024-09-18T12:07:33.567+0100] {processor.py:914} INFO - Processing file /Users/ds2718/Documents/test_python_airflow/airflow/py_venv/lib/python3.12/site-packages/airflow/example_dags/tutorial_dag.py for tasks to queue
[2024-09-18T12:07:33.568+0100] {logging_mixin.py:190} INFO - [2024-09-18T12:07:33.568+0100] {dagbag.py:587} INFO - Filling up the DagBag from /Users/ds2718/Documents/test_python_airflow/airflow/py_venv/lib/python3.12/site-packages/airflow/example_dags/tutorial_dag.py
[2024-09-18T12:07:33.580+0100] {processor.py:925} INFO - DAG(s) 'tutorial_dag' retrieved from /Users/ds2718/Documents/test_python_airflow/airflow/py_venv/lib/python3.12/site-packages/airflow/example_dags/tutorial_dag.py
[2024-09-18T12:07:33.651+0100] {logging_mixin.py:190} INFO - [2024-09-18T12:07:33.651+0100] {dag.py:3229} INFO - Sync 1 DAGs
[2024-09-18T12:07:33.658+0100] {logging_mixin.py:190} INFO - [2024-09-18T12:07:33.658+0100] {dag.py:4156} INFO - Setting next_dagrun for tutorial_dag to None, run_after=None
[2024-09-18T12:07:33.670+0100] {processor.py:208} INFO - Processing /Users/ds2718/Documents/test_python_airflow/airflow/py_venv/lib/python3.12/site-packages/airflow/example_dags/tutorial_dag.py took 0.106 seconds
[2024-09-18T12:08:16.105+0100] {processor.py:186} INFO - Started process (PID=12474) to work on /Users/ds2718/Documents/test_python_airflow/airflow/py_venv/lib/python3.12/site-packages/airflow/example_dags/tutorial_dag.py
[2024-09-18T12:08:16.109+0100] {processor.py:914} INFO - Processing file /Users/ds2718/Documents/test_python_airflow/airflow/py_venv/lib/python3.12/site-packages/airflow/example_dags/tutorial_dag.py for tasks to queue
[2024-09-18T12:08:16.109+0100] {logging_mixin.py:190} INFO - [2024-09-18T12:08:16.109+0100] {dagbag.py:587} INFO - Filling up the DagBag from /Users/ds2718/Documents/test_python_airflow/airflow/py_venv/lib/python3.12/site-packages/airflow/example_dags/tutorial_dag.py
[2024-09-18T12:08:16.127+0100] {processor.py:925} INFO - DAG(s) 'tutorial_dag' retrieved from /Users/ds2718/Documents/test_python_airflow/airflow/py_venv/lib/python3.12/site-packages/airflow/example_dags/tutorial_dag.py
[2024-09-18T12:08:16.172+0100] {logging_mixin.py:190} INFO - [2024-09-18T12:08:16.172+0100] {dag.py:3229} INFO - Sync 1 DAGs
[2024-09-18T12:08:16.179+0100] {logging_mixin.py:190} INFO - [2024-09-18T12:08:16.179+0100] {dag.py:4156} INFO - Setting next_dagrun for tutorial_dag to None, run_after=None
[2024-09-18T12:08:16.197+0100] {processor.py:208} INFO - Processing /Users/ds2718/Documents/test_python_airflow/airflow/py_venv/lib/python3.12/site-packages/airflow/example_dags/tutorial_dag.py took 0.097 seconds
[2024-09-18T12:08:50.466+0100] {processor.py:186} INFO - Started process (PID=12676) to work on /Users/ds2718/Documents/test_python_airflow/airflow/py_venv/lib/python3.12/site-packages/airflow/example_dags/tutorial_dag.py
[2024-09-18T12:08:50.467+0100] {processor.py:914} INFO - Processing file /Users/ds2718/Documents/test_python_airflow/airflow/py_venv/lib/python3.12/site-packages/airflow/example_dags/tutorial_dag.py for tasks to queue
[2024-09-18T12:08:50.467+0100] {logging_mixin.py:190} INFO - [2024-09-18T12:08:50.467+0100] {dagbag.py:587} INFO - Filling up the DagBag from /Users/ds2718/Documents/test_python_airflow/airflow/py_venv/lib/python3.12/site-packages/airflow/example_dags/tutorial_dag.py
[2024-09-18T12:08:50.500+0100] {processor.py:925} INFO - DAG(s) 'tutorial_dag' retrieved from /Users/ds2718/Documents/test_python_airflow/airflow/py_venv/lib/python3.12/site-packages/airflow/example_dags/tutorial_dag.py
[2024-09-18T12:08:50.583+0100] {logging_mixin.py:190} INFO - [2024-09-18T12:08:50.583+0100] {dag.py:3229} INFO - Sync 1 DAGs
[2024-09-18T12:08:50.590+0100] {logging_mixin.py:190} INFO - [2024-09-18T12:08:50.590+0100] {dag.py:4156} INFO - Setting next_dagrun for tutorial_dag to None, run_after=None
[2024-09-18T12:08:50.618+0100] {processor.py:208} INFO - Processing /Users/ds2718/Documents/test_python_airflow/airflow/py_venv/lib/python3.12/site-packages/airflow/example_dags/tutorial_dag.py took 0.158 seconds
[2024-09-18T12:09:24.613+0100] {processor.py:186} INFO - Started process (PID=12820) to work on /Users/ds2718/Documents/test_python_airflow/airflow/py_venv/lib/python3.12/site-packages/airflow/example_dags/tutorial_dag.py
[2024-09-18T12:09:24.613+0100] {processor.py:914} INFO - Processing file /Users/ds2718/Documents/test_python_airflow/airflow/py_venv/lib/python3.12/site-packages/airflow/example_dags/tutorial_dag.py for tasks to queue
[2024-09-18T12:09:24.614+0100] {logging_mixin.py:190} INFO - [2024-09-18T12:09:24.614+0100] {dagbag.py:587} INFO - Filling up the DagBag from /Users/ds2718/Documents/test_python_airflow/airflow/py_venv/lib/python3.12/site-packages/airflow/example_dags/tutorial_dag.py
[2024-09-18T12:09:24.631+0100] {processor.py:925} INFO - DAG(s) 'tutorial_dag' retrieved from /Users/ds2718/Documents/test_python_airflow/airflow/py_venv/lib/python3.12/site-packages/airflow/example_dags/tutorial_dag.py
[2024-09-18T12:09:24.683+0100] {logging_mixin.py:190} INFO - [2024-09-18T12:09:24.683+0100] {dag.py:3229} INFO - Sync 1 DAGs
[2024-09-18T12:09:24.691+0100] {logging_mixin.py:190} INFO - [2024-09-18T12:09:24.690+0100] {dag.py:4156} INFO - Setting next_dagrun for tutorial_dag to None, run_after=None
[2024-09-18T12:09:24.708+0100] {processor.py:208} INFO - Processing /Users/ds2718/Documents/test_python_airflow/airflow/py_venv/lib/python3.12/site-packages/airflow/example_dags/tutorial_dag.py took 0.107 seconds
[2024-09-18T12:09:58.144+0100] {processor.py:186} INFO - Started process (PID=13022) to work on /Users/ds2718/Documents/test_python_airflow/airflow/py_venv/lib/python3.12/site-packages/airflow/example_dags/tutorial_dag.py
[2024-09-18T12:09:58.145+0100] {processor.py:914} INFO - Processing file /Users/ds2718/Documents/test_python_airflow/airflow/py_venv/lib/python3.12/site-packages/airflow/example_dags/tutorial_dag.py for tasks to queue
[2024-09-18T12:09:58.145+0100] {logging_mixin.py:190} INFO - [2024-09-18T12:09:58.145+0100] {dagbag.py:587} INFO - Filling up the DagBag from /Users/ds2718/Documents/test_python_airflow/airflow/py_venv/lib/python3.12/site-packages/airflow/example_dags/tutorial_dag.py
[2024-09-18T12:09:58.160+0100] {processor.py:925} INFO - DAG(s) 'tutorial_dag' retrieved from /Users/ds2718/Documents/test_python_airflow/airflow/py_venv/lib/python3.12/site-packages/airflow/example_dags/tutorial_dag.py
[2024-09-18T12:09:58.201+0100] {logging_mixin.py:190} INFO - [2024-09-18T12:09:58.201+0100] {dag.py:3229} INFO - Sync 1 DAGs
[2024-09-18T12:09:58.207+0100] {logging_mixin.py:190} INFO - [2024-09-18T12:09:58.207+0100] {dag.py:4156} INFO - Setting next_dagrun for tutorial_dag to None, run_after=None
[2024-09-18T12:09:58.222+0100] {processor.py:208} INFO - Processing /Users/ds2718/Documents/test_python_airflow/airflow/py_venv/lib/python3.12/site-packages/airflow/example_dags/tutorial_dag.py took 0.088 seconds
[2024-09-18T12:10:30.655+0100] {processor.py:186} INFO - Started process (PID=13148) to work on /Users/ds2718/Documents/test_python_airflow/airflow/py_venv/lib/python3.12/site-packages/airflow/example_dags/tutorial_dag.py
[2024-09-18T12:10:30.658+0100] {processor.py:914} INFO - Processing file /Users/ds2718/Documents/test_python_airflow/airflow/py_venv/lib/python3.12/site-packages/airflow/example_dags/tutorial_dag.py for tasks to queue
[2024-09-18T12:10:30.659+0100] {logging_mixin.py:190} INFO - [2024-09-18T12:10:30.658+0100] {dagbag.py:587} INFO - Filling up the DagBag from /Users/ds2718/Documents/test_python_airflow/airflow/py_venv/lib/python3.12/site-packages/airflow/example_dags/tutorial_dag.py
[2024-09-18T12:10:30.687+0100] {processor.py:925} INFO - DAG(s) 'tutorial_dag' retrieved from /Users/ds2718/Documents/test_python_airflow/airflow/py_venv/lib/python3.12/site-packages/airflow/example_dags/tutorial_dag.py
[2024-09-18T12:10:30.748+0100] {logging_mixin.py:190} INFO - [2024-09-18T12:10:30.748+0100] {dag.py:3229} INFO - Sync 1 DAGs
[2024-09-18T12:10:30.756+0100] {logging_mixin.py:190} INFO - [2024-09-18T12:10:30.756+0100] {dag.py:4156} INFO - Setting next_dagrun for tutorial_dag to None, run_after=None
[2024-09-18T12:10:30.772+0100] {processor.py:208} INFO - Processing /Users/ds2718/Documents/test_python_airflow/airflow/py_venv/lib/python3.12/site-packages/airflow/example_dags/tutorial_dag.py took 0.133 seconds
[2024-09-18T12:11:04.309+0100] {processor.py:186} INFO - Started process (PID=13326) to work on /Users/ds2718/Documents/test_python_airflow/airflow/py_venv/lib/python3.12/site-packages/airflow/example_dags/tutorial_dag.py
[2024-09-18T12:11:04.309+0100] {processor.py:914} INFO - Processing file /Users/ds2718/Documents/test_python_airflow/airflow/py_venv/lib/python3.12/site-packages/airflow/example_dags/tutorial_dag.py for tasks to queue
[2024-09-18T12:11:04.310+0100] {logging_mixin.py:190} INFO - [2024-09-18T12:11:04.310+0100] {dagbag.py:587} INFO - Filling up the DagBag from /Users/ds2718/Documents/test_python_airflow/airflow/py_venv/lib/python3.12/site-packages/airflow/example_dags/tutorial_dag.py
[2024-09-18T12:11:04.325+0100] {processor.py:925} INFO - DAG(s) 'tutorial_dag' retrieved from /Users/ds2718/Documents/test_python_airflow/airflow/py_venv/lib/python3.12/site-packages/airflow/example_dags/tutorial_dag.py
[2024-09-18T12:11:04.384+0100] {logging_mixin.py:190} INFO - [2024-09-18T12:11:04.384+0100] {dag.py:3229} INFO - Sync 1 DAGs
[2024-09-18T12:11:04.392+0100] {logging_mixin.py:190} INFO - [2024-09-18T12:11:04.391+0100] {dag.py:4156} INFO - Setting next_dagrun for tutorial_dag to None, run_after=None
[2024-09-18T12:11:04.408+0100] {processor.py:208} INFO - Processing /Users/ds2718/Documents/test_python_airflow/airflow/py_venv/lib/python3.12/site-packages/airflow/example_dags/tutorial_dag.py took 0.108 seconds
[2024-09-18T12:11:38.496+0100] {processor.py:186} INFO - Started process (PID=13474) to work on /Users/ds2718/Documents/test_python_airflow/airflow/py_venv/lib/python3.12/site-packages/airflow/example_dags/tutorial_dag.py
[2024-09-18T12:11:38.496+0100] {processor.py:914} INFO - Processing file /Users/ds2718/Documents/test_python_airflow/airflow/py_venv/lib/python3.12/site-packages/airflow/example_dags/tutorial_dag.py for tasks to queue
[2024-09-18T12:11:38.496+0100] {logging_mixin.py:190} INFO - [2024-09-18T12:11:38.496+0100] {dagbag.py:587} INFO - Filling up the DagBag from /Users/ds2718/Documents/test_python_airflow/airflow/py_venv/lib/python3.12/site-packages/airflow/example_dags/tutorial_dag.py
[2024-09-18T12:11:38.508+0100] {processor.py:925} INFO - DAG(s) 'tutorial_dag' retrieved from /Users/ds2718/Documents/test_python_airflow/airflow/py_venv/lib/python3.12/site-packages/airflow/example_dags/tutorial_dag.py
[2024-09-18T12:11:38.548+0100] {logging_mixin.py:190} INFO - [2024-09-18T12:11:38.548+0100] {dag.py:3229} INFO - Sync 1 DAGs
[2024-09-18T12:11:38.555+0100] {logging_mixin.py:190} INFO - [2024-09-18T12:11:38.555+0100] {dag.py:4156} INFO - Setting next_dagrun for tutorial_dag to None, run_after=None
[2024-09-18T12:11:38.570+0100] {processor.py:208} INFO - Processing /Users/ds2718/Documents/test_python_airflow/airflow/py_venv/lib/python3.12/site-packages/airflow/example_dags/tutorial_dag.py took 0.080 seconds
[2024-09-18T12:12:12.177+0100] {processor.py:186} INFO - Started process (PID=13632) to work on /Users/ds2718/Documents/test_python_airflow/airflow/py_venv/lib/python3.12/site-packages/airflow/example_dags/tutorial_dag.py
[2024-09-18T12:12:12.179+0100] {processor.py:914} INFO - Processing file /Users/ds2718/Documents/test_python_airflow/airflow/py_venv/lib/python3.12/site-packages/airflow/example_dags/tutorial_dag.py for tasks to queue
[2024-09-18T12:12:12.179+0100] {logging_mixin.py:190} INFO - [2024-09-18T12:12:12.179+0100] {dagbag.py:587} INFO - Filling up the DagBag from /Users/ds2718/Documents/test_python_airflow/airflow/py_venv/lib/python3.12/site-packages/airflow/example_dags/tutorial_dag.py
[2024-09-18T12:12:12.193+0100] {processor.py:925} INFO - DAG(s) 'tutorial_dag' retrieved from /Users/ds2718/Documents/test_python_airflow/airflow/py_venv/lib/python3.12/site-packages/airflow/example_dags/tutorial_dag.py
[2024-09-18T12:12:12.240+0100] {logging_mixin.py:190} INFO - [2024-09-18T12:12:12.239+0100] {dag.py:3229} INFO - Sync 1 DAGs
[2024-09-18T12:12:12.245+0100] {logging_mixin.py:190} INFO - [2024-09-18T12:12:12.245+0100] {dag.py:4156} INFO - Setting next_dagrun for tutorial_dag to None, run_after=None
[2024-09-18T12:12:12.257+0100] {processor.py:208} INFO - Processing /Users/ds2718/Documents/test_python_airflow/airflow/py_venv/lib/python3.12/site-packages/airflow/example_dags/tutorial_dag.py took 0.087 seconds
[2024-09-18T12:12:45.480+0100] {processor.py:186} INFO - Started process (PID=13767) to work on /Users/ds2718/Documents/test_python_airflow/airflow/py_venv/lib/python3.12/site-packages/airflow/example_dags/tutorial_dag.py
[2024-09-18T12:12:45.481+0100] {processor.py:914} INFO - Processing file /Users/ds2718/Documents/test_python_airflow/airflow/py_venv/lib/python3.12/site-packages/airflow/example_dags/tutorial_dag.py for tasks to queue
[2024-09-18T12:12:45.481+0100] {logging_mixin.py:190} INFO - [2024-09-18T12:12:45.481+0100] {dagbag.py:587} INFO - Filling up the DagBag from /Users/ds2718/Documents/test_python_airflow/airflow/py_venv/lib/python3.12/site-packages/airflow/example_dags/tutorial_dag.py
[2024-09-18T12:12:45.500+0100] {processor.py:925} INFO - DAG(s) 'tutorial_dag' retrieved from /Users/ds2718/Documents/test_python_airflow/airflow/py_venv/lib/python3.12/site-packages/airflow/example_dags/tutorial_dag.py
[2024-09-18T12:12:45.541+0100] {logging_mixin.py:190} INFO - [2024-09-18T12:12:45.541+0100] {dag.py:3229} INFO - Sync 1 DAGs
[2024-09-18T12:12:45.549+0100] {logging_mixin.py:190} INFO - [2024-09-18T12:12:45.549+0100] {dag.py:4156} INFO - Setting next_dagrun for tutorial_dag to None, run_after=None
[2024-09-18T12:12:45.564+0100] {processor.py:208} INFO - Processing /Users/ds2718/Documents/test_python_airflow/airflow/py_venv/lib/python3.12/site-packages/airflow/example_dags/tutorial_dag.py took 0.089 seconds
[2024-09-18T12:13:21.357+0100] {processor.py:186} INFO - Started process (PID=13974) to work on /Users/ds2718/Documents/test_python_airflow/airflow/py_venv/lib/python3.12/site-packages/airflow/example_dags/tutorial_dag.py
[2024-09-18T12:13:21.358+0100] {processor.py:914} INFO - Processing file /Users/ds2718/Documents/test_python_airflow/airflow/py_venv/lib/python3.12/site-packages/airflow/example_dags/tutorial_dag.py for tasks to queue
[2024-09-18T12:13:21.358+0100] {logging_mixin.py:190} INFO - [2024-09-18T12:13:21.358+0100] {dagbag.py:587} INFO - Filling up the DagBag from /Users/ds2718/Documents/test_python_airflow/airflow/py_venv/lib/python3.12/site-packages/airflow/example_dags/tutorial_dag.py
[2024-09-18T12:13:21.370+0100] {processor.py:925} INFO - DAG(s) 'tutorial_dag' retrieved from /Users/ds2718/Documents/test_python_airflow/airflow/py_venv/lib/python3.12/site-packages/airflow/example_dags/tutorial_dag.py
[2024-09-18T12:13:21.412+0100] {logging_mixin.py:190} INFO - [2024-09-18T12:13:21.411+0100] {dag.py:3229} INFO - Sync 1 DAGs
[2024-09-18T12:13:21.429+0100] {logging_mixin.py:190} INFO - [2024-09-18T12:13:21.429+0100] {dag.py:4156} INFO - Setting next_dagrun for tutorial_dag to None, run_after=None
[2024-09-18T12:13:21.443+0100] {processor.py:208} INFO - Processing /Users/ds2718/Documents/test_python_airflow/airflow/py_venv/lib/python3.12/site-packages/airflow/example_dags/tutorial_dag.py took 0.094 seconds
[2024-09-18T12:13:55.235+0100] {processor.py:186} INFO - Started process (PID=14128) to work on /Users/ds2718/Documents/test_python_airflow/airflow/py_venv/lib/python3.12/site-packages/airflow/example_dags/tutorial_dag.py
[2024-09-18T12:13:55.236+0100] {processor.py:914} INFO - Processing file /Users/ds2718/Documents/test_python_airflow/airflow/py_venv/lib/python3.12/site-packages/airflow/example_dags/tutorial_dag.py for tasks to queue
[2024-09-18T12:13:55.237+0100] {logging_mixin.py:190} INFO - [2024-09-18T12:13:55.237+0100] {dagbag.py:587} INFO - Filling up the DagBag from /Users/ds2718/Documents/test_python_airflow/airflow/py_venv/lib/python3.12/site-packages/airflow/example_dags/tutorial_dag.py
[2024-09-18T12:13:55.254+0100] {processor.py:925} INFO - DAG(s) 'tutorial_dag' retrieved from /Users/ds2718/Documents/test_python_airflow/airflow/py_venv/lib/python3.12/site-packages/airflow/example_dags/tutorial_dag.py
[2024-09-18T12:13:55.333+0100] {logging_mixin.py:190} INFO - [2024-09-18T12:13:55.333+0100] {dag.py:3229} INFO - Sync 1 DAGs
[2024-09-18T12:13:55.342+0100] {logging_mixin.py:190} INFO - [2024-09-18T12:13:55.342+0100] {dag.py:4156} INFO - Setting next_dagrun for tutorial_dag to None, run_after=None
[2024-09-18T12:13:55.365+0100] {processor.py:208} INFO - Processing /Users/ds2718/Documents/test_python_airflow/airflow/py_venv/lib/python3.12/site-packages/airflow/example_dags/tutorial_dag.py took 0.154 seconds
