[2024-09-18T11:53:58.331+0100] {processor.py:186} INFO - Started process (PID=9417) to work on /Users/ds2718/Documents/test_python_airflow/airflow/py_venv/lib/python3.12/site-packages/airflow/example_dags/tutorial_objectstorage.py
[2024-09-18T11:53:58.332+0100] {processor.py:914} INFO - Processing file /Users/ds2718/Documents/test_python_airflow/airflow/py_venv/lib/python3.12/site-packages/airflow/example_dags/tutorial_objectstorage.py for tasks to queue
[2024-09-18T11:53:58.333+0100] {logging_mixin.py:190} INFO - [2024-09-18T11:53:58.332+0100] {dagbag.py:587} INFO - Filling up the DagBag from /Users/ds2718/Documents/test_python_airflow/airflow/py_venv/lib/python3.12/site-packages/airflow/example_dags/tutorial_objectstorage.py
[2024-09-18T11:53:58.350+0100] {processor.py:925} INFO - DAG(s) 'tutorial_objectstorage' retrieved from /Users/ds2718/Documents/test_python_airflow/airflow/py_venv/lib/python3.12/site-packages/airflow/example_dags/tutorial_objectstorage.py
[2024-09-18T11:53:58.461+0100] {logging_mixin.py:190} INFO - [2024-09-18T11:53:58.460+0100] {override.py:1900} INFO - Created Permission View: can edit on DAG:tutorial_objectstorage
[2024-09-18T11:53:58.464+0100] {logging_mixin.py:190} INFO - [2024-09-18T11:53:58.464+0100] {override.py:1900} INFO - Created Permission View: can delete on DAG:tutorial_objectstorage
[2024-09-18T11:53:58.467+0100] {logging_mixin.py:190} INFO - [2024-09-18T11:53:58.467+0100] {override.py:1900} INFO - Created Permission View: can read on DAG:tutorial_objectstorage
[2024-09-18T11:53:58.469+0100] {logging_mixin.py:190} INFO - [2024-09-18T11:53:58.469+0100] {override.py:1900} INFO - Created Permission View: can delete on DAG Run:tutorial_objectstorage
[2024-09-18T11:53:58.471+0100] {logging_mixin.py:190} INFO - [2024-09-18T11:53:58.471+0100] {override.py:1900} INFO - Created Permission View: can create on DAG Run:tutorial_objectstorage
[2024-09-18T11:53:58.474+0100] {logging_mixin.py:190} INFO - [2024-09-18T11:53:58.474+0100] {override.py:1900} INFO - Created Permission View: menu access on DAG Run:tutorial_objectstorage
[2024-09-18T11:53:58.476+0100] {logging_mixin.py:190} INFO - [2024-09-18T11:53:58.476+0100] {override.py:1900} INFO - Created Permission View: can read on DAG Run:tutorial_objectstorage
[2024-09-18T11:53:58.476+0100] {logging_mixin.py:190} INFO - [2024-09-18T11:53:58.476+0100] {dag.py:3229} INFO - Sync 1 DAGs
[2024-09-18T11:53:58.483+0100] {logging_mixin.py:190} INFO - [2024-09-18T11:53:58.483+0100] {dag.py:3252} INFO - Creating ORM DAG for tutorial_objectstorage
[2024-09-18T11:53:58.484+0100] {logging_mixin.py:190} INFO - [2024-09-18T11:53:58.484+0100] {dag.py:4156} INFO - Setting next_dagrun for tutorial_objectstorage to None, run_after=None
[2024-09-18T11:53:58.500+0100] {processor.py:208} INFO - Processing /Users/ds2718/Documents/test_python_airflow/airflow/py_venv/lib/python3.12/site-packages/airflow/example_dags/tutorial_objectstorage.py took 0.172 seconds
[2024-09-18T11:54:32.669+0100] {processor.py:186} INFO - Started process (PID=9560) to work on /Users/ds2718/Documents/test_python_airflow/airflow/py_venv/lib/python3.12/site-packages/airflow/example_dags/tutorial_objectstorage.py
[2024-09-18T11:54:32.669+0100] {processor.py:914} INFO - Processing file /Users/ds2718/Documents/test_python_airflow/airflow/py_venv/lib/python3.12/site-packages/airflow/example_dags/tutorial_objectstorage.py for tasks to queue
[2024-09-18T11:54:32.670+0100] {logging_mixin.py:190} INFO - [2024-09-18T11:54:32.670+0100] {dagbag.py:587} INFO - Filling up the DagBag from /Users/ds2718/Documents/test_python_airflow/airflow/py_venv/lib/python3.12/site-packages/airflow/example_dags/tutorial_objectstorage.py
[2024-09-18T11:54:32.688+0100] {processor.py:925} INFO - DAG(s) 'tutorial_objectstorage' retrieved from /Users/ds2718/Documents/test_python_airflow/airflow/py_venv/lib/python3.12/site-packages/airflow/example_dags/tutorial_objectstorage.py
[2024-09-18T11:54:32.731+0100] {logging_mixin.py:190} INFO - [2024-09-18T11:54:32.731+0100] {dag.py:3229} INFO - Sync 1 DAGs
[2024-09-18T11:54:32.742+0100] {logging_mixin.py:190} INFO - [2024-09-18T11:54:32.742+0100] {dag.py:4156} INFO - Setting next_dagrun for tutorial_objectstorage to None, run_after=None
[2024-09-18T11:54:32.784+0100] {processor.py:208} INFO - Processing /Users/ds2718/Documents/test_python_airflow/airflow/py_venv/lib/python3.12/site-packages/airflow/example_dags/tutorial_objectstorage.py took 0.117 seconds
[2024-09-18T11:55:08.044+0100] {processor.py:186} INFO - Started process (PID=9788) to work on /Users/ds2718/Documents/test_python_airflow/airflow/py_venv/lib/python3.12/site-packages/airflow/example_dags/tutorial_objectstorage.py
[2024-09-18T11:55:08.045+0100] {processor.py:914} INFO - Processing file /Users/ds2718/Documents/test_python_airflow/airflow/py_venv/lib/python3.12/site-packages/airflow/example_dags/tutorial_objectstorage.py for tasks to queue
[2024-09-18T11:55:08.046+0100] {logging_mixin.py:190} INFO - [2024-09-18T11:55:08.045+0100] {dagbag.py:587} INFO - Filling up the DagBag from /Users/ds2718/Documents/test_python_airflow/airflow/py_venv/lib/python3.12/site-packages/airflow/example_dags/tutorial_objectstorage.py
[2024-09-18T11:55:08.063+0100] {processor.py:925} INFO - DAG(s) 'tutorial_objectstorage' retrieved from /Users/ds2718/Documents/test_python_airflow/airflow/py_venv/lib/python3.12/site-packages/airflow/example_dags/tutorial_objectstorage.py
[2024-09-18T11:55:08.128+0100] {logging_mixin.py:190} INFO - [2024-09-18T11:55:08.128+0100] {dag.py:3229} INFO - Sync 1 DAGs
[2024-09-18T11:55:08.135+0100] {logging_mixin.py:190} INFO - [2024-09-18T11:55:08.135+0100] {dag.py:4156} INFO - Setting next_dagrun for tutorial_objectstorage to None, run_after=None
[2024-09-18T11:55:08.188+0100] {processor.py:208} INFO - Processing /Users/ds2718/Documents/test_python_airflow/airflow/py_venv/lib/python3.12/site-packages/airflow/example_dags/tutorial_objectstorage.py took 0.145 seconds
[2024-09-18T11:55:41.793+0100] {processor.py:186} INFO - Started process (PID=9955) to work on /Users/ds2718/Documents/test_python_airflow/airflow/py_venv/lib/python3.12/site-packages/airflow/example_dags/tutorial_objectstorage.py
[2024-09-18T11:55:41.795+0100] {processor.py:914} INFO - Processing file /Users/ds2718/Documents/test_python_airflow/airflow/py_venv/lib/python3.12/site-packages/airflow/example_dags/tutorial_objectstorage.py for tasks to queue
[2024-09-18T11:55:41.796+0100] {logging_mixin.py:190} INFO - [2024-09-18T11:55:41.796+0100] {dagbag.py:587} INFO - Filling up the DagBag from /Users/ds2718/Documents/test_python_airflow/airflow/py_venv/lib/python3.12/site-packages/airflow/example_dags/tutorial_objectstorage.py
[2024-09-18T11:55:41.813+0100] {processor.py:925} INFO - DAG(s) 'tutorial_objectstorage' retrieved from /Users/ds2718/Documents/test_python_airflow/airflow/py_venv/lib/python3.12/site-packages/airflow/example_dags/tutorial_objectstorage.py
[2024-09-18T11:55:41.857+0100] {logging_mixin.py:190} INFO - [2024-09-18T11:55:41.857+0100] {dag.py:3229} INFO - Sync 1 DAGs
[2024-09-18T11:55:41.865+0100] {logging_mixin.py:190} INFO - [2024-09-18T11:55:41.865+0100] {dag.py:4156} INFO - Setting next_dagrun for tutorial_objectstorage to None, run_after=None
[2024-09-18T11:55:41.903+0100] {processor.py:208} INFO - Processing /Users/ds2718/Documents/test_python_airflow/airflow/py_venv/lib/python3.12/site-packages/airflow/example_dags/tutorial_objectstorage.py took 0.111 seconds
[2024-09-18T11:56:15.648+0100] {processor.py:186} INFO - Started process (PID=10122) to work on /Users/ds2718/Documents/test_python_airflow/airflow/py_venv/lib/python3.12/site-packages/airflow/example_dags/tutorial_objectstorage.py
[2024-09-18T11:56:15.649+0100] {processor.py:914} INFO - Processing file /Users/ds2718/Documents/test_python_airflow/airflow/py_venv/lib/python3.12/site-packages/airflow/example_dags/tutorial_objectstorage.py for tasks to queue
[2024-09-18T11:56:15.650+0100] {logging_mixin.py:190} INFO - [2024-09-18T11:56:15.649+0100] {dagbag.py:587} INFO - Filling up the DagBag from /Users/ds2718/Documents/test_python_airflow/airflow/py_venv/lib/python3.12/site-packages/airflow/example_dags/tutorial_objectstorage.py
[2024-09-18T11:56:15.690+0100] {processor.py:925} INFO - DAG(s) 'tutorial_objectstorage' retrieved from /Users/ds2718/Documents/test_python_airflow/airflow/py_venv/lib/python3.12/site-packages/airflow/example_dags/tutorial_objectstorage.py
[2024-09-18T11:56:15.760+0100] {logging_mixin.py:190} INFO - [2024-09-18T11:56:15.760+0100] {dag.py:3229} INFO - Sync 1 DAGs
[2024-09-18T11:56:15.768+0100] {logging_mixin.py:190} INFO - [2024-09-18T11:56:15.768+0100] {dag.py:4156} INFO - Setting next_dagrun for tutorial_objectstorage to None, run_after=None
[2024-09-18T11:56:15.823+0100] {processor.py:208} INFO - Processing /Users/ds2718/Documents/test_python_airflow/airflow/py_venv/lib/python3.12/site-packages/airflow/example_dags/tutorial_objectstorage.py took 0.179 seconds
[2024-09-18T11:56:48.310+0100] {processor.py:186} INFO - Started process (PID=10298) to work on /Users/ds2718/Documents/test_python_airflow/airflow/py_venv/lib/python3.12/site-packages/airflow/example_dags/tutorial_objectstorage.py
[2024-09-18T11:56:48.311+0100] {processor.py:914} INFO - Processing file /Users/ds2718/Documents/test_python_airflow/airflow/py_venv/lib/python3.12/site-packages/airflow/example_dags/tutorial_objectstorage.py for tasks to queue
[2024-09-18T11:56:48.311+0100] {logging_mixin.py:190} INFO - [2024-09-18T11:56:48.311+0100] {dagbag.py:587} INFO - Filling up the DagBag from /Users/ds2718/Documents/test_python_airflow/airflow/py_venv/lib/python3.12/site-packages/airflow/example_dags/tutorial_objectstorage.py
[2024-09-18T11:56:48.329+0100] {processor.py:925} INFO - DAG(s) 'tutorial_objectstorage' retrieved from /Users/ds2718/Documents/test_python_airflow/airflow/py_venv/lib/python3.12/site-packages/airflow/example_dags/tutorial_objectstorage.py
[2024-09-18T11:56:48.379+0100] {logging_mixin.py:190} INFO - [2024-09-18T11:56:48.379+0100] {dag.py:3229} INFO - Sync 1 DAGs
[2024-09-18T11:56:48.387+0100] {logging_mixin.py:190} INFO - [2024-09-18T11:56:48.387+0100] {dag.py:4156} INFO - Setting next_dagrun for tutorial_objectstorage to None, run_after=None
[2024-09-18T11:56:48.419+0100] {processor.py:208} INFO - Processing /Users/ds2718/Documents/test_python_airflow/airflow/py_venv/lib/python3.12/site-packages/airflow/example_dags/tutorial_objectstorage.py took 0.115 seconds
[2024-09-18T11:57:20.265+0100] {processor.py:186} INFO - Started process (PID=10437) to work on /Users/ds2718/Documents/test_python_airflow/airflow/py_venv/lib/python3.12/site-packages/airflow/example_dags/tutorial_objectstorage.py
[2024-09-18T11:57:20.266+0100] {processor.py:914} INFO - Processing file /Users/ds2718/Documents/test_python_airflow/airflow/py_venv/lib/python3.12/site-packages/airflow/example_dags/tutorial_objectstorage.py for tasks to queue
[2024-09-18T11:57:20.266+0100] {logging_mixin.py:190} INFO - [2024-09-18T11:57:20.266+0100] {dagbag.py:587} INFO - Filling up the DagBag from /Users/ds2718/Documents/test_python_airflow/airflow/py_venv/lib/python3.12/site-packages/airflow/example_dags/tutorial_objectstorage.py
[2024-09-18T11:57:20.288+0100] {processor.py:925} INFO - DAG(s) 'tutorial_objectstorage' retrieved from /Users/ds2718/Documents/test_python_airflow/airflow/py_venv/lib/python3.12/site-packages/airflow/example_dags/tutorial_objectstorage.py
[2024-09-18T11:57:20.344+0100] {logging_mixin.py:190} INFO - [2024-09-18T11:57:20.344+0100] {dag.py:3229} INFO - Sync 1 DAGs
[2024-09-18T11:57:20.353+0100] {logging_mixin.py:190} INFO - [2024-09-18T11:57:20.353+0100] {dag.py:4156} INFO - Setting next_dagrun for tutorial_objectstorage to None, run_after=None
[2024-09-18T11:57:20.396+0100] {processor.py:208} INFO - Processing /Users/ds2718/Documents/test_python_airflow/airflow/py_venv/lib/python3.12/site-packages/airflow/example_dags/tutorial_objectstorage.py took 0.132 seconds
[2024-09-18T11:57:54.130+0100] {processor.py:186} INFO - Started process (PID=10638) to work on /Users/ds2718/Documents/test_python_airflow/airflow/py_venv/lib/python3.12/site-packages/airflow/example_dags/tutorial_objectstorage.py
[2024-09-18T11:57:54.130+0100] {processor.py:914} INFO - Processing file /Users/ds2718/Documents/test_python_airflow/airflow/py_venv/lib/python3.12/site-packages/airflow/example_dags/tutorial_objectstorage.py for tasks to queue
[2024-09-18T11:57:54.131+0100] {logging_mixin.py:190} INFO - [2024-09-18T11:57:54.131+0100] {dagbag.py:587} INFO - Filling up the DagBag from /Users/ds2718/Documents/test_python_airflow/airflow/py_venv/lib/python3.12/site-packages/airflow/example_dags/tutorial_objectstorage.py
[2024-09-18T11:57:54.147+0100] {processor.py:925} INFO - DAG(s) 'tutorial_objectstorage' retrieved from /Users/ds2718/Documents/test_python_airflow/airflow/py_venv/lib/python3.12/site-packages/airflow/example_dags/tutorial_objectstorage.py
[2024-09-18T11:57:54.198+0100] {logging_mixin.py:190} INFO - [2024-09-18T11:57:54.198+0100] {dag.py:3229} INFO - Sync 1 DAGs
[2024-09-18T11:57:54.206+0100] {logging_mixin.py:190} INFO - [2024-09-18T11:57:54.205+0100] {dag.py:4156} INFO - Setting next_dagrun for tutorial_objectstorage to None, run_after=None
[2024-09-18T11:57:54.240+0100] {processor.py:208} INFO - Processing /Users/ds2718/Documents/test_python_airflow/airflow/py_venv/lib/python3.12/site-packages/airflow/example_dags/tutorial_objectstorage.py took 0.112 seconds
[2024-09-18T11:58:28.077+0100] {processor.py:186} INFO - Started process (PID=10821) to work on /Users/ds2718/Documents/test_python_airflow/airflow/py_venv/lib/python3.12/site-packages/airflow/example_dags/tutorial_objectstorage.py
[2024-09-18T11:58:28.077+0100] {processor.py:914} INFO - Processing file /Users/ds2718/Documents/test_python_airflow/airflow/py_venv/lib/python3.12/site-packages/airflow/example_dags/tutorial_objectstorage.py for tasks to queue
[2024-09-18T11:58:28.078+0100] {logging_mixin.py:190} INFO - [2024-09-18T11:58:28.078+0100] {dagbag.py:587} INFO - Filling up the DagBag from /Users/ds2718/Documents/test_python_airflow/airflow/py_venv/lib/python3.12/site-packages/airflow/example_dags/tutorial_objectstorage.py
[2024-09-18T11:58:28.091+0100] {processor.py:925} INFO - DAG(s) 'tutorial_objectstorage' retrieved from /Users/ds2718/Documents/test_python_airflow/airflow/py_venv/lib/python3.12/site-packages/airflow/example_dags/tutorial_objectstorage.py
[2024-09-18T11:58:28.131+0100] {logging_mixin.py:190} INFO - [2024-09-18T11:58:28.131+0100] {dag.py:3229} INFO - Sync 1 DAGs
[2024-09-18T11:58:28.139+0100] {logging_mixin.py:190} INFO - [2024-09-18T11:58:28.139+0100] {dag.py:4156} INFO - Setting next_dagrun for tutorial_objectstorage to None, run_after=None
[2024-09-18T11:58:28.174+0100] {processor.py:208} INFO - Processing /Users/ds2718/Documents/test_python_airflow/airflow/py_venv/lib/python3.12/site-packages/airflow/example_dags/tutorial_objectstorage.py took 0.101 seconds
[2024-09-18T11:59:03.956+0100] {processor.py:186} INFO - Started process (PID=11025) to work on /Users/ds2718/Documents/test_python_airflow/airflow/py_venv/lib/python3.12/site-packages/airflow/example_dags/tutorial_objectstorage.py
[2024-09-18T11:59:03.957+0100] {processor.py:914} INFO - Processing file /Users/ds2718/Documents/test_python_airflow/airflow/py_venv/lib/python3.12/site-packages/airflow/example_dags/tutorial_objectstorage.py for tasks to queue
[2024-09-18T11:59:03.957+0100] {logging_mixin.py:190} INFO - [2024-09-18T11:59:03.957+0100] {dagbag.py:587} INFO - Filling up the DagBag from /Users/ds2718/Documents/test_python_airflow/airflow/py_venv/lib/python3.12/site-packages/airflow/example_dags/tutorial_objectstorage.py
[2024-09-18T11:59:03.979+0100] {processor.py:925} INFO - DAG(s) 'tutorial_objectstorage' retrieved from /Users/ds2718/Documents/test_python_airflow/airflow/py_venv/lib/python3.12/site-packages/airflow/example_dags/tutorial_objectstorage.py
[2024-09-18T11:59:04.019+0100] {logging_mixin.py:190} INFO - [2024-09-18T11:59:04.019+0100] {dag.py:3229} INFO - Sync 1 DAGs
[2024-09-18T11:59:04.027+0100] {logging_mixin.py:190} INFO - [2024-09-18T11:59:04.027+0100] {dag.py:4156} INFO - Setting next_dagrun for tutorial_objectstorage to None, run_after=None
[2024-09-18T11:59:04.058+0100] {processor.py:208} INFO - Processing /Users/ds2718/Documents/test_python_airflow/airflow/py_venv/lib/python3.12/site-packages/airflow/example_dags/tutorial_objectstorage.py took 0.108 seconds
[2024-09-18T11:59:35.867+0100] {processor.py:186} INFO - Started process (PID=11188) to work on /Users/ds2718/Documents/test_python_airflow/airflow/py_venv/lib/python3.12/site-packages/airflow/example_dags/tutorial_objectstorage.py
[2024-09-18T11:59:35.868+0100] {processor.py:914} INFO - Processing file /Users/ds2718/Documents/test_python_airflow/airflow/py_venv/lib/python3.12/site-packages/airflow/example_dags/tutorial_objectstorage.py for tasks to queue
[2024-09-18T11:59:35.869+0100] {logging_mixin.py:190} INFO - [2024-09-18T11:59:35.869+0100] {dagbag.py:587} INFO - Filling up the DagBag from /Users/ds2718/Documents/test_python_airflow/airflow/py_venv/lib/python3.12/site-packages/airflow/example_dags/tutorial_objectstorage.py
[2024-09-18T11:59:35.892+0100] {processor.py:925} INFO - DAG(s) 'tutorial_objectstorage' retrieved from /Users/ds2718/Documents/test_python_airflow/airflow/py_venv/lib/python3.12/site-packages/airflow/example_dags/tutorial_objectstorage.py
[2024-09-18T11:59:35.948+0100] {logging_mixin.py:190} INFO - [2024-09-18T11:59:35.948+0100] {dag.py:3229} INFO - Sync 1 DAGs
[2024-09-18T11:59:35.956+0100] {logging_mixin.py:190} INFO - [2024-09-18T11:59:35.956+0100] {dag.py:4156} INFO - Setting next_dagrun for tutorial_objectstorage to None, run_after=None
[2024-09-18T11:59:35.998+0100] {processor.py:208} INFO - Processing /Users/ds2718/Documents/test_python_airflow/airflow/py_venv/lib/python3.12/site-packages/airflow/example_dags/tutorial_objectstorage.py took 0.136 seconds
[2024-09-18T12:00:07.546+0100] {processor.py:186} INFO - Started process (PID=11396) to work on /Users/ds2718/Documents/test_python_airflow/airflow/py_venv/lib/python3.12/site-packages/airflow/example_dags/tutorial_objectstorage.py
[2024-09-18T12:00:07.547+0100] {processor.py:914} INFO - Processing file /Users/ds2718/Documents/test_python_airflow/airflow/py_venv/lib/python3.12/site-packages/airflow/example_dags/tutorial_objectstorage.py for tasks to queue
[2024-09-18T12:00:07.547+0100] {logging_mixin.py:190} INFO - [2024-09-18T12:00:07.547+0100] {dagbag.py:587} INFO - Filling up the DagBag from /Users/ds2718/Documents/test_python_airflow/airflow/py_venv/lib/python3.12/site-packages/airflow/example_dags/tutorial_objectstorage.py
[2024-09-18T12:00:07.568+0100] {processor.py:925} INFO - DAG(s) 'tutorial_objectstorage' retrieved from /Users/ds2718/Documents/test_python_airflow/airflow/py_venv/lib/python3.12/site-packages/airflow/example_dags/tutorial_objectstorage.py
[2024-09-18T12:00:07.609+0100] {logging_mixin.py:190} INFO - [2024-09-18T12:00:07.609+0100] {dag.py:3229} INFO - Sync 1 DAGs
[2024-09-18T12:00:07.629+0100] {logging_mixin.py:190} INFO - [2024-09-18T12:00:07.629+0100] {dag.py:4156} INFO - Setting next_dagrun for tutorial_objectstorage to None, run_after=None
[2024-09-18T12:00:07.673+0100] {processor.py:208} INFO - Processing /Users/ds2718/Documents/test_python_airflow/airflow/py_venv/lib/python3.12/site-packages/airflow/example_dags/tutorial_objectstorage.py took 0.128 seconds
[2024-09-18T12:00:41.826+0100] {processor.py:186} INFO - Started process (PID=11571) to work on /Users/ds2718/Documents/test_python_airflow/airflow/py_venv/lib/python3.12/site-packages/airflow/example_dags/tutorial_objectstorage.py
[2024-09-18T12:00:41.827+0100] {processor.py:914} INFO - Processing file /Users/ds2718/Documents/test_python_airflow/airflow/py_venv/lib/python3.12/site-packages/airflow/example_dags/tutorial_objectstorage.py for tasks to queue
[2024-09-18T12:00:41.827+0100] {logging_mixin.py:190} INFO - [2024-09-18T12:00:41.827+0100] {dagbag.py:587} INFO - Filling up the DagBag from /Users/ds2718/Documents/test_python_airflow/airflow/py_venv/lib/python3.12/site-packages/airflow/example_dags/tutorial_objectstorage.py
[2024-09-18T12:00:41.848+0100] {processor.py:925} INFO - DAG(s) 'tutorial_objectstorage' retrieved from /Users/ds2718/Documents/test_python_airflow/airflow/py_venv/lib/python3.12/site-packages/airflow/example_dags/tutorial_objectstorage.py
[2024-09-18T12:00:41.900+0100] {logging_mixin.py:190} INFO - [2024-09-18T12:00:41.899+0100] {dag.py:3229} INFO - Sync 1 DAGs
[2024-09-18T12:00:41.908+0100] {logging_mixin.py:190} INFO - [2024-09-18T12:00:41.908+0100] {dag.py:4156} INFO - Setting next_dagrun for tutorial_objectstorage to None, run_after=None
[2024-09-18T12:00:41.944+0100] {processor.py:208} INFO - Processing /Users/ds2718/Documents/test_python_airflow/airflow/py_venv/lib/python3.12/site-packages/airflow/example_dags/tutorial_objectstorage.py took 0.127 seconds
[2024-09-18T12:01:14.992+0100] {processor.py:186} INFO - Started process (PID=11768) to work on /Users/ds2718/Documents/test_python_airflow/airflow/py_venv/lib/python3.12/site-packages/airflow/example_dags/tutorial_objectstorage.py
[2024-09-18T12:01:14.994+0100] {processor.py:914} INFO - Processing file /Users/ds2718/Documents/test_python_airflow/airflow/py_venv/lib/python3.12/site-packages/airflow/example_dags/tutorial_objectstorage.py for tasks to queue
[2024-09-18T12:01:14.995+0100] {logging_mixin.py:190} INFO - [2024-09-18T12:01:14.995+0100] {dagbag.py:587} INFO - Filling up the DagBag from /Users/ds2718/Documents/test_python_airflow/airflow/py_venv/lib/python3.12/site-packages/airflow/example_dags/tutorial_objectstorage.py
[2024-09-18T12:01:15.013+0100] {processor.py:925} INFO - DAG(s) 'tutorial_objectstorage' retrieved from /Users/ds2718/Documents/test_python_airflow/airflow/py_venv/lib/python3.12/site-packages/airflow/example_dags/tutorial_objectstorage.py
[2024-09-18T12:01:15.054+0100] {logging_mixin.py:190} INFO - [2024-09-18T12:01:15.054+0100] {dag.py:3229} INFO - Sync 1 DAGs
[2024-09-18T12:01:15.062+0100] {logging_mixin.py:190} INFO - [2024-09-18T12:01:15.062+0100] {dag.py:4156} INFO - Setting next_dagrun for tutorial_objectstorage to None, run_after=None
[2024-09-18T12:01:15.103+0100] {processor.py:208} INFO - Processing /Users/ds2718/Documents/test_python_airflow/airflow/py_venv/lib/python3.12/site-packages/airflow/example_dags/tutorial_objectstorage.py took 0.117 seconds
[2024-09-18T12:06:23.394+0100] {processor.py:186} INFO - Started process (PID=11950) to work on /Users/ds2718/Documents/test_python_airflow/airflow/py_venv/lib/python3.12/site-packages/airflow/example_dags/tutorial_objectstorage.py
[2024-09-18T12:06:23.397+0100] {processor.py:914} INFO - Processing file /Users/ds2718/Documents/test_python_airflow/airflow/py_venv/lib/python3.12/site-packages/airflow/example_dags/tutorial_objectstorage.py for tasks to queue
[2024-09-18T12:06:23.398+0100] {logging_mixin.py:190} INFO - [2024-09-18T12:06:23.398+0100] {dagbag.py:587} INFO - Filling up the DagBag from /Users/ds2718/Documents/test_python_airflow/airflow/py_venv/lib/python3.12/site-packages/airflow/example_dags/tutorial_objectstorage.py
[2024-09-18T12:06:23.421+0100] {processor.py:925} INFO - DAG(s) 'tutorial_objectstorage' retrieved from /Users/ds2718/Documents/test_python_airflow/airflow/py_venv/lib/python3.12/site-packages/airflow/example_dags/tutorial_objectstorage.py
[2024-09-18T12:06:23.509+0100] {logging_mixin.py:190} INFO - [2024-09-18T12:06:23.509+0100] {dag.py:3229} INFO - Sync 1 DAGs
[2024-09-18T12:06:23.517+0100] {logging_mixin.py:190} INFO - [2024-09-18T12:06:23.516+0100] {dag.py:4156} INFO - Setting next_dagrun for tutorial_objectstorage to None, run_after=None
[2024-09-18T12:06:23.581+0100] {processor.py:208} INFO - Processing /Users/ds2718/Documents/test_python_airflow/airflow/py_venv/lib/python3.12/site-packages/airflow/example_dags/tutorial_objectstorage.py took 0.188 seconds
[2024-09-18T12:06:57.483+0100] {processor.py:186} INFO - Started process (PID=12121) to work on /Users/ds2718/Documents/test_python_airflow/airflow/py_venv/lib/python3.12/site-packages/airflow/example_dags/tutorial_objectstorage.py
[2024-09-18T12:06:57.486+0100] {processor.py:914} INFO - Processing file /Users/ds2718/Documents/test_python_airflow/airflow/py_venv/lib/python3.12/site-packages/airflow/example_dags/tutorial_objectstorage.py for tasks to queue
[2024-09-18T12:06:57.486+0100] {logging_mixin.py:190} INFO - [2024-09-18T12:06:57.486+0100] {dagbag.py:587} INFO - Filling up the DagBag from /Users/ds2718/Documents/test_python_airflow/airflow/py_venv/lib/python3.12/site-packages/airflow/example_dags/tutorial_objectstorage.py
[2024-09-18T12:06:57.517+0100] {processor.py:925} INFO - DAG(s) 'tutorial_objectstorage' retrieved from /Users/ds2718/Documents/test_python_airflow/airflow/py_venv/lib/python3.12/site-packages/airflow/example_dags/tutorial_objectstorage.py
[2024-09-18T12:06:57.559+0100] {logging_mixin.py:190} INFO - [2024-09-18T12:06:57.559+0100] {dag.py:3229} INFO - Sync 1 DAGs
[2024-09-18T12:06:57.567+0100] {logging_mixin.py:190} INFO - [2024-09-18T12:06:57.567+0100] {dag.py:4156} INFO - Setting next_dagrun for tutorial_objectstorage to None, run_after=None
[2024-09-18T12:06:57.611+0100] {processor.py:208} INFO - Processing /Users/ds2718/Documents/test_python_airflow/airflow/py_venv/lib/python3.12/site-packages/airflow/example_dags/tutorial_objectstorage.py took 0.135 seconds
[2024-09-18T12:07:32.690+0100] {processor.py:186} INFO - Started process (PID=12328) to work on /Users/ds2718/Documents/test_python_airflow/airflow/py_venv/lib/python3.12/site-packages/airflow/example_dags/tutorial_objectstorage.py
[2024-09-18T12:07:32.691+0100] {processor.py:914} INFO - Processing file /Users/ds2718/Documents/test_python_airflow/airflow/py_venv/lib/python3.12/site-packages/airflow/example_dags/tutorial_objectstorage.py for tasks to queue
[2024-09-18T12:07:32.692+0100] {logging_mixin.py:190} INFO - [2024-09-18T12:07:32.692+0100] {dagbag.py:587} INFO - Filling up the DagBag from /Users/ds2718/Documents/test_python_airflow/airflow/py_venv/lib/python3.12/site-packages/airflow/example_dags/tutorial_objectstorage.py
[2024-09-18T12:07:32.714+0100] {processor.py:925} INFO - DAG(s) 'tutorial_objectstorage' retrieved from /Users/ds2718/Documents/test_python_airflow/airflow/py_venv/lib/python3.12/site-packages/airflow/example_dags/tutorial_objectstorage.py
[2024-09-18T12:07:32.756+0100] {logging_mixin.py:190} INFO - [2024-09-18T12:07:32.756+0100] {dag.py:3229} INFO - Sync 1 DAGs
[2024-09-18T12:07:32.764+0100] {logging_mixin.py:190} INFO - [2024-09-18T12:07:32.764+0100] {dag.py:4156} INFO - Setting next_dagrun for tutorial_objectstorage to None, run_after=None
[2024-09-18T12:07:32.805+0100] {processor.py:208} INFO - Processing /Users/ds2718/Documents/test_python_airflow/airflow/py_venv/lib/python3.12/site-packages/airflow/example_dags/tutorial_objectstorage.py took 0.119 seconds
[2024-09-18T12:08:16.107+0100] {processor.py:186} INFO - Started process (PID=12473) to work on /Users/ds2718/Documents/test_python_airflow/airflow/py_venv/lib/python3.12/site-packages/airflow/example_dags/tutorial_objectstorage.py
[2024-09-18T12:08:16.109+0100] {processor.py:914} INFO - Processing file /Users/ds2718/Documents/test_python_airflow/airflow/py_venv/lib/python3.12/site-packages/airflow/example_dags/tutorial_objectstorage.py for tasks to queue
[2024-09-18T12:08:16.109+0100] {logging_mixin.py:190} INFO - [2024-09-18T12:08:16.109+0100] {dagbag.py:587} INFO - Filling up the DagBag from /Users/ds2718/Documents/test_python_airflow/airflow/py_venv/lib/python3.12/site-packages/airflow/example_dags/tutorial_objectstorage.py
[2024-09-18T12:08:16.130+0100] {processor.py:925} INFO - DAG(s) 'tutorial_objectstorage' retrieved from /Users/ds2718/Documents/test_python_airflow/airflow/py_venv/lib/python3.12/site-packages/airflow/example_dags/tutorial_objectstorage.py
[2024-09-18T12:08:16.172+0100] {logging_mixin.py:190} INFO - [2024-09-18T12:08:16.172+0100] {dag.py:3229} INFO - Sync 1 DAGs
[2024-09-18T12:08:16.180+0100] {logging_mixin.py:190} INFO - [2024-09-18T12:08:16.180+0100] {dag.py:4156} INFO - Setting next_dagrun for tutorial_objectstorage to None, run_after=None
[2024-09-18T12:08:16.216+0100] {processor.py:208} INFO - Processing /Users/ds2718/Documents/test_python_airflow/airflow/py_venv/lib/python3.12/site-packages/airflow/example_dags/tutorial_objectstorage.py took 0.111 seconds
[2024-09-18T12:08:50.061+0100] {processor.py:186} INFO - Started process (PID=12674) to work on /Users/ds2718/Documents/test_python_airflow/airflow/py_venv/lib/python3.12/site-packages/airflow/example_dags/tutorial_objectstorage.py
[2024-09-18T12:08:50.063+0100] {processor.py:914} INFO - Processing file /Users/ds2718/Documents/test_python_airflow/airflow/py_venv/lib/python3.12/site-packages/airflow/example_dags/tutorial_objectstorage.py for tasks to queue
[2024-09-18T12:08:50.063+0100] {logging_mixin.py:190} INFO - [2024-09-18T12:08:50.063+0100] {dagbag.py:587} INFO - Filling up the DagBag from /Users/ds2718/Documents/test_python_airflow/airflow/py_venv/lib/python3.12/site-packages/airflow/example_dags/tutorial_objectstorage.py
[2024-09-18T12:08:50.080+0100] {processor.py:925} INFO - DAG(s) 'tutorial_objectstorage' retrieved from /Users/ds2718/Documents/test_python_airflow/airflow/py_venv/lib/python3.12/site-packages/airflow/example_dags/tutorial_objectstorage.py
[2024-09-18T12:08:50.119+0100] {logging_mixin.py:190} INFO - [2024-09-18T12:08:50.119+0100] {dag.py:3229} INFO - Sync 1 DAGs
[2024-09-18T12:08:50.125+0100] {logging_mixin.py:190} INFO - [2024-09-18T12:08:50.125+0100] {dag.py:4156} INFO - Setting next_dagrun for tutorial_objectstorage to None, run_after=None
[2024-09-18T12:08:50.164+0100] {processor.py:208} INFO - Processing /Users/ds2718/Documents/test_python_airflow/airflow/py_venv/lib/python3.12/site-packages/airflow/example_dags/tutorial_objectstorage.py took 0.105 seconds
[2024-09-18T12:09:23.186+0100] {processor.py:186} INFO - Started process (PID=12817) to work on /Users/ds2718/Documents/test_python_airflow/airflow/py_venv/lib/python3.12/site-packages/airflow/example_dags/tutorial_objectstorage.py
[2024-09-18T12:09:23.186+0100] {processor.py:914} INFO - Processing file /Users/ds2718/Documents/test_python_airflow/airflow/py_venv/lib/python3.12/site-packages/airflow/example_dags/tutorial_objectstorage.py for tasks to queue
[2024-09-18T12:09:23.186+0100] {logging_mixin.py:190} INFO - [2024-09-18T12:09:23.186+0100] {dagbag.py:587} INFO - Filling up the DagBag from /Users/ds2718/Documents/test_python_airflow/airflow/py_venv/lib/python3.12/site-packages/airflow/example_dags/tutorial_objectstorage.py
[2024-09-18T12:09:23.206+0100] {processor.py:925} INFO - DAG(s) 'tutorial_objectstorage' retrieved from /Users/ds2718/Documents/test_python_airflow/airflow/py_venv/lib/python3.12/site-packages/airflow/example_dags/tutorial_objectstorage.py
[2024-09-18T12:09:23.252+0100] {logging_mixin.py:190} INFO - [2024-09-18T12:09:23.252+0100] {dag.py:3229} INFO - Sync 1 DAGs
[2024-09-18T12:09:23.258+0100] {logging_mixin.py:190} INFO - [2024-09-18T12:09:23.258+0100] {dag.py:4156} INFO - Setting next_dagrun for tutorial_objectstorage to None, run_after=None
[2024-09-18T12:09:23.296+0100] {processor.py:208} INFO - Processing /Users/ds2718/Documents/test_python_airflow/airflow/py_venv/lib/python3.12/site-packages/airflow/example_dags/tutorial_objectstorage.py took 0.112 seconds
[2024-09-18T12:09:57.004+0100] {processor.py:186} INFO - Started process (PID=13018) to work on /Users/ds2718/Documents/test_python_airflow/airflow/py_venv/lib/python3.12/site-packages/airflow/example_dags/tutorial_objectstorage.py
[2024-09-18T12:09:57.005+0100] {processor.py:914} INFO - Processing file /Users/ds2718/Documents/test_python_airflow/airflow/py_venv/lib/python3.12/site-packages/airflow/example_dags/tutorial_objectstorage.py for tasks to queue
[2024-09-18T12:09:57.005+0100] {logging_mixin.py:190} INFO - [2024-09-18T12:09:57.005+0100] {dagbag.py:587} INFO - Filling up the DagBag from /Users/ds2718/Documents/test_python_airflow/airflow/py_venv/lib/python3.12/site-packages/airflow/example_dags/tutorial_objectstorage.py
[2024-09-18T12:09:57.032+0100] {processor.py:925} INFO - DAG(s) 'tutorial_objectstorage' retrieved from /Users/ds2718/Documents/test_python_airflow/airflow/py_venv/lib/python3.12/site-packages/airflow/example_dags/tutorial_objectstorage.py
[2024-09-18T12:09:57.077+0100] {logging_mixin.py:190} INFO - [2024-09-18T12:09:57.077+0100] {dag.py:3229} INFO - Sync 1 DAGs
[2024-09-18T12:09:57.086+0100] {logging_mixin.py:190} INFO - [2024-09-18T12:09:57.086+0100] {dag.py:4156} INFO - Setting next_dagrun for tutorial_objectstorage to None, run_after=None
[2024-09-18T12:09:57.134+0100] {processor.py:208} INFO - Processing /Users/ds2718/Documents/test_python_airflow/airflow/py_venv/lib/python3.12/site-packages/airflow/example_dags/tutorial_objectstorage.py took 0.140 seconds
[2024-09-18T12:10:30.655+0100] {processor.py:186} INFO - Started process (PID=13147) to work on /Users/ds2718/Documents/test_python_airflow/airflow/py_venv/lib/python3.12/site-packages/airflow/example_dags/tutorial_objectstorage.py
[2024-09-18T12:10:30.658+0100] {processor.py:914} INFO - Processing file /Users/ds2718/Documents/test_python_airflow/airflow/py_venv/lib/python3.12/site-packages/airflow/example_dags/tutorial_objectstorage.py for tasks to queue
[2024-09-18T12:10:30.659+0100] {logging_mixin.py:190} INFO - [2024-09-18T12:10:30.658+0100] {dagbag.py:587} INFO - Filling up the DagBag from /Users/ds2718/Documents/test_python_airflow/airflow/py_venv/lib/python3.12/site-packages/airflow/example_dags/tutorial_objectstorage.py
[2024-09-18T12:10:30.690+0100] {processor.py:925} INFO - DAG(s) 'tutorial_objectstorage' retrieved from /Users/ds2718/Documents/test_python_airflow/airflow/py_venv/lib/python3.12/site-packages/airflow/example_dags/tutorial_objectstorage.py
[2024-09-18T12:10:30.748+0100] {logging_mixin.py:190} INFO - [2024-09-18T12:10:30.748+0100] {dag.py:3229} INFO - Sync 1 DAGs
[2024-09-18T12:10:30.757+0100] {logging_mixin.py:190} INFO - [2024-09-18T12:10:30.757+0100] {dag.py:4156} INFO - Setting next_dagrun for tutorial_objectstorage to None, run_after=None
[2024-09-18T12:10:30.800+0100] {processor.py:208} INFO - Processing /Users/ds2718/Documents/test_python_airflow/airflow/py_venv/lib/python3.12/site-packages/airflow/example_dags/tutorial_objectstorage.py took 0.160 seconds
[2024-09-18T12:11:04.309+0100] {processor.py:186} INFO - Started process (PID=13325) to work on /Users/ds2718/Documents/test_python_airflow/airflow/py_venv/lib/python3.12/site-packages/airflow/example_dags/tutorial_objectstorage.py
[2024-09-18T12:11:04.309+0100] {processor.py:914} INFO - Processing file /Users/ds2718/Documents/test_python_airflow/airflow/py_venv/lib/python3.12/site-packages/airflow/example_dags/tutorial_objectstorage.py for tasks to queue
[2024-09-18T12:11:04.310+0100] {logging_mixin.py:190} INFO - [2024-09-18T12:11:04.310+0100] {dagbag.py:587} INFO - Filling up the DagBag from /Users/ds2718/Documents/test_python_airflow/airflow/py_venv/lib/python3.12/site-packages/airflow/example_dags/tutorial_objectstorage.py
[2024-09-18T12:11:04.328+0100] {processor.py:925} INFO - DAG(s) 'tutorial_objectstorage' retrieved from /Users/ds2718/Documents/test_python_airflow/airflow/py_venv/lib/python3.12/site-packages/airflow/example_dags/tutorial_objectstorage.py
[2024-09-18T12:11:04.383+0100] {logging_mixin.py:190} INFO - [2024-09-18T12:11:04.383+0100] {dag.py:3229} INFO - Sync 1 DAGs
[2024-09-18T12:11:04.392+0100] {logging_mixin.py:190} INFO - [2024-09-18T12:11:04.392+0100] {dag.py:4156} INFO - Setting next_dagrun for tutorial_objectstorage to None, run_after=None
[2024-09-18T12:11:04.433+0100] {processor.py:208} INFO - Processing /Users/ds2718/Documents/test_python_airflow/airflow/py_venv/lib/python3.12/site-packages/airflow/example_dags/tutorial_objectstorage.py took 0.134 seconds
[2024-09-18T12:11:38.132+0100] {processor.py:186} INFO - Started process (PID=13470) to work on /Users/ds2718/Documents/test_python_airflow/airflow/py_venv/lib/python3.12/site-packages/airflow/example_dags/tutorial_objectstorage.py
[2024-09-18T12:11:38.132+0100] {processor.py:914} INFO - Processing file /Users/ds2718/Documents/test_python_airflow/airflow/py_venv/lib/python3.12/site-packages/airflow/example_dags/tutorial_objectstorage.py for tasks to queue
[2024-09-18T12:11:38.132+0100] {logging_mixin.py:190} INFO - [2024-09-18T12:11:38.132+0100] {dagbag.py:587} INFO - Filling up the DagBag from /Users/ds2718/Documents/test_python_airflow/airflow/py_venv/lib/python3.12/site-packages/airflow/example_dags/tutorial_objectstorage.py
[2024-09-18T12:11:38.149+0100] {processor.py:925} INFO - DAG(s) 'tutorial_objectstorage' retrieved from /Users/ds2718/Documents/test_python_airflow/airflow/py_venv/lib/python3.12/site-packages/airflow/example_dags/tutorial_objectstorage.py
[2024-09-18T12:11:38.187+0100] {logging_mixin.py:190} INFO - [2024-09-18T12:11:38.187+0100] {dag.py:3229} INFO - Sync 1 DAGs
[2024-09-18T12:11:38.194+0100] {logging_mixin.py:190} INFO - [2024-09-18T12:11:38.194+0100] {dag.py:4156} INFO - Setting next_dagrun for tutorial_objectstorage to None, run_after=None
[2024-09-18T12:11:38.227+0100] {processor.py:208} INFO - Processing /Users/ds2718/Documents/test_python_airflow/airflow/py_venv/lib/python3.12/site-packages/airflow/example_dags/tutorial_objectstorage.py took 0.102 seconds
[2024-09-18T12:12:11.067+0100] {processor.py:186} INFO - Started process (PID=13626) to work on /Users/ds2718/Documents/test_python_airflow/airflow/py_venv/lib/python3.12/site-packages/airflow/example_dags/tutorial_objectstorage.py
[2024-09-18T12:12:11.067+0100] {processor.py:914} INFO - Processing file /Users/ds2718/Documents/test_python_airflow/airflow/py_venv/lib/python3.12/site-packages/airflow/example_dags/tutorial_objectstorage.py for tasks to queue
[2024-09-18T12:12:11.068+0100] {logging_mixin.py:190} INFO - [2024-09-18T12:12:11.068+0100] {dagbag.py:587} INFO - Filling up the DagBag from /Users/ds2718/Documents/test_python_airflow/airflow/py_venv/lib/python3.12/site-packages/airflow/example_dags/tutorial_objectstorage.py
[2024-09-18T12:12:11.086+0100] {processor.py:925} INFO - DAG(s) 'tutorial_objectstorage' retrieved from /Users/ds2718/Documents/test_python_airflow/airflow/py_venv/lib/python3.12/site-packages/airflow/example_dags/tutorial_objectstorage.py
[2024-09-18T12:12:11.124+0100] {logging_mixin.py:190} INFO - [2024-09-18T12:12:11.123+0100] {dag.py:3229} INFO - Sync 1 DAGs
[2024-09-18T12:12:11.132+0100] {logging_mixin.py:190} INFO - [2024-09-18T12:12:11.132+0100] {dag.py:4156} INFO - Setting next_dagrun for tutorial_objectstorage to None, run_after=None
[2024-09-18T12:12:11.167+0100] {processor.py:208} INFO - Processing /Users/ds2718/Documents/test_python_airflow/airflow/py_venv/lib/python3.12/site-packages/airflow/example_dags/tutorial_objectstorage.py took 0.111 seconds
[2024-09-18T12:12:43.383+0100] {processor.py:186} INFO - Started process (PID=13757) to work on /Users/ds2718/Documents/test_python_airflow/airflow/py_venv/lib/python3.12/site-packages/airflow/example_dags/tutorial_objectstorage.py
[2024-09-18T12:12:43.384+0100] {processor.py:914} INFO - Processing file /Users/ds2718/Documents/test_python_airflow/airflow/py_venv/lib/python3.12/site-packages/airflow/example_dags/tutorial_objectstorage.py for tasks to queue
[2024-09-18T12:12:43.385+0100] {logging_mixin.py:190} INFO - [2024-09-18T12:12:43.385+0100] {dagbag.py:587} INFO - Filling up the DagBag from /Users/ds2718/Documents/test_python_airflow/airflow/py_venv/lib/python3.12/site-packages/airflow/example_dags/tutorial_objectstorage.py
[2024-09-18T12:12:43.406+0100] {processor.py:925} INFO - DAG(s) 'tutorial_objectstorage' retrieved from /Users/ds2718/Documents/test_python_airflow/airflow/py_venv/lib/python3.12/site-packages/airflow/example_dags/tutorial_objectstorage.py
[2024-09-18T12:12:43.461+0100] {logging_mixin.py:190} INFO - [2024-09-18T12:12:43.461+0100] {dag.py:3229} INFO - Sync 1 DAGs
[2024-09-18T12:12:43.469+0100] {logging_mixin.py:190} INFO - [2024-09-18T12:12:43.469+0100] {dag.py:4156} INFO - Setting next_dagrun for tutorial_objectstorage to None, run_after=None
[2024-09-18T12:12:43.516+0100] {processor.py:208} INFO - Processing /Users/ds2718/Documents/test_python_airflow/airflow/py_venv/lib/python3.12/site-packages/airflow/example_dags/tutorial_objectstorage.py took 0.142 seconds
[2024-09-18T12:13:20.173+0100] {processor.py:186} INFO - Started process (PID=13971) to work on /Users/ds2718/Documents/test_python_airflow/airflow/py_venv/lib/python3.12/site-packages/airflow/example_dags/tutorial_objectstorage.py
[2024-09-18T12:13:20.174+0100] {processor.py:914} INFO - Processing file /Users/ds2718/Documents/test_python_airflow/airflow/py_venv/lib/python3.12/site-packages/airflow/example_dags/tutorial_objectstorage.py for tasks to queue
[2024-09-18T12:13:20.175+0100] {logging_mixin.py:190} INFO - [2024-09-18T12:13:20.174+0100] {dagbag.py:587} INFO - Filling up the DagBag from /Users/ds2718/Documents/test_python_airflow/airflow/py_venv/lib/python3.12/site-packages/airflow/example_dags/tutorial_objectstorage.py
[2024-09-18T12:13:20.206+0100] {processor.py:925} INFO - DAG(s) 'tutorial_objectstorage' retrieved from /Users/ds2718/Documents/test_python_airflow/airflow/py_venv/lib/python3.12/site-packages/airflow/example_dags/tutorial_objectstorage.py
[2024-09-18T12:13:20.269+0100] {logging_mixin.py:190} INFO - [2024-09-18T12:13:20.269+0100] {dag.py:3229} INFO - Sync 1 DAGs
[2024-09-18T12:13:20.279+0100] {logging_mixin.py:190} INFO - [2024-09-18T12:13:20.279+0100] {dag.py:4156} INFO - Setting next_dagrun for tutorial_objectstorage to None, run_after=None
[2024-09-18T12:13:20.345+0100] {processor.py:208} INFO - Processing /Users/ds2718/Documents/test_python_airflow/airflow/py_venv/lib/python3.12/site-packages/airflow/example_dags/tutorial_objectstorage.py took 0.183 seconds
[2024-09-18T12:13:55.235+0100] {processor.py:186} INFO - Started process (PID=14127) to work on /Users/ds2718/Documents/test_python_airflow/airflow/py_venv/lib/python3.12/site-packages/airflow/example_dags/tutorial_objectstorage.py
[2024-09-18T12:13:55.236+0100] {processor.py:914} INFO - Processing file /Users/ds2718/Documents/test_python_airflow/airflow/py_venv/lib/python3.12/site-packages/airflow/example_dags/tutorial_objectstorage.py for tasks to queue
[2024-09-18T12:13:55.237+0100] {logging_mixin.py:190} INFO - [2024-09-18T12:13:55.237+0100] {dagbag.py:587} INFO - Filling up the DagBag from /Users/ds2718/Documents/test_python_airflow/airflow/py_venv/lib/python3.12/site-packages/airflow/example_dags/tutorial_objectstorage.py
[2024-09-18T12:13:55.259+0100] {processor.py:925} INFO - DAG(s) 'tutorial_objectstorage' retrieved from /Users/ds2718/Documents/test_python_airflow/airflow/py_venv/lib/python3.12/site-packages/airflow/example_dags/tutorial_objectstorage.py
[2024-09-18T12:13:55.333+0100] {logging_mixin.py:190} INFO - [2024-09-18T12:13:55.333+0100] {dag.py:3229} INFO - Sync 1 DAGs
[2024-09-18T12:13:55.342+0100] {logging_mixin.py:190} INFO - [2024-09-18T12:13:55.342+0100] {dag.py:4156} INFO - Setting next_dagrun for tutorial_objectstorage to None, run_after=None
[2024-09-18T12:13:55.390+0100] {processor.py:208} INFO - Processing /Users/ds2718/Documents/test_python_airflow/airflow/py_venv/lib/python3.12/site-packages/airflow/example_dags/tutorial_objectstorage.py took 0.179 seconds
