[2024-09-18T11:53:59.303+0100] {processor.py:186} INFO - Started process (PID=9424) to work on /Users/ds2718/Documents/test_python_airflow/airflow/py_venv/lib/python3.12/site-packages/airflow/example_dags/tutorial.py
[2024-09-18T11:53:59.304+0100] {processor.py:914} INFO - Processing file /Users/ds2718/Documents/test_python_airflow/airflow/py_venv/lib/python3.12/site-packages/airflow/example_dags/tutorial.py for tasks to queue
[2024-09-18T11:53:59.304+0100] {logging_mixin.py:190} INFO - [2024-09-18T11:53:59.304+0100] {dagbag.py:587} INFO - Filling up the DagBag from /Users/ds2718/Documents/test_python_airflow/airflow/py_venv/lib/python3.12/site-packages/airflow/example_dags/tutorial.py
[2024-09-18T11:53:59.308+0100] {processor.py:925} INFO - DAG(s) 'tutorial' retrieved from /Users/ds2718/Documents/test_python_airflow/airflow/py_venv/lib/python3.12/site-packages/airflow/example_dags/tutorial.py
[2024-09-18T11:53:59.403+0100] {logging_mixin.py:190} INFO - [2024-09-18T11:53:59.403+0100] {override.py:1900} INFO - Created Permission View: can edit on DAG:tutorial
[2024-09-18T11:53:59.409+0100] {logging_mixin.py:190} INFO - [2024-09-18T11:53:59.409+0100] {override.py:1900} INFO - Created Permission View: can delete on DAG:tutorial
[2024-09-18T11:53:59.412+0100] {logging_mixin.py:190} INFO - [2024-09-18T11:53:59.412+0100] {override.py:1900} INFO - Created Permission View: can read on DAG:tutorial
[2024-09-18T11:53:59.415+0100] {logging_mixin.py:190} INFO - [2024-09-18T11:53:59.415+0100] {override.py:1900} INFO - Created Permission View: can create on DAG Run:tutorial
[2024-09-18T11:53:59.417+0100] {logging_mixin.py:190} INFO - [2024-09-18T11:53:59.417+0100] {override.py:1900} INFO - Created Permission View: menu access on DAG Run:tutorial
[2024-09-18T11:53:59.419+0100] {logging_mixin.py:190} INFO - [2024-09-18T11:53:59.419+0100] {override.py:1900} INFO - Created Permission View: can delete on DAG Run:tutorial
[2024-09-18T11:53:59.421+0100] {logging_mixin.py:190} INFO - [2024-09-18T11:53:59.421+0100] {override.py:1900} INFO - Created Permission View: can read on DAG Run:tutorial
[2024-09-18T11:53:59.421+0100] {logging_mixin.py:190} INFO - [2024-09-18T11:53:59.421+0100] {dag.py:3229} INFO - Sync 1 DAGs
[2024-09-18T11:53:59.426+0100] {logging_mixin.py:190} INFO - [2024-09-18T11:53:59.426+0100] {dag.py:3252} INFO - Creating ORM DAG for tutorial
[2024-09-18T11:53:59.441+0100] {logging_mixin.py:190} INFO - [2024-09-18T11:53:59.441+0100] {dag.py:4156} INFO - Setting next_dagrun for tutorial to 2024-09-17 00:00:00+00:00, run_after=2024-09-18 00:00:00+00:00
[2024-09-18T11:53:59.448+0100] {processor.py:208} INFO - Processing /Users/ds2718/Documents/test_python_airflow/airflow/py_venv/lib/python3.12/site-packages/airflow/example_dags/tutorial.py took 0.150 seconds
[2024-09-18T11:54:33.809+0100] {processor.py:186} INFO - Started process (PID=9569) to work on /Users/ds2718/Documents/test_python_airflow/airflow/py_venv/lib/python3.12/site-packages/airflow/example_dags/tutorial.py
[2024-09-18T11:54:33.811+0100] {processor.py:914} INFO - Processing file /Users/ds2718/Documents/test_python_airflow/airflow/py_venv/lib/python3.12/site-packages/airflow/example_dags/tutorial.py for tasks to queue
[2024-09-18T11:54:33.811+0100] {logging_mixin.py:190} INFO - [2024-09-18T11:54:33.811+0100] {dagbag.py:587} INFO - Filling up the DagBag from /Users/ds2718/Documents/test_python_airflow/airflow/py_venv/lib/python3.12/site-packages/airflow/example_dags/tutorial.py
[2024-09-18T11:54:33.819+0100] {processor.py:925} INFO - DAG(s) 'tutorial' retrieved from /Users/ds2718/Documents/test_python_airflow/airflow/py_venv/lib/python3.12/site-packages/airflow/example_dags/tutorial.py
[2024-09-18T11:54:33.861+0100] {logging_mixin.py:190} INFO - [2024-09-18T11:54:33.860+0100] {dag.py:3229} INFO - Sync 1 DAGs
[2024-09-18T11:54:33.873+0100] {logging_mixin.py:190} INFO - [2024-09-18T11:54:33.872+0100] {dag.py:4156} INFO - Setting next_dagrun for tutorial to 2024-09-17 00:00:00+00:00, run_after=2024-09-18 00:00:00+00:00
[2024-09-18T11:54:33.888+0100] {processor.py:208} INFO - Processing /Users/ds2718/Documents/test_python_airflow/airflow/py_venv/lib/python3.12/site-packages/airflow/example_dags/tutorial.py took 0.097 seconds
[2024-09-18T11:55:09.219+0100] {processor.py:186} INFO - Started process (PID=9793) to work on /Users/ds2718/Documents/test_python_airflow/airflow/py_venv/lib/python3.12/site-packages/airflow/example_dags/tutorial.py
[2024-09-18T11:55:09.219+0100] {processor.py:914} INFO - Processing file /Users/ds2718/Documents/test_python_airflow/airflow/py_venv/lib/python3.12/site-packages/airflow/example_dags/tutorial.py for tasks to queue
[2024-09-18T11:55:09.220+0100] {logging_mixin.py:190} INFO - [2024-09-18T11:55:09.220+0100] {dagbag.py:587} INFO - Filling up the DagBag from /Users/ds2718/Documents/test_python_airflow/airflow/py_venv/lib/python3.12/site-packages/airflow/example_dags/tutorial.py
[2024-09-18T11:55:09.225+0100] {processor.py:925} INFO - DAG(s) 'tutorial' retrieved from /Users/ds2718/Documents/test_python_airflow/airflow/py_venv/lib/python3.12/site-packages/airflow/example_dags/tutorial.py
[2024-09-18T11:55:09.272+0100] {logging_mixin.py:190} INFO - [2024-09-18T11:55:09.272+0100] {dag.py:3229} INFO - Sync 1 DAGs
[2024-09-18T11:55:09.282+0100] {logging_mixin.py:190} INFO - [2024-09-18T11:55:09.282+0100] {dag.py:4156} INFO - Setting next_dagrun for tutorial to 2024-09-17 00:00:00+00:00, run_after=2024-09-18 00:00:00+00:00
[2024-09-18T11:55:09.292+0100] {processor.py:208} INFO - Processing /Users/ds2718/Documents/test_python_airflow/airflow/py_venv/lib/python3.12/site-packages/airflow/example_dags/tutorial.py took 0.078 seconds
[2024-09-18T11:55:42.830+0100] {processor.py:186} INFO - Started process (PID=9961) to work on /Users/ds2718/Documents/test_python_airflow/airflow/py_venv/lib/python3.12/site-packages/airflow/example_dags/tutorial.py
[2024-09-18T11:55:42.831+0100] {processor.py:914} INFO - Processing file /Users/ds2718/Documents/test_python_airflow/airflow/py_venv/lib/python3.12/site-packages/airflow/example_dags/tutorial.py for tasks to queue
[2024-09-18T11:55:42.831+0100] {logging_mixin.py:190} INFO - [2024-09-18T11:55:42.831+0100] {dagbag.py:587} INFO - Filling up the DagBag from /Users/ds2718/Documents/test_python_airflow/airflow/py_venv/lib/python3.12/site-packages/airflow/example_dags/tutorial.py
[2024-09-18T11:55:42.835+0100] {processor.py:925} INFO - DAG(s) 'tutorial' retrieved from /Users/ds2718/Documents/test_python_airflow/airflow/py_venv/lib/python3.12/site-packages/airflow/example_dags/tutorial.py
[2024-09-18T11:55:42.888+0100] {logging_mixin.py:190} INFO - [2024-09-18T11:55:42.888+0100] {dag.py:3229} INFO - Sync 1 DAGs
[2024-09-18T11:55:42.900+0100] {logging_mixin.py:190} INFO - [2024-09-18T11:55:42.900+0100] {dag.py:4156} INFO - Setting next_dagrun for tutorial to 2024-09-17 00:00:00+00:00, run_after=2024-09-18 00:00:00+00:00
[2024-09-18T11:55:42.922+0100] {processor.py:208} INFO - Processing /Users/ds2718/Documents/test_python_airflow/airflow/py_venv/lib/python3.12/site-packages/airflow/example_dags/tutorial.py took 0.094 seconds
[2024-09-18T11:56:17.554+0100] {processor.py:186} INFO - Started process (PID=10127) to work on /Users/ds2718/Documents/test_python_airflow/airflow/py_venv/lib/python3.12/site-packages/airflow/example_dags/tutorial.py
[2024-09-18T11:56:17.554+0100] {processor.py:914} INFO - Processing file /Users/ds2718/Documents/test_python_airflow/airflow/py_venv/lib/python3.12/site-packages/airflow/example_dags/tutorial.py for tasks to queue
[2024-09-18T11:56:17.554+0100] {logging_mixin.py:190} INFO - [2024-09-18T11:56:17.554+0100] {dagbag.py:587} INFO - Filling up the DagBag from /Users/ds2718/Documents/test_python_airflow/airflow/py_venv/lib/python3.12/site-packages/airflow/example_dags/tutorial.py
[2024-09-18T11:56:17.558+0100] {processor.py:925} INFO - DAG(s) 'tutorial' retrieved from /Users/ds2718/Documents/test_python_airflow/airflow/py_venv/lib/python3.12/site-packages/airflow/example_dags/tutorial.py
[2024-09-18T11:56:17.599+0100] {logging_mixin.py:190} INFO - [2024-09-18T11:56:17.599+0100] {dag.py:3229} INFO - Sync 1 DAGs
[2024-09-18T11:56:17.610+0100] {logging_mixin.py:190} INFO - [2024-09-18T11:56:17.610+0100] {dag.py:4156} INFO - Setting next_dagrun for tutorial to 2024-09-17 00:00:00+00:00, run_after=2024-09-18 00:00:00+00:00
[2024-09-18T11:56:17.620+0100] {processor.py:208} INFO - Processing /Users/ds2718/Documents/test_python_airflow/airflow/py_venv/lib/python3.12/site-packages/airflow/example_dags/tutorial.py took 0.069 seconds
[2024-09-18T11:56:49.407+0100] {processor.py:186} INFO - Started process (PID=10302) to work on /Users/ds2718/Documents/test_python_airflow/airflow/py_venv/lib/python3.12/site-packages/airflow/example_dags/tutorial.py
[2024-09-18T11:56:49.408+0100] {processor.py:914} INFO - Processing file /Users/ds2718/Documents/test_python_airflow/airflow/py_venv/lib/python3.12/site-packages/airflow/example_dags/tutorial.py for tasks to queue
[2024-09-18T11:56:49.408+0100] {logging_mixin.py:190} INFO - [2024-09-18T11:56:49.408+0100] {dagbag.py:587} INFO - Filling up the DagBag from /Users/ds2718/Documents/test_python_airflow/airflow/py_venv/lib/python3.12/site-packages/airflow/example_dags/tutorial.py
[2024-09-18T11:56:49.417+0100] {processor.py:925} INFO - DAG(s) 'tutorial' retrieved from /Users/ds2718/Documents/test_python_airflow/airflow/py_venv/lib/python3.12/site-packages/airflow/example_dags/tutorial.py
[2024-09-18T11:56:49.460+0100] {logging_mixin.py:190} INFO - [2024-09-18T11:56:49.460+0100] {dag.py:3229} INFO - Sync 1 DAGs
[2024-09-18T11:56:49.471+0100] {logging_mixin.py:190} INFO - [2024-09-18T11:56:49.471+0100] {dag.py:4156} INFO - Setting next_dagrun for tutorial to 2024-09-17 00:00:00+00:00, run_after=2024-09-18 00:00:00+00:00
[2024-09-18T11:56:49.488+0100] {processor.py:208} INFO - Processing /Users/ds2718/Documents/test_python_airflow/airflow/py_venv/lib/python3.12/site-packages/airflow/example_dags/tutorial.py took 0.086 seconds
[2024-09-18T11:57:22.473+0100] {processor.py:186} INFO - Started process (PID=10444) to work on /Users/ds2718/Documents/test_python_airflow/airflow/py_venv/lib/python3.12/site-packages/airflow/example_dags/tutorial.py
[2024-09-18T11:57:22.474+0100] {processor.py:914} INFO - Processing file /Users/ds2718/Documents/test_python_airflow/airflow/py_venv/lib/python3.12/site-packages/airflow/example_dags/tutorial.py for tasks to queue
[2024-09-18T11:57:22.474+0100] {logging_mixin.py:190} INFO - [2024-09-18T11:57:22.474+0100] {dagbag.py:587} INFO - Filling up the DagBag from /Users/ds2718/Documents/test_python_airflow/airflow/py_venv/lib/python3.12/site-packages/airflow/example_dags/tutorial.py
[2024-09-18T11:57:22.481+0100] {processor.py:925} INFO - DAG(s) 'tutorial' retrieved from /Users/ds2718/Documents/test_python_airflow/airflow/py_venv/lib/python3.12/site-packages/airflow/example_dags/tutorial.py
[2024-09-18T11:57:22.524+0100] {logging_mixin.py:190} INFO - [2024-09-18T11:57:22.524+0100] {dag.py:3229} INFO - Sync 1 DAGs
[2024-09-18T11:57:22.534+0100] {logging_mixin.py:190} INFO - [2024-09-18T11:57:22.534+0100] {dag.py:4156} INFO - Setting next_dagrun for tutorial to 2024-09-17 00:00:00+00:00, run_after=2024-09-18 00:00:00+00:00
[2024-09-18T11:57:22.544+0100] {processor.py:208} INFO - Processing /Users/ds2718/Documents/test_python_airflow/airflow/py_venv/lib/python3.12/site-packages/airflow/example_dags/tutorial.py took 0.078 seconds
[2024-09-18T11:57:55.275+0100] {processor.py:186} INFO - Started process (PID=10651) to work on /Users/ds2718/Documents/test_python_airflow/airflow/py_venv/lib/python3.12/site-packages/airflow/example_dags/tutorial.py
[2024-09-18T11:57:55.277+0100] {processor.py:914} INFO - Processing file /Users/ds2718/Documents/test_python_airflow/airflow/py_venv/lib/python3.12/site-packages/airflow/example_dags/tutorial.py for tasks to queue
[2024-09-18T11:57:55.278+0100] {logging_mixin.py:190} INFO - [2024-09-18T11:57:55.278+0100] {dagbag.py:587} INFO - Filling up the DagBag from /Users/ds2718/Documents/test_python_airflow/airflow/py_venv/lib/python3.12/site-packages/airflow/example_dags/tutorial.py
[2024-09-18T11:57:55.285+0100] {processor.py:925} INFO - DAG(s) 'tutorial' retrieved from /Users/ds2718/Documents/test_python_airflow/airflow/py_venv/lib/python3.12/site-packages/airflow/example_dags/tutorial.py
[2024-09-18T11:57:55.332+0100] {logging_mixin.py:190} INFO - [2024-09-18T11:57:55.332+0100] {dag.py:3229} INFO - Sync 1 DAGs
[2024-09-18T11:57:55.344+0100] {logging_mixin.py:190} INFO - [2024-09-18T11:57:55.344+0100] {dag.py:4156} INFO - Setting next_dagrun for tutorial to 2024-09-17 00:00:00+00:00, run_after=2024-09-18 00:00:00+00:00
[2024-09-18T11:57:55.362+0100] {processor.py:208} INFO - Processing /Users/ds2718/Documents/test_python_airflow/airflow/py_venv/lib/python3.12/site-packages/airflow/example_dags/tutorial.py took 0.093 seconds
[2024-09-18T11:58:29.061+0100] {processor.py:186} INFO - Started process (PID=10825) to work on /Users/ds2718/Documents/test_python_airflow/airflow/py_venv/lib/python3.12/site-packages/airflow/example_dags/tutorial.py
[2024-09-18T11:58:29.062+0100] {processor.py:914} INFO - Processing file /Users/ds2718/Documents/test_python_airflow/airflow/py_venv/lib/python3.12/site-packages/airflow/example_dags/tutorial.py for tasks to queue
[2024-09-18T11:58:29.062+0100] {logging_mixin.py:190} INFO - [2024-09-18T11:58:29.062+0100] {dagbag.py:587} INFO - Filling up the DagBag from /Users/ds2718/Documents/test_python_airflow/airflow/py_venv/lib/python3.12/site-packages/airflow/example_dags/tutorial.py
[2024-09-18T11:58:29.069+0100] {processor.py:925} INFO - DAG(s) 'tutorial' retrieved from /Users/ds2718/Documents/test_python_airflow/airflow/py_venv/lib/python3.12/site-packages/airflow/example_dags/tutorial.py
[2024-09-18T11:58:29.127+0100] {logging_mixin.py:190} INFO - [2024-09-18T11:58:29.127+0100] {dag.py:3229} INFO - Sync 1 DAGs
[2024-09-18T11:58:29.139+0100] {logging_mixin.py:190} INFO - [2024-09-18T11:58:29.139+0100] {dag.py:4156} INFO - Setting next_dagrun for tutorial to 2024-09-17 00:00:00+00:00, run_after=2024-09-18 00:00:00+00:00
[2024-09-18T11:58:29.154+0100] {processor.py:208} INFO - Processing /Users/ds2718/Documents/test_python_airflow/airflow/py_venv/lib/python3.12/site-packages/airflow/example_dags/tutorial.py took 0.095 seconds
[2024-09-18T11:59:04.883+0100] {processor.py:186} INFO - Started process (PID=11030) to work on /Users/ds2718/Documents/test_python_airflow/airflow/py_venv/lib/python3.12/site-packages/airflow/example_dags/tutorial.py
[2024-09-18T11:59:04.884+0100] {processor.py:914} INFO - Processing file /Users/ds2718/Documents/test_python_airflow/airflow/py_venv/lib/python3.12/site-packages/airflow/example_dags/tutorial.py for tasks to queue
[2024-09-18T11:59:04.884+0100] {logging_mixin.py:190} INFO - [2024-09-18T11:59:04.884+0100] {dagbag.py:587} INFO - Filling up the DagBag from /Users/ds2718/Documents/test_python_airflow/airflow/py_venv/lib/python3.12/site-packages/airflow/example_dags/tutorial.py
[2024-09-18T11:59:04.888+0100] {processor.py:925} INFO - DAG(s) 'tutorial' retrieved from /Users/ds2718/Documents/test_python_airflow/airflow/py_venv/lib/python3.12/site-packages/airflow/example_dags/tutorial.py
[2024-09-18T11:59:04.927+0100] {logging_mixin.py:190} INFO - [2024-09-18T11:59:04.927+0100] {dag.py:3229} INFO - Sync 1 DAGs
[2024-09-18T11:59:04.940+0100] {logging_mixin.py:190} INFO - [2024-09-18T11:59:04.940+0100] {dag.py:4156} INFO - Setting next_dagrun for tutorial to 2024-09-17 00:00:00+00:00, run_after=2024-09-18 00:00:00+00:00
[2024-09-18T11:59:04.948+0100] {processor.py:208} INFO - Processing /Users/ds2718/Documents/test_python_airflow/airflow/py_venv/lib/python3.12/site-packages/airflow/example_dags/tutorial.py took 0.066 seconds
[2024-09-18T11:59:39.056+0100] {processor.py:186} INFO - Started process (PID=11199) to work on /Users/ds2718/Documents/test_python_airflow/airflow/py_venv/lib/python3.12/site-packages/airflow/example_dags/tutorial.py
[2024-09-18T11:59:39.057+0100] {processor.py:914} INFO - Processing file /Users/ds2718/Documents/test_python_airflow/airflow/py_venv/lib/python3.12/site-packages/airflow/example_dags/tutorial.py for tasks to queue
[2024-09-18T11:59:39.058+0100] {logging_mixin.py:190} INFO - [2024-09-18T11:59:39.058+0100] {dagbag.py:587} INFO - Filling up the DagBag from /Users/ds2718/Documents/test_python_airflow/airflow/py_venv/lib/python3.12/site-packages/airflow/example_dags/tutorial.py
[2024-09-18T11:59:39.063+0100] {processor.py:925} INFO - DAG(s) 'tutorial' retrieved from /Users/ds2718/Documents/test_python_airflow/airflow/py_venv/lib/python3.12/site-packages/airflow/example_dags/tutorial.py
[2024-09-18T11:59:39.110+0100] {logging_mixin.py:190} INFO - [2024-09-18T11:59:39.110+0100] {dag.py:3229} INFO - Sync 1 DAGs
[2024-09-18T11:59:39.122+0100] {logging_mixin.py:190} INFO - [2024-09-18T11:59:39.122+0100] {dag.py:4156} INFO - Setting next_dagrun for tutorial to 2024-09-17 00:00:00+00:00, run_after=2024-09-18 00:00:00+00:00
[2024-09-18T11:59:39.139+0100] {processor.py:208} INFO - Processing /Users/ds2718/Documents/test_python_airflow/airflow/py_venv/lib/python3.12/site-packages/airflow/example_dags/tutorial.py took 0.089 seconds
[2024-09-18T12:00:11.720+0100] {processor.py:186} INFO - Started process (PID=11415) to work on /Users/ds2718/Documents/test_python_airflow/airflow/py_venv/lib/python3.12/site-packages/airflow/example_dags/tutorial.py
[2024-09-18T12:00:11.720+0100] {processor.py:914} INFO - Processing file /Users/ds2718/Documents/test_python_airflow/airflow/py_venv/lib/python3.12/site-packages/airflow/example_dags/tutorial.py for tasks to queue
[2024-09-18T12:00:11.721+0100] {logging_mixin.py:190} INFO - [2024-09-18T12:00:11.721+0100] {dagbag.py:587} INFO - Filling up the DagBag from /Users/ds2718/Documents/test_python_airflow/airflow/py_venv/lib/python3.12/site-packages/airflow/example_dags/tutorial.py
[2024-09-18T12:00:11.727+0100] {processor.py:925} INFO - DAG(s) 'tutorial' retrieved from /Users/ds2718/Documents/test_python_airflow/airflow/py_venv/lib/python3.12/site-packages/airflow/example_dags/tutorial.py
[2024-09-18T12:00:11.779+0100] {logging_mixin.py:190} INFO - [2024-09-18T12:00:11.779+0100] {dag.py:3229} INFO - Sync 1 DAGs
[2024-09-18T12:00:11.792+0100] {logging_mixin.py:190} INFO - [2024-09-18T12:00:11.792+0100] {dag.py:4156} INFO - Setting next_dagrun for tutorial to 2024-09-17 00:00:00+00:00, run_after=2024-09-18 00:00:00+00:00
[2024-09-18T12:00:11.812+0100] {processor.py:208} INFO - Processing /Users/ds2718/Documents/test_python_airflow/airflow/py_venv/lib/python3.12/site-packages/airflow/example_dags/tutorial.py took 0.095 seconds
[2024-09-18T12:00:44.022+0100] {processor.py:186} INFO - Started process (PID=11579) to work on /Users/ds2718/Documents/test_python_airflow/airflow/py_venv/lib/python3.12/site-packages/airflow/example_dags/tutorial.py
[2024-09-18T12:00:44.023+0100] {processor.py:914} INFO - Processing file /Users/ds2718/Documents/test_python_airflow/airflow/py_venv/lib/python3.12/site-packages/airflow/example_dags/tutorial.py for tasks to queue
[2024-09-18T12:00:44.023+0100] {logging_mixin.py:190} INFO - [2024-09-18T12:00:44.023+0100] {dagbag.py:587} INFO - Filling up the DagBag from /Users/ds2718/Documents/test_python_airflow/airflow/py_venv/lib/python3.12/site-packages/airflow/example_dags/tutorial.py
[2024-09-18T12:00:44.028+0100] {processor.py:925} INFO - DAG(s) 'tutorial' retrieved from /Users/ds2718/Documents/test_python_airflow/airflow/py_venv/lib/python3.12/site-packages/airflow/example_dags/tutorial.py
[2024-09-18T12:00:44.071+0100] {logging_mixin.py:190} INFO - [2024-09-18T12:00:44.070+0100] {dag.py:3229} INFO - Sync 1 DAGs
[2024-09-18T12:00:44.090+0100] {logging_mixin.py:190} INFO - [2024-09-18T12:00:44.090+0100] {dag.py:4156} INFO - Setting next_dagrun for tutorial to 2024-09-17 00:00:00+00:00, run_after=2024-09-18 00:00:00+00:00
[2024-09-18T12:00:44.118+0100] {processor.py:208} INFO - Processing /Users/ds2718/Documents/test_python_airflow/airflow/py_venv/lib/python3.12/site-packages/airflow/example_dags/tutorial.py took 0.104 seconds
[2024-09-18T12:01:21.504+0100] {processor.py:186} INFO - Started process (PID=11772) to work on /Users/ds2718/Documents/test_python_airflow/airflow/py_venv/lib/python3.12/site-packages/airflow/example_dags/tutorial.py
[2024-09-18T12:01:21.521+0100] {processor.py:914} INFO - Processing file /Users/ds2718/Documents/test_python_airflow/airflow/py_venv/lib/python3.12/site-packages/airflow/example_dags/tutorial.py for tasks to queue
[2024-09-18T12:01:21.522+0100] {logging_mixin.py:190} INFO - [2024-09-18T12:01:21.522+0100] {dagbag.py:587} INFO - Filling up the DagBag from /Users/ds2718/Documents/test_python_airflow/airflow/py_venv/lib/python3.12/site-packages/airflow/example_dags/tutorial.py
[2024-09-18T12:01:21.580+0100] {processor.py:925} INFO - DAG(s) 'tutorial' retrieved from /Users/ds2718/Documents/test_python_airflow/airflow/py_venv/lib/python3.12/site-packages/airflow/example_dags/tutorial.py
[2024-09-18T12:01:21.768+0100] {logging_mixin.py:190} INFO - [2024-09-18T12:01:21.768+0100] {dag.py:3229} INFO - Sync 1 DAGs
[2024-09-18T12:01:21.793+0100] {logging_mixin.py:190} INFO - [2024-09-18T12:01:21.793+0100] {dag.py:4156} INFO - Setting next_dagrun for tutorial to 2024-09-17 00:00:00+00:00, run_after=2024-09-18 00:00:00+00:00
[2024-09-18T12:01:21.807+0100] {processor.py:208} INFO - Processing /Users/ds2718/Documents/test_python_airflow/airflow/py_venv/lib/python3.12/site-packages/airflow/example_dags/tutorial.py took 0.308 seconds
[2024-09-18T12:06:24.723+0100] {processor.py:186} INFO - Started process (PID=11954) to work on /Users/ds2718/Documents/test_python_airflow/airflow/py_venv/lib/python3.12/site-packages/airflow/example_dags/tutorial.py
[2024-09-18T12:06:24.724+0100] {processor.py:914} INFO - Processing file /Users/ds2718/Documents/test_python_airflow/airflow/py_venv/lib/python3.12/site-packages/airflow/example_dags/tutorial.py for tasks to queue
[2024-09-18T12:06:24.724+0100] {logging_mixin.py:190} INFO - [2024-09-18T12:06:24.724+0100] {dagbag.py:587} INFO - Filling up the DagBag from /Users/ds2718/Documents/test_python_airflow/airflow/py_venv/lib/python3.12/site-packages/airflow/example_dags/tutorial.py
[2024-09-18T12:06:24.731+0100] {processor.py:925} INFO - DAG(s) 'tutorial' retrieved from /Users/ds2718/Documents/test_python_airflow/airflow/py_venv/lib/python3.12/site-packages/airflow/example_dags/tutorial.py
[2024-09-18T12:06:24.782+0100] {logging_mixin.py:190} INFO - [2024-09-18T12:06:24.782+0100] {dag.py:3229} INFO - Sync 1 DAGs
[2024-09-18T12:06:24.793+0100] {logging_mixin.py:190} INFO - [2024-09-18T12:06:24.793+0100] {dag.py:4156} INFO - Setting next_dagrun for tutorial to 2024-09-17 00:00:00+00:00, run_after=2024-09-18 00:00:00+00:00
[2024-09-18T12:06:24.811+0100] {processor.py:208} INFO - Processing /Users/ds2718/Documents/test_python_airflow/airflow/py_venv/lib/python3.12/site-packages/airflow/example_dags/tutorial.py took 0.096 seconds
[2024-09-18T12:06:59.567+0100] {processor.py:186} INFO - Started process (PID=12127) to work on /Users/ds2718/Documents/test_python_airflow/airflow/py_venv/lib/python3.12/site-packages/airflow/example_dags/tutorial.py
[2024-09-18T12:06:59.567+0100] {processor.py:914} INFO - Processing file /Users/ds2718/Documents/test_python_airflow/airflow/py_venv/lib/python3.12/site-packages/airflow/example_dags/tutorial.py for tasks to queue
[2024-09-18T12:06:59.568+0100] {logging_mixin.py:190} INFO - [2024-09-18T12:06:59.568+0100] {dagbag.py:587} INFO - Filling up the DagBag from /Users/ds2718/Documents/test_python_airflow/airflow/py_venv/lib/python3.12/site-packages/airflow/example_dags/tutorial.py
[2024-09-18T12:06:59.573+0100] {processor.py:925} INFO - DAG(s) 'tutorial' retrieved from /Users/ds2718/Documents/test_python_airflow/airflow/py_venv/lib/python3.12/site-packages/airflow/example_dags/tutorial.py
[2024-09-18T12:06:59.629+0100] {logging_mixin.py:190} INFO - [2024-09-18T12:06:59.629+0100] {dag.py:3229} INFO - Sync 1 DAGs
[2024-09-18T12:06:59.641+0100] {logging_mixin.py:190} INFO - [2024-09-18T12:06:59.641+0100] {dag.py:4156} INFO - Setting next_dagrun for tutorial to 2024-09-17 00:00:00+00:00, run_after=2024-09-18 00:00:00+00:00
[2024-09-18T12:06:59.656+0100] {processor.py:208} INFO - Processing /Users/ds2718/Documents/test_python_airflow/airflow/py_venv/lib/python3.12/site-packages/airflow/example_dags/tutorial.py took 0.099 seconds
[2024-09-18T12:07:33.780+0100] {processor.py:186} INFO - Started process (PID=12332) to work on /Users/ds2718/Documents/test_python_airflow/airflow/py_venv/lib/python3.12/site-packages/airflow/example_dags/tutorial.py
[2024-09-18T12:07:33.783+0100] {processor.py:914} INFO - Processing file /Users/ds2718/Documents/test_python_airflow/airflow/py_venv/lib/python3.12/site-packages/airflow/example_dags/tutorial.py for tasks to queue
[2024-09-18T12:07:33.783+0100] {logging_mixin.py:190} INFO - [2024-09-18T12:07:33.783+0100] {dagbag.py:587} INFO - Filling up the DagBag from /Users/ds2718/Documents/test_python_airflow/airflow/py_venv/lib/python3.12/site-packages/airflow/example_dags/tutorial.py
[2024-09-18T12:07:33.790+0100] {processor.py:925} INFO - DAG(s) 'tutorial' retrieved from /Users/ds2718/Documents/test_python_airflow/airflow/py_venv/lib/python3.12/site-packages/airflow/example_dags/tutorial.py
[2024-09-18T12:07:33.831+0100] {logging_mixin.py:190} INFO - [2024-09-18T12:07:33.831+0100] {dag.py:3229} INFO - Sync 1 DAGs
[2024-09-18T12:07:33.846+0100] {logging_mixin.py:190} INFO - [2024-09-18T12:07:33.845+0100] {dag.py:4156} INFO - Setting next_dagrun for tutorial to 2024-09-17 00:00:00+00:00, run_after=2024-09-18 00:00:00+00:00
[2024-09-18T12:07:33.854+0100] {processor.py:208} INFO - Processing /Users/ds2718/Documents/test_python_airflow/airflow/py_venv/lib/python3.12/site-packages/airflow/example_dags/tutorial.py took 0.079 seconds
[2024-09-18T12:08:17.344+0100] {processor.py:186} INFO - Started process (PID=12477) to work on /Users/ds2718/Documents/test_python_airflow/airflow/py_venv/lib/python3.12/site-packages/airflow/example_dags/tutorial.py
[2024-09-18T12:08:17.345+0100] {processor.py:914} INFO - Processing file /Users/ds2718/Documents/test_python_airflow/airflow/py_venv/lib/python3.12/site-packages/airflow/example_dags/tutorial.py for tasks to queue
[2024-09-18T12:08:17.346+0100] {logging_mixin.py:190} INFO - [2024-09-18T12:08:17.346+0100] {dagbag.py:587} INFO - Filling up the DagBag from /Users/ds2718/Documents/test_python_airflow/airflow/py_venv/lib/python3.12/site-packages/airflow/example_dags/tutorial.py
[2024-09-18T12:08:17.355+0100] {processor.py:925} INFO - DAG(s) 'tutorial' retrieved from /Users/ds2718/Documents/test_python_airflow/airflow/py_venv/lib/python3.12/site-packages/airflow/example_dags/tutorial.py
[2024-09-18T12:08:17.423+0100] {logging_mixin.py:190} INFO - [2024-09-18T12:08:17.423+0100] {dag.py:3229} INFO - Sync 1 DAGs
[2024-09-18T12:08:17.437+0100] {logging_mixin.py:190} INFO - [2024-09-18T12:08:17.437+0100] {dag.py:4156} INFO - Setting next_dagrun for tutorial to 2024-09-17 00:00:00+00:00, run_after=2024-09-18 00:00:00+00:00
[2024-09-18T12:08:17.453+0100] {processor.py:208} INFO - Processing /Users/ds2718/Documents/test_python_airflow/airflow/py_venv/lib/python3.12/site-packages/airflow/example_dags/tutorial.py took 0.118 seconds
[2024-09-18T12:08:51.304+0100] {processor.py:186} INFO - Started process (PID=12678) to work on /Users/ds2718/Documents/test_python_airflow/airflow/py_venv/lib/python3.12/site-packages/airflow/example_dags/tutorial.py
[2024-09-18T12:08:51.305+0100] {processor.py:914} INFO - Processing file /Users/ds2718/Documents/test_python_airflow/airflow/py_venv/lib/python3.12/site-packages/airflow/example_dags/tutorial.py for tasks to queue
[2024-09-18T12:08:51.305+0100] {logging_mixin.py:190} INFO - [2024-09-18T12:08:51.305+0100] {dagbag.py:587} INFO - Filling up the DagBag from /Users/ds2718/Documents/test_python_airflow/airflow/py_venv/lib/python3.12/site-packages/airflow/example_dags/tutorial.py
[2024-09-18T12:08:51.309+0100] {processor.py:925} INFO - DAG(s) 'tutorial' retrieved from /Users/ds2718/Documents/test_python_airflow/airflow/py_venv/lib/python3.12/site-packages/airflow/example_dags/tutorial.py
[2024-09-18T12:08:51.352+0100] {logging_mixin.py:190} INFO - [2024-09-18T12:08:51.352+0100] {dag.py:3229} INFO - Sync 1 DAGs
[2024-09-18T12:08:51.363+0100] {logging_mixin.py:190} INFO - [2024-09-18T12:08:51.363+0100] {dag.py:4156} INFO - Setting next_dagrun for tutorial to 2024-09-17 00:00:00+00:00, run_after=2024-09-18 00:00:00+00:00
[2024-09-18T12:08:51.373+0100] {processor.py:208} INFO - Processing /Users/ds2718/Documents/test_python_airflow/airflow/py_venv/lib/python3.12/site-packages/airflow/example_dags/tutorial.py took 0.075 seconds
[2024-09-18T12:09:26.029+0100] {processor.py:186} INFO - Started process (PID=12831) to work on /Users/ds2718/Documents/test_python_airflow/airflow/py_venv/lib/python3.12/site-packages/airflow/example_dags/tutorial.py
[2024-09-18T12:09:26.030+0100] {processor.py:914} INFO - Processing file /Users/ds2718/Documents/test_python_airflow/airflow/py_venv/lib/python3.12/site-packages/airflow/example_dags/tutorial.py for tasks to queue
[2024-09-18T12:09:26.030+0100] {logging_mixin.py:190} INFO - [2024-09-18T12:09:26.030+0100] {dagbag.py:587} INFO - Filling up the DagBag from /Users/ds2718/Documents/test_python_airflow/airflow/py_venv/lib/python3.12/site-packages/airflow/example_dags/tutorial.py
[2024-09-18T12:09:26.036+0100] {processor.py:925} INFO - DAG(s) 'tutorial' retrieved from /Users/ds2718/Documents/test_python_airflow/airflow/py_venv/lib/python3.12/site-packages/airflow/example_dags/tutorial.py
[2024-09-18T12:09:26.083+0100] {logging_mixin.py:190} INFO - [2024-09-18T12:09:26.083+0100] {dag.py:3229} INFO - Sync 1 DAGs
[2024-09-18T12:09:26.095+0100] {logging_mixin.py:190} INFO - [2024-09-18T12:09:26.095+0100] {dag.py:4156} INFO - Setting next_dagrun for tutorial to 2024-09-17 00:00:00+00:00, run_after=2024-09-18 00:00:00+00:00
[2024-09-18T12:09:26.109+0100] {processor.py:208} INFO - Processing /Users/ds2718/Documents/test_python_airflow/airflow/py_venv/lib/python3.12/site-packages/airflow/example_dags/tutorial.py took 0.089 seconds
[2024-09-18T12:09:59.205+0100] {processor.py:186} INFO - Started process (PID=13026) to work on /Users/ds2718/Documents/test_python_airflow/airflow/py_venv/lib/python3.12/site-packages/airflow/example_dags/tutorial.py
[2024-09-18T12:09:59.207+0100] {processor.py:914} INFO - Processing file /Users/ds2718/Documents/test_python_airflow/airflow/py_venv/lib/python3.12/site-packages/airflow/example_dags/tutorial.py for tasks to queue
[2024-09-18T12:09:59.207+0100] {logging_mixin.py:190} INFO - [2024-09-18T12:09:59.207+0100] {dagbag.py:587} INFO - Filling up the DagBag from /Users/ds2718/Documents/test_python_airflow/airflow/py_venv/lib/python3.12/site-packages/airflow/example_dags/tutorial.py
[2024-09-18T12:09:59.213+0100] {processor.py:925} INFO - DAG(s) 'tutorial' retrieved from /Users/ds2718/Documents/test_python_airflow/airflow/py_venv/lib/python3.12/site-packages/airflow/example_dags/tutorial.py
[2024-09-18T12:09:59.255+0100] {logging_mixin.py:190} INFO - [2024-09-18T12:09:59.254+0100] {dag.py:3229} INFO - Sync 1 DAGs
[2024-09-18T12:09:59.265+0100] {logging_mixin.py:190} INFO - [2024-09-18T12:09:59.265+0100] {dag.py:4156} INFO - Setting next_dagrun for tutorial to 2024-09-17 00:00:00+00:00, run_after=2024-09-18 00:00:00+00:00
[2024-09-18T12:09:59.280+0100] {processor.py:208} INFO - Processing /Users/ds2718/Documents/test_python_airflow/airflow/py_venv/lib/python3.12/site-packages/airflow/example_dags/tutorial.py took 0.083 seconds
[2024-09-18T12:10:31.812+0100] {processor.py:186} INFO - Started process (PID=13154) to work on /Users/ds2718/Documents/test_python_airflow/airflow/py_venv/lib/python3.12/site-packages/airflow/example_dags/tutorial.py
[2024-09-18T12:10:31.813+0100] {processor.py:914} INFO - Processing file /Users/ds2718/Documents/test_python_airflow/airflow/py_venv/lib/python3.12/site-packages/airflow/example_dags/tutorial.py for tasks to queue
[2024-09-18T12:10:31.813+0100] {logging_mixin.py:190} INFO - [2024-09-18T12:10:31.813+0100] {dagbag.py:587} INFO - Filling up the DagBag from /Users/ds2718/Documents/test_python_airflow/airflow/py_venv/lib/python3.12/site-packages/airflow/example_dags/tutorial.py
[2024-09-18T12:10:31.819+0100] {processor.py:925} INFO - DAG(s) 'tutorial' retrieved from /Users/ds2718/Documents/test_python_airflow/airflow/py_venv/lib/python3.12/site-packages/airflow/example_dags/tutorial.py
[2024-09-18T12:10:31.861+0100] {logging_mixin.py:190} INFO - [2024-09-18T12:10:31.861+0100] {dag.py:3229} INFO - Sync 1 DAGs
[2024-09-18T12:10:31.872+0100] {logging_mixin.py:190} INFO - [2024-09-18T12:10:31.872+0100] {dag.py:4156} INFO - Setting next_dagrun for tutorial to 2024-09-17 00:00:00+00:00, run_after=2024-09-18 00:00:00+00:00
[2024-09-18T12:10:31.884+0100] {processor.py:208} INFO - Processing /Users/ds2718/Documents/test_python_airflow/airflow/py_venv/lib/python3.12/site-packages/airflow/example_dags/tutorial.py took 0.078 seconds
[2024-09-18T12:11:05.461+0100] {processor.py:186} INFO - Started process (PID=13332) to work on /Users/ds2718/Documents/test_python_airflow/airflow/py_venv/lib/python3.12/site-packages/airflow/example_dags/tutorial.py
[2024-09-18T12:11:05.462+0100] {processor.py:914} INFO - Processing file /Users/ds2718/Documents/test_python_airflow/airflow/py_venv/lib/python3.12/site-packages/airflow/example_dags/tutorial.py for tasks to queue
[2024-09-18T12:11:05.462+0100] {logging_mixin.py:190} INFO - [2024-09-18T12:11:05.462+0100] {dagbag.py:587} INFO - Filling up the DagBag from /Users/ds2718/Documents/test_python_airflow/airflow/py_venv/lib/python3.12/site-packages/airflow/example_dags/tutorial.py
[2024-09-18T12:11:05.467+0100] {processor.py:925} INFO - DAG(s) 'tutorial' retrieved from /Users/ds2718/Documents/test_python_airflow/airflow/py_venv/lib/python3.12/site-packages/airflow/example_dags/tutorial.py
[2024-09-18T12:11:05.510+0100] {logging_mixin.py:190} INFO - [2024-09-18T12:11:05.510+0100] {dag.py:3229} INFO - Sync 1 DAGs
[2024-09-18T12:11:05.544+0100] {logging_mixin.py:190} INFO - [2024-09-18T12:11:05.544+0100] {dag.py:4156} INFO - Setting next_dagrun for tutorial to 2024-09-17 00:00:00+00:00, run_after=2024-09-18 00:00:00+00:00
[2024-09-18T12:11:05.559+0100] {processor.py:208} INFO - Processing /Users/ds2718/Documents/test_python_airflow/airflow/py_venv/lib/python3.12/site-packages/airflow/example_dags/tutorial.py took 0.100 seconds
[2024-09-18T12:11:39.413+0100] {processor.py:186} INFO - Started process (PID=13478) to work on /Users/ds2718/Documents/test_python_airflow/airflow/py_venv/lib/python3.12/site-packages/airflow/example_dags/tutorial.py
[2024-09-18T12:11:39.413+0100] {processor.py:914} INFO - Processing file /Users/ds2718/Documents/test_python_airflow/airflow/py_venv/lib/python3.12/site-packages/airflow/example_dags/tutorial.py for tasks to queue
[2024-09-18T12:11:39.413+0100] {logging_mixin.py:190} INFO - [2024-09-18T12:11:39.413+0100] {dagbag.py:587} INFO - Filling up the DagBag from /Users/ds2718/Documents/test_python_airflow/airflow/py_venv/lib/python3.12/site-packages/airflow/example_dags/tutorial.py
[2024-09-18T12:11:39.418+0100] {processor.py:925} INFO - DAG(s) 'tutorial' retrieved from /Users/ds2718/Documents/test_python_airflow/airflow/py_venv/lib/python3.12/site-packages/airflow/example_dags/tutorial.py
[2024-09-18T12:11:39.458+0100] {logging_mixin.py:190} INFO - [2024-09-18T12:11:39.458+0100] {dag.py:3229} INFO - Sync 1 DAGs
[2024-09-18T12:11:39.469+0100] {logging_mixin.py:190} INFO - [2024-09-18T12:11:39.469+0100] {dag.py:4156} INFO - Setting next_dagrun for tutorial to 2024-09-17 00:00:00+00:00, run_after=2024-09-18 00:00:00+00:00
[2024-09-18T12:11:39.483+0100] {processor.py:208} INFO - Processing /Users/ds2718/Documents/test_python_airflow/airflow/py_venv/lib/python3.12/site-packages/airflow/example_dags/tutorial.py took 0.076 seconds
[2024-09-18T12:12:12.177+0100] {processor.py:186} INFO - Started process (PID=13633) to work on /Users/ds2718/Documents/test_python_airflow/airflow/py_venv/lib/python3.12/site-packages/airflow/example_dags/tutorial.py
[2024-09-18T12:12:12.179+0100] {processor.py:914} INFO - Processing file /Users/ds2718/Documents/test_python_airflow/airflow/py_venv/lib/python3.12/site-packages/airflow/example_dags/tutorial.py for tasks to queue
[2024-09-18T12:12:12.179+0100] {logging_mixin.py:190} INFO - [2024-09-18T12:12:12.179+0100] {dagbag.py:587} INFO - Filling up the DagBag from /Users/ds2718/Documents/test_python_airflow/airflow/py_venv/lib/python3.12/site-packages/airflow/example_dags/tutorial.py
[2024-09-18T12:12:12.185+0100] {processor.py:925} INFO - DAG(s) 'tutorial' retrieved from /Users/ds2718/Documents/test_python_airflow/airflow/py_venv/lib/python3.12/site-packages/airflow/example_dags/tutorial.py
[2024-09-18T12:12:12.237+0100] {logging_mixin.py:190} INFO - [2024-09-18T12:12:12.237+0100] {dag.py:3229} INFO - Sync 1 DAGs
[2024-09-18T12:12:12.247+0100] {logging_mixin.py:190} INFO - [2024-09-18T12:12:12.247+0100] {dag.py:4156} INFO - Setting next_dagrun for tutorial to 2024-09-17 00:00:00+00:00, run_after=2024-09-18 00:00:00+00:00
[2024-09-18T12:12:12.261+0100] {processor.py:208} INFO - Processing /Users/ds2718/Documents/test_python_airflow/airflow/py_venv/lib/python3.12/site-packages/airflow/example_dags/tutorial.py took 0.091 seconds
[2024-09-18T12:12:46.639+0100] {processor.py:186} INFO - Started process (PID=13770) to work on /Users/ds2718/Documents/test_python_airflow/airflow/py_venv/lib/python3.12/site-packages/airflow/example_dags/tutorial.py
[2024-09-18T12:12:46.640+0100] {processor.py:914} INFO - Processing file /Users/ds2718/Documents/test_python_airflow/airflow/py_venv/lib/python3.12/site-packages/airflow/example_dags/tutorial.py for tasks to queue
[2024-09-18T12:12:46.640+0100] {logging_mixin.py:190} INFO - [2024-09-18T12:12:46.640+0100] {dagbag.py:587} INFO - Filling up the DagBag from /Users/ds2718/Documents/test_python_airflow/airflow/py_venv/lib/python3.12/site-packages/airflow/example_dags/tutorial.py
[2024-09-18T12:12:46.646+0100] {processor.py:925} INFO - DAG(s) 'tutorial' retrieved from /Users/ds2718/Documents/test_python_airflow/airflow/py_venv/lib/python3.12/site-packages/airflow/example_dags/tutorial.py
[2024-09-18T12:12:46.689+0100] {logging_mixin.py:190} INFO - [2024-09-18T12:12:46.689+0100] {dag.py:3229} INFO - Sync 1 DAGs
[2024-09-18T12:12:46.700+0100] {logging_mixin.py:190} INFO - [2024-09-18T12:12:46.700+0100] {dag.py:4156} INFO - Setting next_dagrun for tutorial to 2024-09-17 00:00:00+00:00, run_after=2024-09-18 00:00:00+00:00
[2024-09-18T12:12:46.716+0100] {processor.py:208} INFO - Processing /Users/ds2718/Documents/test_python_airflow/airflow/py_venv/lib/python3.12/site-packages/airflow/example_dags/tutorial.py took 0.084 seconds
[2024-09-18T12:13:22.052+0100] {processor.py:186} INFO - Started process (PID=13977) to work on /Users/ds2718/Documents/test_python_airflow/airflow/py_venv/lib/python3.12/site-packages/airflow/example_dags/tutorial.py
[2024-09-18T12:13:22.052+0100] {processor.py:914} INFO - Processing file /Users/ds2718/Documents/test_python_airflow/airflow/py_venv/lib/python3.12/site-packages/airflow/example_dags/tutorial.py for tasks to queue
[2024-09-18T12:13:22.053+0100] {logging_mixin.py:190} INFO - [2024-09-18T12:13:22.053+0100] {dagbag.py:587} INFO - Filling up the DagBag from /Users/ds2718/Documents/test_python_airflow/airflow/py_venv/lib/python3.12/site-packages/airflow/example_dags/tutorial.py
[2024-09-18T12:13:22.057+0100] {processor.py:925} INFO - DAG(s) 'tutorial' retrieved from /Users/ds2718/Documents/test_python_airflow/airflow/py_venv/lib/python3.12/site-packages/airflow/example_dags/tutorial.py
[2024-09-18T12:13:22.098+0100] {logging_mixin.py:190} INFO - [2024-09-18T12:13:22.097+0100] {dag.py:3229} INFO - Sync 1 DAGs
[2024-09-18T12:13:22.109+0100] {logging_mixin.py:190} INFO - [2024-09-18T12:13:22.109+0100] {dag.py:4156} INFO - Setting next_dagrun for tutorial to 2024-09-17 00:00:00+00:00, run_after=2024-09-18 00:00:00+00:00
[2024-09-18T12:13:22.117+0100] {processor.py:208} INFO - Processing /Users/ds2718/Documents/test_python_airflow/airflow/py_venv/lib/python3.12/site-packages/airflow/example_dags/tutorial.py took 0.068 seconds
[2024-09-18T12:13:56.446+0100] {processor.py:186} INFO - Started process (PID=14153) to work on /Users/ds2718/Documents/test_python_airflow/airflow/py_venv/lib/python3.12/site-packages/airflow/example_dags/tutorial.py
[2024-09-18T12:13:56.449+0100] {processor.py:914} INFO - Processing file /Users/ds2718/Documents/test_python_airflow/airflow/py_venv/lib/python3.12/site-packages/airflow/example_dags/tutorial.py for tasks to queue
[2024-09-18T12:13:56.449+0100] {logging_mixin.py:190} INFO - [2024-09-18T12:13:56.449+0100] {dagbag.py:587} INFO - Filling up the DagBag from /Users/ds2718/Documents/test_python_airflow/airflow/py_venv/lib/python3.12/site-packages/airflow/example_dags/tutorial.py
[2024-09-18T12:13:56.455+0100] {processor.py:925} INFO - DAG(s) 'tutorial' retrieved from /Users/ds2718/Documents/test_python_airflow/airflow/py_venv/lib/python3.12/site-packages/airflow/example_dags/tutorial.py
[2024-09-18T12:13:56.498+0100] {logging_mixin.py:190} INFO - [2024-09-18T12:13:56.498+0100] {dag.py:3229} INFO - Sync 1 DAGs
[2024-09-18T12:13:56.510+0100] {logging_mixin.py:190} INFO - [2024-09-18T12:13:56.510+0100] {dag.py:4156} INFO - Setting next_dagrun for tutorial to 2024-09-17 00:00:00+00:00, run_after=2024-09-18 00:00:00+00:00
[2024-09-18T12:13:56.524+0100] {processor.py:208} INFO - Processing /Users/ds2718/Documents/test_python_airflow/airflow/py_venv/lib/python3.12/site-packages/airflow/example_dags/tutorial.py took 0.085 seconds
