[2024-09-18T11:53:58.115+0100] {processor.py:186} INFO - Started process (PID=9415) to work on /Users/ds2718/Documents/test_python_airflow/airflow/py_venv/lib/python3.12/site-packages/airflow/example_dags/tutorial_taskflow_api.py
[2024-09-18T11:53:58.115+0100] {processor.py:914} INFO - Processing file /Users/ds2718/Documents/test_python_airflow/airflow/py_venv/lib/python3.12/site-packages/airflow/example_dags/tutorial_taskflow_api.py for tasks to queue
[2024-09-18T11:53:58.116+0100] {logging_mixin.py:190} INFO - [2024-09-18T11:53:58.116+0100] {dagbag.py:587} INFO - Filling up the DagBag from /Users/ds2718/Documents/test_python_airflow/airflow/py_venv/lib/python3.12/site-packages/airflow/example_dags/tutorial_taskflow_api.py
[2024-09-18T11:53:58.131+0100] {processor.py:925} INFO - DAG(s) 'tutorial_taskflow_api' retrieved from /Users/ds2718/Documents/test_python_airflow/airflow/py_venv/lib/python3.12/site-packages/airflow/example_dags/tutorial_taskflow_api.py
[2024-09-18T11:53:58.240+0100] {logging_mixin.py:190} INFO - [2024-09-18T11:53:58.239+0100] {override.py:1900} INFO - Created Permission View: can edit on DAG:tutorial_taskflow_api
[2024-09-18T11:53:58.244+0100] {logging_mixin.py:190} INFO - [2024-09-18T11:53:58.244+0100] {override.py:1900} INFO - Created Permission View: can delete on DAG:tutorial_taskflow_api
[2024-09-18T11:53:58.246+0100] {logging_mixin.py:190} INFO - [2024-09-18T11:53:58.246+0100] {override.py:1900} INFO - Created Permission View: can read on DAG:tutorial_taskflow_api
[2024-09-18T11:53:58.249+0100] {logging_mixin.py:190} INFO - [2024-09-18T11:53:58.249+0100] {override.py:1900} INFO - Created Permission View: can delete on DAG Run:tutorial_taskflow_api
[2024-09-18T11:53:58.251+0100] {logging_mixin.py:190} INFO - [2024-09-18T11:53:58.251+0100] {override.py:1900} INFO - Created Permission View: menu access on DAG Run:tutorial_taskflow_api
[2024-09-18T11:53:58.254+0100] {logging_mixin.py:190} INFO - [2024-09-18T11:53:58.254+0100] {override.py:1900} INFO - Created Permission View: can create on DAG Run:tutorial_taskflow_api
[2024-09-18T11:53:58.256+0100] {logging_mixin.py:190} INFO - [2024-09-18T11:53:58.256+0100] {override.py:1900} INFO - Created Permission View: can read on DAG Run:tutorial_taskflow_api
[2024-09-18T11:53:58.256+0100] {logging_mixin.py:190} INFO - [2024-09-18T11:53:58.256+0100] {dag.py:3229} INFO - Sync 1 DAGs
[2024-09-18T11:53:58.262+0100] {logging_mixin.py:190} INFO - [2024-09-18T11:53:58.262+0100] {dag.py:3252} INFO - Creating ORM DAG for tutorial_taskflow_api
[2024-09-18T11:53:58.263+0100] {logging_mixin.py:190} INFO - [2024-09-18T11:53:58.262+0100] {dag.py:4156} INFO - Setting next_dagrun for tutorial_taskflow_api to None, run_after=None
[2024-09-18T11:53:58.272+0100] {processor.py:208} INFO - Processing /Users/ds2718/Documents/test_python_airflow/airflow/py_venv/lib/python3.12/site-packages/airflow/example_dags/tutorial_taskflow_api.py took 0.159 seconds
[2024-09-18T11:54:32.668+0100] {processor.py:186} INFO - Started process (PID=9558) to work on /Users/ds2718/Documents/test_python_airflow/airflow/py_venv/lib/python3.12/site-packages/airflow/example_dags/tutorial_taskflow_api.py
[2024-09-18T11:54:32.669+0100] {processor.py:914} INFO - Processing file /Users/ds2718/Documents/test_python_airflow/airflow/py_venv/lib/python3.12/site-packages/airflow/example_dags/tutorial_taskflow_api.py for tasks to queue
[2024-09-18T11:54:32.670+0100] {logging_mixin.py:190} INFO - [2024-09-18T11:54:32.670+0100] {dagbag.py:587} INFO - Filling up the DagBag from /Users/ds2718/Documents/test_python_airflow/airflow/py_venv/lib/python3.12/site-packages/airflow/example_dags/tutorial_taskflow_api.py
[2024-09-18T11:54:32.688+0100] {processor.py:925} INFO - DAG(s) 'tutorial_taskflow_api' retrieved from /Users/ds2718/Documents/test_python_airflow/airflow/py_venv/lib/python3.12/site-packages/airflow/example_dags/tutorial_taskflow_api.py
[2024-09-18T11:54:32.732+0100] {logging_mixin.py:190} INFO - [2024-09-18T11:54:32.731+0100] {dag.py:3229} INFO - Sync 1 DAGs
[2024-09-18T11:54:32.742+0100] {logging_mixin.py:190} INFO - [2024-09-18T11:54:32.742+0100] {dag.py:4156} INFO - Setting next_dagrun for tutorial_taskflow_api to None, run_after=None
[2024-09-18T11:54:32.790+0100] {processor.py:208} INFO - Processing /Users/ds2718/Documents/test_python_airflow/airflow/py_venv/lib/python3.12/site-packages/airflow/example_dags/tutorial_taskflow_api.py took 0.127 seconds
[2024-09-18T11:55:07.380+0100] {processor.py:186} INFO - Started process (PID=9786) to work on /Users/ds2718/Documents/test_python_airflow/airflow/py_venv/lib/python3.12/site-packages/airflow/example_dags/tutorial_taskflow_api.py
[2024-09-18T11:55:07.380+0100] {processor.py:914} INFO - Processing file /Users/ds2718/Documents/test_python_airflow/airflow/py_venv/lib/python3.12/site-packages/airflow/example_dags/tutorial_taskflow_api.py for tasks to queue
[2024-09-18T11:55:07.380+0100] {logging_mixin.py:190} INFO - [2024-09-18T11:55:07.380+0100] {dagbag.py:587} INFO - Filling up the DagBag from /Users/ds2718/Documents/test_python_airflow/airflow/py_venv/lib/python3.12/site-packages/airflow/example_dags/tutorial_taskflow_api.py
[2024-09-18T11:55:07.400+0100] {processor.py:925} INFO - DAG(s) 'tutorial_taskflow_api' retrieved from /Users/ds2718/Documents/test_python_airflow/airflow/py_venv/lib/python3.12/site-packages/airflow/example_dags/tutorial_taskflow_api.py
[2024-09-18T11:55:07.440+0100] {logging_mixin.py:190} INFO - [2024-09-18T11:55:07.440+0100] {dag.py:3229} INFO - Sync 1 DAGs
[2024-09-18T11:55:07.448+0100] {logging_mixin.py:190} INFO - [2024-09-18T11:55:07.448+0100] {dag.py:4156} INFO - Setting next_dagrun for tutorial_taskflow_api to None, run_after=None
[2024-09-18T11:55:07.490+0100] {processor.py:208} INFO - Processing /Users/ds2718/Documents/test_python_airflow/airflow/py_venv/lib/python3.12/site-packages/airflow/example_dags/tutorial_taskflow_api.py took 0.117 seconds
[2024-09-18T11:55:41.151+0100] {processor.py:186} INFO - Started process (PID=9951) to work on /Users/ds2718/Documents/test_python_airflow/airflow/py_venv/lib/python3.12/site-packages/airflow/example_dags/tutorial_taskflow_api.py
[2024-09-18T11:55:41.152+0100] {processor.py:914} INFO - Processing file /Users/ds2718/Documents/test_python_airflow/airflow/py_venv/lib/python3.12/site-packages/airflow/example_dags/tutorial_taskflow_api.py for tasks to queue
[2024-09-18T11:55:41.152+0100] {logging_mixin.py:190} INFO - [2024-09-18T11:55:41.152+0100] {dagbag.py:587} INFO - Filling up the DagBag from /Users/ds2718/Documents/test_python_airflow/airflow/py_venv/lib/python3.12/site-packages/airflow/example_dags/tutorial_taskflow_api.py
[2024-09-18T11:55:41.170+0100] {processor.py:925} INFO - DAG(s) 'tutorial_taskflow_api' retrieved from /Users/ds2718/Documents/test_python_airflow/airflow/py_venv/lib/python3.12/site-packages/airflow/example_dags/tutorial_taskflow_api.py
[2024-09-18T11:55:41.211+0100] {logging_mixin.py:190} INFO - [2024-09-18T11:55:41.210+0100] {dag.py:3229} INFO - Sync 1 DAGs
[2024-09-18T11:55:41.219+0100] {logging_mixin.py:190} INFO - [2024-09-18T11:55:41.219+0100] {dag.py:4156} INFO - Setting next_dagrun for tutorial_taskflow_api to None, run_after=None
[2024-09-18T11:55:41.261+0100] {processor.py:208} INFO - Processing /Users/ds2718/Documents/test_python_airflow/airflow/py_venv/lib/python3.12/site-packages/airflow/example_dags/tutorial_taskflow_api.py took 0.114 seconds
[2024-09-18T11:56:15.647+0100] {processor.py:186} INFO - Started process (PID=10121) to work on /Users/ds2718/Documents/test_python_airflow/airflow/py_venv/lib/python3.12/site-packages/airflow/example_dags/tutorial_taskflow_api.py
[2024-09-18T11:56:15.649+0100] {processor.py:914} INFO - Processing file /Users/ds2718/Documents/test_python_airflow/airflow/py_venv/lib/python3.12/site-packages/airflow/example_dags/tutorial_taskflow_api.py for tasks to queue
[2024-09-18T11:56:15.649+0100] {logging_mixin.py:190} INFO - [2024-09-18T11:56:15.649+0100] {dagbag.py:587} INFO - Filling up the DagBag from /Users/ds2718/Documents/test_python_airflow/airflow/py_venv/lib/python3.12/site-packages/airflow/example_dags/tutorial_taskflow_api.py
[2024-09-18T11:56:15.689+0100] {processor.py:925} INFO - DAG(s) 'tutorial_taskflow_api' retrieved from /Users/ds2718/Documents/test_python_airflow/airflow/py_venv/lib/python3.12/site-packages/airflow/example_dags/tutorial_taskflow_api.py
[2024-09-18T11:56:15.760+0100] {logging_mixin.py:190} INFO - [2024-09-18T11:56:15.760+0100] {dag.py:3229} INFO - Sync 1 DAGs
[2024-09-18T11:56:15.768+0100] {logging_mixin.py:190} INFO - [2024-09-18T11:56:15.768+0100] {dag.py:4156} INFO - Setting next_dagrun for tutorial_taskflow_api to None, run_after=None
[2024-09-18T11:56:15.823+0100] {processor.py:208} INFO - Processing /Users/ds2718/Documents/test_python_airflow/airflow/py_venv/lib/python3.12/site-packages/airflow/example_dags/tutorial_taskflow_api.py took 0.184 seconds
[2024-09-18T11:56:47.285+0100] {processor.py:186} INFO - Started process (PID=10295) to work on /Users/ds2718/Documents/test_python_airflow/airflow/py_venv/lib/python3.12/site-packages/airflow/example_dags/tutorial_taskflow_api.py
[2024-09-18T11:56:47.285+0100] {processor.py:914} INFO - Processing file /Users/ds2718/Documents/test_python_airflow/airflow/py_venv/lib/python3.12/site-packages/airflow/example_dags/tutorial_taskflow_api.py for tasks to queue
[2024-09-18T11:56:47.286+0100] {logging_mixin.py:190} INFO - [2024-09-18T11:56:47.286+0100] {dagbag.py:587} INFO - Filling up the DagBag from /Users/ds2718/Documents/test_python_airflow/airflow/py_venv/lib/python3.12/site-packages/airflow/example_dags/tutorial_taskflow_api.py
[2024-09-18T11:56:47.300+0100] {processor.py:925} INFO - DAG(s) 'tutorial_taskflow_api' retrieved from /Users/ds2718/Documents/test_python_airflow/airflow/py_venv/lib/python3.12/site-packages/airflow/example_dags/tutorial_taskflow_api.py
[2024-09-18T11:56:47.340+0100] {logging_mixin.py:190} INFO - [2024-09-18T11:56:47.340+0100] {dag.py:3229} INFO - Sync 1 DAGs
[2024-09-18T11:56:47.348+0100] {logging_mixin.py:190} INFO - [2024-09-18T11:56:47.348+0100] {dag.py:4156} INFO - Setting next_dagrun for tutorial_taskflow_api to None, run_after=None
[2024-09-18T11:56:47.383+0100] {processor.py:208} INFO - Processing /Users/ds2718/Documents/test_python_airflow/airflow/py_venv/lib/python3.12/site-packages/airflow/example_dags/tutorial_taskflow_api.py took 0.100 seconds
[2024-09-18T11:57:20.264+0100] {processor.py:186} INFO - Started process (PID=10436) to work on /Users/ds2718/Documents/test_python_airflow/airflow/py_venv/lib/python3.12/site-packages/airflow/example_dags/tutorial_taskflow_api.py
[2024-09-18T11:57:20.266+0100] {processor.py:914} INFO - Processing file /Users/ds2718/Documents/test_python_airflow/airflow/py_venv/lib/python3.12/site-packages/airflow/example_dags/tutorial_taskflow_api.py for tasks to queue
[2024-09-18T11:57:20.266+0100] {logging_mixin.py:190} INFO - [2024-09-18T11:57:20.266+0100] {dagbag.py:587} INFO - Filling up the DagBag from /Users/ds2718/Documents/test_python_airflow/airflow/py_venv/lib/python3.12/site-packages/airflow/example_dags/tutorial_taskflow_api.py
[2024-09-18T11:57:20.288+0100] {processor.py:925} INFO - DAG(s) 'tutorial_taskflow_api' retrieved from /Users/ds2718/Documents/test_python_airflow/airflow/py_venv/lib/python3.12/site-packages/airflow/example_dags/tutorial_taskflow_api.py
[2024-09-18T11:57:20.344+0100] {logging_mixin.py:190} INFO - [2024-09-18T11:57:20.344+0100] {dag.py:3229} INFO - Sync 1 DAGs
[2024-09-18T11:57:20.353+0100] {logging_mixin.py:190} INFO - [2024-09-18T11:57:20.353+0100] {dag.py:4156} INFO - Setting next_dagrun for tutorial_taskflow_api to None, run_after=None
[2024-09-18T11:57:20.401+0100] {processor.py:208} INFO - Processing /Users/ds2718/Documents/test_python_airflow/airflow/py_venv/lib/python3.12/site-packages/airflow/example_dags/tutorial_taskflow_api.py took 0.143 seconds
[2024-09-18T11:57:53.332+0100] {processor.py:186} INFO - Started process (PID=10636) to work on /Users/ds2718/Documents/test_python_airflow/airflow/py_venv/lib/python3.12/site-packages/airflow/example_dags/tutorial_taskflow_api.py
[2024-09-18T11:57:53.339+0100] {processor.py:914} INFO - Processing file /Users/ds2718/Documents/test_python_airflow/airflow/py_venv/lib/python3.12/site-packages/airflow/example_dags/tutorial_taskflow_api.py for tasks to queue
[2024-09-18T11:57:53.339+0100] {logging_mixin.py:190} INFO - [2024-09-18T11:57:53.339+0100] {dagbag.py:587} INFO - Filling up the DagBag from /Users/ds2718/Documents/test_python_airflow/airflow/py_venv/lib/python3.12/site-packages/airflow/example_dags/tutorial_taskflow_api.py
[2024-09-18T11:57:53.366+0100] {processor.py:925} INFO - DAG(s) 'tutorial_taskflow_api' retrieved from /Users/ds2718/Documents/test_python_airflow/airflow/py_venv/lib/python3.12/site-packages/airflow/example_dags/tutorial_taskflow_api.py
[2024-09-18T11:57:53.406+0100] {logging_mixin.py:190} INFO - [2024-09-18T11:57:53.406+0100] {dag.py:3229} INFO - Sync 1 DAGs
[2024-09-18T11:57:53.414+0100] {logging_mixin.py:190} INFO - [2024-09-18T11:57:53.414+0100] {dag.py:4156} INFO - Setting next_dagrun for tutorial_taskflow_api to None, run_after=None
[2024-09-18T11:57:53.448+0100] {processor.py:208} INFO - Processing /Users/ds2718/Documents/test_python_airflow/airflow/py_venv/lib/python3.12/site-packages/airflow/example_dags/tutorial_taskflow_api.py took 0.123 seconds
[2024-09-18T11:58:27.920+0100] {processor.py:186} INFO - Started process (PID=10819) to work on /Users/ds2718/Documents/test_python_airflow/airflow/py_venv/lib/python3.12/site-packages/airflow/example_dags/tutorial_taskflow_api.py
[2024-09-18T11:58:27.920+0100] {processor.py:914} INFO - Processing file /Users/ds2718/Documents/test_python_airflow/airflow/py_venv/lib/python3.12/site-packages/airflow/example_dags/tutorial_taskflow_api.py for tasks to queue
[2024-09-18T11:58:27.921+0100] {logging_mixin.py:190} INFO - [2024-09-18T11:58:27.920+0100] {dagbag.py:587} INFO - Filling up the DagBag from /Users/ds2718/Documents/test_python_airflow/airflow/py_venv/lib/python3.12/site-packages/airflow/example_dags/tutorial_taskflow_api.py
[2024-09-18T11:58:27.937+0100] {processor.py:925} INFO - DAG(s) 'tutorial_taskflow_api' retrieved from /Users/ds2718/Documents/test_python_airflow/airflow/py_venv/lib/python3.12/site-packages/airflow/example_dags/tutorial_taskflow_api.py
[2024-09-18T11:58:27.982+0100] {logging_mixin.py:190} INFO - [2024-09-18T11:58:27.982+0100] {dag.py:3229} INFO - Sync 1 DAGs
[2024-09-18T11:58:27.990+0100] {logging_mixin.py:190} INFO - [2024-09-18T11:58:27.990+0100] {dag.py:4156} INFO - Setting next_dagrun for tutorial_taskflow_api to None, run_after=None
[2024-09-18T11:58:28.027+0100] {processor.py:208} INFO - Processing /Users/ds2718/Documents/test_python_airflow/airflow/py_venv/lib/python3.12/site-packages/airflow/example_dags/tutorial_taskflow_api.py took 0.109 seconds
[2024-09-18T11:59:03.756+0100] {processor.py:186} INFO - Started process (PID=11022) to work on /Users/ds2718/Documents/test_python_airflow/airflow/py_venv/lib/python3.12/site-packages/airflow/example_dags/tutorial_taskflow_api.py
[2024-09-18T11:59:03.756+0100] {processor.py:914} INFO - Processing file /Users/ds2718/Documents/test_python_airflow/airflow/py_venv/lib/python3.12/site-packages/airflow/example_dags/tutorial_taskflow_api.py for tasks to queue
[2024-09-18T11:59:03.757+0100] {logging_mixin.py:190} INFO - [2024-09-18T11:59:03.756+0100] {dagbag.py:587} INFO - Filling up the DagBag from /Users/ds2718/Documents/test_python_airflow/airflow/py_venv/lib/python3.12/site-packages/airflow/example_dags/tutorial_taskflow_api.py
[2024-09-18T11:59:03.772+0100] {processor.py:925} INFO - DAG(s) 'tutorial_taskflow_api' retrieved from /Users/ds2718/Documents/test_python_airflow/airflow/py_venv/lib/python3.12/site-packages/airflow/example_dags/tutorial_taskflow_api.py
[2024-09-18T11:59:03.824+0100] {logging_mixin.py:190} INFO - [2024-09-18T11:59:03.824+0100] {dag.py:3229} INFO - Sync 1 DAGs
[2024-09-18T11:59:03.832+0100] {logging_mixin.py:190} INFO - [2024-09-18T11:59:03.832+0100] {dag.py:4156} INFO - Setting next_dagrun for tutorial_taskflow_api to None, run_after=None
[2024-09-18T11:59:03.864+0100] {processor.py:208} INFO - Processing /Users/ds2718/Documents/test_python_airflow/airflow/py_venv/lib/python3.12/site-packages/airflow/example_dags/tutorial_taskflow_api.py took 0.111 seconds
[2024-09-18T11:59:35.870+0100] {processor.py:186} INFO - Started process (PID=11187) to work on /Users/ds2718/Documents/test_python_airflow/airflow/py_venv/lib/python3.12/site-packages/airflow/example_dags/tutorial_taskflow_api.py
[2024-09-18T11:59:35.870+0100] {processor.py:914} INFO - Processing file /Users/ds2718/Documents/test_python_airflow/airflow/py_venv/lib/python3.12/site-packages/airflow/example_dags/tutorial_taskflow_api.py for tasks to queue
[2024-09-18T11:59:35.871+0100] {logging_mixin.py:190} INFO - [2024-09-18T11:59:35.871+0100] {dagbag.py:587} INFO - Filling up the DagBag from /Users/ds2718/Documents/test_python_airflow/airflow/py_venv/lib/python3.12/site-packages/airflow/example_dags/tutorial_taskflow_api.py
[2024-09-18T11:59:35.892+0100] {processor.py:925} INFO - DAG(s) 'tutorial_taskflow_api' retrieved from /Users/ds2718/Documents/test_python_airflow/airflow/py_venv/lib/python3.12/site-packages/airflow/example_dags/tutorial_taskflow_api.py
[2024-09-18T11:59:35.948+0100] {logging_mixin.py:190} INFO - [2024-09-18T11:59:35.948+0100] {dag.py:3229} INFO - Sync 1 DAGs
[2024-09-18T11:59:35.956+0100] {logging_mixin.py:190} INFO - [2024-09-18T11:59:35.956+0100] {dag.py:4156} INFO - Setting next_dagrun for tutorial_taskflow_api to None, run_after=None
[2024-09-18T11:59:35.998+0100] {processor.py:208} INFO - Processing /Users/ds2718/Documents/test_python_airflow/airflow/py_venv/lib/python3.12/site-packages/airflow/example_dags/tutorial_taskflow_api.py took 0.130 seconds
[2024-09-18T12:00:07.543+0100] {processor.py:186} INFO - Started process (PID=11395) to work on /Users/ds2718/Documents/test_python_airflow/airflow/py_venv/lib/python3.12/site-packages/airflow/example_dags/tutorial_taskflow_api.py
[2024-09-18T12:00:07.544+0100] {processor.py:914} INFO - Processing file /Users/ds2718/Documents/test_python_airflow/airflow/py_venv/lib/python3.12/site-packages/airflow/example_dags/tutorial_taskflow_api.py for tasks to queue
[2024-09-18T12:00:07.544+0100] {logging_mixin.py:190} INFO - [2024-09-18T12:00:07.544+0100] {dagbag.py:587} INFO - Filling up the DagBag from /Users/ds2718/Documents/test_python_airflow/airflow/py_venv/lib/python3.12/site-packages/airflow/example_dags/tutorial_taskflow_api.py
[2024-09-18T12:00:07.568+0100] {processor.py:925} INFO - DAG(s) 'tutorial_taskflow_api' retrieved from /Users/ds2718/Documents/test_python_airflow/airflow/py_venv/lib/python3.12/site-packages/airflow/example_dags/tutorial_taskflow_api.py
[2024-09-18T12:00:07.613+0100] {logging_mixin.py:190} INFO - [2024-09-18T12:00:07.612+0100] {dag.py:3229} INFO - Sync 1 DAGs
[2024-09-18T12:00:07.632+0100] {logging_mixin.py:190} INFO - [2024-09-18T12:00:07.632+0100] {dag.py:4156} INFO - Setting next_dagrun for tutorial_taskflow_api to None, run_after=None
[2024-09-18T12:00:07.677+0100] {processor.py:208} INFO - Processing /Users/ds2718/Documents/test_python_airflow/airflow/py_venv/lib/python3.12/site-packages/airflow/example_dags/tutorial_taskflow_api.py took 0.139 seconds
[2024-09-18T12:00:40.789+0100] {processor.py:186} INFO - Started process (PID=11561) to work on /Users/ds2718/Documents/test_python_airflow/airflow/py_venv/lib/python3.12/site-packages/airflow/example_dags/tutorial_taskflow_api.py
[2024-09-18T12:00:40.790+0100] {processor.py:914} INFO - Processing file /Users/ds2718/Documents/test_python_airflow/airflow/py_venv/lib/python3.12/site-packages/airflow/example_dags/tutorial_taskflow_api.py for tasks to queue
[2024-09-18T12:00:40.790+0100] {logging_mixin.py:190} INFO - [2024-09-18T12:00:40.790+0100] {dagbag.py:587} INFO - Filling up the DagBag from /Users/ds2718/Documents/test_python_airflow/airflow/py_venv/lib/python3.12/site-packages/airflow/example_dags/tutorial_taskflow_api.py
[2024-09-18T12:00:40.807+0100] {processor.py:925} INFO - DAG(s) 'tutorial_taskflow_api' retrieved from /Users/ds2718/Documents/test_python_airflow/airflow/py_venv/lib/python3.12/site-packages/airflow/example_dags/tutorial_taskflow_api.py
[2024-09-18T12:00:40.845+0100] {logging_mixin.py:190} INFO - [2024-09-18T12:00:40.845+0100] {dag.py:3229} INFO - Sync 1 DAGs
[2024-09-18T12:00:40.853+0100] {logging_mixin.py:190} INFO - [2024-09-18T12:00:40.853+0100] {dag.py:4156} INFO - Setting next_dagrun for tutorial_taskflow_api to None, run_after=None
[2024-09-18T12:00:40.897+0100] {processor.py:208} INFO - Processing /Users/ds2718/Documents/test_python_airflow/airflow/py_venv/lib/python3.12/site-packages/airflow/example_dags/tutorial_taskflow_api.py took 0.115 seconds
[2024-09-18T12:01:13.937+0100] {processor.py:186} INFO - Started process (PID=11757) to work on /Users/ds2718/Documents/test_python_airflow/airflow/py_venv/lib/python3.12/site-packages/airflow/example_dags/tutorial_taskflow_api.py
[2024-09-18T12:01:13.939+0100] {processor.py:914} INFO - Processing file /Users/ds2718/Documents/test_python_airflow/airflow/py_venv/lib/python3.12/site-packages/airflow/example_dags/tutorial_taskflow_api.py for tasks to queue
[2024-09-18T12:01:13.940+0100] {logging_mixin.py:190} INFO - [2024-09-18T12:01:13.940+0100] {dagbag.py:587} INFO - Filling up the DagBag from /Users/ds2718/Documents/test_python_airflow/airflow/py_venv/lib/python3.12/site-packages/airflow/example_dags/tutorial_taskflow_api.py
[2024-09-18T12:01:13.959+0100] {processor.py:925} INFO - DAG(s) 'tutorial_taskflow_api' retrieved from /Users/ds2718/Documents/test_python_airflow/airflow/py_venv/lib/python3.12/site-packages/airflow/example_dags/tutorial_taskflow_api.py
[2024-09-18T12:01:13.999+0100] {logging_mixin.py:190} INFO - [2024-09-18T12:01:13.998+0100] {dag.py:3229} INFO - Sync 1 DAGs
[2024-09-18T12:01:14.006+0100] {logging_mixin.py:190} INFO - [2024-09-18T12:01:14.006+0100] {dag.py:4156} INFO - Setting next_dagrun for tutorial_taskflow_api to None, run_after=None
[2024-09-18T12:01:14.049+0100] {processor.py:208} INFO - Processing /Users/ds2718/Documents/test_python_airflow/airflow/py_venv/lib/python3.12/site-packages/airflow/example_dags/tutorial_taskflow_api.py took 0.123 seconds
[2024-09-18T12:06:23.394+0100] {processor.py:186} INFO - Started process (PID=11949) to work on /Users/ds2718/Documents/test_python_airflow/airflow/py_venv/lib/python3.12/site-packages/airflow/example_dags/tutorial_taskflow_api.py
[2024-09-18T12:06:23.397+0100] {processor.py:914} INFO - Processing file /Users/ds2718/Documents/test_python_airflow/airflow/py_venv/lib/python3.12/site-packages/airflow/example_dags/tutorial_taskflow_api.py for tasks to queue
[2024-09-18T12:06:23.398+0100] {logging_mixin.py:190} INFO - [2024-09-18T12:06:23.398+0100] {dagbag.py:587} INFO - Filling up the DagBag from /Users/ds2718/Documents/test_python_airflow/airflow/py_venv/lib/python3.12/site-packages/airflow/example_dags/tutorial_taskflow_api.py
[2024-09-18T12:06:23.421+0100] {processor.py:925} INFO - DAG(s) 'tutorial_taskflow_api' retrieved from /Users/ds2718/Documents/test_python_airflow/airflow/py_venv/lib/python3.12/site-packages/airflow/example_dags/tutorial_taskflow_api.py
[2024-09-18T12:06:23.509+0100] {logging_mixin.py:190} INFO - [2024-09-18T12:06:23.508+0100] {dag.py:3229} INFO - Sync 1 DAGs
[2024-09-18T12:06:23.517+0100] {logging_mixin.py:190} INFO - [2024-09-18T12:06:23.516+0100] {dag.py:4156} INFO - Setting next_dagrun for tutorial_taskflow_api to None, run_after=None
[2024-09-18T12:06:23.581+0100] {processor.py:208} INFO - Processing /Users/ds2718/Documents/test_python_airflow/airflow/py_venv/lib/python3.12/site-packages/airflow/example_dags/tutorial_taskflow_api.py took 0.196 seconds
[2024-09-18T12:06:57.484+0100] {processor.py:186} INFO - Started process (PID=12120) to work on /Users/ds2718/Documents/test_python_airflow/airflow/py_venv/lib/python3.12/site-packages/airflow/example_dags/tutorial_taskflow_api.py
[2024-09-18T12:06:57.486+0100] {processor.py:914} INFO - Processing file /Users/ds2718/Documents/test_python_airflow/airflow/py_venv/lib/python3.12/site-packages/airflow/example_dags/tutorial_taskflow_api.py for tasks to queue
[2024-09-18T12:06:57.486+0100] {logging_mixin.py:190} INFO - [2024-09-18T12:06:57.486+0100] {dagbag.py:587} INFO - Filling up the DagBag from /Users/ds2718/Documents/test_python_airflow/airflow/py_venv/lib/python3.12/site-packages/airflow/example_dags/tutorial_taskflow_api.py
[2024-09-18T12:06:57.517+0100] {processor.py:925} INFO - DAG(s) 'tutorial_taskflow_api' retrieved from /Users/ds2718/Documents/test_python_airflow/airflow/py_venv/lib/python3.12/site-packages/airflow/example_dags/tutorial_taskflow_api.py
[2024-09-18T12:06:57.560+0100] {logging_mixin.py:190} INFO - [2024-09-18T12:06:57.560+0100] {dag.py:3229} INFO - Sync 1 DAGs
[2024-09-18T12:06:57.568+0100] {logging_mixin.py:190} INFO - [2024-09-18T12:06:57.568+0100] {dag.py:4156} INFO - Setting next_dagrun for tutorial_taskflow_api to None, run_after=None
[2024-09-18T12:06:57.615+0100] {processor.py:208} INFO - Processing /Users/ds2718/Documents/test_python_airflow/airflow/py_venv/lib/python3.12/site-packages/airflow/example_dags/tutorial_taskflow_api.py took 0.134 seconds
[2024-09-18T12:07:32.348+0100] {processor.py:186} INFO - Started process (PID=12321) to work on /Users/ds2718/Documents/test_python_airflow/airflow/py_venv/lib/python3.12/site-packages/airflow/example_dags/tutorial_taskflow_api.py
[2024-09-18T12:07:32.349+0100] {processor.py:914} INFO - Processing file /Users/ds2718/Documents/test_python_airflow/airflow/py_venv/lib/python3.12/site-packages/airflow/example_dags/tutorial_taskflow_api.py for tasks to queue
[2024-09-18T12:07:32.349+0100] {logging_mixin.py:190} INFO - [2024-09-18T12:07:32.349+0100] {dagbag.py:587} INFO - Filling up the DagBag from /Users/ds2718/Documents/test_python_airflow/airflow/py_venv/lib/python3.12/site-packages/airflow/example_dags/tutorial_taskflow_api.py
[2024-09-18T12:07:32.373+0100] {processor.py:925} INFO - DAG(s) 'tutorial_taskflow_api' retrieved from /Users/ds2718/Documents/test_python_airflow/airflow/py_venv/lib/python3.12/site-packages/airflow/example_dags/tutorial_taskflow_api.py
[2024-09-18T12:07:32.416+0100] {logging_mixin.py:190} INFO - [2024-09-18T12:07:32.416+0100] {dag.py:3229} INFO - Sync 1 DAGs
[2024-09-18T12:07:32.422+0100] {logging_mixin.py:190} INFO - [2024-09-18T12:07:32.422+0100] {dag.py:4156} INFO - Setting next_dagrun for tutorial_taskflow_api to None, run_after=None
[2024-09-18T12:07:32.464+0100] {processor.py:208} INFO - Processing /Users/ds2718/Documents/test_python_airflow/airflow/py_venv/lib/python3.12/site-packages/airflow/example_dags/tutorial_taskflow_api.py took 0.118 seconds
[2024-09-18T12:08:14.741+0100] {processor.py:186} INFO - Started process (PID=12470) to work on /Users/ds2718/Documents/test_python_airflow/airflow/py_venv/lib/python3.12/site-packages/airflow/example_dags/tutorial_taskflow_api.py
[2024-09-18T12:08:14.744+0100] {processor.py:914} INFO - Processing file /Users/ds2718/Documents/test_python_airflow/airflow/py_venv/lib/python3.12/site-packages/airflow/example_dags/tutorial_taskflow_api.py for tasks to queue
[2024-09-18T12:08:14.745+0100] {logging_mixin.py:190} INFO - [2024-09-18T12:08:14.745+0100] {dagbag.py:587} INFO - Filling up the DagBag from /Users/ds2718/Documents/test_python_airflow/airflow/py_venv/lib/python3.12/site-packages/airflow/example_dags/tutorial_taskflow_api.py
[2024-09-18T12:08:14.771+0100] {processor.py:925} INFO - DAG(s) 'tutorial_taskflow_api' retrieved from /Users/ds2718/Documents/test_python_airflow/airflow/py_venv/lib/python3.12/site-packages/airflow/example_dags/tutorial_taskflow_api.py
[2024-09-18T12:08:14.815+0100] {logging_mixin.py:190} INFO - [2024-09-18T12:08:14.815+0100] {dag.py:3229} INFO - Sync 1 DAGs
[2024-09-18T12:08:14.822+0100] {logging_mixin.py:190} INFO - [2024-09-18T12:08:14.822+0100] {dag.py:4156} INFO - Setting next_dagrun for tutorial_taskflow_api to None, run_after=None
[2024-09-18T12:08:14.876+0100] {processor.py:208} INFO - Processing /Users/ds2718/Documents/test_python_airflow/airflow/py_venv/lib/python3.12/site-packages/airflow/example_dags/tutorial_taskflow_api.py took 0.146 seconds
[2024-09-18T12:08:48.977+0100] {processor.py:186} INFO - Started process (PID=12670) to work on /Users/ds2718/Documents/test_python_airflow/airflow/py_venv/lib/python3.12/site-packages/airflow/example_dags/tutorial_taskflow_api.py
[2024-09-18T12:08:48.978+0100] {processor.py:914} INFO - Processing file /Users/ds2718/Documents/test_python_airflow/airflow/py_venv/lib/python3.12/site-packages/airflow/example_dags/tutorial_taskflow_api.py for tasks to queue
[2024-09-18T12:08:48.978+0100] {logging_mixin.py:190} INFO - [2024-09-18T12:08:48.978+0100] {dagbag.py:587} INFO - Filling up the DagBag from /Users/ds2718/Documents/test_python_airflow/airflow/py_venv/lib/python3.12/site-packages/airflow/example_dags/tutorial_taskflow_api.py
[2024-09-18T12:08:49.000+0100] {processor.py:925} INFO - DAG(s) 'tutorial_taskflow_api' retrieved from /Users/ds2718/Documents/test_python_airflow/airflow/py_venv/lib/python3.12/site-packages/airflow/example_dags/tutorial_taskflow_api.py
[2024-09-18T12:08:49.043+0100] {logging_mixin.py:190} INFO - [2024-09-18T12:08:49.043+0100] {dag.py:3229} INFO - Sync 1 DAGs
[2024-09-18T12:08:49.050+0100] {logging_mixin.py:190} INFO - [2024-09-18T12:08:49.049+0100] {dag.py:4156} INFO - Setting next_dagrun for tutorial_taskflow_api to None, run_after=None
[2024-09-18T12:08:49.096+0100] {processor.py:208} INFO - Processing /Users/ds2718/Documents/test_python_airflow/airflow/py_venv/lib/python3.12/site-packages/airflow/example_dags/tutorial_taskflow_api.py took 0.135 seconds
[2024-09-18T12:09:23.013+0100] {processor.py:186} INFO - Started process (PID=12815) to work on /Users/ds2718/Documents/test_python_airflow/airflow/py_venv/lib/python3.12/site-packages/airflow/example_dags/tutorial_taskflow_api.py
[2024-09-18T12:09:23.013+0100] {processor.py:914} INFO - Processing file /Users/ds2718/Documents/test_python_airflow/airflow/py_venv/lib/python3.12/site-packages/airflow/example_dags/tutorial_taskflow_api.py for tasks to queue
[2024-09-18T12:09:23.014+0100] {logging_mixin.py:190} INFO - [2024-09-18T12:09:23.014+0100] {dagbag.py:587} INFO - Filling up the DagBag from /Users/ds2718/Documents/test_python_airflow/airflow/py_venv/lib/python3.12/site-packages/airflow/example_dags/tutorial_taskflow_api.py
[2024-09-18T12:09:23.031+0100] {processor.py:925} INFO - DAG(s) 'tutorial_taskflow_api' retrieved from /Users/ds2718/Documents/test_python_airflow/airflow/py_venv/lib/python3.12/site-packages/airflow/example_dags/tutorial_taskflow_api.py
[2024-09-18T12:09:23.084+0100] {logging_mixin.py:190} INFO - [2024-09-18T12:09:23.084+0100] {dag.py:3229} INFO - Sync 1 DAGs
[2024-09-18T12:09:23.092+0100] {logging_mixin.py:190} INFO - [2024-09-18T12:09:23.092+0100] {dag.py:4156} INFO - Setting next_dagrun for tutorial_taskflow_api to None, run_after=None
[2024-09-18T12:09:23.133+0100] {processor.py:208} INFO - Processing /Users/ds2718/Documents/test_python_airflow/airflow/py_venv/lib/python3.12/site-packages/airflow/example_dags/tutorial_taskflow_api.py took 0.123 seconds
[2024-09-18T12:09:57.004+0100] {processor.py:186} INFO - Started process (PID=13017) to work on /Users/ds2718/Documents/test_python_airflow/airflow/py_venv/lib/python3.12/site-packages/airflow/example_dags/tutorial_taskflow_api.py
[2024-09-18T12:09:57.005+0100] {processor.py:914} INFO - Processing file /Users/ds2718/Documents/test_python_airflow/airflow/py_venv/lib/python3.12/site-packages/airflow/example_dags/tutorial_taskflow_api.py for tasks to queue
[2024-09-18T12:09:57.005+0100] {logging_mixin.py:190} INFO - [2024-09-18T12:09:57.005+0100] {dagbag.py:587} INFO - Filling up the DagBag from /Users/ds2718/Documents/test_python_airflow/airflow/py_venv/lib/python3.12/site-packages/airflow/example_dags/tutorial_taskflow_api.py
[2024-09-18T12:09:57.032+0100] {processor.py:925} INFO - DAG(s) 'tutorial_taskflow_api' retrieved from /Users/ds2718/Documents/test_python_airflow/airflow/py_venv/lib/python3.12/site-packages/airflow/example_dags/tutorial_taskflow_api.py
[2024-09-18T12:09:57.077+0100] {logging_mixin.py:190} INFO - [2024-09-18T12:09:57.077+0100] {dag.py:3229} INFO - Sync 1 DAGs
[2024-09-18T12:09:57.086+0100] {logging_mixin.py:190} INFO - [2024-09-18T12:09:57.086+0100] {dag.py:4156} INFO - Setting next_dagrun for tutorial_taskflow_api to None, run_after=None
[2024-09-18T12:09:57.141+0100] {processor.py:208} INFO - Processing /Users/ds2718/Documents/test_python_airflow/airflow/py_venv/lib/python3.12/site-packages/airflow/example_dags/tutorial_taskflow_api.py took 0.147 seconds
[2024-09-18T12:10:29.568+0100] {processor.py:186} INFO - Started process (PID=13143) to work on /Users/ds2718/Documents/test_python_airflow/airflow/py_venv/lib/python3.12/site-packages/airflow/example_dags/tutorial_taskflow_api.py
[2024-09-18T12:10:29.569+0100] {processor.py:914} INFO - Processing file /Users/ds2718/Documents/test_python_airflow/airflow/py_venv/lib/python3.12/site-packages/airflow/example_dags/tutorial_taskflow_api.py for tasks to queue
[2024-09-18T12:10:29.570+0100] {logging_mixin.py:190} INFO - [2024-09-18T12:10:29.570+0100] {dagbag.py:587} INFO - Filling up the DagBag from /Users/ds2718/Documents/test_python_airflow/airflow/py_venv/lib/python3.12/site-packages/airflow/example_dags/tutorial_taskflow_api.py
[2024-09-18T12:10:29.593+0100] {processor.py:925} INFO - DAG(s) 'tutorial_taskflow_api' retrieved from /Users/ds2718/Documents/test_python_airflow/airflow/py_venv/lib/python3.12/site-packages/airflow/example_dags/tutorial_taskflow_api.py
[2024-09-18T12:10:29.635+0100] {logging_mixin.py:190} INFO - [2024-09-18T12:10:29.635+0100] {dag.py:3229} INFO - Sync 1 DAGs
[2024-09-18T12:10:29.643+0100] {logging_mixin.py:190} INFO - [2024-09-18T12:10:29.643+0100] {dag.py:4156} INFO - Setting next_dagrun for tutorial_taskflow_api to None, run_after=None
[2024-09-18T12:10:29.698+0100] {processor.py:208} INFO - Processing /Users/ds2718/Documents/test_python_airflow/airflow/py_venv/lib/python3.12/site-packages/airflow/example_dags/tutorial_taskflow_api.py took 0.138 seconds
[2024-09-18T12:11:03.241+0100] {processor.py:186} INFO - Started process (PID=13322) to work on /Users/ds2718/Documents/test_python_airflow/airflow/py_venv/lib/python3.12/site-packages/airflow/example_dags/tutorial_taskflow_api.py
[2024-09-18T12:11:03.242+0100] {processor.py:914} INFO - Processing file /Users/ds2718/Documents/test_python_airflow/airflow/py_venv/lib/python3.12/site-packages/airflow/example_dags/tutorial_taskflow_api.py for tasks to queue
[2024-09-18T12:11:03.243+0100] {logging_mixin.py:190} INFO - [2024-09-18T12:11:03.243+0100] {dagbag.py:587} INFO - Filling up the DagBag from /Users/ds2718/Documents/test_python_airflow/airflow/py_venv/lib/python3.12/site-packages/airflow/example_dags/tutorial_taskflow_api.py
[2024-09-18T12:11:03.266+0100] {processor.py:925} INFO - DAG(s) 'tutorial_taskflow_api' retrieved from /Users/ds2718/Documents/test_python_airflow/airflow/py_venv/lib/python3.12/site-packages/airflow/example_dags/tutorial_taskflow_api.py
[2024-09-18T12:11:03.307+0100] {logging_mixin.py:190} INFO - [2024-09-18T12:11:03.307+0100] {dag.py:3229} INFO - Sync 1 DAGs
[2024-09-18T12:11:03.314+0100] {logging_mixin.py:190} INFO - [2024-09-18T12:11:03.314+0100] {dag.py:4156} INFO - Setting next_dagrun for tutorial_taskflow_api to None, run_after=None
[2024-09-18T12:11:03.367+0100] {processor.py:208} INFO - Processing /Users/ds2718/Documents/test_python_airflow/airflow/py_venv/lib/python3.12/site-packages/airflow/example_dags/tutorial_taskflow_api.py took 0.135 seconds
[2024-09-18T12:11:37.522+0100] {processor.py:186} INFO - Started process (PID=13467) to work on /Users/ds2718/Documents/test_python_airflow/airflow/py_venv/lib/python3.12/site-packages/airflow/example_dags/tutorial_taskflow_api.py
[2024-09-18T12:11:37.523+0100] {processor.py:914} INFO - Processing file /Users/ds2718/Documents/test_python_airflow/airflow/py_venv/lib/python3.12/site-packages/airflow/example_dags/tutorial_taskflow_api.py for tasks to queue
[2024-09-18T12:11:37.523+0100] {logging_mixin.py:190} INFO - [2024-09-18T12:11:37.523+0100] {dagbag.py:587} INFO - Filling up the DagBag from /Users/ds2718/Documents/test_python_airflow/airflow/py_venv/lib/python3.12/site-packages/airflow/example_dags/tutorial_taskflow_api.py
[2024-09-18T12:11:37.540+0100] {processor.py:925} INFO - DAG(s) 'tutorial_taskflow_api' retrieved from /Users/ds2718/Documents/test_python_airflow/airflow/py_venv/lib/python3.12/site-packages/airflow/example_dags/tutorial_taskflow_api.py
[2024-09-18T12:11:37.593+0100] {logging_mixin.py:190} INFO - [2024-09-18T12:11:37.593+0100] {dag.py:3229} INFO - Sync 1 DAGs
[2024-09-18T12:11:37.599+0100] {logging_mixin.py:190} INFO - [2024-09-18T12:11:37.599+0100] {dag.py:4156} INFO - Setting next_dagrun for tutorial_taskflow_api to None, run_after=None
[2024-09-18T12:11:37.638+0100] {processor.py:208} INFO - Processing /Users/ds2718/Documents/test_python_airflow/airflow/py_venv/lib/python3.12/site-packages/airflow/example_dags/tutorial_taskflow_api.py took 0.121 seconds
[2024-09-18T12:12:09.959+0100] {processor.py:186} INFO - Started process (PID=13621) to work on /Users/ds2718/Documents/test_python_airflow/airflow/py_venv/lib/python3.12/site-packages/airflow/example_dags/tutorial_taskflow_api.py
[2024-09-18T12:12:09.960+0100] {processor.py:914} INFO - Processing file /Users/ds2718/Documents/test_python_airflow/airflow/py_venv/lib/python3.12/site-packages/airflow/example_dags/tutorial_taskflow_api.py for tasks to queue
[2024-09-18T12:12:09.960+0100] {logging_mixin.py:190} INFO - [2024-09-18T12:12:09.960+0100] {dagbag.py:587} INFO - Filling up the DagBag from /Users/ds2718/Documents/test_python_airflow/airflow/py_venv/lib/python3.12/site-packages/airflow/example_dags/tutorial_taskflow_api.py
[2024-09-18T12:12:09.984+0100] {processor.py:925} INFO - DAG(s) 'tutorial_taskflow_api' retrieved from /Users/ds2718/Documents/test_python_airflow/airflow/py_venv/lib/python3.12/site-packages/airflow/example_dags/tutorial_taskflow_api.py
[2024-09-18T12:12:10.029+0100] {logging_mixin.py:190} INFO - [2024-09-18T12:12:10.029+0100] {dag.py:3229} INFO - Sync 1 DAGs
[2024-09-18T12:12:10.037+0100] {logging_mixin.py:190} INFO - [2024-09-18T12:12:10.037+0100] {dag.py:4156} INFO - Setting next_dagrun for tutorial_taskflow_api to None, run_after=None
[2024-09-18T12:12:10.085+0100] {processor.py:208} INFO - Processing /Users/ds2718/Documents/test_python_airflow/airflow/py_venv/lib/python3.12/site-packages/airflow/example_dags/tutorial_taskflow_api.py took 0.135 seconds
[2024-09-18T12:12:43.383+0100] {processor.py:186} INFO - Started process (PID=13756) to work on /Users/ds2718/Documents/test_python_airflow/airflow/py_venv/lib/python3.12/site-packages/airflow/example_dags/tutorial_taskflow_api.py
[2024-09-18T12:12:43.384+0100] {processor.py:914} INFO - Processing file /Users/ds2718/Documents/test_python_airflow/airflow/py_venv/lib/python3.12/site-packages/airflow/example_dags/tutorial_taskflow_api.py for tasks to queue
[2024-09-18T12:12:43.385+0100] {logging_mixin.py:190} INFO - [2024-09-18T12:12:43.384+0100] {dagbag.py:587} INFO - Filling up the DagBag from /Users/ds2718/Documents/test_python_airflow/airflow/py_venv/lib/python3.12/site-packages/airflow/example_dags/tutorial_taskflow_api.py
[2024-09-18T12:12:43.406+0100] {processor.py:925} INFO - DAG(s) 'tutorial_taskflow_api' retrieved from /Users/ds2718/Documents/test_python_airflow/airflow/py_venv/lib/python3.12/site-packages/airflow/example_dags/tutorial_taskflow_api.py
[2024-09-18T12:12:43.461+0100] {logging_mixin.py:190} INFO - [2024-09-18T12:12:43.461+0100] {dag.py:3229} INFO - Sync 1 DAGs
[2024-09-18T12:12:43.469+0100] {logging_mixin.py:190} INFO - [2024-09-18T12:12:43.469+0100] {dag.py:4156} INFO - Setting next_dagrun for tutorial_taskflow_api to None, run_after=None
[2024-09-18T12:12:43.512+0100] {processor.py:208} INFO - Processing /Users/ds2718/Documents/test_python_airflow/airflow/py_venv/lib/python3.12/site-packages/airflow/example_dags/tutorial_taskflow_api.py took 0.137 seconds
[2024-09-18T12:13:20.173+0100] {processor.py:186} INFO - Started process (PID=13970) to work on /Users/ds2718/Documents/test_python_airflow/airflow/py_venv/lib/python3.12/site-packages/airflow/example_dags/tutorial_taskflow_api.py
[2024-09-18T12:13:20.174+0100] {processor.py:914} INFO - Processing file /Users/ds2718/Documents/test_python_airflow/airflow/py_venv/lib/python3.12/site-packages/airflow/example_dags/tutorial_taskflow_api.py for tasks to queue
[2024-09-18T12:13:20.175+0100] {logging_mixin.py:190} INFO - [2024-09-18T12:13:20.174+0100] {dagbag.py:587} INFO - Filling up the DagBag from /Users/ds2718/Documents/test_python_airflow/airflow/py_venv/lib/python3.12/site-packages/airflow/example_dags/tutorial_taskflow_api.py
[2024-09-18T12:13:20.205+0100] {processor.py:925} INFO - DAG(s) 'tutorial_taskflow_api' retrieved from /Users/ds2718/Documents/test_python_airflow/airflow/py_venv/lib/python3.12/site-packages/airflow/example_dags/tutorial_taskflow_api.py
[2024-09-18T12:13:20.269+0100] {logging_mixin.py:190} INFO - [2024-09-18T12:13:20.269+0100] {dag.py:3229} INFO - Sync 1 DAGs
[2024-09-18T12:13:20.279+0100] {logging_mixin.py:190} INFO - [2024-09-18T12:13:20.279+0100] {dag.py:4156} INFO - Setting next_dagrun for tutorial_taskflow_api to None, run_after=None
[2024-09-18T12:13:20.351+0100] {processor.py:208} INFO - Processing /Users/ds2718/Documents/test_python_airflow/airflow/py_venv/lib/python3.12/site-packages/airflow/example_dags/tutorial_taskflow_api.py took 0.187 seconds
[2024-09-18T12:13:53.694+0100] {processor.py:186} INFO - Started process (PID=14099) to work on /Users/ds2718/Documents/test_python_airflow/airflow/py_venv/lib/python3.12/site-packages/airflow/example_dags/tutorial_taskflow_api.py
[2024-09-18T12:13:53.699+0100] {processor.py:914} INFO - Processing file /Users/ds2718/Documents/test_python_airflow/airflow/py_venv/lib/python3.12/site-packages/airflow/example_dags/tutorial_taskflow_api.py for tasks to queue
[2024-09-18T12:13:53.700+0100] {logging_mixin.py:190} INFO - [2024-09-18T12:13:53.700+0100] {dagbag.py:587} INFO - Filling up the DagBag from /Users/ds2718/Documents/test_python_airflow/airflow/py_venv/lib/python3.12/site-packages/airflow/example_dags/tutorial_taskflow_api.py
[2024-09-18T12:13:53.737+0100] {processor.py:925} INFO - DAG(s) 'tutorial_taskflow_api' retrieved from /Users/ds2718/Documents/test_python_airflow/airflow/py_venv/lib/python3.12/site-packages/airflow/example_dags/tutorial_taskflow_api.py
[2024-09-18T12:13:53.787+0100] {logging_mixin.py:190} INFO - [2024-09-18T12:13:53.787+0100] {dag.py:3229} INFO - Sync 1 DAGs
[2024-09-18T12:13:53.796+0100] {logging_mixin.py:190} INFO - [2024-09-18T12:13:53.795+0100] {dag.py:4156} INFO - Setting next_dagrun for tutorial_taskflow_api to None, run_after=None
[2024-09-18T12:13:53.860+0100] {processor.py:208} INFO - Processing /Users/ds2718/Documents/test_python_airflow/airflow/py_venv/lib/python3.12/site-packages/airflow/example_dags/tutorial_taskflow_api.py took 0.173 seconds
