[2024-09-18T11:53:56.675+0100] {processor.py:186} INFO - Started process (PID=9402) to work on /Users/ds2718/Documents/test_python_airflow/airflow/py_venv/lib/python3.12/site-packages/airflow/example_dags/plugins/event_listener.py
[2024-09-18T11:53:56.675+0100] {processor.py:914} INFO - Processing file /Users/ds2718/Documents/test_python_airflow/airflow/py_venv/lib/python3.12/site-packages/airflow/example_dags/plugins/event_listener.py for tasks to queue
[2024-09-18T11:53:56.676+0100] {logging_mixin.py:190} INFO - [2024-09-18T11:53:56.676+0100] {dagbag.py:587} INFO - Filling up the DagBag from /Users/ds2718/Documents/test_python_airflow/airflow/py_venv/lib/python3.12/site-packages/airflow/example_dags/plugins/event_listener.py
[2024-09-18T11:53:56.676+0100] {processor.py:927} WARNING - No viable dags retrieved from /Users/ds2718/Documents/test_python_airflow/airflow/py_venv/lib/python3.12/site-packages/airflow/example_dags/plugins/event_listener.py
[2024-09-18T11:53:56.709+0100] {processor.py:208} INFO - Processing /Users/ds2718/Documents/test_python_airflow/airflow/py_venv/lib/python3.12/site-packages/airflow/example_dags/plugins/event_listener.py took 0.038 seconds
[2024-09-18T11:54:30.871+0100] {processor.py:186} INFO - Started process (PID=9548) to work on /Users/ds2718/Documents/test_python_airflow/airflow/py_venv/lib/python3.12/site-packages/airflow/example_dags/plugins/event_listener.py
[2024-09-18T11:54:30.872+0100] {processor.py:914} INFO - Processing file /Users/ds2718/Documents/test_python_airflow/airflow/py_venv/lib/python3.12/site-packages/airflow/example_dags/plugins/event_listener.py for tasks to queue
[2024-09-18T11:54:30.872+0100] {logging_mixin.py:190} INFO - [2024-09-18T11:54:30.872+0100] {dagbag.py:587} INFO - Filling up the DagBag from /Users/ds2718/Documents/test_python_airflow/airflow/py_venv/lib/python3.12/site-packages/airflow/example_dags/plugins/event_listener.py
[2024-09-18T11:54:30.873+0100] {processor.py:927} WARNING - No viable dags retrieved from /Users/ds2718/Documents/test_python_airflow/airflow/py_venv/lib/python3.12/site-packages/airflow/example_dags/plugins/event_listener.py
[2024-09-18T11:54:30.908+0100] {processor.py:208} INFO - Processing /Users/ds2718/Documents/test_python_airflow/airflow/py_venv/lib/python3.12/site-packages/airflow/example_dags/plugins/event_listener.py took 0.042 seconds
[2024-09-18T11:55:06.055+0100] {processor.py:186} INFO - Started process (PID=9778) to work on /Users/ds2718/Documents/test_python_airflow/airflow/py_venv/lib/python3.12/site-packages/airflow/example_dags/plugins/event_listener.py
[2024-09-18T11:55:06.056+0100] {processor.py:914} INFO - Processing file /Users/ds2718/Documents/test_python_airflow/airflow/py_venv/lib/python3.12/site-packages/airflow/example_dags/plugins/event_listener.py for tasks to queue
[2024-09-18T11:55:06.056+0100] {logging_mixin.py:190} INFO - [2024-09-18T11:55:06.056+0100] {dagbag.py:587} INFO - Filling up the DagBag from /Users/ds2718/Documents/test_python_airflow/airflow/py_venv/lib/python3.12/site-packages/airflow/example_dags/plugins/event_listener.py
[2024-09-18T11:55:06.057+0100] {processor.py:927} WARNING - No viable dags retrieved from /Users/ds2718/Documents/test_python_airflow/airflow/py_venv/lib/python3.12/site-packages/airflow/example_dags/plugins/event_listener.py
[2024-09-18T11:55:06.099+0100] {processor.py:208} INFO - Processing /Users/ds2718/Documents/test_python_airflow/airflow/py_venv/lib/python3.12/site-packages/airflow/example_dags/plugins/event_listener.py took 0.046 seconds
[2024-09-18T11:55:39.922+0100] {processor.py:186} INFO - Started process (PID=9944) to work on /Users/ds2718/Documents/test_python_airflow/airflow/py_venv/lib/python3.12/site-packages/airflow/example_dags/plugins/event_listener.py
[2024-09-18T11:55:39.923+0100] {processor.py:914} INFO - Processing file /Users/ds2718/Documents/test_python_airflow/airflow/py_venv/lib/python3.12/site-packages/airflow/example_dags/plugins/event_listener.py for tasks to queue
[2024-09-18T11:55:39.923+0100] {logging_mixin.py:190} INFO - [2024-09-18T11:55:39.923+0100] {dagbag.py:587} INFO - Filling up the DagBag from /Users/ds2718/Documents/test_python_airflow/airflow/py_venv/lib/python3.12/site-packages/airflow/example_dags/plugins/event_listener.py
[2024-09-18T11:55:39.923+0100] {processor.py:927} WARNING - No viable dags retrieved from /Users/ds2718/Documents/test_python_airflow/airflow/py_venv/lib/python3.12/site-packages/airflow/example_dags/plugins/event_listener.py
[2024-09-18T11:55:39.956+0100] {processor.py:208} INFO - Processing /Users/ds2718/Documents/test_python_airflow/airflow/py_venv/lib/python3.12/site-packages/airflow/example_dags/plugins/event_listener.py took 0.039 seconds
[2024-09-18T11:56:13.386+0100] {processor.py:186} INFO - Started process (PID=10112) to work on /Users/ds2718/Documents/test_python_airflow/airflow/py_venv/lib/python3.12/site-packages/airflow/example_dags/plugins/event_listener.py
[2024-09-18T11:56:13.386+0100] {processor.py:914} INFO - Processing file /Users/ds2718/Documents/test_python_airflow/airflow/py_venv/lib/python3.12/site-packages/airflow/example_dags/plugins/event_listener.py for tasks to queue
[2024-09-18T11:56:13.387+0100] {logging_mixin.py:190} INFO - [2024-09-18T11:56:13.387+0100] {dagbag.py:587} INFO - Filling up the DagBag from /Users/ds2718/Documents/test_python_airflow/airflow/py_venv/lib/python3.12/site-packages/airflow/example_dags/plugins/event_listener.py
[2024-09-18T11:56:13.387+0100] {processor.py:927} WARNING - No viable dags retrieved from /Users/ds2718/Documents/test_python_airflow/airflow/py_venv/lib/python3.12/site-packages/airflow/example_dags/plugins/event_listener.py
[2024-09-18T11:56:13.425+0100] {processor.py:208} INFO - Processing /Users/ds2718/Documents/test_python_airflow/airflow/py_venv/lib/python3.12/site-packages/airflow/example_dags/plugins/event_listener.py took 0.041 seconds
[2024-09-18T11:56:45.550+0100] {processor.py:186} INFO - Started process (PID=10272) to work on /Users/ds2718/Documents/test_python_airflow/airflow/py_venv/lib/python3.12/site-packages/airflow/example_dags/plugins/event_listener.py
[2024-09-18T11:56:45.550+0100] {processor.py:914} INFO - Processing file /Users/ds2718/Documents/test_python_airflow/airflow/py_venv/lib/python3.12/site-packages/airflow/example_dags/plugins/event_listener.py for tasks to queue
[2024-09-18T11:56:45.551+0100] {logging_mixin.py:190} INFO - [2024-09-18T11:56:45.551+0100] {dagbag.py:587} INFO - Filling up the DagBag from /Users/ds2718/Documents/test_python_airflow/airflow/py_venv/lib/python3.12/site-packages/airflow/example_dags/plugins/event_listener.py
[2024-09-18T11:56:45.551+0100] {processor.py:927} WARNING - No viable dags retrieved from /Users/ds2718/Documents/test_python_airflow/airflow/py_venv/lib/python3.12/site-packages/airflow/example_dags/plugins/event_listener.py
[2024-09-18T11:56:45.586+0100] {processor.py:208} INFO - Processing /Users/ds2718/Documents/test_python_airflow/airflow/py_venv/lib/python3.12/site-packages/airflow/example_dags/plugins/event_listener.py took 0.040 seconds
[2024-09-18T11:57:18.228+0100] {processor.py:186} INFO - Started process (PID=10419) to work on /Users/ds2718/Documents/test_python_airflow/airflow/py_venv/lib/python3.12/site-packages/airflow/example_dags/plugins/event_listener.py
[2024-09-18T11:57:18.228+0100] {processor.py:914} INFO - Processing file /Users/ds2718/Documents/test_python_airflow/airflow/py_venv/lib/python3.12/site-packages/airflow/example_dags/plugins/event_listener.py for tasks to queue
[2024-09-18T11:57:18.229+0100] {logging_mixin.py:190} INFO - [2024-09-18T11:57:18.229+0100] {dagbag.py:587} INFO - Filling up the DagBag from /Users/ds2718/Documents/test_python_airflow/airflow/py_venv/lib/python3.12/site-packages/airflow/example_dags/plugins/event_listener.py
[2024-09-18T11:57:18.230+0100] {processor.py:927} WARNING - No viable dags retrieved from /Users/ds2718/Documents/test_python_airflow/airflow/py_venv/lib/python3.12/site-packages/airflow/example_dags/plugins/event_listener.py
[2024-09-18T11:57:18.269+0100] {processor.py:208} INFO - Processing /Users/ds2718/Documents/test_python_airflow/airflow/py_venv/lib/python3.12/site-packages/airflow/example_dags/plugins/event_listener.py took 0.045 seconds
[2024-09-18T11:57:52.223+0100] {processor.py:186} INFO - Started process (PID=10630) to work on /Users/ds2718/Documents/test_python_airflow/airflow/py_venv/lib/python3.12/site-packages/airflow/example_dags/plugins/event_listener.py
[2024-09-18T11:57:52.224+0100] {processor.py:914} INFO - Processing file /Users/ds2718/Documents/test_python_airflow/airflow/py_venv/lib/python3.12/site-packages/airflow/example_dags/plugins/event_listener.py for tasks to queue
[2024-09-18T11:57:52.224+0100] {logging_mixin.py:190} INFO - [2024-09-18T11:57:52.224+0100] {dagbag.py:587} INFO - Filling up the DagBag from /Users/ds2718/Documents/test_python_airflow/airflow/py_venv/lib/python3.12/site-packages/airflow/example_dags/plugins/event_listener.py
[2024-09-18T11:57:52.225+0100] {processor.py:927} WARNING - No viable dags retrieved from /Users/ds2718/Documents/test_python_airflow/airflow/py_venv/lib/python3.12/site-packages/airflow/example_dags/plugins/event_listener.py
[2024-09-18T11:57:52.263+0100] {processor.py:208} INFO - Processing /Users/ds2718/Documents/test_python_airflow/airflow/py_venv/lib/python3.12/site-packages/airflow/example_dags/plugins/event_listener.py took 0.041 seconds
[2024-09-18T11:58:26.165+0100] {processor.py:186} INFO - Started process (PID=10812) to work on /Users/ds2718/Documents/test_python_airflow/airflow/py_venv/lib/python3.12/site-packages/airflow/example_dags/plugins/event_listener.py
[2024-09-18T11:58:26.166+0100] {processor.py:914} INFO - Processing file /Users/ds2718/Documents/test_python_airflow/airflow/py_venv/lib/python3.12/site-packages/airflow/example_dags/plugins/event_listener.py for tasks to queue
[2024-09-18T11:58:26.166+0100] {logging_mixin.py:190} INFO - [2024-09-18T11:58:26.166+0100] {dagbag.py:587} INFO - Filling up the DagBag from /Users/ds2718/Documents/test_python_airflow/airflow/py_venv/lib/python3.12/site-packages/airflow/example_dags/plugins/event_listener.py
[2024-09-18T11:58:26.167+0100] {processor.py:927} WARNING - No viable dags retrieved from /Users/ds2718/Documents/test_python_airflow/airflow/py_venv/lib/python3.12/site-packages/airflow/example_dags/plugins/event_listener.py
[2024-09-18T11:58:26.202+0100] {processor.py:208} INFO - Processing /Users/ds2718/Documents/test_python_airflow/airflow/py_venv/lib/python3.12/site-packages/airflow/example_dags/plugins/event_listener.py took 0.041 seconds
[2024-09-18T11:59:00.075+0100] {processor.py:186} INFO - Started process (PID=10992) to work on /Users/ds2718/Documents/test_python_airflow/airflow/py_venv/lib/python3.12/site-packages/airflow/example_dags/plugins/event_listener.py
[2024-09-18T11:59:00.077+0100] {processor.py:914} INFO - Processing file /Users/ds2718/Documents/test_python_airflow/airflow/py_venv/lib/python3.12/site-packages/airflow/example_dags/plugins/event_listener.py for tasks to queue
[2024-09-18T11:59:00.078+0100] {logging_mixin.py:190} INFO - [2024-09-18T11:59:00.077+0100] {dagbag.py:587} INFO - Filling up the DagBag from /Users/ds2718/Documents/test_python_airflow/airflow/py_venv/lib/python3.12/site-packages/airflow/example_dags/plugins/event_listener.py
[2024-09-18T11:59:00.081+0100] {processor.py:927} WARNING - No viable dags retrieved from /Users/ds2718/Documents/test_python_airflow/airflow/py_venv/lib/python3.12/site-packages/airflow/example_dags/plugins/event_listener.py
[2024-09-18T11:59:00.132+0100] {processor.py:208} INFO - Processing /Users/ds2718/Documents/test_python_airflow/airflow/py_venv/lib/python3.12/site-packages/airflow/example_dags/plugins/event_listener.py took 0.066 seconds
[2024-09-18T11:59:32.809+0100] {processor.py:186} INFO - Started process (PID=11167) to work on /Users/ds2718/Documents/test_python_airflow/airflow/py_venv/lib/python3.12/site-packages/airflow/example_dags/plugins/event_listener.py
[2024-09-18T11:59:32.809+0100] {processor.py:914} INFO - Processing file /Users/ds2718/Documents/test_python_airflow/airflow/py_venv/lib/python3.12/site-packages/airflow/example_dags/plugins/event_listener.py for tasks to queue
[2024-09-18T11:59:32.809+0100] {logging_mixin.py:190} INFO - [2024-09-18T11:59:32.809+0100] {dagbag.py:587} INFO - Filling up the DagBag from /Users/ds2718/Documents/test_python_airflow/airflow/py_venv/lib/python3.12/site-packages/airflow/example_dags/plugins/event_listener.py
[2024-09-18T11:59:32.810+0100] {processor.py:927} WARNING - No viable dags retrieved from /Users/ds2718/Documents/test_python_airflow/airflow/py_venv/lib/python3.12/site-packages/airflow/example_dags/plugins/event_listener.py
[2024-09-18T11:59:32.842+0100] {processor.py:208} INFO - Processing /Users/ds2718/Documents/test_python_airflow/airflow/py_venv/lib/python3.12/site-packages/airflow/example_dags/plugins/event_listener.py took 0.038 seconds
[2024-09-18T12:00:05.644+0100] {processor.py:186} INFO - Started process (PID=11388) to work on /Users/ds2718/Documents/test_python_airflow/airflow/py_venv/lib/python3.12/site-packages/airflow/example_dags/plugins/event_listener.py
[2024-09-18T12:00:05.644+0100] {processor.py:914} INFO - Processing file /Users/ds2718/Documents/test_python_airflow/airflow/py_venv/lib/python3.12/site-packages/airflow/example_dags/plugins/event_listener.py for tasks to queue
[2024-09-18T12:00:05.645+0100] {logging_mixin.py:190} INFO - [2024-09-18T12:00:05.645+0100] {dagbag.py:587} INFO - Filling up the DagBag from /Users/ds2718/Documents/test_python_airflow/airflow/py_venv/lib/python3.12/site-packages/airflow/example_dags/plugins/event_listener.py
[2024-09-18T12:00:05.645+0100] {processor.py:927} WARNING - No viable dags retrieved from /Users/ds2718/Documents/test_python_airflow/airflow/py_venv/lib/python3.12/site-packages/airflow/example_dags/plugins/event_listener.py
[2024-09-18T12:00:05.679+0100] {processor.py:208} INFO - Processing /Users/ds2718/Documents/test_python_airflow/airflow/py_venv/lib/python3.12/site-packages/airflow/example_dags/plugins/event_listener.py took 0.041 seconds
[2024-09-18T12:00:38.784+0100] {processor.py:186} INFO - Started process (PID=11554) to work on /Users/ds2718/Documents/test_python_airflow/airflow/py_venv/lib/python3.12/site-packages/airflow/example_dags/plugins/event_listener.py
[2024-09-18T12:00:38.785+0100] {processor.py:914} INFO - Processing file /Users/ds2718/Documents/test_python_airflow/airflow/py_venv/lib/python3.12/site-packages/airflow/example_dags/plugins/event_listener.py for tasks to queue
[2024-09-18T12:00:38.785+0100] {logging_mixin.py:190} INFO - [2024-09-18T12:00:38.785+0100] {dagbag.py:587} INFO - Filling up the DagBag from /Users/ds2718/Documents/test_python_airflow/airflow/py_venv/lib/python3.12/site-packages/airflow/example_dags/plugins/event_listener.py
[2024-09-18T12:00:38.786+0100] {processor.py:927} WARNING - No viable dags retrieved from /Users/ds2718/Documents/test_python_airflow/airflow/py_venv/lib/python3.12/site-packages/airflow/example_dags/plugins/event_listener.py
[2024-09-18T12:00:38.827+0100] {processor.py:208} INFO - Processing /Users/ds2718/Documents/test_python_airflow/airflow/py_venv/lib/python3.12/site-packages/airflow/example_dags/plugins/event_listener.py took 0.054 seconds
[2024-09-18T12:01:11.932+0100] {processor.py:186} INFO - Started process (PID=11751) to work on /Users/ds2718/Documents/test_python_airflow/airflow/py_venv/lib/python3.12/site-packages/airflow/example_dags/plugins/event_listener.py
[2024-09-18T12:01:11.933+0100] {processor.py:914} INFO - Processing file /Users/ds2718/Documents/test_python_airflow/airflow/py_venv/lib/python3.12/site-packages/airflow/example_dags/plugins/event_listener.py for tasks to queue
[2024-09-18T12:01:11.933+0100] {logging_mixin.py:190} INFO - [2024-09-18T12:01:11.933+0100] {dagbag.py:587} INFO - Filling up the DagBag from /Users/ds2718/Documents/test_python_airflow/airflow/py_venv/lib/python3.12/site-packages/airflow/example_dags/plugins/event_listener.py
[2024-09-18T12:01:11.934+0100] {processor.py:927} WARNING - No viable dags retrieved from /Users/ds2718/Documents/test_python_airflow/airflow/py_venv/lib/python3.12/site-packages/airflow/example_dags/plugins/event_listener.py
[2024-09-18T12:01:11.976+0100] {processor.py:208} INFO - Processing /Users/ds2718/Documents/test_python_airflow/airflow/py_venv/lib/python3.12/site-packages/airflow/example_dags/plugins/event_listener.py took 0.052 seconds
[2024-09-18T12:06:21.276+0100] {processor.py:186} INFO - Started process (PID=11943) to work on /Users/ds2718/Documents/test_python_airflow/airflow/py_venv/lib/python3.12/site-packages/airflow/example_dags/plugins/event_listener.py
[2024-09-18T12:06:21.277+0100] {processor.py:914} INFO - Processing file /Users/ds2718/Documents/test_python_airflow/airflow/py_venv/lib/python3.12/site-packages/airflow/example_dags/plugins/event_listener.py for tasks to queue
[2024-09-18T12:06:21.277+0100] {logging_mixin.py:190} INFO - [2024-09-18T12:06:21.277+0100] {dagbag.py:587} INFO - Filling up the DagBag from /Users/ds2718/Documents/test_python_airflow/airflow/py_venv/lib/python3.12/site-packages/airflow/example_dags/plugins/event_listener.py
[2024-09-18T12:06:21.278+0100] {processor.py:927} WARNING - No viable dags retrieved from /Users/ds2718/Documents/test_python_airflow/airflow/py_venv/lib/python3.12/site-packages/airflow/example_dags/plugins/event_listener.py
[2024-09-18T12:06:21.319+0100] {processor.py:208} INFO - Processing /Users/ds2718/Documents/test_python_airflow/airflow/py_venv/lib/python3.12/site-packages/airflow/example_dags/plugins/event_listener.py took 0.046 seconds
[2024-09-18T12:06:55.465+0100] {processor.py:186} INFO - Started process (PID=12114) to work on /Users/ds2718/Documents/test_python_airflow/airflow/py_venv/lib/python3.12/site-packages/airflow/example_dags/plugins/event_listener.py
[2024-09-18T12:06:55.466+0100] {processor.py:914} INFO - Processing file /Users/ds2718/Documents/test_python_airflow/airflow/py_venv/lib/python3.12/site-packages/airflow/example_dags/plugins/event_listener.py for tasks to queue
[2024-09-18T12:06:55.466+0100] {logging_mixin.py:190} INFO - [2024-09-18T12:06:55.466+0100] {dagbag.py:587} INFO - Filling up the DagBag from /Users/ds2718/Documents/test_python_airflow/airflow/py_venv/lib/python3.12/site-packages/airflow/example_dags/plugins/event_listener.py
[2024-09-18T12:06:55.467+0100] {processor.py:927} WARNING - No viable dags retrieved from /Users/ds2718/Documents/test_python_airflow/airflow/py_venv/lib/python3.12/site-packages/airflow/example_dags/plugins/event_listener.py
[2024-09-18T12:06:55.508+0100] {processor.py:208} INFO - Processing /Users/ds2718/Documents/test_python_airflow/airflow/py_venv/lib/python3.12/site-packages/airflow/example_dags/plugins/event_listener.py took 0.049 seconds
[2024-09-18T12:07:29.850+0100] {processor.py:186} INFO - Started process (PID=12292) to work on /Users/ds2718/Documents/test_python_airflow/airflow/py_venv/lib/python3.12/site-packages/airflow/example_dags/plugins/event_listener.py
[2024-09-18T12:07:29.851+0100] {processor.py:914} INFO - Processing file /Users/ds2718/Documents/test_python_airflow/airflow/py_venv/lib/python3.12/site-packages/airflow/example_dags/plugins/event_listener.py for tasks to queue
[2024-09-18T12:07:29.851+0100] {logging_mixin.py:190} INFO - [2024-09-18T12:07:29.851+0100] {dagbag.py:587} INFO - Filling up the DagBag from /Users/ds2718/Documents/test_python_airflow/airflow/py_venv/lib/python3.12/site-packages/airflow/example_dags/plugins/event_listener.py
[2024-09-18T12:07:29.852+0100] {processor.py:927} WARNING - No viable dags retrieved from /Users/ds2718/Documents/test_python_airflow/airflow/py_venv/lib/python3.12/site-packages/airflow/example_dags/plugins/event_listener.py
[2024-09-18T12:07:29.888+0100] {processor.py:208} INFO - Processing /Users/ds2718/Documents/test_python_airflow/airflow/py_venv/lib/python3.12/site-packages/airflow/example_dags/plugins/event_listener.py took 0.041 seconds
[2024-09-18T12:08:12.421+0100] {processor.py:186} INFO - Started process (PID=12463) to work on /Users/ds2718/Documents/test_python_airflow/airflow/py_venv/lib/python3.12/site-packages/airflow/example_dags/plugins/event_listener.py
[2024-09-18T12:08:12.425+0100] {processor.py:914} INFO - Processing file /Users/ds2718/Documents/test_python_airflow/airflow/py_venv/lib/python3.12/site-packages/airflow/example_dags/plugins/event_listener.py for tasks to queue
[2024-09-18T12:08:12.425+0100] {logging_mixin.py:190} INFO - [2024-09-18T12:08:12.425+0100] {dagbag.py:587} INFO - Filling up the DagBag from /Users/ds2718/Documents/test_python_airflow/airflow/py_venv/lib/python3.12/site-packages/airflow/example_dags/plugins/event_listener.py
[2024-09-18T12:08:12.426+0100] {processor.py:927} WARNING - No viable dags retrieved from /Users/ds2718/Documents/test_python_airflow/airflow/py_venv/lib/python3.12/site-packages/airflow/example_dags/plugins/event_listener.py
[2024-09-18T12:08:12.464+0100] {processor.py:208} INFO - Processing /Users/ds2718/Documents/test_python_airflow/airflow/py_venv/lib/python3.12/site-packages/airflow/example_dags/plugins/event_listener.py took 0.050 seconds
[2024-09-18T12:08:47.380+0100] {processor.py:186} INFO - Started process (PID=12664) to work on /Users/ds2718/Documents/test_python_airflow/airflow/py_venv/lib/python3.12/site-packages/airflow/example_dags/plugins/event_listener.py
[2024-09-18T12:08:47.381+0100] {processor.py:914} INFO - Processing file /Users/ds2718/Documents/test_python_airflow/airflow/py_venv/lib/python3.12/site-packages/airflow/example_dags/plugins/event_listener.py for tasks to queue
[2024-09-18T12:08:47.381+0100] {logging_mixin.py:190} INFO - [2024-09-18T12:08:47.381+0100] {dagbag.py:587} INFO - Filling up the DagBag from /Users/ds2718/Documents/test_python_airflow/airflow/py_venv/lib/python3.12/site-packages/airflow/example_dags/plugins/event_listener.py
[2024-09-18T12:08:47.381+0100] {processor.py:927} WARNING - No viable dags retrieved from /Users/ds2718/Documents/test_python_airflow/airflow/py_venv/lib/python3.12/site-packages/airflow/example_dags/plugins/event_listener.py
[2024-09-18T12:08:47.415+0100] {processor.py:208} INFO - Processing /Users/ds2718/Documents/test_python_airflow/airflow/py_venv/lib/python3.12/site-packages/airflow/example_dags/plugins/event_listener.py took 0.041 seconds
[2024-09-18T12:09:20.965+0100] {processor.py:186} INFO - Started process (PID=12807) to work on /Users/ds2718/Documents/test_python_airflow/airflow/py_venv/lib/python3.12/site-packages/airflow/example_dags/plugins/event_listener.py
[2024-09-18T12:09:20.966+0100] {processor.py:914} INFO - Processing file /Users/ds2718/Documents/test_python_airflow/airflow/py_venv/lib/python3.12/site-packages/airflow/example_dags/plugins/event_listener.py for tasks to queue
[2024-09-18T12:09:20.966+0100] {logging_mixin.py:190} INFO - [2024-09-18T12:09:20.966+0100] {dagbag.py:587} INFO - Filling up the DagBag from /Users/ds2718/Documents/test_python_airflow/airflow/py_venv/lib/python3.12/site-packages/airflow/example_dags/plugins/event_listener.py
[2024-09-18T12:09:20.967+0100] {processor.py:927} WARNING - No viable dags retrieved from /Users/ds2718/Documents/test_python_airflow/airflow/py_venv/lib/python3.12/site-packages/airflow/example_dags/plugins/event_listener.py
[2024-09-18T12:09:21.010+0100] {processor.py:208} INFO - Processing /Users/ds2718/Documents/test_python_airflow/airflow/py_venv/lib/python3.12/site-packages/airflow/example_dags/plugins/event_listener.py took 0.047 seconds
[2024-09-18T12:09:54.875+0100] {processor.py:186} INFO - Started process (PID=13009) to work on /Users/ds2718/Documents/test_python_airflow/airflow/py_venv/lib/python3.12/site-packages/airflow/example_dags/plugins/event_listener.py
[2024-09-18T12:09:54.875+0100] {processor.py:914} INFO - Processing file /Users/ds2718/Documents/test_python_airflow/airflow/py_venv/lib/python3.12/site-packages/airflow/example_dags/plugins/event_listener.py for tasks to queue
[2024-09-18T12:09:54.876+0100] {logging_mixin.py:190} INFO - [2024-09-18T12:09:54.876+0100] {dagbag.py:587} INFO - Filling up the DagBag from /Users/ds2718/Documents/test_python_airflow/airflow/py_venv/lib/python3.12/site-packages/airflow/example_dags/plugins/event_listener.py
[2024-09-18T12:09:54.878+0100] {processor.py:927} WARNING - No viable dags retrieved from /Users/ds2718/Documents/test_python_airflow/airflow/py_venv/lib/python3.12/site-packages/airflow/example_dags/plugins/event_listener.py
[2024-09-18T12:09:54.917+0100] {processor.py:208} INFO - Processing /Users/ds2718/Documents/test_python_airflow/airflow/py_venv/lib/python3.12/site-packages/airflow/example_dags/plugins/event_listener.py took 0.054 seconds
[2024-09-18T12:10:26.433+0100] {processor.py:186} INFO - Started process (PID=13130) to work on /Users/ds2718/Documents/test_python_airflow/airflow/py_venv/lib/python3.12/site-packages/airflow/example_dags/plugins/event_listener.py
[2024-09-18T12:10:26.434+0100] {processor.py:914} INFO - Processing file /Users/ds2718/Documents/test_python_airflow/airflow/py_venv/lib/python3.12/site-packages/airflow/example_dags/plugins/event_listener.py for tasks to queue
[2024-09-18T12:10:26.434+0100] {logging_mixin.py:190} INFO - [2024-09-18T12:10:26.434+0100] {dagbag.py:587} INFO - Filling up the DagBag from /Users/ds2718/Documents/test_python_airflow/airflow/py_venv/lib/python3.12/site-packages/airflow/example_dags/plugins/event_listener.py
[2024-09-18T12:10:26.435+0100] {processor.py:927} WARNING - No viable dags retrieved from /Users/ds2718/Documents/test_python_airflow/airflow/py_venv/lib/python3.12/site-packages/airflow/example_dags/plugins/event_listener.py
[2024-09-18T12:10:26.483+0100] {processor.py:208} INFO - Processing /Users/ds2718/Documents/test_python_airflow/airflow/py_venv/lib/python3.12/site-packages/airflow/example_dags/plugins/event_listener.py took 0.056 seconds
[2024-09-18T12:10:59.250+0100] {processor.py:186} INFO - Started process (PID=13300) to work on /Users/ds2718/Documents/test_python_airflow/airflow/py_venv/lib/python3.12/site-packages/airflow/example_dags/plugins/event_listener.py
[2024-09-18T12:10:59.251+0100] {processor.py:914} INFO - Processing file /Users/ds2718/Documents/test_python_airflow/airflow/py_venv/lib/python3.12/site-packages/airflow/example_dags/plugins/event_listener.py for tasks to queue
[2024-09-18T12:10:59.251+0100] {logging_mixin.py:190} INFO - [2024-09-18T12:10:59.251+0100] {dagbag.py:587} INFO - Filling up the DagBag from /Users/ds2718/Documents/test_python_airflow/airflow/py_venv/lib/python3.12/site-packages/airflow/example_dags/plugins/event_listener.py
[2024-09-18T12:10:59.252+0100] {processor.py:927} WARNING - No viable dags retrieved from /Users/ds2718/Documents/test_python_airflow/airflow/py_venv/lib/python3.12/site-packages/airflow/example_dags/plugins/event_listener.py
[2024-09-18T12:10:59.292+0100] {processor.py:208} INFO - Processing /Users/ds2718/Documents/test_python_airflow/airflow/py_venv/lib/python3.12/site-packages/airflow/example_dags/plugins/event_listener.py took 0.053 seconds
[2024-09-18T12:11:33.723+0100] {processor.py:186} INFO - Started process (PID=13448) to work on /Users/ds2718/Documents/test_python_airflow/airflow/py_venv/lib/python3.12/site-packages/airflow/example_dags/plugins/event_listener.py
[2024-09-18T12:11:33.724+0100] {processor.py:914} INFO - Processing file /Users/ds2718/Documents/test_python_airflow/airflow/py_venv/lib/python3.12/site-packages/airflow/example_dags/plugins/event_listener.py for tasks to queue
[2024-09-18T12:11:33.724+0100] {logging_mixin.py:190} INFO - [2024-09-18T12:11:33.724+0100] {dagbag.py:587} INFO - Filling up the DagBag from /Users/ds2718/Documents/test_python_airflow/airflow/py_venv/lib/python3.12/site-packages/airflow/example_dags/plugins/event_listener.py
[2024-09-18T12:11:33.725+0100] {processor.py:927} WARNING - No viable dags retrieved from /Users/ds2718/Documents/test_python_airflow/airflow/py_venv/lib/python3.12/site-packages/airflow/example_dags/plugins/event_listener.py
[2024-09-18T12:11:33.762+0100] {processor.py:208} INFO - Processing /Users/ds2718/Documents/test_python_airflow/airflow/py_venv/lib/python3.12/site-packages/airflow/example_dags/plugins/event_listener.py took 0.043 seconds
[2024-09-18T12:12:06.492+0100] {processor.py:186} INFO - Started process (PID=13607) to work on /Users/ds2718/Documents/test_python_airflow/airflow/py_venv/lib/python3.12/site-packages/airflow/example_dags/plugins/event_listener.py
[2024-09-18T12:12:06.493+0100] {processor.py:914} INFO - Processing file /Users/ds2718/Documents/test_python_airflow/airflow/py_venv/lib/python3.12/site-packages/airflow/example_dags/plugins/event_listener.py for tasks to queue
[2024-09-18T12:12:06.493+0100] {logging_mixin.py:190} INFO - [2024-09-18T12:12:06.493+0100] {dagbag.py:587} INFO - Filling up the DagBag from /Users/ds2718/Documents/test_python_airflow/airflow/py_venv/lib/python3.12/site-packages/airflow/example_dags/plugins/event_listener.py
[2024-09-18T12:12:06.494+0100] {processor.py:927} WARNING - No viable dags retrieved from /Users/ds2718/Documents/test_python_airflow/airflow/py_venv/lib/python3.12/site-packages/airflow/example_dags/plugins/event_listener.py
[2024-09-18T12:12:06.539+0100] {processor.py:208} INFO - Processing /Users/ds2718/Documents/test_python_airflow/airflow/py_venv/lib/python3.12/site-packages/airflow/example_dags/plugins/event_listener.py took 0.049 seconds
[2024-09-18T12:12:39.275+0100] {processor.py:186} INFO - Started process (PID=13736) to work on /Users/ds2718/Documents/test_python_airflow/airflow/py_venv/lib/python3.12/site-packages/airflow/example_dags/plugins/event_listener.py
[2024-09-18T12:12:39.275+0100] {processor.py:914} INFO - Processing file /Users/ds2718/Documents/test_python_airflow/airflow/py_venv/lib/python3.12/site-packages/airflow/example_dags/plugins/event_listener.py for tasks to queue
[2024-09-18T12:12:39.276+0100] {logging_mixin.py:190} INFO - [2024-09-18T12:12:39.276+0100] {dagbag.py:587} INFO - Filling up the DagBag from /Users/ds2718/Documents/test_python_airflow/airflow/py_venv/lib/python3.12/site-packages/airflow/example_dags/plugins/event_listener.py
[2024-09-18T12:12:39.276+0100] {processor.py:927} WARNING - No viable dags retrieved from /Users/ds2718/Documents/test_python_airflow/airflow/py_venv/lib/python3.12/site-packages/airflow/example_dags/plugins/event_listener.py
[2024-09-18T12:12:39.327+0100] {processor.py:208} INFO - Processing /Users/ds2718/Documents/test_python_airflow/airflow/py_venv/lib/python3.12/site-packages/airflow/example_dags/plugins/event_listener.py took 0.054 seconds
[2024-09-18T12:13:14.047+0100] {processor.py:186} INFO - Started process (PID=13946) to work on /Users/ds2718/Documents/test_python_airflow/airflow/py_venv/lib/python3.12/site-packages/airflow/example_dags/plugins/event_listener.py
[2024-09-18T12:13:14.048+0100] {processor.py:914} INFO - Processing file /Users/ds2718/Documents/test_python_airflow/airflow/py_venv/lib/python3.12/site-packages/airflow/example_dags/plugins/event_listener.py for tasks to queue
[2024-09-18T12:13:14.048+0100] {logging_mixin.py:190} INFO - [2024-09-18T12:13:14.048+0100] {dagbag.py:587} INFO - Filling up the DagBag from /Users/ds2718/Documents/test_python_airflow/airflow/py_venv/lib/python3.12/site-packages/airflow/example_dags/plugins/event_listener.py
[2024-09-18T12:13:14.049+0100] {processor.py:927} WARNING - No viable dags retrieved from /Users/ds2718/Documents/test_python_airflow/airflow/py_venv/lib/python3.12/site-packages/airflow/example_dags/plugins/event_listener.py
[2024-09-18T12:13:14.085+0100] {processor.py:208} INFO - Processing /Users/ds2718/Documents/test_python_airflow/airflow/py_venv/lib/python3.12/site-packages/airflow/example_dags/plugins/event_listener.py took 0.040 seconds
[2024-09-18T12:13:48.735+0100] {processor.py:186} INFO - Started process (PID=14070) to work on /Users/ds2718/Documents/test_python_airflow/airflow/py_venv/lib/python3.12/site-packages/airflow/example_dags/plugins/event_listener.py
[2024-09-18T12:13:48.736+0100] {processor.py:914} INFO - Processing file /Users/ds2718/Documents/test_python_airflow/airflow/py_venv/lib/python3.12/site-packages/airflow/example_dags/plugins/event_listener.py for tasks to queue
[2024-09-18T12:13:48.736+0100] {logging_mixin.py:190} INFO - [2024-09-18T12:13:48.736+0100] {dagbag.py:587} INFO - Filling up the DagBag from /Users/ds2718/Documents/test_python_airflow/airflow/py_venv/lib/python3.12/site-packages/airflow/example_dags/plugins/event_listener.py
[2024-09-18T12:13:48.736+0100] {processor.py:927} WARNING - No viable dags retrieved from /Users/ds2718/Documents/test_python_airflow/airflow/py_venv/lib/python3.12/site-packages/airflow/example_dags/plugins/event_listener.py
[2024-09-18T12:13:48.773+0100] {processor.py:208} INFO - Processing /Users/ds2718/Documents/test_python_airflow/airflow/py_venv/lib/python3.12/site-packages/airflow/example_dags/plugins/event_listener.py took 0.041 seconds
