[2024-09-18T11:53:55.317+0100] {processor.py:186} INFO - Started process (PID=9397) to work on /Users/ds2718/Documents/test_python_airflow/airflow/py_venv/lib/python3.12/site-packages/airflow/example_dags/subdags/subdag.py
[2024-09-18T11:53:55.318+0100] {processor.py:914} INFO - Processing file /Users/ds2718/Documents/test_python_airflow/airflow/py_venv/lib/python3.12/site-packages/airflow/example_dags/subdags/subdag.py for tasks to queue
[2024-09-18T11:53:55.319+0100] {logging_mixin.py:190} INFO - [2024-09-18T11:53:55.319+0100] {dagbag.py:587} INFO - Filling up the DagBag from /Users/ds2718/Documents/test_python_airflow/airflow/py_venv/lib/python3.12/site-packages/airflow/example_dags/subdags/subdag.py
[2024-09-18T11:53:55.325+0100] {processor.py:927} WARNING - No viable dags retrieved from /Users/ds2718/Documents/test_python_airflow/airflow/py_venv/lib/python3.12/site-packages/airflow/example_dags/subdags/subdag.py
[2024-09-18T11:53:55.362+0100] {processor.py:208} INFO - Processing /Users/ds2718/Documents/test_python_airflow/airflow/py_venv/lib/python3.12/site-packages/airflow/example_dags/subdags/subdag.py took 0.053 seconds
[2024-09-18T11:54:29.683+0100] {processor.py:186} INFO - Started process (PID=9542) to work on /Users/ds2718/Documents/test_python_airflow/airflow/py_venv/lib/python3.12/site-packages/airflow/example_dags/subdags/subdag.py
[2024-09-18T11:54:29.684+0100] {processor.py:914} INFO - Processing file /Users/ds2718/Documents/test_python_airflow/airflow/py_venv/lib/python3.12/site-packages/airflow/example_dags/subdags/subdag.py for tasks to queue
[2024-09-18T11:54:29.684+0100] {logging_mixin.py:190} INFO - [2024-09-18T11:54:29.684+0100] {dagbag.py:587} INFO - Filling up the DagBag from /Users/ds2718/Documents/test_python_airflow/airflow/py_venv/lib/python3.12/site-packages/airflow/example_dags/subdags/subdag.py
[2024-09-18T11:54:29.686+0100] {processor.py:927} WARNING - No viable dags retrieved from /Users/ds2718/Documents/test_python_airflow/airflow/py_venv/lib/python3.12/site-packages/airflow/example_dags/subdags/subdag.py
[2024-09-18T11:54:29.724+0100] {processor.py:208} INFO - Processing /Users/ds2718/Documents/test_python_airflow/airflow/py_venv/lib/python3.12/site-packages/airflow/example_dags/subdags/subdag.py took 0.049 seconds
[2024-09-18T11:55:04.452+0100] {processor.py:186} INFO - Started process (PID=9769) to work on /Users/ds2718/Documents/test_python_airflow/airflow/py_venv/lib/python3.12/site-packages/airflow/example_dags/subdags/subdag.py
[2024-09-18T11:55:04.453+0100] {processor.py:914} INFO - Processing file /Users/ds2718/Documents/test_python_airflow/airflow/py_venv/lib/python3.12/site-packages/airflow/example_dags/subdags/subdag.py for tasks to queue
[2024-09-18T11:55:04.453+0100] {logging_mixin.py:190} INFO - [2024-09-18T11:55:04.453+0100] {dagbag.py:587} INFO - Filling up the DagBag from /Users/ds2718/Documents/test_python_airflow/airflow/py_venv/lib/python3.12/site-packages/airflow/example_dags/subdags/subdag.py
[2024-09-18T11:55:04.454+0100] {processor.py:927} WARNING - No viable dags retrieved from /Users/ds2718/Documents/test_python_airflow/airflow/py_venv/lib/python3.12/site-packages/airflow/example_dags/subdags/subdag.py
[2024-09-18T11:55:04.488+0100] {processor.py:208} INFO - Processing /Users/ds2718/Documents/test_python_airflow/airflow/py_venv/lib/python3.12/site-packages/airflow/example_dags/subdags/subdag.py took 0.038 seconds
[2024-09-18T11:55:38.473+0100] {processor.py:186} INFO - Started process (PID=9936) to work on /Users/ds2718/Documents/test_python_airflow/airflow/py_venv/lib/python3.12/site-packages/airflow/example_dags/subdags/subdag.py
[2024-09-18T11:55:38.474+0100] {processor.py:914} INFO - Processing file /Users/ds2718/Documents/test_python_airflow/airflow/py_venv/lib/python3.12/site-packages/airflow/example_dags/subdags/subdag.py for tasks to queue
[2024-09-18T11:55:38.474+0100] {logging_mixin.py:190} INFO - [2024-09-18T11:55:38.474+0100] {dagbag.py:587} INFO - Filling up the DagBag from /Users/ds2718/Documents/test_python_airflow/airflow/py_venv/lib/python3.12/site-packages/airflow/example_dags/subdags/subdag.py
[2024-09-18T11:55:38.475+0100] {processor.py:927} WARNING - No viable dags retrieved from /Users/ds2718/Documents/test_python_airflow/airflow/py_venv/lib/python3.12/site-packages/airflow/example_dags/subdags/subdag.py
[2024-09-18T11:55:38.516+0100] {processor.py:208} INFO - Processing /Users/ds2718/Documents/test_python_airflow/airflow/py_venv/lib/python3.12/site-packages/airflow/example_dags/subdags/subdag.py took 0.045 seconds
[2024-09-18T11:56:11.402+0100] {processor.py:186} INFO - Started process (PID=10107) to work on /Users/ds2718/Documents/test_python_airflow/airflow/py_venv/lib/python3.12/site-packages/airflow/example_dags/subdags/subdag.py
[2024-09-18T11:56:11.402+0100] {processor.py:914} INFO - Processing file /Users/ds2718/Documents/test_python_airflow/airflow/py_venv/lib/python3.12/site-packages/airflow/example_dags/subdags/subdag.py for tasks to queue
[2024-09-18T11:56:11.403+0100] {logging_mixin.py:190} INFO - [2024-09-18T11:56:11.403+0100] {dagbag.py:587} INFO - Filling up the DagBag from /Users/ds2718/Documents/test_python_airflow/airflow/py_venv/lib/python3.12/site-packages/airflow/example_dags/subdags/subdag.py
[2024-09-18T11:56:11.404+0100] {processor.py:927} WARNING - No viable dags retrieved from /Users/ds2718/Documents/test_python_airflow/airflow/py_venv/lib/python3.12/site-packages/airflow/example_dags/subdags/subdag.py
[2024-09-18T11:56:11.444+0100] {processor.py:208} INFO - Processing /Users/ds2718/Documents/test_python_airflow/airflow/py_venv/lib/python3.12/site-packages/airflow/example_dags/subdags/subdag.py took 0.048 seconds
[2024-09-18T11:56:44.351+0100] {processor.py:186} INFO - Started process (PID=10244) to work on /Users/ds2718/Documents/test_python_airflow/airflow/py_venv/lib/python3.12/site-packages/airflow/example_dags/subdags/subdag.py
[2024-09-18T11:56:44.352+0100] {processor.py:914} INFO - Processing file /Users/ds2718/Documents/test_python_airflow/airflow/py_venv/lib/python3.12/site-packages/airflow/example_dags/subdags/subdag.py for tasks to queue
[2024-09-18T11:56:44.353+0100] {logging_mixin.py:190} INFO - [2024-09-18T11:56:44.353+0100] {dagbag.py:587} INFO - Filling up the DagBag from /Users/ds2718/Documents/test_python_airflow/airflow/py_venv/lib/python3.12/site-packages/airflow/example_dags/subdags/subdag.py
[2024-09-18T11:56:44.359+0100] {processor.py:927} WARNING - No viable dags retrieved from /Users/ds2718/Documents/test_python_airflow/airflow/py_venv/lib/python3.12/site-packages/airflow/example_dags/subdags/subdag.py
[2024-09-18T11:56:44.397+0100] {processor.py:208} INFO - Processing /Users/ds2718/Documents/test_python_airflow/airflow/py_venv/lib/python3.12/site-packages/airflow/example_dags/subdags/subdag.py took 0.049 seconds
[2024-09-18T11:57:16.396+0100] {processor.py:186} INFO - Started process (PID=10408) to work on /Users/ds2718/Documents/test_python_airflow/airflow/py_venv/lib/python3.12/site-packages/airflow/example_dags/subdags/subdag.py
[2024-09-18T11:57:16.397+0100] {processor.py:914} INFO - Processing file /Users/ds2718/Documents/test_python_airflow/airflow/py_venv/lib/python3.12/site-packages/airflow/example_dags/subdags/subdag.py for tasks to queue
[2024-09-18T11:57:16.397+0100] {logging_mixin.py:190} INFO - [2024-09-18T11:57:16.397+0100] {dagbag.py:587} INFO - Filling up the DagBag from /Users/ds2718/Documents/test_python_airflow/airflow/py_venv/lib/python3.12/site-packages/airflow/example_dags/subdags/subdag.py
[2024-09-18T11:57:16.398+0100] {processor.py:927} WARNING - No viable dags retrieved from /Users/ds2718/Documents/test_python_airflow/airflow/py_venv/lib/python3.12/site-packages/airflow/example_dags/subdags/subdag.py
[2024-09-18T11:57:16.435+0100] {processor.py:208} INFO - Processing /Users/ds2718/Documents/test_python_airflow/airflow/py_venv/lib/python3.12/site-packages/airflow/example_dags/subdags/subdag.py took 0.044 seconds
[2024-09-18T11:57:50.297+0100] {processor.py:186} INFO - Started process (PID=10625) to work on /Users/ds2718/Documents/test_python_airflow/airflow/py_venv/lib/python3.12/site-packages/airflow/example_dags/subdags/subdag.py
[2024-09-18T11:57:50.298+0100] {processor.py:914} INFO - Processing file /Users/ds2718/Documents/test_python_airflow/airflow/py_venv/lib/python3.12/site-packages/airflow/example_dags/subdags/subdag.py for tasks to queue
[2024-09-18T11:57:50.298+0100] {logging_mixin.py:190} INFO - [2024-09-18T11:57:50.298+0100] {dagbag.py:587} INFO - Filling up the DagBag from /Users/ds2718/Documents/test_python_airflow/airflow/py_venv/lib/python3.12/site-packages/airflow/example_dags/subdags/subdag.py
[2024-09-18T11:57:50.300+0100] {processor.py:927} WARNING - No viable dags retrieved from /Users/ds2718/Documents/test_python_airflow/airflow/py_venv/lib/python3.12/site-packages/airflow/example_dags/subdags/subdag.py
[2024-09-18T11:57:50.341+0100] {processor.py:208} INFO - Processing /Users/ds2718/Documents/test_python_airflow/airflow/py_venv/lib/python3.12/site-packages/airflow/example_dags/subdags/subdag.py took 0.050 seconds
[2024-09-18T11:58:21.726+0100] {processor.py:186} INFO - Started process (PID=10791) to work on /Users/ds2718/Documents/test_python_airflow/airflow/py_venv/lib/python3.12/site-packages/airflow/example_dags/subdags/subdag.py
[2024-09-18T11:58:21.727+0100] {processor.py:914} INFO - Processing file /Users/ds2718/Documents/test_python_airflow/airflow/py_venv/lib/python3.12/site-packages/airflow/example_dags/subdags/subdag.py for tasks to queue
[2024-09-18T11:58:21.727+0100] {logging_mixin.py:190} INFO - [2024-09-18T11:58:21.727+0100] {dagbag.py:587} INFO - Filling up the DagBag from /Users/ds2718/Documents/test_python_airflow/airflow/py_venv/lib/python3.12/site-packages/airflow/example_dags/subdags/subdag.py
[2024-09-18T11:58:21.729+0100] {processor.py:927} WARNING - No viable dags retrieved from /Users/ds2718/Documents/test_python_airflow/airflow/py_venv/lib/python3.12/site-packages/airflow/example_dags/subdags/subdag.py
[2024-09-18T11:58:21.768+0100] {processor.py:208} INFO - Processing /Users/ds2718/Documents/test_python_airflow/airflow/py_venv/lib/python3.12/site-packages/airflow/example_dags/subdags/subdag.py took 0.047 seconds
[2024-09-18T11:58:58.586+0100] {processor.py:186} INFO - Started process (PID=10987) to work on /Users/ds2718/Documents/test_python_airflow/airflow/py_venv/lib/python3.12/site-packages/airflow/example_dags/subdags/subdag.py
[2024-09-18T11:58:58.587+0100] {processor.py:914} INFO - Processing file /Users/ds2718/Documents/test_python_airflow/airflow/py_venv/lib/python3.12/site-packages/airflow/example_dags/subdags/subdag.py for tasks to queue
[2024-09-18T11:58:58.588+0100] {logging_mixin.py:190} INFO - [2024-09-18T11:58:58.588+0100] {dagbag.py:587} INFO - Filling up the DagBag from /Users/ds2718/Documents/test_python_airflow/airflow/py_venv/lib/python3.12/site-packages/airflow/example_dags/subdags/subdag.py
[2024-09-18T11:58:58.589+0100] {processor.py:927} WARNING - No viable dags retrieved from /Users/ds2718/Documents/test_python_airflow/airflow/py_venv/lib/python3.12/site-packages/airflow/example_dags/subdags/subdag.py
[2024-09-18T11:58:58.642+0100] {processor.py:208} INFO - Processing /Users/ds2718/Documents/test_python_airflow/airflow/py_venv/lib/python3.12/site-packages/airflow/example_dags/subdags/subdag.py took 0.060 seconds
[2024-09-18T11:59:29.762+0100] {processor.py:186} INFO - Started process (PID=11157) to work on /Users/ds2718/Documents/test_python_airflow/airflow/py_venv/lib/python3.12/site-packages/airflow/example_dags/subdags/subdag.py
[2024-09-18T11:59:29.763+0100] {processor.py:914} INFO - Processing file /Users/ds2718/Documents/test_python_airflow/airflow/py_venv/lib/python3.12/site-packages/airflow/example_dags/subdags/subdag.py for tasks to queue
[2024-09-18T11:59:29.763+0100] {logging_mixin.py:190} INFO - [2024-09-18T11:59:29.763+0100] {dagbag.py:587} INFO - Filling up the DagBag from /Users/ds2718/Documents/test_python_airflow/airflow/py_venv/lib/python3.12/site-packages/airflow/example_dags/subdags/subdag.py
[2024-09-18T11:59:29.765+0100] {processor.py:927} WARNING - No viable dags retrieved from /Users/ds2718/Documents/test_python_airflow/airflow/py_venv/lib/python3.12/site-packages/airflow/example_dags/subdags/subdag.py
[2024-09-18T11:59:29.801+0100] {processor.py:208} INFO - Processing /Users/ds2718/Documents/test_python_airflow/airflow/py_venv/lib/python3.12/site-packages/airflow/example_dags/subdags/subdag.py took 0.041 seconds
[2024-09-18T12:00:01.562+0100] {processor.py:186} INFO - Started process (PID=11363) to work on /Users/ds2718/Documents/test_python_airflow/airflow/py_venv/lib/python3.12/site-packages/airflow/example_dags/subdags/subdag.py
[2024-09-18T12:00:01.564+0100] {processor.py:914} INFO - Processing file /Users/ds2718/Documents/test_python_airflow/airflow/py_venv/lib/python3.12/site-packages/airflow/example_dags/subdags/subdag.py for tasks to queue
[2024-09-18T12:00:01.564+0100] {logging_mixin.py:190} INFO - [2024-09-18T12:00:01.564+0100] {dagbag.py:587} INFO - Filling up the DagBag from /Users/ds2718/Documents/test_python_airflow/airflow/py_venv/lib/python3.12/site-packages/airflow/example_dags/subdags/subdag.py
[2024-09-18T12:00:01.566+0100] {processor.py:927} WARNING - No viable dags retrieved from /Users/ds2718/Documents/test_python_airflow/airflow/py_venv/lib/python3.12/site-packages/airflow/example_dags/subdags/subdag.py
[2024-09-18T12:00:01.602+0100] {processor.py:208} INFO - Processing /Users/ds2718/Documents/test_python_airflow/airflow/py_venv/lib/python3.12/site-packages/airflow/example_dags/subdags/subdag.py took 0.042 seconds
[2024-09-18T12:00:34.241+0100] {processor.py:186} INFO - Started process (PID=11531) to work on /Users/ds2718/Documents/test_python_airflow/airflow/py_venv/lib/python3.12/site-packages/airflow/example_dags/subdags/subdag.py
[2024-09-18T12:00:34.242+0100] {processor.py:914} INFO - Processing file /Users/ds2718/Documents/test_python_airflow/airflow/py_venv/lib/python3.12/site-packages/airflow/example_dags/subdags/subdag.py for tasks to queue
[2024-09-18T12:00:34.242+0100] {logging_mixin.py:190} INFO - [2024-09-18T12:00:34.242+0100] {dagbag.py:587} INFO - Filling up the DagBag from /Users/ds2718/Documents/test_python_airflow/airflow/py_venv/lib/python3.12/site-packages/airflow/example_dags/subdags/subdag.py
[2024-09-18T12:00:34.244+0100] {processor.py:927} WARNING - No viable dags retrieved from /Users/ds2718/Documents/test_python_airflow/airflow/py_venv/lib/python3.12/site-packages/airflow/example_dags/subdags/subdag.py
[2024-09-18T12:00:34.281+0100] {processor.py:208} INFO - Processing /Users/ds2718/Documents/test_python_airflow/airflow/py_venv/lib/python3.12/site-packages/airflow/example_dags/subdags/subdag.py took 0.048 seconds
[2024-09-18T12:01:06.730+0100] {processor.py:186} INFO - Started process (PID=11724) to work on /Users/ds2718/Documents/test_python_airflow/airflow/py_venv/lib/python3.12/site-packages/airflow/example_dags/subdags/subdag.py
[2024-09-18T12:01:06.731+0100] {processor.py:914} INFO - Processing file /Users/ds2718/Documents/test_python_airflow/airflow/py_venv/lib/python3.12/site-packages/airflow/example_dags/subdags/subdag.py for tasks to queue
[2024-09-18T12:01:06.731+0100] {logging_mixin.py:190} INFO - [2024-09-18T12:01:06.731+0100] {dagbag.py:587} INFO - Filling up the DagBag from /Users/ds2718/Documents/test_python_airflow/airflow/py_venv/lib/python3.12/site-packages/airflow/example_dags/subdags/subdag.py
[2024-09-18T12:01:06.732+0100] {processor.py:927} WARNING - No viable dags retrieved from /Users/ds2718/Documents/test_python_airflow/airflow/py_venv/lib/python3.12/site-packages/airflow/example_dags/subdags/subdag.py
[2024-09-18T12:01:06.768+0100] {processor.py:208} INFO - Processing /Users/ds2718/Documents/test_python_airflow/airflow/py_venv/lib/python3.12/site-packages/airflow/example_dags/subdags/subdag.py took 0.039 seconds
[2024-09-18T12:06:19.509+0100] {processor.py:186} INFO - Started process (PID=11936) to work on /Users/ds2718/Documents/test_python_airflow/airflow/py_venv/lib/python3.12/site-packages/airflow/example_dags/subdags/subdag.py
[2024-09-18T12:06:19.509+0100] {processor.py:914} INFO - Processing file /Users/ds2718/Documents/test_python_airflow/airflow/py_venv/lib/python3.12/site-packages/airflow/example_dags/subdags/subdag.py for tasks to queue
[2024-09-18T12:06:19.510+0100] {logging_mixin.py:190} INFO - [2024-09-18T12:06:19.510+0100] {dagbag.py:587} INFO - Filling up the DagBag from /Users/ds2718/Documents/test_python_airflow/airflow/py_venv/lib/python3.12/site-packages/airflow/example_dags/subdags/subdag.py
[2024-09-18T12:06:19.511+0100] {processor.py:927} WARNING - No viable dags retrieved from /Users/ds2718/Documents/test_python_airflow/airflow/py_venv/lib/python3.12/site-packages/airflow/example_dags/subdags/subdag.py
[2024-09-18T12:06:19.543+0100] {processor.py:208} INFO - Processing /Users/ds2718/Documents/test_python_airflow/airflow/py_venv/lib/python3.12/site-packages/airflow/example_dags/subdags/subdag.py took 0.040 seconds
[2024-09-18T12:06:52.275+0100] {processor.py:186} INFO - Started process (PID=12100) to work on /Users/ds2718/Documents/test_python_airflow/airflow/py_venv/lib/python3.12/site-packages/airflow/example_dags/subdags/subdag.py
[2024-09-18T12:06:52.276+0100] {processor.py:914} INFO - Processing file /Users/ds2718/Documents/test_python_airflow/airflow/py_venv/lib/python3.12/site-packages/airflow/example_dags/subdags/subdag.py for tasks to queue
[2024-09-18T12:06:52.277+0100] {logging_mixin.py:190} INFO - [2024-09-18T12:06:52.277+0100] {dagbag.py:587} INFO - Filling up the DagBag from /Users/ds2718/Documents/test_python_airflow/airflow/py_venv/lib/python3.12/site-packages/airflow/example_dags/subdags/subdag.py
[2024-09-18T12:06:52.279+0100] {processor.py:927} WARNING - No viable dags retrieved from /Users/ds2718/Documents/test_python_airflow/airflow/py_venv/lib/python3.12/site-packages/airflow/example_dags/subdags/subdag.py
[2024-09-18T12:06:52.316+0100] {processor.py:208} INFO - Processing /Users/ds2718/Documents/test_python_airflow/airflow/py_venv/lib/python3.12/site-packages/airflow/example_dags/subdags/subdag.py took 0.048 seconds
[2024-09-18T12:07:25.853+0100] {processor.py:186} INFO - Started process (PID=12271) to work on /Users/ds2718/Documents/test_python_airflow/airflow/py_venv/lib/python3.12/site-packages/airflow/example_dags/subdags/subdag.py
[2024-09-18T12:07:25.853+0100] {processor.py:914} INFO - Processing file /Users/ds2718/Documents/test_python_airflow/airflow/py_venv/lib/python3.12/site-packages/airflow/example_dags/subdags/subdag.py for tasks to queue
[2024-09-18T12:07:25.854+0100] {logging_mixin.py:190} INFO - [2024-09-18T12:07:25.854+0100] {dagbag.py:587} INFO - Filling up the DagBag from /Users/ds2718/Documents/test_python_airflow/airflow/py_venv/lib/python3.12/site-packages/airflow/example_dags/subdags/subdag.py
[2024-09-18T12:07:25.856+0100] {processor.py:927} WARNING - No viable dags retrieved from /Users/ds2718/Documents/test_python_airflow/airflow/py_venv/lib/python3.12/site-packages/airflow/example_dags/subdags/subdag.py
[2024-09-18T12:07:25.899+0100] {processor.py:208} INFO - Processing /Users/ds2718/Documents/test_python_airflow/airflow/py_venv/lib/python3.12/site-packages/airflow/example_dags/subdags/subdag.py took 0.049 seconds
[2024-09-18T12:07:57.571+0100] {processor.py:186} INFO - Started process (PID=12415) to work on /Users/ds2718/Documents/test_python_airflow/airflow/py_venv/lib/python3.12/site-packages/airflow/example_dags/subdags/subdag.py
[2024-09-18T12:07:57.573+0100] {processor.py:914} INFO - Processing file /Users/ds2718/Documents/test_python_airflow/airflow/py_venv/lib/python3.12/site-packages/airflow/example_dags/subdags/subdag.py for tasks to queue
[2024-09-18T12:07:57.574+0100] {logging_mixin.py:190} INFO - [2024-09-18T12:07:57.574+0100] {dagbag.py:587} INFO - Filling up the DagBag from /Users/ds2718/Documents/test_python_airflow/airflow/py_venv/lib/python3.12/site-packages/airflow/example_dags/subdags/subdag.py
[2024-09-18T12:07:57.576+0100] {processor.py:927} WARNING - No viable dags retrieved from /Users/ds2718/Documents/test_python_airflow/airflow/py_venv/lib/python3.12/site-packages/airflow/example_dags/subdags/subdag.py
[2024-09-18T12:07:57.630+0100] {processor.py:208} INFO - Processing /Users/ds2718/Documents/test_python_airflow/airflow/py_venv/lib/python3.12/site-packages/airflow/example_dags/subdags/subdag.py took 0.074 seconds
[2024-09-18T12:08:35.050+0100] {processor.py:186} INFO - Started process (PID=12560) to work on /Users/ds2718/Documents/test_python_airflow/airflow/py_venv/lib/python3.12/site-packages/airflow/example_dags/subdags/subdag.py
[2024-09-18T12:08:35.051+0100] {processor.py:914} INFO - Processing file /Users/ds2718/Documents/test_python_airflow/airflow/py_venv/lib/python3.12/site-packages/airflow/example_dags/subdags/subdag.py for tasks to queue
[2024-09-18T12:08:35.051+0100] {logging_mixin.py:190} INFO - [2024-09-18T12:08:35.051+0100] {dagbag.py:587} INFO - Filling up the DagBag from /Users/ds2718/Documents/test_python_airflow/airflow/py_venv/lib/python3.12/site-packages/airflow/example_dags/subdags/subdag.py
[2024-09-18T12:08:35.052+0100] {processor.py:927} WARNING - No viable dags retrieved from /Users/ds2718/Documents/test_python_airflow/airflow/py_venv/lib/python3.12/site-packages/airflow/example_dags/subdags/subdag.py
[2024-09-18T12:08:35.090+0100] {processor.py:208} INFO - Processing /Users/ds2718/Documents/test_python_airflow/airflow/py_venv/lib/python3.12/site-packages/airflow/example_dags/subdags/subdag.py took 0.048 seconds
[2024-09-18T12:09:07.224+0100] {processor.py:186} INFO - Started process (PID=12747) to work on /Users/ds2718/Documents/test_python_airflow/airflow/py_venv/lib/python3.12/site-packages/airflow/example_dags/subdags/subdag.py
[2024-09-18T12:09:07.225+0100] {processor.py:914} INFO - Processing file /Users/ds2718/Documents/test_python_airflow/airflow/py_venv/lib/python3.12/site-packages/airflow/example_dags/subdags/subdag.py for tasks to queue
[2024-09-18T12:09:07.225+0100] {logging_mixin.py:190} INFO - [2024-09-18T12:09:07.225+0100] {dagbag.py:587} INFO - Filling up the DagBag from /Users/ds2718/Documents/test_python_airflow/airflow/py_venv/lib/python3.12/site-packages/airflow/example_dags/subdags/subdag.py
[2024-09-18T12:09:07.226+0100] {processor.py:927} WARNING - No viable dags retrieved from /Users/ds2718/Documents/test_python_airflow/airflow/py_venv/lib/python3.12/site-packages/airflow/example_dags/subdags/subdag.py
[2024-09-18T12:09:07.262+0100] {processor.py:208} INFO - Processing /Users/ds2718/Documents/test_python_airflow/airflow/py_venv/lib/python3.12/site-packages/airflow/example_dags/subdags/subdag.py took 0.043 seconds
[2024-09-18T12:09:42.137+0100] {processor.py:186} INFO - Started process (PID=12939) to work on /Users/ds2718/Documents/test_python_airflow/airflow/py_venv/lib/python3.12/site-packages/airflow/example_dags/subdags/subdag.py
[2024-09-18T12:09:42.138+0100] {processor.py:914} INFO - Processing file /Users/ds2718/Documents/test_python_airflow/airflow/py_venv/lib/python3.12/site-packages/airflow/example_dags/subdags/subdag.py for tasks to queue
[2024-09-18T12:09:42.138+0100] {logging_mixin.py:190} INFO - [2024-09-18T12:09:42.138+0100] {dagbag.py:587} INFO - Filling up the DagBag from /Users/ds2718/Documents/test_python_airflow/airflow/py_venv/lib/python3.12/site-packages/airflow/example_dags/subdags/subdag.py
[2024-09-18T12:09:42.140+0100] {processor.py:927} WARNING - No viable dags retrieved from /Users/ds2718/Documents/test_python_airflow/airflow/py_venv/lib/python3.12/site-packages/airflow/example_dags/subdags/subdag.py
[2024-09-18T12:09:42.175+0100] {processor.py:208} INFO - Processing /Users/ds2718/Documents/test_python_airflow/airflow/py_venv/lib/python3.12/site-packages/airflow/example_dags/subdags/subdag.py took 0.040 seconds
[2024-09-18T12:10:13.748+0100] {processor.py:186} INFO - Started process (PID=13086) to work on /Users/ds2718/Documents/test_python_airflow/airflow/py_venv/lib/python3.12/site-packages/airflow/example_dags/subdags/subdag.py
[2024-09-18T12:10:13.749+0100] {processor.py:914} INFO - Processing file /Users/ds2718/Documents/test_python_airflow/airflow/py_venv/lib/python3.12/site-packages/airflow/example_dags/subdags/subdag.py for tasks to queue
[2024-09-18T12:10:13.749+0100] {logging_mixin.py:190} INFO - [2024-09-18T12:10:13.749+0100] {dagbag.py:587} INFO - Filling up the DagBag from /Users/ds2718/Documents/test_python_airflow/airflow/py_venv/lib/python3.12/site-packages/airflow/example_dags/subdags/subdag.py
[2024-09-18T12:10:13.750+0100] {processor.py:927} WARNING - No viable dags retrieved from /Users/ds2718/Documents/test_python_airflow/airflow/py_venv/lib/python3.12/site-packages/airflow/example_dags/subdags/subdag.py
[2024-09-18T12:10:13.798+0100] {processor.py:208} INFO - Processing /Users/ds2718/Documents/test_python_airflow/airflow/py_venv/lib/python3.12/site-packages/airflow/example_dags/subdags/subdag.py took 0.051 seconds
[2024-09-18T12:10:47.404+0100] {processor.py:186} INFO - Started process (PID=13258) to work on /Users/ds2718/Documents/test_python_airflow/airflow/py_venv/lib/python3.12/site-packages/airflow/example_dags/subdags/subdag.py
[2024-09-18T12:10:47.404+0100] {processor.py:914} INFO - Processing file /Users/ds2718/Documents/test_python_airflow/airflow/py_venv/lib/python3.12/site-packages/airflow/example_dags/subdags/subdag.py for tasks to queue
[2024-09-18T12:10:47.405+0100] {logging_mixin.py:190} INFO - [2024-09-18T12:10:47.405+0100] {dagbag.py:587} INFO - Filling up the DagBag from /Users/ds2718/Documents/test_python_airflow/airflow/py_venv/lib/python3.12/site-packages/airflow/example_dags/subdags/subdag.py
[2024-09-18T12:10:47.407+0100] {processor.py:927} WARNING - No viable dags retrieved from /Users/ds2718/Documents/test_python_airflow/airflow/py_venv/lib/python3.12/site-packages/airflow/example_dags/subdags/subdag.py
[2024-09-18T12:10:47.447+0100] {processor.py:208} INFO - Processing /Users/ds2718/Documents/test_python_airflow/airflow/py_venv/lib/python3.12/site-packages/airflow/example_dags/subdags/subdag.py took 0.053 seconds
[2024-09-18T12:11:18.985+0100] {processor.py:186} INFO - Started process (PID=13379) to work on /Users/ds2718/Documents/test_python_airflow/airflow/py_venv/lib/python3.12/site-packages/airflow/example_dags/subdags/subdag.py
[2024-09-18T12:11:18.986+0100] {processor.py:914} INFO - Processing file /Users/ds2718/Documents/test_python_airflow/airflow/py_venv/lib/python3.12/site-packages/airflow/example_dags/subdags/subdag.py for tasks to queue
[2024-09-18T12:11:18.986+0100] {logging_mixin.py:190} INFO - [2024-09-18T12:11:18.986+0100] {dagbag.py:587} INFO - Filling up the DagBag from /Users/ds2718/Documents/test_python_airflow/airflow/py_venv/lib/python3.12/site-packages/airflow/example_dags/subdags/subdag.py
[2024-09-18T12:11:18.988+0100] {processor.py:927} WARNING - No viable dags retrieved from /Users/ds2718/Documents/test_python_airflow/airflow/py_venv/lib/python3.12/site-packages/airflow/example_dags/subdags/subdag.py
[2024-09-18T12:11:19.057+0100] {processor.py:208} INFO - Processing /Users/ds2718/Documents/test_python_airflow/airflow/py_venv/lib/python3.12/site-packages/airflow/example_dags/subdags/subdag.py took 0.079 seconds
[2024-09-18T12:11:53.333+0100] {processor.py:186} INFO - Started process (PID=13561) to work on /Users/ds2718/Documents/test_python_airflow/airflow/py_venv/lib/python3.12/site-packages/airflow/example_dags/subdags/subdag.py
[2024-09-18T12:11:53.333+0100] {processor.py:914} INFO - Processing file /Users/ds2718/Documents/test_python_airflow/airflow/py_venv/lib/python3.12/site-packages/airflow/example_dags/subdags/subdag.py for tasks to queue
[2024-09-18T12:11:53.334+0100] {logging_mixin.py:190} INFO - [2024-09-18T12:11:53.334+0100] {dagbag.py:587} INFO - Filling up the DagBag from /Users/ds2718/Documents/test_python_airflow/airflow/py_venv/lib/python3.12/site-packages/airflow/example_dags/subdags/subdag.py
[2024-09-18T12:11:53.335+0100] {processor.py:927} WARNING - No viable dags retrieved from /Users/ds2718/Documents/test_python_airflow/airflow/py_venv/lib/python3.12/site-packages/airflow/example_dags/subdags/subdag.py
[2024-09-18T12:11:53.385+0100] {processor.py:208} INFO - Processing /Users/ds2718/Documents/test_python_airflow/airflow/py_venv/lib/python3.12/site-packages/airflow/example_dags/subdags/subdag.py took 0.060 seconds
[2024-09-18T12:12:25.537+0100] {processor.py:186} INFO - Started process (PID=13682) to work on /Users/ds2718/Documents/test_python_airflow/airflow/py_venv/lib/python3.12/site-packages/airflow/example_dags/subdags/subdag.py
[2024-09-18T12:12:25.537+0100] {processor.py:914} INFO - Processing file /Users/ds2718/Documents/test_python_airflow/airflow/py_venv/lib/python3.12/site-packages/airflow/example_dags/subdags/subdag.py for tasks to queue
[2024-09-18T12:12:25.538+0100] {logging_mixin.py:190} INFO - [2024-09-18T12:12:25.538+0100] {dagbag.py:587} INFO - Filling up the DagBag from /Users/ds2718/Documents/test_python_airflow/airflow/py_venv/lib/python3.12/site-packages/airflow/example_dags/subdags/subdag.py
[2024-09-18T12:12:25.539+0100] {processor.py:927} WARNING - No viable dags retrieved from /Users/ds2718/Documents/test_python_airflow/airflow/py_venv/lib/python3.12/site-packages/airflow/example_dags/subdags/subdag.py
[2024-09-18T12:12:25.577+0100] {processor.py:208} INFO - Processing /Users/ds2718/Documents/test_python_airflow/airflow/py_venv/lib/python3.12/site-packages/airflow/example_dags/subdags/subdag.py took 0.042 seconds
[2024-09-18T12:12:56.629+0100] {processor.py:186} INFO - Started process (PID=13856) to work on /Users/ds2718/Documents/test_python_airflow/airflow/py_venv/lib/python3.12/site-packages/airflow/example_dags/subdags/subdag.py
[2024-09-18T12:12:56.629+0100] {processor.py:914} INFO - Processing file /Users/ds2718/Documents/test_python_airflow/airflow/py_venv/lib/python3.12/site-packages/airflow/example_dags/subdags/subdag.py for tasks to queue
[2024-09-18T12:12:56.630+0100] {logging_mixin.py:190} INFO - [2024-09-18T12:12:56.630+0100] {dagbag.py:587} INFO - Filling up the DagBag from /Users/ds2718/Documents/test_python_airflow/airflow/py_venv/lib/python3.12/site-packages/airflow/example_dags/subdags/subdag.py
[2024-09-18T12:12:56.631+0100] {processor.py:927} WARNING - No viable dags retrieved from /Users/ds2718/Documents/test_python_airflow/airflow/py_venv/lib/python3.12/site-packages/airflow/example_dags/subdags/subdag.py
[2024-09-18T12:12:56.670+0100] {processor.py:208} INFO - Processing /Users/ds2718/Documents/test_python_airflow/airflow/py_venv/lib/python3.12/site-packages/airflow/example_dags/subdags/subdag.py took 0.050 seconds
[2024-09-18T12:13:27.706+0100] {processor.py:186} INFO - Started process (PID=13999) to work on /Users/ds2718/Documents/test_python_airflow/airflow/py_venv/lib/python3.12/site-packages/airflow/example_dags/subdags/subdag.py
[2024-09-18T12:13:27.707+0100] {processor.py:914} INFO - Processing file /Users/ds2718/Documents/test_python_airflow/airflow/py_venv/lib/python3.12/site-packages/airflow/example_dags/subdags/subdag.py for tasks to queue
[2024-09-18T12:13:27.708+0100] {logging_mixin.py:190} INFO - [2024-09-18T12:13:27.708+0100] {dagbag.py:587} INFO - Filling up the DagBag from /Users/ds2718/Documents/test_python_airflow/airflow/py_venv/lib/python3.12/site-packages/airflow/example_dags/subdags/subdag.py
[2024-09-18T12:13:27.709+0100] {processor.py:927} WARNING - No viable dags retrieved from /Users/ds2718/Documents/test_python_airflow/airflow/py_venv/lib/python3.12/site-packages/airflow/example_dags/subdags/subdag.py
[2024-09-18T12:13:27.758+0100] {processor.py:208} INFO - Processing /Users/ds2718/Documents/test_python_airflow/airflow/py_venv/lib/python3.12/site-packages/airflow/example_dags/subdags/subdag.py took 0.059 seconds
[2024-09-18T12:14:02.560+0100] {processor.py:186} INFO - Started process (PID=14182) to work on /Users/ds2718/Documents/test_python_airflow/airflow/py_venv/lib/python3.12/site-packages/airflow/example_dags/subdags/subdag.py
[2024-09-18T12:14:02.560+0100] {processor.py:914} INFO - Processing file /Users/ds2718/Documents/test_python_airflow/airflow/py_venv/lib/python3.12/site-packages/airflow/example_dags/subdags/subdag.py for tasks to queue
[2024-09-18T12:14:02.561+0100] {logging_mixin.py:190} INFO - [2024-09-18T12:14:02.561+0100] {dagbag.py:587} INFO - Filling up the DagBag from /Users/ds2718/Documents/test_python_airflow/airflow/py_venv/lib/python3.12/site-packages/airflow/example_dags/subdags/subdag.py
[2024-09-18T12:14:02.562+0100] {processor.py:927} WARNING - No viable dags retrieved from /Users/ds2718/Documents/test_python_airflow/airflow/py_venv/lib/python3.12/site-packages/airflow/example_dags/subdags/subdag.py
[2024-09-18T12:14:02.606+0100] {processor.py:208} INFO - Processing /Users/ds2718/Documents/test_python_airflow/airflow/py_venv/lib/python3.12/site-packages/airflow/example_dags/subdags/subdag.py took 0.056 seconds
